
D:\IMPROVED_CODE_AAMIR>copy "D:\IMPROVED_CODE_AAMIR\Output Repository\Non4S_Test_Report.html" "D:\IMPROVED_CODE_AAMIR\Output Repository Archive\Non4s_Report_03/48/_30014.html" 
        0 file(s) copied.
Loaded suite Test_01_Project_QG_Create
Started
.Started InternetExplorerDriver server (32-bit)
2.39.0.0
Listening on port 5555
Successful Login to Usampadmin
25921
.QG CREATION PASS
********
GROUP DETAILS: QG119356
********
119356
..
Finished in 352.006759 seconds.

4 tests, 0 assertions, 0 failures, 0 errors, 0 skips

Test run options: --seed 64104
Loaded suite Test_02_Auto_Open_QG
Started
.25921
119356
Started InternetExplorerDriver server (32-bit)
2.39.0.0
Listening on port 5555
Successful Login to Usampadmin
05
07
21
05
09
21
.
Finished in 283.849450 seconds.

2 tests, 0 assertions, 0 failures, 0 errors, 0 skips

Test run options: --seed 59100
Loaded suite Test_03_Auto_Close_QG
Started
.25921
119356
Started InternetExplorerDriver server (32-bit)
2.39.0.0
Listening on port 5555
Successful Login to Usampadmin
05
12
40
05
Modal dialog present
["C:/Ruby192/lib/ruby/gems/1.9.1/gems/selenium-webdriver-2.31.0/lib/selenium/webdriver/remote/response.rb:52:in `assert_ok'", "C:/Ruby192/lib/ruby/gems/1.9.1/gems/selenium-webdriver-2.31.0/lib/selenium/webdriver/remote/response.rb:15:in `initialize'", "C:/Ruby192/lib/ruby/gems/1.9.1/gems/selenium-webdriver-2.31.0/lib/selenium/webdriver/remote/http/common.rb:59:in `new'", "C:/Ruby192/lib/ruby/gems/1.9.1/gems/selenium-webdriver-2.31.0/lib/selenium/webdriver/remote/http/common.rb:59:in `create_response'", "C:/Ruby192/lib/ruby/gems/1.9.1/gems/selenium-webdriver-2.31.0/lib/selenium/webdriver/remote/http/default.rb:66:in `request'", "C:/Ruby192/lib/ruby/gems/1.9.1/gems/selenium-webdriver-2.31.0/lib/selenium/webdriver/remote/http/common.rb:40:in `call'", "C:/Ruby192/lib/ruby/gems/1.9.1/gems/selenium-webdriver-2.31.0/lib/selenium/webdriver/remote/bridge.rb:616:in `raw_execute'", "C:/Ruby192/lib/ruby/gems/1.9.1/gems/selenium-webdriver-2.31.0/lib/selenium/webdriver/remote/bridge.rb:594:in `execute'", "C:/Ruby192/lib/ruby/gems/1.9.1/gems/selenium-webdriver-2.31.0/lib/selenium/webdriver/remote/bridge.rb:562:in `find_element_by'", "C:/Ruby192/lib/ruby/gems/1.9.1/gems/selenium-webdriver-2.31.0/lib/selenium/webdriver/common/search_context.rb:42:in `find_element'", "C:/Ruby192/lib/ruby/gems/1.9.1/gems/watir-webdriver-0.6.1/lib/watir-webdriver/browser.rb:97:in `text'", "Test_03_Auto_Close_QG.rb:148:in `test_02_autoclose_time'", "C:/Ruby192/lib/ruby/1.9.1/minitest/unit.rb:695:in `run'", "C:/Ruby192/lib/ruby/1.9.1/minitest/unit.rb:656:in `block (2 levels) in run_test_suites'", "C:/Ruby192/lib/ruby/1.9.1/minitest/unit.rb:650:in `each'", "C:/Ruby192/lib/ruby/1.9.1/minitest/unit.rb:650:in `block in run_test_suites'", "C:/Ruby192/lib/ruby/1.9.1/minitest/unit.rb:649:in `each'", "C:/Ruby192/lib/ruby/1.9.1/minitest/unit.rb:649:in `run_test_suites'", "C:/Ruby192/lib/ruby/1.9.1/minitest/unit.rb:609:in `run'", "C:/Ruby192/lib/ruby/1.9.1/minitest/unit.rb:508:in `block in autorun'"]
.25921
119356
Started InternetExplorerDriver server (32-bit)
2.39.0.0
Listening on port 5555
Successful Login to Usampadmin
Clicks Settings Saved1
.25921
119356
Started InternetExplorerDriver server (32-bit)
2.39.0.0
Listening on port 5555
Successful Login to Usampadmin
Completes Settings Saved2
.
Finished in 509.094415 seconds.

4 tests, 0 assertions, 0 failures, 0 errors, 0 skips

Test run options: --seed 16438
Loaded suite Test_04_Non_member_survey_complete
Started
.25921
119356
Started InternetExplorerDriver server (32-bit)
2.39.0.0
Listening on port 5555
Successful Login to Usampadmin
.25921
119356
Started InternetExplorerDriver server (32-bit)
2.39.0.0
Listening on port 5555
Successful Login to Usampadmin
.25921
119356
Started InternetExplorerDriver server (32-bit)
2.39.0.0
Listening on port 5556
Successful Login to Usampadmin
.
Finished in 274.290027 seconds.

4 tests, 0 assertions, 0 failures, 0 errors, 0 skips

Test run options: --seed 59828
Loaded suite Test_05_Member_registration
Started
.unable to locate element, using {:name=>"txtFname", :tag_name=>"input or textarea", :type=>"(any text type)"}
["C:/Ruby192/lib/ruby/gems/1.9.1/gems/watir-webdriver-0.6.1/lib/watir-webdriver/elements/element.rb:365:in `assert_exists'", "C:/Ruby192/lib/ruby/gems/1.9.1/gems/watir-webdriver-0.6.1/lib/watir-webdriver/user_editable.rb:8:in `set'", "Test_05_Member_registration.rb:54:in `test_02_member_signup_SH'", "C:/Ruby192/lib/ruby/1.9.1/minitest/unit.rb:695:in `run'", "C:/Ruby192/lib/ruby/1.9.1/minitest/unit.rb:656:in `block (2 levels) in run_test_suites'", "C:/Ruby192/lib/ruby/1.9.1/minitest/unit.rb:650:in `each'", "C:/Ruby192/lib/ruby/1.9.1/minitest/unit.rb:650:in `block in run_test_suites'", "C:/Ruby192/lib/ruby/1.9.1/minitest/unit.rb:649:in `each'", "C:/Ruby192/lib/ruby/1.9.1/minitest/unit.rb:649:in `run_test_suites'", "C:/Ruby192/lib/ruby/1.9.1/minitest/unit.rb:609:in `run'", "C:/Ruby192/lib/ruby/1.9.1/minitest/unit.rb:508:in `block in autorun'"]
.Started InternetExplorerDriver server (32-bit)
2.39.0.0
Listening on port 5555
Successful Login to Usampadmin
auto_test.des2014-03-07055657@mailop.com
M24625342
.unable to locate element, using {:name=>"txtFname", :tag_name=>"input or textarea", :type=>"(any text type)"}
["C:/Ruby192/lib/ruby/gems/1.9.1/gems/watir-webdriver-0.6.1/lib/watir-webdriver/elements/element.rb:365:in `assert_exists'", "C:/Ruby192/lib/ruby/gems/1.9.1/gems/watir-webdriver-0.6.1/lib/watir-webdriver/user_editable.rb:8:in `set'", "Test_05_Member_registration.rb:213:in `test_04_member_signup_Focusline'", "C:/Ruby192/lib/ruby/1.9.1/minitest/unit.rb:695:in `run'", "C:/Ruby192/lib/ruby/1.9.1/minitest/unit.rb:656:in `block (2 levels) in run_test_suites'", "C:/Ruby192/lib/ruby/1.9.1/minitest/unit.rb:650:in `each'", "C:/Ruby192/lib/ruby/1.9.1/minitest/unit.rb:650:in `block in run_test_suites'", "C:/Ruby192/lib/ruby/1.9.1/minitest/unit.rb:649:in `each'", "C:/Ruby192/lib/ruby/1.9.1/minitest/unit.rb:649:in `run_test_suites'", "C:/Ruby192/lib/ruby/1.9.1/minitest/unit.rb:609:in `run'", "C:/Ruby192/lib/ruby/1.9.1/minitest/unit.rb:508:in `block in autorun'"]
.Started InternetExplorerDriver server (32-bit)
2.39.0.0
Listening on port 5555
Successful Login to Usampadmin
auto_test22.des2014-02-240427@mailop.com
M24618205
.auto_test.des2014-03-07055657@mailop.com
auto_test.des2014-03-07055657@
.auto_test22.des2014-02-240427@mailop.com
auto_test22.des2014-02-2404
.
Finished in 229.814604 seconds.

7 tests, 0 assertions, 0 failures, 0 errors, 0 skips

Test run options: --seed 22919
Loaded suite Test_07_Publisher_category_filer
Started
.Started InternetExplorerDriver server (32-bit)
2.39.0.0
Listening on port 5555
Successful Login to Usampadmin
25921
119356
unable to locate element, using {:name=>"txtEmail", :tag_name=>"input or textarea", :type=>"(any text type)"}
["C:/Ruby192/lib/ruby/gems/1.9.1/gems/watir-webdriver-0.6.1/lib/watir-webdriver/elements/element.rb:365:in `assert_exists'", "C:/Ruby192/lib/ruby/gems/1.9.1/gems/watir-webdriver-0.6.1/lib/watir-webdriver/user_editable.rb:8:in `set'", "D:/IMPROVED_CODE_AAMIR/Usamp_lib.rb:164:in `Focusline_login'", "Test_07_Publisher_category_filer.rb:71:in `test_02_publisher_category_filter_match'", "C:/Ruby192/lib/ruby/1.9.1/minitest/unit.rb:695:in `run'", "C:/Ruby192/lib/ruby/1.9.1/minitest/unit.rb:656:in `block (2 levels) in run_test_suites'", "C:/Ruby192/lib/ruby/1.9.1/minitest/unit.rb:650:in `each'", "C:/Ruby192/lib/ruby/1.9.1/minitest/unit.rb:650:in `block in run_test_suites'", "C:/Ruby192/lib/ruby/1.9.1/minitest/unit.rb:649:in `each'", "C:/Ruby192/lib/ruby/1.9.1/minitest/unit.rb:649:in `run_test_suites'", "C:/Ruby192/lib/ruby/1.9.1/minitest/unit.rb:609:in `run'", "C:/Ruby192/lib/ruby/1.9.1/minitest/unit.rb:508:in `block in autorun'"]
.Started InternetExplorerDriver server (32-bit)
2.39.0.0
Listening on port 5555
Successful Login to Usampadmin
25921
119356
unable to locate element, using {:name=>"txtEmail", :tag_name=>"input or textarea", :type=>"(any text type)"}
["C:/Ruby192/lib/ruby/gems/1.9.1/gems/watir-webdriver-0.6.1/lib/watir-webdriver/elements/element.rb:365:in `assert_exists'", "C:/Ruby192/lib/ruby/gems/1.9.1/gems/watir-webdriver-0.6.1/lib/watir-webdriver/user_editable.rb:8:in `set'", "D:/IMPROVED_CODE_AAMIR/Usamp_lib.rb:164:in `Focusline_login'", "Test_07_Publisher_category_filer.rb:127:in `test_03_publisher_category_filter_mismatch'", "C:/Ruby192/lib/ruby/1.9.1/minitest/unit.rb:695:in `run'", "C:/Ruby192/lib/ruby/1.9.1/minitest/unit.rb:656:in `block (2 levels) in run_test_suites'", "C:/Ruby192/lib/ruby/1.9.1/minitest/unit.rb:650:in `each'", "C:/Ruby192/lib/ruby/1.9.1/minitest/unit.rb:650:in `block in run_test_suites'", "C:/Ruby192/lib/ruby/1.9.1/minitest/unit.rb:649:in `each'", "C:/Ruby192/lib/ruby/1.9.1/minitest/unit.rb:649:in `run_test_suites'", "C:/Ruby192/lib/ruby/1.9.1/minitest/unit.rb:609:in `run'", "C:/Ruby192/lib/ruby/1.9.1/minitest/unit.rb:508:in `block in autorun'"]
E
Finished in 139.527678 seconds.

  1) Error:
test_03_publisher_category_filter_mismatch(Test_07_Publisher_filter_category):
NoMethodError: undefined method `close' for nil:NilClass
    Test_07_Publisher_category_filer.rb:157:in `rescue in test_03_publisher_category_filter_mismatch'
    Test_07_Publisher_category_filer.rb:100:in `test_03_publisher_category_filter_mismatch'

3 tests, 0 assertions, 0 failures, 1 errors, 0 skips

Test run options: --seed 43205
Loaded suite Test_08_Publisher_margin_%
Started
.Started InternetExplorerDriver server (32-bit)
2.39.0.0
Listening on port 5555
Successful Login to Usampadmin
25921
119356
unable to locate element, using {:name=>"txtEmail", :tag_name=>"input or textarea", :type=>"(any text type)"}
["C:/Ruby192/lib/ruby/gems/1.9.1/gems/watir-webdriver-0.6.1/lib/watir-webdriver/elements/element.rb:365:in `assert_exists'", "C:/Ruby192/lib/ruby/gems/1.9.1/gems/watir-webdriver-0.6.1/lib/watir-webdriver/user_editable.rb:8:in `set'", "D:/IMPROVED_CODE_AAMIR/Usamp_lib.rb:164:in `Focusline_login'", "Test_08_Publisher_margin_%.rb:79:in `test_02_publisher_margin_match'", "C:/Ruby192/lib/ruby/1.9.1/minitest/unit.rb:695:in `run'", "C:/Ruby192/lib/ruby/1.9.1/minitest/unit.rb:656:in `block (2 levels) in run_test_suites'", "C:/Ruby192/lib/ruby/1.9.1/minitest/unit.rb:650:in `each'", "C:/Ruby192/lib/ruby/1.9.1/minitest/unit.rb:650:in `block in run_test_suites'", "C:/Ruby192/lib/ruby/1.9.1/minitest/unit.rb:649:in `each'", "C:/Ruby192/lib/ruby/1.9.1/minitest/unit.rb:649:in `run_test_suites'", "C:/Ruby192/lib/ruby/1.9.1/minitest/unit.rb:609:in `run'", "C:/Ruby192/lib/ruby/1.9.1/minitest/unit.rb:508:in `block in autorun'"]
Started InternetExplorerDriver server (32-bit)
2.39.0.0
Listening on port 5556
.Started InternetExplorerDriver server (32-bit)
2.39.0.0
Listening on port 5557
Successful Login to Usampadmin
25921
119356
unable to locate element, using {:name=>"txtEmail", :tag_name=>"input or textarea", :type=>"(any text type)"}
["C:/Ruby192/lib/ruby/gems/1.9.1/gems/watir-webdriver-0.6.1/lib/watir-webdriver/elements/element.rb:365:in `assert_exists'", "C:/Ruby192/lib/ruby/gems/1.9.1/gems/watir-webdriver-0.6.1/lib/watir-webdriver/user_editable.rb:8:in `set'", "D:/IMPROVED_CODE_AAMIR/Usamp_lib.rb:164:in `Focusline_login'", "Test_08_Publisher_margin_%.rb:136:in `test_03_publisher_margin_mismatch'", "C:/Ruby192/lib/ruby/1.9.1/minitest/unit.rb:695:in `run'", "C:/Ruby192/lib/ruby/1.9.1/minitest/unit.rb:656:in `block (2 levels) in run_test_suites'", "C:/Ruby192/lib/ruby/1.9.1/minitest/unit.rb:650:in `each'", "C:/Ruby192/lib/ruby/1.9.1/minitest/unit.rb:650:in `block in run_test_suites'", "C:/Ruby192/lib/ruby/1.9.1/minitest/unit.rb:649:in `each'", "C:/Ruby192/lib/ruby/1.9.1/minitest/unit.rb:649:in `run_test_suites'", "C:/Ruby192/lib/ruby/1.9.1/minitest/unit.rb:609:in `run'", "C:/Ruby192/lib/ruby/1.9.1/minitest/unit.rb:508:in `block in autorun'"]
Started InternetExplorerDriver server (32-bit)
2.39.0.0
Listening on port 5558
.
Finished in 115.590791 seconds.

3 tests, 0 assertions, 0 failures, 0 errors, 0 skips

Test run options: --seed 24625
Loaded suite Test_09_US_getcount
Started
.Successful Login to Usampadmin
25921
119356
*** Waiting for count to load ***
************
								<tr>

0
unable to locate element, using {:name=>"txtFname", :tag_name=>"input or textarea", :type=>"(any text type)"}
["C:/Ruby192/lib/ruby/gems/1.9.1/gems/watir-webdriver-0.6.1/lib/watir-webdriver/elements/element.rb:365:in `assert_exists'", "C:/Ruby192/lib/ruby/gems/1.9.1/gems/watir-webdriver-0.6.1/lib/watir-webdriver/user_editable.rb:8:in `set'", "Test_09_US_getcount.rb:181:in `test_02_US_getcount'", "C:/Ruby192/lib/ruby/1.9.1/minitest/unit.rb:695:in `run'", "C:/Ruby192/lib/ruby/1.9.1/minitest/unit.rb:656:in `block (2 levels) in run_test_suites'", "C:/Ruby192/lib/ruby/1.9.1/minitest/unit.rb:650:in `each'", "C:/Ruby192/lib/ruby/1.9.1/minitest/unit.rb:650:in `block in run_test_suites'", "C:/Ruby192/lib/ruby/1.9.1/minitest/unit.rb:649:in `each'", "C:/Ruby192/lib/ruby/1.9.1/minitest/unit.rb:649:in `run_test_suites'", "C:/Ruby192/lib/ruby/1.9.1/minitest/unit.rb:609:in `run'", "C:/Ruby192/lib/ruby/1.9.1/minitest/unit.rb:508:in `block in autorun'"]
EStarted InternetExplorerDriver server (32-bit)
2.39.0.0
Listening on port 5555
Successful Login to Usampadmin
25921
119356
.Started InternetExplorerDriver server (32-bit)
2.39.0.0
Listening on port 5555
Successful Login to Usampadmin
25921
119356
*** Waiting for count to load ***
************
<TD>Total members found: 47
47
47
unable to locate element, using {:name=>"txtFname", :tag_name=>"input or textarea", :type=>"(any text type)"}
["C:/Ruby192/lib/ruby/gems/1.9.1/gems/watir-webdriver-0.6.1/lib/watir-webdriver/elements/element.rb:365:in `assert_exists'", "C:/Ruby192/lib/ruby/gems/1.9.1/gems/watir-webdriver-0.6.1/lib/watir-webdriver/user_editable.rb:8:in `set'", "Test_09_US_getcount.rb:679:in `test_04_us_getcnt_mempub'", "C:/Ruby192/lib/ruby/1.9.1/minitest/unit.rb:695:in `run'", "C:/Ruby192/lib/ruby/1.9.1/minitest/unit.rb:656:in `block (2 levels) in run_test_suites'", "C:/Ruby192/lib/ruby/1.9.1/minitest/unit.rb:650:in `each'", "C:/Ruby192/lib/ruby/1.9.1/minitest/unit.rb:650:in `block in run_test_suites'", "C:/Ruby192/lib/ruby/1.9.1/minitest/unit.rb:649:in `each'", "C:/Ruby192/lib/ruby/1.9.1/minitest/unit.rb:649:in `run_test_suites'", "C:/Ruby192/lib/ruby/1.9.1/minitest/unit.rb:609:in `run'", "C:/Ruby192/lib/ruby/1.9.1/minitest/unit.rb:508:in `block in autorun'"]
EStarted InternetExplorerDriver server (32-bit)
2.39.0.0
Listening on port 5555
Successful Login to Usampadmin
25921
119356
No connection could be made because the target machine actively refused it. - connect(2)
["C:/Ruby192/lib/ruby/1.9.1/net/http.rb:644:in `initialize'", "C:/Ruby192/lib/ruby/1.9.1/net/http.rb:644:in `open'", "C:/Ruby192/lib/ruby/1.9.1/net/http.rb:644:in `block in connect'", "C:/Ruby192/lib/ruby/1.9.1/timeout.rb:44:in `timeout'", "C:/Ruby192/lib/ruby/1.9.1/timeout.rb:89:in `timeout'", "C:/Ruby192/lib/ruby/1.9.1/net/http.rb:644:in `connect'", "C:/Ruby192/lib/ruby/1.9.1/net/http.rb:637:in `do_start'", "C:/Ruby192/lib/ruby/1.9.1/net/http.rb:626:in `start'", "C:/Ruby192/lib/ruby/1.9.1/net/http.rb:1168:in `request'", "C:/Ruby192/lib/ruby/gems/1.9.1/gems/selenium-webdriver-2.31.0/lib/selenium/webdriver/remote/http/default.rb:83:in `response_for'", "C:/Ruby192/lib/ruby/gems/1.9.1/gems/selenium-webdriver-2.31.0/lib/selenium/webdriver/remote/http/default.rb:39:in `request'", "C:/Ruby192/lib/ruby/gems/1.9.1/gems/selenium-webdriver-2.31.0/lib/selenium/webdriver/remote/http/common.rb:40:in `call'", "C:/Ruby192/lib/ruby/gems/1.9.1/gems/selenium-webdriver-2.31.0/lib/selenium/webdriver/remote/bridge.rb:616:in `raw_execute'", "C:/Ruby192/lib/ruby/gems/1.9.1/gems/selenium-webdriver-2.31.0/lib/selenium/webdriver/remote/bridge.rb:594:in `execute'", "C:/Ruby192/lib/ruby/gems/1.9.1/gems/selenium-webdriver-2.31.0/lib/selenium/webdriver/remote/bridge.rb:359:in `clickElement'", "C:/Ruby192/lib/ruby/gems/1.9.1/gems/selenium-webdriver-2.31.0/lib/selenium/webdriver/common/element.rb:54:in `click'", "C:/Ruby192/lib/ruby/gems/1.9.1/gems/watir-webdriver-0.6.1/lib/watir-webdriver/elements/element.rb:108:in `click'", "Test_09_US_getcount.rb:923:in `test_05_qg_reset'", "C:/Ruby192/lib/ruby/1.9.1/minitest/unit.rb:695:in `run'", "C:/Ruby192/lib/ruby/1.9.1/minitest/unit.rb:656:in `block (2 levels) in run_test_suites'", "C:/Ruby192/lib/ruby/1.9.1/minitest/unit.rb:650:in `each'", "C:/Ruby192/lib/ruby/1.9.1/minitest/unit.rb:650:in `block in run_test_suites'", "C:/Ruby192/lib/ruby/1.9.1/minitest/unit.rb:649:in `each'", "C:/Ruby192/lib/ruby/1.9.1/minitest/unit.rb:649:in `run_test_suites'", "C:/Ruby192/lib/ruby/1.9.1/minitest/unit.rb:609:in `run'", "C:/Ruby192/lib/ruby/1.9.1/minitest/unit.rb:508:in `block in autorun'"]
E
Finished in 999.161921 seconds.

  1) Error:
test_02_US_getcount(Test_09_US_getcount):
TypeError: can't convert nil into String
    Test_09_US_getcount.rb:543:in `+'
    Test_09_US_getcount.rb:543:in `rescue in test_02_US_getcount'
    Test_09_US_getcount.rb:39:in `test_02_US_getcount'

  2) Error:
test_04_us_getcnt_mempub(Test_09_US_getcount):
TypeError: can't convert nil into String
    Test_09_US_getcount.rb:889:in `+'
    Test_09_US_getcount.rb:889:in `rescue in test_04_us_getcnt_mempub'
    Test_09_US_getcount.rb:599:in `test_04_us_getcnt_mempub'

  3) Error:
test_05_qg_reset(Test_09_US_getcount):
Errno::ECONNREFUSED: No connection could be made because the target machine actively refused it. - connect(2)
    C:/Ruby192/lib/ruby/gems/1.9.1/gems/selenium-webdriver-2.31.0/lib/selenium/webdriver/remote/http/default.rb:83:in `response_for'
    C:/Ruby192/lib/ruby/gems/1.9.1/gems/selenium-webdriver-2.31.0/lib/selenium/webdriver/remote/http/default.rb:39:in `request'
    C:/Ruby192/lib/ruby/gems/1.9.1/gems/selenium-webdriver-2.31.0/lib/selenium/webdriver/remote/http/common.rb:40:in `call'
    C:/Ruby192/lib/ruby/gems/1.9.1/gems/selenium-webdriver-2.31.0/lib/selenium/webdriver/remote/bridge.rb:616:in `raw_execute'
    C:/Ruby192/lib/ruby/gems/1.9.1/gems/selenium-webdriver-2.31.0/lib/selenium/webdriver/remote/bridge.rb:594:in `execute'
    C:/Ruby192/lib/ruby/gems/1.9.1/gems/selenium-webdriver-2.31.0/lib/selenium/webdriver/remote/bridge.rb:190:in `quit'
    C:/Ruby192/lib/ruby/gems/1.9.1/gems/selenium-webdriver-2.31.0/lib/selenium/webdriver/ie/bridge.rb:59:in `quit'
    C:/Ruby192/lib/ruby/gems/1.9.1/gems/selenium-webdriver-2.31.0/lib/selenium/webdriver/common/driver.rb:168:in `quit'
    C:/Ruby192/lib/ruby/gems/1.9.1/gems/watir-webdriver-0.6.1/lib/watir-webdriver/browser.rb:87:in `close'
    Test_09_US_getcount.rb:937:in `rescue in test_05_qg_reset'
    Test_09_US_getcount.rb:898:in `test_05_qg_reset'

5 tests, 0 assertions, 0 failures, 3 errors, 0 skips

Test run options: --seed 8182
Loaded suite Test_10_CAN_getcount
Started
.Successful Login to Usampadmin
25921
119356
*** Waiting for count to load ***
************
								<tr>

0
EStarted InternetExplorerDriver server (32-bit)
2.39.0.0
Listening on port 5555
Successful Login to Usampadmin
25921
119356
.Started InternetExplorerDriver server (32-bit)
2.39.0.0
Listening on port 5555
Successful Login to Usampadmin
25921
119356
*** Waiting for count to load ***
************
<TD>Total members found: 173
173
173
EStarted InternetExplorerDriver server (32-bit)
2.39.0.0
Listening on port 5556
Successful Login to Usampadmin
25921
119356
.
Finished in 465.144342 seconds.

  1) Error:
test_02_CAN_getcount(Test_10_CAN_getcount):
Watir::Exception::UnknownObjectException: unable to locate element, using {:name=>"txtFname", :tag_name=>"input or textarea", :type=>"(any text type)"}
    C:/Ruby192/lib/ruby/gems/1.9.1/gems/watir-webdriver-0.6.1/lib/watir-webdriver/elements/element.rb:365:in `assert_exists'
    C:/Ruby192/lib/ruby/gems/1.9.1/gems/watir-webdriver-0.6.1/lib/watir-webdriver/user_editable.rb:8:in `set'
    Test_10_CAN_getcount.rb:128:in `test_02_CAN_getcount'

  2) Error:
test_04_cangetcnt_mempub(Test_10_CAN_getcount):
Watir::Exception::UnknownObjectException: unable to locate element, using {:name=>"txtFname", :tag_name=>"input or textarea", :type=>"(any text type)"}
    C:/Ruby192/lib/ruby/gems/1.9.1/gems/watir-webdriver-0.6.1/lib/watir-webdriver/elements/element.rb:365:in `assert_exists'
    C:/Ruby192/lib/ruby/gems/1.9.1/gems/watir-webdriver-0.6.1/lib/watir-webdriver/user_editable.rb:8:in `set'
    Test_10_CAN_getcount.rb:597:in `test_04_cangetcnt_mempub'

5 tests, 0 assertions, 0 failures, 2 errors, 0 skips

Test run options: --seed 32598
Loaded suite Test_11_CP_Project
Started
.Logged it to Network site
..Started InternetExplorerDriver server (32-bit)
2.39.0.0
Listening on port 5555
Started InternetExplorerDriver server (32-bit)
2.39.0.0
Listening on port 5556
Started InternetExplorerDriver server (32-bit)
2.39.0.0
Listening on port 5555
.Successful Login to Usampadmin
Search Passed
Project Update passed
"Luth" not found in select list
["C:/Ruby192/lib/ruby/gems/1.9.1/gems/watir-webdriver-0.6.1/lib/watir-webdriver/elements/select.rb:216:in `no_value_found'", "C:/Ruby192/lib/ruby/gems/1.9.1/gems/watir-webdriver-0.6.1/lib/watir-webdriver/elements/select.rb:150:in `rescue in select_by_string'", "C:/Ruby192/lib/ruby/gems/1.9.1/gems/watir-webdriver-0.6.1/lib/watir-webdriver/elements/select.rb:147:in `select_by_string'", "C:/Ruby192/lib/ruby/gems/1.9.1/gems/watir-webdriver-0.6.1/lib/watir-webdriver/elements/select.rb:129:in `select_by'", "C:/Ruby192/lib/ruby/gems/1.9.1/gems/watir-webdriver-0.6.1/lib/watir-webdriver/elements/select.rb:64:in `select'", "Test_11_CP_Project.rb:370:in `test_05_cp_project_admin'", "C:/Ruby192/lib/ruby/1.9.1/minitest/unit.rb:695:in `run'", "C:/Ruby192/lib/ruby/1.9.1/minitest/unit.rb:656:in `block (2 levels) in run_test_suites'", "C:/Ruby192/lib/ruby/1.9.1/minitest/unit.rb:650:in `each'", "C:/Ruby192/lib/ruby/1.9.1/minitest/unit.rb:650:in `block in run_test_suites'", "C:/Ruby192/lib/ruby/1.9.1/minitest/unit.rb:649:in `each'", "C:/Ruby192/lib/ruby/1.9.1/minitest/unit.rb:649:in `run_test_suites'", "C:/Ruby192/lib/ruby/1.9.1/minitest/unit.rb:609:in `run'", "C:/Ruby192/lib/ruby/1.9.1/minitest/unit.rb:508:in `block in autorun'"]
.No connection could be made because the target machine actively refused it. - connect(2)
["C:/Ruby192/lib/ruby/1.9.1/net/http.rb:644:in `initialize'", "C:/Ruby192/lib/ruby/1.9.1/net/http.rb:644:in `open'", "C:/Ruby192/lib/ruby/1.9.1/net/http.rb:644:in `block in connect'", "C:/Ruby192/lib/ruby/1.9.1/timeout.rb:44:in `timeout'", "C:/Ruby192/lib/ruby/1.9.1/timeout.rb:89:in `timeout'", "C:/Ruby192/lib/ruby/1.9.1/net/http.rb:644:in `connect'", "C:/Ruby192/lib/ruby/1.9.1/net/http.rb:637:in `do_start'", "C:/Ruby192/lib/ruby/1.9.1/net/http.rb:626:in `start'", "C:/Ruby192/lib/ruby/1.9.1/net/http.rb:1168:in `request'", "C:/Ruby192/lib/ruby/gems/1.9.1/gems/selenium-webdriver-2.31.0/lib/selenium/webdriver/remote/http/default.rb:83:in `response_for'", "C:/Ruby192/lib/ruby/gems/1.9.1/gems/selenium-webdriver-2.31.0/lib/selenium/webdriver/remote/http/default.rb:39:in `request'", "C:/Ruby192/lib/ruby/gems/1.9.1/gems/selenium-webdriver-2.31.0/lib/selenium/webdriver/remote/http/common.rb:40:in `call'", "C:/Ruby192/lib/ruby/gems/1.9.1/gems/selenium-webdriver-2.31.0/lib/selenium/webdriver/remote/bridge.rb:616:in `raw_execute'", "C:/Ruby192/lib/ruby/gems/1.9.1/gems/selenium-webdriver-2.31.0/lib/selenium/webdriver/remote/bridge.rb:594:in `execute'", "C:/Ruby192/lib/ruby/gems/1.9.1/gems/selenium-webdriver-2.31.0/lib/selenium/webdriver/remote/bridge.rb:100:in `get'", "C:/Ruby192/lib/ruby/gems/1.9.1/gems/selenium-webdriver-2.31.0/lib/selenium/webdriver/common/navigation.rb:14:in `to'", "C:/Ruby192/lib/ruby/gems/1.9.1/gems/watir-webdriver-0.6.1/lib/watir-webdriver/browser.rb:63:in `goto'", "Test_11_CP_Project.rb:462:in `test_06_project_close'", "C:/Ruby192/lib/ruby/1.9.1/minitest/unit.rb:695:in `run'", "C:/Ruby192/lib/ruby/1.9.1/minitest/unit.rb:656:in `block (2 levels) in run_test_suites'", "C:/Ruby192/lib/ruby/1.9.1/minitest/unit.rb:650:in `each'", "C:/Ruby192/lib/ruby/1.9.1/minitest/unit.rb:650:in `block in run_test_suites'", "C:/Ruby192/lib/ruby/1.9.1/minitest/unit.rb:649:in `each'", "C:/Ruby192/lib/ruby/1.9.1/minitest/unit.rb:649:in `run_test_suites'", "C:/Ruby192/lib/ruby/1.9.1/minitest/unit.rb:609:in `run'", "C:/Ruby192/lib/ruby/1.9.1/minitest/unit.rb:508:in `block in autorun'"]
.
Finished in 330.366542 seconds.

6 tests, 0 assertions, 0 failures, 0 errors, 0 skips

Test run options: --seed 27195
Loaded suite Test_12_CP_rule_processing
Started
.Sorry! System Failed to login to Network site
Project created
.Supplier added
.**** 5656 *****
1
0
0
0
0
0
Timeout::Error
["C:/Ruby192/lib/ruby/1.9.1/net/protocol.rb:140:in `rescue in rbuf_fill'", "C:/Ruby192/lib/ruby/1.9.1/net/protocol.rb:134:in `rbuf_fill'", "C:/Ruby192/lib/ruby/1.9.1/net/protocol.rb:116:in `readuntil'", "C:/Ruby192/lib/ruby/1.9.1/net/protocol.rb:126:in `readline'", "C:/Ruby192/lib/ruby/1.9.1/net/http.rb:2219:in `read_status_line'", "C:/Ruby192/lib/ruby/1.9.1/net/http.rb:2208:in `read_new'", "C:/Ruby192/lib/ruby/1.9.1/net/http.rb:1191:in `transport_request'", "C:/Ruby192/lib/ruby/1.9.1/net/http.rb:1177:in `request'", "C:/Ruby192/lib/ruby/1.9.1/net/http.rb:1170:in `block in request'", "C:/Ruby192/lib/ruby/1.9.1/net/http.rb:627:in `start'", "C:/Ruby192/lib/ruby/1.9.1/net/http.rb:1168:in `request'", "C:/Ruby192/lib/ruby/gems/1.9.1/gems/selenium-webdriver-2.31.0/lib/selenium/webdriver/remote/http/default.rb:83:in `response_for'", "C:/Ruby192/lib/ruby/gems/1.9.1/gems/selenium-webdriver-2.31.0/lib/selenium/webdriver/remote/http/default.rb:39:in `request'", "C:/Ruby192/lib/ruby/gems/1.9.1/gems/selenium-webdriver-2.31.0/lib/selenium/webdriver/remote/http/common.rb:40:in `call'", "C:/Ruby192/lib/ruby/gems/1.9.1/gems/selenium-webdriver-2.31.0/lib/selenium/webdriver/remote/bridge.rb:616:in `raw_execute'", "C:/Ruby192/lib/ruby/gems/1.9.1/gems/selenium-webdriver-2.31.0/lib/selenium/webdriver/remote/bridge.rb:594:in `execute'", "C:/Ruby192/lib/ruby/gems/1.9.1/gems/selenium-webdriver-2.31.0/lib/selenium/webdriver/remote/bridge.rb:505:in `getElementText'", "C:/Ruby192/lib/ruby/gems/1.9.1/gems/selenium-webdriver-2.31.0/lib/selenium/webdriver/common/element.rb:108:in `text'", "C:/Ruby192/lib/ruby/gems/1.9.1/gems/watir-webdriver-0.6.1/lib/watir-webdriver/browser.rb:97:in `text'", "Test_12_CP_rule_processing.rb:175:in `test_04_rule_process'", "C:/Ruby192/lib/ruby/1.9.1/minitest/unit.rb:695:in `run'", "C:/Ruby192/lib/ruby/1.9.1/minitest/unit.rb:656:in `block (2 levels) in run_test_suites'", "C:/Ruby192/lib/ruby/1.9.1/minitest/unit.rb:650:in `each'", "C:/Ruby192/lib/ruby/1.9.1/minitest/unit.rb:650:in `block in run_test_suites'", "C:/Ruby192/lib/ruby/1.9.1/minitest/unit.rb:649:in `each'", "C:/Ruby192/lib/ruby/1.9.1/minitest/unit.rb:649:in `run_test_suites'", "C:/Ruby192/lib/ruby/1.9.1/minitest/unit.rb:609:in `run'", "C:/Ruby192/lib/ruby/1.9.1/minitest/unit.rb:508:in `block in autorun'"]
Ebrowser was closed
["C:/Ruby192/lib/ruby/gems/1.9.1/gems/watir-webdriver-0.6.1/lib/watir-webdriver/browser.rb:178:in `assert_exists'", "C:/Ruby192/lib/ruby/gems/1.9.1/gems/watir-webdriver-0.6.1/lib/watir-webdriver/elements/element.rb:383:in `locate'", "C:/Ruby192/lib/ruby/gems/1.9.1/gems/watir-webdriver-0.6.1/lib/watir-webdriver/elements/element.rb:362:in `assert_exists'", "C:/Ruby192/lib/ruby/gems/1.9.1/gems/watir-webdriver-0.6.1/lib/watir-webdriver/elements/element.rb:95:in `click'", "Test_12_CP_rule_processing.rb:442:in `test_05_project_close'", "C:/Ruby192/lib/ruby/1.9.1/minitest/unit.rb:695:in `run'", "C:/Ruby192/lib/ruby/1.9.1/minitest/unit.rb:656:in `block (2 levels) in run_test_suites'", "C:/Ruby192/lib/ruby/1.9.1/minitest/unit.rb:650:in `each'", "C:/Ruby192/lib/ruby/1.9.1/minitest/unit.rb:650:in `block in run_test_suites'", "C:/Ruby192/lib/ruby/1.9.1/minitest/unit.rb:649:in `each'", "C:/Ruby192/lib/ruby/1.9.1/minitest/unit.rb:649:in `run_test_suites'", "C:/Ruby192/lib/ruby/1.9.1/minitest/unit.rb:609:in `run'", "C:/Ruby192/lib/ruby/1.9.1/minitest/unit.rb:508:in `block in autorun'"]
.
Finished in 151.792989 seconds.

  1) Error:
test_04_rule_process(Test_12_CP_Rule_processing):
TypeError: can't convert nil into String
    Test_12_CP_rule_processing.rb:430:in `+'
    Test_12_CP_rule_processing.rb:430:in `rescue in test_04_rule_process'
    Test_12_CP_rule_processing.rb:93:in `test_04_rule_process'

5 tests, 0 assertions, 0 failures, 1 errors, 0 skips

Test run options: --seed 59611
Loaded suite Test_13_Curl_pixel
Started
.Successful Login to Usampadmin
*** PIXEL SETTINGS DONE  ***
.Started InternetExplorerDriver server (32-bit)
2.39.0.0
Listening on port 5555
test string
auto_test.des2014-03-08060921@mailop.com
**** Waiting for surveys to load ****
.auto_test.des2014-03-08060921@mailop.com
Successful Login to ipoll site
119356
linkMTE5MzU2
pass
.Successful Login to Usampadmin
25921
119356
.
Finished in 306.617150 seconds.

5 tests, 0 assertions, 0 failures, 0 errors, 0 skips

Test run options: --seed 57726
Loaded suite Test_14_Traditional_pixel
Started
.Started InternetExplorerDriver server (32-bit)
2.39.0.0
Listening on port 5555
Successful Login to Usampadmin
*** PIXEL SETTINGS DONE  ***
.test string
auto_test.des2014-03-08061513@mailop.com
**** Waiting for surveys to load ****
*** Check Pixels ***
.auto_test.des2014-03-08061513@mailop.com
Successful Login to ipoll site
119356
linkMTE5MzU2
.Started InternetExplorerDriver server (32-bit)
2.39.0.0
Listening on port 5555
Successful Login to Usampadmin
25921
119356
.auto_test.des2014-03-08061513@mailop.com
Successful Login to ipoll site
https://www.p.ipoll.com/profile.php?PrId=81e6ffeed42b6a37c045da4d35fa7943&PrLId=b656998ee46e68cc2b18f7a1f82eec4f
.Started InternetExplorerDriver server (32-bit)
2.39.0.0
Listening on port 5555
Successful Login to Usampadmin
*** PIXEL RESETTINGS DONE  ***
.
Finished in 452.113425 seconds.

7 tests, 0 assertions, 0 failures, 0 errors, 0 skips

Test run options: --seed 5738
Loaded suite Test_16_Reward_creation
Started
.Started InternetExplorerDriver server (32-bit)
2.39.0.0
Listening on port 5555
Successful Login to Usampadmin
Donation_2014-03-08 06:22:10
Don_passed
2048
.Started InternetExplorerDriver server (32-bit)
2.39.0.0
Listening on port 5555
Successful Login to Usampadmin
GIFT_CERT_2014-03-08 06:23:42
Gift_passed
2049
.Donation_2014-03-08 06:22:10
GIFT_CERT_2014-03-08 06:23:42
Successful Login to ipoll site
waiting for rewards1 to load
waiting for rewards2 to load
gift_pl_passed1
Donation
waiting for rewards3 to load
waiting for rewards4 to load
donation_pl_passed3
waiting for surveys5 to load
waiting for rewards6 to load
gift_pl_passed5
waiting for rewards7 to load
donation_pl_passed7
.
Finished in 345.694295 seconds.

4 tests, 0 assertions, 0 failures, 0 errors, 0 skips

Test run options: --seed 9666
Loaded suite Test_17_Member_data_review
Started
.Started InternetExplorerDriver server (32-bit)
2.39.0.0
Listening on port 5555
Successful Login to Usampadmin
25921
119356
QG COPIED
ESuccessful Login to ipoll site
## Waiting for surveys to load ##
can't convert nil into String
["C:/Ruby192/lib/ruby/1.9.1/base64.rb:38:in `pack'", "C:/Ruby192/lib/ruby/1.9.1/base64.rb:38:in `encode64'", "Test_17_Member_data_review.rb:178:in `test_03_member_data_review'", "C:/Ruby192/lib/ruby/1.9.1/minitest/unit.rb:695:in `run'", "C:/Ruby192/lib/ruby/1.9.1/minitest/unit.rb:656:in `block (2 levels) in run_test_suites'", "C:/Ruby192/lib/ruby/1.9.1/minitest/unit.rb:650:in `each'", "C:/Ruby192/lib/ruby/1.9.1/minitest/unit.rb:650:in `block in run_test_suites'", "C:/Ruby192/lib/ruby/1.9.1/minitest/unit.rb:649:in `each'", "C:/Ruby192/lib/ruby/1.9.1/minitest/unit.rb:649:in `run_test_suites'", "C:/Ruby192/lib/ruby/1.9.1/minitest/unit.rb:609:in `run'", "C:/Ruby192/lib/ruby/1.9.1/minitest/unit.rb:508:in `block in autorun'"]
.Successful Login to ipoll site
## Waiting for surveys to load ##
can't convert nil into String
["C:/Ruby192/lib/ruby/1.9.1/base64.rb:38:in `pack'", "C:/Ruby192/lib/ruby/1.9.1/base64.rb:38:in `encode64'", "Test_17_Member_data_review.rb:298:in `test_04_member_data_invalid'", "C:/Ruby192/lib/ruby/1.9.1/minitest/unit.rb:695:in `run'", "C:/Ruby192/lib/ruby/1.9.1/minitest/unit.rb:656:in `block (2 levels) in run_test_suites'", "C:/Ruby192/lib/ruby/1.9.1/minitest/unit.rb:650:in `each'", "C:/Ruby192/lib/ruby/1.9.1/minitest/unit.rb:650:in `block in run_test_suites'", "C:/Ruby192/lib/ruby/1.9.1/minitest/unit.rb:649:in `each'", "C:/Ruby192/lib/ruby/1.9.1/minitest/unit.rb:649:in `run_test_suites'", "C:/Ruby192/lib/ruby/1.9.1/minitest/unit.rb:609:in `run'", "C:/Ruby192/lib/ruby/1.9.1/minitest/unit.rb:508:in `block in autorun'"]
.Started InternetExplorerDriver server (32-bit)
2.39.0.0
Listening on port 5556
Successful Login to Usampadmin
25921

can't convert nil into String
["C:/Ruby192/lib/ruby/1.9.1/base64.rb:38:in `pack'", "C:/Ruby192/lib/ruby/1.9.1/base64.rb:38:in `encode64'", "Test_17_Member_data_review.rb:415:in `test_05_qg_reset'", "C:/Ruby192/lib/ruby/1.9.1/minitest/unit.rb:695:in `run'", "C:/Ruby192/lib/ruby/1.9.1/minitest/unit.rb:656:in `block (2 levels) in run_test_suites'", "C:/Ruby192/lib/ruby/1.9.1/minitest/unit.rb:650:in `each'", "C:/Ruby192/lib/ruby/1.9.1/minitest/unit.rb:650:in `block in run_test_suites'", "C:/Ruby192/lib/ruby/1.9.1/minitest/unit.rb:649:in `each'", "C:/Ruby192/lib/ruby/1.9.1/minitest/unit.rb:649:in `run_test_suites'", "C:/Ruby192/lib/ruby/1.9.1/minitest/unit.rb:609:in `run'", "C:/Ruby192/lib/ruby/1.9.1/minitest/unit.rb:508:in `block in autorun'"]
.
Finished in 272.440987 seconds.

  1) Error:
test_02_copy_qg_change_reward(Test_17_Member_data_review):
Timeout::Error: Timeout::Error
    C:/Ruby192/lib/ruby/gems/1.9.1/gems/selenium-webdriver-2.31.0/lib/selenium/webdriver/remote/http/default.rb:83:in `response_for'
    C:/Ruby192/lib/ruby/gems/1.9.1/gems/selenium-webdriver-2.31.0/lib/selenium/webdriver/remote/http/default.rb:39:in `request'
    C:/Ruby192/lib/ruby/gems/1.9.1/gems/selenium-webdriver-2.31.0/lib/selenium/webdriver/remote/http/common.rb:40:in `call'
    C:/Ruby192/lib/ruby/gems/1.9.1/gems/selenium-webdriver-2.31.0/lib/selenium/webdriver/remote/bridge.rb:616:in `raw_execute'
    C:/Ruby192/lib/ruby/gems/1.9.1/gems/selenium-webdriver-2.31.0/lib/selenium/webdriver/remote/bridge.rb:594:in `execute'
    C:/Ruby192/lib/ruby/gems/1.9.1/gems/selenium-webdriver-2.31.0/lib/selenium/webdriver/remote/bridge.rb:505:in `getElementText'
    C:/Ruby192/lib/ruby/gems/1.9.1/gems/selenium-webdriver-2.31.0/lib/selenium/webdriver/common/element.rb:108:in `text'
    C:/Ruby192/lib/ruby/gems/1.9.1/gems/watir-webdriver-0.6.1/lib/watir-webdriver/browser.rb:97:in `text'
    Test_17_Member_data_review.rb:108:in `test_02_copy_qg_change_reward'

5 tests, 0 assertions, 0 failures, 1 errors, 0 skips

Test run options: --seed 18540
Loaded suite Test_18_Publisher_bids
Started
.25921

can't convert nil into String
["C:/Ruby192/lib/ruby/1.9.1/base64.rb:38:in `pack'", "C:/Ruby192/lib/ruby/1.9.1/base64.rb:38:in `encode64'", "Test_18_Publisher_bids.rb:53:in `test_02_request_bid'", "C:/Ruby192/lib/ruby/1.9.1/minitest/unit.rb:695:in `run'", "C:/Ruby192/lib/ruby/1.9.1/minitest/unit.rb:656:in `block (2 levels) in run_test_suites'", "C:/Ruby192/lib/ruby/1.9.1/minitest/unit.rb:650:in `each'", "C:/Ruby192/lib/ruby/1.9.1/minitest/unit.rb:650:in `block in run_test_suites'", "C:/Ruby192/lib/ruby/1.9.1/minitest/unit.rb:649:in `each'", "C:/Ruby192/lib/ruby/1.9.1/minitest/unit.rb:649:in `run_test_suites'", "C:/Ruby192/lib/ruby/1.9.1/minitest/unit.rb:609:in `run'", "C:/Ruby192/lib/ruby/1.9.1/minitest/unit.rb:508:in `block in autorun'"]
ELogged it to Network site
unable to locate element, using {:href=>/bid_live_projects_email.php/, :tag_name=>"a"}
["C:/Ruby192/lib/ruby/gems/1.9.1/gems/watir-webdriver-0.6.1/lib/watir-webdriver/elements/element.rb:365:in `assert_exists'", "C:/Ruby192/lib/ruby/gems/1.9.1/gems/watir-webdriver-0.6.1/lib/watir-webdriver/elements/element.rb:95:in `click'", "Test_18_Publisher_bids.rb:125:in `test_03_reject_bid'", "C:/Ruby192/lib/ruby/1.9.1/minitest/unit.rb:695:in `run'", "C:/Ruby192/lib/ruby/1.9.1/minitest/unit.rb:656:in `block (2 levels) in run_test_suites'", "C:/Ruby192/lib/ruby/1.9.1/minitest/unit.rb:650:in `each'", "C:/Ruby192/lib/ruby/1.9.1/minitest/unit.rb:650:in `block in run_test_suites'", "C:/Ruby192/lib/ruby/1.9.1/minitest/unit.rb:649:in `each'", "C:/Ruby192/lib/ruby/1.9.1/minitest/unit.rb:649:in `run_test_suites'", "C:/Ruby192/lib/ruby/1.9.1/minitest/unit.rb:609:in `run'", "C:/Ruby192/lib/ruby/1.9.1/minitest/unit.rb:508:in `block in autorun'"]
.Started InternetExplorerDriver server (32-bit)
2.39.0.0
Listening on port 5555
Successful Login to Usampadmin
Modal dialog present
["C:/Ruby192/lib/ruby/gems/1.9.1/gems/selenium-webdriver-2.31.0/lib/selenium/webdriver/remote/response.rb:52:in `assert_ok'", "C:/Ruby192/lib/ruby/gems/1.9.1/gems/selenium-webdriver-2.31.0/lib/selenium/webdriver/remote/response.rb:15:in `initialize'", "C:/Ruby192/lib/ruby/gems/1.9.1/gems/selenium-webdriver-2.31.0/lib/selenium/webdriver/remote/http/common.rb:59:in `new'", "C:/Ruby192/lib/ruby/gems/1.9.1/gems/selenium-webdriver-2.31.0/lib/selenium/webdriver/remote/http/common.rb:59:in `create_response'", "C:/Ruby192/lib/ruby/gems/1.9.1/gems/selenium-webdriver-2.31.0/lib/selenium/webdriver/remote/http/default.rb:66:in `request'", "C:/Ruby192/lib/ruby/gems/1.9.1/gems/selenium-webdriver-2.31.0/lib/selenium/webdriver/remote/http/common.rb:40:in `call'", "C:/Ruby192/lib/ruby/gems/1.9.1/gems/selenium-webdriver-2.31.0/lib/selenium/webdriver/remote/bridge.rb:616:in `raw_execute'", "C:/Ruby192/lib/ruby/gems/1.9.1/gems/selenium-webdriver-2.31.0/lib/selenium/webdriver/remote/bridge.rb:594:in `execute'", "C:/Ruby192/lib/ruby/gems/1.9.1/gems/selenium-webdriver-2.31.0/lib/selenium/webdriver/remote/bridge.rb:156:in `getCurrentUrl'", "C:/Ruby192/lib/ruby/gems/1.9.1/gems/selenium-webdriver-2.31.0/lib/selenium/webdriver/common/driver.rb:120:in `current_url'", "C:/Ruby192/lib/ruby/gems/1.9.1/gems/watir-webdriver-0.6.1/lib/watir-webdriver/browser.rb:78:in `url'", "C:/Ruby192/lib/ruby/gems/1.9.1/gems/watir-webdriver-0.6.1/lib/watir-webdriver/browser.rb:66:in `goto'", "Test_18_Publisher_bids.rb:165:in `test_04_check_admin'", "C:/Ruby192/lib/ruby/1.9.1/minitest/unit.rb:695:in `run'", "C:/Ruby192/lib/ruby/1.9.1/minitest/unit.rb:656:in `block (2 levels) in run_test_suites'", "C:/Ruby192/lib/ruby/1.9.1/minitest/unit.rb:650:in `each'", "C:/Ruby192/lib/ruby/1.9.1/minitest/unit.rb:650:in `block in run_test_suites'", "C:/Ruby192/lib/ruby/1.9.1/minitest/unit.rb:649:in `each'", "C:/Ruby192/lib/ruby/1.9.1/minitest/unit.rb:649:in `run_test_suites'", "C:/Ruby192/lib/ruby/1.9.1/minitest/unit.rb:609:in `run'", "C:/Ruby192/lib/ruby/1.9.1/minitest/unit.rb:508:in `block in autorun'"]
.Started InternetExplorerDriver server (32-bit)
2.39.0.0
Listening on port 5555
Successful Login to Usampadmin
Modal dialog present
["C:/Ruby192/lib/ruby/gems/1.9.1/gems/selenium-webdriver-2.31.0/lib/selenium/webdriver/remote/response.rb:52:in `assert_ok'", "C:/Ruby192/lib/ruby/gems/1.9.1/gems/selenium-webdriver-2.31.0/lib/selenium/webdriver/remote/response.rb:15:in `initialize'", "C:/Ruby192/lib/ruby/gems/1.9.1/gems/selenium-webdriver-2.31.0/lib/selenium/webdriver/remote/http/common.rb:59:in `new'", "C:/Ruby192/lib/ruby/gems/1.9.1/gems/selenium-webdriver-2.31.0/lib/selenium/webdriver/remote/http/common.rb:59:in `create_response'", "C:/Ruby192/lib/ruby/gems/1.9.1/gems/selenium-webdriver-2.31.0/lib/selenium/webdriver/remote/http/default.rb:66:in `request'", "C:/Ruby192/lib/ruby/gems/1.9.1/gems/selenium-webdriver-2.31.0/lib/selenium/webdriver/remote/http/common.rb:40:in `call'", "C:/Ruby192/lib/ruby/gems/1.9.1/gems/selenium-webdriver-2.31.0/lib/selenium/webdriver/remote/bridge.rb:616:in `raw_execute'", "C:/Ruby192/lib/ruby/gems/1.9.1/gems/selenium-webdriver-2.31.0/lib/selenium/webdriver/remote/bridge.rb:594:in `execute'", "C:/Ruby192/lib/ruby/gems/1.9.1/gems/selenium-webdriver-2.31.0/lib/selenium/webdriver/remote/bridge.rb:156:in `getCurrentUrl'", "C:/Ruby192/lib/ruby/gems/1.9.1/gems/selenium-webdriver-2.31.0/lib/selenium/webdriver/common/driver.rb:120:in `current_url'", "C:/Ruby192/lib/ruby/gems/1.9.1/gems/watir-webdriver-0.6.1/lib/watir-webdriver/browser.rb:78:in `url'", "C:/Ruby192/lib/ruby/gems/1.9.1/gems/watir-webdriver-0.6.1/lib/watir-webdriver/browser.rb:66:in `goto'", "Test_18_Publisher_bids.rb:209:in `test_05_request_second_bid'", "C:/Ruby192/lib/ruby/1.9.1/minitest/unit.rb:695:in `run'", "C:/Ruby192/lib/ruby/1.9.1/minitest/unit.rb:656:in `block (2 levels) in run_test_suites'", "C:/Ruby192/lib/ruby/1.9.1/minitest/unit.rb:650:in `each'", "C:/Ruby192/lib/ruby/1.9.1/minitest/unit.rb:650:in `block in run_test_suites'", "C:/Ruby192/lib/ruby/1.9.1/minitest/unit.rb:649:in `each'", "C:/Ruby192/lib/ruby/1.9.1/minitest/unit.rb:649:in `run_test_suites'", "C:/Ruby192/lib/ruby/1.9.1/minitest/unit.rb:609:in `run'", "C:/Ruby192/lib/ruby/1.9.1/minitest/unit.rb:508:in `block in autorun'"]
.Logged it to Network site
unable to locate element, using {:href=>/bid_live_projects_email.php/, :tag_name=>"a"}
["C:/Ruby192/lib/ruby/gems/1.9.1/gems/watir-webdriver-0.6.1/lib/watir-webdriver/elements/element.rb:365:in `assert_exists'", "C:/Ruby192/lib/ruby/gems/1.9.1/gems/watir-webdriver-0.6.1/lib/watir-webdriver/elements/element.rb:95:in `click'", "Test_18_Publisher_bids.rb:265:in `test_06_respond_bid'", "C:/Ruby192/lib/ruby/1.9.1/minitest/unit.rb:695:in `run'", "C:/Ruby192/lib/ruby/1.9.1/minitest/unit.rb:656:in `block (2 levels) in run_test_suites'", "C:/Ruby192/lib/ruby/1.9.1/minitest/unit.rb:650:in `each'", "C:/Ruby192/lib/ruby/1.9.1/minitest/unit.rb:650:in `block in run_test_suites'", "C:/Ruby192/lib/ruby/1.9.1/minitest/unit.rb:649:in `each'", "C:/Ruby192/lib/ruby/1.9.1/minitest/unit.rb:649:in `run_test_suites'", "C:/Ruby192/lib/ruby/1.9.1/minitest/unit.rb:609:in `run'", "C:/Ruby192/lib/ruby/1.9.1/minitest/unit.rb:508:in `block in autorun'"]
.Started InternetExplorerDriver server (32-bit)
2.39.0.0
Listening on port 5555
Successful Login to Usampadmin
Modal dialog present
["C:/Ruby192/lib/ruby/gems/1.9.1/gems/selenium-webdriver-2.31.0/lib/selenium/webdriver/remote/response.rb:52:in `assert_ok'", "C:/Ruby192/lib/ruby/gems/1.9.1/gems/selenium-webdriver-2.31.0/lib/selenium/webdriver/remote/response.rb:15:in `initialize'", "C:/Ruby192/lib/ruby/gems/1.9.1/gems/selenium-webdriver-2.31.0/lib/selenium/webdriver/remote/http/common.rb:59:in `new'", "C:/Ruby192/lib/ruby/gems/1.9.1/gems/selenium-webdriver-2.31.0/lib/selenium/webdriver/remote/http/common.rb:59:in `create_response'", "C:/Ruby192/lib/ruby/gems/1.9.1/gems/selenium-webdriver-2.31.0/lib/selenium/webdriver/remote/http/default.rb:66:in `request'", "C:/Ruby192/lib/ruby/gems/1.9.1/gems/selenium-webdriver-2.31.0/lib/selenium/webdriver/remote/http/common.rb:40:in `call'", "C:/Ruby192/lib/ruby/gems/1.9.1/gems/selenium-webdriver-2.31.0/lib/selenium/webdriver/remote/bridge.rb:616:in `raw_execute'", "C:/Ruby192/lib/ruby/gems/1.9.1/gems/selenium-webdriver-2.31.0/lib/selenium/webdriver/remote/bridge.rb:594:in `execute'", "C:/Ruby192/lib/ruby/gems/1.9.1/gems/selenium-webdriver-2.31.0/lib/selenium/webdriver/remote/bridge.rb:156:in `getCurrentUrl'", "C:/Ruby192/lib/ruby/gems/1.9.1/gems/selenium-webdriver-2.31.0/lib/selenium/webdriver/common/driver.rb:120:in `current_url'", "C:/Ruby192/lib/ruby/gems/1.9.1/gems/watir-webdriver-0.6.1/lib/watir-webdriver/browser.rb:78:in `url'", "C:/Ruby192/lib/ruby/gems/1.9.1/gems/watir-webdriver-0.6.1/lib/watir-webdriver/browser.rb:66:in `goto'", "Test_18_Publisher_bids.rb:307:in `test_07_check_admin'", "C:/Ruby192/lib/ruby/1.9.1/minitest/unit.rb:695:in `run'", "C:/Ruby192/lib/ruby/1.9.1/minitest/unit.rb:656:in `block (2 levels) in run_test_suites'", "C:/Ruby192/lib/ruby/1.9.1/minitest/unit.rb:650:in `each'", "C:/Ruby192/lib/ruby/1.9.1/minitest/unit.rb:650:in `block in run_test_suites'", "C:/Ruby192/lib/ruby/1.9.1/minitest/unit.rb:649:in `each'", "C:/Ruby192/lib/ruby/1.9.1/minitest/unit.rb:649:in `run_test_suites'", "C:/Ruby192/lib/ruby/1.9.1/minitest/unit.rb:609:in `run'", "C:/Ruby192/lib/ruby/1.9.1/minitest/unit.rb:508:in `block in autorun'"]
.
Finished in 193.611853 seconds.

  1) Error:
test_02_request_bid(Test_18_Publisher_bid):
NoMethodError: undefined method `close' for nil:NilClass
    Test_18_Publisher_bids.rb:108:in `rescue in test_02_request_bid'
    Test_18_Publisher_bids.rb:40:in `test_02_request_bid'

7 tests, 0 assertions, 0 failures, 1 errors, 0 skips

Test run options: --seed 23636
Loaded suite Test_19_Virtual_currency_reflection
Started
.Started InternetExplorerDriver server (32-bit)
2.39.0.0
Listening on port 5555
Successful Login to Usampadmin
unable to locate element, using {:name=>"txtEmail", :tag_name=>"input or textarea", :type=>"(any text type)"}
["C:/Ruby192/lib/ruby/gems/1.9.1/gems/watir-webdriver-0.6.1/lib/watir-webdriver/elements/element.rb:365:in `assert_exists'", "C:/Ruby192/lib/ruby/gems/1.9.1/gems/watir-webdriver-0.6.1/lib/watir-webdriver/user_editable.rb:8:in `set'", "D:/IMPROVED_CODE_AAMIR/Usamp_lib.rb:164:in `Focusline_login'", "Test_19_Virtual_currency_reflection.rb:53:in `test_02_virt_currency_V1'", "C:/Ruby192/lib/ruby/1.9.1/minitest/unit.rb:695:in `run'", "C:/Ruby192/lib/ruby/1.9.1/minitest/unit.rb:656:in `block (2 levels) in run_test_suites'", "C:/Ruby192/lib/ruby/1.9.1/minitest/unit.rb:650:in `each'", "C:/Ruby192/lib/ruby/1.9.1/minitest/unit.rb:650:in `block in run_test_suites'", "C:/Ruby192/lib/ruby/1.9.1/minitest/unit.rb:649:in `each'", "C:/Ruby192/lib/ruby/1.9.1/minitest/unit.rb:649:in `run_test_suites'", "C:/Ruby192/lib/ruby/1.9.1/minitest/unit.rb:609:in `run'", "C:/Ruby192/lib/ruby/1.9.1/minitest/unit.rb:508:in `block in autorun'"]
EStarted InternetExplorerDriver server (32-bit)
2.39.0.0
Listening on port 5556
Successful Login to Usampadmin
unable to locate element, using {:name=>"txtEmail", :tag_name=>"input or textarea", :type=>"(any text type)"}
["C:/Ruby192/lib/ruby/gems/1.9.1/gems/watir-webdriver-0.6.1/lib/watir-webdriver/elements/element.rb:365:in `assert_exists'", "C:/Ruby192/lib/ruby/gems/1.9.1/gems/watir-webdriver-0.6.1/lib/watir-webdriver/user_editable.rb:8:in `set'", "D:/IMPROVED_CODE_AAMIR/Usamp_lib.rb:164:in `Focusline_login'", "Test_19_Virtual_currency_reflection.rb:106:in `test_03_virt_currency_V2'", "C:/Ruby192/lib/ruby/1.9.1/minitest/unit.rb:695:in `run'", "C:/Ruby192/lib/ruby/1.9.1/minitest/unit.rb:656:in `block (2 levels) in run_test_suites'", "C:/Ruby192/lib/ruby/1.9.1/minitest/unit.rb:650:in `each'", "C:/Ruby192/lib/ruby/1.9.1/minitest/unit.rb:650:in `block in run_test_suites'", "C:/Ruby192/lib/ruby/1.9.1/minitest/unit.rb:649:in `each'", "C:/Ruby192/lib/ruby/1.9.1/minitest/unit.rb:649:in `run_test_suites'", "C:/Ruby192/lib/ruby/1.9.1/minitest/unit.rb:609:in `run'", "C:/Ruby192/lib/ruby/1.9.1/minitest/unit.rb:508:in `block in autorun'"]
EStarted InternetExplorerDriver server (32-bit)
2.39.0.0
Listening on port 5557
Successful Login to Usampadmin
No connection could be made because the target machine actively refused it. - connect(2)
["C:/Ruby192/lib/ruby/1.9.1/net/http.rb:644:in `initialize'", "C:/Ruby192/lib/ruby/1.9.1/net/http.rb:644:in `open'", "C:/Ruby192/lib/ruby/1.9.1/net/http.rb:644:in `block in connect'", "C:/Ruby192/lib/ruby/1.9.1/timeout.rb:44:in `timeout'", "C:/Ruby192/lib/ruby/1.9.1/timeout.rb:89:in `timeout'", "C:/Ruby192/lib/ruby/1.9.1/net/http.rb:644:in `connect'", "C:/Ruby192/lib/ruby/1.9.1/net/http.rb:637:in `do_start'", "C:/Ruby192/lib/ruby/1.9.1/net/http.rb:626:in `start'", "C:/Ruby192/lib/ruby/1.9.1/net/http.rb:1168:in `request'", "C:/Ruby192/lib/ruby/gems/1.9.1/gems/selenium-webdriver-2.31.0/lib/selenium/webdriver/remote/http/default.rb:83:in `response_for'", "C:/Ruby192/lib/ruby/gems/1.9.1/gems/selenium-webdriver-2.31.0/lib/selenium/webdriver/remote/http/default.rb:39:in `request'", "C:/Ruby192/lib/ruby/gems/1.9.1/gems/selenium-webdriver-2.31.0/lib/selenium/webdriver/remote/http/common.rb:40:in `call'", "C:/Ruby192/lib/ruby/gems/1.9.1/gems/selenium-webdriver-2.31.0/lib/selenium/webdriver/remote/bridge.rb:616:in `raw_execute'", "C:/Ruby192/lib/ruby/gems/1.9.1/gems/selenium-webdriver-2.31.0/lib/selenium/webdriver/remote/bridge.rb:594:in `execute'", "C:/Ruby192/lib/ruby/gems/1.9.1/gems/selenium-webdriver-2.31.0/lib/selenium/webdriver/remote/bridge.rb:359:in `clickElement'", "C:/Ruby192/lib/ruby/gems/1.9.1/gems/selenium-webdriver-2.31.0/lib/selenium/webdriver/common/element.rb:54:in `click'", "C:/Ruby192/lib/ruby/gems/1.9.1/gems/watir-webdriver-0.6.1/lib/watir-webdriver/elements/element.rb:108:in `click'", "Test_19_Virtual_currency_reflection.rb:159:in `test_04_site_settings_reset'", "C:/Ruby192/lib/ruby/1.9.1/minitest/unit.rb:695:in `run'", "C:/Ruby192/lib/ruby/1.9.1/minitest/unit.rb:656:in `block (2 levels) in run_test_suites'", "C:/Ruby192/lib/ruby/1.9.1/minitest/unit.rb:650:in `each'", "C:/Ruby192/lib/ruby/1.9.1/minitest/unit.rb:650:in `block in run_test_suites'", "C:/Ruby192/lib/ruby/1.9.1/minitest/unit.rb:649:in `each'", "C:/Ruby192/lib/ruby/1.9.1/minitest/unit.rb:649:in `run_test_suites'", "C:/Ruby192/lib/ruby/1.9.1/minitest/unit.rb:609:in `run'", "C:/Ruby192/lib/ruby/1.9.1/minitest/unit.rb:508:in `block in autorun'"]
E
Finished in 161.423941 seconds.

  1) Error:
test_02_virt_currency_V1(Test_19_Virtual_currency_reflection):
NoMethodError: undefined method `close' for nil:NilClass
    Test_19_Virtual_currency_reflection.rb:81:in `rescue in test_02_virt_currency_V1'
    Test_19_Virtual_currency_reflection.rb:38:in `test_02_virt_currency_V1'

  2) Error:
test_03_virt_currency_V2(Test_19_Virtual_currency_reflection):
NoMethodError: undefined method `close' for nil:NilClass
    Test_19_Virtual_currency_reflection.rb:132:in `rescue in test_03_virt_currency_V2'
    Test_19_Virtual_currency_reflection.rb:93:in `test_03_virt_currency_V2'

  3) Error:
test_04_site_settings_reset(Test_19_Virtual_currency_reflection):
Errno::ECONNREFUSED: No connection could be made because the target machine actively refused it. - connect(2)
    C:/Ruby192/lib/ruby/gems/1.9.1/gems/selenium-webdriver-2.31.0/lib/selenium/webdriver/remote/http/default.rb:83:in `response_for'
    C:/Ruby192/lib/ruby/gems/1.9.1/gems/selenium-webdriver-2.31.0/lib/selenium/webdriver/remote/http/default.rb:39:in `request'
    C:/Ruby192/lib/ruby/gems/1.9.1/gems/selenium-webdriver-2.31.0/lib/selenium/webdriver/remote/http/common.rb:40:in `call'
    C:/Ruby192/lib/ruby/gems/1.9.1/gems/selenium-webdriver-2.31.0/lib/selenium/webdriver/remote/bridge.rb:616:in `raw_execute'
    C:/Ruby192/lib/ruby/gems/1.9.1/gems/selenium-webdriver-2.31.0/lib/selenium/webdriver/remote/bridge.rb:594:in `execute'
    C:/Ruby192/lib/ruby/gems/1.9.1/gems/selenium-webdriver-2.31.0/lib/selenium/webdriver/remote/bridge.rb:190:in `quit'
    C:/Ruby192/lib/ruby/gems/1.9.1/gems/selenium-webdriver-2.31.0/lib/selenium/webdriver/ie/bridge.rb:59:in `quit'
    C:/Ruby192/lib/ruby/gems/1.9.1/gems/selenium-webdriver-2.31.0/lib/selenium/webdriver/common/driver.rb:168:in `quit'
    C:/Ruby192/lib/ruby/gems/1.9.1/gems/watir-webdriver-0.6.1/lib/watir-webdriver/browser.rb:87:in `close'
    Test_19_Virtual_currency_reflection.rb:165:in `rescue in test_04_site_settings_reset'
    Test_19_Virtual_currency_reflection.rb:144:in `test_04_site_settings_reset'

4 tests, 0 assertions, 0 failures, 3 errors, 0 skips

Test run options: --seed 30207
Loaded suite Test_20_Custom_reward
Started
.Started InternetExplorerDriver server (32-bit)
2.39.0.0
Listening on port 5555
Successful Login to Usampadmin
unable to locate element, using {:name=>"txtEmail", :tag_name=>"input or textarea", :type=>"(any text type)"}
["C:/Ruby192/lib/ruby/gems/1.9.1/gems/watir-webdriver-0.6.1/lib/watir-webdriver/elements/element.rb:365:in `assert_exists'", "C:/Ruby192/lib/ruby/gems/1.9.1/gems/watir-webdriver-0.6.1/lib/watir-webdriver/user_editable.rb:8:in `set'", "D:/IMPROVED_CODE_AAMIR/Usamp_lib.rb:164:in `Focusline_login'", "Test_20_Custom_reward.rb:52:in `test_02_custom_reward'", "C:/Ruby192/lib/ruby/1.9.1/minitest/unit.rb:695:in `run'", "C:/Ruby192/lib/ruby/1.9.1/minitest/unit.rb:656:in `block (2 levels) in run_test_suites'", "C:/Ruby192/lib/ruby/1.9.1/minitest/unit.rb:650:in `each'", "C:/Ruby192/lib/ruby/1.9.1/minitest/unit.rb:650:in `block in run_test_suites'", "C:/Ruby192/lib/ruby/1.9.1/minitest/unit.rb:649:in `each'", "C:/Ruby192/lib/ruby/1.9.1/minitest/unit.rb:649:in `run_test_suites'", "C:/Ruby192/lib/ruby/1.9.1/minitest/unit.rb:609:in `run'", "C:/Ruby192/lib/ruby/1.9.1/minitest/unit.rb:508:in `block in autorun'"]
E
Finished in 53.672562 seconds.

  1) Error:
test_02_custom_reward(Test_20_Custom_reward):
TypeError: can't convert nil into String
    Test_20_Custom_reward.rb:87:in `+'
    Test_20_Custom_reward.rb:87:in `rescue in test_02_custom_reward'
    Test_20_Custom_reward.rb:38:in `test_02_custom_reward'

2 tests, 0 assertions, 0 failures, 1 errors, 0 skips

Test run options: --seed 56310
Loaded suite Test_21_Registration_management
Started
.COUNTRY/LANGUAGE DOES NOT EXIST
FAIL - STEP 1 PAGE
FAIL - STEP 2 PAGE
.Started InternetExplorerDriver server (32-bit)
2.39.0.0
Listening on port 5555
Successful Login to Usampadmin
PASS
.PASS
"Dikhil" not found in select list
["C:/Ruby192/lib/ruby/gems/1.9.1/gems/watir-webdriver-0.6.1/lib/watir-webdriver/elements/select.rb:216:in `no_value_found'", "C:/Ruby192/lib/ruby/gems/1.9.1/gems/watir-webdriver-0.6.1/lib/watir-webdriver/elements/select.rb:150:in `rescue in select_by_string'", "C:/Ruby192/lib/ruby/gems/1.9.1/gems/watir-webdriver-0.6.1/lib/watir-webdriver/elements/select.rb:147:in `select_by_string'", "C:/Ruby192/lib/ruby/gems/1.9.1/gems/watir-webdriver-0.6.1/lib/watir-webdriver/elements/select.rb:129:in `select_by'", "C:/Ruby192/lib/ruby/gems/1.9.1/gems/watir-webdriver-0.6.1/lib/watir-webdriver/elements/select.rb:64:in `select'", "Test_21_Registration_management.rb:229:in `test_04_check_registration_after_new_settings'", "C:/Ruby192/lib/ruby/1.9.1/minitest/unit.rb:695:in `run'", "C:/Ruby192/lib/ruby/1.9.1/minitest/unit.rb:656:in `block (2 levels) in run_test_suites'", "C:/Ruby192/lib/ruby/1.9.1/minitest/unit.rb:650:in `each'", "C:/Ruby192/lib/ruby/1.9.1/minitest/unit.rb:650:in `block in run_test_suites'", "C:/Ruby192/lib/ruby/1.9.1/minitest/unit.rb:649:in `each'", "C:/Ruby192/lib/ruby/1.9.1/minitest/unit.rb:649:in `run_test_suites'", "C:/Ruby192/lib/ruby/1.9.1/minitest/unit.rb:609:in `run'", "C:/Ruby192/lib/ruby/1.9.1/minitest/unit.rb:508:in `block in autorun'"]
.Started InternetExplorerDriver server (32-bit)
2.39.0.0
Listening on port 5555
Successful Login to Usampadmin
PASS
.
Finished in 193.658729 seconds.

5 tests, 0 assertions, 0 failures, 0 errors, 0 skips

Test run options: --seed 57899
Loaded suite Test_22_Profile_redirection_on_signup
Started
.Successful Login to Usampadmin
unable to locate element, using {:name=>"txtFname", :tag_name=>"input or textarea", :type=>"(any text type)"}
["C:/Ruby192/lib/ruby/gems/1.9.1/gems/watir-webdriver-0.6.1/lib/watir-webdriver/elements/element.rb:365:in `assert_exists'", "C:/Ruby192/lib/ruby/gems/1.9.1/gems/watir-webdriver-0.6.1/lib/watir-webdriver/user_editable.rb:8:in `set'", "Test_22_Profile_redirection_on_signup.rb:76:in `test_02_prof_redirection'", "C:/Ruby192/lib/ruby/1.9.1/minitest/unit.rb:695:in `run'", "C:/Ruby192/lib/ruby/1.9.1/minitest/unit.rb:656:in `block (2 levels) in run_test_suites'", "C:/Ruby192/lib/ruby/1.9.1/minitest/unit.rb:650:in `each'", "C:/Ruby192/lib/ruby/1.9.1/minitest/unit.rb:650:in `block in run_test_suites'", "C:/Ruby192/lib/ruby/1.9.1/minitest/unit.rb:649:in `each'", "C:/Ruby192/lib/ruby/1.9.1/minitest/unit.rb:649:in `run_test_suites'", "C:/Ruby192/lib/ruby/1.9.1/minitest/unit.rb:609:in `run'", "C:/Ruby192/lib/ruby/1.9.1/minitest/unit.rb:508:in `block in autorun'"]
.Started InternetExplorerDriver server (32-bit)
2.39.0.0
Listening on port 5555
Successful Login to Usampadmin
unable to locate element, using {:name=>"txtFname", :tag_name=>"input or textarea", :type=>"(any text type)"}
["C:/Ruby192/lib/ruby/gems/1.9.1/gems/watir-webdriver-0.6.1/lib/watir-webdriver/elements/element.rb:365:in `assert_exists'", "C:/Ruby192/lib/ruby/gems/1.9.1/gems/watir-webdriver-0.6.1/lib/watir-webdriver/user_editable.rb:8:in `set'", "Test_22_Profile_redirection_on_signup.rb:178:in `test_03_dashboard_redirection'", "C:/Ruby192/lib/ruby/1.9.1/minitest/unit.rb:695:in `run'", "C:/Ruby192/lib/ruby/1.9.1/minitest/unit.rb:656:in `block (2 levels) in run_test_suites'", "C:/Ruby192/lib/ruby/1.9.1/minitest/unit.rb:650:in `each'", "C:/Ruby192/lib/ruby/1.9.1/minitest/unit.rb:650:in `block in run_test_suites'", "C:/Ruby192/lib/ruby/1.9.1/minitest/unit.rb:649:in `each'", "C:/Ruby192/lib/ruby/1.9.1/minitest/unit.rb:649:in `run_test_suites'", "C:/Ruby192/lib/ruby/1.9.1/minitest/unit.rb:609:in `run'", "C:/Ruby192/lib/ruby/1.9.1/minitest/unit.rb:508:in `block in autorun'"]
.
Finished in 124.907849 seconds.

3 tests, 0 assertions, 0 failures, 0 errors, 0 skips

Test run options: --seed 25366
Loaded suite Test_23_Request_cash_out
Started
.GIFT_CERT_2014-03-08 06:23:42
Successful Login to ipoll site
unable to locate element, using {:name=>"btnCashOut", :tag_name=>"button"}
["C:/Ruby192/lib/ruby/gems/1.9.1/gems/watir-webdriver-0.6.1/lib/watir-webdriver/elements/element.rb:365:in `assert_exists'", "C:/Ruby192/lib/ruby/gems/1.9.1/gems/watir-webdriver-0.6.1/lib/watir-webdriver/elements/element.rb:95:in `click'", "Test_23_Request_cash_out.rb:63:in `test_02_request_gift_cert'", "C:/Ruby192/lib/ruby/1.9.1/minitest/unit.rb:695:in `run'", "C:/Ruby192/lib/ruby/1.9.1/minitest/unit.rb:656:in `block (2 levels) in run_test_suites'", "C:/Ruby192/lib/ruby/1.9.1/minitest/unit.rb:650:in `each'", "C:/Ruby192/lib/ruby/1.9.1/minitest/unit.rb:650:in `block in run_test_suites'", "C:/Ruby192/lib/ruby/1.9.1/minitest/unit.rb:649:in `each'", "C:/Ruby192/lib/ruby/1.9.1/minitest/unit.rb:649:in `run_test_suites'", "C:/Ruby192/lib/ruby/1.9.1/minitest/unit.rb:609:in `run'", "C:/Ruby192/lib/ruby/1.9.1/minitest/unit.rb:508:in `block in autorun'"]
EDonation_2014-03-08 06:22:10
Successful Login to ipoll site
Pass
.Donation_2014-03-08 06:22:10
GIFT_CERT_2014-03-08 06:23:42
Successful Login to ipoll site
.GIFT_CERT_2014-03-08 06:23:42
Successful Login to ipoll site
unable to locate element, using {:id=>"btnCashOut", :tag_name=>"button"}
["C:/Ruby192/lib/ruby/gems/1.9.1/gems/watir-webdriver-0.6.1/lib/watir-webdriver/elements/element.rb:365:in `assert_exists'", "C:/Ruby192/lib/ruby/gems/1.9.1/gems/watir-webdriver-0.6.1/lib/watir-webdriver/elements/element.rb:95:in `click'", "Test_23_Request_cash_out.rb:245:in `test_05_request_gift_cert_for_rejection_later'", "C:/Ruby192/lib/ruby/1.9.1/minitest/unit.rb:695:in `run'", "C:/Ruby192/lib/ruby/1.9.1/minitest/unit.rb:656:in `block (2 levels) in run_test_suites'", "C:/Ruby192/lib/ruby/1.9.1/minitest/unit.rb:650:in `each'", "C:/Ruby192/lib/ruby/1.9.1/minitest/unit.rb:650:in `block in run_test_suites'", "C:/Ruby192/lib/ruby/1.9.1/minitest/unit.rb:649:in `each'", "C:/Ruby192/lib/ruby/1.9.1/minitest/unit.rb:649:in `run_test_suites'", "C:/Ruby192/lib/ruby/1.9.1/minitest/unit.rb:609:in `run'", "C:/Ruby192/lib/ruby/1.9.1/minitest/unit.rb:508:in `block in autorun'"]
.Donation_2014-03-08 06:22:10
Successful Login to ipoll site
unable to locate element, using {:id=>"btnCashOut", :tag_name=>"button"}
["C:/Ruby192/lib/ruby/gems/1.9.1/gems/watir-webdriver-0.6.1/lib/watir-webdriver/elements/element.rb:365:in `assert_exists'", "C:/Ruby192/lib/ruby/gems/1.9.1/gems/watir-webdriver-0.6.1/lib/watir-webdriver/elements/element.rb:95:in `click'", "Test_23_Request_cash_out.rb:287:in `test_06_request_donation_for_rejection_later'", "C:/Ruby192/lib/ruby/1.9.1/minitest/unit.rb:695:in `run'", "C:/Ruby192/lib/ruby/1.9.1/minitest/unit.rb:656:in `block (2 levels) in run_test_suites'", "C:/Ruby192/lib/ruby/1.9.1/minitest/unit.rb:650:in `each'", "C:/Ruby192/lib/ruby/1.9.1/minitest/unit.rb:650:in `block in run_test_suites'", "C:/Ruby192/lib/ruby/1.9.1/minitest/unit.rb:649:in `each'", "C:/Ruby192/lib/ruby/1.9.1/minitest/unit.rb:649:in `run_test_suites'", "C:/Ruby192/lib/ruby/1.9.1/minitest/unit.rb:609:in `run'", "C:/Ruby192/lib/ruby/1.9.1/minitest/unit.rb:508:in `block in autorun'"]
.
Finished in 526.428613 seconds.

  1) Error:
test_02_request_gift_cert(Test_23_Request_cash_out):
TypeError: can't convert nil into String
    Test_23_Request_cash_out.rb:83:in `+'
    Test_23_Request_cash_out.rb:83:in `rescue in test_02_request_gift_cert'
    Test_23_Request_cash_out.rb:44:in `test_02_request_gift_cert'

6 tests, 0 assertions, 0 failures, 1 errors, 0 skips

Test run options: --seed 47384
Loaded suite Test_24_Survey_redirection
Started
.Started InternetExplorerDriver server (32-bit)
2.39.0.0
Listening on port 5555
Successful Login to Usampadmin
25921
119356
.Started InternetExplorerDriver server (32-bit)
2.39.0.0
Listening on port 5555
Successful Login to Usampadmin
.unable to locate element, using {:name=>"txtEmail", :tag_name=>"input or textarea", :type=>"(any text type)"}
["C:/Ruby192/lib/ruby/gems/1.9.1/gems/watir-webdriver-0.6.1/lib/watir-webdriver/elements/element.rb:365:in `assert_exists'", "C:/Ruby192/lib/ruby/gems/1.9.1/gems/watir-webdriver-0.6.1/lib/watir-webdriver/user_editable.rb:8:in `set'", "D:/IMPROVED_CODE_AAMIR/Usamp_lib.rb:164:in `Focusline_login'", "Test_24_Survey_redirection.rb:131:in `test_04_std_redirection'", "C:/Ruby192/lib/ruby/1.9.1/minitest/unit.rb:695:in `run'", "C:/Ruby192/lib/ruby/1.9.1/minitest/unit.rb:656:in `block (2 levels) in run_test_suites'", "C:/Ruby192/lib/ruby/1.9.1/minitest/unit.rb:650:in `each'", "C:/Ruby192/lib/ruby/1.9.1/minitest/unit.rb:650:in `block in run_test_suites'", "C:/Ruby192/lib/ruby/1.9.1/minitest/unit.rb:649:in `each'", "C:/Ruby192/lib/ruby/1.9.1/minitest/unit.rb:649:in `run_test_suites'", "C:/Ruby192/lib/ruby/1.9.1/minitest/unit.rb:609:in `run'", "C:/Ruby192/lib/ruby/1.9.1/minitest/unit.rb:508:in `block in autorun'"]
EStarted InternetExplorerDriver server (32-bit)
2.39.0.0
Listening on port 5555
Successful Login to Usampadmin
.unable to locate element, using {:name=>"txtEmail", :tag_name=>"input or textarea", :type=>"(any text type)"}
["C:/Ruby192/lib/ruby/gems/1.9.1/gems/watir-webdriver-0.6.1/lib/watir-webdriver/elements/element.rb:365:in `assert_exists'", "C:/Ruby192/lib/ruby/gems/1.9.1/gems/watir-webdriver-0.6.1/lib/watir-webdriver/user_editable.rb:8:in `set'", "D:/IMPROVED_CODE_AAMIR/Usamp_lib.rb:164:in `Focusline_login'", "Test_24_Survey_redirection.rb:203:in `test_06_iframe_redirection'", "C:/Ruby192/lib/ruby/1.9.1/minitest/unit.rb:695:in `run'", "C:/Ruby192/lib/ruby/1.9.1/minitest/unit.rb:656:in `block (2 levels) in run_test_suites'", "C:/Ruby192/lib/ruby/1.9.1/minitest/unit.rb:650:in `each'", "C:/Ruby192/lib/ruby/1.9.1/minitest/unit.rb:650:in `block in run_test_suites'", "C:/Ruby192/lib/ruby/1.9.1/minitest/unit.rb:649:in `each'", "C:/Ruby192/lib/ruby/1.9.1/minitest/unit.rb:649:in `run_test_suites'", "C:/Ruby192/lib/ruby/1.9.1/minitest/unit.rb:609:in `run'", "C:/Ruby192/lib/ruby/1.9.1/minitest/unit.rb:508:in `block in autorun'"]
EStarted InternetExplorerDriver server (32-bit)
2.39.0.0
Listening on port 5555
Successful Login to Usampadmin
.Started InternetExplorerDriver server (32-bit)
2.39.0.0
Listening on port 5555
Successful Login to Usampadmin
25921
119356
.
Finished in 412.880285 seconds.

  1) Error:
test_04_std_redirection(Test_24_Survey_redirection):
TypeError: can't convert nil into String
    Test_24_Survey_redirection.rb:166:in `+'
    Test_24_Survey_redirection.rb:166:in `rescue in test_04_std_redirection'
    Test_24_Survey_redirection.rb:128:in `test_04_std_redirection'

  2) Error:
test_06_iframe_redirection(Test_24_Survey_redirection):
NoMethodError: undefined method `close' for nil:NilClass
    Test_24_Survey_redirection.rb:237:in `rescue in test_06_iframe_redirection'
    Test_24_Survey_redirection.rb:202:in `test_06_iframe_redirection'

8 tests, 0 assertions, 0 failures, 2 errors, 0 skips

Test run options: --seed 38318
Loaded suite Test_27_Dashboard_on_off
Started
.119356
Started InternetExplorerDriver server (32-bit)
2.39.0.0
Listening on port 5555
Successful Login to Usampadmin
Successful Login to ipoll site
OFF: PASSED
.119356
Started InternetExplorerDriver server (32-bit)
2.39.0.0
Listening on port 5555
Successful Login to Usampadmin
Successful Login to ipoll site
Timeout::Error
["C:/Ruby192/lib/ruby/1.9.1/net/protocol.rb:140:in `rescue in rbuf_fill'", "C:/Ruby192/lib/ruby/1.9.1/net/protocol.rb:134:in `rbuf_fill'", "C:/Ruby192/lib/ruby/1.9.1/net/protocol.rb:116:in `readuntil'", "C:/Ruby192/lib/ruby/1.9.1/net/protocol.rb:126:in `readline'", "C:/Ruby192/lib/ruby/1.9.1/net/http.rb:2219:in `read_status_line'", "C:/Ruby192/lib/ruby/1.9.1/net/http.rb:2208:in `read_new'", "C:/Ruby192/lib/ruby/1.9.1/net/http.rb:1191:in `transport_request'", "C:/Ruby192/lib/ruby/1.9.1/net/http.rb:1177:in `request'", "C:/Ruby192/lib/ruby/1.9.1/net/http.rb:1170:in `block in request'", "C:/Ruby192/lib/ruby/1.9.1/net/http.rb:627:in `start'", "C:/Ruby192/lib/ruby/1.9.1/net/http.rb:1168:in `request'", "C:/Ruby192/lib/ruby/gems/1.9.1/gems/selenium-webdriver-2.31.0/lib/selenium/webdriver/remote/http/default.rb:83:in `response_for'", "C:/Ruby192/lib/ruby/gems/1.9.1/gems/selenium-webdriver-2.31.0/lib/selenium/webdriver/remote/http/default.rb:39:in `request'", "C:/Ruby192/lib/ruby/gems/1.9.1/gems/selenium-webdriver-2.31.0/lib/selenium/webdriver/remote/http/common.rb:40:in `call'", "C:/Ruby192/lib/ruby/gems/1.9.1/gems/selenium-webdriver-2.31.0/lib/selenium/webdriver/remote/bridge.rb:616:in `raw_execute'", "C:/Ruby192/lib/ruby/gems/1.9.1/gems/selenium-webdriver-2.31.0/lib/selenium/webdriver/remote/bridge.rb:594:in `execute'", "C:/Ruby192/lib/ruby/gems/1.9.1/gems/selenium-webdriver-2.31.0/lib/selenium/webdriver/remote/bridge.rb:505:in `getElementText'", "C:/Ruby192/lib/ruby/gems/1.9.1/gems/selenium-webdriver-2.31.0/lib/selenium/webdriver/common/element.rb:108:in `text'", "C:/Ruby192/lib/ruby/gems/1.9.1/gems/watir-webdriver-0.6.1/lib/watir-webdriver/browser.rb:97:in `text'", "Test_27_Dashboard_on_off.rb:120:in `test_03_dash_on'", "C:/Ruby192/lib/ruby/1.9.1/minitest/unit.rb:695:in `run'", "C:/Ruby192/lib/ruby/1.9.1/minitest/unit.rb:656:in `block (2 levels) in run_test_suites'", "C:/Ruby192/lib/ruby/1.9.1/minitest/unit.rb:650:in `each'", "C:/Ruby192/lib/ruby/1.9.1/minitest/unit.rb:650:in `block in run_test_suites'", "C:/Ruby192/lib/ruby/1.9.1/minitest/unit.rb:649:in `each'", "C:/Ruby192/lib/ruby/1.9.1/minitest/unit.rb:649:in `run_test_suites'", "C:/Ruby192/lib/ruby/1.9.1/minitest/unit.rb:609:in `run'", "C:/Ruby192/lib/ruby/1.9.1/minitest/unit.rb:508:in `block in autorun'"]
.
Finished in 278.222311 seconds.

3 tests, 0 assertions, 0 failures, 0 errors, 0 skips

Test run options: --seed 12125
Loaded suite Test_28_Disable_pub_account
Started
.Started InternetExplorerDriver server (32-bit)
2.39.0.0
Listening on port 5555
Successful Login to Usampadmin
Pass
.Pass
.Pass
.Sorry! System Failed to login to Network site
Pass
.119356
Pass
.Started InternetExplorerDriver server (32-bit)
2.39.0.0
Listening on port 5555
Successful Login to Usampadmin
Pass
.Pass
.Pass
.Logged it to Network site
Pass
.119356
Pass
.
Finished in 311.816491 seconds.

11 tests, 0 assertions, 0 failures, 0 errors, 0 skips

Test run options: --seed 64836
Loaded suite Test_29_Enable_disable_queue2
Started
.Started InternetExplorerDriver server (32-bit)
2.39.0.0
Listening on port 5555
Successful Login to Usampadmin
Q2:Enabled
.https://www.p.ipoll.com/queue2.php
PASS
.Started InternetExplorerDriver server (32-bit)
2.39.0.0
Listening on port 5555
Successful Login to Usampadmin
Q2:Disabled
.https://www.p.ipoll.com/queue4.php
PASS
.
Finished in 249.737571 seconds.

5 tests, 0 assertions, 0 failures, 0 errors, 0 skips

Test run options: --seed 43815
Loaded suite Test_30_External_prescreener
Started
.Started InternetExplorerDriver server (32-bit)
2.39.0.0
Listening on port 5555
Successful Login to Usampadmin
25921
119356
MjU5MjEK
MTE5MzU2
.Started InternetExplorerDriver server (32-bit)
2.39.0.0
Listening on port 5555
Successful Login to Usampadmin
25921
119356
MjU5MjEK
MTE5MzU2
{:title=>"Welcome Back! Survey is closed"}
["C:/Ruby192/lib/ruby/gems/1.9.1/gems/watir-webdriver-0.6.1/lib/watir-webdriver/window.rb:122:in `locate'", "C:/Ruby192/lib/ruby/gems/1.9.1/gems/watir-webdriver-0.6.1/lib/watir-webdriver/window.rb:106:in `handle'", "C:/Ruby192/lib/ruby/gems/1.9.1/gems/watir-webdriver-0.6.1/lib/watir-webdriver/window.rb:99:in `use'", "Test_30_External_prescreener.rb:139:in `test_03_presurvey_complete'", "C:/Ruby192/lib/ruby/1.9.1/minitest/unit.rb:695:in `run'", "C:/Ruby192/lib/ruby/1.9.1/minitest/unit.rb:656:in `block (2 levels) in run_test_suites'", "C:/Ruby192/lib/ruby/1.9.1/minitest/unit.rb:650:in `each'", "C:/Ruby192/lib/ruby/1.9.1/minitest/unit.rb:650:in `block in run_test_suites'", "C:/Ruby192/lib/ruby/1.9.1/minitest/unit.rb:649:in `each'", "C:/Ruby192/lib/ruby/1.9.1/minitest/unit.rb:649:in `run_test_suites'", "C:/Ruby192/lib/ruby/1.9.1/minitest/unit.rb:609:in `run'", "C:/Ruby192/lib/ruby/1.9.1/minitest/unit.rb:508:in `block in autorun'"]
.Started InternetExplorerDriver server (32-bit)
2.39.0.0
Listening on port 5555
Successful Login to Usampadmin
25921
119356
MjU5MjEK
MTE5MzU2
{:title=>"Welcome Back! Survey is closed"}
["C:/Ruby192/lib/ruby/gems/1.9.1/gems/watir-webdriver-0.6.1/lib/watir-webdriver/window.rb:122:in `locate'", "C:/Ruby192/lib/ruby/gems/1.9.1/gems/watir-webdriver-0.6.1/lib/watir-webdriver/window.rb:106:in `handle'", "C:/Ruby192/lib/ruby/gems/1.9.1/gems/watir-webdriver-0.6.1/lib/watir-webdriver/window.rb:99:in `use'", "Test_30_External_prescreener.rb:230:in `test_04_presurvey_fail'", "C:/Ruby192/lib/ruby/1.9.1/minitest/unit.rb:695:in `run'", "C:/Ruby192/lib/ruby/1.9.1/minitest/unit.rb:656:in `block (2 levels) in run_test_suites'", "C:/Ruby192/lib/ruby/1.9.1/minitest/unit.rb:650:in `each'", "C:/Ruby192/lib/ruby/1.9.1/minitest/unit.rb:650:in `block in run_test_suites'", "C:/Ruby192/lib/ruby/1.9.1/minitest/unit.rb:649:in `each'", "C:/Ruby192/lib/ruby/1.9.1/minitest/unit.rb:649:in `run_test_suites'", "C:/Ruby192/lib/ruby/1.9.1/minitest/unit.rb:609:in `run'", "C:/Ruby192/lib/ruby/1.9.1/minitest/unit.rb:508:in `block in autorun'"]
.Started InternetExplorerDriver server (32-bit)
2.39.0.0
Listening on port 5555
Successful Login to Usampadmin
25921
119356
MjU5MjEK
MTE5MzU2
.
Finished in 280.519216 seconds.

5 tests, 0 assertions, 0 failures, 0 errors, 0 skips

Test run options: --seed 8190
Loaded suite Test_31_Merge_field_survey_url
Started
.Started InternetExplorerDriver server (32-bit)
2.39.0.0
Listening on port 5555
Successful Login to Usampadmin
25921
119356
MjU5MjEK
MTE5MzU2
Timeout::Error
["C:/Ruby192/lib/ruby/1.9.1/net/protocol.rb:140:in `rescue in rbuf_fill'", "C:/Ruby192/lib/ruby/1.9.1/net/protocol.rb:134:in `rbuf_fill'", "C:/Ruby192/lib/ruby/1.9.1/net/protocol.rb:116:in `readuntil'", "C:/Ruby192/lib/ruby/1.9.1/net/protocol.rb:126:in `readline'", "C:/Ruby192/lib/ruby/1.9.1/net/http.rb:2219:in `read_status_line'", "C:/Ruby192/lib/ruby/1.9.1/net/http.rb:2208:in `read_new'", "C:/Ruby192/lib/ruby/1.9.1/net/http.rb:1191:in `transport_request'", "C:/Ruby192/lib/ruby/1.9.1/net/http.rb:1177:in `request'", "C:/Ruby192/lib/ruby/1.9.1/net/http.rb:1170:in `block in request'", "C:/Ruby192/lib/ruby/1.9.1/net/http.rb:627:in `start'", "C:/Ruby192/lib/ruby/1.9.1/net/http.rb:1168:in `request'", "C:/Ruby192/lib/ruby/gems/1.9.1/gems/selenium-webdriver-2.31.0/lib/selenium/webdriver/remote/http/default.rb:83:in `response_for'", "C:/Ruby192/lib/ruby/gems/1.9.1/gems/selenium-webdriver-2.31.0/lib/selenium/webdriver/remote/http/default.rb:39:in `request'", "C:/Ruby192/lib/ruby/gems/1.9.1/gems/selenium-webdriver-2.31.0/lib/selenium/webdriver/remote/http/common.rb:40:in `call'", "C:/Ruby192/lib/ruby/gems/1.9.1/gems/selenium-webdriver-2.31.0/lib/selenium/webdriver/remote/bridge.rb:616:in `raw_execute'", "C:/Ruby192/lib/ruby/gems/1.9.1/gems/selenium-webdriver-2.31.0/lib/selenium/webdriver/remote/bridge.rb:594:in `execute'", "C:/Ruby192/lib/ruby/gems/1.9.1/gems/selenium-webdriver-2.31.0/lib/selenium/webdriver/remote/bridge.rb:401:in `sendKeysToElement'", "C:/Ruby192/lib/ruby/gems/1.9.1/gems/selenium-webdriver-2.31.0/lib/selenium/webdriver/common/element.rb:126:in `send_keys'", "C:/Ruby192/lib/ruby/gems/1.9.1/gems/watir-webdriver-0.6.1/lib/watir-webdriver/user_editable.rb:12:in `set'", "Test_31_Merge_field_survey_url.rb:62:in `test_02_update_QG'", "C:/Ruby192/lib/ruby/1.9.1/minitest/unit.rb:695:in `run'", "C:/Ruby192/lib/ruby/1.9.1/minitest/unit.rb:656:in `block (2 levels) in run_test_suites'", "C:/Ruby192/lib/ruby/1.9.1/minitest/unit.rb:650:in `each'", "C:/Ruby192/lib/ruby/1.9.1/minitest/unit.rb:650:in `block in run_test_suites'", "C:/Ruby192/lib/ruby/1.9.1/minitest/unit.rb:649:in `each'", "C:/Ruby192/lib/ruby/1.9.1/minitest/unit.rb:649:in `run_test_suites'", "C:/Ruby192/lib/ruby/1.9.1/minitest/unit.rb:609:in `run'", "C:/Ruby192/lib/ruby/1.9.1/minitest/unit.rb:508:in `block in autorun'"]
ESuccessful Login to ipoll site
119356
linkMTE5MzU2
{:title=>"TEST_AUTOMATION_SURVEY"}
["C:/Ruby192/lib/ruby/gems/1.9.1/gems/watir-webdriver-0.6.1/lib/watir-webdriver/window.rb:122:in `locate'", "C:/Ruby192/lib/ruby/gems/1.9.1/gems/watir-webdriver-0.6.1/lib/watir-webdriver/window.rb:106:in `handle'", "C:/Ruby192/lib/ruby/gems/1.9.1/gems/watir-webdriver-0.6.1/lib/watir-webdriver/window.rb:99:in `use'", "Test_31_Merge_field_survey_url.rb:101:in `test_03_check_merge_fields'", "C:/Ruby192/lib/ruby/1.9.1/minitest/unit.rb:695:in `run'", "C:/Ruby192/lib/ruby/1.9.1/minitest/unit.rb:656:in `block (2 levels) in run_test_suites'", "C:/Ruby192/lib/ruby/1.9.1/minitest/unit.rb:650:in `each'", "C:/Ruby192/lib/ruby/1.9.1/minitest/unit.rb:650:in `block in run_test_suites'", "C:/Ruby192/lib/ruby/1.9.1/minitest/unit.rb:649:in `each'", "C:/Ruby192/lib/ruby/1.9.1/minitest/unit.rb:649:in `run_test_suites'", "C:/Ruby192/lib/ruby/1.9.1/minitest/unit.rb:609:in `run'", "C:/Ruby192/lib/ruby/1.9.1/minitest/unit.rb:508:in `block in autorun'"]
EStarted InternetExplorerDriver server (32-bit)
2.39.0.0
Listening on port 5555
Successful Login to Usampadmin
25921
119356
MjU5MjEK
MTE5MzU2
.
Finished in 237.941062 seconds.

  1) Error:
test_02_update_QG(Test_31_Merge_field_survey_url):
Selenium::WebDriver::Error::WebDriverError: unexpected response, code=401, content-type=""
    C:/Ruby192/lib/ruby/gems/1.9.1/gems/selenium-webdriver-2.31.0/lib/selenium/webdriver/remote/http/common.rb:66:in `create_response'
    C:/Ruby192/lib/ruby/gems/1.9.1/gems/selenium-webdriver-2.31.0/lib/selenium/webdriver/remote/http/default.rb:66:in `request'
    C:/Ruby192/lib/ruby/gems/1.9.1/gems/selenium-webdriver-2.31.0/lib/selenium/webdriver/remote/http/common.rb:40:in `call'
    C:/Ruby192/lib/ruby/gems/1.9.1/gems/selenium-webdriver-2.31.0/lib/selenium/webdriver/remote/bridge.rb:616:in `raw_execute'
    C:/Ruby192/lib/ruby/gems/1.9.1/gems/selenium-webdriver-2.31.0/lib/selenium/webdriver/remote/bridge.rb:594:in `execute'
    C:/Ruby192/lib/ruby/gems/1.9.1/gems/selenium-webdriver-2.31.0/lib/selenium/webdriver/remote/bridge.rb:190:in `quit'
    C:/Ruby192/lib/ruby/gems/1.9.1/gems/selenium-webdriver-2.31.0/lib/selenium/webdriver/ie/bridge.rb:59:in `quit'
    C:/Ruby192/lib/ruby/gems/1.9.1/gems/selenium-webdriver-2.31.0/lib/selenium/webdriver/common/driver.rb:168:in `quit'
    C:/Ruby192/lib/ruby/gems/1.9.1/gems/watir-webdriver-0.6.1/lib/watir-webdriver/browser.rb:87:in `close'
    Test_31_Merge_field_survey_url.rb:72:in `rescue in test_02_update_QG'
    Test_31_Merge_field_survey_url.rb:39:in `test_02_update_QG'

  2) Error:
test_03_check_merge_fields(Test_31_Merge_field_survey_url):
TypeError: can't convert nil into String
    Test_31_Merge_field_survey_url.rb:131:in `+'
    Test_31_Merge_field_survey_url.rb:131:in `rescue in test_03_check_merge_fields'
    Test_31_Merge_field_survey_url.rb:82:in `test_03_check_merge_fields'

4 tests, 0 assertions, 0 failures, 2 errors, 0 skips

Test run options: --seed 20795
Loaded suite Test_33_Custom_homepage_render
Started
.Started InternetExplorerDriver server (32-bit)
2.39.0.0
Listening on port 5555
Successful Login to Usampadmin
Config settings saved
.FAIL
.Started InternetExplorerDriver server (32-bit)
2.39.0.0
Listening on port 5555
Successful Login to Usampadmin
.
Finished in 162.207277 seconds.

4 tests, 0 assertions, 0 failures, 0 errors, 0 skips

Test run options: --seed 63167
Loaded suite Test_34_Add_publisher
Started
.Started InternetExplorerDriver server (32-bit)
2.39.0.0
Listening on port 5555
Successful Login to Usampadmin
Pass
.Successful Login to Usampadmin
TEST AUTO PUB_3208
PU2236
unable to locate element, using {:name=>"optCountryId[]", :tag_name=>"select"}
["C:/Ruby192/lib/ruby/gems/1.9.1/gems/watir-webdriver-0.6.1/lib/watir-webdriver/elements/element.rb:365:in `assert_exists'", "C:/Ruby192/lib/ruby/gems/1.9.1/gems/watir-webdriver-0.6.1/lib/watir-webdriver/elements/select.rb:125:in `select_by'", "C:/Ruby192/lib/ruby/gems/1.9.1/gems/watir-webdriver-0.6.1/lib/watir-webdriver/elements/select.rb:64:in `select'", "Test_34_Add_publisher.rb:136:in `test_03_search_pub'", "C:/Ruby192/lib/ruby/1.9.1/minitest/unit.rb:695:in `run'", "C:/Ruby192/lib/ruby/1.9.1/minitest/unit.rb:656:in `block (2 levels) in run_test_suites'", "C:/Ruby192/lib/ruby/1.9.1/minitest/unit.rb:650:in `each'", "C:/Ruby192/lib/ruby/1.9.1/minitest/unit.rb:650:in `block in run_test_suites'", "C:/Ruby192/lib/ruby/1.9.1/minitest/unit.rb:649:in `each'", "C:/Ruby192/lib/ruby/1.9.1/minitest/unit.rb:649:in `run_test_suites'", "C:/Ruby192/lib/ruby/1.9.1/minitest/unit.rb:609:in `run'", "C:/Ruby192/lib/ruby/1.9.1/minitest/unit.rb:508:in `block in autorun'"]
.
Finished in 156.379003 seconds.

3 tests, 0 assertions, 0 failures, 0 errors, 0 skips

Test run options: --seed 51377
Loaded suite Test_36_Project_search
Started
.Successful Login to Usampadmin
Pass
.
Finished in 93.439892 seconds.

2 tests, 0 assertions, 0 failures, 0 errors, 0 skips

Test run options: --seed 41993
Loaded suite Test_37_Add_publisher_group
Started
.Started InternetExplorerDriver server (32-bit)
2.39.0.0
Listening on port 5555
Successful Login to Usampadmin
TEST AUTO PUB_3208
Pass
.Started InternetExplorerDriver server (32-bit)
2.39.0.0
Listening on port 5555
Successful Login to Usampadmin
TEST_PUB_GRP_3701
TEST_PUB_GRP_3701
Pass
TEST TEMP GRP NAME:37:01
TEST TEMP GRP NAME:37:01
Pass
.
Finished in 111.127845 seconds.

3 tests, 0 assertions, 0 failures, 0 errors, 0 skips

Test run options: --seed 63105
Loaded suite Test_38_Add_employee
Started
.Started InternetExplorerDriver server (32-bit)
2.39.0.0
Listening on port 5555
Successful Login to Usampadmin
Pass
.Started InternetExplorerDriver server (32-bit)
2.39.0.0
Listening on port 5555
Successful Login to Usampadmin
auto_test_emp.des2014-03-08073919@mailop.com
Pass
Pass
.
Finished in 89.517917 seconds.

3 tests, 0 assertions, 0 failures, 0 errors, 0 skips

Test run options: --seed 50288
Loaded suite Test_39_Add_client
Started
.Started InternetExplorerDriver server (32-bit)
2.39.0.0
Listening on port 5555
Successful Login to Usampadmin
Pass
.Started InternetExplorerDriver server (32-bit)
2.39.0.0
Listening on port 5556
Successful Login to Usampadmin
Pass
Pass
.
Finished in 119.409306 seconds.

3 tests, 0 assertions, 0 failures, 0 errors, 0 skips

Test run options: --seed 41645
Loaded suite Test_40_Simulate_completes
Started
.25921
119356
Started InternetExplorerDriver server (32-bit)
2.39.0.0
Listening on port 5555
Successful Login to Usampadmin
{:title=>"Welcome Back!"}
["C:/Ruby192/lib/ruby/gems/1.9.1/gems/watir-webdriver-0.6.1/lib/watir-webdriver/window.rb:122:in `locate'", "C:/Ruby192/lib/ruby/gems/1.9.1/gems/watir-webdriver-0.6.1/lib/watir-webdriver/window.rb:106:in `handle'", "C:/Ruby192/lib/ruby/gems/1.9.1/gems/watir-webdriver-0.6.1/lib/watir-webdriver/window.rb:99:in `use'", "Test_40_Simulate_completes.rb:72:in `test_02_simulate_success'", "C:/Ruby192/lib/ruby/1.9.1/minitest/unit.rb:695:in `run'", "C:/Ruby192/lib/ruby/1.9.1/minitest/unit.rb:656:in `block (2 levels) in run_test_suites'", "C:/Ruby192/lib/ruby/1.9.1/minitest/unit.rb:650:in `each'", "C:/Ruby192/lib/ruby/1.9.1/minitest/unit.rb:650:in `block in run_test_suites'", "C:/Ruby192/lib/ruby/1.9.1/minitest/unit.rb:649:in `each'", "C:/Ruby192/lib/ruby/1.9.1/minitest/unit.rb:649:in `run_test_suites'", "C:/Ruby192/lib/ruby/1.9.1/minitest/unit.rb:609:in `run'", "C:/Ruby192/lib/ruby/1.9.1/minitest/unit.rb:508:in `block in autorun'"]
.25921
119356
Started InternetExplorerDriver server (32-bit)
2.39.0.0
Listening on port 5556
Successful Login to Usampadmin
Fail
.25921
119356
Started InternetExplorerDriver server (32-bit)
2.39.0.0
Listening on port 5555
Successful Login to Usampadmin
Fail
.
Finished in 271.069440 seconds.

4 tests, 0 assertions, 0 failures, 0 errors, 0 skips

Test run options: --seed 36030
Loaded suite Test_41_Member_search
Started
.Started InternetExplorerDriver server (32-bit)
2.39.0.0
Listening on port 5555
Successful Login to Usampadmin
Fail
Pass
.
Finished in 88.955402 seconds.

2 tests, 0 assertions, 0 failures, 0 errors, 0 skips

Test run options: --seed 51216
Loaded suite Test_42_QG_notifications
Started
.Started InternetExplorerDriver server (32-bit)
2.39.0.0
Listening on port 5555
Successful Login to Usampadmin
25921
119356
QG COPIED
Timeout::Error
["C:/Ruby192/lib/ruby/1.9.1/net/protocol.rb:140:in `rescue in rbuf_fill'", "C:/Ruby192/lib/ruby/1.9.1/net/protocol.rb:134:in `rbuf_fill'", "C:/Ruby192/lib/ruby/1.9.1/net/protocol.rb:116:in `readuntil'", "C:/Ruby192/lib/ruby/1.9.1/net/protocol.rb:126:in `readline'", "C:/Ruby192/lib/ruby/1.9.1/net/http.rb:2219:in `read_status_line'", "C:/Ruby192/lib/ruby/1.9.1/net/http.rb:2208:in `read_new'", "C:/Ruby192/lib/ruby/1.9.1/net/http.rb:1191:in `transport_request'", "C:/Ruby192/lib/ruby/1.9.1/net/http.rb:1177:in `request'", "C:/Ruby192/lib/ruby/1.9.1/net/http.rb:1170:in `block in request'", "C:/Ruby192/lib/ruby/1.9.1/net/http.rb:627:in `start'", "C:/Ruby192/lib/ruby/1.9.1/net/http.rb:1168:in `request'", "C:/Ruby192/lib/ruby/gems/1.9.1/gems/selenium-webdriver-2.31.0/lib/selenium/webdriver/remote/http/default.rb:83:in `response_for'", "C:/Ruby192/lib/ruby/gems/1.9.1/gems/selenium-webdriver-2.31.0/lib/selenium/webdriver/remote/http/default.rb:39:in `request'", "C:/Ruby192/lib/ruby/gems/1.9.1/gems/selenium-webdriver-2.31.0/lib/selenium/webdriver/remote/http/common.rb:40:in `call'", "C:/Ruby192/lib/ruby/gems/1.9.1/gems/selenium-webdriver-2.31.0/lib/selenium/webdriver/remote/bridge.rb:616:in `raw_execute'", "C:/Ruby192/lib/ruby/gems/1.9.1/gems/selenium-webdriver-2.31.0/lib/selenium/webdriver/remote/bridge.rb:594:in `execute'", "C:/Ruby192/lib/ruby/gems/1.9.1/gems/selenium-webdriver-2.31.0/lib/selenium/webdriver/remote/bridge.rb:505:in `getElementText'", "C:/Ruby192/lib/ruby/gems/1.9.1/gems/selenium-webdriver-2.31.0/lib/selenium/webdriver/common/element.rb:108:in `text'", "C:/Ruby192/lib/ruby/gems/1.9.1/gems/watir-webdriver-0.6.1/lib/watir-webdriver/browser.rb:97:in `text'", "Test_42_QG_notifications.rb:86:in `test_02_make_QG_copy'", "C:/Ruby192/lib/ruby/1.9.1/minitest/unit.rb:695:in `run'", "C:/Ruby192/lib/ruby/1.9.1/minitest/unit.rb:656:in `block (2 levels) in run_test_suites'", "C:/Ruby192/lib/ruby/1.9.1/minitest/unit.rb:650:in `each'", "C:/Ruby192/lib/ruby/1.9.1/minitest/unit.rb:650:in `block in run_test_suites'", "C:/Ruby192/lib/ruby/1.9.1/minitest/unit.rb:649:in `each'", "C:/Ruby192/lib/ruby/1.9.1/minitest/unit.rb:649:in `run_test_suites'", "C:/Ruby192/lib/ruby/1.9.1/minitest/unit.rb:609:in `run'", "C:/Ruby192/lib/ruby/1.9.1/minitest/unit.rb:508:in `block in autorun'"]
EStarted InternetExplorerDriver server (32-bit)
2.39.0.0
Listening on port 5556
Successful Login to Usampadmin
25921

can't convert nil into String
["C:/Ruby192/lib/ruby/1.9.1/base64.rb:38:in `pack'", "C:/Ruby192/lib/ruby/1.9.1/base64.rb:38:in `encode64'", "Test_42_QG_notifications.rb:147:in `test_03_set_QG_notifications_no_redirection_activity'", "C:/Ruby192/lib/ruby/1.9.1/minitest/unit.rb:695:in `run'", "C:/Ruby192/lib/ruby/1.9.1/minitest/unit.rb:656:in `block (2 levels) in run_test_suites'", "C:/Ruby192/lib/ruby/1.9.1/minitest/unit.rb:650:in `each'", "C:/Ruby192/lib/ruby/1.9.1/minitest/unit.rb:650:in `block in run_test_suites'", "C:/Ruby192/lib/ruby/1.9.1/minitest/unit.rb:649:in `each'", "C:/Ruby192/lib/ruby/1.9.1/minitest/unit.rb:649:in `run_test_suites'", "C:/Ruby192/lib/ruby/1.9.1/minitest/unit.rb:609:in `run'", "C:/Ruby192/lib/ruby/1.9.1/minitest/unit.rb:508:in `block in autorun'"]
E25921

can't convert nil into String
["C:/Ruby192/lib/ruby/1.9.1/base64.rb:38:in `pack'", "C:/Ruby192/lib/ruby/1.9.1/base64.rb:38:in `encode64'", "Test_42_QG_notifications.rb:198:in `test_04_achieve_no_clicks_with_no_redirection'", "C:/Ruby192/lib/ruby/1.9.1/minitest/unit.rb:695:in `run'", "C:/Ruby192/lib/ruby/1.9.1/minitest/unit.rb:656:in `block (2 levels) in run_test_suites'", "C:/Ruby192/lib/ruby/1.9.1/minitest/unit.rb:650:in `each'", "C:/Ruby192/lib/ruby/1.9.1/minitest/unit.rb:650:in `block in run_test_suites'", "C:/Ruby192/lib/ruby/1.9.1/minitest/unit.rb:649:in `each'", "C:/Ruby192/lib/ruby/1.9.1/minitest/unit.rb:649:in `run_test_suites'", "C:/Ruby192/lib/ruby/1.9.1/minitest/unit.rb:609:in `run'", "C:/Ruby192/lib/ruby/1.9.1/minitest/unit.rb:508:in `block in autorun'"]
E
Finished in 223.708852 seconds.

  1) Error:
test_02_make_QG_copy(Test_42_QG_notifications):
Selenium::WebDriver::Error::WebDriverError: unexpected response, code=401, content-type=""
    C:/Ruby192/lib/ruby/gems/1.9.1/gems/selenium-webdriver-2.31.0/lib/selenium/webdriver/remote/http/common.rb:66:in `create_response'
    C:/Ruby192/lib/ruby/gems/1.9.1/gems/selenium-webdriver-2.31.0/lib/selenium/webdriver/remote/http/default.rb:66:in `request'
    C:/Ruby192/lib/ruby/gems/1.9.1/gems/selenium-webdriver-2.31.0/lib/selenium/webdriver/remote/http/common.rb:40:in `call'
    C:/Ruby192/lib/ruby/gems/1.9.1/gems/selenium-webdriver-2.31.0/lib/selenium/webdriver/remote/bridge.rb:616:in `raw_execute'
    C:/Ruby192/lib/ruby/gems/1.9.1/gems/selenium-webdriver-2.31.0/lib/selenium/webdriver/remote/bridge.rb:594:in `execute'
    C:/Ruby192/lib/ruby/gems/1.9.1/gems/selenium-webdriver-2.31.0/lib/selenium/webdriver/remote/bridge.rb:190:in `quit'
    C:/Ruby192/lib/ruby/gems/1.9.1/gems/selenium-webdriver-2.31.0/lib/selenium/webdriver/ie/bridge.rb:59:in `quit'
    C:/Ruby192/lib/ruby/gems/1.9.1/gems/selenium-webdriver-2.31.0/lib/selenium/webdriver/common/driver.rb:168:in `quit'
    C:/Ruby192/lib/ruby/gems/1.9.1/gems/watir-webdriver-0.6.1/lib/watir-webdriver/browser.rb:87:in `close'
    Test_42_QG_notifications.rb:116:in `rescue in test_02_make_QG_copy'
    Test_42_QG_notifications.rb:39:in `test_02_make_QG_copy'

  2) Error:
test_03_set_QG_notifications_no_redirection_activity(Test_42_QG_notifications):
TypeError: can't convert nil into String
    Test_42_QG_notifications.rb:178:in `+'
    Test_42_QG_notifications.rb:178:in `rescue in test_03_set_QG_notifications_no_redirection_activity'
    Test_42_QG_notifications.rb:125:in `test_03_set_QG_notifications_no_redirection_activity'

  3) Error:
test_04_achieve_no_clicks_with_no_redirection(Test_42_QG_notifications):
TypeError: can't convert nil into String
    Test_42_QG_notifications.rb:256:in `+'
    Test_42_QG_notifications.rb:256:in `rescue in test_04_achieve_no_clicks_with_no_redirection'
    Test_42_QG_notifications.rb:186:in `test_04_achieve_no_clicks_with_no_redirection'

4 tests, 0 assertions, 0 failures, 3 errors, 0 skips

Test run options: --seed 34189
Loaded suite Test_43_Add_tools
Started
.Started InternetExplorerDriver server (32-bit)
2.39.0.0
Listening on port 5555
Successful Login to Usampadmin
Pass
.Started InternetExplorerDriver server (32-bit)
2.39.0.0
Listening on port 5555
Successful Login to Usampadmin
Unable to get element text
["C:/Ruby192/lib/ruby/gems/1.9.1/gems/selenium-webdriver-2.31.0/lib/selenium/webdriver/remote/response.rb:52:in `assert_ok'", "C:/Ruby192/lib/ruby/gems/1.9.1/gems/selenium-webdriver-2.31.0/lib/selenium/webdriver/remote/response.rb:15:in `initialize'", "C:/Ruby192/lib/ruby/gems/1.9.1/gems/selenium-webdriver-2.31.0/lib/selenium/webdriver/remote/http/common.rb:59:in `new'", "C:/Ruby192/lib/ruby/gems/1.9.1/gems/selenium-webdriver-2.31.0/lib/selenium/webdriver/remote/http/common.rb:59:in `create_response'", "C:/Ruby192/lib/ruby/gems/1.9.1/gems/selenium-webdriver-2.31.0/lib/selenium/webdriver/remote/http/default.rb:66:in `request'", "C:/Ruby192/lib/ruby/gems/1.9.1/gems/selenium-webdriver-2.31.0/lib/selenium/webdriver/remote/http/common.rb:40:in `call'", "C:/Ruby192/lib/ruby/gems/1.9.1/gems/selenium-webdriver-2.31.0/lib/selenium/webdriver/remote/bridge.rb:616:in `raw_execute'", "C:/Ruby192/lib/ruby/gems/1.9.1/gems/selenium-webdriver-2.31.0/lib/selenium/webdriver/remote/bridge.rb:594:in `execute'", "C:/Ruby192/lib/ruby/gems/1.9.1/gems/selenium-webdriver-2.31.0/lib/selenium/webdriver/remote/bridge.rb:505:in `getElementText'", "C:/Ruby192/lib/ruby/gems/1.9.1/gems/selenium-webdriver-2.31.0/lib/selenium/webdriver/common/element.rb:108:in `text'", "C:/Ruby192/lib/ruby/gems/1.9.1/gems/watir-webdriver-0.6.1/lib/watir-webdriver/elements/select.rb:208:in `safe_text'", "C:/Ruby192/lib/ruby/gems/1.9.1/gems/watir-webdriver-0.6.1/lib/watir-webdriver/elements/select.rb:155:in `select_by_string'", "C:/Ruby192/lib/ruby/gems/1.9.1/gems/watir-webdriver-0.6.1/lib/watir-webdriver/elements/select.rb:129:in `select_by'", "C:/Ruby192/lib/ruby/gems/1.9.1/gems/watir-webdriver-0.6.1/lib/watir-webdriver/elements/select.rb:64:in `select'", "Test_43_Add_tools.rb:94:in `test_03_token_member_lookup'", "C:/Ruby192/lib/ruby/1.9.1/minitest/unit.rb:695:in `run'", "C:/Ruby192/lib/ruby/1.9.1/minitest/unit.rb:656:in `block (2 levels) in run_test_suites'", "C:/Ruby192/lib/ruby/1.9.1/minitest/unit.rb:650:in `each'", "C:/Ruby192/lib/ruby/1.9.1/minitest/unit.rb:650:in `block in run_test_suites'", "C:/Ruby192/lib/ruby/1.9.1/minitest/unit.rb:649:in `each'", "C:/Ruby192/lib/ruby/1.9.1/minitest/unit.rb:649:in `run_test_suites'", "C:/Ruby192/lib/ruby/1.9.1/minitest/unit.rb:609:in `run'", "C:/Ruby192/lib/ruby/1.9.1/minitest/unit.rb:508:in `block in autorun'"]
.
Finished in 71.595583 seconds.

3 tests, 0 assertions, 0 failures, 0 errors, 0 skips

Test run options: --seed 4378
Loaded suite Test_44_Pub_client_association
Started
.Started InternetExplorerDriver server (32-bit)
2.39.0.0
Listening on port 5555
Successful Login to Usampadmin
Publisher not added
"TEST CLIENT COMPANY (RRH)" not found in select list
["C:/Ruby192/lib/ruby/gems/1.9.1/gems/watir-webdriver-0.6.1/lib/watir-webdriver/elements/select.rb:216:in `no_value_found'", "C:/Ruby192/lib/ruby/gems/1.9.1/gems/watir-webdriver-0.6.1/lib/watir-webdriver/elements/select.rb:142:in `select_by_string'", "C:/Ruby192/lib/ruby/gems/1.9.1/gems/watir-webdriver-0.6.1/lib/watir-webdriver/elements/select.rb:129:in `select_by'", "C:/Ruby192/lib/ruby/gems/1.9.1/gems/watir-webdriver-0.6.1/lib/watir-webdriver/elements/select.rb:64:in `select'", "Test_44_Pub_client_association.rb:68:in `test_02_make_pub_level_setting'", "C:/Ruby192/lib/ruby/1.9.1/minitest/unit.rb:695:in `run'", "C:/Ruby192/lib/ruby/1.9.1/minitest/unit.rb:656:in `block (2 levels) in run_test_suites'", "C:/Ruby192/lib/ruby/1.9.1/minitest/unit.rb:650:in `each'", "C:/Ruby192/lib/ruby/1.9.1/minitest/unit.rb:650:in `block in run_test_suites'", "C:/Ruby192/lib/ruby/1.9.1/minitest/unit.rb:649:in `each'", "C:/Ruby192/lib/ruby/1.9.1/minitest/unit.rb:649:in `run_test_suites'", "C:/Ruby192/lib/ruby/1.9.1/minitest/unit.rb:609:in `run'", "C:/Ruby192/lib/ruby/1.9.1/minitest/unit.rb:508:in `block in autorun'"]
EStarted InternetExplorerDriver server (32-bit)
2.39.0.0
Listening on port 5555
Successful Login to Usampadmin
Fail
.Started InternetExplorerDriver server (32-bit)
2.39.0.0
Listening on port 5555
Successful Login to Usampadmin
Pass
.Started InternetExplorerDriver server (32-bit)
2.39.0.0
Listening on port 5555
Successful Login to Usampadmin
Pass
.
Finished in 184.239092 seconds.

  1) Error:
test_02_make_pub_level_setting(Test_44_Pub_client_association):
TypeError: can't convert nil into String
    Test_44_Pub_client_association.rb:107:in `+'
    Test_44_Pub_client_association.rb:107:in `rescue in test_02_make_pub_level_setting'
    Test_44_Pub_client_association.rb:38:in `test_02_make_pub_level_setting'

5 tests, 0 assertions, 0 failures, 1 errors, 0 skips

Test run options: --seed 60245
Loaded suite Test_45_Email_link_pub
Started
.Started InternetExplorerDriver server (32-bit)
2.39.0.0
Listening on port 5555
Successful Login to Usampadmin
25921
119356
Pass
.119356
MAIL PASSED
.
Finished in 142.081762 seconds.

3 tests, 0 assertions, 0 failures, 0 errors, 0 skips

Test run options: --seed 38854
Loaded suite Test_46_Donot_include_member_last_hour
Started
.Started InternetExplorerDriver server (32-bit)
2.39.0.0
Listening on port 5555
Successful Login to Usampadmin
25921
119356
MjU5MjEK
MTE5MzU2
Started InternetExplorerDriver server (32-bit)
2.39.0.0
Listening on port 5556
Successful Login to Usampadmin
p.usampadmin.com/add_quota_group.php?project_id=MjU5MjEK
&quota_group_id=MTE5MzU2
Pass
.No connection could be made because the target machine actively refused it. - connect(2)
["C:/Ruby192/lib/ruby/1.9.1/net/http.rb:644:in `initialize'", "C:/Ruby192/lib/ruby/1.9.1/net/http.rb:644:in `open'", "C:/Ruby192/lib/ruby/1.9.1/net/http.rb:644:in `block in connect'", "C:/Ruby192/lib/ruby/1.9.1/timeout.rb:44:in `timeout'", "C:/Ruby192/lib/ruby/1.9.1/timeout.rb:89:in `timeout'", "C:/Ruby192/lib/ruby/1.9.1/net/http.rb:644:in `connect'", "C:/Ruby192/lib/ruby/1.9.1/net/http.rb:637:in `do_start'", "C:/Ruby192/lib/ruby/1.9.1/net/http.rb:626:in `start'", "C:/Ruby192/lib/ruby/1.9.1/net/http.rb:1168:in `request'", "C:/Ruby192/lib/ruby/gems/1.9.1/gems/selenium-webdriver-2.31.0/lib/selenium/webdriver/remote/http/default.rb:83:in `response_for'", "C:/Ruby192/lib/ruby/gems/1.9.1/gems/selenium-webdriver-2.31.0/lib/selenium/webdriver/remote/http/default.rb:39:in `request'", "C:/Ruby192/lib/ruby/gems/1.9.1/gems/selenium-webdriver-2.31.0/lib/selenium/webdriver/remote/http/common.rb:40:in `call'", "C:/Ruby192/lib/ruby/gems/1.9.1/gems/selenium-webdriver-2.31.0/lib/selenium/webdriver/remote/bridge.rb:616:in `raw_execute'", "C:/Ruby192/lib/ruby/gems/1.9.1/gems/selenium-webdriver-2.31.0/lib/selenium/webdriver/remote/bridge.rb:594:in `execute'", "C:/Ruby192/lib/ruby/gems/1.9.1/gems/selenium-webdriver-2.31.0/lib/selenium/webdriver/remote/bridge.rb:413:in `clearElement'", "C:/Ruby192/lib/ruby/gems/1.9.1/gems/selenium-webdriver-2.31.0/lib/selenium/webdriver/common/element.rb:141:in `clear'", "C:/Ruby192/lib/ruby/gems/1.9.1/gems/watir-webdriver-0.6.1/lib/watir-webdriver/user_editable.rb:11:in `set'", "Test_46_Donot_include_member_last_hour.rb:120:in `test_03_member_signup_check_survey'", "C:/Ruby192/lib/ruby/1.9.1/minitest/unit.rb:695:in `run'", "C:/Ruby192/lib/ruby/1.9.1/minitest/unit.rb:656:in `block (2 levels) in run_test_suites'", "C:/Ruby192/lib/ruby/1.9.1/minitest/unit.rb:650:in `each'", "C:/Ruby192/lib/ruby/1.9.1/minitest/unit.rb:650:in `block in run_test_suites'", "C:/Ruby192/lib/ruby/1.9.1/minitest/unit.rb:649:in `each'", "C:/Ruby192/lib/ruby/1.9.1/minitest/unit.rb:649:in `run_test_suites'", "C:/Ruby192/lib/ruby/1.9.1/minitest/unit.rb:609:in `run'", "C:/Ruby192/lib/ruby/1.9.1/minitest/unit.rb:508:in `block in autorun'"]
EStarted InternetExplorerDriver server (32-bit)
2.39.0.0
Listening on port 5556
Successful Login to Usampadmin
25921
119356
Started InternetExplorerDriver server (32-bit)
2.39.0.0
Listening on port 5557
Successful Login to Usampadmin
Timeout::Error
["C:/Ruby192/lib/ruby/1.9.1/net/protocol.rb:140:in `rescue in rbuf_fill'", "C:/Ruby192/lib/ruby/1.9.1/net/protocol.rb:134:in `rbuf_fill'", "C:/Ruby192/lib/ruby/1.9.1/net/protocol.rb:116:in `readuntil'", "C:/Ruby192/lib/ruby/1.9.1/net/protocol.rb:126:in `readline'", "C:/Ruby192/lib/ruby/1.9.1/net/http.rb:2219:in `read_status_line'", "C:/Ruby192/lib/ruby/1.9.1/net/http.rb:2208:in `read_new'", "C:/Ruby192/lib/ruby/1.9.1/net/http.rb:1191:in `transport_request'", "C:/Ruby192/lib/ruby/1.9.1/net/http.rb:1177:in `request'", "C:/Ruby192/lib/ruby/1.9.1/net/http.rb:1170:in `block in request'", "C:/Ruby192/lib/ruby/1.9.1/net/http.rb:627:in `start'", "C:/Ruby192/lib/ruby/1.9.1/net/http.rb:1168:in `request'", "C:/Ruby192/lib/ruby/gems/1.9.1/gems/selenium-webdriver-2.31.0/lib/selenium/webdriver/remote/http/default.rb:83:in `response_for'", "C:/Ruby192/lib/ruby/gems/1.9.1/gems/selenium-webdriver-2.31.0/lib/selenium/webdriver/remote/http/default.rb:39:in `request'", "C:/Ruby192/lib/ruby/gems/1.9.1/gems/selenium-webdriver-2.31.0/lib/selenium/webdriver/remote/http/common.rb:40:in `call'", "C:/Ruby192/lib/ruby/gems/1.9.1/gems/selenium-webdriver-2.31.0/lib/selenium/webdriver/remote/bridge.rb:616:in `raw_execute'", "C:/Ruby192/lib/ruby/gems/1.9.1/gems/selenium-webdriver-2.31.0/lib/selenium/webdriver/remote/bridge.rb:594:in `execute'", "C:/Ruby192/lib/ruby/gems/1.9.1/gems/selenium-webdriver-2.31.0/lib/selenium/webdriver/remote/bridge.rb:359:in `clickElement'", "C:/Ruby192/lib/ruby/gems/1.9.1/gems/selenium-webdriver-2.31.0/lib/selenium/webdriver/common/element.rb:54:in `click'", "C:/Ruby192/lib/ruby/gems/1.9.1/gems/watir-webdriver-0.6.1/lib/watir-webdriver/elements/element.rb:108:in `click'", "Test_46_Donot_include_member_last_hour.rb:217:in `test_04_disable_setting'", "C:/Ruby192/lib/ruby/1.9.1/minitest/unit.rb:695:in `run'", "C:/Ruby192/lib/ruby/1.9.1/minitest/unit.rb:656:in `block (2 levels) in run_test_suites'", "C:/Ruby192/lib/ruby/1.9.1/minitest/unit.rb:650:in `each'", "C:/Ruby192/lib/ruby/1.9.1/minitest/unit.rb:650:in `block in run_test_suites'", "C:/Ruby192/lib/ruby/1.9.1/minitest/unit.rb:649:in `each'", "C:/Ruby192/lib/ruby/1.9.1/minitest/unit.rb:649:in `run_test_suites'", "C:/Ruby192/lib/ruby/1.9.1/minitest/unit.rb:609:in `run'", "C:/Ruby192/lib/ruby/1.9.1/minitest/unit.rb:508:in `block in autorun'"]
ENo connection could be made because the target machine actively refused it. - connect(2)
["C:/Ruby192/lib/ruby/1.9.1/net/http.rb:644:in `initialize'", "C:/Ruby192/lib/ruby/1.9.1/net/http.rb:644:in `open'", "C:/Ruby192/lib/ruby/1.9.1/net/http.rb:644:in `block in connect'", "C:/Ruby192/lib/ruby/1.9.1/timeout.rb:44:in `timeout'", "C:/Ruby192/lib/ruby/1.9.1/timeout.rb:89:in `timeout'", "C:/Ruby192/lib/ruby/1.9.1/net/http.rb:644:in `connect'", "C:/Ruby192/lib/ruby/1.9.1/net/http.rb:637:in `do_start'", "C:/Ruby192/lib/ruby/1.9.1/net/http.rb:626:in `start'", "C:/Ruby192/lib/ruby/1.9.1/net/http.rb:1168:in `request'", "C:/Ruby192/lib/ruby/gems/1.9.1/gems/selenium-webdriver-2.31.0/lib/selenium/webdriver/remote/http/default.rb:83:in `response_for'", "C:/Ruby192/lib/ruby/gems/1.9.1/gems/selenium-webdriver-2.31.0/lib/selenium/webdriver/remote/http/default.rb:39:in `request'", "C:/Ruby192/lib/ruby/gems/1.9.1/gems/selenium-webdriver-2.31.0/lib/selenium/webdriver/remote/http/common.rb:40:in `call'", "C:/Ruby192/lib/ruby/gems/1.9.1/gems/selenium-webdriver-2.31.0/lib/selenium/webdriver/remote/bridge.rb:616:in `raw_execute'", "C:/Ruby192/lib/ruby/gems/1.9.1/gems/selenium-webdriver-2.31.0/lib/selenium/webdriver/remote/bridge.rb:594:in `execute'", "C:/Ruby192/lib/ruby/gems/1.9.1/gems/selenium-webdriver-2.31.0/lib/selenium/webdriver/remote/bridge.rb:100:in `get'", "C:/Ruby192/lib/ruby/gems/1.9.1/gems/selenium-webdriver-2.31.0/lib/selenium/webdriver/common/navigation.rb:14:in `to'", "C:/Ruby192/lib/ruby/gems/1.9.1/gems/watir-webdriver-0.6.1/lib/watir-webdriver/browser.rb:63:in `goto'", "D:/IMPROVED_CODE_AAMIR/Usamp_lib.rb:109:in `Surveyhead_login'", "Test_46_Donot_include_member_last_hour.rb:255:in `test_05_check_survey_shown'", "C:/Ruby192/lib/ruby/1.9.1/minitest/unit.rb:695:in `run'", "C:/Ruby192/lib/ruby/1.9.1/minitest/unit.rb:656:in `block (2 levels) in run_test_suites'", "C:/Ruby192/lib/ruby/1.9.1/minitest/unit.rb:650:in `each'", "C:/Ruby192/lib/ruby/1.9.1/minitest/unit.rb:650:in `block in run_test_suites'", "C:/Ruby192/lib/ruby/1.9.1/minitest/unit.rb:649:in `each'", "C:/Ruby192/lib/ruby/1.9.1/minitest/unit.rb:649:in `run_test_suites'", "C:/Ruby192/lib/ruby/1.9.1/minitest/unit.rb:609:in `run'", "C:/Ruby192/lib/ruby/1.9.1/minitest/unit.rb:508:in `block in autorun'"]
E
Finished in 311.867359 seconds.

  1) Error:
test_03_member_signup_check_survey(Test_46_Donot_include_member_last_hour):
Errno::ECONNREFUSED: No connection could be made because the target machine actively refused it. - connect(2)
    C:/Ruby192/lib/ruby/gems/1.9.1/gems/selenium-webdriver-2.31.0/lib/selenium/webdriver/remote/http/default.rb:83:in `response_for'
    C:/Ruby192/lib/ruby/gems/1.9.1/gems/selenium-webdriver-2.31.0/lib/selenium/webdriver/remote/http/default.rb:39:in `request'
    C:/Ruby192/lib/ruby/gems/1.9.1/gems/selenium-webdriver-2.31.0/lib/selenium/webdriver/remote/http/common.rb:40:in `call'
    C:/Ruby192/lib/ruby/gems/1.9.1/gems/selenium-webdriver-2.31.0/lib/selenium/webdriver/remote/bridge.rb:616:in `raw_execute'
    C:/Ruby192/lib/ruby/gems/1.9.1/gems/selenium-webdriver-2.31.0/lib/selenium/webdriver/remote/bridge.rb:594:in `execute'
    C:/Ruby192/lib/ruby/gems/1.9.1/gems/selenium-webdriver-2.31.0/lib/selenium/webdriver/remote/bridge.rb:190:in `quit'
    C:/Ruby192/lib/ruby/gems/1.9.1/gems/selenium-webdriver-2.31.0/lib/selenium/webdriver/firefox/bridge.rb:55:in `quit'
    C:/Ruby192/lib/ruby/gems/1.9.1/gems/selenium-webdriver-2.31.0/lib/selenium/webdriver/common/driver.rb:168:in `quit'
    C:/Ruby192/lib/ruby/gems/1.9.1/gems/watir-webdriver-0.6.1/lib/watir-webdriver/browser.rb:87:in `close'
    Test_46_Donot_include_member_last_hour.rb:178:in `rescue in test_03_member_signup_check_survey'
    Test_46_Donot_include_member_last_hour.rb:104:in `test_03_member_signup_check_survey'

  2) Error:
test_04_disable_setting(Test_46_Donot_include_member_last_hour):
Timeout::Error: Timeout::Error
    C:/Ruby192/lib/ruby/gems/1.9.1/gems/selenium-webdriver-2.31.0/lib/selenium/webdriver/remote/http/default.rb:83:in `response_for'
    C:/Ruby192/lib/ruby/gems/1.9.1/gems/selenium-webdriver-2.31.0/lib/selenium/webdriver/remote/http/default.rb:39:in `request'
    C:/Ruby192/lib/ruby/gems/1.9.1/gems/selenium-webdriver-2.31.0/lib/selenium/webdriver/remote/http/common.rb:40:in `call'
    C:/Ruby192/lib/ruby/gems/1.9.1/gems/selenium-webdriver-2.31.0/lib/selenium/webdriver/remote/bridge.rb:616:in `raw_execute'
    C:/Ruby192/lib/ruby/gems/1.9.1/gems/selenium-webdriver-2.31.0/lib/selenium/webdriver/remote/bridge.rb:594:in `execute'
    C:/Ruby192/lib/ruby/gems/1.9.1/gems/selenium-webdriver-2.31.0/lib/selenium/webdriver/remote/bridge.rb:190:in `quit'
    C:/Ruby192/lib/ruby/gems/1.9.1/gems/selenium-webdriver-2.31.0/lib/selenium/webdriver/ie/bridge.rb:59:in `quit'
    C:/Ruby192/lib/ruby/gems/1.9.1/gems/selenium-webdriver-2.31.0/lib/selenium/webdriver/common/driver.rb:168:in `quit'
    C:/Ruby192/lib/ruby/gems/1.9.1/gems/watir-webdriver-0.6.1/lib/watir-webdriver/browser.rb:87:in `close'
    Test_46_Donot_include_member_last_hour.rb:238:in `rescue in test_04_disable_setting'
    Test_46_Donot_include_member_last_hour.rb:187:in `test_04_disable_setting'

  3) Error:
test_05_check_survey_shown(Test_46_Donot_include_member_last_hour):
Selenium::WebDriver::Error::WebDriverError: file not added for reaping: "C:/DOCUME~1/ADMINI~1/LOCALS~1/Temp/webdriver-profile20140308-10976-1ks7kkr"
    C:/Ruby192/lib/ruby/gems/1.9.1/gems/selenium-webdriver-2.31.0/lib/selenium/webdriver/common/file_reaper.rb:32:in `reap'
    C:/Ruby192/lib/ruby/gems/1.9.1/gems/selenium-webdriver-2.31.0/lib/selenium/webdriver/firefox/launcher.rb:45:in `quit'
    C:/Ruby192/lib/ruby/gems/1.9.1/gems/selenium-webdriver-2.31.0/lib/selenium/webdriver/firefox/bridge.rb:58:in `ensure in quit'
    C:/Ruby192/lib/ruby/gems/1.9.1/gems/selenium-webdriver-2.31.0/lib/selenium/webdriver/firefox/bridge.rb:58:in `quit'
    C:/Ruby192/lib/ruby/gems/1.9.1/gems/selenium-webdriver-2.31.0/lib/selenium/webdriver/common/driver.rb:168:in `quit'
    C:/Ruby192/lib/ruby/gems/1.9.1/gems/watir-webdriver-0.6.1/lib/watir-webdriver/browser.rb:87:in `close'
    Test_46_Donot_include_member_last_hour.rb:276:in `rescue in test_05_check_survey_shown'
    Test_46_Donot_include_member_last_hour.rb:247:in `test_05_check_survey_shown'

5 tests, 0 assertions, 0 failures, 3 errors, 0 skips

Test run options: --seed 13966
Loaded suite Test_47_QG_Publisher_redirect
Started
.Started InternetExplorerDriver server (32-bit)
2.39.0.0
Listening on port 5555
Successful Login to Usampadmin
Pass
25921
119356
unable to locate element, using {:name=>"btnSave", :tag_name=>"button"}
["C:/Ruby192/lib/ruby/gems/1.9.1/gems/watir-webdriver-0.6.1/lib/watir-webdriver/elements/element.rb:365:in `assert_exists'", "C:/Ruby192/lib/ruby/gems/1.9.1/gems/watir-webdriver-0.6.1/lib/watir-webdriver/elements/element.rb:95:in `click'", "Test_47_QG_Publisher_redirect.rb:90:in `test_02_make_pub_settings'", "C:/Ruby192/lib/ruby/1.9.1/minitest/unit.rb:695:in `run'", "C:/Ruby192/lib/ruby/1.9.1/minitest/unit.rb:656:in `block (2 levels) in run_test_suites'", "C:/Ruby192/lib/ruby/1.9.1/minitest/unit.rb:650:in `each'", "C:/Ruby192/lib/ruby/1.9.1/minitest/unit.rb:650:in `block in run_test_suites'", "C:/Ruby192/lib/ruby/1.9.1/minitest/unit.rb:649:in `each'", "C:/Ruby192/lib/ruby/1.9.1/minitest/unit.rb:649:in `run_test_suites'", "C:/Ruby192/lib/ruby/1.9.1/minitest/unit.rb:609:in `run'", "C:/Ruby192/lib/ruby/1.9.1/minitest/unit.rb:508:in `block in autorun'"]
.119356
Started InternetExplorerDriver server (32-bit)
2.39.0.0
Listening on port 5555
Fail
Started InternetExplorerDriver server (32-bit)
2.39.0.0
Listening on port 5555
Fail
Started InternetExplorerDriver server (32-bit)
2.39.0.0
Listening on port 5555
Fail
.Started InternetExplorerDriver server (32-bit)
2.39.0.0
Listening on port 5555
Successful Login to Usampadmin
25921
119356
unable to locate element, using {:name=>"btnEditRedirects", :tag_name=>"button"}
["C:/Ruby192/lib/ruby/gems/1.9.1/gems/watir-webdriver-0.6.1/lib/watir-webdriver/elements/element.rb:365:in `assert_exists'", "C:/Ruby192/lib/ruby/gems/1.9.1/gems/watir-webdriver-0.6.1/lib/watir-webdriver/elements/element.rb:95:in `click'", "Test_47_QG_Publisher_redirect.rb:232:in `test_04_check_pub_redirect'", "C:/Ruby192/lib/ruby/1.9.1/minitest/unit.rb:695:in `run'", "C:/Ruby192/lib/ruby/1.9.1/minitest/unit.rb:656:in `block (2 levels) in run_test_suites'", "C:/Ruby192/lib/ruby/1.9.1/minitest/unit.rb:650:in `each'", "C:/Ruby192/lib/ruby/1.9.1/minitest/unit.rb:650:in `block in run_test_suites'", "C:/Ruby192/lib/ruby/1.9.1/minitest/unit.rb:649:in `each'", "C:/Ruby192/lib/ruby/1.9.1/minitest/unit.rb:649:in `run_test_suites'", "C:/Ruby192/lib/ruby/1.9.1/minitest/unit.rb:609:in `run'", "C:/Ruby192/lib/ruby/1.9.1/minitest/unit.rb:508:in `block in autorun'"]
.Started InternetExplorerDriver server (32-bit)
2.39.0.0
Listening on port 5555
Successful Login to Usampadmin
25921
119356
Pass
.
Finished in 249.818895 seconds.

5 tests, 0 assertions, 0 failures, 0 errors, 0 skips

Test run options: --seed 19016
Loaded suite Test_49_Supplier_add_show_hide
Started
.Started InternetExplorerDriver server (32-bit)
2.39.0.0
Listening on port 5555
Successful Login to Usampadmin
Test_Auto_Glob_Supp_2014-03-08081240
Pass
.Element not found in the cache - perhaps the page has changed since it was looked up
["[remote server] resource://fxdriver/modules/web_element_cache.js:7234:in `unknown'", "[remote server] file:///C:/DOCUME~1/ADMINI~1/LOCALS~1/Temp/webdriver-profile20140308-10268-q0d473/extensions/fxdriver@googlecode.com/components/command_processor.js:6839:in `unknown'", "[remote server] file:///C:/DOCUME~1/ADMINI~1/LOCALS~1/Temp/webdriver-profile20140308-10268-q0d473/extensions/fxdriver@googlecode.com/components/command_processor.js:9714:in `unknown'", "[remote server] file:///C:/DOCUME~1/ADMINI~1/LOCALS~1/Temp/webdriver-profile20140308-10268-q0d473/extensions/fxdriver@googlecode.com/components/command_processor.js:10275:in `unknown'", "[remote server] file:///C:/DOCUME~1/ADMINI~1/LOCALS~1/Temp/webdriver-profile20140308-10268-q0d473/extensions/fxdriver@googlecode.com/components/command_processor.js:10280:in `unknown'", "[remote server] file:///C:/DOCUME~1/ADMINI~1/LOCALS~1/Temp/webdriver-profile20140308-10268-q0d473/extensions/fxdriver@googlecode.com/components/command_processor.js:10220:in `unknown'", "C:/Ruby192/lib/ruby/gems/1.9.1/gems/selenium-webdriver-2.31.0/lib/selenium/webdriver/remote/response.rb:52:in `assert_ok'", "C:/Ruby192/lib/ruby/gems/1.9.1/gems/selenium-webdriver-2.31.0/lib/selenium/webdriver/remote/response.rb:15:in `initialize'", "C:/Ruby192/lib/ruby/gems/1.9.1/gems/selenium-webdriver-2.31.0/lib/selenium/webdriver/remote/http/common.rb:59:in `new'", "C:/Ruby192/lib/ruby/gems/1.9.1/gems/selenium-webdriver-2.31.0/lib/selenium/webdriver/remote/http/common.rb:59:in `create_response'", "C:/Ruby192/lib/ruby/gems/1.9.1/gems/selenium-webdriver-2.31.0/lib/selenium/webdriver/remote/http/default.rb:66:in `request'", "C:/Ruby192/lib/ruby/gems/1.9.1/gems/selenium-webdriver-2.31.0/lib/selenium/webdriver/remote/http/common.rb:40:in `call'", "C:/Ruby192/lib/ruby/gems/1.9.1/gems/selenium-webdriver-2.31.0/lib/selenium/webdriver/remote/bridge.rb:616:in `raw_execute'", "C:/Ruby192/lib/ruby/gems/1.9.1/gems/selenium-webdriver-2.31.0/lib/selenium/webdriver/remote/bridge.rb:594:in `execute'", "C:/Ruby192/lib/ruby/gems/1.9.1/gems/selenium-webdriver-2.31.0/lib/selenium/webdriver/remote/bridge.rb:505:in `getElementText'", "C:/Ruby192/lib/ruby/gems/1.9.1/gems/selenium-webdriver-2.31.0/lib/selenium/webdriver/common/element.rb:108:in `text'", "C:/Ruby192/lib/ruby/gems/1.9.1/gems/watir-webdriver-0.6.1/lib/watir-webdriver/browser.rb:97:in `text'", "D:/IMPROVED_CODE_AAMIR/Usamp_lib.rb:221:in `Network_site_login'", "Test_49_Supplier_add_show_hide.rb:100:in `test_03_supplier_reflection'", "C:/Ruby192/lib/ruby/1.9.1/minitest/unit.rb:695:in `run'", "C:/Ruby192/lib/ruby/1.9.1/minitest/unit.rb:656:in `block (2 levels) in run_test_suites'", "C:/Ruby192/lib/ruby/1.9.1/minitest/unit.rb:650:in `each'", "C:/Ruby192/lib/ruby/1.9.1/minitest/unit.rb:650:in `block in run_test_suites'", "C:/Ruby192/lib/ruby/1.9.1/minitest/unit.rb:649:in `each'", "C:/Ruby192/lib/ruby/1.9.1/minitest/unit.rb:649:in `run_test_suites'", "C:/Ruby192/lib/ruby/1.9.1/minitest/unit.rb:609:in `run'", "C:/Ruby192/lib/ruby/1.9.1/minitest/unit.rb:508:in `block in autorun'"]
EStarted InternetExplorerDriver server (32-bit)
2.39.0.0
Listening on port 5555
Successful Login to Usampadmin
unable to obtain stable firefox connection in 60 seconds (127.0.0.1:7087)
["C:/Ruby192/lib/ruby/gems/1.9.1/gems/selenium-webdriver-2.31.0/lib/selenium/webdriver/firefox/launcher.rb:79:in `connect_until_stable'", "C:/Ruby192/lib/ruby/gems/1.9.1/gems/selenium-webdriver-2.31.0/lib/selenium/webdriver/firefox/launcher.rb:37:in `block in launch'", "C:/Ruby192/lib/ruby/gems/1.9.1/gems/selenium-webdriver-2.31.0/lib/selenium/webdriver/firefox/socket_lock.rb:20:in `locked'", "C:/Ruby192/lib/ruby/gems/1.9.1/gems/selenium-webdriver-2.31.0/lib/selenium/webdriver/firefox/launcher.rb:32:in `launch'", "C:/Ruby192/lib/ruby/gems/1.9.1/gems/selenium-webdriver-2.31.0/lib/selenium/webdriver/firefox/bridge.rb:24:in `initialize'", "C:/Ruby192/lib/ruby/gems/1.9.1/gems/selenium-webdriver-2.31.0/lib/selenium/webdriver/common/driver.rb:31:in `new'", "C:/Ruby192/lib/ruby/gems/1.9.1/gems/selenium-webdriver-2.31.0/lib/selenium/webdriver/common/driver.rb:31:in `for'", "C:/Ruby192/lib/ruby/gems/1.9.1/gems/selenium-webdriver-2.31.0/lib/selenium/webdriver.rb:67:in `for'", "D:/IMPROVED_CODE_AAMIR/Usamp_lib.rb:198:in `Network_site_login'", "Test_49_Supplier_add_show_hide.rb:164:in `test_04_show_hide'", "C:/Ruby192/lib/ruby/1.9.1/minitest/unit.rb:695:in `run'", "C:/Ruby192/lib/ruby/1.9.1/minitest/unit.rb:656:in `block (2 levels) in run_test_suites'", "C:/Ruby192/lib/ruby/1.9.1/minitest/unit.rb:650:in `each'", "C:/Ruby192/lib/ruby/1.9.1/minitest/unit.rb:650:in `block in run_test_suites'", "C:/Ruby192/lib/ruby/1.9.1/minitest/unit.rb:649:in `each'", "C:/Ruby192/lib/ruby/1.9.1/minitest/unit.rb:649:in `run_test_suites'", "C:/Ruby192/lib/ruby/1.9.1/minitest/unit.rb:609:in `run'", "C:/Ruby192/lib/ruby/1.9.1/minitest/unit.rb:508:in `block in autorun'"]
E
Finished in 185.082863 seconds.

  1) Error:
test_03_supplier_reflection(Test_49_Supplier_add_show_hide):
NoMethodError: undefined method `close' for nil:NilClass
    Test_49_Supplier_add_show_hide.rb:138:in `rescue in test_03_supplier_reflection'
    Test_49_Supplier_add_show_hide.rb:91:in `test_03_supplier_reflection'

  2) Error:
test_04_show_hide(Test_49_Supplier_add_show_hide):
NoMethodError: undefined method `close' for nil:NilClass
    Test_49_Supplier_add_show_hide.rb:239:in `rescue in test_04_show_hide'
    Test_49_Supplier_add_show_hide.rb:147:in `test_04_show_hide'

4 tests, 0 assertions, 0 failures, 2 errors, 0 skips

Test run options: --seed 247
Loaded suite Test_50_Add_prescreener
Started
.Started InternetExplorerDriver server (32-bit)
2.39.0.0
Listening on port 5555
Successful Login to Usampadmin
25921
119356
Pass
Pass
.25921
119356
Started InternetExplorerDriver server (32-bit)
2.39.0.0
Listening on port 5555
Successful Login to Usampadmin
unable to obtain stable firefox connection in 60 seconds (127.0.0.1:7087)
["C:/Ruby192/lib/ruby/gems/1.9.1/gems/selenium-webdriver-2.31.0/lib/selenium/webdriver/firefox/launcher.rb:79:in `connect_until_stable'", "C:/Ruby192/lib/ruby/gems/1.9.1/gems/selenium-webdriver-2.31.0/lib/selenium/webdriver/firefox/launcher.rb:37:in `block in launch'", "C:/Ruby192/lib/ruby/gems/1.9.1/gems/selenium-webdriver-2.31.0/lib/selenium/webdriver/firefox/socket_lock.rb:20:in `locked'", "C:/Ruby192/lib/ruby/gems/1.9.1/gems/selenium-webdriver-2.31.0/lib/selenium/webdriver/firefox/launcher.rb:32:in `launch'", "C:/Ruby192/lib/ruby/gems/1.9.1/gems/selenium-webdriver-2.31.0/lib/selenium/webdriver/firefox/bridge.rb:24:in `initialize'", "C:/Ruby192/lib/ruby/gems/1.9.1/gems/selenium-webdriver-2.31.0/lib/selenium/webdriver/common/driver.rb:31:in `new'", "C:/Ruby192/lib/ruby/gems/1.9.1/gems/selenium-webdriver-2.31.0/lib/selenium/webdriver/common/driver.rb:31:in `for'", "C:/Ruby192/lib/ruby/gems/1.9.1/gems/selenium-webdriver-2.31.0/lib/selenium/webdriver.rb:67:in `for'", "Test_50_Add_prescreener.rb:175:in `test_03_pass_fail_presc'", "C:/Ruby192/lib/ruby/1.9.1/minitest/unit.rb:695:in `run'", "C:/Ruby192/lib/ruby/1.9.1/minitest/unit.rb:656:in `block (2 levels) in run_test_suites'", "C:/Ruby192/lib/ruby/1.9.1/minitest/unit.rb:650:in `each'", "C:/Ruby192/lib/ruby/1.9.1/minitest/unit.rb:650:in `block in run_test_suites'", "C:/Ruby192/lib/ruby/1.9.1/minitest/unit.rb:649:in `each'", "C:/Ruby192/lib/ruby/1.9.1/minitest/unit.rb:649:in `run_test_suites'", "C:/Ruby192/lib/ruby/1.9.1/minitest/unit.rb:609:in `run'", "C:/Ruby192/lib/ruby/1.9.1/minitest/unit.rb:508:in `block in autorun'"]
.25921
119356
Started InternetExplorerDriver server (32-bit)
2.39.0.0
Listening on port 5555
Successful Login to Usampadmin
Pass
Fail
.
Finished in 399.916487 seconds.

4 tests, 0 assertions, 0 failures, 0 errors, 0 skips

Test run options: --seed 7812
Loaded suite Test_51_Setup_live_closed_QG
Started
.Started InternetExplorerDriver server (32-bit)
2.39.0.0
Listening on port 5555
Successful Login to Usampadmin
25921
119356
Pass
Logged it to Network site
Pass
.Started InternetExplorerDriver server (32-bit)
2.39.0.0
Listening on port 5555
Successful Login to Usampadmin
25921
119356
Pass
Logged it to Network site
Pass
.Started InternetExplorerDriver server (32-bit)
2.39.0.0
Listening on port 5555
Successful Login to Usampadmin
25921
119356
Pass
Logged it to Network site
Pass
.Started InternetExplorerDriver server (32-bit)
2.39.0.0
Listening on port 5555
Successful Login to Usampadmin
25921
119356
.
Finished in 325.117698 seconds.

5 tests, 0 assertions, 0 failures, 0 errors, 0 skips

Test run options: --seed 19255
Loaded suite Test_53_List_projects
Started
.Started InternetExplorerDriver server (32-bit)
2.39.0.0
Listening on port 5555
Successful Login to Usampadmin
Fail
.Started InternetExplorerDriver server (32-bit)
2.39.0.0
Listening on port 5556
Successful Login to Usampadmin
Pass
.Started InternetExplorerDriver server (32-bit)
2.39.0.0
Listening on port 5555
Successful Login to Usampadmin
Pass
.
Finished in 150.910113 seconds.

4 tests, 0 assertions, 0 failures, 0 errors, 0 skips

Test run options: --seed 47013
Loaded suite Test_54_EX_ST_Links
Started
.25921
119356
Started InternetExplorerDriver server (32-bit)
2.39.0.0
Listening on port 5555
Successful Login to Usampadmin
unable to locate element, using {:name=>"txtFname", :tag_name=>"input or textarea", :type=>"(any text type)"}
["C:/Ruby192/lib/ruby/gems/1.9.1/gems/watir-webdriver-0.6.1/lib/watir-webdriver/elements/element.rb:365:in `assert_exists'", "C:/Ruby192/lib/ruby/gems/1.9.1/gems/watir-webdriver-0.6.1/lib/watir-webdriver/user_editable.rb:8:in `set'", "Test_54_EX_ST_Links.rb:79:in `test_02_ex_2_st_1_match_criteria'", "C:/Ruby192/lib/ruby/1.9.1/minitest/unit.rb:695:in `run'", "C:/Ruby192/lib/ruby/1.9.1/minitest/unit.rb:656:in `block (2 levels) in run_test_suites'", "C:/Ruby192/lib/ruby/1.9.1/minitest/unit.rb:650:in `each'", "C:/Ruby192/lib/ruby/1.9.1/minitest/unit.rb:650:in `block in run_test_suites'", "C:/Ruby192/lib/ruby/1.9.1/minitest/unit.rb:649:in `each'", "C:/Ruby192/lib/ruby/1.9.1/minitest/unit.rb:649:in `run_test_suites'", "C:/Ruby192/lib/ruby/1.9.1/minitest/unit.rb:609:in `run'", "C:/Ruby192/lib/ruby/1.9.1/minitest/unit.rb:508:in `block in autorun'"]
.119356
unable to locate element, using {:name=>"txtFname", :tag_name=>"input or textarea", :type=>"(any text type)"}
["C:/Ruby192/lib/ruby/gems/1.9.1/gems/watir-webdriver-0.6.1/lib/watir-webdriver/elements/element.rb:365:in `assert_exists'", "C:/Ruby192/lib/ruby/gems/1.9.1/gems/watir-webdriver-0.6.1/lib/watir-webdriver/user_editable.rb:8:in `set'", "Test_54_EX_ST_Links.rb:179:in `test_03_ex_2_st_1_mismatch_criteria'", "C:/Ruby192/lib/ruby/1.9.1/minitest/unit.rb:695:in `run'", "C:/Ruby192/lib/ruby/1.9.1/minitest/unit.rb:656:in `block (2 levels) in run_test_suites'", "C:/Ruby192/lib/ruby/1.9.1/minitest/unit.rb:650:in `each'", "C:/Ruby192/lib/ruby/1.9.1/minitest/unit.rb:650:in `block in run_test_suites'", "C:/Ruby192/lib/ruby/1.9.1/minitest/unit.rb:649:in `each'", "C:/Ruby192/lib/ruby/1.9.1/minitest/unit.rb:649:in `run_test_suites'", "C:/Ruby192/lib/ruby/1.9.1/minitest/unit.rb:609:in `run'", "C:/Ruby192/lib/ruby/1.9.1/minitest/unit.rb:508:in `block in autorun'"]
.119356
unable to locate element, using {:name=>"txtFname", :tag_name=>"input or textarea", :type=>"(any text type)"}
["C:/Ruby192/lib/ruby/gems/1.9.1/gems/watir-webdriver-0.6.1/lib/watir-webdriver/elements/element.rb:365:in `assert_exists'", "C:/Ruby192/lib/ruby/gems/1.9.1/gems/watir-webdriver-0.6.1/lib/watir-webdriver/user_editable.rb:8:in `set'", "Test_54_EX_ST_Links.rb:270:in `test_04_ex_3_st_1'", "C:/Ruby192/lib/ruby/1.9.1/minitest/unit.rb:695:in `run'", "C:/Ruby192/lib/ruby/1.9.1/minitest/unit.rb:656:in `block (2 levels) in run_test_suites'", "C:/Ruby192/lib/ruby/1.9.1/minitest/unit.rb:650:in `each'", "C:/Ruby192/lib/ruby/1.9.1/minitest/unit.rb:650:in `block in run_test_suites'", "C:/Ruby192/lib/ruby/1.9.1/minitest/unit.rb:649:in `each'", "C:/Ruby192/lib/ruby/1.9.1/minitest/unit.rb:649:in `run_test_suites'", "C:/Ruby192/lib/ruby/1.9.1/minitest/unit.rb:609:in `run'", "C:/Ruby192/lib/ruby/1.9.1/minitest/unit.rb:508:in `block in autorun'"]
.119356
Started InternetExplorerDriver server (32-bit)
2.39.0.0
Listening on port 5555
Successful Login to Usampadmin
unable to locate element, using {:name=>"txtFname", :tag_name=>"input or textarea", :type=>"(any text type)"}
["C:/Ruby192/lib/ruby/gems/1.9.1/gems/watir-webdriver-0.6.1/lib/watir-webdriver/elements/element.rb:365:in `assert_exists'", "C:/Ruby192/lib/ruby/gems/1.9.1/gems/watir-webdriver-0.6.1/lib/watir-webdriver/user_editable.rb:8:in `set'", "Test_54_EX_ST_Links.rb:377:in `test_05_ex_2_st_2_match_criteria'", "C:/Ruby192/lib/ruby/1.9.1/minitest/unit.rb:695:in `run'", "C:/Ruby192/lib/ruby/1.9.1/minitest/unit.rb:656:in `block (2 levels) in run_test_suites'", "C:/Ruby192/lib/ruby/1.9.1/minitest/unit.rb:650:in `each'", "C:/Ruby192/lib/ruby/1.9.1/minitest/unit.rb:650:in `block in run_test_suites'", "C:/Ruby192/lib/ruby/1.9.1/minitest/unit.rb:649:in `each'", "C:/Ruby192/lib/ruby/1.9.1/minitest/unit.rb:649:in `run_test_suites'", "C:/Ruby192/lib/ruby/1.9.1/minitest/unit.rb:609:in `run'", "C:/Ruby192/lib/ruby/1.9.1/minitest/unit.rb:508:in `block in autorun'"]
.119356
unable to locate element, using {:name=>"txtFname", :tag_name=>"input or textarea", :type=>"(any text type)"}
["C:/Ruby192/lib/ruby/gems/1.9.1/gems/watir-webdriver-0.6.1/lib/watir-webdriver/elements/element.rb:365:in `assert_exists'", "C:/Ruby192/lib/ruby/gems/1.9.1/gems/watir-webdriver-0.6.1/lib/watir-webdriver/user_editable.rb:8:in `set'", "Test_54_EX_ST_Links.rb:468:in `test_06_ex_2_st_2_mismatch_criteria'", "C:/Ruby192/lib/ruby/1.9.1/minitest/unit.rb:695:in `run'", "C:/Ruby192/lib/ruby/1.9.1/minitest/unit.rb:656:in `block (2 levels) in run_test_suites'", "C:/Ruby192/lib/ruby/1.9.1/minitest/unit.rb:650:in `each'", "C:/Ruby192/lib/ruby/1.9.1/minitest/unit.rb:650:in `block in run_test_suites'", "C:/Ruby192/lib/ruby/1.9.1/minitest/unit.rb:649:in `each'", "C:/Ruby192/lib/ruby/1.9.1/minitest/unit.rb:649:in `run_test_suites'", "C:/Ruby192/lib/ruby/1.9.1/minitest/unit.rb:609:in `run'", "C:/Ruby192/lib/ruby/1.9.1/minitest/unit.rb:508:in `block in autorun'"]
.119356
unable to locate element, using {:name=>"txtFname", :tag_name=>"input or textarea", :type=>"(any text type)"}
["C:/Ruby192/lib/ruby/gems/1.9.1/gems/watir-webdriver-0.6.1/lib/watir-webdriver/elements/element.rb:365:in `assert_exists'", "C:/Ruby192/lib/ruby/gems/1.9.1/gems/watir-webdriver-0.6.1/lib/watir-webdriver/user_editable.rb:8:in `set'", "Test_54_EX_ST_Links.rb:558:in `test_07_ex_3_st_2'", "C:/Ruby192/lib/ruby/1.9.1/minitest/unit.rb:695:in `run'", "C:/Ruby192/lib/ruby/1.9.1/minitest/unit.rb:656:in `block (2 levels) in run_test_suites'", "C:/Ruby192/lib/ruby/1.9.1/minitest/unit.rb:650:in `each'", "C:/Ruby192/lib/ruby/1.9.1/minitest/unit.rb:650:in `block in run_test_suites'", "C:/Ruby192/lib/ruby/1.9.1/minitest/unit.rb:649:in `each'", "C:/Ruby192/lib/ruby/1.9.1/minitest/unit.rb:649:in `run_test_suites'", "C:/Ruby192/lib/ruby/1.9.1/minitest/unit.rb:609:in `run'", "C:/Ruby192/lib/ruby/1.9.1/minitest/unit.rb:508:in `block in autorun'"]
.Started InternetExplorerDriver server (32-bit)
2.39.0.0
Listening on port 5555
Successful Login to Usampadmin
.
Finished in 378.369061 seconds.

8 tests, 0 assertions, 0 failures, 0 errors, 0 skips

Test run options: --seed 26239
Loaded suite Test_55_Member_ID_report
Started
.Logged it to Network site
Timeout::Error
["C:/Ruby192/lib/ruby/1.9.1/net/protocol.rb:140:in `rescue in rbuf_fill'", "C:/Ruby192/lib/ruby/1.9.1/net/protocol.rb:134:in `rbuf_fill'", "C:/Ruby192/lib/ruby/1.9.1/net/protocol.rb:116:in `readuntil'", "C:/Ruby192/lib/ruby/1.9.1/net/protocol.rb:126:in `readline'", "C:/Ruby192/lib/ruby/1.9.1/net/http.rb:2219:in `read_status_line'", "C:/Ruby192/lib/ruby/1.9.1/net/http.rb:2208:in `read_new'", "C:/Ruby192/lib/ruby/1.9.1/net/http.rb:1191:in `transport_request'", "C:/Ruby192/lib/ruby/1.9.1/net/http.rb:1177:in `request'", "C:/Ruby192/lib/ruby/1.9.1/net/http.rb:1170:in `block in request'", "C:/Ruby192/lib/ruby/1.9.1/net/http.rb:627:in `start'", "C:/Ruby192/lib/ruby/1.9.1/net/http.rb:1168:in `request'", "C:/Ruby192/lib/ruby/gems/1.9.1/gems/selenium-webdriver-2.31.0/lib/selenium/webdriver/remote/http/default.rb:83:in `response_for'", "C:/Ruby192/lib/ruby/gems/1.9.1/gems/selenium-webdriver-2.31.0/lib/selenium/webdriver/remote/http/default.rb:39:in `request'", "C:/Ruby192/lib/ruby/gems/1.9.1/gems/selenium-webdriver-2.31.0/lib/selenium/webdriver/remote/http/common.rb:40:in `call'", "C:/Ruby192/lib/ruby/gems/1.9.1/gems/selenium-webdriver-2.31.0/lib/selenium/webdriver/remote/bridge.rb:616:in `raw_execute'", "C:/Ruby192/lib/ruby/gems/1.9.1/gems/selenium-webdriver-2.31.0/lib/selenium/webdriver/remote/bridge.rb:594:in `execute'", "C:/Ruby192/lib/ruby/gems/1.9.1/gems/selenium-webdriver-2.31.0/lib/selenium/webdriver/remote/bridge.rb:359:in `clickElement'", "C:/Ruby192/lib/ruby/gems/1.9.1/gems/selenium-webdriver-2.31.0/lib/selenium/webdriver/common/element.rb:54:in `click'", "C:/Ruby192/lib/ruby/gems/1.9.1/gems/watir-webdriver-0.6.1/lib/watir-webdriver/elements/element.rb:108:in `click'", "Test_55_Member_ID_report.rb:63:in `test_02_mem_id_rep_network'", "C:/Ruby192/lib/ruby/1.9.1/minitest/unit.rb:695:in `run'", "C:/Ruby192/lib/ruby/1.9.1/minitest/unit.rb:656:in `block (2 levels) in run_test_suites'", "C:/Ruby192/lib/ruby/1.9.1/minitest/unit.rb:650:in `each'", "C:/Ruby192/lib/ruby/1.9.1/minitest/unit.rb:650:in `block in run_test_suites'", "C:/Ruby192/lib/ruby/1.9.1/minitest/unit.rb:649:in `each'", "C:/Ruby192/lib/ruby/1.9.1/minitest/unit.rb:649:in `run_test_suites'", "C:/Ruby192/lib/ruby/1.9.1/minitest/unit.rb:609:in `run'", "C:/Ruby192/lib/ruby/1.9.1/minitest/unit.rb:508:in `block in autorun'"]
.
Finished in 116.956119 seconds.

2 tests, 0 assertions, 0 failures, 0 errors, 0 skips

Test run options: --seed 58642
Loaded suite Test_57_Success_fail_oq_rewards
Started
.Started InternetExplorerDriver server (32-bit)
2.39.0.0
Listening on port 5555
Successful Login to Usampadmin
25921
119356
PASS
PASS
PASS
.119356
No connection could be made because the target machine actively refused it. - connect(2)
["C:/Ruby192/lib/ruby/1.9.1/net/http.rb:644:in `initialize'", "C:/Ruby192/lib/ruby/1.9.1/net/http.rb:644:in `open'", "C:/Ruby192/lib/ruby/1.9.1/net/http.rb:644:in `block in connect'", "C:/Ruby192/lib/ruby/1.9.1/timeout.rb:44:in `timeout'", "C:/Ruby192/lib/ruby/1.9.1/timeout.rb:89:in `timeout'", "C:/Ruby192/lib/ruby/1.9.1/net/http.rb:644:in `connect'", "C:/Ruby192/lib/ruby/1.9.1/net/http.rb:637:in `do_start'", "C:/Ruby192/lib/ruby/1.9.1/net/http.rb:626:in `start'", "C:/Ruby192/lib/ruby/1.9.1/net/http.rb:1168:in `request'", "C:/Ruby192/lib/ruby/gems/1.9.1/gems/selenium-webdriver-2.31.0/lib/selenium/webdriver/remote/http/default.rb:83:in `response_for'", "C:/Ruby192/lib/ruby/gems/1.9.1/gems/selenium-webdriver-2.31.0/lib/selenium/webdriver/remote/http/default.rb:39:in `request'", "C:/Ruby192/lib/ruby/gems/1.9.1/gems/selenium-webdriver-2.31.0/lib/selenium/webdriver/remote/http/common.rb:40:in `call'", "C:/Ruby192/lib/ruby/gems/1.9.1/gems/selenium-webdriver-2.31.0/lib/selenium/webdriver/remote/bridge.rb:616:in `raw_execute'", "C:/Ruby192/lib/ruby/gems/1.9.1/gems/selenium-webdriver-2.31.0/lib/selenium/webdriver/remote/bridge.rb:594:in `execute'", "C:/Ruby192/lib/ruby/gems/1.9.1/gems/selenium-webdriver-2.31.0/lib/selenium/webdriver/remote/bridge.rb:359:in `clickElement'", "C:/Ruby192/lib/ruby/gems/1.9.1/gems/selenium-webdriver-2.31.0/lib/selenium/webdriver/common/element.rb:54:in `click'", "C:/Ruby192/lib/ruby/gems/1.9.1/gems/watir-webdriver-0.6.1/lib/watir-webdriver/elements/element.rb:108:in `click'", "D:/IMPROVED_CODE_AAMIR/Usamp_lib.rb:120:in `Surveyhead_login'", "Test_57_Success_fail_oq_rewards.rb:144:in `test_03_success_reward'", "C:/Ruby192/lib/ruby/1.9.1/minitest/unit.rb:695:in `run'", "C:/Ruby192/lib/ruby/1.9.1/minitest/unit.rb:656:in `block (2 levels) in run_test_suites'", "C:/Ruby192/lib/ruby/1.9.1/minitest/unit.rb:650:in `each'", "C:/Ruby192/lib/ruby/1.9.1/minitest/unit.rb:650:in `block in run_test_suites'", "C:/Ruby192/lib/ruby/1.9.1/minitest/unit.rb:649:in `each'", "C:/Ruby192/lib/ruby/1.9.1/minitest/unit.rb:649:in `run_test_suites'", "C:/Ruby192/lib/ruby/1.9.1/minitest/unit.rb:609:in `run'", "C:/Ruby192/lib/ruby/1.9.1/minitest/unit.rb:508:in `block in autorun'"]
E119356
No connection could be made because the target machine actively refused it. - connect(2)
["C:/Ruby192/lib/ruby/1.9.1/net/http.rb:644:in `initialize'", "C:/Ruby192/lib/ruby/1.9.1/net/http.rb:644:in `open'", "C:/Ruby192/lib/ruby/1.9.1/net/http.rb:644:in `block in connect'", "C:/Ruby192/lib/ruby/1.9.1/timeout.rb:44:in `timeout'", "C:/Ruby192/lib/ruby/1.9.1/timeout.rb:89:in `timeout'", "C:/Ruby192/lib/ruby/1.9.1/net/http.rb:644:in `connect'", "C:/Ruby192/lib/ruby/1.9.1/net/http.rb:637:in `do_start'", "C:/Ruby192/lib/ruby/1.9.1/net/http.rb:626:in `start'", "C:/Ruby192/lib/ruby/1.9.1/net/http.rb:1168:in `request'", "C:/Ruby192/lib/ruby/gems/1.9.1/gems/selenium-webdriver-2.31.0/lib/selenium/webdriver/remote/http/default.rb:83:in `response_for'", "C:/Ruby192/lib/ruby/gems/1.9.1/gems/selenium-webdriver-2.31.0/lib/selenium/webdriver/remote/http/default.rb:39:in `request'", "C:/Ruby192/lib/ruby/gems/1.9.1/gems/selenium-webdriver-2.31.0/lib/selenium/webdriver/remote/http/common.rb:40:in `call'", "C:/Ruby192/lib/ruby/gems/1.9.1/gems/selenium-webdriver-2.31.0/lib/selenium/webdriver/remote/bridge.rb:616:in `raw_execute'", "C:/Ruby192/lib/ruby/gems/1.9.1/gems/selenium-webdriver-2.31.0/lib/selenium/webdriver/remote/bridge.rb:594:in `execute'", "C:/Ruby192/lib/ruby/gems/1.9.1/gems/selenium-webdriver-2.31.0/lib/selenium/webdriver/remote/bridge.rb:359:in `clickElement'", "C:/Ruby192/lib/ruby/gems/1.9.1/gems/selenium-webdriver-2.31.0/lib/selenium/webdriver/common/element.rb:54:in `click'", "C:/Ruby192/lib/ruby/gems/1.9.1/gems/watir-webdriver-0.6.1/lib/watir-webdriver/elements/element.rb:108:in `click'", "D:/IMPROVED_CODE_AAMIR/Usamp_lib.rb:120:in `Surveyhead_login'", "Test_57_Success_fail_oq_rewards.rb:259:in `test_04_fail_reward'", "C:/Ruby192/lib/ruby/1.9.1/minitest/unit.rb:695:in `run'", "C:/Ruby192/lib/ruby/1.9.1/minitest/unit.rb:656:in `block (2 levels) in run_test_suites'", "C:/Ruby192/lib/ruby/1.9.1/minitest/unit.rb:650:in `each'", "C:/Ruby192/lib/ruby/1.9.1/minitest/unit.rb:650:in `block in run_test_suites'", "C:/Ruby192/lib/ruby/1.9.1/minitest/unit.rb:649:in `each'", "C:/Ruby192/lib/ruby/1.9.1/minitest/unit.rb:649:in `run_test_suites'", "C:/Ruby192/lib/ruby/1.9.1/minitest/unit.rb:609:in `run'", "C:/Ruby192/lib/ruby/1.9.1/minitest/unit.rb:508:in `block in autorun'"]
E119356
Successful Login to ipoll site
## Waiting for surveys to load ##
linkMTE5MzU2
** CHK AMT **
                                                    <td class="col-reward-amount">
                                                                                                                                                    $3.00 
                                                                                                                                                                                    </td>
                            <td class="col-status">
********
FAIL
.
Finished in 314.992901 seconds.

  1) Error:
test_03_success_reward(Test_57_Success_fail_oq_rewards):
NoMethodError: undefined method `close' for nil:NilClass
    Test_57_Success_fail_oq_rewards.rb:241:in `rescue in test_03_success_reward'
    Test_57_Success_fail_oq_rewards.rb:136:in `test_03_success_reward'

  2) Error:
test_04_fail_reward(Test_57_Success_fail_oq_rewards):
NoMethodError: undefined method `close' for nil:NilClass
    Test_57_Success_fail_oq_rewards.rb:315:in `rescue in test_04_fail_reward'
    Test_57_Success_fail_oq_rewards.rb:251:in `test_04_fail_reward'

5 tests, 0 assertions, 0 failures, 2 errors, 0 skips

Test run options: --seed 27458
Loaded suite Test_58_Confirmit_code_url
Started
.Started InternetExplorerDriver server (32-bit)
2.39.0.0
Listening on port 5555
Successful Login to Usampadmin
25921

can't convert nil into String
["C:/Ruby192/lib/ruby/1.9.1/base64.rb:38:in `pack'", "C:/Ruby192/lib/ruby/1.9.1/base64.rb:38:in `encode64'", "Test_58_Confirmit_code_url.rb:61:in `test_02_confirmit_code_qg_set'", "C:/Ruby192/lib/ruby/1.9.1/minitest/unit.rb:695:in `run'", "C:/Ruby192/lib/ruby/1.9.1/minitest/unit.rb:656:in `block (2 levels) in run_test_suites'", "C:/Ruby192/lib/ruby/1.9.1/minitest/unit.rb:650:in `each'", "C:/Ruby192/lib/ruby/1.9.1/minitest/unit.rb:650:in `block in run_test_suites'", "C:/Ruby192/lib/ruby/1.9.1/minitest/unit.rb:649:in `each'", "C:/Ruby192/lib/ruby/1.9.1/minitest/unit.rb:649:in `run_test_suites'", "C:/Ruby192/lib/ruby/1.9.1/minitest/unit.rb:609:in `run'", "C:/Ruby192/lib/ruby/1.9.1/minitest/unit.rb:508:in `block in autorun'"]
E
Successful Login to ipoll site
## Waiting for surveys to load ##
can't convert nil into String
["C:/Ruby192/lib/ruby/1.9.1/base64.rb:38:in `pack'", "C:/Ruby192/lib/ruby/1.9.1/base64.rb:38:in `encode64'", "Test_58_Confirmit_code_url.rb:133:in `test_03_confirmit_code_survey_complete'", "C:/Ruby192/lib/ruby/1.9.1/minitest/unit.rb:695:in `run'", "C:/Ruby192/lib/ruby/1.9.1/minitest/unit.rb:656:in `block (2 levels) in run_test_suites'", "C:/Ruby192/lib/ruby/1.9.1/minitest/unit.rb:650:in `each'", "C:/Ruby192/lib/ruby/1.9.1/minitest/unit.rb:650:in `block in run_test_suites'", "C:/Ruby192/lib/ruby/1.9.1/minitest/unit.rb:649:in `each'", "C:/Ruby192/lib/ruby/1.9.1/minitest/unit.rb:649:in `run_test_suites'", "C:/Ruby192/lib/ruby/1.9.1/minitest/unit.rb:609:in `run'", "C:/Ruby192/lib/ruby/1.9.1/minitest/unit.rb:508:in `block in autorun'"]
E25921

Successful Login to ipoll site
## Waiting for surveys to load ##
can't convert nil into String
["C:/Ruby192/lib/ruby/1.9.1/base64.rb:38:in `pack'", "C:/Ruby192/lib/ruby/1.9.1/base64.rb:38:in `encode64'", "Test_58_Confirmit_code_url.rb:204:in `test_04_conf_code_qg_auto_close'", "C:/Ruby192/lib/ruby/1.9.1/minitest/unit.rb:695:in `run'", "C:/Ruby192/lib/ruby/1.9.1/minitest/unit.rb:656:in `block (2 levels) in run_test_suites'", "C:/Ruby192/lib/ruby/1.9.1/minitest/unit.rb:650:in `each'", "C:/Ruby192/lib/ruby/1.9.1/minitest/unit.rb:650:in `block in run_test_suites'", "C:/Ruby192/lib/ruby/1.9.1/minitest/unit.rb:649:in `each'", "C:/Ruby192/lib/ruby/1.9.1/minitest/unit.rb:649:in `run_test_suites'", "C:/Ruby192/lib/ruby/1.9.1/minitest/unit.rb:609:in `run'", "C:/Ruby192/lib/ruby/1.9.1/minitest/unit.rb:508:in `block in autorun'"]
EStarted InternetExplorerDriver server (32-bit)
2.39.0.0
Listening on port 5555
Successful Login to Usampadmin
25921

can't convert nil into String
["C:/Ruby192/lib/ruby/1.9.1/base64.rb:38:in `pack'", "C:/Ruby192/lib/ruby/1.9.1/base64.rb:38:in `encode64'", "Test_58_Confirmit_code_url.rb:285:in `test_05_confirmit_url_qg_set'", "C:/Ruby192/lib/ruby/1.9.1/minitest/unit.rb:695:in `run'", "C:/Ruby192/lib/ruby/1.9.1/minitest/unit.rb:656:in `block (2 levels) in run_test_suites'", "C:/Ruby192/lib/ruby/1.9.1/minitest/unit.rb:650:in `each'", "C:/Ruby192/lib/ruby/1.9.1/minitest/unit.rb:650:in `block in run_test_suites'", "C:/Ruby192/lib/ruby/1.9.1/minitest/unit.rb:649:in `each'", "C:/Ruby192/lib/ruby/1.9.1/minitest/unit.rb:649:in `run_test_suites'", "C:/Ruby192/lib/ruby/1.9.1/minitest/unit.rb:609:in `run'", "C:/Ruby192/lib/ruby/1.9.1/minitest/unit.rb:508:in `block in autorun'"]
E
Timeout::Error
["C:/Ruby192/lib/ruby/1.9.1/net/protocol.rb:140:in `rescue in rbuf_fill'", "C:/Ruby192/lib/ruby/1.9.1/net/protocol.rb:134:in `rbuf_fill'", "C:/Ruby192/lib/ruby/1.9.1/net/protocol.rb:116:in `readuntil'", "C:/Ruby192/lib/ruby/1.9.1/net/protocol.rb:126:in `readline'", "C:/Ruby192/lib/ruby/1.9.1/net/http.rb:2219:in `read_status_line'", "C:/Ruby192/lib/ruby/1.9.1/net/http.rb:2208:in `read_new'", "C:/Ruby192/lib/ruby/1.9.1/net/http.rb:1191:in `transport_request'", "C:/Ruby192/lib/ruby/1.9.1/net/http.rb:1177:in `request'", "C:/Ruby192/lib/ruby/1.9.1/net/http.rb:1170:in `block in request'", "C:/Ruby192/lib/ruby/1.9.1/net/http.rb:627:in `start'", "C:/Ruby192/lib/ruby/1.9.1/net/http.rb:1168:in `request'", "C:/Ruby192/lib/ruby/gems/1.9.1/gems/selenium-webdriver-2.31.0/lib/selenium/webdriver/remote/http/default.rb:83:in `response_for'", "C:/Ruby192/lib/ruby/gems/1.9.1/gems/selenium-webdriver-2.31.0/lib/selenium/webdriver/remote/http/default.rb:39:in `request'", "C:/Ruby192/lib/ruby/gems/1.9.1/gems/selenium-webdriver-2.31.0/lib/selenium/webdriver/remote/http/common.rb:40:in `call'", "C:/Ruby192/lib/ruby/gems/1.9.1/gems/selenium-webdriver-2.31.0/lib/selenium/webdriver/remote/bridge.rb:616:in `raw_execute'", "C:/Ruby192/lib/ruby/gems/1.9.1/gems/selenium-webdriver-2.31.0/lib/selenium/webdriver/remote/bridge.rb:93:in `create_session'", "C:/Ruby192/lib/ruby/gems/1.9.1/gems/selenium-webdriver-2.31.0/lib/selenium/webdriver/remote/bridge.rb:68:in `initialize'", "C:/Ruby192/lib/ruby/gems/1.9.1/gems/selenium-webdriver-2.31.0/lib/selenium/webdriver/firefox/bridge.rb:36:in `initialize'", "C:/Ruby192/lib/ruby/gems/1.9.1/gems/selenium-webdriver-2.31.0/lib/selenium/webdriver/common/driver.rb:31:in `new'", "C:/Ruby192/lib/ruby/gems/1.9.1/gems/selenium-webdriver-2.31.0/lib/selenium/webdriver/common/driver.rb:31:in `for'", "C:/Ruby192/lib/ruby/gems/1.9.1/gems/selenium-webdriver-2.31.0/lib/selenium/webdriver.rb:67:in `for'", "D:/IMPROVED_CODE_AAMIR/Usamp_lib.rb:105:in `Surveyhead_login'", "Test_58_Confirmit_code_url.rb:350:in `test_06_confirmit_url_survey_complete'", "C:/Ruby192/lib/ruby/1.9.1/minitest/unit.rb:695:in `run'", "C:/Ruby192/lib/ruby/1.9.1/minitest/unit.rb:656:in `block (2 levels) in run_test_suites'", "C:/Ruby192/lib/ruby/1.9.1/minitest/unit.rb:650:in `each'", "C:/Ruby192/lib/ruby/1.9.1/minitest/unit.rb:650:in `block in run_test_suites'", "C:/Ruby192/lib/ruby/1.9.1/minitest/unit.rb:649:in `each'", "C:/Ruby192/lib/ruby/1.9.1/minitest/unit.rb:649:in `run_test_suites'", "C:/Ruby192/lib/ruby/1.9.1/minitest/unit.rb:609:in `run'", "C:/Ruby192/lib/ruby/1.9.1/minitest/unit.rb:508:in `block in autorun'"]
E25921

Successful Login to ipoll site
## Waiting for surveys to load ##
can't convert nil into String
["C:/Ruby192/lib/ruby/1.9.1/base64.rb:38:in `pack'", "C:/Ruby192/lib/ruby/1.9.1/base64.rb:38:in `encode64'", "Test_58_Confirmit_code_url.rb:427:in `test_07_conf_url_qg_auto_close'", "C:/Ruby192/lib/ruby/1.9.1/minitest/unit.rb:695:in `run'", "C:/Ruby192/lib/ruby/1.9.1/minitest/unit.rb:656:in `block (2 levels) in run_test_suites'", "C:/Ruby192/lib/ruby/1.9.1/minitest/unit.rb:650:in `each'", "C:/Ruby192/lib/ruby/1.9.1/minitest/unit.rb:650:in `block in run_test_suites'", "C:/Ruby192/lib/ruby/1.9.1/minitest/unit.rb:649:in `each'", "C:/Ruby192/lib/ruby/1.9.1/minitest/unit.rb:649:in `run_test_suites'", "C:/Ruby192/lib/ruby/1.9.1/minitest/unit.rb:609:in `run'", "C:/Ruby192/lib/ruby/1.9.1/minitest/unit.rb:508:in `block in autorun'"]
E25921

can't convert nil into String
["C:/Ruby192/lib/ruby/1.9.1/base64.rb:38:in `pack'", "C:/Ruby192/lib/ruby/1.9.1/base64.rb:38:in `encode64'", "Test_58_Confirmit_code_url.rb:503:in `test_08_reset_qg'", "C:/Ruby192/lib/ruby/1.9.1/minitest/unit.rb:695:in `run'", "C:/Ruby192/lib/ruby/1.9.1/minitest/unit.rb:656:in `block (2 levels) in run_test_suites'", "C:/Ruby192/lib/ruby/1.9.1/minitest/unit.rb:650:in `each'", "C:/Ruby192/lib/ruby/1.9.1/minitest/unit.rb:650:in `block in run_test_suites'", "C:/Ruby192/lib/ruby/1.9.1/minitest/unit.rb:649:in `each'", "C:/Ruby192/lib/ruby/1.9.1/minitest/unit.rb:649:in `run_test_suites'", "C:/Ruby192/lib/ruby/1.9.1/minitest/unit.rb:609:in `run'", "C:/Ruby192/lib/ruby/1.9.1/minitest/unit.rb:508:in `block in autorun'"]
.
Finished in 261.914631 seconds.

  1) Error:
test_02_confirmit_code_qg_set(Test_58_Confirmit_code_url):
TypeError: can't convert nil into String
    Test_58_Confirmit_code_url.rb:113:in `+'
    Test_58_Confirmit_code_url.rb:113:in `rescue in test_02_confirmit_code_qg_set'
    Test_58_Confirmit_code_url.rb:44:in `test_02_confirmit_code_qg_set'

  2) Error:
test_03_confirmit_code_survey_complete(Test_58_Confirmit_code_url):
TypeError: can't convert nil into String
    Test_58_Confirmit_code_url.rb:179:in `+'
    Test_58_Confirmit_code_url.rb:179:in `rescue in test_03_confirmit_code_survey_complete'
    Test_58_Confirmit_code_url.rb:121:in `test_03_confirmit_code_survey_complete'

  3) Error:
test_04_conf_code_qg_auto_close(Test_58_Confirmit_code_url):
TypeError: can't convert nil into String
    Test_58_Confirmit_code_url.rb:260:in `+'
    Test_58_Confirmit_code_url.rb:260:in `rescue in test_04_conf_code_qg_auto_close'
    Test_58_Confirmit_code_url.rb:187:in `test_04_conf_code_qg_auto_close'

  4) Error:
test_05_confirmit_url_qg_set(Test_58_Confirmit_code_url):
TypeError: can't convert nil into String
    Test_58_Confirmit_code_url.rb:334:in `+'
    Test_58_Confirmit_code_url.rb:334:in `rescue in test_05_confirmit_url_qg_set'
    Test_58_Confirmit_code_url.rb:268:in `test_05_confirmit_url_qg_set'

  5) Error:
test_06_confirmit_url_survey_complete(Test_58_Confirmit_code_url):
TypeError: can't convert nil into String
    Test_58_Confirmit_code_url.rb:401:in `+'
    Test_58_Confirmit_code_url.rb:401:in `rescue in test_06_confirmit_url_survey_complete'
    Test_58_Confirmit_code_url.rb:342:in `test_06_confirmit_url_survey_complete'

  6) Error:
test_07_conf_url_qg_auto_close(Test_58_Confirmit_code_url):
TypeError: can't convert nil into String
    Test_58_Confirmit_code_url.rb:483:in `+'
    Test_58_Confirmit_code_url.rb:483:in `rescue in test_07_conf_url_qg_auto_close'
    Test_58_Confirmit_code_url.rb:410:in `test_07_conf_url_qg_auto_close'

8 tests, 0 assertions, 0 failures, 6 errors, 0 skips

Test run options: --seed 47478
Loaded suite Test_59_Confirmit_code_url_recontact
Started
.Started InternetExplorerDriver server (32-bit)
2.39.0.0
Listening on port 5555
Successful Login to Usampadmin
test
25921



can't convert nil into String
["C:/Ruby192/lib/ruby/1.9.1/base64.rb:38:in `pack'", "C:/Ruby192/lib/ruby/1.9.1/base64.rb:38:in `encode64'", "Test_59_Confirmit_code_url_recontact.rb:71:in `test_02_copy_qg_change_reward'", "C:/Ruby192/lib/ruby/1.9.1/minitest/unit.rb:695:in `run'", "C:/Ruby192/lib/ruby/1.9.1/minitest/unit.rb:656:in `block (2 levels) in run_test_suites'", "C:/Ruby192/lib/ruby/1.9.1/minitest/unit.rb:650:in `each'", "C:/Ruby192/lib/ruby/1.9.1/minitest/unit.rb:650:in `block in run_test_suites'", "C:/Ruby192/lib/ruby/1.9.1/minitest/unit.rb:649:in `each'", "C:/Ruby192/lib/ruby/1.9.1/minitest/unit.rb:649:in `run_test_suites'", "C:/Ruby192/lib/ruby/1.9.1/minitest/unit.rb:609:in `run'", "C:/Ruby192/lib/ruby/1.9.1/minitest/unit.rb:508:in `block in autorun'"]
EStarted InternetExplorerDriver server (32-bit)
2.39.0.0
Listening on port 5555
Successful Login to Usampadmin
25921

can't convert nil into String
["C:/Ruby192/lib/ruby/1.9.1/base64.rb:38:in `pack'", "C:/Ruby192/lib/ruby/1.9.1/base64.rb:38:in `encode64'", "Test_59_Confirmit_code_url_recontact.rb:149:in `test_03_confirmit_code__recon_qg_set'", "C:/Ruby192/lib/ruby/1.9.1/minitest/unit.rb:695:in `run'", "C:/Ruby192/lib/ruby/1.9.1/minitest/unit.rb:656:in `block (2 levels) in run_test_suites'", "C:/Ruby192/lib/ruby/1.9.1/minitest/unit.rb:650:in `each'", "C:/Ruby192/lib/ruby/1.9.1/minitest/unit.rb:650:in `block in run_test_suites'", "C:/Ruby192/lib/ruby/1.9.1/minitest/unit.rb:649:in `each'", "C:/Ruby192/lib/ruby/1.9.1/minitest/unit.rb:649:in `run_test_suites'", "C:/Ruby192/lib/ruby/1.9.1/minitest/unit.rb:609:in `run'", "C:/Ruby192/lib/ruby/1.9.1/minitest/unit.rb:508:in `block in autorun'"]
E
Timeout::Error
["C:/Ruby192/lib/ruby/1.9.1/net/protocol.rb:140:in `rescue in rbuf_fill'", "C:/Ruby192/lib/ruby/1.9.1/net/protocol.rb:134:in `rbuf_fill'", "C:/Ruby192/lib/ruby/1.9.1/net/protocol.rb:116:in `readuntil'", "C:/Ruby192/lib/ruby/1.9.1/net/protocol.rb:126:in `readline'", "C:/Ruby192/lib/ruby/1.9.1/net/http.rb:2219:in `read_status_line'", "C:/Ruby192/lib/ruby/1.9.1/net/http.rb:2208:in `read_new'", "C:/Ruby192/lib/ruby/1.9.1/net/http.rb:1191:in `transport_request'", "C:/Ruby192/lib/ruby/1.9.1/net/http.rb:1177:in `request'", "C:/Ruby192/lib/ruby/1.9.1/net/http.rb:1170:in `block in request'", "C:/Ruby192/lib/ruby/1.9.1/net/http.rb:627:in `start'", "C:/Ruby192/lib/ruby/1.9.1/net/http.rb:1168:in `request'", "C:/Ruby192/lib/ruby/gems/1.9.1/gems/selenium-webdriver-2.31.0/lib/selenium/webdriver/remote/http/default.rb:83:in `response_for'", "C:/Ruby192/lib/ruby/gems/1.9.1/gems/selenium-webdriver-2.31.0/lib/selenium/webdriver/remote/http/default.rb:39:in `request'", "C:/Ruby192/lib/ruby/gems/1.9.1/gems/selenium-webdriver-2.31.0/lib/selenium/webdriver/remote/http/common.rb:40:in `call'", "C:/Ruby192/lib/ruby/gems/1.9.1/gems/selenium-webdriver-2.31.0/lib/selenium/webdriver/remote/bridge.rb:616:in `raw_execute'", "C:/Ruby192/lib/ruby/gems/1.9.1/gems/selenium-webdriver-2.31.0/lib/selenium/webdriver/remote/bridge.rb:594:in `execute'", "C:/Ruby192/lib/ruby/gems/1.9.1/gems/selenium-webdriver-2.31.0/lib/selenium/webdriver/remote/bridge.rb:100:in `get'", "C:/Ruby192/lib/ruby/gems/1.9.1/gems/selenium-webdriver-2.31.0/lib/selenium/webdriver/common/navigation.rb:14:in `to'", "C:/Ruby192/lib/ruby/gems/1.9.1/gems/watir-webdriver-0.6.1/lib/watir-webdriver/browser.rb:63:in `goto'", "D:/IMPROVED_CODE_AAMIR/Usamp_lib.rb:109:in `Surveyhead_login'", "Test_59_Confirmit_code_url_recontact.rb:249:in `test_04_invalid_member_not_shown_survey'", "C:/Ruby192/lib/ruby/1.9.1/minitest/unit.rb:695:in `run'", "C:/Ruby192/lib/ruby/1.9.1/minitest/unit.rb:656:in `block (2 levels) in run_test_suites'", "C:/Ruby192/lib/ruby/1.9.1/minitest/unit.rb:650:in `each'", "C:/Ruby192/lib/ruby/1.9.1/minitest/unit.rb:650:in `block in run_test_suites'", "C:/Ruby192/lib/ruby/1.9.1/minitest/unit.rb:649:in `each'", "C:/Ruby192/lib/ruby/1.9.1/minitest/unit.rb:649:in `run_test_suites'", "C:/Ruby192/lib/ruby/1.9.1/minitest/unit.rb:609:in `run'", "C:/Ruby192/lib/ruby/1.9.1/minitest/unit.rb:508:in `block in autorun'"]
E
unable to obtain stable firefox connection in 60 seconds (127.0.0.1:7088)
["C:/Ruby192/lib/ruby/gems/1.9.1/gems/selenium-webdriver-2.31.0/lib/selenium/webdriver/firefox/launcher.rb:79:in `connect_until_stable'", "C:/Ruby192/lib/ruby/gems/1.9.1/gems/selenium-webdriver-2.31.0/lib/selenium/webdriver/firefox/launcher.rb:37:in `block in launch'", "C:/Ruby192/lib/ruby/gems/1.9.1/gems/selenium-webdriver-2.31.0/lib/selenium/webdriver/firefox/socket_lock.rb:20:in `locked'", "C:/Ruby192/lib/ruby/gems/1.9.1/gems/selenium-webdriver-2.31.0/lib/selenium/webdriver/firefox/launcher.rb:32:in `launch'", "C:/Ruby192/lib/ruby/gems/1.9.1/gems/selenium-webdriver-2.31.0/lib/selenium/webdriver/firefox/bridge.rb:24:in `initialize'", "C:/Ruby192/lib/ruby/gems/1.9.1/gems/selenium-webdriver-2.31.0/lib/selenium/webdriver/common/driver.rb:31:in `new'", "C:/Ruby192/lib/ruby/gems/1.9.1/gems/selenium-webdriver-2.31.0/lib/selenium/webdriver/common/driver.rb:31:in `for'", "C:/Ruby192/lib/ruby/gems/1.9.1/gems/selenium-webdriver-2.31.0/lib/selenium/webdriver.rb:67:in `for'", "D:/IMPROVED_CODE_AAMIR/Usamp_lib.rb:105:in `Surveyhead_login'", "Test_59_Confirmit_code_url_recontact.rb:289:in `test_05_confirmit_code_survey_complete'", "C:/Ruby192/lib/ruby/1.9.1/minitest/unit.rb:695:in `run'", "C:/Ruby192/lib/ruby/1.9.1/minitest/unit.rb:656:in `block (2 levels) in run_test_suites'", "C:/Ruby192/lib/ruby/1.9.1/minitest/unit.rb:650:in `each'", "C:/Ruby192/lib/ruby/1.9.1/minitest/unit.rb:650:in `block in run_test_suites'", "C:/Ruby192/lib/ruby/1.9.1/minitest/unit.rb:649:in `each'", "C:/Ruby192/lib/ruby/1.9.1/minitest/unit.rb:649:in `run_test_suites'", "C:/Ruby192/lib/ruby/1.9.1/minitest/unit.rb:609:in `run'", "C:/Ruby192/lib/ruby/1.9.1/minitest/unit.rb:508:in `block in autorun'"]
EStarted InternetExplorerDriver server (32-bit)
2.39.0.0
Listening on port 5555
Timeout::Error
["C:/Ruby192/lib/ruby/1.9.1/net/protocol.rb:140:in `rescue in rbuf_fill'", "C:/Ruby192/lib/ruby/1.9.1/net/protocol.rb:134:in `rbuf_fill'", "C:/Ruby192/lib/ruby/1.9.1/net/protocol.rb:116:in `readuntil'", "C:/Ruby192/lib/ruby/1.9.1/net/protocol.rb:126:in `readline'", "C:/Ruby192/lib/ruby/1.9.1/net/http.rb:2219:in `read_status_line'", "C:/Ruby192/lib/ruby/1.9.1/net/http.rb:2208:in `read_new'", "C:/Ruby192/lib/ruby/1.9.1/net/http.rb:1191:in `transport_request'", "C:/Ruby192/lib/ruby/1.9.1/net/http.rb:1177:in `request'", "C:/Ruby192/lib/ruby/1.9.1/net/http.rb:1170:in `block in request'", "C:/Ruby192/lib/ruby/1.9.1/net/http.rb:627:in `start'", "C:/Ruby192/lib/ruby/1.9.1/net/http.rb:1168:in `request'", "C:/Ruby192/lib/ruby/gems/1.9.1/gems/selenium-webdriver-2.31.0/lib/selenium/webdriver/remote/http/default.rb:83:in `response_for'", "C:/Ruby192/lib/ruby/gems/1.9.1/gems/selenium-webdriver-2.31.0/lib/selenium/webdriver/remote/http/default.rb:39:in `request'", "C:/Ruby192/lib/ruby/gems/1.9.1/gems/selenium-webdriver-2.31.0/lib/selenium/webdriver/remote/http/common.rb:40:in `call'", "C:/Ruby192/lib/ruby/gems/1.9.1/gems/selenium-webdriver-2.31.0/lib/selenium/webdriver/remote/bridge.rb:616:in `raw_execute'", "C:/Ruby192/lib/ruby/gems/1.9.1/gems/selenium-webdriver-2.31.0/lib/selenium/webdriver/remote/bridge.rb:594:in `execute'", "C:/Ruby192/lib/ruby/gems/1.9.1/gems/selenium-webdriver-2.31.0/lib/selenium/webdriver/remote/bridge.rb:100:in `get'", "C:/Ruby192/lib/ruby/gems/1.9.1/gems/selenium-webdriver-2.31.0/lib/selenium/webdriver/common/navigation.rb:14:in `to'", "C:/Ruby192/lib/ruby/gems/1.9.1/gems/watir-webdriver-0.6.1/lib/watir-webdriver/browser.rb:63:in `goto'", "D:/IMPROVED_CODE_AAMIR/Usamp_lib.rb:76:in `Usampadmin_login'", "Test_59_Confirmit_code_url_recontact.rb:341:in `test_06_confirmit_url_qg_set'", "C:/Ruby192/lib/ruby/1.9.1/minitest/unit.rb:695:in `run'", "C:/Ruby192/lib/ruby/1.9.1/minitest/unit.rb:656:in `block (2 levels) in run_test_suites'", "C:/Ruby192/lib/ruby/1.9.1/minitest/unit.rb:650:in `each'", "C:/Ruby192/lib/ruby/1.9.1/minitest/unit.rb:650:in `block in run_test_suites'", "C:/Ruby192/lib/ruby/1.9.1/minitest/unit.rb:649:in `each'", "C:/Ruby192/lib/ruby/1.9.1/minitest/unit.rb:649:in `run_test_suites'", "C:/Ruby192/lib/ruby/1.9.1/minitest/unit.rb:609:in `run'", "C:/Ruby192/lib/ruby/1.9.1/minitest/unit.rb:508:in `block in autorun'"]
E
No connection could be made because the target machine actively refused it. - connect(2)
["C:/Ruby192/lib/ruby/1.9.1/net/http.rb:644:in `initialize'", "C:/Ruby192/lib/ruby/1.9.1/net/http.rb:644:in `open'", "C:/Ruby192/lib/ruby/1.9.1/net/http.rb:644:in `block in connect'", "C:/Ruby192/lib/ruby/1.9.1/timeout.rb:44:in `timeout'", "C:/Ruby192/lib/ruby/1.9.1/timeout.rb:89:in `timeout'", "C:/Ruby192/lib/ruby/1.9.1/net/http.rb:644:in `connect'", "C:/Ruby192/lib/ruby/1.9.1/net/http.rb:637:in `do_start'", "C:/Ruby192/lib/ruby/1.9.1/net/http.rb:626:in `start'", "C:/Ruby192/lib/ruby/1.9.1/net/http.rb:1168:in `request'", "C:/Ruby192/lib/ruby/gems/1.9.1/gems/selenium-webdriver-2.31.0/lib/selenium/webdriver/remote/http/default.rb:83:in `response_for'", "C:/Ruby192/lib/ruby/gems/1.9.1/gems/selenium-webdriver-2.31.0/lib/selenium/webdriver/remote/http/default.rb:39:in `request'", "C:/Ruby192/lib/ruby/gems/1.9.1/gems/selenium-webdriver-2.31.0/lib/selenium/webdriver/remote/http/common.rb:40:in `call'", "C:/Ruby192/lib/ruby/gems/1.9.1/gems/selenium-webdriver-2.31.0/lib/selenium/webdriver/remote/bridge.rb:616:in `raw_execute'", "C:/Ruby192/lib/ruby/gems/1.9.1/gems/selenium-webdriver-2.31.0/lib/selenium/webdriver/remote/bridge.rb:594:in `execute'", "C:/Ruby192/lib/ruby/gems/1.9.1/gems/selenium-webdriver-2.31.0/lib/selenium/webdriver/remote/bridge.rb:100:in `get'", "C:/Ruby192/lib/ruby/gems/1.9.1/gems/selenium-webdriver-2.31.0/lib/selenium/webdriver/common/navigation.rb:14:in `to'", "C:/Ruby192/lib/ruby/gems/1.9.1/gems/watir-webdriver-0.6.1/lib/watir-webdriver/browser.rb:63:in `goto'", "D:/IMPROVED_CODE_AAMIR/Usamp_lib.rb:109:in `Surveyhead_login'", "Test_59_Confirmit_code_url_recontact.rb:453:in `test_07_invalid_member_not_shown_survey'", "C:/Ruby192/lib/ruby/1.9.1/minitest/unit.rb:695:in `run'", "C:/Ruby192/lib/ruby/1.9.1/minitest/unit.rb:656:in `block (2 levels) in run_test_suites'", "C:/Ruby192/lib/ruby/1.9.1/minitest/unit.rb:650:in `each'", "C:/Ruby192/lib/ruby/1.9.1/minitest/unit.rb:650:in `block in run_test_suites'", "C:/Ruby192/lib/ruby/1.9.1/minitest/unit.rb:649:in `each'", "C:/Ruby192/lib/ruby/1.9.1/minitest/unit.rb:649:in `run_test_suites'", "C:/Ruby192/lib/ruby/1.9.1/minitest/unit.rb:609:in `run'", "C:/Ruby192/lib/ruby/1.9.1/minitest/unit.rb:508:in `block in autorun'"]
E
Timeout::Error
["C:/Ruby192/lib/ruby/1.9.1/net/protocol.rb:140:in `rescue in rbuf_fill'", "C:/Ruby192/lib/ruby/1.9.1/net/protocol.rb:134:in `rbuf_fill'", "C:/Ruby192/lib/ruby/1.9.1/net/protocol.rb:116:in `readuntil'", "C:/Ruby192/lib/ruby/1.9.1/net/protocol.rb:126:in `readline'", "C:/Ruby192/lib/ruby/1.9.1/net/http.rb:2219:in `read_status_line'", "C:/Ruby192/lib/ruby/1.9.1/net/http.rb:2208:in `read_new'", "C:/Ruby192/lib/ruby/1.9.1/net/http.rb:1191:in `transport_request'", "C:/Ruby192/lib/ruby/1.9.1/net/http.rb:1177:in `request'", "C:/Ruby192/lib/ruby/1.9.1/net/http.rb:1170:in `block in request'", "C:/Ruby192/lib/ruby/1.9.1/net/http.rb:627:in `start'", "C:/Ruby192/lib/ruby/1.9.1/net/http.rb:1168:in `request'", "C:/Ruby192/lib/ruby/gems/1.9.1/gems/selenium-webdriver-2.31.0/lib/selenium/webdriver/remote/http/default.rb:83:in `response_for'", "C:/Ruby192/lib/ruby/gems/1.9.1/gems/selenium-webdriver-2.31.0/lib/selenium/webdriver/remote/http/default.rb:39:in `request'", "C:/Ruby192/lib/ruby/gems/1.9.1/gems/selenium-webdriver-2.31.0/lib/selenium/webdriver/remote/http/common.rb:40:in `call'", "C:/Ruby192/lib/ruby/gems/1.9.1/gems/selenium-webdriver-2.31.0/lib/selenium/webdriver/remote/bridge.rb:616:in `raw_execute'", "C:/Ruby192/lib/ruby/gems/1.9.1/gems/selenium-webdriver-2.31.0/lib/selenium/webdriver/remote/bridge.rb:93:in `create_session'", "C:/Ruby192/lib/ruby/gems/1.9.1/gems/selenium-webdriver-2.31.0/lib/selenium/webdriver/remote/bridge.rb:68:in `initialize'", "C:/Ruby192/lib/ruby/gems/1.9.1/gems/selenium-webdriver-2.31.0/lib/selenium/webdriver/firefox/bridge.rb:36:in `initialize'", "C:/Ruby192/lib/ruby/gems/1.9.1/gems/selenium-webdriver-2.31.0/lib/selenium/webdriver/common/driver.rb:31:in `new'", "C:/Ruby192/lib/ruby/gems/1.9.1/gems/selenium-webdriver-2.31.0/lib/selenium/webdriver/common/driver.rb:31:in `for'", "C:/Ruby192/lib/ruby/gems/1.9.1/gems/selenium-webdriver-2.31.0/lib/selenium/webdriver.rb:67:in `for'", "D:/IMPROVED_CODE_AAMIR/Usamp_lib.rb:105:in `Surveyhead_login'", "Test_59_Confirmit_code_url_recontact.rb:493:in `test_08_confirmit_url_survey_complete'", "C:/Ruby192/lib/ruby/1.9.1/minitest/unit.rb:695:in `run'", "C:/Ruby192/lib/ruby/1.9.1/minitest/unit.rb:656:in `block (2 levels) in run_test_suites'", "C:/Ruby192/lib/ruby/1.9.1/minitest/unit.rb:650:in `each'", "C:/Ruby192/lib/ruby/1.9.1/minitest/unit.rb:650:in `block in run_test_suites'", "C:/Ruby192/lib/ruby/1.9.1/minitest/unit.rb:649:in `each'", "C:/Ruby192/lib/ruby/1.9.1/minitest/unit.rb:649:in `run_test_suites'", "C:/Ruby192/lib/ruby/1.9.1/minitest/unit.rb:609:in `run'", "C:/Ruby192/lib/ruby/1.9.1/minitest/unit.rb:508:in `block in autorun'"]
EStarted InternetExplorerDriver server (32-bit)
2.39.0.0
Listening on port 5556
Successful Login to Usampadmin
25921

can't convert nil into String
["C:/Ruby192/lib/ruby/1.9.1/base64.rb:38:in `pack'", "C:/Ruby192/lib/ruby/1.9.1/base64.rb:38:in `encode64'", "Test_59_Confirmit_code_url_recontact.rb:559:in `test_09_close_qg'", "C:/Ruby192/lib/ruby/1.9.1/minitest/unit.rb:695:in `run'", "C:/Ruby192/lib/ruby/1.9.1/minitest/unit.rb:656:in `block (2 levels) in run_test_suites'", "C:/Ruby192/lib/ruby/1.9.1/minitest/unit.rb:650:in `each'", "C:/Ruby192/lib/ruby/1.9.1/minitest/unit.rb:650:in `block in run_test_suites'", "C:/Ruby192/lib/ruby/1.9.1/minitest/unit.rb:649:in `each'", "C:/Ruby192/lib/ruby/1.9.1/minitest/unit.rb:649:in `run_test_suites'", "C:/Ruby192/lib/ruby/1.9.1/minitest/unit.rb:609:in `run'", "C:/Ruby192/lib/ruby/1.9.1/minitest/unit.rb:508:in `block in autorun'"]
.
Finished in 342.776594 seconds.

  1) Error:
test_02_copy_qg_change_reward(Test_59_Confirmit_code_url_recontact):
TypeError: can't convert nil into String
    Test_59_Confirmit_code_url_recontact.rb:122:in `+'
    Test_59_Confirmit_code_url_recontact.rb:122:in `rescue in test_02_copy_qg_change_reward'
    Test_59_Confirmit_code_url_recontact.rb:45:in `test_02_copy_qg_change_reward'

  2) Error:
test_03_confirmit_code__recon_qg_set(Test_59_Confirmit_code_url_recontact):
TypeError: can't convert nil into String
    Test_59_Confirmit_code_url_recontact.rb:233:in `+'
    Test_59_Confirmit_code_url_recontact.rb:233:in `rescue in test_03_confirmit_code__recon_qg_set'
    Test_59_Confirmit_code_url_recontact.rb:132:in `test_03_confirmit_code__recon_qg_set'

  3) Error:
test_04_invalid_member_not_shown_survey(Test_59_Confirmit_code_url_recontact):
NoMethodError: undefined method `close' for nil:NilClass
    Test_59_Confirmit_code_url_recontact.rb:272:in `rescue in test_04_invalid_member_not_shown_survey'
    Test_59_Confirmit_code_url_recontact.rb:241:in `test_04_invalid_member_not_shown_survey'

  4) Error:
test_05_confirmit_code_survey_complete(Test_59_Confirmit_code_url_recontact):
NoMethodError: undefined method `close' for nil:NilClass
    Test_59_Confirmit_code_url_recontact.rb:329:in `rescue in test_05_confirmit_code_survey_complete'
    Test_59_Confirmit_code_url_recontact.rb:281:in `test_05_confirmit_code_survey_complete'

  5) Error:
test_06_confirmit_url_qg_set(Test_59_Confirmit_code_url_recontact):
TypeError: can't convert nil into String
    Test_59_Confirmit_code_url_recontact.rb:437:in `+'
    Test_59_Confirmit_code_url_recontact.rb:437:in `rescue in test_06_confirmit_url_qg_set'
    Test_59_Confirmit_code_url_recontact.rb:338:in `test_06_confirmit_url_qg_set'

  6) Error:
test_07_invalid_member_not_shown_survey(Test_59_Confirmit_code_url_recontact):
NoMethodError: undefined method `close' for nil:NilClass
    Test_59_Confirmit_code_url_recontact.rb:476:in `rescue in test_07_invalid_member_not_shown_survey'
    Test_59_Confirmit_code_url_recontact.rb:445:in `test_07_invalid_member_not_shown_survey'

  7) Error:
test_08_confirmit_url_survey_complete(Test_59_Confirmit_code_url_recontact):
NoMethodError: undefined method `close' for nil:NilClass
    Test_59_Confirmit_code_url_recontact.rb:533:in `rescue in test_08_confirmit_url_survey_complete'
    Test_59_Confirmit_code_url_recontact.rb:485:in `test_08_confirmit_url_survey_complete'

9 tests, 0 assertions, 0 failures, 7 errors, 0 skips

Test run options: --seed 61298
Loaded suite Test_60_Survey_complete_invalid_token
Started
.25921
119356
Started InternetExplorerDriver server (32-bit)
2.39.0.0
Listening on port 5555
Successful Login to Usampadmin
unable to locate element, using {:text=>"GO", :tag_name=>"a"}
["C:/Ruby192/lib/ruby/gems/1.9.1/gems/watir-webdriver-0.6.1/lib/watir-webdriver/elements/element.rb:365:in `assert_exists'", "C:/Ruby192/lib/ruby/gems/1.9.1/gems/watir-webdriver-0.6.1/lib/watir-webdriver/elements/element.rb:95:in `click'", "Test_60_Survey_complete_invalid_token.rb:69:in `test_02_survey_complete'", "C:/Ruby192/lib/ruby/1.9.1/minitest/unit.rb:695:in `run'", "C:/Ruby192/lib/ruby/1.9.1/minitest/unit.rb:656:in `block (2 levels) in run_test_suites'", "C:/Ruby192/lib/ruby/1.9.1/minitest/unit.rb:650:in `each'", "C:/Ruby192/lib/ruby/1.9.1/minitest/unit.rb:650:in `block in run_test_suites'", "C:/Ruby192/lib/ruby/1.9.1/minitest/unit.rb:649:in `each'", "C:/Ruby192/lib/ruby/1.9.1/minitest/unit.rb:649:in `run_test_suites'", "C:/Ruby192/lib/ruby/1.9.1/minitest/unit.rb:609:in `run'", "C:/Ruby192/lib/ruby/1.9.1/minitest/unit.rb:508:in `block in autorun'"]
.25921
119356
Started InternetExplorerDriver server (32-bit)
2.39.0.0
Listening on port 5555
Successful Login to Usampadmin
.
Finished in 151.817358 seconds.

3 tests, 0 assertions, 0 failures, 0 errors, 0 skips

Test run options: --seed 26638
Loaded suite Test_61_Rewards_at_site_level
Started
.Started InternetExplorerDriver server (32-bit)
2.39.0.0
Listening on port 5555
Successful Login to Usampadmin
25921
119356
PASS
PASS
.119356
Component returned failure code: 0x80570015 (NS_ERROR_XPC_CI_RETURNED_FAILURE) [nsIJSCID.createInstance]
["C:/Ruby192/lib/ruby/gems/1.9.1/gems/selenium-webdriver-2.31.0/lib/selenium/webdriver/remote/response.rb:52:in `assert_ok'", "C:/Ruby192/lib/ruby/gems/1.9.1/gems/selenium-webdriver-2.31.0/lib/selenium/webdriver/remote/response.rb:15:in `initialize'", "C:/Ruby192/lib/ruby/gems/1.9.1/gems/selenium-webdriver-2.31.0/lib/selenium/webdriver/remote/http/common.rb:59:in `new'", "C:/Ruby192/lib/ruby/gems/1.9.1/gems/selenium-webdriver-2.31.0/lib/selenium/webdriver/remote/http/common.rb:59:in `create_response'", "C:/Ruby192/lib/ruby/gems/1.9.1/gems/selenium-webdriver-2.31.0/lib/selenium/webdriver/remote/http/default.rb:66:in `request'", "C:/Ruby192/lib/ruby/gems/1.9.1/gems/selenium-webdriver-2.31.0/lib/selenium/webdriver/remote/http/common.rb:40:in `call'", "C:/Ruby192/lib/ruby/gems/1.9.1/gems/selenium-webdriver-2.31.0/lib/selenium/webdriver/remote/bridge.rb:616:in `raw_execute'", "C:/Ruby192/lib/ruby/gems/1.9.1/gems/selenium-webdriver-2.31.0/lib/selenium/webdriver/remote/bridge.rb:93:in `create_session'", "C:/Ruby192/lib/ruby/gems/1.9.1/gems/selenium-webdriver-2.31.0/lib/selenium/webdriver/remote/bridge.rb:68:in `initialize'", "C:/Ruby192/lib/ruby/gems/1.9.1/gems/selenium-webdriver-2.31.0/lib/selenium/webdriver/firefox/bridge.rb:36:in `initialize'", "C:/Ruby192/lib/ruby/gems/1.9.1/gems/selenium-webdriver-2.31.0/lib/selenium/webdriver/common/driver.rb:31:in `new'", "C:/Ruby192/lib/ruby/gems/1.9.1/gems/selenium-webdriver-2.31.0/lib/selenium/webdriver/common/driver.rb:31:in `for'", "C:/Ruby192/lib/ruby/gems/1.9.1/gems/selenium-webdriver-2.31.0/lib/selenium/webdriver.rb:67:in `for'", "D:/IMPROVED_CODE_AAMIR/Usamp_lib.rb:105:in `Surveyhead_login'", "Test_61_Rewards_at_site_level.rb:132:in `test_03_success_reward'", "C:/Ruby192/lib/ruby/1.9.1/minitest/unit.rb:695:in `run'", "C:/Ruby192/lib/ruby/1.9.1/minitest/unit.rb:656:in `block (2 levels) in run_test_suites'", "C:/Ruby192/lib/ruby/1.9.1/minitest/unit.rb:650:in `each'", "C:/Ruby192/lib/ruby/1.9.1/minitest/unit.rb:650:in `block in run_test_suites'", "C:/Ruby192/lib/ruby/1.9.1/minitest/unit.rb:649:in `each'", "C:/Ruby192/lib/ruby/1.9.1/minitest/unit.rb:649:in `run_test_suites'", "C:/Ruby192/lib/ruby/1.9.1/minitest/unit.rb:609:in `run'", "C:/Ruby192/lib/ruby/1.9.1/minitest/unit.rb:508:in `block in autorun'"]
E119356
Component returned failure code: 0x80570015 (NS_ERROR_XPC_CI_RETURNED_FAILURE) [nsIJSCID.createInstance]
["C:/Ruby192/lib/ruby/gems/1.9.1/gems/selenium-webdriver-2.31.0/lib/selenium/webdriver/remote/response.rb:52:in `assert_ok'", "C:/Ruby192/lib/ruby/gems/1.9.1/gems/selenium-webdriver-2.31.0/lib/selenium/webdriver/remote/response.rb:15:in `initialize'", "C:/Ruby192/lib/ruby/gems/1.9.1/gems/selenium-webdriver-2.31.0/lib/selenium/webdriver/remote/http/common.rb:59:in `new'", "C:/Ruby192/lib/ruby/gems/1.9.1/gems/selenium-webdriver-2.31.0/lib/selenium/webdriver/remote/http/common.rb:59:in `create_response'", "C:/Ruby192/lib/ruby/gems/1.9.1/gems/selenium-webdriver-2.31.0/lib/selenium/webdriver/remote/http/default.rb:66:in `request'", "C:/Ruby192/lib/ruby/gems/1.9.1/gems/selenium-webdriver-2.31.0/lib/selenium/webdriver/remote/http/common.rb:40:in `call'", "C:/Ruby192/lib/ruby/gems/1.9.1/gems/selenium-webdriver-2.31.0/lib/selenium/webdriver/remote/bridge.rb:616:in `raw_execute'", "C:/Ruby192/lib/ruby/gems/1.9.1/gems/selenium-webdriver-2.31.0/lib/selenium/webdriver/remote/bridge.rb:93:in `create_session'", "C:/Ruby192/lib/ruby/gems/1.9.1/gems/selenium-webdriver-2.31.0/lib/selenium/webdriver/remote/bridge.rb:68:in `initialize'", "C:/Ruby192/lib/ruby/gems/1.9.1/gems/selenium-webdriver-2.31.0/lib/selenium/webdriver/firefox/bridge.rb:36:in `initialize'", "C:/Ruby192/lib/ruby/gems/1.9.1/gems/selenium-webdriver-2.31.0/lib/selenium/webdriver/common/driver.rb:31:in `new'", "C:/Ruby192/lib/ruby/gems/1.9.1/gems/selenium-webdriver-2.31.0/lib/selenium/webdriver/common/driver.rb:31:in `for'", "C:/Ruby192/lib/ruby/gems/1.9.1/gems/selenium-webdriver-2.31.0/lib/selenium/webdriver.rb:67:in `for'", "D:/IMPROVED_CODE_AAMIR/Usamp_lib.rb:105:in `Surveyhead_login'", "Test_61_Rewards_at_site_level.rb:254:in `test_04_fail_reward'", "C:/Ruby192/lib/ruby/1.9.1/minitest/unit.rb:695:in `run'", "C:/Ruby192/lib/ruby/1.9.1/minitest/unit.rb:656:in `block (2 levels) in run_test_suites'", "C:/Ruby192/lib/ruby/1.9.1/minitest/unit.rb:650:in `each'", "C:/Ruby192/lib/ruby/1.9.1/minitest/unit.rb:650:in `block in run_test_suites'", "C:/Ruby192/lib/ruby/1.9.1/minitest/unit.rb:649:in `each'", "C:/Ruby192/lib/ruby/1.9.1/minitest/unit.rb:649:in `run_test_suites'", "C:/Ruby192/lib/ruby/1.9.1/minitest/unit.rb:609:in `run'", "C:/Ruby192/lib/ruby/1.9.1/minitest/unit.rb:508:in `block in autorun'"]
E119356
No connection could be made because the target machine actively refused it. - connect(2)
["C:/Ruby192/lib/ruby/1.9.1/net/http.rb:644:in `initialize'", "C:/Ruby192/lib/ruby/1.9.1/net/http.rb:644:in `open'", "C:/Ruby192/lib/ruby/1.9.1/net/http.rb:644:in `block in connect'", "C:/Ruby192/lib/ruby/1.9.1/timeout.rb:44:in `timeout'", "C:/Ruby192/lib/ruby/1.9.1/timeout.rb:89:in `timeout'", "C:/Ruby192/lib/ruby/1.9.1/net/http.rb:644:in `connect'", "C:/Ruby192/lib/ruby/1.9.1/net/http.rb:637:in `do_start'", "C:/Ruby192/lib/ruby/1.9.1/net/http.rb:626:in `start'", "C:/Ruby192/lib/ruby/1.9.1/net/http.rb:1168:in `request'", "C:/Ruby192/lib/ruby/gems/1.9.1/gems/selenium-webdriver-2.31.0/lib/selenium/webdriver/remote/http/default.rb:83:in `response_for'", "C:/Ruby192/lib/ruby/gems/1.9.1/gems/selenium-webdriver-2.31.0/lib/selenium/webdriver/remote/http/default.rb:39:in `request'", "C:/Ruby192/lib/ruby/gems/1.9.1/gems/selenium-webdriver-2.31.0/lib/selenium/webdriver/remote/http/common.rb:40:in `call'", "C:/Ruby192/lib/ruby/gems/1.9.1/gems/selenium-webdriver-2.31.0/lib/selenium/webdriver/remote/bridge.rb:616:in `raw_execute'", "C:/Ruby192/lib/ruby/gems/1.9.1/gems/selenium-webdriver-2.31.0/lib/selenium/webdriver/remote/bridge.rb:594:in `execute'", "C:/Ruby192/lib/ruby/gems/1.9.1/gems/selenium-webdriver-2.31.0/lib/selenium/webdriver/remote/bridge.rb:100:in `get'", "C:/Ruby192/lib/ruby/gems/1.9.1/gems/selenium-webdriver-2.31.0/lib/selenium/webdriver/common/navigation.rb:14:in `to'", "C:/Ruby192/lib/ruby/gems/1.9.1/gems/watir-webdriver-0.6.1/lib/watir-webdriver/browser.rb:63:in `goto'", "D:/IMPROVED_CODE_AAMIR/Usamp_lib.rb:109:in `Surveyhead_login'", "Test_61_Rewards_at_site_level.rb:329:in `test_05_oq_reward'", "C:/Ruby192/lib/ruby/1.9.1/minitest/unit.rb:695:in `run'", "C:/Ruby192/lib/ruby/1.9.1/minitest/unit.rb:656:in `block (2 levels) in run_test_suites'", "C:/Ruby192/lib/ruby/1.9.1/minitest/unit.rb:650:in `each'", "C:/Ruby192/lib/ruby/1.9.1/minitest/unit.rb:650:in `block in run_test_suites'", "C:/Ruby192/lib/ruby/1.9.1/minitest/unit.rb:649:in `each'", "C:/Ruby192/lib/ruby/1.9.1/minitest/unit.rb:649:in `run_test_suites'", "C:/Ruby192/lib/ruby/1.9.1/minitest/unit.rb:609:in `run'", "C:/Ruby192/lib/ruby/1.9.1/minitest/unit.rb:508:in `block in autorun'"]
EStarted InternetExplorerDriver server (32-bit)
2.39.0.0
Listening on port 5555
Successful Login to Usampadmin
.
Finished in 197.365691 seconds.

  1) Error:
test_03_success_reward(Test_61_Rewards_at_site_level):
NoMethodError: undefined method `close' for nil:NilClass
    Test_61_Rewards_at_site_level.rb:236:in `rescue in test_03_success_reward'
    Test_61_Rewards_at_site_level.rb:124:in `test_03_success_reward'

  2) Error:
test_04_fail_reward(Test_61_Rewards_at_site_level):
NoMethodError: undefined method `close' for nil:NilClass
    Test_61_Rewards_at_site_level.rb:312:in `rescue in test_04_fail_reward'
    Test_61_Rewards_at_site_level.rb:246:in `test_04_fail_reward'

  3) Error:
test_05_oq_reward(Test_61_Rewards_at_site_level):
NoMethodError: undefined method `close' for nil:NilClass
    Test_61_Rewards_at_site_level.rb:387:in `rescue in test_05_oq_reward'
    Test_61_Rewards_at_site_level.rb:321:in `test_05_oq_reward'

6 tests, 0 assertions, 0 failures, 3 errors, 0 skips

Test run options: --seed 18652
Loaded suite Test_62_Reward_config_foriegn_lang
Started
.Started InternetExplorerDriver server (32-bit)
2.39.0.0
Listening on port 5555
Successful Login to Usampadmin
2048
passed
Donacion espanola
passed
.No connection could be made because the target machine actively refused it. - connect(2)
["C:/Ruby192/lib/ruby/1.9.1/net/http.rb:644:in `initialize'", "C:/Ruby192/lib/ruby/1.9.1/net/http.rb:644:in `open'", "C:/Ruby192/lib/ruby/1.9.1/net/http.rb:644:in `block in connect'", "C:/Ruby192/lib/ruby/1.9.1/timeout.rb:44:in `timeout'", "C:/Ruby192/lib/ruby/1.9.1/timeout.rb:89:in `timeout'", "C:/Ruby192/lib/ruby/1.9.1/net/http.rb:644:in `connect'", "C:/Ruby192/lib/ruby/1.9.1/net/http.rb:637:in `do_start'", "C:/Ruby192/lib/ruby/1.9.1/net/http.rb:626:in `start'", "C:/Ruby192/lib/ruby/1.9.1/net/http.rb:1168:in `request'", "C:/Ruby192/lib/ruby/gems/1.9.1/gems/selenium-webdriver-2.31.0/lib/selenium/webdriver/remote/http/default.rb:83:in `response_for'", "C:/Ruby192/lib/ruby/gems/1.9.1/gems/selenium-webdriver-2.31.0/lib/selenium/webdriver/remote/http/default.rb:39:in `request'", "C:/Ruby192/lib/ruby/gems/1.9.1/gems/selenium-webdriver-2.31.0/lib/selenium/webdriver/remote/http/common.rb:40:in `call'", "C:/Ruby192/lib/ruby/gems/1.9.1/gems/selenium-webdriver-2.31.0/lib/selenium/webdriver/remote/bridge.rb:616:in `raw_execute'", "C:/Ruby192/lib/ruby/gems/1.9.1/gems/selenium-webdriver-2.31.0/lib/selenium/webdriver/remote/bridge.rb:594:in `execute'", "C:/Ruby192/lib/ruby/gems/1.9.1/gems/selenium-webdriver-2.31.0/lib/selenium/webdriver/remote/bridge.rb:100:in `get'", "C:/Ruby192/lib/ruby/gems/1.9.1/gems/selenium-webdriver-2.31.0/lib/selenium/webdriver/common/navigation.rb:14:in `to'", "C:/Ruby192/lib/ruby/gems/1.9.1/gems/watir-webdriver-0.6.1/lib/watir-webdriver/browser.rb:63:in `goto'", "D:/IMPROVED_CODE_AAMIR/Usamp_lib.rb:109:in `Surveyhead_login'", "Test_62_Reward_config_foriegn_lang.rb:126:in `test_03_check_rew_desc'", "C:/Ruby192/lib/ruby/1.9.1/minitest/unit.rb:695:in `run'", "C:/Ruby192/lib/ruby/1.9.1/minitest/unit.rb:656:in `block (2 levels) in run_test_suites'", "C:/Ruby192/lib/ruby/1.9.1/minitest/unit.rb:650:in `each'", "C:/Ruby192/lib/ruby/1.9.1/minitest/unit.rb:650:in `block in run_test_suites'", "C:/Ruby192/lib/ruby/1.9.1/minitest/unit.rb:649:in `each'", "C:/Ruby192/lib/ruby/1.9.1/minitest/unit.rb:649:in `run_test_suites'", "C:/Ruby192/lib/ruby/1.9.1/minitest/unit.rb:609:in `run'", "C:/Ruby192/lib/ruby/1.9.1/minitest/unit.rb:508:in `block in autorun'"]
E
Finished in 67.174024 seconds.

  1) Error:
test_03_check_rew_desc(Test_62_Reward_config_foriegn_lang):
NoMethodError: undefined method `close' for nil:NilClass
    Test_62_Reward_config_foriegn_lang.rb:169:in `rescue in test_03_check_rew_desc'
    Test_62_Reward_config_foriegn_lang.rb:123:in `test_03_check_rew_desc'

3 tests, 0 assertions, 0 failures, 1 errors, 0 skips

Test run options: --seed 61067
Loaded suite Test_63_Broadcasts
Started
.Successful Login to Usampadmin
25921
119356
No connection could be made because the target machine actively refused it. - connect(2)
["C:/Ruby192/lib/ruby/1.9.1/net/http.rb:644:in `initialize'", "C:/Ruby192/lib/ruby/1.9.1/net/http.rb:644:in `open'", "C:/Ruby192/lib/ruby/1.9.1/net/http.rb:644:in `block in connect'", "C:/Ruby192/lib/ruby/1.9.1/timeout.rb:44:in `timeout'", "C:/Ruby192/lib/ruby/1.9.1/timeout.rb:89:in `timeout'", "C:/Ruby192/lib/ruby/1.9.1/net/http.rb:644:in `connect'", "C:/Ruby192/lib/ruby/1.9.1/net/http.rb:637:in `do_start'", "C:/Ruby192/lib/ruby/1.9.1/net/http.rb:626:in `start'", "C:/Ruby192/lib/ruby/1.9.1/net/http.rb:1168:in `request'", "C:/Ruby192/lib/ruby/gems/1.9.1/gems/selenium-webdriver-2.31.0/lib/selenium/webdriver/remote/http/default.rb:83:in `response_for'", "C:/Ruby192/lib/ruby/gems/1.9.1/gems/selenium-webdriver-2.31.0/lib/selenium/webdriver/remote/http/default.rb:39:in `request'", "C:/Ruby192/lib/ruby/gems/1.9.1/gems/selenium-webdriver-2.31.0/lib/selenium/webdriver/remote/http/common.rb:40:in `call'", "C:/Ruby192/lib/ruby/gems/1.9.1/gems/selenium-webdriver-2.31.0/lib/selenium/webdriver/remote/bridge.rb:616:in `raw_execute'", "C:/Ruby192/lib/ruby/gems/1.9.1/gems/selenium-webdriver-2.31.0/lib/selenium/webdriver/remote/bridge.rb:594:in `execute'", "C:/Ruby192/lib/ruby/gems/1.9.1/gems/selenium-webdriver-2.31.0/lib/selenium/webdriver/remote/bridge.rb:100:in `get'", "C:/Ruby192/lib/ruby/gems/1.9.1/gems/selenium-webdriver-2.31.0/lib/selenium/webdriver/common/navigation.rb:14:in `to'", "C:/Ruby192/lib/ruby/gems/1.9.1/gems/watir-webdriver-0.6.1/lib/watir-webdriver/browser.rb:63:in `goto'", "Test_63_Broadcasts.rb:65:in `test_02_make_setting'", "C:/Ruby192/lib/ruby/1.9.1/minitest/unit.rb:695:in `run'", "C:/Ruby192/lib/ruby/1.9.1/minitest/unit.rb:656:in `block (2 levels) in run_test_suites'", "C:/Ruby192/lib/ruby/1.9.1/minitest/unit.rb:650:in `each'", "C:/Ruby192/lib/ruby/1.9.1/minitest/unit.rb:650:in `block in run_test_suites'", "C:/Ruby192/lib/ruby/1.9.1/minitest/unit.rb:649:in `each'", "C:/Ruby192/lib/ruby/1.9.1/minitest/unit.rb:649:in `run_test_suites'", "C:/Ruby192/lib/ruby/1.9.1/minitest/unit.rb:609:in `run'", "C:/Ruby192/lib/ruby/1.9.1/minitest/unit.rb:508:in `block in autorun'"]
ESuccessful Login to Usampadmin
25921
119356
No connection could be made because the target machine actively refused it. - connect(2)
["C:/Ruby192/lib/ruby/1.9.1/net/http.rb:644:in `initialize'", "C:/Ruby192/lib/ruby/1.9.1/net/http.rb:644:in `open'", "C:/Ruby192/lib/ruby/1.9.1/net/http.rb:644:in `block in connect'", "C:/Ruby192/lib/ruby/1.9.1/timeout.rb:44:in `timeout'", "C:/Ruby192/lib/ruby/1.9.1/timeout.rb:89:in `timeout'", "C:/Ruby192/lib/ruby/1.9.1/net/http.rb:644:in `connect'", "C:/Ruby192/lib/ruby/1.9.1/net/http.rb:637:in `do_start'", "C:/Ruby192/lib/ruby/1.9.1/net/http.rb:626:in `start'", "C:/Ruby192/lib/ruby/1.9.1/net/http.rb:1168:in `request'", "C:/Ruby192/lib/ruby/gems/1.9.1/gems/selenium-webdriver-2.31.0/lib/selenium/webdriver/remote/http/default.rb:83:in `response_for'", "C:/Ruby192/lib/ruby/gems/1.9.1/gems/selenium-webdriver-2.31.0/lib/selenium/webdriver/remote/http/default.rb:39:in `request'", "C:/Ruby192/lib/ruby/gems/1.9.1/gems/selenium-webdriver-2.31.0/lib/selenium/webdriver/remote/http/common.rb:40:in `call'", "C:/Ruby192/lib/ruby/gems/1.9.1/gems/selenium-webdriver-2.31.0/lib/selenium/webdriver/remote/bridge.rb:616:in `raw_execute'", "C:/Ruby192/lib/ruby/gems/1.9.1/gems/selenium-webdriver-2.31.0/lib/selenium/webdriver/remote/bridge.rb:594:in `execute'", "C:/Ruby192/lib/ruby/gems/1.9.1/gems/selenium-webdriver-2.31.0/lib/selenium/webdriver/remote/bridge.rb:100:in `get'", "C:/Ruby192/lib/ruby/gems/1.9.1/gems/selenium-webdriver-2.31.0/lib/selenium/webdriver/common/navigation.rb:14:in `to'", "C:/Ruby192/lib/ruby/gems/1.9.1/gems/watir-webdriver-0.6.1/lib/watir-webdriver/browser.rb:63:in `goto'", "Test_63_Broadcasts.rb:122:in `test_03_send_bcast'", "C:/Ruby192/lib/ruby/1.9.1/minitest/unit.rb:695:in `run'", "C:/Ruby192/lib/ruby/1.9.1/minitest/unit.rb:656:in `block (2 levels) in run_test_suites'", "C:/Ruby192/lib/ruby/1.9.1/minitest/unit.rb:650:in `each'", "C:/Ruby192/lib/ruby/1.9.1/minitest/unit.rb:650:in `block in run_test_suites'", "C:/Ruby192/lib/ruby/1.9.1/minitest/unit.rb:649:in `each'", "C:/Ruby192/lib/ruby/1.9.1/minitest/unit.rb:649:in `run_test_suites'", "C:/Ruby192/lib/ruby/1.9.1/minitest/unit.rb:609:in `run'", "C:/Ruby192/lib/ruby/1.9.1/minitest/unit.rb:508:in `block in autorun'"]
ENo connection could be made because the target machine actively refused it. - connect(2)
["C:/Ruby192/lib/ruby/1.9.1/net/http.rb:644:in `initialize'", "C:/Ruby192/lib/ruby/1.9.1/net/http.rb:644:in `open'", "C:/Ruby192/lib/ruby/1.9.1/net/http.rb:644:in `block in connect'", "C:/Ruby192/lib/ruby/1.9.1/timeout.rb:44:in `timeout'", "C:/Ruby192/lib/ruby/1.9.1/timeout.rb:89:in `timeout'", "C:/Ruby192/lib/ruby/1.9.1/net/http.rb:644:in `connect'", "C:/Ruby192/lib/ruby/1.9.1/net/http.rb:637:in `do_start'", "C:/Ruby192/lib/ruby/1.9.1/net/http.rb:626:in `start'", "C:/Ruby192/lib/ruby/1.9.1/net/http.rb:1168:in `request'", "C:/Ruby192/lib/ruby/gems/1.9.1/gems/selenium-webdriver-2.31.0/lib/selenium/webdriver/remote/http/default.rb:83:in `response_for'", "C:/Ruby192/lib/ruby/gems/1.9.1/gems/selenium-webdriver-2.31.0/lib/selenium/webdriver/remote/http/default.rb:39:in `request'", "C:/Ruby192/lib/ruby/gems/1.9.1/gems/selenium-webdriver-2.31.0/lib/selenium/webdriver/remote/http/common.rb:40:in `call'", "C:/Ruby192/lib/ruby/gems/1.9.1/gems/selenium-webdriver-2.31.0/lib/selenium/webdriver/remote/bridge.rb:616:in `raw_execute'", "C:/Ruby192/lib/ruby/gems/1.9.1/gems/selenium-webdriver-2.31.0/lib/selenium/webdriver/remote/bridge.rb:594:in `execute'", "C:/Ruby192/lib/ruby/gems/1.9.1/gems/selenium-webdriver-2.31.0/lib/selenium/webdriver/remote/bridge.rb:359:in `clickElement'", "C:/Ruby192/lib/ruby/gems/1.9.1/gems/selenium-webdriver-2.31.0/lib/selenium/webdriver/common/element.rb:54:in `click'", "C:/Ruby192/lib/ruby/gems/1.9.1/gems/watir-webdriver-0.6.1/lib/watir-webdriver/elements/element.rb:108:in `click'", "D:/IMPROVED_CODE_AAMIR/Usamp_lib.rb:54:in `Usampadmin1_login'", "Test_63_Broadcasts.rb:194:in `test_04_send_reminder'", "C:/Ruby192/lib/ruby/1.9.1/minitest/unit.rb:695:in `run'", "C:/Ruby192/lib/ruby/1.9.1/minitest/unit.rb:656:in `block (2 levels) in run_test_suites'", "C:/Ruby192/lib/ruby/1.9.1/minitest/unit.rb:650:in `each'", "C:/Ruby192/lib/ruby/1.9.1/minitest/unit.rb:650:in `block in run_test_suites'", "C:/Ruby192/lib/ruby/1.9.1/minitest/unit.rb:649:in `each'", "C:/Ruby192/lib/ruby/1.9.1/minitest/unit.rb:649:in `run_test_suites'", "C:/Ruby192/lib/ruby/1.9.1/minitest/unit.rb:609:in `run'", "C:/Ruby192/lib/ruby/1.9.1/minitest/unit.rb:508:in `block in autorun'"]
E
119356
http://p.ipoll.com/al.php?e=usamp_bcast1@rediffmail.com&memid=10606227&QGID=MTE5MzU2
=&broadcast_id=Cg==
unable to locate element, using {:value=>"START SURVEY", :tag_name=>"button"}
["C:/Ruby192/lib/ruby/gems/1.9.1/gems/watir-webdriver-0.6.1/lib/watir-webdriver/elements/element.rb:365:in `assert_exists'", "C:/Ruby192/lib/ruby/gems/1.9.1/gems/watir-webdriver-0.6.1/lib/watir-webdriver/elements/element.rb:95:in `click'", "Test_63_Broadcasts.rb:304:in `test_05_complete_survey'", "C:/Ruby192/lib/ruby/1.9.1/minitest/unit.rb:695:in `run'", "C:/Ruby192/lib/ruby/1.9.1/minitest/unit.rb:656:in `block (2 levels) in run_test_suites'", "C:/Ruby192/lib/ruby/1.9.1/minitest/unit.rb:650:in `each'", "C:/Ruby192/lib/ruby/1.9.1/minitest/unit.rb:650:in `block in run_test_suites'", "C:/Ruby192/lib/ruby/1.9.1/minitest/unit.rb:649:in `each'", "C:/Ruby192/lib/ruby/1.9.1/minitest/unit.rb:649:in `run_test_suites'", "C:/Ruby192/lib/ruby/1.9.1/minitest/unit.rb:609:in `run'", "C:/Ruby192/lib/ruby/1.9.1/minitest/unit.rb:508:in `block in autorun'"]
ESuccessful Login to Usampadmin
25921
119356
No connection could be made because the target machine actively refused it. - connect(2)
["C:/Ruby192/lib/ruby/1.9.1/net/http.rb:644:in `initialize'", "C:/Ruby192/lib/ruby/1.9.1/net/http.rb:644:in `open'", "C:/Ruby192/lib/ruby/1.9.1/net/http.rb:644:in `block in connect'", "C:/Ruby192/lib/ruby/1.9.1/timeout.rb:44:in `timeout'", "C:/Ruby192/lib/ruby/1.9.1/timeout.rb:89:in `timeout'", "C:/Ruby192/lib/ruby/1.9.1/net/http.rb:644:in `connect'", "C:/Ruby192/lib/ruby/1.9.1/net/http.rb:637:in `do_start'", "C:/Ruby192/lib/ruby/1.9.1/net/http.rb:626:in `start'", "C:/Ruby192/lib/ruby/1.9.1/net/http.rb:1168:in `request'", "C:/Ruby192/lib/ruby/gems/1.9.1/gems/selenium-webdriver-2.31.0/lib/selenium/webdriver/remote/http/default.rb:83:in `response_for'", "C:/Ruby192/lib/ruby/gems/1.9.1/gems/selenium-webdriver-2.31.0/lib/selenium/webdriver/remote/http/default.rb:39:in `request'", "C:/Ruby192/lib/ruby/gems/1.9.1/gems/selenium-webdriver-2.31.0/lib/selenium/webdriver/remote/http/common.rb:40:in `call'", "C:/Ruby192/lib/ruby/gems/1.9.1/gems/selenium-webdriver-2.31.0/lib/selenium/webdriver/remote/bridge.rb:616:in `raw_execute'", "C:/Ruby192/lib/ruby/gems/1.9.1/gems/selenium-webdriver-2.31.0/lib/selenium/webdriver/remote/bridge.rb:594:in `execute'", "C:/Ruby192/lib/ruby/gems/1.9.1/gems/selenium-webdriver-2.31.0/lib/selenium/webdriver/remote/bridge.rb:100:in `get'", "C:/Ruby192/lib/ruby/gems/1.9.1/gems/selenium-webdriver-2.31.0/lib/selenium/webdriver/common/navigation.rb:14:in `to'", "C:/Ruby192/lib/ruby/gems/1.9.1/gems/watir-webdriver-0.6.1/lib/watir-webdriver/browser.rb:63:in `goto'", "Test_63_Broadcasts.rb:356:in `test_06_change_setting'", "C:/Ruby192/lib/ruby/1.9.1/minitest/unit.rb:695:in `run'", "C:/Ruby192/lib/ruby/1.9.1/minitest/unit.rb:656:in `block (2 levels) in run_test_suites'", "C:/Ruby192/lib/ruby/1.9.1/minitest/unit.rb:650:in `each'", "C:/Ruby192/lib/ruby/1.9.1/minitest/unit.rb:650:in `block in run_test_suites'", "C:/Ruby192/lib/ruby/1.9.1/minitest/unit.rb:649:in `each'", "C:/Ruby192/lib/ruby/1.9.1/minitest/unit.rb:649:in `run_test_suites'", "C:/Ruby192/lib/ruby/1.9.1/minitest/unit.rb:609:in `run'", "C:/Ruby192/lib/ruby/1.9.1/minitest/unit.rb:508:in `block in autorun'"]
ENo connection could be made because the target machine actively refused it. - connect(2)
["C:/Ruby192/lib/ruby/1.9.1/net/http.rb:644:in `initialize'", "C:/Ruby192/lib/ruby/1.9.1/net/http.rb:644:in `open'", "C:/Ruby192/lib/ruby/1.9.1/net/http.rb:644:in `block in connect'", "C:/Ruby192/lib/ruby/1.9.1/timeout.rb:44:in `timeout'", "C:/Ruby192/lib/ruby/1.9.1/timeout.rb:89:in `timeout'", "C:/Ruby192/lib/ruby/1.9.1/net/http.rb:644:in `connect'", "C:/Ruby192/lib/ruby/1.9.1/net/http.rb:637:in `do_start'", "C:/Ruby192/lib/ruby/1.9.1/net/http.rb:626:in `start'", "C:/Ruby192/lib/ruby/1.9.1/net/http.rb:1168:in `request'", "C:/Ruby192/lib/ruby/gems/1.9.1/gems/selenium-webdriver-2.31.0/lib/selenium/webdriver/remote/http/default.rb:83:in `response_for'", "C:/Ruby192/lib/ruby/gems/1.9.1/gems/selenium-webdriver-2.31.0/lib/selenium/webdriver/remote/http/default.rb:39:in `request'", "C:/Ruby192/lib/ruby/gems/1.9.1/gems/selenium-webdriver-2.31.0/lib/selenium/webdriver/remote/http/common.rb:40:in `call'", "C:/Ruby192/lib/ruby/gems/1.9.1/gems/selenium-webdriver-2.31.0/lib/selenium/webdriver/remote/bridge.rb:616:in `raw_execute'", "C:/Ruby192/lib/ruby/gems/1.9.1/gems/selenium-webdriver-2.31.0/lib/selenium/webdriver/remote/bridge.rb:594:in `execute'", "C:/Ruby192/lib/ruby/gems/1.9.1/gems/selenium-webdriver-2.31.0/lib/selenium/webdriver/remote/bridge.rb:359:in `clickElement'", "C:/Ruby192/lib/ruby/gems/1.9.1/gems/selenium-webdriver-2.31.0/lib/selenium/webdriver/common/element.rb:54:in `click'", "C:/Ruby192/lib/ruby/gems/1.9.1/gems/watir-webdriver-0.6.1/lib/watir-webdriver/elements/element.rb:108:in `click'", "D:/IMPROVED_CODE_AAMIR/Usamp_lib.rb:54:in `Usampadmin1_login'", "Test_63_Broadcasts.rb:397:in `test_07_schedule_bcast'", "C:/Ruby192/lib/ruby/1.9.1/minitest/unit.rb:695:in `run'", "C:/Ruby192/lib/ruby/1.9.1/minitest/unit.rb:656:in `block (2 levels) in run_test_suites'", "C:/Ruby192/lib/ruby/1.9.1/minitest/unit.rb:650:in `each'", "C:/Ruby192/lib/ruby/1.9.1/minitest/unit.rb:650:in `block in run_test_suites'", "C:/Ruby192/lib/ruby/1.9.1/minitest/unit.rb:649:in `each'", "C:/Ruby192/lib/ruby/1.9.1/minitest/unit.rb:649:in `run_test_suites'", "C:/Ruby192/lib/ruby/1.9.1/minitest/unit.rb:609:in `run'", "C:/Ruby192/lib/ruby/1.9.1/minitest/unit.rb:508:in `block in autorun'"]
ENo connection could be made because the target machine actively refused it. - connect(2)
["C:/Ruby192/lib/ruby/1.9.1/net/http.rb:644:in `initialize'", "C:/Ruby192/lib/ruby/1.9.1/net/http.rb:644:in `open'", "C:/Ruby192/lib/ruby/1.9.1/net/http.rb:644:in `block in connect'", "C:/Ruby192/lib/ruby/1.9.1/timeout.rb:44:in `timeout'", "C:/Ruby192/lib/ruby/1.9.1/timeout.rb:89:in `timeout'", "C:/Ruby192/lib/ruby/1.9.1/net/http.rb:644:in `connect'", "C:/Ruby192/lib/ruby/1.9.1/net/http.rb:637:in `do_start'", "C:/Ruby192/lib/ruby/1.9.1/net/http.rb:626:in `start'", "C:/Ruby192/lib/ruby/1.9.1/net/http.rb:1168:in `request'", "C:/Ruby192/lib/ruby/gems/1.9.1/gems/selenium-webdriver-2.31.0/lib/selenium/webdriver/remote/http/default.rb:83:in `response_for'", "C:/Ruby192/lib/ruby/gems/1.9.1/gems/selenium-webdriver-2.31.0/lib/selenium/webdriver/remote/http/default.rb:39:in `request'", "C:/Ruby192/lib/ruby/gems/1.9.1/gems/selenium-webdriver-2.31.0/lib/selenium/webdriver/remote/http/common.rb:40:in `call'", "C:/Ruby192/lib/ruby/gems/1.9.1/gems/selenium-webdriver-2.31.0/lib/selenium/webdriver/remote/bridge.rb:616:in `raw_execute'", "C:/Ruby192/lib/ruby/gems/1.9.1/gems/selenium-webdriver-2.31.0/lib/selenium/webdriver/remote/bridge.rb:594:in `execute'", "C:/Ruby192/lib/ruby/gems/1.9.1/gems/selenium-webdriver-2.31.0/lib/selenium/webdriver/remote/bridge.rb:359:in `clickElement'", "C:/Ruby192/lib/ruby/gems/1.9.1/gems/selenium-webdriver-2.31.0/lib/selenium/webdriver/common/element.rb:54:in `click'", "C:/Ruby192/lib/ruby/gems/1.9.1/gems/watir-webdriver-0.6.1/lib/watir-webdriver/elements/element.rb:108:in `click'", "D:/IMPROVED_CODE_AAMIR/Usamp_lib.rb:54:in `Usampadmin1_login'", "Test_63_Broadcasts.rb:571:in `test_08_update_from_server'", "C:/Ruby192/lib/ruby/1.9.1/minitest/unit.rb:695:in `run'", "C:/Ruby192/lib/ruby/1.9.1/minitest/unit.rb:656:in `block (2 levels) in run_test_suites'", "C:/Ruby192/lib/ruby/1.9.1/minitest/unit.rb:650:in `each'", "C:/Ruby192/lib/ruby/1.9.1/minitest/unit.rb:650:in `block in run_test_suites'", "C:/Ruby192/lib/ruby/1.9.1/minitest/unit.rb:649:in `each'", "C:/Ruby192/lib/ruby/1.9.1/minitest/unit.rb:649:in `run_test_suites'", "C:/Ruby192/lib/ruby/1.9.1/minitest/unit.rb:609:in `run'", "C:/Ruby192/lib/ruby/1.9.1/minitest/unit.rb:508:in `block in autorun'"]
ENo connection could be made because the target machine actively refused it. - connect(2)
["C:/Ruby192/lib/ruby/1.9.1/net/http.rb:644:in `initialize'", "C:/Ruby192/lib/ruby/1.9.1/net/http.rb:644:in `open'", "C:/Ruby192/lib/ruby/1.9.1/net/http.rb:644:in `block in connect'", "C:/Ruby192/lib/ruby/1.9.1/timeout.rb:44:in `timeout'", "C:/Ruby192/lib/ruby/1.9.1/timeout.rb:89:in `timeout'", "C:/Ruby192/lib/ruby/1.9.1/net/http.rb:644:in `connect'", "C:/Ruby192/lib/ruby/1.9.1/net/http.rb:637:in `do_start'", "C:/Ruby192/lib/ruby/1.9.1/net/http.rb:626:in `start'", "C:/Ruby192/lib/ruby/1.9.1/net/http.rb:1168:in `request'", "C:/Ruby192/lib/ruby/gems/1.9.1/gems/selenium-webdriver-2.31.0/lib/selenium/webdriver/remote/http/default.rb:83:in `response_for'", "C:/Ruby192/lib/ruby/gems/1.9.1/gems/selenium-webdriver-2.31.0/lib/selenium/webdriver/remote/http/default.rb:39:in `request'", "C:/Ruby192/lib/ruby/gems/1.9.1/gems/selenium-webdriver-2.31.0/lib/selenium/webdriver/remote/http/common.rb:40:in `call'", "C:/Ruby192/lib/ruby/gems/1.9.1/gems/selenium-webdriver-2.31.0/lib/selenium/webdriver/remote/bridge.rb:616:in `raw_execute'", "C:/Ruby192/lib/ruby/gems/1.9.1/gems/selenium-webdriver-2.31.0/lib/selenium/webdriver/remote/bridge.rb:594:in `execute'", "C:/Ruby192/lib/ruby/gems/1.9.1/gems/selenium-webdriver-2.31.0/lib/selenium/webdriver/remote/bridge.rb:156:in `getCurrentUrl'", "C:/Ruby192/lib/ruby/gems/1.9.1/gems/selenium-webdriver-2.31.0/lib/selenium/webdriver/common/driver.rb:120:in `current_url'", "C:/Ruby192/lib/ruby/gems/1.9.1/gems/watir-webdriver-0.6.1/lib/watir-webdriver/browser.rb:78:in `url'", "C:/Ruby192/lib/ruby/gems/1.9.1/gems/watir-webdriver-0.6.1/lib/watir-webdriver/browser.rb:66:in `goto'", "Test_63_Broadcasts.rb:671:in `test_09_check_email_delivery'", "C:/Ruby192/lib/ruby/1.9.1/minitest/unit.rb:695:in `run'", "C:/Ruby192/lib/ruby/1.9.1/minitest/unit.rb:656:in `block (2 levels) in run_test_suites'", "C:/Ruby192/lib/ruby/1.9.1/minitest/unit.rb:650:in `each'", "C:/Ruby192/lib/ruby/1.9.1/minitest/unit.rb:650:in `block in run_test_suites'", "C:/Ruby192/lib/ruby/1.9.1/minitest/unit.rb:649:in `each'", "C:/Ruby192/lib/ruby/1.9.1/minitest/unit.rb:649:in `run_test_suites'", "C:/Ruby192/lib/ruby/1.9.1/minitest/unit.rb:609:in `run'", "C:/Ruby192/lib/ruby/1.9.1/minitest/unit.rb:508:in `block in autorun'"]
ENo connection could be made because the target machine actively refused it. - connect(2)
["C:/Ruby192/lib/ruby/1.9.1/net/http.rb:644:in `initialize'", "C:/Ruby192/lib/ruby/1.9.1/net/http.rb:644:in `open'", "C:/Ruby192/lib/ruby/1.9.1/net/http.rb:644:in `block in connect'", "C:/Ruby192/lib/ruby/1.9.1/timeout.rb:44:in `timeout'", "C:/Ruby192/lib/ruby/1.9.1/timeout.rb:89:in `timeout'", "C:/Ruby192/lib/ruby/1.9.1/net/http.rb:644:in `connect'", "C:/Ruby192/lib/ruby/1.9.1/net/http.rb:637:in `do_start'", "C:/Ruby192/lib/ruby/1.9.1/net/http.rb:626:in `start'", "C:/Ruby192/lib/ruby/1.9.1/net/http.rb:1168:in `request'", "C:/Ruby192/lib/ruby/gems/1.9.1/gems/selenium-webdriver-2.31.0/lib/selenium/webdriver/remote/http/default.rb:83:in `response_for'", "C:/Ruby192/lib/ruby/gems/1.9.1/gems/selenium-webdriver-2.31.0/lib/selenium/webdriver/remote/http/default.rb:39:in `request'", "C:/Ruby192/lib/ruby/gems/1.9.1/gems/selenium-webdriver-2.31.0/lib/selenium/webdriver/remote/http/common.rb:40:in `call'", "C:/Ruby192/lib/ruby/gems/1.9.1/gems/selenium-webdriver-2.31.0/lib/selenium/webdriver/remote/bridge.rb:616:in `raw_execute'", "C:/Ruby192/lib/ruby/gems/1.9.1/gems/selenium-webdriver-2.31.0/lib/selenium/webdriver/remote/bridge.rb:594:in `execute'", "C:/Ruby192/lib/ruby/gems/1.9.1/gems/selenium-webdriver-2.31.0/lib/selenium/webdriver/remote/bridge.rb:359:in `clickElement'", "C:/Ruby192/lib/ruby/gems/1.9.1/gems/selenium-webdriver-2.31.0/lib/selenium/webdriver/common/element.rb:54:in `click'", "C:/Ruby192/lib/ruby/gems/1.9.1/gems/watir-webdriver-0.6.1/lib/watir-webdriver/elements/element.rb:108:in `click'", "D:/IMPROVED_CODE_AAMIR/Usamp_lib.rb:54:in `Usampadmin1_login'", "Test_63_Broadcasts.rb:722:in `test_10_qg_reset'", "C:/Ruby192/lib/ruby/1.9.1/minitest/unit.rb:695:in `run'", "C:/Ruby192/lib/ruby/1.9.1/minitest/unit.rb:656:in `block (2 levels) in run_test_suites'", "C:/Ruby192/lib/ruby/1.9.1/minitest/unit.rb:650:in `each'", "C:/Ruby192/lib/ruby/1.9.1/minitest/unit.rb:650:in `block in run_test_suites'", "C:/Ruby192/lib/ruby/1.9.1/minitest/unit.rb:649:in `each'", "C:/Ruby192/lib/ruby/1.9.1/minitest/unit.rb:649:in `run_test_suites'", "C:/Ruby192/lib/ruby/1.9.1/minitest/unit.rb:609:in `run'", "C:/Ruby192/lib/ruby/1.9.1/minitest/unit.rb:508:in `block in autorun'"]
E
Finished in 240.351441 seconds.

  1) Error:
test_02_make_setting(Test_63_Broadcasts):
Errno::ECONNREFUSED: No connection could be made because the target machine actively refused it. - connect(2)
    C:/Ruby192/lib/ruby/gems/1.9.1/gems/selenium-webdriver-2.31.0/lib/selenium/webdriver/remote/http/default.rb:83:in `response_for'
    C:/Ruby192/lib/ruby/gems/1.9.1/gems/selenium-webdriver-2.31.0/lib/selenium/webdriver/remote/http/default.rb:39:in `request'
    C:/Ruby192/lib/ruby/gems/1.9.1/gems/selenium-webdriver-2.31.0/lib/selenium/webdriver/remote/http/common.rb:40:in `call'
    C:/Ruby192/lib/ruby/gems/1.9.1/gems/selenium-webdriver-2.31.0/lib/selenium/webdriver/remote/bridge.rb:616:in `raw_execute'
    C:/Ruby192/lib/ruby/gems/1.9.1/gems/selenium-webdriver-2.31.0/lib/selenium/webdriver/remote/bridge.rb:594:in `execute'
    C:/Ruby192/lib/ruby/gems/1.9.1/gems/selenium-webdriver-2.31.0/lib/selenium/webdriver/remote/bridge.rb:190:in `quit'
    C:/Ruby192/lib/ruby/gems/1.9.1/gems/selenium-webdriver-2.31.0/lib/selenium/webdriver/firefox/bridge.rb:55:in `quit'
    C:/Ruby192/lib/ruby/gems/1.9.1/gems/selenium-webdriver-2.31.0/lib/selenium/webdriver/common/driver.rb:168:in `quit'
    C:/Ruby192/lib/ruby/gems/1.9.1/gems/watir-webdriver-0.6.1/lib/watir-webdriver/browser.rb:87:in `close'
    Test_63_Broadcasts.rb:93:in `rescue in test_02_make_setting'
    Test_63_Broadcasts.rb:46:in `test_02_make_setting'

  2) Error:
test_03_send_bcast(Test_63_Broadcasts):
Errno::ECONNREFUSED: No connection could be made because the target machine actively refused it. - connect(2)
    C:/Ruby192/lib/ruby/gems/1.9.1/gems/selenium-webdriver-2.31.0/lib/selenium/webdriver/remote/http/default.rb:83:in `response_for'
    C:/Ruby192/lib/ruby/gems/1.9.1/gems/selenium-webdriver-2.31.0/lib/selenium/webdriver/remote/http/default.rb:39:in `request'
    C:/Ruby192/lib/ruby/gems/1.9.1/gems/selenium-webdriver-2.31.0/lib/selenium/webdriver/remote/http/common.rb:40:in `call'
    C:/Ruby192/lib/ruby/gems/1.9.1/gems/selenium-webdriver-2.31.0/lib/selenium/webdriver/remote/bridge.rb:616:in `raw_execute'
    C:/Ruby192/lib/ruby/gems/1.9.1/gems/selenium-webdriver-2.31.0/lib/selenium/webdriver/remote/bridge.rb:594:in `execute'
    C:/Ruby192/lib/ruby/gems/1.9.1/gems/selenium-webdriver-2.31.0/lib/selenium/webdriver/remote/bridge.rb:190:in `quit'
    C:/Ruby192/lib/ruby/gems/1.9.1/gems/selenium-webdriver-2.31.0/lib/selenium/webdriver/firefox/bridge.rb:55:in `quit'
    C:/Ruby192/lib/ruby/gems/1.9.1/gems/selenium-webdriver-2.31.0/lib/selenium/webdriver/common/driver.rb:168:in `quit'
    C:/Ruby192/lib/ruby/gems/1.9.1/gems/watir-webdriver-0.6.1/lib/watir-webdriver/browser.rb:87:in `close'
    Test_63_Broadcasts.rb:182:in `rescue in test_03_send_bcast'
    Test_63_Broadcasts.rb:103:in `test_03_send_bcast'

  3) Error:
test_04_send_reminder(Test_63_Broadcasts):
Selenium::WebDriver::Error::WebDriverError: file not added for reaping: "C:/DOCUME~1/ADMINI~1/LOCALS~1/Temp/webdriver-profile20140308-10868-11ws7j3"
    C:/Ruby192/lib/ruby/gems/1.9.1/gems/selenium-webdriver-2.31.0/lib/selenium/webdriver/common/file_reaper.rb:32:in `reap'
    C:/Ruby192/lib/ruby/gems/1.9.1/gems/selenium-webdriver-2.31.0/lib/selenium/webdriver/firefox/launcher.rb:45:in `quit'
    C:/Ruby192/lib/ruby/gems/1.9.1/gems/selenium-webdriver-2.31.0/lib/selenium/webdriver/firefox/bridge.rb:58:in `ensure in quit'
    C:/Ruby192/lib/ruby/gems/1.9.1/gems/selenium-webdriver-2.31.0/lib/selenium/webdriver/firefox/bridge.rb:58:in `quit'
    C:/Ruby192/lib/ruby/gems/1.9.1/gems/selenium-webdriver-2.31.0/lib/selenium/webdriver/common/driver.rb:168:in `quit'
    C:/Ruby192/lib/ruby/gems/1.9.1/gems/watir-webdriver-0.6.1/lib/watir-webdriver/browser.rb:87:in `close'
    Test_63_Broadcasts.rb:272:in `rescue in test_04_send_reminder'
    Test_63_Broadcasts.rb:191:in `test_04_send_reminder'

  4) Error:
test_05_complete_survey(Test_63_Broadcasts):
TypeError: can't convert nil into String
    Test_63_Broadcasts.rb:329:in `+'
    Test_63_Broadcasts.rb:329:in `rescue in test_05_complete_survey'
    Test_63_Broadcasts.rb:281:in `test_05_complete_survey'

  5) Error:
test_06_change_setting(Test_63_Broadcasts):
Errno::ECONNREFUSED: No connection could be made because the target machine actively refused it. - connect(2)
    C:/Ruby192/lib/ruby/gems/1.9.1/gems/selenium-webdriver-2.31.0/lib/selenium/webdriver/remote/http/default.rb:83:in `response_for'
    C:/Ruby192/lib/ruby/gems/1.9.1/gems/selenium-webdriver-2.31.0/lib/selenium/webdriver/remote/http/default.rb:39:in `request'
    C:/Ruby192/lib/ruby/gems/1.9.1/gems/selenium-webdriver-2.31.0/lib/selenium/webdriver/remote/http/common.rb:40:in `call'
    C:/Ruby192/lib/ruby/gems/1.9.1/gems/selenium-webdriver-2.31.0/lib/selenium/webdriver/remote/bridge.rb:616:in `raw_execute'
    C:/Ruby192/lib/ruby/gems/1.9.1/gems/selenium-webdriver-2.31.0/lib/selenium/webdriver/remote/bridge.rb:594:in `execute'
    C:/Ruby192/lib/ruby/gems/1.9.1/gems/selenium-webdriver-2.31.0/lib/selenium/webdriver/remote/bridge.rb:190:in `quit'
    C:/Ruby192/lib/ruby/gems/1.9.1/gems/selenium-webdriver-2.31.0/lib/selenium/webdriver/firefox/bridge.rb:55:in `quit'
    C:/Ruby192/lib/ruby/gems/1.9.1/gems/selenium-webdriver-2.31.0/lib/selenium/webdriver/common/driver.rb:168:in `quit'
    C:/Ruby192/lib/ruby/gems/1.9.1/gems/watir-webdriver-0.6.1/lib/watir-webdriver/browser.rb:87:in `close'
    Test_63_Broadcasts.rb:385:in `rescue in test_06_change_setting'
    Test_63_Broadcasts.rb:337:in `test_06_change_setting'

  6) Error:
test_07_schedule_bcast(Test_63_Broadcasts):
Selenium::WebDriver::Error::WebDriverError: file not added for reaping: "C:/DOCUME~1/ADMINI~1/LOCALS~1/Temp/webdriver-profile20140308-10868-1b6chsc"
    C:/Ruby192/lib/ruby/gems/1.9.1/gems/selenium-webdriver-2.31.0/lib/selenium/webdriver/common/file_reaper.rb:32:in `reap'
    C:/Ruby192/lib/ruby/gems/1.9.1/gems/selenium-webdriver-2.31.0/lib/selenium/webdriver/firefox/launcher.rb:45:in `quit'
    C:/Ruby192/lib/ruby/gems/1.9.1/gems/selenium-webdriver-2.31.0/lib/selenium/webdriver/firefox/bridge.rb:58:in `ensure in quit'
    C:/Ruby192/lib/ruby/gems/1.9.1/gems/selenium-webdriver-2.31.0/lib/selenium/webdriver/firefox/bridge.rb:58:in `quit'
    C:/Ruby192/lib/ruby/gems/1.9.1/gems/selenium-webdriver-2.31.0/lib/selenium/webdriver/common/driver.rb:168:in `quit'
    C:/Ruby192/lib/ruby/gems/1.9.1/gems/watir-webdriver-0.6.1/lib/watir-webdriver/browser.rb:87:in `close'
    Test_63_Broadcasts.rb:559:in `rescue in test_07_schedule_bcast'
    Test_63_Broadcasts.rb:394:in `test_07_schedule_bcast'

  7) Error:
test_08_update_from_server(Test_63_Broadcasts):
Selenium::WebDriver::Error::WebDriverError: file not added for reaping: "C:/DOCUME~1/ADMINI~1/LOCALS~1/Temp/webdriver-profile20140308-10868-1b6chsc"
    C:/Ruby192/lib/ruby/gems/1.9.1/gems/selenium-webdriver-2.31.0/lib/selenium/webdriver/common/file_reaper.rb:32:in `reap'
    C:/Ruby192/lib/ruby/gems/1.9.1/gems/selenium-webdriver-2.31.0/lib/selenium/webdriver/firefox/launcher.rb:45:in `quit'
    C:/Ruby192/lib/ruby/gems/1.9.1/gems/selenium-webdriver-2.31.0/lib/selenium/webdriver/firefox/bridge.rb:58:in `ensure in quit'
    C:/Ruby192/lib/ruby/gems/1.9.1/gems/selenium-webdriver-2.31.0/lib/selenium/webdriver/firefox/bridge.rb:58:in `quit'
    C:/Ruby192/lib/ruby/gems/1.9.1/gems/selenium-webdriver-2.31.0/lib/selenium/webdriver/common/driver.rb:168:in `quit'
    C:/Ruby192/lib/ruby/gems/1.9.1/gems/watir-webdriver-0.6.1/lib/watir-webdriver/browser.rb:87:in `close'
    Test_63_Broadcasts.rb:654:in `rescue in test_08_update_from_server'
    Test_63_Broadcasts.rb:568:in `test_08_update_from_server'

  8) Error:
test_09_check_email_delivery(Test_63_Broadcasts):
Errno::ECONNREFUSED: No connection could be made because the target machine actively refused it. - connect(2)
    C:/Ruby192/lib/ruby/gems/1.9.1/gems/selenium-webdriver-2.31.0/lib/selenium/webdriver/remote/http/default.rb:83:in `response_for'
    C:/Ruby192/lib/ruby/gems/1.9.1/gems/selenium-webdriver-2.31.0/lib/selenium/webdriver/remote/http/default.rb:39:in `request'
    C:/Ruby192/lib/ruby/gems/1.9.1/gems/selenium-webdriver-2.31.0/lib/selenium/webdriver/remote/http/common.rb:40:in `call'
    C:/Ruby192/lib/ruby/gems/1.9.1/gems/selenium-webdriver-2.31.0/lib/selenium/webdriver/remote/bridge.rb:616:in `raw_execute'
    C:/Ruby192/lib/ruby/gems/1.9.1/gems/selenium-webdriver-2.31.0/lib/selenium/webdriver/remote/bridge.rb:594:in `execute'
    C:/Ruby192/lib/ruby/gems/1.9.1/gems/selenium-webdriver-2.31.0/lib/selenium/webdriver/remote/bridge.rb:190:in `quit'
    C:/Ruby192/lib/ruby/gems/1.9.1/gems/selenium-webdriver-2.31.0/lib/selenium/webdriver/firefox/bridge.rb:55:in `quit'
    C:/Ruby192/lib/ruby/gems/1.9.1/gems/selenium-webdriver-2.31.0/lib/selenium/webdriver/common/driver.rb:168:in `quit'
    C:/Ruby192/lib/ruby/gems/1.9.1/gems/watir-webdriver-0.6.1/lib/watir-webdriver/browser.rb:87:in `close'
    Test_63_Broadcasts.rb:707:in `rescue in test_09_check_email_delivery'
    Test_63_Broadcasts.rb:663:in `test_09_check_email_delivery'

  9) Error:
test_10_qg_reset(Test_63_Broadcasts):
Selenium::WebDriver::Error::WebDriverError: file not added for reaping: "C:/DOCUME~1/ADMINI~1/LOCALS~1/Temp/webdriver-profile20140308-10868-1b6chsc"
    C:/Ruby192/lib/ruby/gems/1.9.1/gems/selenium-webdriver-2.31.0/lib/selenium/webdriver/common/file_reaper.rb:32:in `reap'
    C:/Ruby192/lib/ruby/gems/1.9.1/gems/selenium-webdriver-2.31.0/lib/selenium/webdriver/firefox/launcher.rb:45:in `quit'
    C:/Ruby192/lib/ruby/gems/1.9.1/gems/selenium-webdriver-2.31.0/lib/selenium/webdriver/firefox/bridge.rb:58:in `ensure in quit'
    C:/Ruby192/lib/ruby/gems/1.9.1/gems/selenium-webdriver-2.31.0/lib/selenium/webdriver/firefox/bridge.rb:58:in `quit'
    C:/Ruby192/lib/ruby/gems/1.9.1/gems/selenium-webdriver-2.31.0/lib/selenium/webdriver/common/driver.rb:168:in `quit'
    C:/Ruby192/lib/ruby/gems/1.9.1/gems/watir-webdriver-0.6.1/lib/watir-webdriver/browser.rb:87:in `close'
    Test_63_Broadcasts.rb:756:in `rescue in test_10_qg_reset'
    Test_63_Broadcasts.rb:719:in `test_10_qg_reset'

10 tests, 0 assertions, 0 failures, 9 errors, 0 skips

Test run options: --seed 14210
Loaded suite Test_64_Email_clicks_allowed
Started
.Started InternetExplorerDriver server (32-bit)
2.39.0.0
Listening on port 5555
Successful Login to Usampadmin
25921

can't convert nil into String
["C:/Ruby192/lib/ruby/1.9.1/base64.rb:38:in `pack'", "C:/Ruby192/lib/ruby/1.9.1/base64.rb:38:in `encode64'", "Test_64_Email_clicks_allowed.rb:62:in `test_02_make_setting'", "C:/Ruby192/lib/ruby/1.9.1/minitest/unit.rb:695:in `run'", "C:/Ruby192/lib/ruby/1.9.1/minitest/unit.rb:656:in `block (2 levels) in run_test_suites'", "C:/Ruby192/lib/ruby/1.9.1/minitest/unit.rb:650:in `each'", "C:/Ruby192/lib/ruby/1.9.1/minitest/unit.rb:650:in `block in run_test_suites'", "C:/Ruby192/lib/ruby/1.9.1/minitest/unit.rb:649:in `each'", "C:/Ruby192/lib/ruby/1.9.1/minitest/unit.rb:649:in `run_test_suites'", "C:/Ruby192/lib/ruby/1.9.1/minitest/unit.rb:609:in `run'", "C:/Ruby192/lib/ruby/1.9.1/minitest/unit.rb:508:in `block in autorun'"]
EStarted InternetExplorerDriver server (32-bit)
2.39.0.0
Listening on port 5555
Successful Login to Usampadmin
25921

can't convert nil into String
["C:/Ruby192/lib/ruby/1.9.1/base64.rb:38:in `pack'", "C:/Ruby192/lib/ruby/1.9.1/base64.rb:38:in `encode64'", "Test_64_Email_clicks_allowed.rb:120:in `test_03_save_no_of_clicks_set'", "C:/Ruby192/lib/ruby/1.9.1/minitest/unit.rb:695:in `run'", "C:/Ruby192/lib/ruby/1.9.1/minitest/unit.rb:656:in `block (2 levels) in run_test_suites'", "C:/Ruby192/lib/ruby/1.9.1/minitest/unit.rb:650:in `each'", "C:/Ruby192/lib/ruby/1.9.1/minitest/unit.rb:650:in `block in run_test_suites'", "C:/Ruby192/lib/ruby/1.9.1/minitest/unit.rb:649:in `each'", "C:/Ruby192/lib/ruby/1.9.1/minitest/unit.rb:649:in `run_test_suites'", "C:/Ruby192/lib/ruby/1.9.1/minitest/unit.rb:609:in `run'", "C:/Ruby192/lib/ruby/1.9.1/minitest/unit.rb:508:in `block in autorun'"]
EStarted InternetExplorerDriver server (32-bit)
2.39.0.0
Listening on port 5555
Successful Login to Usampadmin
25921

can't convert nil into String
["C:/Ruby192/lib/ruby/1.9.1/base64.rb:38:in `pack'", "C:/Ruby192/lib/ruby/1.9.1/base64.rb:38:in `encode64'", "Test_64_Email_clicks_allowed.rb:173:in `test_04_send_bcast'", "C:/Ruby192/lib/ruby/1.9.1/minitest/unit.rb:695:in `run'", "C:/Ruby192/lib/ruby/1.9.1/minitest/unit.rb:656:in `block (2 levels) in run_test_suites'", "C:/Ruby192/lib/ruby/1.9.1/minitest/unit.rb:650:in `each'", "C:/Ruby192/lib/ruby/1.9.1/minitest/unit.rb:650:in `block in run_test_suites'", "C:/Ruby192/lib/ruby/1.9.1/minitest/unit.rb:649:in `each'", "C:/Ruby192/lib/ruby/1.9.1/minitest/unit.rb:649:in `run_test_suites'", "C:/Ruby192/lib/ruby/1.9.1/minitest/unit.rb:609:in `run'", "C:/Ruby192/lib/ruby/1.9.1/minitest/unit.rb:508:in `block in autorun'"]
E142281

can't convert nil into String
["C:/Ruby192/lib/ruby/1.9.1/base64.rb:38:in `pack'", "C:/Ruby192/lib/ruby/1.9.1/base64.rb:38:in `encode64'", "Test_64_Email_clicks_allowed.rb:263:in `test_05_check_survey_clicks'", "C:/Ruby192/lib/ruby/1.9.1/minitest/unit.rb:695:in `run'", "C:/Ruby192/lib/ruby/1.9.1/minitest/unit.rb:656:in `block (2 levels) in run_test_suites'", "C:/Ruby192/lib/ruby/1.9.1/minitest/unit.rb:650:in `each'", "C:/Ruby192/lib/ruby/1.9.1/minitest/unit.rb:650:in `block in run_test_suites'", "C:/Ruby192/lib/ruby/1.9.1/minitest/unit.rb:649:in `each'", "C:/Ruby192/lib/ruby/1.9.1/minitest/unit.rb:649:in `run_test_suites'", "C:/Ruby192/lib/ruby/1.9.1/minitest/unit.rb:609:in `run'", "C:/Ruby192/lib/ruby/1.9.1/minitest/unit.rb:508:in `block in autorun'"]
EStarted InternetExplorerDriver server (32-bit)
2.39.0.0
Listening on port 5555
Successful Login to Usampadmin
25921

can't convert nil into String
["C:/Ruby192/lib/ruby/1.9.1/base64.rb:38:in `pack'", "C:/Ruby192/lib/ruby/1.9.1/base64.rb:38:in `encode64'", "Test_64_Email_clicks_allowed.rb:352:in `test_06_reset_no_of_clicks_setting'", "C:/Ruby192/lib/ruby/1.9.1/minitest/unit.rb:695:in `run'", "C:/Ruby192/lib/ruby/1.9.1/minitest/unit.rb:656:in `block (2 levels) in run_test_suites'", "C:/Ruby192/lib/ruby/1.9.1/minitest/unit.rb:650:in `each'", "C:/Ruby192/lib/ruby/1.9.1/minitest/unit.rb:650:in `block in run_test_suites'", "C:/Ruby192/lib/ruby/1.9.1/minitest/unit.rb:649:in `each'", "C:/Ruby192/lib/ruby/1.9.1/minitest/unit.rb:649:in `run_test_suites'", "C:/Ruby192/lib/ruby/1.9.1/minitest/unit.rb:609:in `run'", "C:/Ruby192/lib/ruby/1.9.1/minitest/unit.rb:508:in `block in autorun'"]
E142281

can't convert nil into String
["C:/Ruby192/lib/ruby/1.9.1/base64.rb:38:in `pack'", "C:/Ruby192/lib/ruby/1.9.1/base64.rb:38:in `encode64'", "Test_64_Email_clicks_allowed.rb:402:in `test_07_check_survey_clicks_after_reverting'", "C:/Ruby192/lib/ruby/1.9.1/minitest/unit.rb:695:in `run'", "C:/Ruby192/lib/ruby/1.9.1/minitest/unit.rb:656:in `block (2 levels) in run_test_suites'", "C:/Ruby192/lib/ruby/1.9.1/minitest/unit.rb:650:in `each'", "C:/Ruby192/lib/ruby/1.9.1/minitest/unit.rb:650:in `block in run_test_suites'", "C:/Ruby192/lib/ruby/1.9.1/minitest/unit.rb:649:in `each'", "C:/Ruby192/lib/ruby/1.9.1/minitest/unit.rb:649:in `run_test_suites'", "C:/Ruby192/lib/ruby/1.9.1/minitest/unit.rb:609:in `run'", "C:/Ruby192/lib/ruby/1.9.1/minitest/unit.rb:508:in `block in autorun'"]
EStarted InternetExplorerDriver server (32-bit)
2.39.0.0
Listening on port 5555
Successful Login to Usampadmin
25921

can't convert nil into String
["C:/Ruby192/lib/ruby/1.9.1/base64.rb:38:in `pack'", "C:/Ruby192/lib/ruby/1.9.1/base64.rb:38:in `encode64'", "Test_64_Email_clicks_allowed.rb:457:in `test_08_qg_reset'", "C:/Ruby192/lib/ruby/1.9.1/minitest/unit.rb:695:in `run'", "C:/Ruby192/lib/ruby/1.9.1/minitest/unit.rb:656:in `block (2 levels) in run_test_suites'", "C:/Ruby192/lib/ruby/1.9.1/minitest/unit.rb:650:in `each'", "C:/Ruby192/lib/ruby/1.9.1/minitest/unit.rb:650:in `block in run_test_suites'", "C:/Ruby192/lib/ruby/1.9.1/minitest/unit.rb:649:in `each'", "C:/Ruby192/lib/ruby/1.9.1/minitest/unit.rb:649:in `run_test_suites'", "C:/Ruby192/lib/ruby/1.9.1/minitest/unit.rb:609:in `run'", "C:/Ruby192/lib/ruby/1.9.1/minitest/unit.rb:508:in `block in autorun'"]
.
Finished in 95.674937 seconds.

  1) Error:
test_02_make_setting(Test_64_Email_clicks_allowed):
TypeError: can't convert nil into String
    Test_64_Email_clicks_allowed.rb:94:in `+'
    Test_64_Email_clicks_allowed.rb:94:in `rescue in test_02_make_setting'
    Test_64_Email_clicks_allowed.rb:45:in `test_02_make_setting'

  2) Error:
test_03_save_no_of_clicks_set(Test_64_Email_clicks_allowed):
TypeError: can't convert nil into String
    Test_64_Email_clicks_allowed.rb:148:in `+'
    Test_64_Email_clicks_allowed.rb:148:in `rescue in test_03_save_no_of_clicks_set'
    Test_64_Email_clicks_allowed.rb:103:in `test_03_save_no_of_clicks_set'

  3) Error:
test_04_send_bcast(Test_64_Email_clicks_allowed):
TypeError: can't convert nil into String
    Test_64_Email_clicks_allowed.rb:240:in `+'
    Test_64_Email_clicks_allowed.rb:240:in `rescue in test_04_send_bcast'
    Test_64_Email_clicks_allowed.rb:156:in `test_04_send_bcast'

  4) Error:
test_05_check_survey_clicks(Test_64_Email_clicks_allowed):
NoMethodError: undefined method `close' for nil:NilClass
    Test_64_Email_clicks_allowed.rb:325:in `rescue in test_05_check_survey_clicks'
    Test_64_Email_clicks_allowed.rb:249:in `test_05_check_survey_clicks'

  5) Error:
test_06_reset_no_of_clicks_setting(Test_64_Email_clicks_allowed):
TypeError: can't convert nil into String
    Test_64_Email_clicks_allowed.rb:380:in `+'
    Test_64_Email_clicks_allowed.rb:380:in `rescue in test_06_reset_no_of_clicks_setting'
    Test_64_Email_clicks_allowed.rb:335:in `test_06_reset_no_of_clicks_setting'

  6) Error:
test_07_check_survey_clicks_after_reverting(Test_64_Email_clicks_allowed):
NoMethodError: undefined method `close' for nil:NilClass
    Test_64_Email_clicks_allowed.rb:431:in `rescue in test_07_check_survey_clicks_after_reverting'
    Test_64_Email_clicks_allowed.rb:389:in `test_07_check_survey_clicks_after_reverting'

8 tests, 0 assertions, 0 failures, 6 errors, 0 skips

Test run options: --seed 20405
Loaded suite Test_65_Project_QG_Create
Started
.Started InternetExplorerDriver server (32-bit)
2.39.0.0
Listening on port 5555
Successful Login to Usampadmin
25922
.QG CREATION PASS
119359
..
Finished in 503.531738 seconds.

4 tests, 0 assertions, 0 failures, 0 errors, 0 skips

Test run options: --seed 4334
Loaded suite Test_66_Config_setting_cases
Started
.Started InternetExplorerDriver server (32-bit)
2.39.0.0
Listening on port 5555
Successful Login to Usampadmin
PASS
25922
119359
.Timeout::Error
["C:/Ruby192/lib/ruby/1.9.1/net/protocol.rb:140:in `rescue in rbuf_fill'", "C:/Ruby192/lib/ruby/1.9.1/net/protocol.rb:134:in `rbuf_fill'", "C:/Ruby192/lib/ruby/1.9.1/net/protocol.rb:116:in `readuntil'", "C:/Ruby192/lib/ruby/1.9.1/net/protocol.rb:126:in `readline'", "C:/Ruby192/lib/ruby/1.9.1/net/http.rb:2219:in `read_status_line'", "C:/Ruby192/lib/ruby/1.9.1/net/http.rb:2208:in `read_new'", "C:/Ruby192/lib/ruby/1.9.1/net/http.rb:1191:in `transport_request'", "C:/Ruby192/lib/ruby/1.9.1/net/http.rb:1177:in `request'", "C:/Ruby192/lib/ruby/1.9.1/net/http.rb:1170:in `block in request'", "C:/Ruby192/lib/ruby/1.9.1/net/http.rb:627:in `start'", "C:/Ruby192/lib/ruby/1.9.1/net/http.rb:1168:in `request'", "C:/Ruby192/lib/ruby/gems/1.9.1/gems/selenium-webdriver-2.31.0/lib/selenium/webdriver/remote/http/default.rb:83:in `response_for'", "C:/Ruby192/lib/ruby/gems/1.9.1/gems/selenium-webdriver-2.31.0/lib/selenium/webdriver/remote/http/default.rb:39:in `request'", "C:/Ruby192/lib/ruby/gems/1.9.1/gems/selenium-webdriver-2.31.0/lib/selenium/webdriver/remote/http/common.rb:40:in `call'", "C:/Ruby192/lib/ruby/gems/1.9.1/gems/selenium-webdriver-2.31.0/lib/selenium/webdriver/remote/bridge.rb:616:in `raw_execute'", "C:/Ruby192/lib/ruby/gems/1.9.1/gems/selenium-webdriver-2.31.0/lib/selenium/webdriver/remote/bridge.rb:594:in `execute'", "C:/Ruby192/lib/ruby/gems/1.9.1/gems/selenium-webdriver-2.31.0/lib/selenium/webdriver/remote/bridge.rb:100:in `get'", "C:/Ruby192/lib/ruby/gems/1.9.1/gems/selenium-webdriver-2.31.0/lib/selenium/webdriver/common/navigation.rb:14:in `to'", "C:/Ruby192/lib/ruby/gems/1.9.1/gems/watir-webdriver-0.6.1/lib/watir-webdriver/browser.rb:63:in `goto'", "D:/IMPROVED_CODE_AAMIR/Usamp_lib.rb:109:in `Surveyhead_login'", "Test_66_Config_setting_cases.rb:103:in `test_03_survey_complete'", "C:/Ruby192/lib/ruby/1.9.1/minitest/unit.rb:695:in `run'", "C:/Ruby192/lib/ruby/1.9.1/minitest/unit.rb:656:in `block (2 levels) in run_test_suites'", "C:/Ruby192/lib/ruby/1.9.1/minitest/unit.rb:650:in `each'", "C:/Ruby192/lib/ruby/1.9.1/minitest/unit.rb:650:in `block in run_test_suites'", "C:/Ruby192/lib/ruby/1.9.1/minitest/unit.rb:649:in `each'", "C:/Ruby192/lib/ruby/1.9.1/minitest/unit.rb:649:in `run_test_suites'", "C:/Ruby192/lib/ruby/1.9.1/minitest/unit.rb:609:in `run'", "C:/Ruby192/lib/ruby/1.9.1/minitest/unit.rb:508:in `block in autorun'"]
Eunable to connect to IE server within 30 seconds
["C:/Ruby192/lib/ruby/gems/1.9.1/gems/selenium-webdriver-2.31.0/lib/selenium/webdriver/ie/server.rb:46:in `start'", "C:/Ruby192/lib/ruby/gems/1.9.1/gems/selenium-webdriver-2.31.0/lib/selenium/webdriver/ie/bridge.rb:32:in `initialize'", "C:/Ruby192/lib/ruby/gems/1.9.1/gems/selenium-webdriver-2.31.0/lib/selenium/webdriver/common/driver.rb:35:in `new'", "C:/Ruby192/lib/ruby/gems/1.9.1/gems/selenium-webdriver-2.31.0/lib/selenium/webdriver/common/driver.rb:35:in `for'", "C:/Ruby192/lib/ruby/gems/1.9.1/gems/selenium-webdriver-2.31.0/lib/selenium/webdriver.rb:67:in `for'", "D:/IMPROVED_CODE_AAMIR/Usamp_lib.rb:71:in `Usampadmin_login'", "Test_66_Config_setting_cases.rb:153:in `test_04_check_reward_cost'", "C:/Ruby192/lib/ruby/1.9.1/minitest/unit.rb:695:in `run'", "C:/Ruby192/lib/ruby/1.9.1/minitest/unit.rb:656:in `block (2 levels) in run_test_suites'", "C:/Ruby192/lib/ruby/1.9.1/minitest/unit.rb:650:in `each'", "C:/Ruby192/lib/ruby/1.9.1/minitest/unit.rb:650:in `block in run_test_suites'", "C:/Ruby192/lib/ruby/1.9.1/minitest/unit.rb:649:in `each'", "C:/Ruby192/lib/ruby/1.9.1/minitest/unit.rb:649:in `run_test_suites'", "C:/Ruby192/lib/ruby/1.9.1/minitest/unit.rb:609:in `run'", "C:/Ruby192/lib/ruby/1.9.1/minitest/unit.rb:508:in `block in autorun'"]
.Failed to load the library from temp directory: C:\DOCUME~1\ADMINI~1\LOCALS~1\Temp\IED1CDA.tmpStarted InternetExplorerDriver server (32-bit)
2.39.0.0
Listening on port 5555
Unexpected error launching Internet Explorer. Could not get document from window handle
["C:/Ruby192/lib/ruby/gems/1.9.1/gems/selenium-webdriver-2.31.0/lib/selenium/webdriver/remote/response.rb:52:in `assert_ok'", "C:/Ruby192/lib/ruby/gems/1.9.1/gems/selenium-webdriver-2.31.0/lib/selenium/webdriver/remote/response.rb:15:in `initialize'", "C:/Ruby192/lib/ruby/gems/1.9.1/gems/selenium-webdriver-2.31.0/lib/selenium/webdriver/remote/http/common.rb:59:in `new'", "C:/Ruby192/lib/ruby/gems/1.9.1/gems/selenium-webdriver-2.31.0/lib/selenium/webdriver/remote/http/common.rb:59:in `create_response'", "C:/Ruby192/lib/ruby/gems/1.9.1/gems/selenium-webdriver-2.31.0/lib/selenium/webdriver/remote/http/default.rb:66:in `request'", "C:/Ruby192/lib/ruby/gems/1.9.1/gems/selenium-webdriver-2.31.0/lib/selenium/webdriver/remote/http/common.rb:40:in `call'", "C:/Ruby192/lib/ruby/gems/1.9.1/gems/selenium-webdriver-2.31.0/lib/selenium/webdriver/remote/bridge.rb:616:in `raw_execute'", "C:/Ruby192/lib/ruby/gems/1.9.1/gems/selenium-webdriver-2.31.0/lib/selenium/webdriver/remote/bridge.rb:93:in `create_session'", "C:/Ruby192/lib/ruby/gems/1.9.1/gems/selenium-webdriver-2.31.0/lib/selenium/webdriver/remote/bridge.rb:68:in `initialize'", "C:/Ruby192/lib/ruby/gems/1.9.1/gems/selenium-webdriver-2.31.0/lib/selenium/webdriver/ie/bridge.rb:47:in `initialize'", "C:/Ruby192/lib/ruby/gems/1.9.1/gems/selenium-webdriver-2.31.0/lib/selenium/webdriver/common/driver.rb:35:in `new'", "C:/Ruby192/lib/ruby/gems/1.9.1/gems/selenium-webdriver-2.31.0/lib/selenium/webdriver/common/driver.rb:35:in `for'", "C:/Ruby192/lib/ruby/gems/1.9.1/gems/selenium-webdriver-2.31.0/lib/selenium/webdriver.rb:67:in `for'", "D:/IMPROVED_CODE_AAMIR/Usamp_lib.rb:71:in `Usampadmin_login'", "Test_66_Config_setting_cases.rb:213:in `test_05_check_default_fcpi_cap_amt'", "C:/Ruby192/lib/ruby/1.9.1/minitest/unit.rb:695:in `run'", "C:/Ruby192/lib/ruby/1.9.1/minitest/unit.rb:656:in `block (2 levels) in run_test_suites'", "C:/Ruby192/lib/ruby/1.9.1/minitest/unit.rb:650:in `each'", "C:/Ruby192/lib/ruby/1.9.1/minitest/unit.rb:650:in `block in run_test_suites'", "C:/Ruby192/lib/ruby/1.9.1/minitest/unit.rb:649:in `each'", "C:/Ruby192/lib/ruby/1.9.1/minitest/unit.rb:649:in `run_test_suites'", "C:/Ruby192/lib/ruby/1.9.1/minitest/unit.rb:609:in `run'", "C:/Ruby192/lib/ruby/1.9.1/minitest/unit.rb:508:in `block in autorun'"]
.
Finished in 213.803716 seconds.

  1) Error:
test_03_survey_complete(Test_67_Config_setting_cases):
NoMethodError: undefined method `close' for nil:NilClass
    Test_66_Config_setting_cases.rb:141:in `rescue in test_03_survey_complete'
    Test_66_Config_setting_cases.rb:100:in `test_03_survey_complete'

5 tests, 0 assertions, 0 failures, 1 errors, 0 skips

Test run options: --seed 27060
D:/IMPROVED_CODE_AAMIR/Output Repository/Non4S_Test_Report.html
