
D:\IMPROVED_CODE_AAMIR>copy "D:\IMPROVED_CODE_AAMIR\Output Repository\Non4S_Test_Report.html" "D:\IMPROVED_CODE_AAMIR\Output Repository Archive\Non4s_Report_03/43/_19445.html" 
        0 file(s) copied.
Loaded suite Test_01_Project_QG_Create
Started
.Started InternetExplorerDriver server (32-bit)
2.39.0.0
Listening on port 5555
Successful Login to Usampadmin
25766
.QG CREATION PASS
********
GROUP DETAILS: QG118381
********
118381
..
Finished in 355.745759 seconds.

4 tests, 0 assertions, 0 failures, 0 errors, 0 skips

Test run options: --seed 49030
Loaded suite Test_02_Auto_Open_QG
Started
.25766
118381
Started InternetExplorerDriver server (32-bit)
2.39.0.0
Listening on port 5555
Successful Login to Usampadmin
04
22
53
04
24
53
.
Finished in 319.057085 seconds.

2 tests, 0 assertions, 0 failures, 0 errors, 0 skips

Test run options: --seed 50688
Loaded suite Test_03_Auto_Close_QG
Started
.25766
118381
Started InternetExplorerDriver server (32-bit)
2.39.0.0
Listening on port 5555
Successful Login to Usampadmin
04
29
32
04
Time settings saving failed
TIME_SET_FAILED
.25766
118381
Started InternetExplorerDriver server (32-bit)
2.39.0.0
Listening on port 5555
Successful Login to Usampadmin
unable to locate element, using {:text=>"Auto-Close", :tag_name=>"a"}
["C:/Ruby192/lib/ruby/gems/1.9.1/gems/watir-webdriver-0.6.1/lib/watir-webdriver/elements/element.rb:365:in `assert_exists'", "C:/Ruby192/lib/ruby/gems/1.9.1/gems/watir-webdriver-0.6.1/lib/watir-webdriver/elements/element.rb:95:in `click'", "Test_03_Auto_Close_QG.rb:199:in `test_03_autoclose_clicks'", "C:/Ruby192/lib/ruby/1.9.1/minitest/unit.rb:695:in `run'", "C:/Ruby192/lib/ruby/1.9.1/minitest/unit.rb:656:in `block (2 levels) in run_test_suites'", "C:/Ruby192/lib/ruby/1.9.1/minitest/unit.rb:650:in `each'", "C:/Ruby192/lib/ruby/1.9.1/minitest/unit.rb:650:in `block in run_test_suites'", "C:/Ruby192/lib/ruby/1.9.1/minitest/unit.rb:649:in `each'", "C:/Ruby192/lib/ruby/1.9.1/minitest/unit.rb:649:in `run_test_suites'", "C:/Ruby192/lib/ruby/1.9.1/minitest/unit.rb:609:in `run'", "C:/Ruby192/lib/ruby/1.9.1/minitest/unit.rb:508:in `block in autorun'"]
.25766
118381
Started InternetExplorerDriver server (32-bit)
2.39.0.0
Listening on port 5555
Successful Login to Usampadmin
Completes settings saving failed
.
Finished in 749.180223 seconds.

4 tests, 0 assertions, 0 failures, 0 errors, 0 skips

Test run options: --seed 42212
Loaded suite Test_04_Non_member_survey_complete
Started
.25766
118381
Started InternetExplorerDriver server (32-bit)
2.39.0.0
Listening on port 5555
Successful Login to Usampadmin
.25766
118381
Started InternetExplorerDriver server (32-bit)
2.39.0.0
Listening on port 5556
Successful Login to Usampadmin
.25766
118381
Started InternetExplorerDriver server (32-bit)
2.39.0.0
Listening on port 5555
Successful Login to Usampadmin
.
Finished in 288.962372 seconds.

4 tests, 0 assertions, 0 failures, 0 errors, 0 skips

Test run options: --seed 13744
Loaded suite Test_05_Member_registration
Started
.test string
auto_test22.desnew2014-03-030446@mailop.com
**** Waiting for surveys to load ****
pass
.Started InternetExplorerDriver server (32-bit)
2.39.0.0
Listening on port 5555
Successful Login to Usampadmin
auto_test22.desnew2014-03-030446@mailop.com
M24622088
.Element is not currently visible and so may not be interacted with
["[remote server] file:///C:/DOCUME~1/ADMINI~1/LOCALS~1/Temp/2/webdriver-rb-profilecopy20140303-8888-tuzgjj/extensions/fxdriver@googlecode.com/components/command_processor.js:7567:in `unknown'", "[remote server] file:///C:/DOCUME~1/ADMINI~1/LOCALS~1/Temp/2/webdriver-rb-profilecopy20140303-8888-tuzgjj/extensions/fxdriver@googlecode.com/components/command_processor.js:10256:in `unknown'", "[remote server] file:///C:/DOCUME~1/ADMINI~1/LOCALS~1/Temp/2/webdriver-rb-profilecopy20140303-8888-tuzgjj/extensions/fxdriver@googlecode.com/components/command_processor.js:10275:in `unknown'", "[remote server] file:///C:/DOCUME~1/ADMINI~1/LOCALS~1/Temp/2/webdriver-rb-profilecopy20140303-8888-tuzgjj/extensions/fxdriver@googlecode.com/components/command_processor.js:10280:in `unknown'", "[remote server] file:///C:/DOCUME~1/ADMINI~1/LOCALS~1/Temp/2/webdriver-rb-profilecopy20140303-8888-tuzgjj/extensions/fxdriver@googlecode.com/components/command_processor.js:10220:in `unknown'", "C:/Ruby192/lib/ruby/gems/1.9.1/gems/selenium-webdriver-2.31.0/lib/selenium/webdriver/remote/response.rb:52:in `assert_ok'", "C:/Ruby192/lib/ruby/gems/1.9.1/gems/selenium-webdriver-2.31.0/lib/selenium/webdriver/remote/response.rb:15:in `initialize'", "C:/Ruby192/lib/ruby/gems/1.9.1/gems/selenium-webdriver-2.31.0/lib/selenium/webdriver/remote/http/common.rb:59:in `new'", "C:/Ruby192/lib/ruby/gems/1.9.1/gems/selenium-webdriver-2.31.0/lib/selenium/webdriver/remote/http/common.rb:59:in `create_response'", "C:/Ruby192/lib/ruby/gems/1.9.1/gems/selenium-webdriver-2.31.0/lib/selenium/webdriver/remote/http/default.rb:66:in `request'", "C:/Ruby192/lib/ruby/gems/1.9.1/gems/selenium-webdriver-2.31.0/lib/selenium/webdriver/remote/http/common.rb:40:in `call'", "C:/Ruby192/lib/ruby/gems/1.9.1/gems/selenium-webdriver-2.31.0/lib/selenium/webdriver/remote/bridge.rb:616:in `raw_execute'", "C:/Ruby192/lib/ruby/gems/1.9.1/gems/selenium-webdriver-2.31.0/lib/selenium/webdriver/remote/bridge.rb:594:in `execute'", "C:/Ruby192/lib/ruby/gems/1.9.1/gems/selenium-webdriver-2.31.0/lib/selenium/webdriver/remote/bridge.rb:413:in `clearElement'", "C:/Ruby192/lib/ruby/gems/1.9.1/gems/selenium-webdriver-2.31.0/lib/selenium/webdriver/common/element.rb:141:in `clear'", "C:/Ruby192/lib/ruby/gems/1.9.1/gems/watir-webdriver-0.6.1/lib/watir-webdriver/user_editable.rb:11:in `set'", "Test_05_Member_registration.rb:233:in `test_04_member_signup_Focusline'", "C:/Ruby192/lib/ruby/1.9.1/minitest/unit.rb:695:in `run'", "C:/Ruby192/lib/ruby/1.9.1/minitest/unit.rb:656:in `block (2 levels) in run_test_suites'", "C:/Ruby192/lib/ruby/1.9.1/minitest/unit.rb:650:in `each'", "C:/Ruby192/lib/ruby/1.9.1/minitest/unit.rb:650:in `block in run_test_suites'", "C:/Ruby192/lib/ruby/1.9.1/minitest/unit.rb:649:in `each'", "C:/Ruby192/lib/ruby/1.9.1/minitest/unit.rb:649:in `run_test_suites'", "C:/Ruby192/lib/ruby/1.9.1/minitest/unit.rb:609:in `run'", "C:/Ruby192/lib/ruby/1.9.1/minitest/unit.rb:508:in `block in autorun'"]
.Started InternetExplorerDriver server (32-bit)
2.39.0.0
Listening on port 5555
Successful Login to Usampadmin
auto_test22.des2014-02-240427@mailop.com
M24618205
Element is no longer valid
["C:/Ruby192/lib/ruby/gems/1.9.1/gems/selenium-webdriver-2.31.0/lib/selenium/webdriver/remote/response.rb:52:in `assert_ok'", "C:/Ruby192/lib/ruby/gems/1.9.1/gems/selenium-webdriver-2.31.0/lib/selenium/webdriver/remote/response.rb:15:in `initialize'", "C:/Ruby192/lib/ruby/gems/1.9.1/gems/selenium-webdriver-2.31.0/lib/selenium/webdriver/remote/http/common.rb:59:in `new'", "C:/Ruby192/lib/ruby/gems/1.9.1/gems/selenium-webdriver-2.31.0/lib/selenium/webdriver/remote/http/common.rb:59:in `create_response'", "C:/Ruby192/lib/ruby/gems/1.9.1/gems/selenium-webdriver-2.31.0/lib/selenium/webdriver/remote/http/default.rb:66:in `request'", "C:/Ruby192/lib/ruby/gems/1.9.1/gems/selenium-webdriver-2.31.0/lib/selenium/webdriver/remote/http/common.rb:40:in `call'", "C:/Ruby192/lib/ruby/gems/1.9.1/gems/selenium-webdriver-2.31.0/lib/selenium/webdriver/remote/bridge.rb:616:in `raw_execute'", "C:/Ruby192/lib/ruby/gems/1.9.1/gems/selenium-webdriver-2.31.0/lib/selenium/webdriver/remote/bridge.rb:594:in `execute'", "C:/Ruby192/lib/ruby/gems/1.9.1/gems/selenium-webdriver-2.31.0/lib/selenium/webdriver/remote/bridge.rb:493:in `getElementTagName'", "C:/Ruby192/lib/ruby/gems/1.9.1/gems/selenium-webdriver-2.31.0/lib/selenium/webdriver/common/element.rb:68:in `tag_name'", "C:/Ruby192/lib/ruby/gems/1.9.1/gems/watir-webdriver-0.6.1/lib/watir-webdriver/locators/element_locator.rb:379:in `validate_element'", "C:/Ruby192/lib/ruby/gems/1.9.1/gems/watir-webdriver-0.6.1/lib/watir-webdriver/locators/element_locator.rb:37:in `locate'", "C:/Ruby192/lib/ruby/gems/1.9.1/gems/watir-webdriver-0.6.1/lib/watir-webdriver/elements/element.rb:384:in `locate'", "C:/Ruby192/lib/ruby/gems/1.9.1/gems/watir-webdriver-0.6.1/lib/watir-webdriver/elements/element.rb:362:in `assert_exists'", "C:/Ruby192/lib/ruby/gems/1.9.1/gems/watir-webdriver-0.6.1/lib/watir-webdriver/elements/element.rb:95:in `click'", "Test_05_Member_registration.rb:339:in `test_05_member_in_admin_Focusline'", "C:/Ruby192/lib/ruby/1.9.1/minitest/unit.rb:695:in `run'", "C:/Ruby192/lib/ruby/1.9.1/minitest/unit.rb:656:in `block (2 levels) in run_test_suites'", "C:/Ruby192/lib/ruby/1.9.1/minitest/unit.rb:650:in `each'", "C:/Ruby192/lib/ruby/1.9.1/minitest/unit.rb:650:in `block in run_test_suites'", "C:/Ruby192/lib/ruby/1.9.1/minitest/unit.rb:649:in `each'", "C:/Ruby192/lib/ruby/1.9.1/minitest/unit.rb:649:in `run_test_suites'", "C:/Ruby192/lib/ruby/1.9.1/minitest/unit.rb:609:in `run'", "C:/Ruby192/lib/ruby/1.9.1/minitest/unit.rb:508:in `block in autorun'"]
.auto_test22.desnew2014-03-030446@mailop.com
auto_test22.desnew2014-03-0304
.auto_test22.des2014-02-240427@mailop.com
auto_test22.des2014-02-2404
.
Finished in 339.557740 seconds.

7 tests, 0 assertions, 0 failures, 0 errors, 0 skips

Test run options: --seed 36822
Loaded suite Test_07_Publisher_category_filer
Started
.Started InternetExplorerDriver server (32-bit)
2.39.0.0
Listening on port 5555
Successful Login to Usampadmin
25766
118381
"Business" not found in select list
["C:/Ruby192/lib/ruby/gems/1.9.1/gems/watir-webdriver-0.6.1/lib/watir-webdriver/elements/select.rb:216:in `no_value_found'", "C:/Ruby192/lib/ruby/gems/1.9.1/gems/watir-webdriver-0.6.1/lib/watir-webdriver/elements/select.rb:142:in `select_by_string'", "C:/Ruby192/lib/ruby/gems/1.9.1/gems/watir-webdriver-0.6.1/lib/watir-webdriver/elements/select.rb:129:in `select_by'", "C:/Ruby192/lib/ruby/gems/1.9.1/gems/watir-webdriver-0.6.1/lib/watir-webdriver/elements/select.rb:64:in `select'", "Test_07_Publisher_category_filer.rb:66:in `test_02_publisher_category_filter_match'", "C:/Ruby192/lib/ruby/1.9.1/minitest/unit.rb:695:in `run'", "C:/Ruby192/lib/ruby/1.9.1/minitest/unit.rb:656:in `block (2 levels) in run_test_suites'", "C:/Ruby192/lib/ruby/1.9.1/minitest/unit.rb:650:in `each'", "C:/Ruby192/lib/ruby/1.9.1/minitest/unit.rb:650:in `block in run_test_suites'", "C:/Ruby192/lib/ruby/1.9.1/minitest/unit.rb:649:in `each'", "C:/Ruby192/lib/ruby/1.9.1/minitest/unit.rb:649:in `run_test_suites'", "C:/Ruby192/lib/ruby/1.9.1/minitest/unit.rb:609:in `run'", "C:/Ruby192/lib/ruby/1.9.1/minitest/unit.rb:508:in `block in autorun'"]
.Started InternetExplorerDriver server (32-bit)
2.39.0.0
Listening on port 5556
Successful Login to Usampadmin
25766
118381
"Computers" not found in select list
["C:/Ruby192/lib/ruby/gems/1.9.1/gems/watir-webdriver-0.6.1/lib/watir-webdriver/elements/select.rb:216:in `no_value_found'", "C:/Ruby192/lib/ruby/gems/1.9.1/gems/watir-webdriver-0.6.1/lib/watir-webdriver/elements/select.rb:142:in `select_by_string'", "C:/Ruby192/lib/ruby/gems/1.9.1/gems/watir-webdriver-0.6.1/lib/watir-webdriver/elements/select.rb:129:in `select_by'", "C:/Ruby192/lib/ruby/gems/1.9.1/gems/watir-webdriver-0.6.1/lib/watir-webdriver/elements/select.rb:64:in `select'", "Test_07_Publisher_category_filer.rb:121:in `test_03_publisher_category_filter_mismatch'", "C:/Ruby192/lib/ruby/1.9.1/minitest/unit.rb:695:in `run'", "C:/Ruby192/lib/ruby/1.9.1/minitest/unit.rb:656:in `block (2 levels) in run_test_suites'", "C:/Ruby192/lib/ruby/1.9.1/minitest/unit.rb:650:in `each'", "C:/Ruby192/lib/ruby/1.9.1/minitest/unit.rb:650:in `block in run_test_suites'", "C:/Ruby192/lib/ruby/1.9.1/minitest/unit.rb:649:in `each'", "C:/Ruby192/lib/ruby/1.9.1/minitest/unit.rb:649:in `run_test_suites'", "C:/Ruby192/lib/ruby/1.9.1/minitest/unit.rb:609:in `run'", "C:/Ruby192/lib/ruby/1.9.1/minitest/unit.rb:508:in `block in autorun'"]
E
Finished in 93.346737 seconds.

  1) Error:
test_03_publisher_category_filter_mismatch(Test_07_Publisher_filter_category):
NoMethodError: undefined method `close' for nil:NilClass
    Test_07_Publisher_category_filer.rb:157:in `rescue in test_03_publisher_category_filter_mismatch'
    Test_07_Publisher_category_filer.rb:100:in `test_03_publisher_category_filter_mismatch'

3 tests, 0 assertions, 0 failures, 1 errors, 0 skips

Test run options: --seed 5038
Loaded suite Test_08_Publisher_margin_%
Started
.Started InternetExplorerDriver server (32-bit)
2.39.0.0
Listening on port 5555
Successful Login to Usampadmin
25766
118381
Element is not currently visible and so may not be interacted with
["[remote server] file:///C:/DOCUME~1/ADMINI~1/LOCALS~1/Temp/2/webdriver-rb-profilecopy20140303-13656-5z15v5/extensions/fxdriver@googlecode.com/components/command_processor.js:7567:in `unknown'", "[remote server] file:///C:/DOCUME~1/ADMINI~1/LOCALS~1/Temp/2/webdriver-rb-profilecopy20140303-13656-5z15v5/extensions/fxdriver@googlecode.com/components/command_processor.js:10256:in `unknown'", "[remote server] file:///C:/DOCUME~1/ADMINI~1/LOCALS~1/Temp/2/webdriver-rb-profilecopy20140303-13656-5z15v5/extensions/fxdriver@googlecode.com/components/command_processor.js:10275:in `unknown'", "[remote server] file:///C:/DOCUME~1/ADMINI~1/LOCALS~1/Temp/2/webdriver-rb-profilecopy20140303-13656-5z15v5/extensions/fxdriver@googlecode.com/components/command_processor.js:10280:in `unknown'", "[remote server] file:///C:/DOCUME~1/ADMINI~1/LOCALS~1/Temp/2/webdriver-rb-profilecopy20140303-13656-5z15v5/extensions/fxdriver@googlecode.com/components/command_processor.js:10220:in `unknown'", "C:/Ruby192/lib/ruby/gems/1.9.1/gems/selenium-webdriver-2.31.0/lib/selenium/webdriver/remote/response.rb:52:in `assert_ok'", "C:/Ruby192/lib/ruby/gems/1.9.1/gems/selenium-webdriver-2.31.0/lib/selenium/webdriver/remote/response.rb:15:in `initialize'", "C:/Ruby192/lib/ruby/gems/1.9.1/gems/selenium-webdriver-2.31.0/lib/selenium/webdriver/remote/http/common.rb:59:in `new'", "C:/Ruby192/lib/ruby/gems/1.9.1/gems/selenium-webdriver-2.31.0/lib/selenium/webdriver/remote/http/common.rb:59:in `create_response'", "C:/Ruby192/lib/ruby/gems/1.9.1/gems/selenium-webdriver-2.31.0/lib/selenium/webdriver/remote/http/default.rb:66:in `request'", "C:/Ruby192/lib/ruby/gems/1.9.1/gems/selenium-webdriver-2.31.0/lib/selenium/webdriver/remote/http/common.rb:40:in `call'", "C:/Ruby192/lib/ruby/gems/1.9.1/gems/selenium-webdriver-2.31.0/lib/selenium/webdriver/remote/bridge.rb:616:in `raw_execute'", "C:/Ruby192/lib/ruby/gems/1.9.1/gems/selenium-webdriver-2.31.0/lib/selenium/webdriver/remote/bridge.rb:594:in `execute'", "C:/Ruby192/lib/ruby/gems/1.9.1/gems/selenium-webdriver-2.31.0/lib/selenium/webdriver/remote/bridge.rb:413:in `clearElement'", "C:/Ruby192/lib/ruby/gems/1.9.1/gems/selenium-webdriver-2.31.0/lib/selenium/webdriver/common/element.rb:141:in `clear'", "C:/Ruby192/lib/ruby/gems/1.9.1/gems/watir-webdriver-0.6.1/lib/watir-webdriver/user_editable.rb:11:in `set'", "D:/IMPROVED_CODE_AAMIR/Usamp_lib.rb:164:in `Focusline_login'", "Test_08_Publisher_margin_%.rb:79:in `test_02_publisher_margin_match'", "C:/Ruby192/lib/ruby/1.9.1/minitest/unit.rb:695:in `run'", "C:/Ruby192/lib/ruby/1.9.1/minitest/unit.rb:656:in `block (2 levels) in run_test_suites'", "C:/Ruby192/lib/ruby/1.9.1/minitest/unit.rb:650:in `each'", "C:/Ruby192/lib/ruby/1.9.1/minitest/unit.rb:650:in `block in run_test_suites'", "C:/Ruby192/lib/ruby/1.9.1/minitest/unit.rb:649:in `each'", "C:/Ruby192/lib/ruby/1.9.1/minitest/unit.rb:649:in `run_test_suites'", "C:/Ruby192/lib/ruby/1.9.1/minitest/unit.rb:609:in `run'", "C:/Ruby192/lib/ruby/1.9.1/minitest/unit.rb:508:in `block in autorun'"]
Started InternetExplorerDriver server (32-bit)
2.39.0.0
Listening on port 5556
.Started InternetExplorerDriver server (32-bit)
2.39.0.0
Listening on port 5557
Successful Login to Usampadmin
25766
118381
Element is not currently visible and so may not be interacted with
["[remote server] file:///C:/DOCUME~1/ADMINI~1/LOCALS~1/Temp/2/webdriver-rb-profilecopy20140303-13656-nlys7c/extensions/fxdriver@googlecode.com/components/command_processor.js:7567:in `unknown'", "[remote server] file:///C:/DOCUME~1/ADMINI~1/LOCALS~1/Temp/2/webdriver-rb-profilecopy20140303-13656-nlys7c/extensions/fxdriver@googlecode.com/components/command_processor.js:10256:in `unknown'", "[remote server] file:///C:/DOCUME~1/ADMINI~1/LOCALS~1/Temp/2/webdriver-rb-profilecopy20140303-13656-nlys7c/extensions/fxdriver@googlecode.com/components/command_processor.js:10275:in `unknown'", "[remote server] file:///C:/DOCUME~1/ADMINI~1/LOCALS~1/Temp/2/webdriver-rb-profilecopy20140303-13656-nlys7c/extensions/fxdriver@googlecode.com/components/command_processor.js:10280:in `unknown'", "[remote server] file:///C:/DOCUME~1/ADMINI~1/LOCALS~1/Temp/2/webdriver-rb-profilecopy20140303-13656-nlys7c/extensions/fxdriver@googlecode.com/components/command_processor.js:10220:in `unknown'", "C:/Ruby192/lib/ruby/gems/1.9.1/gems/selenium-webdriver-2.31.0/lib/selenium/webdriver/remote/response.rb:52:in `assert_ok'", "C:/Ruby192/lib/ruby/gems/1.9.1/gems/selenium-webdriver-2.31.0/lib/selenium/webdriver/remote/response.rb:15:in `initialize'", "C:/Ruby192/lib/ruby/gems/1.9.1/gems/selenium-webdriver-2.31.0/lib/selenium/webdriver/remote/http/common.rb:59:in `new'", "C:/Ruby192/lib/ruby/gems/1.9.1/gems/selenium-webdriver-2.31.0/lib/selenium/webdriver/remote/http/common.rb:59:in `create_response'", "C:/Ruby192/lib/ruby/gems/1.9.1/gems/selenium-webdriver-2.31.0/lib/selenium/webdriver/remote/http/default.rb:66:in `request'", "C:/Ruby192/lib/ruby/gems/1.9.1/gems/selenium-webdriver-2.31.0/lib/selenium/webdriver/remote/http/common.rb:40:in `call'", "C:/Ruby192/lib/ruby/gems/1.9.1/gems/selenium-webdriver-2.31.0/lib/selenium/webdriver/remote/bridge.rb:616:in `raw_execute'", "C:/Ruby192/lib/ruby/gems/1.9.1/gems/selenium-webdriver-2.31.0/lib/selenium/webdriver/remote/bridge.rb:594:in `execute'", "C:/Ruby192/lib/ruby/gems/1.9.1/gems/selenium-webdriver-2.31.0/lib/selenium/webdriver/remote/bridge.rb:413:in `clearElement'", "C:/Ruby192/lib/ruby/gems/1.9.1/gems/selenium-webdriver-2.31.0/lib/selenium/webdriver/common/element.rb:141:in `clear'", "C:/Ruby192/lib/ruby/gems/1.9.1/gems/watir-webdriver-0.6.1/lib/watir-webdriver/user_editable.rb:11:in `set'", "D:/IMPROVED_CODE_AAMIR/Usamp_lib.rb:164:in `Focusline_login'", "Test_08_Publisher_margin_%.rb:136:in `test_03_publisher_margin_mismatch'", "C:/Ruby192/lib/ruby/1.9.1/minitest/unit.rb:695:in `run'", "C:/Ruby192/lib/ruby/1.9.1/minitest/unit.rb:656:in `block (2 levels) in run_test_suites'", "C:/Ruby192/lib/ruby/1.9.1/minitest/unit.rb:650:in `each'", "C:/Ruby192/lib/ruby/1.9.1/minitest/unit.rb:650:in `block in run_test_suites'", "C:/Ruby192/lib/ruby/1.9.1/minitest/unit.rb:649:in `each'", "C:/Ruby192/lib/ruby/1.9.1/minitest/unit.rb:649:in `run_test_suites'", "C:/Ruby192/lib/ruby/1.9.1/minitest/unit.rb:609:in `run'", "C:/Ruby192/lib/ruby/1.9.1/minitest/unit.rb:508:in `block in autorun'"]
Started InternetExplorerDriver server (32-bit)
2.39.0.0
Listening on port 5558
.
Finished in 125.519641 seconds.

3 tests, 0 assertions, 0 failures, 0 errors, 0 skips

Test run options: --seed 41687
Loaded suite Test_09_US_getcount
Started
.Successful Login to Usampadmin
25766
118381
*** Waiting for count to load ***
************
								<tr>

0
Element is not currently visible and so may not be interacted with
["[remote server] file:///C:/DOCUME~1/ADMINI~1/LOCALS~1/Temp/2/webdriver-rb-profilecopy20140303-10704-r2s0s5/extensions/fxdriver@googlecode.com/components/command_processor.js:7567:in `unknown'", "[remote server] file:///C:/DOCUME~1/ADMINI~1/LOCALS~1/Temp/2/webdriver-rb-profilecopy20140303-10704-r2s0s5/extensions/fxdriver@googlecode.com/components/command_processor.js:10256:in `unknown'", "[remote server] file:///C:/DOCUME~1/ADMINI~1/LOCALS~1/Temp/2/webdriver-rb-profilecopy20140303-10704-r2s0s5/extensions/fxdriver@googlecode.com/components/command_processor.js:10275:in `unknown'", "[remote server] file:///C:/DOCUME~1/ADMINI~1/LOCALS~1/Temp/2/webdriver-rb-profilecopy20140303-10704-r2s0s5/extensions/fxdriver@googlecode.com/components/command_processor.js:10280:in `unknown'", "[remote server] file:///C:/DOCUME~1/ADMINI~1/LOCALS~1/Temp/2/webdriver-rb-profilecopy20140303-10704-r2s0s5/extensions/fxdriver@googlecode.com/components/command_processor.js:10220:in `unknown'", "C:/Ruby192/lib/ruby/gems/1.9.1/gems/selenium-webdriver-2.31.0/lib/selenium/webdriver/remote/response.rb:52:in `assert_ok'", "C:/Ruby192/lib/ruby/gems/1.9.1/gems/selenium-webdriver-2.31.0/lib/selenium/webdriver/remote/response.rb:15:in `initialize'", "C:/Ruby192/lib/ruby/gems/1.9.1/gems/selenium-webdriver-2.31.0/lib/selenium/webdriver/remote/http/common.rb:59:in `new'", "C:/Ruby192/lib/ruby/gems/1.9.1/gems/selenium-webdriver-2.31.0/lib/selenium/webdriver/remote/http/common.rb:59:in `create_response'", "C:/Ruby192/lib/ruby/gems/1.9.1/gems/selenium-webdriver-2.31.0/lib/selenium/webdriver/remote/http/default.rb:66:in `request'", "C:/Ruby192/lib/ruby/gems/1.9.1/gems/selenium-webdriver-2.31.0/lib/selenium/webdriver/remote/http/common.rb:40:in `call'", "C:/Ruby192/lib/ruby/gems/1.9.1/gems/selenium-webdriver-2.31.0/lib/selenium/webdriver/remote/bridge.rb:616:in `raw_execute'", "C:/Ruby192/lib/ruby/gems/1.9.1/gems/selenium-webdriver-2.31.0/lib/selenium/webdriver/remote/bridge.rb:594:in `execute'", "C:/Ruby192/lib/ruby/gems/1.9.1/gems/selenium-webdriver-2.31.0/lib/selenium/webdriver/remote/bridge.rb:413:in `clearElement'", "C:/Ruby192/lib/ruby/gems/1.9.1/gems/selenium-webdriver-2.31.0/lib/selenium/webdriver/common/element.rb:141:in `clear'", "C:/Ruby192/lib/ruby/gems/1.9.1/gems/watir-webdriver-0.6.1/lib/watir-webdriver/user_editable.rb:11:in `set'", "Test_09_US_getcount.rb:200:in `test_02_US_getcount'", "C:/Ruby192/lib/ruby/1.9.1/minitest/unit.rb:695:in `run'", "C:/Ruby192/lib/ruby/1.9.1/minitest/unit.rb:656:in `block (2 levels) in run_test_suites'", "C:/Ruby192/lib/ruby/1.9.1/minitest/unit.rb:650:in `each'", "C:/Ruby192/lib/ruby/1.9.1/minitest/unit.rb:650:in `block in run_test_suites'", "C:/Ruby192/lib/ruby/1.9.1/minitest/unit.rb:649:in `each'", "C:/Ruby192/lib/ruby/1.9.1/minitest/unit.rb:649:in `run_test_suites'", "C:/Ruby192/lib/ruby/1.9.1/minitest/unit.rb:609:in `run'", "C:/Ruby192/lib/ruby/1.9.1/minitest/unit.rb:508:in `block in autorun'"]
EStarted InternetExplorerDriver server (32-bit)
2.39.0.0
Listening on port 5555
Successful Login to Usampadmin
25766
118381
.Started InternetExplorerDriver server (32-bit)
2.39.0.0
Listening on port 5555
Successful Login to Usampadmin
25766
118381
*** Waiting for count to load ***
************
<TD>Total members found: 75
75
75
Element is not currently visible and so may not be interacted with
["[remote server] file:///C:/DOCUME~1/ADMINI~1/LOCALS~1/Temp/2/webdriver-rb-profilecopy20140303-10704-1b9d885/extensions/fxdriver@googlecode.com/components/command_processor.js:7567:in `unknown'", "[remote server] file:///C:/DOCUME~1/ADMINI~1/LOCALS~1/Temp/2/webdriver-rb-profilecopy20140303-10704-1b9d885/extensions/fxdriver@googlecode.com/components/command_processor.js:10256:in `unknown'", "[remote server] file:///C:/DOCUME~1/ADMINI~1/LOCALS~1/Temp/2/webdriver-rb-profilecopy20140303-10704-1b9d885/extensions/fxdriver@googlecode.com/components/command_processor.js:10275:in `unknown'", "[remote server] file:///C:/DOCUME~1/ADMINI~1/LOCALS~1/Temp/2/webdriver-rb-profilecopy20140303-10704-1b9d885/extensions/fxdriver@googlecode.com/components/command_processor.js:10280:in `unknown'", "[remote server] file:///C:/DOCUME~1/ADMINI~1/LOCALS~1/Temp/2/webdriver-rb-profilecopy20140303-10704-1b9d885/extensions/fxdriver@googlecode.com/components/command_processor.js:10220:in `unknown'", "C:/Ruby192/lib/ruby/gems/1.9.1/gems/selenium-webdriver-2.31.0/lib/selenium/webdriver/remote/response.rb:52:in `assert_ok'", "C:/Ruby192/lib/ruby/gems/1.9.1/gems/selenium-webdriver-2.31.0/lib/selenium/webdriver/remote/response.rb:15:in `initialize'", "C:/Ruby192/lib/ruby/gems/1.9.1/gems/selenium-webdriver-2.31.0/lib/selenium/webdriver/remote/http/common.rb:59:in `new'", "C:/Ruby192/lib/ruby/gems/1.9.1/gems/selenium-webdriver-2.31.0/lib/selenium/webdriver/remote/http/common.rb:59:in `create_response'", "C:/Ruby192/lib/ruby/gems/1.9.1/gems/selenium-webdriver-2.31.0/lib/selenium/webdriver/remote/http/default.rb:66:in `request'", "C:/Ruby192/lib/ruby/gems/1.9.1/gems/selenium-webdriver-2.31.0/lib/selenium/webdriver/remote/http/common.rb:40:in `call'", "C:/Ruby192/lib/ruby/gems/1.9.1/gems/selenium-webdriver-2.31.0/lib/selenium/webdriver/remote/bridge.rb:616:in `raw_execute'", "C:/Ruby192/lib/ruby/gems/1.9.1/gems/selenium-webdriver-2.31.0/lib/selenium/webdriver/remote/bridge.rb:594:in `execute'", "C:/Ruby192/lib/ruby/gems/1.9.1/gems/selenium-webdriver-2.31.0/lib/selenium/webdriver/remote/bridge.rb:413:in `clearElement'", "C:/Ruby192/lib/ruby/gems/1.9.1/gems/selenium-webdriver-2.31.0/lib/selenium/webdriver/common/element.rb:141:in `clear'", "C:/Ruby192/lib/ruby/gems/1.9.1/gems/watir-webdriver-0.6.1/lib/watir-webdriver/user_editable.rb:11:in `set'", "Test_09_US_getcount.rb:698:in `test_04_us_getcnt_mempub'", "C:/Ruby192/lib/ruby/1.9.1/minitest/unit.rb:695:in `run'", "C:/Ruby192/lib/ruby/1.9.1/minitest/unit.rb:656:in `block (2 levels) in run_test_suites'", "C:/Ruby192/lib/ruby/1.9.1/minitest/unit.rb:650:in `each'", "C:/Ruby192/lib/ruby/1.9.1/minitest/unit.rb:650:in `block in run_test_suites'", "C:/Ruby192/lib/ruby/1.9.1/minitest/unit.rb:649:in `each'", "C:/Ruby192/lib/ruby/1.9.1/minitest/unit.rb:649:in `run_test_suites'", "C:/Ruby192/lib/ruby/1.9.1/minitest/unit.rb:609:in `run'", "C:/Ruby192/lib/ruby/1.9.1/minitest/unit.rb:508:in `block in autorun'"]
EStarted InternetExplorerDriver server (32-bit)
2.39.0.0
Listening on port 5555
Successful Login to Usampadmin
25766
118381
unable to locate element, using {:name=>"chkDoubleOpted", :tag_name=>"input", :type=>"checkbox"}
["C:/Ruby192/lib/ruby/gems/1.9.1/gems/watir-webdriver-0.6.1/lib/watir-webdriver/elements/element.rb:365:in `assert_exists'", "C:/Ruby192/lib/ruby/gems/1.9.1/gems/watir-webdriver-0.6.1/lib/watir-webdriver/elements/checkbox.rb:19:in `set'", "C:/Ruby192/lib/ruby/gems/1.9.1/gems/watir-webdriver-0.6.1/lib/watir-webdriver/elements/checkbox.rb:46:in `clear'", "Test_09_US_getcount.rb:925:in `test_05_qg_reset'", "C:/Ruby192/lib/ruby/1.9.1/minitest/unit.rb:695:in `run'", "C:/Ruby192/lib/ruby/1.9.1/minitest/unit.rb:656:in `block (2 levels) in run_test_suites'", "C:/Ruby192/lib/ruby/1.9.1/minitest/unit.rb:650:in `each'", "C:/Ruby192/lib/ruby/1.9.1/minitest/unit.rb:650:in `block in run_test_suites'", "C:/Ruby192/lib/ruby/1.9.1/minitest/unit.rb:649:in `each'", "C:/Ruby192/lib/ruby/1.9.1/minitest/unit.rb:649:in `run_test_suites'", "C:/Ruby192/lib/ruby/1.9.1/minitest/unit.rb:609:in `run'", "C:/Ruby192/lib/ruby/1.9.1/minitest/unit.rb:508:in `block in autorun'"]
.
Finished in 1014.219954 seconds.

  1) Error:
test_02_US_getcount(Test_09_US_getcount):
TypeError: can't convert nil into String
    Test_09_US_getcount.rb:543:in `+'
    Test_09_US_getcount.rb:543:in `rescue in test_02_US_getcount'
    Test_09_US_getcount.rb:39:in `test_02_US_getcount'

  2) Error:
test_04_us_getcnt_mempub(Test_09_US_getcount):
TypeError: can't convert nil into String
    Test_09_US_getcount.rb:889:in `+'
    Test_09_US_getcount.rb:889:in `rescue in test_04_us_getcnt_mempub'
    Test_09_US_getcount.rb:599:in `test_04_us_getcnt_mempub'

5 tests, 0 assertions, 0 failures, 2 errors, 0 skips

Test run options: --seed 204
Loaded suite Test_10_CAN_getcount
Started
.Successful Login to Usampadmin
25766
118381
*** Waiting for count to load ***
************
								<tr>

0
EStarted InternetExplorerDriver server (32-bit)
2.39.0.0
Listening on port 5555
Successful Login to Usampadmin
25766
118381
.Started InternetExplorerDriver server (32-bit)
2.39.0.0
Listening on port 5555
Successful Login to Usampadmin
25766
118381
*** Waiting for count to load ***
************
<TD>Total members found: 197
197
197
EStarted InternetExplorerDriver server (32-bit)
2.39.0.0
Listening on port 5556
Successful Login to Usampadmin
25766
118381
.
Finished in 434.451402 seconds.

  1) Error:
test_02_CAN_getcount(Test_10_CAN_getcount):
Watir::Exception::NoValueFoundException: "Newfoundland and Labrador" not found in select list
    C:/Ruby192/lib/ruby/gems/1.9.1/gems/watir-webdriver-0.6.1/lib/watir-webdriver/elements/select.rb:216:in `no_value_found'
    C:/Ruby192/lib/ruby/gems/1.9.1/gems/watir-webdriver-0.6.1/lib/watir-webdriver/elements/select.rb:150:in `rescue in select_by_string'
    C:/Ruby192/lib/ruby/gems/1.9.1/gems/watir-webdriver-0.6.1/lib/watir-webdriver/elements/select.rb:147:in `select_by_string'
    C:/Ruby192/lib/ruby/gems/1.9.1/gems/watir-webdriver-0.6.1/lib/watir-webdriver/elements/select.rb:129:in `select_by'
    C:/Ruby192/lib/ruby/gems/1.9.1/gems/watir-webdriver-0.6.1/lib/watir-webdriver/elements/select.rb:64:in `select'
    Test_10_CAN_getcount.rb:140:in `test_02_CAN_getcount'

  2) Error:
test_04_cangetcnt_mempub(Test_10_CAN_getcount):
Watir::Exception::NoValueFoundException: "Newfoundland and Labrador" not found in select list
    C:/Ruby192/lib/ruby/gems/1.9.1/gems/watir-webdriver-0.6.1/lib/watir-webdriver/elements/select.rb:216:in `no_value_found'
    C:/Ruby192/lib/ruby/gems/1.9.1/gems/watir-webdriver-0.6.1/lib/watir-webdriver/elements/select.rb:150:in `rescue in select_by_string'
    C:/Ruby192/lib/ruby/gems/1.9.1/gems/watir-webdriver-0.6.1/lib/watir-webdriver/elements/select.rb:147:in `select_by_string'
    C:/Ruby192/lib/ruby/gems/1.9.1/gems/watir-webdriver-0.6.1/lib/watir-webdriver/elements/select.rb:129:in `select_by'
    C:/Ruby192/lib/ruby/gems/1.9.1/gems/watir-webdriver-0.6.1/lib/watir-webdriver/elements/select.rb:64:in `select'
    Test_10_CAN_getcount.rb:609:in `test_04_cangetcnt_mempub'

5 tests, 0 assertions, 0 failures, 2 errors, 0 skips

Test run options: --seed 12474
Loaded suite Test_11_CP_Project
Started
.Unable to locate element: {"method":"tag name","selector":"body"}
["[remote server] file:///C:/DOCUME~1/ADMINI~1/LOCALS~1/Temp/2/webdriver-profile20140303-6252-lyfoqa/extensions/fxdriver@googlecode.com/components/driver_component.js:8284:in `unknown'", "[remote server] file:///C:/DOCUME~1/ADMINI~1/LOCALS~1/Temp/2/webdriver-profile20140303-6252-lyfoqa/extensions/fxdriver@googlecode.com/components/driver_component.js:8293:in `unknown'", "[remote server] file:///C:/DOCUME~1/ADMINI~1/LOCALS~1/Temp/2/webdriver-profile20140303-6252-lyfoqa/extensions/fxdriver@googlecode.com/components/command_processor.js:10275:in `unknown'", "[remote server] file:///C:/DOCUME~1/ADMINI~1/LOCALS~1/Temp/2/webdriver-profile20140303-6252-lyfoqa/extensions/fxdriver@googlecode.com/components/command_processor.js:10280:in `unknown'", "[remote server] file:///C:/DOCUME~1/ADMINI~1/LOCALS~1/Temp/2/webdriver-profile20140303-6252-lyfoqa/extensions/fxdriver@googlecode.com/components/command_processor.js:10220:in `unknown'", "C:/Ruby192/lib/ruby/gems/1.9.1/gems/selenium-webdriver-2.31.0/lib/selenium/webdriver/remote/response.rb:52:in `assert_ok'", "C:/Ruby192/lib/ruby/gems/1.9.1/gems/selenium-webdriver-2.31.0/lib/selenium/webdriver/remote/response.rb:15:in `initialize'", "C:/Ruby192/lib/ruby/gems/1.9.1/gems/selenium-webdriver-2.31.0/lib/selenium/webdriver/remote/http/common.rb:59:in `new'", "C:/Ruby192/lib/ruby/gems/1.9.1/gems/selenium-webdriver-2.31.0/lib/selenium/webdriver/remote/http/common.rb:59:in `create_response'", "C:/Ruby192/lib/ruby/gems/1.9.1/gems/selenium-webdriver-2.31.0/lib/selenium/webdriver/remote/http/default.rb:66:in `request'", "C:/Ruby192/lib/ruby/gems/1.9.1/gems/selenium-webdriver-2.31.0/lib/selenium/webdriver/remote/http/common.rb:40:in `call'", "C:/Ruby192/lib/ruby/gems/1.9.1/gems/selenium-webdriver-2.31.0/lib/selenium/webdriver/remote/bridge.rb:616:in `raw_execute'", "C:/Ruby192/lib/ruby/gems/1.9.1/gems/selenium-webdriver-2.31.0/lib/selenium/webdriver/remote/bridge.rb:594:in `execute'", "C:/Ruby192/lib/ruby/gems/1.9.1/gems/selenium-webdriver-2.31.0/lib/selenium/webdriver/remote/bridge.rb:562:in `find_element_by'", "C:/Ruby192/lib/ruby/gems/1.9.1/gems/selenium-webdriver-2.31.0/lib/selenium/webdriver/common/search_context.rb:42:in `find_element'", "C:/Ruby192/lib/ruby/gems/1.9.1/gems/watir-webdriver-0.6.1/lib/watir-webdriver/browser.rb:97:in `text'", "D:/IMPROVED_CODE_AAMIR/Usamp_lib.rb:221:in `Network_site_login'", "Test_11_CP_Project.rb:49:in `test_02_create_cp_project'", "C:/Ruby192/lib/ruby/1.9.1/minitest/unit.rb:695:in `run'", "C:/Ruby192/lib/ruby/1.9.1/minitest/unit.rb:656:in `block (2 levels) in run_test_suites'", "C:/Ruby192/lib/ruby/1.9.1/minitest/unit.rb:650:in `each'", "C:/Ruby192/lib/ruby/1.9.1/minitest/unit.rb:650:in `block in run_test_suites'", "C:/Ruby192/lib/ruby/1.9.1/minitest/unit.rb:649:in `each'", "C:/Ruby192/lib/ruby/1.9.1/minitest/unit.rb:649:in `run_test_suites'", "C:/Ruby192/lib/ruby/1.9.1/minitest/unit.rb:609:in `run'", "C:/Ruby192/lib/ruby/1.9.1/minitest/unit.rb:508:in `block in autorun'"]
Eundefined method `link' for nil:NilClass
["Test_11_CP_Project.rb:93:in `test_03_supplier_add'", "C:/Ruby192/lib/ruby/1.9.1/minitest/unit.rb:695:in `run'", "C:/Ruby192/lib/ruby/1.9.1/minitest/unit.rb:656:in `block (2 levels) in run_test_suites'", "C:/Ruby192/lib/ruby/1.9.1/minitest/unit.rb:650:in `each'", "C:/Ruby192/lib/ruby/1.9.1/minitest/unit.rb:650:in `block in run_test_suites'", "C:/Ruby192/lib/ruby/1.9.1/minitest/unit.rb:649:in `each'", "C:/Ruby192/lib/ruby/1.9.1/minitest/unit.rb:649:in `run_test_suites'", "C:/Ruby192/lib/ruby/1.9.1/minitest/unit.rb:609:in `run'", "C:/Ruby192/lib/ruby/1.9.1/minitest/unit.rb:508:in `block in autorun'"]
Eundefined method `text' for nil:NilClass
["Test_11_CP_Project.rb:128:in `test_04_cp_survey_complete'", "C:/Ruby192/lib/ruby/1.9.1/minitest/unit.rb:695:in `run'", "C:/Ruby192/lib/ruby/1.9.1/minitest/unit.rb:656:in `block (2 levels) in run_test_suites'", "C:/Ruby192/lib/ruby/1.9.1/minitest/unit.rb:650:in `each'", "C:/Ruby192/lib/ruby/1.9.1/minitest/unit.rb:650:in `block in run_test_suites'", "C:/Ruby192/lib/ruby/1.9.1/minitest/unit.rb:649:in `each'", "C:/Ruby192/lib/ruby/1.9.1/minitest/unit.rb:649:in `run_test_suites'", "C:/Ruby192/lib/ruby/1.9.1/minitest/unit.rb:609:in `run'", "C:/Ruby192/lib/ruby/1.9.1/minitest/unit.rb:508:in `block in autorun'"]
ESuccessful Login to Usampadmin
Search Passed
Project Update passed
"Luth" not found in select list
["C:/Ruby192/lib/ruby/gems/1.9.1/gems/watir-webdriver-0.6.1/lib/watir-webdriver/elements/select.rb:216:in `no_value_found'", "C:/Ruby192/lib/ruby/gems/1.9.1/gems/watir-webdriver-0.6.1/lib/watir-webdriver/elements/select.rb:150:in `rescue in select_by_string'", "C:/Ruby192/lib/ruby/gems/1.9.1/gems/watir-webdriver-0.6.1/lib/watir-webdriver/elements/select.rb:147:in `select_by_string'", "C:/Ruby192/lib/ruby/gems/1.9.1/gems/watir-webdriver-0.6.1/lib/watir-webdriver/elements/select.rb:129:in `select_by'", "C:/Ruby192/lib/ruby/gems/1.9.1/gems/watir-webdriver-0.6.1/lib/watir-webdriver/elements/select.rb:64:in `select'", "Test_11_CP_Project.rb:370:in `test_05_cp_project_admin'", "C:/Ruby192/lib/ruby/1.9.1/minitest/unit.rb:695:in `run'", "C:/Ruby192/lib/ruby/1.9.1/minitest/unit.rb:656:in `block (2 levels) in run_test_suites'", "C:/Ruby192/lib/ruby/1.9.1/minitest/unit.rb:650:in `each'", "C:/Ruby192/lib/ruby/1.9.1/minitest/unit.rb:650:in `block in run_test_suites'", "C:/Ruby192/lib/ruby/1.9.1/minitest/unit.rb:649:in `each'", "C:/Ruby192/lib/ruby/1.9.1/minitest/unit.rb:649:in `run_test_suites'", "C:/Ruby192/lib/ruby/1.9.1/minitest/unit.rb:609:in `run'", "C:/Ruby192/lib/ruby/1.9.1/minitest/unit.rb:508:in `block in autorun'"]
.No connection could be made because the target machine actively refused it. - connect(2)
["C:/Ruby192/lib/ruby/1.9.1/net/http.rb:644:in `initialize'", "C:/Ruby192/lib/ruby/1.9.1/net/http.rb:644:in `open'", "C:/Ruby192/lib/ruby/1.9.1/net/http.rb:644:in `block in connect'", "C:/Ruby192/lib/ruby/1.9.1/timeout.rb:44:in `timeout'", "C:/Ruby192/lib/ruby/1.9.1/timeout.rb:89:in `timeout'", "C:/Ruby192/lib/ruby/1.9.1/net/http.rb:644:in `connect'", "C:/Ruby192/lib/ruby/1.9.1/net/http.rb:637:in `do_start'", "C:/Ruby192/lib/ruby/1.9.1/net/http.rb:626:in `start'", "C:/Ruby192/lib/ruby/1.9.1/net/http.rb:1168:in `request'", "C:/Ruby192/lib/ruby/gems/1.9.1/gems/selenium-webdriver-2.31.0/lib/selenium/webdriver/remote/http/default.rb:83:in `response_for'", "C:/Ruby192/lib/ruby/gems/1.9.1/gems/selenium-webdriver-2.31.0/lib/selenium/webdriver/remote/http/default.rb:39:in `request'", "C:/Ruby192/lib/ruby/gems/1.9.1/gems/selenium-webdriver-2.31.0/lib/selenium/webdriver/remote/http/common.rb:40:in `call'", "C:/Ruby192/lib/ruby/gems/1.9.1/gems/selenium-webdriver-2.31.0/lib/selenium/webdriver/remote/bridge.rb:616:in `raw_execute'", "C:/Ruby192/lib/ruby/gems/1.9.1/gems/selenium-webdriver-2.31.0/lib/selenium/webdriver/remote/bridge.rb:594:in `execute'", "C:/Ruby192/lib/ruby/gems/1.9.1/gems/selenium-webdriver-2.31.0/lib/selenium/webdriver/remote/bridge.rb:100:in `get'", "C:/Ruby192/lib/ruby/gems/1.9.1/gems/selenium-webdriver-2.31.0/lib/selenium/webdriver/common/navigation.rb:14:in `to'", "C:/Ruby192/lib/ruby/gems/1.9.1/gems/watir-webdriver-0.6.1/lib/watir-webdriver/browser.rb:63:in `goto'", "Test_11_CP_Project.rb:462:in `test_06_project_close'", "C:/Ruby192/lib/ruby/1.9.1/minitest/unit.rb:695:in `run'", "C:/Ruby192/lib/ruby/1.9.1/minitest/unit.rb:656:in `block (2 levels) in run_test_suites'", "C:/Ruby192/lib/ruby/1.9.1/minitest/unit.rb:650:in `each'", "C:/Ruby192/lib/ruby/1.9.1/minitest/unit.rb:650:in `block in run_test_suites'", "C:/Ruby192/lib/ruby/1.9.1/minitest/unit.rb:649:in `each'", "C:/Ruby192/lib/ruby/1.9.1/minitest/unit.rb:649:in `run_test_suites'", "C:/Ruby192/lib/ruby/1.9.1/minitest/unit.rb:609:in `run'", "C:/Ruby192/lib/ruby/1.9.1/minitest/unit.rb:508:in `block in autorun'"]
.
Finished in 122.300789 seconds.

  1) Error:
test_02_create_cp_project(Test_01_Project_QG_Create):
NoMethodError: undefined method `close' for nil:NilClass
    Test_11_CP_Project.rb:80:in `rescue in test_02_create_cp_project'
    Test_11_CP_Project.rb:45:in `test_02_create_cp_project'

  2) Error:
test_03_supplier_add(Test_01_Project_QG_Create):
NoMethodError: undefined method `close' for nil:NilClass
    Test_11_CP_Project.rb:116:in `rescue in test_03_supplier_add'
    Test_11_CP_Project.rb:91:in `test_03_supplier_add'

  3) Error:
test_04_cp_survey_complete(Test_01_Project_QG_Create):
NoMethodError: undefined method `close' for nil:NilClass
    Test_11_CP_Project.rb:220:in `rescue in test_04_cp_survey_complete'
    Test_11_CP_Project.rb:126:in `test_04_cp_survey_complete'

6 tests, 0 assertions, 0 failures, 3 errors, 0 skips

Test run options: --seed 28775
Loaded suite Test_12_CP_rule_processing
Started
.Logged it to Network site
Project created
.Supplier added
.**** 5656 *****
1
0
0
0
0
0
Started InternetExplorerDriver server (32-bit)
2.39.0.0
Listening on port 5555
Started InternetExplorerDriver server (32-bit)
2.39.0.0
Listening on port 5556
MAX_CLICKS: PASS
Started InternetExplorerDriver server (32-bit)
2.39.0.0
Listening on port 5555
DUP PANEL ACC: PASS
Started InternetExplorerDriver server (32-bit)
2.39.0.0
Listening on port 5555
Started InternetExplorerDriver server (32-bit)
2.39.0.0
Listening on port 5556
DUP COMPL: PASS
Started InternetExplorerDriver server (32-bit)
2.39.0.0
Listening on port 5555
GEO_IP: FAIL
Started InternetExplorerDriver server (32-bit)
2.39.0.0
Listening on port 5555
PROF:PASS
PROXY:PASS
Started InternetExplorerDriver server (32-bit)
2.39.0.0
Listening on port 5555
SPAMMER:PASS
..
Finished in 424.904221 seconds.

5 tests, 0 assertions, 0 failures, 0 errors, 0 skips

Test run options: --seed 25317
Loaded suite Test_13_Curl_pixel
Started
.Successful Login to Usampadmin
*** PIXEL SETTINGS DONE  ***
.Started InternetExplorerDriver server (32-bit)
2.39.0.0
Listening on port 5555
test string
auto_test.des2014-03-03053126@mailop.com
**** Waiting for surveys to load ****
.auto_test.des2014-03-03053126@mailop.com
Successful Login to ipoll site
118381
linkMTE4Mzgx
unable to locate element, using {:id=>"linkMTE4Mzgx", :tag_name=>"a"}
["C:/Ruby192/lib/ruby/gems/1.9.1/gems/watir-webdriver-0.6.1/lib/watir-webdriver/elements/element.rb:365:in `assert_exists'", "C:/Ruby192/lib/ruby/gems/1.9.1/gems/watir-webdriver-0.6.1/lib/watir-webdriver/elements/element.rb:95:in `click'", "Test_13_Curl_pixel.rb:180:in `test_04_survey_complete'", "C:/Ruby192/lib/ruby/1.9.1/minitest/unit.rb:695:in `run'", "C:/Ruby192/lib/ruby/1.9.1/minitest/unit.rb:656:in `block (2 levels) in run_test_suites'", "C:/Ruby192/lib/ruby/1.9.1/minitest/unit.rb:650:in `each'", "C:/Ruby192/lib/ruby/1.9.1/minitest/unit.rb:650:in `block in run_test_suites'", "C:/Ruby192/lib/ruby/1.9.1/minitest/unit.rb:649:in `each'", "C:/Ruby192/lib/ruby/1.9.1/minitest/unit.rb:649:in `run_test_suites'", "C:/Ruby192/lib/ruby/1.9.1/minitest/unit.rb:609:in `run'", "C:/Ruby192/lib/ruby/1.9.1/minitest/unit.rb:508:in `block in autorun'"]
.Successful Login to Usampadmin
25766
118381
.
Finished in 238.679512 seconds.

5 tests, 0 assertions, 0 failures, 0 errors, 0 skips

Test run options: --seed 19246
Loaded suite Test_14_Traditional_pixel
Started
.Started InternetExplorerDriver server (32-bit)
2.39.0.0
Listening on port 5555
Successful Login to Usampadmin
*** PIXEL SETTINGS DONE  ***
.test string
auto_test.des2014-03-03053558@mailop.com
**** Waiting for surveys to load ****
*** Check Pixels ***
.auto_test.des2014-03-03053558@mailop.com
Successful Login to ipoll site
118381
linkMTE4Mzgx
unable to locate element, using {:id=>"linkMTE4Mzgx", :tag_name=>"a"}
["C:/Ruby192/lib/ruby/gems/1.9.1/gems/watir-webdriver-0.6.1/lib/watir-webdriver/elements/element.rb:365:in `assert_exists'", "C:/Ruby192/lib/ruby/gems/1.9.1/gems/watir-webdriver-0.6.1/lib/watir-webdriver/elements/element.rb:95:in `click'", "Test_14_Traditional_pixel.rb:178:in `test_04_survey_complete'", "C:/Ruby192/lib/ruby/1.9.1/minitest/unit.rb:695:in `run'", "C:/Ruby192/lib/ruby/1.9.1/minitest/unit.rb:656:in `block (2 levels) in run_test_suites'", "C:/Ruby192/lib/ruby/1.9.1/minitest/unit.rb:650:in `each'", "C:/Ruby192/lib/ruby/1.9.1/minitest/unit.rb:650:in `block in run_test_suites'", "C:/Ruby192/lib/ruby/1.9.1/minitest/unit.rb:649:in `each'", "C:/Ruby192/lib/ruby/1.9.1/minitest/unit.rb:649:in `run_test_suites'", "C:/Ruby192/lib/ruby/1.9.1/minitest/unit.rb:609:in `run'", "C:/Ruby192/lib/ruby/1.9.1/minitest/unit.rb:508:in `block in autorun'"]
.Started InternetExplorerDriver server (32-bit)
2.39.0.0
Listening on port 5555
Successful Login to Usampadmin
25766
118381
.auto_test.des2014-03-03053558@mailop.com
Successful Login to ipoll site
https://www.p.ipoll.com/profile.php?PrId=81e6ffeed42b6a37c045da4d35fa7943&PrLId=b656998ee46e68cc2b18f7a1f82eec4f
.Started InternetExplorerDriver server (32-bit)
2.39.0.0
Listening on port 5555
Successful Login to Usampadmin
*** PIXEL RESETTINGS DONE  ***
.
Finished in 354.761352 seconds.

7 tests, 0 assertions, 0 failures, 0 errors, 0 skips

Test run options: --seed 64154
Loaded suite Test_16_Reward_creation
Started
.Started InternetExplorerDriver server (32-bit)
2.39.0.0
Listening on port 5555
Successful Login to Usampadmin
Donation_2014-03-03 05:41:23
Don_failed
2018
.Started InternetExplorerDriver server (32-bit)
2.39.0.0
Listening on port 5555
Successful Login to Usampadmin
GIFT_CERT_2014-03-03 05:42:23
Gift_failed
2019
.Donation_2014-02-25 21:22:46
GIFT_CERT_2014-02-25 21:23:40
waiting for surveys to load
Successful Login to ipoll site
waiting for rewards1 to load
waiting for rewards2 to load
Donation
waiting for rewards3 to load
waiting for rewards4 to load
waiting for surveys5 to load
waiting for rewards6 to load
waiting for rewards7 to load
.
Finished in 289.071750 seconds.

4 tests, 0 assertions, 0 failures, 0 errors, 0 skips

Test run options: --seed 65025
Loaded suite Test_17_Member_data_review
Started
.Started InternetExplorerDriver server (32-bit)
2.39.0.0
Listening on port 5555
ESuccessful Login to ipoll site
## Waiting for surveys to load ##
can't convert nil into String
["C:/Ruby192/lib/ruby/1.9.1/base64.rb:38:in `pack'", "C:/Ruby192/lib/ruby/1.9.1/base64.rb:38:in `encode64'", "Test_17_Member_data_review.rb:178:in `test_03_member_data_review'", "C:/Ruby192/lib/ruby/1.9.1/minitest/unit.rb:695:in `run'", "C:/Ruby192/lib/ruby/1.9.1/minitest/unit.rb:656:in `block (2 levels) in run_test_suites'", "C:/Ruby192/lib/ruby/1.9.1/minitest/unit.rb:650:in `each'", "C:/Ruby192/lib/ruby/1.9.1/minitest/unit.rb:650:in `block in run_test_suites'", "C:/Ruby192/lib/ruby/1.9.1/minitest/unit.rb:649:in `each'", "C:/Ruby192/lib/ruby/1.9.1/minitest/unit.rb:649:in `run_test_suites'", "C:/Ruby192/lib/ruby/1.9.1/minitest/unit.rb:609:in `run'", "C:/Ruby192/lib/ruby/1.9.1/minitest/unit.rb:508:in `block in autorun'"]
ESuccessful Login to ipoll site
## Waiting for surveys to load ##
can't convert nil into String
["C:/Ruby192/lib/ruby/1.9.1/base64.rb:38:in `pack'", "C:/Ruby192/lib/ruby/1.9.1/base64.rb:38:in `encode64'", "Test_17_Member_data_review.rb:298:in `test_04_member_data_invalid'", "C:/Ruby192/lib/ruby/1.9.1/minitest/unit.rb:695:in `run'", "C:/Ruby192/lib/ruby/1.9.1/minitest/unit.rb:656:in `block (2 levels) in run_test_suites'", "C:/Ruby192/lib/ruby/1.9.1/minitest/unit.rb:650:in `each'", "C:/Ruby192/lib/ruby/1.9.1/minitest/unit.rb:650:in `block in run_test_suites'", "C:/Ruby192/lib/ruby/1.9.1/minitest/unit.rb:649:in `each'", "C:/Ruby192/lib/ruby/1.9.1/minitest/unit.rb:649:in `run_test_suites'", "C:/Ruby192/lib/ruby/1.9.1/minitest/unit.rb:609:in `run'", "C:/Ruby192/lib/ruby/1.9.1/minitest/unit.rb:508:in `block in autorun'"]
EStarted InternetExplorerDriver server (32-bit)
2.39.0.0
Listening on port 5556
Successful Login to Usampadmin
25766

can't convert nil into String
["C:/Ruby192/lib/ruby/1.9.1/base64.rb:38:in `pack'", "C:/Ruby192/lib/ruby/1.9.1/base64.rb:38:in `encode64'", "Test_17_Member_data_review.rb:415:in `test_05_qg_reset'", "C:/Ruby192/lib/ruby/1.9.1/minitest/unit.rb:695:in `run'", "C:/Ruby192/lib/ruby/1.9.1/minitest/unit.rb:656:in `block (2 levels) in run_test_suites'", "C:/Ruby192/lib/ruby/1.9.1/minitest/unit.rb:650:in `each'", "C:/Ruby192/lib/ruby/1.9.1/minitest/unit.rb:650:in `block in run_test_suites'", "C:/Ruby192/lib/ruby/1.9.1/minitest/unit.rb:649:in `each'", "C:/Ruby192/lib/ruby/1.9.1/minitest/unit.rb:649:in `run_test_suites'", "C:/Ruby192/lib/ruby/1.9.1/minitest/unit.rb:609:in `run'", "C:/Ruby192/lib/ruby/1.9.1/minitest/unit.rb:508:in `block in autorun'"]
.
Finished in 239.367035 seconds.

  1) Error:
test_02_copy_qg_change_reward(Test_17_Member_data_review):
Timeout::Error: Timeout::Error
    C:/Ruby192/lib/ruby/gems/1.9.1/gems/selenium-webdriver-2.31.0/lib/selenium/webdriver/remote/http/default.rb:83:in `response_for'
    C:/Ruby192/lib/ruby/gems/1.9.1/gems/selenium-webdriver-2.31.0/lib/selenium/webdriver/remote/http/default.rb:39:in `request'
    C:/Ruby192/lib/ruby/gems/1.9.1/gems/selenium-webdriver-2.31.0/lib/selenium/webdriver/remote/http/common.rb:40:in `call'
    C:/Ruby192/lib/ruby/gems/1.9.1/gems/selenium-webdriver-2.31.0/lib/selenium/webdriver/remote/bridge.rb:616:in `raw_execute'
    C:/Ruby192/lib/ruby/gems/1.9.1/gems/selenium-webdriver-2.31.0/lib/selenium/webdriver/remote/bridge.rb:594:in `execute'
    C:/Ruby192/lib/ruby/gems/1.9.1/gems/selenium-webdriver-2.31.0/lib/selenium/webdriver/remote/bridge.rb:562:in `find_element_by'
    C:/Ruby192/lib/ruby/gems/1.9.1/gems/selenium-webdriver-2.31.0/lib/selenium/webdriver/common/search_context.rb:42:in `find_element'
    C:/Ruby192/lib/ruby/gems/1.9.1/gems/watir-webdriver-0.6.1/lib/watir-webdriver/locators/element_locator.rb:85:in `find_first_by_multiple'
    C:/Ruby192/lib/ruby/gems/1.9.1/gems/watir-webdriver-0.6.1/lib/watir-webdriver/locators/element_locator.rb:32:in `locate'
    C:/Ruby192/lib/ruby/gems/1.9.1/gems/watir-webdriver-0.6.1/lib/watir-webdriver/elements/element.rb:384:in `locate'
    C:/Ruby192/lib/ruby/gems/1.9.1/gems/watir-webdriver-0.6.1/lib/watir-webdriver/elements/element.rb:362:in `assert_exists'
    C:/Ruby192/lib/ruby/gems/1.9.1/gems/watir-webdriver-0.6.1/lib/watir-webdriver/user_editable.rb:8:in `set'
    D:/IMPROVED_CODE_AAMIR/Usamp_lib.rb:85:in `Usampadmin_login'
    Test_17_Member_data_review.rb:48:in `test_02_copy_qg_change_reward'

  2) Error:
test_03_member_data_review(Test_17_Member_data_review):
TypeError: can't convert nil into String
    Test_17_Member_data_review.rb:270:in `+'
    Test_17_Member_data_review.rb:270:in `rescue in test_03_member_data_review'
    Test_17_Member_data_review.rb:171:in `test_03_member_data_review'

  3) Error:
test_04_member_data_invalid(Test_17_Member_data_review):
TypeError: can't convert nil into String
    Test_17_Member_data_review.rb:390:in `+'
    Test_17_Member_data_review.rb:390:in `rescue in test_04_member_data_invalid'
    Test_17_Member_data_review.rb:291:in `test_04_member_data_invalid'

5 tests, 0 assertions, 0 failures, 3 errors, 0 skips

Test run options: --seed 16149
Loaded suite Test_18_Publisher_bids
Started
.25766

can't convert nil into String
["C:/Ruby192/lib/ruby/1.9.1/base64.rb:38:in `pack'", "C:/Ruby192/lib/ruby/1.9.1/base64.rb:38:in `encode64'", "Test_18_Publisher_bids.rb:53:in `test_02_request_bid'", "C:/Ruby192/lib/ruby/1.9.1/minitest/unit.rb:695:in `run'", "C:/Ruby192/lib/ruby/1.9.1/minitest/unit.rb:656:in `block (2 levels) in run_test_suites'", "C:/Ruby192/lib/ruby/1.9.1/minitest/unit.rb:650:in `each'", "C:/Ruby192/lib/ruby/1.9.1/minitest/unit.rb:650:in `block in run_test_suites'", "C:/Ruby192/lib/ruby/1.9.1/minitest/unit.rb:649:in `each'", "C:/Ruby192/lib/ruby/1.9.1/minitest/unit.rb:649:in `run_test_suites'", "C:/Ruby192/lib/ruby/1.9.1/minitest/unit.rb:609:in `run'", "C:/Ruby192/lib/ruby/1.9.1/minitest/unit.rb:508:in `block in autorun'"]
ELogged it to Network site
unable to locate element, using {:href=>/bid_live_projects_email.php/, :tag_name=>"a"}
["C:/Ruby192/lib/ruby/gems/1.9.1/gems/watir-webdriver-0.6.1/lib/watir-webdriver/elements/element.rb:365:in `assert_exists'", "C:/Ruby192/lib/ruby/gems/1.9.1/gems/watir-webdriver-0.6.1/lib/watir-webdriver/elements/element.rb:95:in `click'", "Test_18_Publisher_bids.rb:125:in `test_03_reject_bid'", "C:/Ruby192/lib/ruby/1.9.1/minitest/unit.rb:695:in `run'", "C:/Ruby192/lib/ruby/1.9.1/minitest/unit.rb:656:in `block (2 levels) in run_test_suites'", "C:/Ruby192/lib/ruby/1.9.1/minitest/unit.rb:650:in `each'", "C:/Ruby192/lib/ruby/1.9.1/minitest/unit.rb:650:in `block in run_test_suites'", "C:/Ruby192/lib/ruby/1.9.1/minitest/unit.rb:649:in `each'", "C:/Ruby192/lib/ruby/1.9.1/minitest/unit.rb:649:in `run_test_suites'", "C:/Ruby192/lib/ruby/1.9.1/minitest/unit.rb:609:in `run'", "C:/Ruby192/lib/ruby/1.9.1/minitest/unit.rb:508:in `block in autorun'"]
.Started InternetExplorerDriver server (32-bit)
2.39.0.0
Listening on port 5555
Successful Login to Usampadmin
Modal dialog present
["C:/Ruby192/lib/ruby/gems/1.9.1/gems/selenium-webdriver-2.31.0/lib/selenium/webdriver/remote/response.rb:52:in `assert_ok'", "C:/Ruby192/lib/ruby/gems/1.9.1/gems/selenium-webdriver-2.31.0/lib/selenium/webdriver/remote/response.rb:15:in `initialize'", "C:/Ruby192/lib/ruby/gems/1.9.1/gems/selenium-webdriver-2.31.0/lib/selenium/webdriver/remote/http/common.rb:59:in `new'", "C:/Ruby192/lib/ruby/gems/1.9.1/gems/selenium-webdriver-2.31.0/lib/selenium/webdriver/remote/http/common.rb:59:in `create_response'", "C:/Ruby192/lib/ruby/gems/1.9.1/gems/selenium-webdriver-2.31.0/lib/selenium/webdriver/remote/http/default.rb:66:in `request'", "C:/Ruby192/lib/ruby/gems/1.9.1/gems/selenium-webdriver-2.31.0/lib/selenium/webdriver/remote/http/common.rb:40:in `call'", "C:/Ruby192/lib/ruby/gems/1.9.1/gems/selenium-webdriver-2.31.0/lib/selenium/webdriver/remote/bridge.rb:616:in `raw_execute'", "C:/Ruby192/lib/ruby/gems/1.9.1/gems/selenium-webdriver-2.31.0/lib/selenium/webdriver/remote/bridge.rb:594:in `execute'", "C:/Ruby192/lib/ruby/gems/1.9.1/gems/selenium-webdriver-2.31.0/lib/selenium/webdriver/remote/bridge.rb:156:in `getCurrentUrl'", "C:/Ruby192/lib/ruby/gems/1.9.1/gems/selenium-webdriver-2.31.0/lib/selenium/webdriver/common/driver.rb:120:in `current_url'", "C:/Ruby192/lib/ruby/gems/1.9.1/gems/watir-webdriver-0.6.1/lib/watir-webdriver/browser.rb:78:in `url'", "C:/Ruby192/lib/ruby/gems/1.9.1/gems/watir-webdriver-0.6.1/lib/watir-webdriver/browser.rb:66:in `goto'", "Test_18_Publisher_bids.rb:165:in `test_04_check_admin'", "C:/Ruby192/lib/ruby/1.9.1/minitest/unit.rb:695:in `run'", "C:/Ruby192/lib/ruby/1.9.1/minitest/unit.rb:656:in `block (2 levels) in run_test_suites'", "C:/Ruby192/lib/ruby/1.9.1/minitest/unit.rb:650:in `each'", "C:/Ruby192/lib/ruby/1.9.1/minitest/unit.rb:650:in `block in run_test_suites'", "C:/Ruby192/lib/ruby/1.9.1/minitest/unit.rb:649:in `each'", "C:/Ruby192/lib/ruby/1.9.1/minitest/unit.rb:649:in `run_test_suites'", "C:/Ruby192/lib/ruby/1.9.1/minitest/unit.rb:609:in `run'", "C:/Ruby192/lib/ruby/1.9.1/minitest/unit.rb:508:in `block in autorun'"]
.Started InternetExplorerDriver server (32-bit)
2.39.0.0
Listening on port 5555
Successful Login to Usampadmin
Modal dialog present
["C:/Ruby192/lib/ruby/gems/1.9.1/gems/selenium-webdriver-2.31.0/lib/selenium/webdriver/remote/response.rb:52:in `assert_ok'", "C:/Ruby192/lib/ruby/gems/1.9.1/gems/selenium-webdriver-2.31.0/lib/selenium/webdriver/remote/response.rb:15:in `initialize'", "C:/Ruby192/lib/ruby/gems/1.9.1/gems/selenium-webdriver-2.31.0/lib/selenium/webdriver/remote/http/common.rb:59:in `new'", "C:/Ruby192/lib/ruby/gems/1.9.1/gems/selenium-webdriver-2.31.0/lib/selenium/webdriver/remote/http/common.rb:59:in `create_response'", "C:/Ruby192/lib/ruby/gems/1.9.1/gems/selenium-webdriver-2.31.0/lib/selenium/webdriver/remote/http/default.rb:66:in `request'", "C:/Ruby192/lib/ruby/gems/1.9.1/gems/selenium-webdriver-2.31.0/lib/selenium/webdriver/remote/http/common.rb:40:in `call'", "C:/Ruby192/lib/ruby/gems/1.9.1/gems/selenium-webdriver-2.31.0/lib/selenium/webdriver/remote/bridge.rb:616:in `raw_execute'", "C:/Ruby192/lib/ruby/gems/1.9.1/gems/selenium-webdriver-2.31.0/lib/selenium/webdriver/remote/bridge.rb:594:in `execute'", "C:/Ruby192/lib/ruby/gems/1.9.1/gems/selenium-webdriver-2.31.0/lib/selenium/webdriver/remote/bridge.rb:156:in `getCurrentUrl'", "C:/Ruby192/lib/ruby/gems/1.9.1/gems/selenium-webdriver-2.31.0/lib/selenium/webdriver/common/driver.rb:120:in `current_url'", "C:/Ruby192/lib/ruby/gems/1.9.1/gems/watir-webdriver-0.6.1/lib/watir-webdriver/browser.rb:78:in `url'", "C:/Ruby192/lib/ruby/gems/1.9.1/gems/watir-webdriver-0.6.1/lib/watir-webdriver/browser.rb:66:in `goto'", "Test_18_Publisher_bids.rb:209:in `test_05_request_second_bid'", "C:/Ruby192/lib/ruby/1.9.1/minitest/unit.rb:695:in `run'", "C:/Ruby192/lib/ruby/1.9.1/minitest/unit.rb:656:in `block (2 levels) in run_test_suites'", "C:/Ruby192/lib/ruby/1.9.1/minitest/unit.rb:650:in `each'", "C:/Ruby192/lib/ruby/1.9.1/minitest/unit.rb:650:in `block in run_test_suites'", "C:/Ruby192/lib/ruby/1.9.1/minitest/unit.rb:649:in `each'", "C:/Ruby192/lib/ruby/1.9.1/minitest/unit.rb:649:in `run_test_suites'", "C:/Ruby192/lib/ruby/1.9.1/minitest/unit.rb:609:in `run'", "C:/Ruby192/lib/ruby/1.9.1/minitest/unit.rb:508:in `block in autorun'"]
.Logged it to Network site
unable to locate element, using {:href=>/bid_live_projects_email.php/, :tag_name=>"a"}
["C:/Ruby192/lib/ruby/gems/1.9.1/gems/watir-webdriver-0.6.1/lib/watir-webdriver/elements/element.rb:365:in `assert_exists'", "C:/Ruby192/lib/ruby/gems/1.9.1/gems/watir-webdriver-0.6.1/lib/watir-webdriver/elements/element.rb:95:in `click'", "Test_18_Publisher_bids.rb:265:in `test_06_respond_bid'", "C:/Ruby192/lib/ruby/1.9.1/minitest/unit.rb:695:in `run'", "C:/Ruby192/lib/ruby/1.9.1/minitest/unit.rb:656:in `block (2 levels) in run_test_suites'", "C:/Ruby192/lib/ruby/1.9.1/minitest/unit.rb:650:in `each'", "C:/Ruby192/lib/ruby/1.9.1/minitest/unit.rb:650:in `block in run_test_suites'", "C:/Ruby192/lib/ruby/1.9.1/minitest/unit.rb:649:in `each'", "C:/Ruby192/lib/ruby/1.9.1/minitest/unit.rb:649:in `run_test_suites'", "C:/Ruby192/lib/ruby/1.9.1/minitest/unit.rb:609:in `run'", "C:/Ruby192/lib/ruby/1.9.1/minitest/unit.rb:508:in `block in autorun'"]
.Started InternetExplorerDriver server (32-bit)
2.39.0.0
Listening on port 5555
Successful Login to Usampadmin
Modal dialog present
["C:/Ruby192/lib/ruby/gems/1.9.1/gems/selenium-webdriver-2.31.0/lib/selenium/webdriver/remote/response.rb:52:in `assert_ok'", "C:/Ruby192/lib/ruby/gems/1.9.1/gems/selenium-webdriver-2.31.0/lib/selenium/webdriver/remote/response.rb:15:in `initialize'", "C:/Ruby192/lib/ruby/gems/1.9.1/gems/selenium-webdriver-2.31.0/lib/selenium/webdriver/remote/http/common.rb:59:in `new'", "C:/Ruby192/lib/ruby/gems/1.9.1/gems/selenium-webdriver-2.31.0/lib/selenium/webdriver/remote/http/common.rb:59:in `create_response'", "C:/Ruby192/lib/ruby/gems/1.9.1/gems/selenium-webdriver-2.31.0/lib/selenium/webdriver/remote/http/default.rb:66:in `request'", "C:/Ruby192/lib/ruby/gems/1.9.1/gems/selenium-webdriver-2.31.0/lib/selenium/webdriver/remote/http/common.rb:40:in `call'", "C:/Ruby192/lib/ruby/gems/1.9.1/gems/selenium-webdriver-2.31.0/lib/selenium/webdriver/remote/bridge.rb:616:in `raw_execute'", "C:/Ruby192/lib/ruby/gems/1.9.1/gems/selenium-webdriver-2.31.0/lib/selenium/webdriver/remote/bridge.rb:594:in `execute'", "C:/Ruby192/lib/ruby/gems/1.9.1/gems/selenium-webdriver-2.31.0/lib/selenium/webdriver/remote/bridge.rb:156:in `getCurrentUrl'", "C:/Ruby192/lib/ruby/gems/1.9.1/gems/selenium-webdriver-2.31.0/lib/selenium/webdriver/common/driver.rb:120:in `current_url'", "C:/Ruby192/lib/ruby/gems/1.9.1/gems/watir-webdriver-0.6.1/lib/watir-webdriver/browser.rb:78:in `url'", "C:/Ruby192/lib/ruby/gems/1.9.1/gems/watir-webdriver-0.6.1/lib/watir-webdriver/browser.rb:66:in `goto'", "Test_18_Publisher_bids.rb:307:in `test_07_check_admin'", "C:/Ruby192/lib/ruby/1.9.1/minitest/unit.rb:695:in `run'", "C:/Ruby192/lib/ruby/1.9.1/minitest/unit.rb:656:in `block (2 levels) in run_test_suites'", "C:/Ruby192/lib/ruby/1.9.1/minitest/unit.rb:650:in `each'", "C:/Ruby192/lib/ruby/1.9.1/minitest/unit.rb:650:in `block in run_test_suites'", "C:/Ruby192/lib/ruby/1.9.1/minitest/unit.rb:649:in `each'", "C:/Ruby192/lib/ruby/1.9.1/minitest/unit.rb:649:in `run_test_suites'", "C:/Ruby192/lib/ruby/1.9.1/minitest/unit.rb:609:in `run'", "C:/Ruby192/lib/ruby/1.9.1/minitest/unit.rb:508:in `block in autorun'"]
.
Finished in 189.646693 seconds.

  1) Error:
test_02_request_bid(Test_18_Publisher_bid):
NoMethodError: undefined method `close' for nil:NilClass
    Test_18_Publisher_bids.rb:108:in `rescue in test_02_request_bid'
    Test_18_Publisher_bids.rb:40:in `test_02_request_bid'

7 tests, 0 assertions, 0 failures, 1 errors, 0 skips

Test run options: --seed 40542
Loaded suite Test_19_Virtual_currency_reflection
Started
.Started InternetExplorerDriver server (32-bit)
2.39.0.0
Listening on port 5555
Successful Login to Usampadmin
Element is not currently visible and so may not be interacted with
["[remote server] file:///C:/DOCUME~1/ADMINI~1/LOCALS~1/Temp/2/webdriver-rb-profilecopy20140303-2844-11y6ael/extensions/fxdriver@googlecode.com/components/command_processor.js:7567:in `unknown'", "[remote server] file:///C:/DOCUME~1/ADMINI~1/LOCALS~1/Temp/2/webdriver-rb-profilecopy20140303-2844-11y6ael/extensions/fxdriver@googlecode.com/components/command_processor.js:10256:in `unknown'", "[remote server] file:///C:/DOCUME~1/ADMINI~1/LOCALS~1/Temp/2/webdriver-rb-profilecopy20140303-2844-11y6ael/extensions/fxdriver@googlecode.com/components/command_processor.js:10275:in `unknown'", "[remote server] file:///C:/DOCUME~1/ADMINI~1/LOCALS~1/Temp/2/webdriver-rb-profilecopy20140303-2844-11y6ael/extensions/fxdriver@googlecode.com/components/command_processor.js:10280:in `unknown'", "[remote server] file:///C:/DOCUME~1/ADMINI~1/LOCALS~1/Temp/2/webdriver-rb-profilecopy20140303-2844-11y6ael/extensions/fxdriver@googlecode.com/components/command_processor.js:10220:in `unknown'", "C:/Ruby192/lib/ruby/gems/1.9.1/gems/selenium-webdriver-2.31.0/lib/selenium/webdriver/remote/response.rb:52:in `assert_ok'", "C:/Ruby192/lib/ruby/gems/1.9.1/gems/selenium-webdriver-2.31.0/lib/selenium/webdriver/remote/response.rb:15:in `initialize'", "C:/Ruby192/lib/ruby/gems/1.9.1/gems/selenium-webdriver-2.31.0/lib/selenium/webdriver/remote/http/common.rb:59:in `new'", "C:/Ruby192/lib/ruby/gems/1.9.1/gems/selenium-webdriver-2.31.0/lib/selenium/webdriver/remote/http/common.rb:59:in `create_response'", "C:/Ruby192/lib/ruby/gems/1.9.1/gems/selenium-webdriver-2.31.0/lib/selenium/webdriver/remote/http/default.rb:66:in `request'", "C:/Ruby192/lib/ruby/gems/1.9.1/gems/selenium-webdriver-2.31.0/lib/selenium/webdriver/remote/http/common.rb:40:in `call'", "C:/Ruby192/lib/ruby/gems/1.9.1/gems/selenium-webdriver-2.31.0/lib/selenium/webdriver/remote/bridge.rb:616:in `raw_execute'", "C:/Ruby192/lib/ruby/gems/1.9.1/gems/selenium-webdriver-2.31.0/lib/selenium/webdriver/remote/bridge.rb:594:in `execute'", "C:/Ruby192/lib/ruby/gems/1.9.1/gems/selenium-webdriver-2.31.0/lib/selenium/webdriver/remote/bridge.rb:413:in `clearElement'", "C:/Ruby192/lib/ruby/gems/1.9.1/gems/selenium-webdriver-2.31.0/lib/selenium/webdriver/common/element.rb:141:in `clear'", "C:/Ruby192/lib/ruby/gems/1.9.1/gems/watir-webdriver-0.6.1/lib/watir-webdriver/user_editable.rb:11:in `set'", "D:/IMPROVED_CODE_AAMIR/Usamp_lib.rb:164:in `Focusline_login'", "Test_19_Virtual_currency_reflection.rb:53:in `test_02_virt_currency_V1'", "C:/Ruby192/lib/ruby/1.9.1/minitest/unit.rb:695:in `run'", "C:/Ruby192/lib/ruby/1.9.1/minitest/unit.rb:656:in `block (2 levels) in run_test_suites'", "C:/Ruby192/lib/ruby/1.9.1/minitest/unit.rb:650:in `each'", "C:/Ruby192/lib/ruby/1.9.1/minitest/unit.rb:650:in `block in run_test_suites'", "C:/Ruby192/lib/ruby/1.9.1/minitest/unit.rb:649:in `each'", "C:/Ruby192/lib/ruby/1.9.1/minitest/unit.rb:649:in `run_test_suites'", "C:/Ruby192/lib/ruby/1.9.1/minitest/unit.rb:609:in `run'", "C:/Ruby192/lib/ruby/1.9.1/minitest/unit.rb:508:in `block in autorun'"]
EStarted InternetExplorerDriver server (32-bit)
2.39.0.0
Listening on port 5556
Successful Login to Usampadmin
Element is not currently visible and so may not be interacted with
["[remote server] file:///C:/DOCUME~1/ADMINI~1/LOCALS~1/Temp/2/webdriver-rb-profilecopy20140303-2844-1hkvstj/extensions/fxdriver@googlecode.com/components/command_processor.js:7567:in `unknown'", "[remote server] file:///C:/DOCUME~1/ADMINI~1/LOCALS~1/Temp/2/webdriver-rb-profilecopy20140303-2844-1hkvstj/extensions/fxdriver@googlecode.com/components/command_processor.js:10256:in `unknown'", "[remote server] file:///C:/DOCUME~1/ADMINI~1/LOCALS~1/Temp/2/webdriver-rb-profilecopy20140303-2844-1hkvstj/extensions/fxdriver@googlecode.com/components/command_processor.js:10275:in `unknown'", "[remote server] file:///C:/DOCUME~1/ADMINI~1/LOCALS~1/Temp/2/webdriver-rb-profilecopy20140303-2844-1hkvstj/extensions/fxdriver@googlecode.com/components/command_processor.js:10280:in `unknown'", "[remote server] file:///C:/DOCUME~1/ADMINI~1/LOCALS~1/Temp/2/webdriver-rb-profilecopy20140303-2844-1hkvstj/extensions/fxdriver@googlecode.com/components/command_processor.js:10220:in `unknown'", "C:/Ruby192/lib/ruby/gems/1.9.1/gems/selenium-webdriver-2.31.0/lib/selenium/webdriver/remote/response.rb:52:in `assert_ok'", "C:/Ruby192/lib/ruby/gems/1.9.1/gems/selenium-webdriver-2.31.0/lib/selenium/webdriver/remote/response.rb:15:in `initialize'", "C:/Ruby192/lib/ruby/gems/1.9.1/gems/selenium-webdriver-2.31.0/lib/selenium/webdriver/remote/http/common.rb:59:in `new'", "C:/Ruby192/lib/ruby/gems/1.9.1/gems/selenium-webdriver-2.31.0/lib/selenium/webdriver/remote/http/common.rb:59:in `create_response'", "C:/Ruby192/lib/ruby/gems/1.9.1/gems/selenium-webdriver-2.31.0/lib/selenium/webdriver/remote/http/default.rb:66:in `request'", "C:/Ruby192/lib/ruby/gems/1.9.1/gems/selenium-webdriver-2.31.0/lib/selenium/webdriver/remote/http/common.rb:40:in `call'", "C:/Ruby192/lib/ruby/gems/1.9.1/gems/selenium-webdriver-2.31.0/lib/selenium/webdriver/remote/bridge.rb:616:in `raw_execute'", "C:/Ruby192/lib/ruby/gems/1.9.1/gems/selenium-webdriver-2.31.0/lib/selenium/webdriver/remote/bridge.rb:594:in `execute'", "C:/Ruby192/lib/ruby/gems/1.9.1/gems/selenium-webdriver-2.31.0/lib/selenium/webdriver/remote/bridge.rb:413:in `clearElement'", "C:/Ruby192/lib/ruby/gems/1.9.1/gems/selenium-webdriver-2.31.0/lib/selenium/webdriver/common/element.rb:141:in `clear'", "C:/Ruby192/lib/ruby/gems/1.9.1/gems/watir-webdriver-0.6.1/lib/watir-webdriver/user_editable.rb:11:in `set'", "D:/IMPROVED_CODE_AAMIR/Usamp_lib.rb:164:in `Focusline_login'", "Test_19_Virtual_currency_reflection.rb:106:in `test_03_virt_currency_V2'", "C:/Ruby192/lib/ruby/1.9.1/minitest/unit.rb:695:in `run'", "C:/Ruby192/lib/ruby/1.9.1/minitest/unit.rb:656:in `block (2 levels) in run_test_suites'", "C:/Ruby192/lib/ruby/1.9.1/minitest/unit.rb:650:in `each'", "C:/Ruby192/lib/ruby/1.9.1/minitest/unit.rb:650:in `block in run_test_suites'", "C:/Ruby192/lib/ruby/1.9.1/minitest/unit.rb:649:in `each'", "C:/Ruby192/lib/ruby/1.9.1/minitest/unit.rb:649:in `run_test_suites'", "C:/Ruby192/lib/ruby/1.9.1/minitest/unit.rb:609:in `run'", "C:/Ruby192/lib/ruby/1.9.1/minitest/unit.rb:508:in `block in autorun'"]
EStarted InternetExplorerDriver server (32-bit)
2.39.0.0
Listening on port 5557
Successful Login to Usampadmin
.
Finished in 155.833111 seconds.

  1) Error:
test_02_virt_currency_V1(Test_19_Virtual_currency_reflection):
NoMethodError: undefined method `close' for nil:NilClass
    Test_19_Virtual_currency_reflection.rb:81:in `rescue in test_02_virt_currency_V1'
    Test_19_Virtual_currency_reflection.rb:38:in `test_02_virt_currency_V1'

  2) Error:
test_03_virt_currency_V2(Test_19_Virtual_currency_reflection):
NoMethodError: undefined method `close' for nil:NilClass
    Test_19_Virtual_currency_reflection.rb:132:in `rescue in test_03_virt_currency_V2'
    Test_19_Virtual_currency_reflection.rb:93:in `test_03_virt_currency_V2'

4 tests, 0 assertions, 0 failures, 2 errors, 0 skips

Test run options: --seed 15992
Loaded suite Test_20_Custom_reward
Started
.Started InternetExplorerDriver server (32-bit)
2.39.0.0
Listening on port 5555
Successful Login to Usampadmin
Element is not currently visible and so may not be interacted with
["[remote server] file:///C:/DOCUME~1/ADMINI~1/LOCALS~1/Temp/2/webdriver-rb-profilecopy20140303-3472-xrztb1/extensions/fxdriver@googlecode.com/components/command_processor.js:7567:in `unknown'", "[remote server] file:///C:/DOCUME~1/ADMINI~1/LOCALS~1/Temp/2/webdriver-rb-profilecopy20140303-3472-xrztb1/extensions/fxdriver@googlecode.com/components/command_processor.js:10256:in `unknown'", "[remote server] file:///C:/DOCUME~1/ADMINI~1/LOCALS~1/Temp/2/webdriver-rb-profilecopy20140303-3472-xrztb1/extensions/fxdriver@googlecode.com/components/command_processor.js:10275:in `unknown'", "[remote server] file:///C:/DOCUME~1/ADMINI~1/LOCALS~1/Temp/2/webdriver-rb-profilecopy20140303-3472-xrztb1/extensions/fxdriver@googlecode.com/components/command_processor.js:10280:in `unknown'", "[remote server] file:///C:/DOCUME~1/ADMINI~1/LOCALS~1/Temp/2/webdriver-rb-profilecopy20140303-3472-xrztb1/extensions/fxdriver@googlecode.com/components/command_processor.js:10220:in `unknown'", "C:/Ruby192/lib/ruby/gems/1.9.1/gems/selenium-webdriver-2.31.0/lib/selenium/webdriver/remote/response.rb:52:in `assert_ok'", "C:/Ruby192/lib/ruby/gems/1.9.1/gems/selenium-webdriver-2.31.0/lib/selenium/webdriver/remote/response.rb:15:in `initialize'", "C:/Ruby192/lib/ruby/gems/1.9.1/gems/selenium-webdriver-2.31.0/lib/selenium/webdriver/remote/http/common.rb:59:in `new'", "C:/Ruby192/lib/ruby/gems/1.9.1/gems/selenium-webdriver-2.31.0/lib/selenium/webdriver/remote/http/common.rb:59:in `create_response'", "C:/Ruby192/lib/ruby/gems/1.9.1/gems/selenium-webdriver-2.31.0/lib/selenium/webdriver/remote/http/default.rb:66:in `request'", "C:/Ruby192/lib/ruby/gems/1.9.1/gems/selenium-webdriver-2.31.0/lib/selenium/webdriver/remote/http/common.rb:40:in `call'", "C:/Ruby192/lib/ruby/gems/1.9.1/gems/selenium-webdriver-2.31.0/lib/selenium/webdriver/remote/bridge.rb:616:in `raw_execute'", "C:/Ruby192/lib/ruby/gems/1.9.1/gems/selenium-webdriver-2.31.0/lib/selenium/webdriver/remote/bridge.rb:594:in `execute'", "C:/Ruby192/lib/ruby/gems/1.9.1/gems/selenium-webdriver-2.31.0/lib/selenium/webdriver/remote/bridge.rb:413:in `clearElement'", "C:/Ruby192/lib/ruby/gems/1.9.1/gems/selenium-webdriver-2.31.0/lib/selenium/webdriver/common/element.rb:141:in `clear'", "C:/Ruby192/lib/ruby/gems/1.9.1/gems/watir-webdriver-0.6.1/lib/watir-webdriver/user_editable.rb:11:in `set'", "D:/IMPROVED_CODE_AAMIR/Usamp_lib.rb:164:in `Focusline_login'", "Test_20_Custom_reward.rb:52:in `test_02_custom_reward'", "C:/Ruby192/lib/ruby/1.9.1/minitest/unit.rb:695:in `run'", "C:/Ruby192/lib/ruby/1.9.1/minitest/unit.rb:656:in `block (2 levels) in run_test_suites'", "C:/Ruby192/lib/ruby/1.9.1/minitest/unit.rb:650:in `each'", "C:/Ruby192/lib/ruby/1.9.1/minitest/unit.rb:650:in `block in run_test_suites'", "C:/Ruby192/lib/ruby/1.9.1/minitest/unit.rb:649:in `each'", "C:/Ruby192/lib/ruby/1.9.1/minitest/unit.rb:649:in `run_test_suites'", "C:/Ruby192/lib/ruby/1.9.1/minitest/unit.rb:609:in `run'", "C:/Ruby192/lib/ruby/1.9.1/minitest/unit.rb:508:in `block in autorun'"]
E
Finished in 71.674168 seconds.

  1) Error:
test_02_custom_reward(Test_20_Custom_reward):
TypeError: can't convert nil into String
    Test_20_Custom_reward.rb:87:in `+'
    Test_20_Custom_reward.rb:87:in `rescue in test_02_custom_reward'
    Test_20_Custom_reward.rb:38:in `test_02_custom_reward'

2 tests, 0 assertions, 0 failures, 1 errors, 0 skips

Test run options: --seed 60334
Loaded suite Test_21_Registration_management
Started
.PASS
"Dikhil" not found in select list
["C:/Ruby192/lib/ruby/gems/1.9.1/gems/watir-webdriver-0.6.1/lib/watir-webdriver/elements/select.rb:216:in `no_value_found'", "C:/Ruby192/lib/ruby/gems/1.9.1/gems/watir-webdriver-0.6.1/lib/watir-webdriver/elements/select.rb:150:in `rescue in select_by_string'", "C:/Ruby192/lib/ruby/gems/1.9.1/gems/watir-webdriver-0.6.1/lib/watir-webdriver/elements/select.rb:147:in `select_by_string'", "C:/Ruby192/lib/ruby/gems/1.9.1/gems/watir-webdriver-0.6.1/lib/watir-webdriver/elements/select.rb:129:in `select_by'", "C:/Ruby192/lib/ruby/gems/1.9.1/gems/watir-webdriver-0.6.1/lib/watir-webdriver/elements/select.rb:64:in `select'", "Test_21_Registration_management.rb:80:in `test_02_signup_with_normal_settings'", "C:/Ruby192/lib/ruby/1.9.1/minitest/unit.rb:695:in `run'", "C:/Ruby192/lib/ruby/1.9.1/minitest/unit.rb:656:in `block (2 levels) in run_test_suites'", "C:/Ruby192/lib/ruby/1.9.1/minitest/unit.rb:650:in `each'", "C:/Ruby192/lib/ruby/1.9.1/minitest/unit.rb:650:in `block in run_test_suites'", "C:/Ruby192/lib/ruby/1.9.1/minitest/unit.rb:649:in `each'", "C:/Ruby192/lib/ruby/1.9.1/minitest/unit.rb:649:in `run_test_suites'", "C:/Ruby192/lib/ruby/1.9.1/minitest/unit.rb:609:in `run'", "C:/Ruby192/lib/ruby/1.9.1/minitest/unit.rb:508:in `block in autorun'"]
.Started InternetExplorerDriver server (32-bit)
2.39.0.0
Listening on port 5555
Successful Login to Usampadmin
PASS
.PASS
"Dikhil" not found in select list
["C:/Ruby192/lib/ruby/gems/1.9.1/gems/watir-webdriver-0.6.1/lib/watir-webdriver/elements/select.rb:216:in `no_value_found'", "C:/Ruby192/lib/ruby/gems/1.9.1/gems/watir-webdriver-0.6.1/lib/watir-webdriver/elements/select.rb:150:in `rescue in select_by_string'", "C:/Ruby192/lib/ruby/gems/1.9.1/gems/watir-webdriver-0.6.1/lib/watir-webdriver/elements/select.rb:147:in `select_by_string'", "C:/Ruby192/lib/ruby/gems/1.9.1/gems/watir-webdriver-0.6.1/lib/watir-webdriver/elements/select.rb:129:in `select_by'", "C:/Ruby192/lib/ruby/gems/1.9.1/gems/watir-webdriver-0.6.1/lib/watir-webdriver/elements/select.rb:64:in `select'", "Test_21_Registration_management.rb:229:in `test_04_check_registration_after_new_settings'", "C:/Ruby192/lib/ruby/1.9.1/minitest/unit.rb:695:in `run'", "C:/Ruby192/lib/ruby/1.9.1/minitest/unit.rb:656:in `block (2 levels) in run_test_suites'", "C:/Ruby192/lib/ruby/1.9.1/minitest/unit.rb:650:in `each'", "C:/Ruby192/lib/ruby/1.9.1/minitest/unit.rb:650:in `block in run_test_suites'", "C:/Ruby192/lib/ruby/1.9.1/minitest/unit.rb:649:in `each'", "C:/Ruby192/lib/ruby/1.9.1/minitest/unit.rb:649:in `run_test_suites'", "C:/Ruby192/lib/ruby/1.9.1/minitest/unit.rb:609:in `run'", "C:/Ruby192/lib/ruby/1.9.1/minitest/unit.rb:508:in `block in autorun'"]
.Started InternetExplorerDriver server (32-bit)
2.39.0.0
Listening on port 5555
Successful Login to Usampadmin
PASS
.
Finished in 169.708556 seconds.

5 tests, 0 assertions, 0 failures, 0 errors, 0 skips

Test run options: --seed 14762
Loaded suite Test_22_Profile_redirection_on_signup
Started
.Successful Login to Usampadmin
Element is not currently visible and so may not be interacted with
["[remote server] file:///C:/DOCUME~1/ADMINI~1/LOCALS~1/Temp/2/webdriver-rb-profilecopy20140303-3852-euc542/extensions/fxdriver@googlecode.com/components/command_processor.js:7567:in `unknown'", "[remote server] file:///C:/DOCUME~1/ADMINI~1/LOCALS~1/Temp/2/webdriver-rb-profilecopy20140303-3852-euc542/extensions/fxdriver@googlecode.com/components/command_processor.js:10256:in `unknown'", "[remote server] file:///C:/DOCUME~1/ADMINI~1/LOCALS~1/Temp/2/webdriver-rb-profilecopy20140303-3852-euc542/extensions/fxdriver@googlecode.com/components/command_processor.js:10275:in `unknown'", "[remote server] file:///C:/DOCUME~1/ADMINI~1/LOCALS~1/Temp/2/webdriver-rb-profilecopy20140303-3852-euc542/extensions/fxdriver@googlecode.com/components/command_processor.js:10280:in `unknown'", "[remote server] file:///C:/DOCUME~1/ADMINI~1/LOCALS~1/Temp/2/webdriver-rb-profilecopy20140303-3852-euc542/extensions/fxdriver@googlecode.com/components/command_processor.js:10220:in `unknown'", "C:/Ruby192/lib/ruby/gems/1.9.1/gems/selenium-webdriver-2.31.0/lib/selenium/webdriver/remote/response.rb:52:in `assert_ok'", "C:/Ruby192/lib/ruby/gems/1.9.1/gems/selenium-webdriver-2.31.0/lib/selenium/webdriver/remote/response.rb:15:in `initialize'", "C:/Ruby192/lib/ruby/gems/1.9.1/gems/selenium-webdriver-2.31.0/lib/selenium/webdriver/remote/http/common.rb:59:in `new'", "C:/Ruby192/lib/ruby/gems/1.9.1/gems/selenium-webdriver-2.31.0/lib/selenium/webdriver/remote/http/common.rb:59:in `create_response'", "C:/Ruby192/lib/ruby/gems/1.9.1/gems/selenium-webdriver-2.31.0/lib/selenium/webdriver/remote/http/default.rb:66:in `request'", "C:/Ruby192/lib/ruby/gems/1.9.1/gems/selenium-webdriver-2.31.0/lib/selenium/webdriver/remote/http/common.rb:40:in `call'", "C:/Ruby192/lib/ruby/gems/1.9.1/gems/selenium-webdriver-2.31.0/lib/selenium/webdriver/remote/bridge.rb:616:in `raw_execute'", "C:/Ruby192/lib/ruby/gems/1.9.1/gems/selenium-webdriver-2.31.0/lib/selenium/webdriver/remote/bridge.rb:594:in `execute'", "C:/Ruby192/lib/ruby/gems/1.9.1/gems/selenium-webdriver-2.31.0/lib/selenium/webdriver/remote/bridge.rb:413:in `clearElement'", "C:/Ruby192/lib/ruby/gems/1.9.1/gems/selenium-webdriver-2.31.0/lib/selenium/webdriver/common/element.rb:141:in `clear'", "C:/Ruby192/lib/ruby/gems/1.9.1/gems/watir-webdriver-0.6.1/lib/watir-webdriver/user_editable.rb:11:in `set'", "Test_22_Profile_redirection_on_signup.rb:96:in `test_02_prof_redirection'", "C:/Ruby192/lib/ruby/1.9.1/minitest/unit.rb:695:in `run'", "C:/Ruby192/lib/ruby/1.9.1/minitest/unit.rb:656:in `block (2 levels) in run_test_suites'", "C:/Ruby192/lib/ruby/1.9.1/minitest/unit.rb:650:in `each'", "C:/Ruby192/lib/ruby/1.9.1/minitest/unit.rb:650:in `block in run_test_suites'", "C:/Ruby192/lib/ruby/1.9.1/minitest/unit.rb:649:in `each'", "C:/Ruby192/lib/ruby/1.9.1/minitest/unit.rb:649:in `run_test_suites'", "C:/Ruby192/lib/ruby/1.9.1/minitest/unit.rb:609:in `run'", "C:/Ruby192/lib/ruby/1.9.1/minitest/unit.rb:508:in `block in autorun'"]
.Started InternetExplorerDriver server (32-bit)
2.39.0.0
Listening on port 5555
Successful Login to Usampadmin
Element is not currently visible and so may not be interacted with
["[remote server] file:///C:/DOCUME~1/ADMINI~1/LOCALS~1/Temp/2/webdriver-rb-profilecopy20140303-3852-1mybeaq/extensions/fxdriver@googlecode.com/components/command_processor.js:7567:in `unknown'", "[remote server] file:///C:/DOCUME~1/ADMINI~1/LOCALS~1/Temp/2/webdriver-rb-profilecopy20140303-3852-1mybeaq/extensions/fxdriver@googlecode.com/components/command_processor.js:10256:in `unknown'", "[remote server] file:///C:/DOCUME~1/ADMINI~1/LOCALS~1/Temp/2/webdriver-rb-profilecopy20140303-3852-1mybeaq/extensions/fxdriver@googlecode.com/components/command_processor.js:10275:in `unknown'", "[remote server] file:///C:/DOCUME~1/ADMINI~1/LOCALS~1/Temp/2/webdriver-rb-profilecopy20140303-3852-1mybeaq/extensions/fxdriver@googlecode.com/components/command_processor.js:10280:in `unknown'", "[remote server] file:///C:/DOCUME~1/ADMINI~1/LOCALS~1/Temp/2/webdriver-rb-profilecopy20140303-3852-1mybeaq/extensions/fxdriver@googlecode.com/components/command_processor.js:10220:in `unknown'", "C:/Ruby192/lib/ruby/gems/1.9.1/gems/selenium-webdriver-2.31.0/lib/selenium/webdriver/remote/response.rb:52:in `assert_ok'", "C:/Ruby192/lib/ruby/gems/1.9.1/gems/selenium-webdriver-2.31.0/lib/selenium/webdriver/remote/response.rb:15:in `initialize'", "C:/Ruby192/lib/ruby/gems/1.9.1/gems/selenium-webdriver-2.31.0/lib/selenium/webdriver/remote/http/common.rb:59:in `new'", "C:/Ruby192/lib/ruby/gems/1.9.1/gems/selenium-webdriver-2.31.0/lib/selenium/webdriver/remote/http/common.rb:59:in `create_response'", "C:/Ruby192/lib/ruby/gems/1.9.1/gems/selenium-webdriver-2.31.0/lib/selenium/webdriver/remote/http/default.rb:66:in `request'", "C:/Ruby192/lib/ruby/gems/1.9.1/gems/selenium-webdriver-2.31.0/lib/selenium/webdriver/remote/http/common.rb:40:in `call'", "C:/Ruby192/lib/ruby/gems/1.9.1/gems/selenium-webdriver-2.31.0/lib/selenium/webdriver/remote/bridge.rb:616:in `raw_execute'", "C:/Ruby192/lib/ruby/gems/1.9.1/gems/selenium-webdriver-2.31.0/lib/selenium/webdriver/remote/bridge.rb:594:in `execute'", "C:/Ruby192/lib/ruby/gems/1.9.1/gems/selenium-webdriver-2.31.0/lib/selenium/webdriver/remote/bridge.rb:413:in `clearElement'", "C:/Ruby192/lib/ruby/gems/1.9.1/gems/selenium-webdriver-2.31.0/lib/selenium/webdriver/common/element.rb:141:in `clear'", "C:/Ruby192/lib/ruby/gems/1.9.1/gems/watir-webdriver-0.6.1/lib/watir-webdriver/user_editable.rb:11:in `set'", "Test_22_Profile_redirection_on_signup.rb:197:in `test_03_dashboard_redirection'", "C:/Ruby192/lib/ruby/1.9.1/minitest/unit.rb:695:in `run'", "C:/Ruby192/lib/ruby/1.9.1/minitest/unit.rb:656:in `block (2 levels) in run_test_suites'", "C:/Ruby192/lib/ruby/1.9.1/minitest/unit.rb:650:in `each'", "C:/Ruby192/lib/ruby/1.9.1/minitest/unit.rb:650:in `block in run_test_suites'", "C:/Ruby192/lib/ruby/1.9.1/minitest/unit.rb:649:in `each'", "C:/Ruby192/lib/ruby/1.9.1/minitest/unit.rb:649:in `run_test_suites'", "C:/Ruby192/lib/ruby/1.9.1/minitest/unit.rb:609:in `run'", "C:/Ruby192/lib/ruby/1.9.1/minitest/unit.rb:508:in `block in autorun'"]
.
Finished in 182.208955 seconds.

3 tests, 0 assertions, 0 failures, 0 errors, 0 skips

Test run options: --seed 19829
Loaded suite Test_23_Request_cash_out
Started
.GIFT_CERT_2014-02-25 21:23:40
Successful Login to ipoll site
unable to locate element, using {:name=>"btnCashOut", :tag_name=>"button"}
["C:/Ruby192/lib/ruby/gems/1.9.1/gems/watir-webdriver-0.6.1/lib/watir-webdriver/elements/element.rb:365:in `assert_exists'", "C:/Ruby192/lib/ruby/gems/1.9.1/gems/watir-webdriver-0.6.1/lib/watir-webdriver/elements/element.rb:95:in `click'", "Test_23_Request_cash_out.rb:63:in `test_02_request_gift_cert'", "C:/Ruby192/lib/ruby/1.9.1/minitest/unit.rb:695:in `run'", "C:/Ruby192/lib/ruby/1.9.1/minitest/unit.rb:656:in `block (2 levels) in run_test_suites'", "C:/Ruby192/lib/ruby/1.9.1/minitest/unit.rb:650:in `each'", "C:/Ruby192/lib/ruby/1.9.1/minitest/unit.rb:650:in `block in run_test_suites'", "C:/Ruby192/lib/ruby/1.9.1/minitest/unit.rb:649:in `each'", "C:/Ruby192/lib/ruby/1.9.1/minitest/unit.rb:649:in `run_test_suites'", "C:/Ruby192/lib/ruby/1.9.1/minitest/unit.rb:609:in `run'", "C:/Ruby192/lib/ruby/1.9.1/minitest/unit.rb:508:in `block in autorun'"]
EDonation_2014-02-25 21:22:46
Successful Login to ipoll site
Pass
.Donation_2014-02-25 21:22:46
GIFT_CERT_2014-02-25 21:23:40
Successful Login to ipoll site
.GIFT_CERT_2014-02-25 21:23:40
Successful Login to ipoll site
unable to locate element, using {:id=>"btnCashOut", :tag_name=>"button"}
["C:/Ruby192/lib/ruby/gems/1.9.1/gems/watir-webdriver-0.6.1/lib/watir-webdriver/elements/element.rb:365:in `assert_exists'", "C:/Ruby192/lib/ruby/gems/1.9.1/gems/watir-webdriver-0.6.1/lib/watir-webdriver/elements/element.rb:95:in `click'", "Test_23_Request_cash_out.rb:245:in `test_05_request_gift_cert_for_rejection_later'", "C:/Ruby192/lib/ruby/1.9.1/minitest/unit.rb:695:in `run'", "C:/Ruby192/lib/ruby/1.9.1/minitest/unit.rb:656:in `block (2 levels) in run_test_suites'", "C:/Ruby192/lib/ruby/1.9.1/minitest/unit.rb:650:in `each'", "C:/Ruby192/lib/ruby/1.9.1/minitest/unit.rb:650:in `block in run_test_suites'", "C:/Ruby192/lib/ruby/1.9.1/minitest/unit.rb:649:in `each'", "C:/Ruby192/lib/ruby/1.9.1/minitest/unit.rb:649:in `run_test_suites'", "C:/Ruby192/lib/ruby/1.9.1/minitest/unit.rb:609:in `run'", "C:/Ruby192/lib/ruby/1.9.1/minitest/unit.rb:508:in `block in autorun'"]
.Donation_2014-02-25 21:22:46
Successful Login to ipoll site
unable to locate element, using {:id=>"btnCashOut", :tag_name=>"button"}
["C:/Ruby192/lib/ruby/gems/1.9.1/gems/watir-webdriver-0.6.1/lib/watir-webdriver/elements/element.rb:365:in `assert_exists'", "C:/Ruby192/lib/ruby/gems/1.9.1/gems/watir-webdriver-0.6.1/lib/watir-webdriver/elements/element.rb:95:in `click'", "Test_23_Request_cash_out.rb:287:in `test_06_request_donation_for_rejection_later'", "C:/Ruby192/lib/ruby/1.9.1/minitest/unit.rb:695:in `run'", "C:/Ruby192/lib/ruby/1.9.1/minitest/unit.rb:656:in `block (2 levels) in run_test_suites'", "C:/Ruby192/lib/ruby/1.9.1/minitest/unit.rb:650:in `each'", "C:/Ruby192/lib/ruby/1.9.1/minitest/unit.rb:650:in `block in run_test_suites'", "C:/Ruby192/lib/ruby/1.9.1/minitest/unit.rb:649:in `each'", "C:/Ruby192/lib/ruby/1.9.1/minitest/unit.rb:649:in `run_test_suites'", "C:/Ruby192/lib/ruby/1.9.1/minitest/unit.rb:609:in `run'", "C:/Ruby192/lib/ruby/1.9.1/minitest/unit.rb:508:in `block in autorun'"]
.
Finished in 480.484125 seconds.

  1) Error:
test_02_request_gift_cert(Test_23_Request_cash_out):
TypeError: can't convert nil into String
    Test_23_Request_cash_out.rb:83:in `+'
    Test_23_Request_cash_out.rb:83:in `rescue in test_02_request_gift_cert'
    Test_23_Request_cash_out.rb:44:in `test_02_request_gift_cert'

6 tests, 0 assertions, 0 failures, 1 errors, 0 skips

Test run options: --seed 43612
Loaded suite Test_24_Survey_redirection
Started
.Started InternetExplorerDriver server (32-bit)
2.39.0.0
Listening on port 5555
Successful Login to Usampadmin
25766
118381
Element is no longer valid
["C:/Ruby192/lib/ruby/gems/1.9.1/gems/selenium-webdriver-2.31.0/lib/selenium/webdriver/remote/response.rb:52:in `assert_ok'", "C:/Ruby192/lib/ruby/gems/1.9.1/gems/selenium-webdriver-2.31.0/lib/selenium/webdriver/remote/response.rb:15:in `initialize'", "C:/Ruby192/lib/ruby/gems/1.9.1/gems/selenium-webdriver-2.31.0/lib/selenium/webdriver/remote/http/common.rb:59:in `new'", "C:/Ruby192/lib/ruby/gems/1.9.1/gems/selenium-webdriver-2.31.0/lib/selenium/webdriver/remote/http/common.rb:59:in `create_response'", "C:/Ruby192/lib/ruby/gems/1.9.1/gems/selenium-webdriver-2.31.0/lib/selenium/webdriver/remote/http/default.rb:66:in `request'", "C:/Ruby192/lib/ruby/gems/1.9.1/gems/selenium-webdriver-2.31.0/lib/selenium/webdriver/remote/http/common.rb:40:in `call'", "C:/Ruby192/lib/ruby/gems/1.9.1/gems/selenium-webdriver-2.31.0/lib/selenium/webdriver/remote/bridge.rb:616:in `raw_execute'", "C:/Ruby192/lib/ruby/gems/1.9.1/gems/selenium-webdriver-2.31.0/lib/selenium/webdriver/remote/bridge.rb:594:in `execute'", "C:/Ruby192/lib/ruby/gems/1.9.1/gems/selenium-webdriver-2.31.0/lib/selenium/webdriver/remote/bridge.rb:493:in `getElementTagName'", "C:/Ruby192/lib/ruby/gems/1.9.1/gems/selenium-webdriver-2.31.0/lib/selenium/webdriver/common/element.rb:68:in `tag_name'", "C:/Ruby192/lib/ruby/gems/1.9.1/gems/watir-webdriver-0.6.1/lib/watir-webdriver/locators/element_locator.rb:379:in `validate_element'", "C:/Ruby192/lib/ruby/gems/1.9.1/gems/watir-webdriver-0.6.1/lib/watir-webdriver/locators/element_locator.rb:37:in `locate'", "C:/Ruby192/lib/ruby/gems/1.9.1/gems/watir-webdriver-0.6.1/lib/watir-webdriver/elements/element.rb:384:in `locate'", "C:/Ruby192/lib/ruby/gems/1.9.1/gems/watir-webdriver-0.6.1/lib/watir-webdriver/elements/element.rb:362:in `assert_exists'", "C:/Ruby192/lib/ruby/gems/1.9.1/gems/watir-webdriver-0.6.1/lib/watir-webdriver/elements/element.rb:95:in `click'", "Test_24_Survey_redirection.rb:89:in `test_02_std_red_set'", "C:/Ruby192/lib/ruby/1.9.1/minitest/unit.rb:695:in `run'", "C:/Ruby192/lib/ruby/1.9.1/minitest/unit.rb:656:in `block (2 levels) in run_test_suites'", "C:/Ruby192/lib/ruby/1.9.1/minitest/unit.rb:650:in `each'", "C:/Ruby192/lib/ruby/1.9.1/minitest/unit.rb:650:in `block in run_test_suites'", "C:/Ruby192/lib/ruby/1.9.1/minitest/unit.rb:649:in `each'", "C:/Ruby192/lib/ruby/1.9.1/minitest/unit.rb:649:in `run_test_suites'", "C:/Ruby192/lib/ruby/1.9.1/minitest/unit.rb:609:in `run'", "C:/Ruby192/lib/ruby/1.9.1/minitest/unit.rb:508:in `block in autorun'"]
.Started InternetExplorerDriver server (32-bit)
2.39.0.0
Listening on port 5556
Timeout::Error
["C:/Ruby192/lib/ruby/1.9.1/net/protocol.rb:140:in `rescue in rbuf_fill'", "C:/Ruby192/lib/ruby/1.9.1/net/protocol.rb:134:in `rbuf_fill'", "C:/Ruby192/lib/ruby/1.9.1/net/protocol.rb:116:in `readuntil'", "C:/Ruby192/lib/ruby/1.9.1/net/protocol.rb:126:in `readline'", "C:/Ruby192/lib/ruby/1.9.1/net/http.rb:2219:in `read_status_line'", "C:/Ruby192/lib/ruby/1.9.1/net/http.rb:2208:in `read_new'", "C:/Ruby192/lib/ruby/1.9.1/net/http.rb:1191:in `transport_request'", "C:/Ruby192/lib/ruby/1.9.1/net/http.rb:1177:in `request'", "C:/Ruby192/lib/ruby/1.9.1/net/http.rb:1170:in `block in request'", "C:/Ruby192/lib/ruby/1.9.1/net/http.rb:627:in `start'", "C:/Ruby192/lib/ruby/1.9.1/net/http.rb:1168:in `request'", "C:/Ruby192/lib/ruby/gems/1.9.1/gems/selenium-webdriver-2.31.0/lib/selenium/webdriver/remote/http/default.rb:83:in `response_for'", "C:/Ruby192/lib/ruby/gems/1.9.1/gems/selenium-webdriver-2.31.0/lib/selenium/webdriver/remote/http/default.rb:39:in `request'", "C:/Ruby192/lib/ruby/gems/1.9.1/gems/selenium-webdriver-2.31.0/lib/selenium/webdriver/remote/http/common.rb:40:in `call'", "C:/Ruby192/lib/ruby/gems/1.9.1/gems/selenium-webdriver-2.31.0/lib/selenium/webdriver/remote/bridge.rb:616:in `raw_execute'", "C:/Ruby192/lib/ruby/gems/1.9.1/gems/selenium-webdriver-2.31.0/lib/selenium/webdriver/remote/bridge.rb:93:in `create_session'", "C:/Ruby192/lib/ruby/gems/1.9.1/gems/selenium-webdriver-2.31.0/lib/selenium/webdriver/remote/bridge.rb:68:in `initialize'", "C:/Ruby192/lib/ruby/gems/1.9.1/gems/selenium-webdriver-2.31.0/lib/selenium/webdriver/ie/bridge.rb:47:in `initialize'", "C:/Ruby192/lib/ruby/gems/1.9.1/gems/selenium-webdriver-2.31.0/lib/selenium/webdriver/common/driver.rb:35:in `new'", "C:/Ruby192/lib/ruby/gems/1.9.1/gems/selenium-webdriver-2.31.0/lib/selenium/webdriver/common/driver.rb:35:in `for'", "C:/Ruby192/lib/ruby/gems/1.9.1/gems/selenium-webdriver-2.31.0/lib/selenium/webdriver.rb:67:in `for'", "D:/IMPROVED_CODE_AAMIR/Usamp_lib.rb:71:in `Usampadmin_login'", "Test_24_Survey_redirection.rb:105:in `test_03_exclude_4s_surveys'", "C:/Ruby192/lib/ruby/1.9.1/minitest/unit.rb:695:in `run'", "C:/Ruby192/lib/ruby/1.9.1/minitest/unit.rb:656:in `block (2 levels) in run_test_suites'", "C:/Ruby192/lib/ruby/1.9.1/minitest/unit.rb:650:in `each'", "C:/Ruby192/lib/ruby/1.9.1/minitest/unit.rb:650:in `block in run_test_suites'", "C:/Ruby192/lib/ruby/1.9.1/minitest/unit.rb:649:in `each'", "C:/Ruby192/lib/ruby/1.9.1/minitest/unit.rb:649:in `run_test_suites'", "C:/Ruby192/lib/ruby/1.9.1/minitest/unit.rb:609:in `run'", "C:/Ruby192/lib/ruby/1.9.1/minitest/unit.rb:508:in `block in autorun'"]
.process still alive after 90 seconds
["C:/Ruby192/lib/ruby/gems/1.9.1/gems/childprocess-0.3.3/lib/childprocess/abstract_process.rb:137:in `poll_for_exit'", "C:/Ruby192/lib/ruby/gems/1.9.1/gems/selenium-webdriver-2.31.0/lib/selenium/webdriver/firefox/binary.rb:47:in `wait'", "C:/Ruby192/lib/ruby/gems/1.9.1/gems/selenium-webdriver-2.31.0/lib/selenium/webdriver/firefox/launcher.rb:71:in `start_silent_and_wait'", "C:/Ruby192/lib/ruby/gems/1.9.1/gems/selenium-webdriver-2.31.0/lib/selenium/webdriver/firefox/launcher.rb:35:in `block in launch'", "C:/Ruby192/lib/ruby/gems/1.9.1/gems/selenium-webdriver-2.31.0/lib/selenium/webdriver/firefox/socket_lock.rb:20:in `locked'", "C:/Ruby192/lib/ruby/gems/1.9.1/gems/selenium-webdriver-2.31.0/lib/selenium/webdriver/firefox/launcher.rb:32:in `launch'", "C:/Ruby192/lib/ruby/gems/1.9.1/gems/selenium-webdriver-2.31.0/lib/selenium/webdriver/firefox/bridge.rb:24:in `initialize'", "C:/Ruby192/lib/ruby/gems/1.9.1/gems/selenium-webdriver-2.31.0/lib/selenium/webdriver/common/driver.rb:31:in `new'", "C:/Ruby192/lib/ruby/gems/1.9.1/gems/selenium-webdriver-2.31.0/lib/selenium/webdriver/common/driver.rb:31:in `for'", "C:/Ruby192/lib/ruby/gems/1.9.1/gems/selenium-webdriver-2.31.0/lib/selenium/webdriver.rb:67:in `for'", "C:/Ruby192/lib/ruby/gems/1.9.1/gems/watir-webdriver-0.6.1/lib/watir-webdriver/browser.rb:35:in `initialize'", "D:/IMPROVED_CODE_AAMIR/Usamp_lib.rb:155:in `new'", "D:/IMPROVED_CODE_AAMIR/Usamp_lib.rb:155:in `Focusline_login'", "Test_24_Survey_redirection.rb:131:in `test_04_std_redirection'", "C:/Ruby192/lib/ruby/1.9.1/minitest/unit.rb:695:in `run'", "C:/Ruby192/lib/ruby/1.9.1/minitest/unit.rb:656:in `block (2 levels) in run_test_suites'", "C:/Ruby192/lib/ruby/1.9.1/minitest/unit.rb:650:in `each'", "C:/Ruby192/lib/ruby/1.9.1/minitest/unit.rb:650:in `block in run_test_suites'", "C:/Ruby192/lib/ruby/1.9.1/minitest/unit.rb:649:in `each'", "C:/Ruby192/lib/ruby/1.9.1/minitest/unit.rb:649:in `run_test_suites'", "C:/Ruby192/lib/ruby/1.9.1/minitest/unit.rb:609:in `run'", "C:/Ruby192/lib/ruby/1.9.1/minitest/unit.rb:508:in `block in autorun'"]
EStarted InternetExplorerDriver server (32-bit)
2.39.0.0
Listening on port 5555
unable to connect to IE server within 30 seconds
["C:/Ruby192/lib/ruby/gems/1.9.1/gems/selenium-webdriver-2.31.0/lib/selenium/webdriver/ie/server.rb:46:in `start'", "C:/Ruby192/lib/ruby/gems/1.9.1/gems/selenium-webdriver-2.31.0/lib/selenium/webdriver/ie/bridge.rb:32:in `initialize'", "C:/Ruby192/lib/ruby/gems/1.9.1/gems/selenium-webdriver-2.31.0/lib/selenium/webdriver/common/driver.rb:35:in `new'", "C:/Ruby192/lib/ruby/gems/1.9.1/gems/selenium-webdriver-2.31.0/lib/selenium/webdriver/common/driver.rb:35:in `for'", "C:/Ruby192/lib/ruby/gems/1.9.1/gems/selenium-webdriver-2.31.0/lib/selenium/webdriver.rb:67:in `for'", "D:/IMPROVED_CODE_AAMIR/Usamp_lib.rb:71:in `Usampadmin_login'", "Test_24_Survey_redirection.rb:180:in `test_05_iframe_red_set'", "C:/Ruby192/lib/ruby/1.9.1/minitest/unit.rb:695:in `run'", "C:/Ruby192/lib/ruby/1.9.1/minitest/unit.rb:656:in `block (2 levels) in run_test_suites'", "C:/Ruby192/lib/ruby/1.9.1/minitest/unit.rb:650:in `each'", "C:/Ruby192/lib/ruby/1.9.1/minitest/unit.rb:650:in `block in run_test_suites'", "C:/Ruby192/lib/ruby/1.9.1/minitest/unit.rb:649:in `each'", "C:/Ruby192/lib/ruby/1.9.1/minitest/unit.rb:649:in `run_test_suites'", "C:/Ruby192/lib/ruby/1.9.1/minitest/unit.rb:609:in `run'", "C:/Ruby192/lib/ruby/1.9.1/minitest/unit.rb:508:in `block in autorun'"]
.Timeout::Error
["C:/Ruby192/lib/ruby/1.9.1/net/protocol.rb:140:in `rescue in rbuf_fill'", "C:/Ruby192/lib/ruby/1.9.1/net/protocol.rb:134:in `rbuf_fill'", "C:/Ruby192/lib/ruby/1.9.1/net/protocol.rb:116:in `readuntil'", "C:/Ruby192/lib/ruby/1.9.1/net/protocol.rb:126:in `readline'", "C:/Ruby192/lib/ruby/1.9.1/net/http.rb:2219:in `read_status_line'", "C:/Ruby192/lib/ruby/1.9.1/net/http.rb:2208:in `read_new'", "C:/Ruby192/lib/ruby/1.9.1/net/http.rb:1191:in `transport_request'", "C:/Ruby192/lib/ruby/1.9.1/net/http.rb:1177:in `request'", "C:/Ruby192/lib/ruby/1.9.1/net/http.rb:1170:in `block in request'", "C:/Ruby192/lib/ruby/1.9.1/net/http.rb:627:in `start'", "C:/Ruby192/lib/ruby/1.9.1/net/http.rb:1168:in `request'", "C:/Ruby192/lib/ruby/gems/1.9.1/gems/selenium-webdriver-2.31.0/lib/selenium/webdriver/remote/http/default.rb:83:in `response_for'", "C:/Ruby192/lib/ruby/gems/1.9.1/gems/selenium-webdriver-2.31.0/lib/selenium/webdriver/remote/http/default.rb:39:in `request'", "C:/Ruby192/lib/ruby/gems/1.9.1/gems/selenium-webdriver-2.31.0/lib/selenium/webdriver/remote/http/common.rb:40:in `call'", "C:/Ruby192/lib/ruby/gems/1.9.1/gems/selenium-webdriver-2.31.0/lib/selenium/webdriver/remote/bridge.rb:616:in `raw_execute'", "C:/Ruby192/lib/ruby/gems/1.9.1/gems/selenium-webdriver-2.31.0/lib/selenium/webdriver/remote/bridge.rb:594:in `execute'", "C:/Ruby192/lib/ruby/gems/1.9.1/gems/selenium-webdriver-2.31.0/lib/selenium/webdriver/remote/bridge.rb:100:in `get'", "C:/Ruby192/lib/ruby/gems/1.9.1/gems/selenium-webdriver-2.31.0/lib/selenium/webdriver/common/navigation.rb:14:in `to'", "C:/Ruby192/lib/ruby/gems/1.9.1/gems/watir-webdriver-0.6.1/lib/watir-webdriver/browser.rb:63:in `goto'", "D:/IMPROVED_CODE_AAMIR/Usamp_lib.rb:158:in `Focusline_login'", "Test_24_Survey_redirection.rb:203:in `test_06_iframe_redirection'", "C:/Ruby192/lib/ruby/1.9.1/minitest/unit.rb:695:in `run'", "C:/Ruby192/lib/ruby/1.9.1/minitest/unit.rb:656:in `block (2 levels) in run_test_suites'", "C:/Ruby192/lib/ruby/1.9.1/minitest/unit.rb:650:in `each'", "C:/Ruby192/lib/ruby/1.9.1/minitest/unit.rb:650:in `block in run_test_suites'", "C:/Ruby192/lib/ruby/1.9.1/minitest/unit.rb:649:in `each'", "C:/Ruby192/lib/ruby/1.9.1/minitest/unit.rb:649:in `run_test_suites'", "C:/Ruby192/lib/ruby/1.9.1/minitest/unit.rb:609:in `run'", "C:/Ruby192/lib/ruby/1.9.1/minitest/unit.rb:508:in `block in autorun'"]
EStarted InternetExplorerDriver server (32-bit)
2.39.0.0
Listening on port 5557
Unexpected error launching Internet Explorer. IELaunchURL() returned 80070490 for URL 'http://localhost:5557/'
["C:/Ruby192/lib/ruby/gems/1.9.1/gems/selenium-webdriver-2.31.0/lib/selenium/webdriver/remote/response.rb:52:in `assert_ok'", "C:/Ruby192/lib/ruby/gems/1.9.1/gems/selenium-webdriver-2.31.0/lib/selenium/webdriver/remote/response.rb:15:in `initialize'", "C:/Ruby192/lib/ruby/gems/1.9.1/gems/selenium-webdriver-2.31.0/lib/selenium/webdriver/remote/http/common.rb:59:in `new'", "C:/Ruby192/lib/ruby/gems/1.9.1/gems/selenium-webdriver-2.31.0/lib/selenium/webdriver/remote/http/common.rb:59:in `create_response'", "C:/Ruby192/lib/ruby/gems/1.9.1/gems/selenium-webdriver-2.31.0/lib/selenium/webdriver/remote/http/default.rb:66:in `request'", "C:/Ruby192/lib/ruby/gems/1.9.1/gems/selenium-webdriver-2.31.0/lib/selenium/webdriver/remote/http/common.rb:40:in `call'", "C:/Ruby192/lib/ruby/gems/1.9.1/gems/selenium-webdriver-2.31.0/lib/selenium/webdriver/remote/bridge.rb:616:in `raw_execute'", "C:/Ruby192/lib/ruby/gems/1.9.1/gems/selenium-webdriver-2.31.0/lib/selenium/webdriver/remote/bridge.rb:93:in `create_session'", "C:/Ruby192/lib/ruby/gems/1.9.1/gems/selenium-webdriver-2.31.0/lib/selenium/webdriver/remote/bridge.rb:68:in `initialize'", "C:/Ruby192/lib/ruby/gems/1.9.1/gems/selenium-webdriver-2.31.0/lib/selenium/webdriver/ie/bridge.rb:47:in `initialize'", "C:/Ruby192/lib/ruby/gems/1.9.1/gems/selenium-webdriver-2.31.0/lib/selenium/webdriver/common/driver.rb:35:in `new'", "C:/Ruby192/lib/ruby/gems/1.9.1/gems/selenium-webdriver-2.31.0/lib/selenium/webdriver/common/driver.rb:35:in `for'", "C:/Ruby192/lib/ruby/gems/1.9.1/gems/selenium-webdriver-2.31.0/lib/selenium/webdriver.rb:67:in `for'", "D:/IMPROVED_CODE_AAMIR/Usamp_lib.rb:71:in `Usampadmin_login'", "Test_24_Survey_redirection.rb:249:in `test_07_include_4s_surveys'", "C:/Ruby192/lib/ruby/1.9.1/minitest/unit.rb:695:in `run'", "C:/Ruby192/lib/ruby/1.9.1/minitest/unit.rb:656:in `block (2 levels) in run_test_suites'", "C:/Ruby192/lib/ruby/1.9.1/minitest/unit.rb:650:in `each'", "C:/Ruby192/lib/ruby/1.9.1/minitest/unit.rb:650:in `block in run_test_suites'", "C:/Ruby192/lib/ruby/1.9.1/minitest/unit.rb:649:in `each'", "C:/Ruby192/lib/ruby/1.9.1/minitest/unit.rb:649:in `run_test_suites'", "C:/Ruby192/lib/ruby/1.9.1/minitest/unit.rb:609:in `run'", "C:/Ruby192/lib/ruby/1.9.1/minitest/unit.rb:508:in `block in autorun'"]
.Started InternetExplorerDriver server (32-bit)
2.39.0.0
Listening on port 5558
Successful Login to Usampadmin
25766
118381
Element is no longer valid
["C:/Ruby192/lib/ruby/gems/1.9.1/gems/selenium-webdriver-2.31.0/lib/selenium/webdriver/remote/response.rb:52:in `assert_ok'", "C:/Ruby192/lib/ruby/gems/1.9.1/gems/selenium-webdriver-2.31.0/lib/selenium/webdriver/remote/response.rb:15:in `initialize'", "C:/Ruby192/lib/ruby/gems/1.9.1/gems/selenium-webdriver-2.31.0/lib/selenium/webdriver/remote/http/common.rb:59:in `new'", "C:/Ruby192/lib/ruby/gems/1.9.1/gems/selenium-webdriver-2.31.0/lib/selenium/webdriver/remote/http/common.rb:59:in `create_response'", "C:/Ruby192/lib/ruby/gems/1.9.1/gems/selenium-webdriver-2.31.0/lib/selenium/webdriver/remote/http/default.rb:66:in `request'", "C:/Ruby192/lib/ruby/gems/1.9.1/gems/selenium-webdriver-2.31.0/lib/selenium/webdriver/remote/http/common.rb:40:in `call'", "C:/Ruby192/lib/ruby/gems/1.9.1/gems/selenium-webdriver-2.31.0/lib/selenium/webdriver/remote/bridge.rb:616:in `raw_execute'", "C:/Ruby192/lib/ruby/gems/1.9.1/gems/selenium-webdriver-2.31.0/lib/selenium/webdriver/remote/bridge.rb:594:in `execute'", "C:/Ruby192/lib/ruby/gems/1.9.1/gems/selenium-webdriver-2.31.0/lib/selenium/webdriver/remote/bridge.rb:493:in `getElementTagName'", "C:/Ruby192/lib/ruby/gems/1.9.1/gems/selenium-webdriver-2.31.0/lib/selenium/webdriver/common/element.rb:68:in `tag_name'", "C:/Ruby192/lib/ruby/gems/1.9.1/gems/watir-webdriver-0.6.1/lib/watir-webdriver/locators/element_locator.rb:379:in `validate_element'", "C:/Ruby192/lib/ruby/gems/1.9.1/gems/watir-webdriver-0.6.1/lib/watir-webdriver/locators/element_locator.rb:37:in `locate'", "C:/Ruby192/lib/ruby/gems/1.9.1/gems/watir-webdriver-0.6.1/lib/watir-webdriver/elements/element.rb:384:in `locate'", "C:/Ruby192/lib/ruby/gems/1.9.1/gems/watir-webdriver-0.6.1/lib/watir-webdriver/elements/element.rb:362:in `assert_exists'", "C:/Ruby192/lib/ruby/gems/1.9.1/gems/watir-webdriver-0.6.1/lib/watir-webdriver/elements/element.rb:95:in `click'", "Test_24_Survey_redirection.rb:311:in `test_08_reset_all'", "C:/Ruby192/lib/ruby/1.9.1/minitest/unit.rb:695:in `run'", "C:/Ruby192/lib/ruby/1.9.1/minitest/unit.rb:656:in `block (2 levels) in run_test_suites'", "C:/Ruby192/lib/ruby/1.9.1/minitest/unit.rb:650:in `each'", "C:/Ruby192/lib/ruby/1.9.1/minitest/unit.rb:650:in `block in run_test_suites'", "C:/Ruby192/lib/ruby/1.9.1/minitest/unit.rb:649:in `each'", "C:/Ruby192/lib/ruby/1.9.1/minitest/unit.rb:649:in `run_test_suites'", "C:/Ruby192/lib/ruby/1.9.1/minitest/unit.rb:609:in `run'", "C:/Ruby192/lib/ruby/1.9.1/minitest/unit.rb:508:in `block in autorun'"]
.
Finished in 1234.898890 seconds.

  1) Error:
test_04_std_redirection(Test_24_Survey_redirection):
TypeError: can't convert nil into String
    Test_24_Survey_redirection.rb:166:in `+'
    Test_24_Survey_redirection.rb:166:in `rescue in test_04_std_redirection'
    Test_24_Survey_redirection.rb:128:in `test_04_std_redirection'

  2) Error:
test_06_iframe_redirection(Test_24_Survey_redirection):
NoMethodError: undefined method `close' for nil:NilClass
    Test_24_Survey_redirection.rb:237:in `rescue in test_06_iframe_redirection'
    Test_24_Survey_redirection.rb:202:in `test_06_iframe_redirection'

8 tests, 0 assertions, 0 failures, 2 errors, 0 skips

Test run options: --seed 41280
D:/IMPROVED_CODE_AAMIR/Output Repository/Non4S_Test_Report.html
Loaded suite IM_Suite
Started

Finished in 0.000000 seconds.

0 tests, 0 assertions, 0 failures, 0 errors, 0 skips

Test run options: --seed 32853
