
D:\IMPROVED_CODE_AAMIR>copy "D:\IMPROVED_CODE_AAMIR\Output Repository\Non4S_Test_Report.html" "D:\IMPROVED_CODE_AAMIR\Output Repository Archive\Non4s_Report_02/44/_6310.html" 
        0 file(s) copied.
Loaded suite Test_01_Project_QG_Create
Started
.Started InternetExplorerDriver server (32-bit)
2.39.0.0
Listening on port 5558
Successful Login to Usampadmin
25300
.QG CREATION PASS
Timeout::Error
["C:/Ruby192/lib/ruby/1.9.1/net/protocol.rb:140:in `rescue in rbuf_fill'", "C:/Ruby192/lib/ruby/1.9.1/net/protocol.rb:134:in `rbuf_fill'", "C:/Ruby192/lib/ruby/1.9.1/net/protocol.rb:116:in `readuntil'", "C:/Ruby192/lib/ruby/1.9.1/net/protocol.rb:126:in `readline'", "C:/Ruby192/lib/ruby/1.9.1/net/http.rb:2219:in `read_status_line'", "C:/Ruby192/lib/ruby/1.9.1/net/http.rb:2208:in `read_new'", "C:/Ruby192/lib/ruby/1.9.1/net/http.rb:1191:in `transport_request'", "C:/Ruby192/lib/ruby/1.9.1/net/http.rb:1177:in `request'", "C:/Ruby192/lib/ruby/1.9.1/net/http.rb:1170:in `block in request'", "C:/Ruby192/lib/ruby/1.9.1/net/http.rb:627:in `start'", "C:/Ruby192/lib/ruby/1.9.1/net/http.rb:1168:in `request'", "C:/Ruby192/lib/ruby/gems/1.9.1/gems/selenium-webdriver-2.31.0/lib/selenium/webdriver/remote/http/default.rb:83:in `response_for'", "C:/Ruby192/lib/ruby/gems/1.9.1/gems/selenium-webdriver-2.31.0/lib/selenium/webdriver/remote/http/default.rb:39:in `request'", "C:/Ruby192/lib/ruby/gems/1.9.1/gems/selenium-webdriver-2.31.0/lib/selenium/webdriver/remote/http/common.rb:40:in `call'", "C:/Ruby192/lib/ruby/gems/1.9.1/gems/selenium-webdriver-2.31.0/lib/selenium/webdriver/remote/bridge.rb:616:in `raw_execute'", "C:/Ruby192/lib/ruby/gems/1.9.1/gems/selenium-webdriver-2.31.0/lib/selenium/webdriver/remote/bridge.rb:594:in `execute'", "C:/Ruby192/lib/ruby/gems/1.9.1/gems/selenium-webdriver-2.31.0/lib/selenium/webdriver/remote/bridge.rb:505:in `getElementText'", "C:/Ruby192/lib/ruby/gems/1.9.1/gems/selenium-webdriver-2.31.0/lib/selenium/webdriver/common/element.rb:108:in `text'", "C:/Ruby192/lib/ruby/gems/1.9.1/gems/watir-webdriver-0.6.1/lib/watir-webdriver/browser.rb:97:in `text'", "Test_01_Project_QG_Create.rb:158:in `test_03_QG_Create'", "C:/Ruby192/lib/ruby/1.9.1/minitest/unit.rb:695:in `run'", "C:/Ruby192/lib/ruby/1.9.1/minitest/unit.rb:656:in `block (2 levels) in run_test_suites'", "C:/Ruby192/lib/ruby/1.9.1/minitest/unit.rb:650:in `each'", "C:/Ruby192/lib/ruby/1.9.1/minitest/unit.rb:650:in `block in run_test_suites'", "C:/Ruby192/lib/ruby/1.9.1/minitest/unit.rb:649:in `each'", "C:/Ruby192/lib/ruby/1.9.1/minitest/unit.rb:649:in `run_test_suites'", "C:/Ruby192/lib/ruby/1.9.1/minitest/unit.rb:609:in `run'", "C:/Ruby192/lib/ruby/1.9.1/minitest/unit.rb:508:in `block in autorun'"]
Ecan't convert nil into String
["C:/Ruby192/lib/ruby/1.9.1/base64.rb:38:in `pack'", "C:/Ruby192/lib/ruby/1.9.1/base64.rb:38:in `encode64'", "Test_01_Project_QG_Create.rb:192:in `test_04_Save_criteria'", "C:/Ruby192/lib/ruby/1.9.1/minitest/unit.rb:695:in `run'", "C:/Ruby192/lib/ruby/1.9.1/minitest/unit.rb:656:in `block (2 levels) in run_test_suites'", "C:/Ruby192/lib/ruby/1.9.1/minitest/unit.rb:650:in `each'", "C:/Ruby192/lib/ruby/1.9.1/minitest/unit.rb:650:in `block in run_test_suites'", "C:/Ruby192/lib/ruby/1.9.1/minitest/unit.rb:649:in `each'", "C:/Ruby192/lib/ruby/1.9.1/minitest/unit.rb:649:in `run_test_suites'", "C:/Ruby192/lib/ruby/1.9.1/minitest/unit.rb:609:in `run'", "C:/Ruby192/lib/ruby/1.9.1/minitest/unit.rb:508:in `block in autorun'"]
E
Finished in 258.983667 seconds.

  1) Error:
test_03_QG_Create(Test_01_Project_QG_Create):
Selenium::WebDriver::Error::WebDriverError: unexpected response, code=401, content-type=""
    C:/Ruby192/lib/ruby/gems/1.9.1/gems/selenium-webdriver-2.31.0/lib/selenium/webdriver/remote/http/common.rb:66:in `create_response'
    C:/Ruby192/lib/ruby/gems/1.9.1/gems/selenium-webdriver-2.31.0/lib/selenium/webdriver/remote/http/default.rb:66:in `request'
    C:/Ruby192/lib/ruby/gems/1.9.1/gems/selenium-webdriver-2.31.0/lib/selenium/webdriver/remote/http/common.rb:40:in `call'
    C:/Ruby192/lib/ruby/gems/1.9.1/gems/selenium-webdriver-2.31.0/lib/selenium/webdriver/remote/bridge.rb:616:in `raw_execute'
    C:/Ruby192/lib/ruby/gems/1.9.1/gems/selenium-webdriver-2.31.0/lib/selenium/webdriver/remote/bridge.rb:594:in `execute'
    C:/Ruby192/lib/ruby/gems/1.9.1/gems/selenium-webdriver-2.31.0/lib/selenium/webdriver/remote/bridge.rb:190:in `quit'
    C:/Ruby192/lib/ruby/gems/1.9.1/gems/selenium-webdriver-2.31.0/lib/selenium/webdriver/ie/bridge.rb:59:in `quit'
    C:/Ruby192/lib/ruby/gems/1.9.1/gems/selenium-webdriver-2.31.0/lib/selenium/webdriver/common/driver.rb:168:in `quit'
    C:/Ruby192/lib/ruby/gems/1.9.1/gems/watir-webdriver-0.6.1/lib/watir-webdriver/browser.rb:87:in `close'
    Test_01_Project_QG_Create.rb:176:in `rescue in test_03_QG_Create'
    Test_01_Project_QG_Create.rb:124:in `test_03_QG_Create'

  2) Error:
test_04_Save_criteria(Test_01_Project_QG_Create):
Errno::ECONNREFUSED: No connection could be made because the target machine actively refused it. - connect(2)
    C:/Ruby192/lib/ruby/gems/1.9.1/gems/selenium-webdriver-2.31.0/lib/selenium/webdriver/remote/http/default.rb:83:in `response_for'
    C:/Ruby192/lib/ruby/gems/1.9.1/gems/selenium-webdriver-2.31.0/lib/selenium/webdriver/remote/http/default.rb:39:in `request'
    C:/Ruby192/lib/ruby/gems/1.9.1/gems/selenium-webdriver-2.31.0/lib/selenium/webdriver/remote/http/common.rb:40:in `call'
    C:/Ruby192/lib/ruby/gems/1.9.1/gems/selenium-webdriver-2.31.0/lib/selenium/webdriver/remote/bridge.rb:616:in `raw_execute'
    C:/Ruby192/lib/ruby/gems/1.9.1/gems/selenium-webdriver-2.31.0/lib/selenium/webdriver/remote/bridge.rb:594:in `execute'
    C:/Ruby192/lib/ruby/gems/1.9.1/gems/selenium-webdriver-2.31.0/lib/selenium/webdriver/remote/bridge.rb:190:in `quit'
    C:/Ruby192/lib/ruby/gems/1.9.1/gems/selenium-webdriver-2.31.0/lib/selenium/webdriver/ie/bridge.rb:59:in `quit'
    C:/Ruby192/lib/ruby/gems/1.9.1/gems/selenium-webdriver-2.31.0/lib/selenium/webdriver/common/driver.rb:168:in `quit'
    C:/Ruby192/lib/ruby/gems/1.9.1/gems/watir-webdriver-0.6.1/lib/watir-webdriver/browser.rb:87:in `close'
    Test_01_Project_QG_Create.rb:270:in `rescue in test_04_Save_criteria'
    Test_01_Project_QG_Create.rb:191:in `test_04_Save_criteria'

4 tests, 0 assertions, 0 failures, 2 errors, 0 skips

Test run options: --seed 49895
Loaded suite Test_02_Auto_Open_QG
Started
.25300

can't convert nil into String
["C:/Ruby192/lib/ruby/1.9.1/base64.rb:38:in `pack'", "C:/Ruby192/lib/ruby/1.9.1/base64.rb:38:in `encode64'", "Test_02_Auto_Open_QG.rb:48:in `test_02_auto_open'", "C:/Ruby192/lib/ruby/1.9.1/minitest/unit.rb:695:in `run'", "C:/Ruby192/lib/ruby/1.9.1/minitest/unit.rb:656:in `block (2 levels) in run_test_suites'", "C:/Ruby192/lib/ruby/1.9.1/minitest/unit.rb:650:in `each'", "C:/Ruby192/lib/ruby/1.9.1/minitest/unit.rb:650:in `block in run_test_suites'", "C:/Ruby192/lib/ruby/1.9.1/minitest/unit.rb:649:in `each'", "C:/Ruby192/lib/ruby/1.9.1/minitest/unit.rb:649:in `run_test_suites'", "C:/Ruby192/lib/ruby/1.9.1/minitest/unit.rb:609:in `run'", "C:/Ruby192/lib/ruby/1.9.1/minitest/unit.rb:508:in `block in autorun'"]
E
Finished in 0.000000 seconds.

  1) Error:
test_02_auto_open(Test_02_Auto_open_QG):
NoMethodError: undefined method `close' for nil:NilClass
    Test_02_Auto_Open_QG.rb:142:in `rescue in test_02_auto_open'
    Test_02_Auto_Open_QG.rb:38:in `test_02_auto_open'

2 tests, 0 assertions, 0 failures, 1 errors, 0 skips

Test run options: --seed 37270
Loaded suite Test_03_Auto_Close_QG
Started
.25300

can't convert nil into String
["C:/Ruby192/lib/ruby/1.9.1/base64.rb:38:in `pack'", "C:/Ruby192/lib/ruby/1.9.1/base64.rb:38:in `encode64'", "Test_03_Auto_Close_QG.rb:53:in `test_02_autoclose_time'", "C:/Ruby192/lib/ruby/1.9.1/minitest/unit.rb:695:in `run'", "C:/Ruby192/lib/ruby/1.9.1/minitest/unit.rb:656:in `block (2 levels) in run_test_suites'", "C:/Ruby192/lib/ruby/1.9.1/minitest/unit.rb:650:in `each'", "C:/Ruby192/lib/ruby/1.9.1/minitest/unit.rb:650:in `block in run_test_suites'", "C:/Ruby192/lib/ruby/1.9.1/minitest/unit.rb:649:in `each'", "C:/Ruby192/lib/ruby/1.9.1/minitest/unit.rb:649:in `run_test_suites'", "C:/Ruby192/lib/ruby/1.9.1/minitest/unit.rb:609:in `run'", "C:/Ruby192/lib/ruby/1.9.1/minitest/unit.rb:508:in `block in autorun'"]
E25300

can't convert nil into String
["C:/Ruby192/lib/ruby/1.9.1/base64.rb:38:in `pack'", "C:/Ruby192/lib/ruby/1.9.1/base64.rb:38:in `encode64'", "Test_03_Auto_Close_QG.rb:192:in `test_03_autoclose_clicks'", "C:/Ruby192/lib/ruby/1.9.1/minitest/unit.rb:695:in `run'", "C:/Ruby192/lib/ruby/1.9.1/minitest/unit.rb:656:in `block (2 levels) in run_test_suites'", "C:/Ruby192/lib/ruby/1.9.1/minitest/unit.rb:650:in `each'", "C:/Ruby192/lib/ruby/1.9.1/minitest/unit.rb:650:in `block in run_test_suites'", "C:/Ruby192/lib/ruby/1.9.1/minitest/unit.rb:649:in `each'", "C:/Ruby192/lib/ruby/1.9.1/minitest/unit.rb:649:in `run_test_suites'", "C:/Ruby192/lib/ruby/1.9.1/minitest/unit.rb:609:in `run'", "C:/Ruby192/lib/ruby/1.9.1/minitest/unit.rb:508:in `block in autorun'"]
E25300

can't convert nil into String
["C:/Ruby192/lib/ruby/1.9.1/base64.rb:38:in `pack'", "C:/Ruby192/lib/ruby/1.9.1/base64.rb:38:in `encode64'", "Test_03_Auto_Close_QG.rb:258:in `test_04_autoclose_completes'", "C:/Ruby192/lib/ruby/1.9.1/minitest/unit.rb:695:in `run'", "C:/Ruby192/lib/ruby/1.9.1/minitest/unit.rb:656:in `block (2 levels) in run_test_suites'", "C:/Ruby192/lib/ruby/1.9.1/minitest/unit.rb:650:in `each'", "C:/Ruby192/lib/ruby/1.9.1/minitest/unit.rb:650:in `block in run_test_suites'", "C:/Ruby192/lib/ruby/1.9.1/minitest/unit.rb:649:in `each'", "C:/Ruby192/lib/ruby/1.9.1/minitest/unit.rb:649:in `run_test_suites'", "C:/Ruby192/lib/ruby/1.9.1/minitest/unit.rb:609:in `run'", "C:/Ruby192/lib/ruby/1.9.1/minitest/unit.rb:508:in `block in autorun'"]
E
Finished in 0.000000 seconds.

  1) Error:
test_02_autoclose_time(Test_03_Auto_close_QG):
NoMethodError: undefined method `close' for nil:NilClass
    Test_03_Auto_Close_QG.rb:170:in `rescue in test_02_autoclose_time'
    Test_03_Auto_Close_QG.rb:43:in `test_02_autoclose_time'

  2) Error:
test_03_autoclose_clicks(Test_03_Auto_close_QG):
NoMethodError: undefined method `close' for nil:NilClass
    Test_03_Auto_Close_QG.rb:235:in `rescue in test_03_autoclose_clicks'
    Test_03_Auto_Close_QG.rb:182:in `test_03_autoclose_clicks'

  3) Error:
test_04_autoclose_completes(Test_03_Auto_close_QG):
NoMethodError: undefined method `close' for nil:NilClass
    Test_03_Auto_Close_QG.rb:310:in `rescue in test_04_autoclose_completes'
    Test_03_Auto_Close_QG.rb:248:in `test_04_autoclose_completes'

4 tests, 0 assertions, 0 failures, 3 errors, 0 skips

Test run options: --seed 15312
Loaded suite Test_04_Non_member_survey_complete
Started
.25300

can't convert nil into String
["C:/Ruby192/lib/ruby/1.9.1/base64.rb:38:in `pack'", "C:/Ruby192/lib/ruby/1.9.1/base64.rb:38:in `encode64'", "Test_04_Non_member_survey_complete.rb:62:in `test_02_non_member_survey_complete'", "C:/Ruby192/lib/ruby/1.9.1/minitest/unit.rb:695:in `run'", "C:/Ruby192/lib/ruby/1.9.1/minitest/unit.rb:656:in `block (2 levels) in run_test_suites'", "C:/Ruby192/lib/ruby/1.9.1/minitest/unit.rb:650:in `each'", "C:/Ruby192/lib/ruby/1.9.1/minitest/unit.rb:650:in `block in run_test_suites'", "C:/Ruby192/lib/ruby/1.9.1/minitest/unit.rb:649:in `each'", "C:/Ruby192/lib/ruby/1.9.1/minitest/unit.rb:649:in `run_test_suites'", "C:/Ruby192/lib/ruby/1.9.1/minitest/unit.rb:609:in `run'", "C:/Ruby192/lib/ruby/1.9.1/minitest/unit.rb:508:in `block in autorun'"]
E25300

can't convert nil into String
["C:/Ruby192/lib/ruby/1.9.1/base64.rb:38:in `pack'", "C:/Ruby192/lib/ruby/1.9.1/base64.rb:38:in `encode64'", "Test_04_Non_member_survey_complete.rb:157:in `test_03_non_member_survey_fail'", "C:/Ruby192/lib/ruby/1.9.1/minitest/unit.rb:695:in `run'", "C:/Ruby192/lib/ruby/1.9.1/minitest/unit.rb:656:in `block (2 levels) in run_test_suites'", "C:/Ruby192/lib/ruby/1.9.1/minitest/unit.rb:650:in `each'", "C:/Ruby192/lib/ruby/1.9.1/minitest/unit.rb:650:in `block in run_test_suites'", "C:/Ruby192/lib/ruby/1.9.1/minitest/unit.rb:649:in `each'", "C:/Ruby192/lib/ruby/1.9.1/minitest/unit.rb:649:in `run_test_suites'", "C:/Ruby192/lib/ruby/1.9.1/minitest/unit.rb:609:in `run'", "C:/Ruby192/lib/ruby/1.9.1/minitest/unit.rb:508:in `block in autorun'"]
E25300

can't convert nil into String
["C:/Ruby192/lib/ruby/1.9.1/base64.rb:38:in `pack'", "C:/Ruby192/lib/ruby/1.9.1/base64.rb:38:in `encode64'", "Test_04_Non_member_survey_complete.rb:250:in `test_03_non_member_survey_overquota'", "C:/Ruby192/lib/ruby/1.9.1/minitest/unit.rb:695:in `run'", "C:/Ruby192/lib/ruby/1.9.1/minitest/unit.rb:656:in `block (2 levels) in run_test_suites'", "C:/Ruby192/lib/ruby/1.9.1/minitest/unit.rb:650:in `each'", "C:/Ruby192/lib/ruby/1.9.1/minitest/unit.rb:650:in `block in run_test_suites'", "C:/Ruby192/lib/ruby/1.9.1/minitest/unit.rb:649:in `each'", "C:/Ruby192/lib/ruby/1.9.1/minitest/unit.rb:649:in `run_test_suites'", "C:/Ruby192/lib/ruby/1.9.1/minitest/unit.rb:609:in `run'", "C:/Ruby192/lib/ruby/1.9.1/minitest/unit.rb:508:in `block in autorun'"]
E
Finished in 0.015626 seconds.

  1) Error:
test_02_non_member_survey_complete(Test_04_Non_Member_Survey_Complete):
NoMethodError: undefined method `close' for nil:NilClass
    Test_04_Non_member_survey_complete.rb:129:in `rescue in test_02_non_member_survey_complete'
    Test_04_Non_member_survey_complete.rb:49:in `test_02_non_member_survey_complete'

  2) Error:
test_03_non_member_survey_fail(Test_04_Non_Member_Survey_Complete):
NoMethodError: undefined method `close' for nil:NilClass
    Test_04_Non_member_survey_complete.rb:222:in `rescue in test_03_non_member_survey_fail'
    Test_04_Non_member_survey_complete.rb:144:in `test_03_non_member_survey_fail'

  3) Error:
test_03_non_member_survey_overquota(Test_04_Non_Member_Survey_Complete):
NoMethodError: undefined method `close' for nil:NilClass
    Test_04_Non_member_survey_complete.rb:314:in `rescue in test_03_non_member_survey_overquota'
    Test_04_Non_member_survey_complete.rb:237:in `test_03_non_member_survey_overquota'

4 tests, 0 assertions, 0 failures, 3 errors, 0 skips

Test run options: --seed 13274
Loaded suite Test_05_Member_registration
Started
.test string
auto_test22.desnew2014-02-040434@mailop.com
**** Waiting for surveys to load ****
pass
.Started InternetExplorerDriver server (32-bit)
2.39.0.0
Listening on port 5558
Successful Login to Usampadmin
auto_test22.desnew2014-02-040434@mailop.com
M24596004
.test string
auto_test22.des2014-02-040438@mailop.com
**** Waiting for surveys to load ****
pass
.Started InternetExplorerDriver server (32-bit)
2.39.0.0
Listening on port 5558
Successful Login to Usampadmin
auto_test22.des2014-02-040438@mailop.com
M24596005
Element is no longer valid
["C:/Ruby192/lib/ruby/gems/1.9.1/gems/selenium-webdriver-2.31.0/lib/selenium/webdriver/remote/response.rb:52:in `assert_ok'", "C:/Ruby192/lib/ruby/gems/1.9.1/gems/selenium-webdriver-2.31.0/lib/selenium/webdriver/remote/response.rb:15:in `initialize'", "C:/Ruby192/lib/ruby/gems/1.9.1/gems/selenium-webdriver-2.31.0/lib/selenium/webdriver/remote/http/common.rb:59:in `new'", "C:/Ruby192/lib/ruby/gems/1.9.1/gems/selenium-webdriver-2.31.0/lib/selenium/webdriver/remote/http/common.rb:59:in `create_response'", "C:/Ruby192/lib/ruby/gems/1.9.1/gems/selenium-webdriver-2.31.0/lib/selenium/webdriver/remote/http/default.rb:66:in `request'", "C:/Ruby192/lib/ruby/gems/1.9.1/gems/selenium-webdriver-2.31.0/lib/selenium/webdriver/remote/http/common.rb:40:in `call'", "C:/Ruby192/lib/ruby/gems/1.9.1/gems/selenium-webdriver-2.31.0/lib/selenium/webdriver/remote/bridge.rb:616:in `raw_execute'", "C:/Ruby192/lib/ruby/gems/1.9.1/gems/selenium-webdriver-2.31.0/lib/selenium/webdriver/remote/bridge.rb:594:in `execute'", "C:/Ruby192/lib/ruby/gems/1.9.1/gems/selenium-webdriver-2.31.0/lib/selenium/webdriver/remote/bridge.rb:493:in `getElementTagName'", "C:/Ruby192/lib/ruby/gems/1.9.1/gems/selenium-webdriver-2.31.0/lib/selenium/webdriver/common/element.rb:68:in `tag_name'", "C:/Ruby192/lib/ruby/gems/1.9.1/gems/watir-webdriver-0.6.1/lib/watir-webdriver/locators/element_locator.rb:379:in `validate_element'", "C:/Ruby192/lib/ruby/gems/1.9.1/gems/watir-webdriver-0.6.1/lib/watir-webdriver/locators/element_locator.rb:37:in `locate'", "C:/Ruby192/lib/ruby/gems/1.9.1/gems/watir-webdriver-0.6.1/lib/watir-webdriver/elements/element.rb:384:in `locate'", "C:/Ruby192/lib/ruby/gems/1.9.1/gems/watir-webdriver-0.6.1/lib/watir-webdriver/elements/element.rb:362:in `assert_exists'", "C:/Ruby192/lib/ruby/gems/1.9.1/gems/watir-webdriver-0.6.1/lib/watir-webdriver/elements/element.rb:95:in `click'", "Test_05_Member_registration.rb:339:in `test_05_member_in_admin_Focusline'", "C:/Ruby192/lib/ruby/1.9.1/minitest/unit.rb:695:in `run'", "C:/Ruby192/lib/ruby/1.9.1/minitest/unit.rb:656:in `block (2 levels) in run_test_suites'", "C:/Ruby192/lib/ruby/1.9.1/minitest/unit.rb:650:in `each'", "C:/Ruby192/lib/ruby/1.9.1/minitest/unit.rb:650:in `block in run_test_suites'", "C:/Ruby192/lib/ruby/1.9.1/minitest/unit.rb:649:in `each'", "C:/Ruby192/lib/ruby/1.9.1/minitest/unit.rb:649:in `run_test_suites'", "C:/Ruby192/lib/ruby/1.9.1/minitest/unit.rb:609:in `run'", "C:/Ruby192/lib/ruby/1.9.1/minitest/unit.rb:508:in `block in autorun'"]
.auto_test22.desnew2014-02-040434@mailop.com
auto_test22.desnew2014-02-0404
.auto_test22.des2014-02-040438@mailop.com
auto_test22.des2014-02-0404
.
Finished in 522.155075 seconds.

7 tests, 0 assertions, 0 failures, 0 errors, 0 skips

Test run options: --seed 50473
Loaded suite Test_07_Publisher_category_filer
Started
.Started InternetExplorerDriver server (32-bit)
2.39.0.0
Listening on port 5558
Successful Login to Usampadmin
25300

can't convert nil into String
["C:/Ruby192/lib/ruby/1.9.1/base64.rb:38:in `pack'", "C:/Ruby192/lib/ruby/1.9.1/base64.rb:38:in `encode64'", "Test_07_Publisher_category_filer.rb:56:in `test_02_publisher_category_filter_match'", "C:/Ruby192/lib/ruby/1.9.1/minitest/unit.rb:695:in `run'", "C:/Ruby192/lib/ruby/1.9.1/minitest/unit.rb:656:in `block (2 levels) in run_test_suites'", "C:/Ruby192/lib/ruby/1.9.1/minitest/unit.rb:650:in `each'", "C:/Ruby192/lib/ruby/1.9.1/minitest/unit.rb:650:in `block in run_test_suites'", "C:/Ruby192/lib/ruby/1.9.1/minitest/unit.rb:649:in `each'", "C:/Ruby192/lib/ruby/1.9.1/minitest/unit.rb:649:in `run_test_suites'", "C:/Ruby192/lib/ruby/1.9.1/minitest/unit.rb:609:in `run'", "C:/Ruby192/lib/ruby/1.9.1/minitest/unit.rb:508:in `block in autorun'"]
.Started InternetExplorerDriver server (32-bit)
2.39.0.0
Listening on port 5559
Successful Login to Usampadmin
25300

can't convert nil into String
["C:/Ruby192/lib/ruby/1.9.1/base64.rb:38:in `pack'", "C:/Ruby192/lib/ruby/1.9.1/base64.rb:38:in `encode64'", "Test_07_Publisher_category_filer.rb:115:in `test_03_publisher_category_filter_mismatch'", "C:/Ruby192/lib/ruby/1.9.1/minitest/unit.rb:695:in `run'", "C:/Ruby192/lib/ruby/1.9.1/minitest/unit.rb:656:in `block (2 levels) in run_test_suites'", "C:/Ruby192/lib/ruby/1.9.1/minitest/unit.rb:650:in `each'", "C:/Ruby192/lib/ruby/1.9.1/minitest/unit.rb:650:in `block in run_test_suites'", "C:/Ruby192/lib/ruby/1.9.1/minitest/unit.rb:649:in `each'", "C:/Ruby192/lib/ruby/1.9.1/minitest/unit.rb:649:in `run_test_suites'", "C:/Ruby192/lib/ruby/1.9.1/minitest/unit.rb:609:in `run'", "C:/Ruby192/lib/ruby/1.9.1/minitest/unit.rb:508:in `block in autorun'"]
E
Finished in 30.579886 seconds.

  1) Error:
test_03_publisher_category_filter_mismatch(Test_07_Publisher_filter_category):
NoMethodError: undefined method `close' for nil:NilClass
    Test_07_Publisher_category_filer.rb:157:in `rescue in test_03_publisher_category_filter_mismatch'
    Test_07_Publisher_category_filer.rb:100:in `test_03_publisher_category_filter_mismatch'

3 tests, 0 assertions, 0 failures, 1 errors, 0 skips

Test run options: --seed 31969
Loaded suite Test_08_Publisher_margin_%
Started
.Started InternetExplorerDriver server (32-bit)
2.39.0.0
Listening on port 5558
Successful Login to Usampadmin
25300

can't convert nil into String
["C:/Ruby192/lib/ruby/1.9.1/base64.rb:38:in `pack'", "C:/Ruby192/lib/ruby/1.9.1/base64.rb:38:in `encode64'", "Test_08_Publisher_margin_%.rb:58:in `test_02_publisher_margin_match'", "C:/Ruby192/lib/ruby/1.9.1/minitest/unit.rb:695:in `run'", "C:/Ruby192/lib/ruby/1.9.1/minitest/unit.rb:656:in `block (2 levels) in run_test_suites'", "C:/Ruby192/lib/ruby/1.9.1/minitest/unit.rb:650:in `each'", "C:/Ruby192/lib/ruby/1.9.1/minitest/unit.rb:650:in `block in run_test_suites'", "C:/Ruby192/lib/ruby/1.9.1/minitest/unit.rb:649:in `each'", "C:/Ruby192/lib/ruby/1.9.1/minitest/unit.rb:649:in `run_test_suites'", "C:/Ruby192/lib/ruby/1.9.1/minitest/unit.rb:609:in `run'", "C:/Ruby192/lib/ruby/1.9.1/minitest/unit.rb:508:in `block in autorun'"]
Started InternetExplorerDriver server (32-bit)
2.39.0.0
Listening on port 5559
EStarted InternetExplorerDriver server (32-bit)
2.39.0.0
Listening on port 5560
Successful Login to Usampadmin
25300

can't convert nil into String
["C:/Ruby192/lib/ruby/1.9.1/base64.rb:38:in `pack'", "C:/Ruby192/lib/ruby/1.9.1/base64.rb:38:in `encode64'", "Test_08_Publisher_margin_%.rb:124:in `test_03_publisher_margin_mismatch'", "C:/Ruby192/lib/ruby/1.9.1/minitest/unit.rb:695:in `run'", "C:/Ruby192/lib/ruby/1.9.1/minitest/unit.rb:656:in `block (2 levels) in run_test_suites'", "C:/Ruby192/lib/ruby/1.9.1/minitest/unit.rb:650:in `each'", "C:/Ruby192/lib/ruby/1.9.1/minitest/unit.rb:650:in `block in run_test_suites'", "C:/Ruby192/lib/ruby/1.9.1/minitest/unit.rb:649:in `each'", "C:/Ruby192/lib/ruby/1.9.1/minitest/unit.rb:649:in `run_test_suites'", "C:/Ruby192/lib/ruby/1.9.1/minitest/unit.rb:609:in `run'", "C:/Ruby192/lib/ruby/1.9.1/minitest/unit.rb:508:in `block in autorun'"]
Started InternetExplorerDriver server (32-bit)
2.39.0.0
Listening on port 5561
E
Finished in 31.454937 seconds.

  1) Error:
test_02_publisher_margin_match(Test_08_Publisher_margin_percentage):
TypeError: can't convert nil into String
    Test_08_Publisher_margin_%.rb:97:in `+'
    Test_08_Publisher_margin_%.rb:97:in `rescue in test_02_publisher_margin_match'
    Test_08_Publisher_margin_%.rb:40:in `test_02_publisher_margin_match'

  2) Error:
test_03_publisher_margin_mismatch(Test_08_Publisher_margin_percentage):
TypeError: can't convert nil into String
    Test_08_Publisher_margin_%.rb:166:in `+'
    Test_08_Publisher_margin_%.rb:166:in `rescue in test_03_publisher_margin_mismatch'
    Test_08_Publisher_margin_%.rb:106:in `test_03_publisher_margin_mismatch'

3 tests, 0 assertions, 0 failures, 2 errors, 0 skips

Test run options: --seed 29959
Loaded suite Test_09_US_getcount
Started
.Successful Login to Usampadmin
25300

can't convert nil into String
["C:/Ruby192/lib/ruby/1.9.1/base64.rb:38:in `pack'", "C:/Ruby192/lib/ruby/1.9.1/base64.rb:38:in `encode64'", "Test_09_US_getcount.rb:53:in `test_02_US_getcount'", "C:/Ruby192/lib/ruby/1.9.1/minitest/unit.rb:695:in `run'", "C:/Ruby192/lib/ruby/1.9.1/minitest/unit.rb:656:in `block (2 levels) in run_test_suites'", "C:/Ruby192/lib/ruby/1.9.1/minitest/unit.rb:650:in `each'", "C:/Ruby192/lib/ruby/1.9.1/minitest/unit.rb:650:in `block in run_test_suites'", "C:/Ruby192/lib/ruby/1.9.1/minitest/unit.rb:649:in `each'", "C:/Ruby192/lib/ruby/1.9.1/minitest/unit.rb:649:in `run_test_suites'", "C:/Ruby192/lib/ruby/1.9.1/minitest/unit.rb:609:in `run'", "C:/Ruby192/lib/ruby/1.9.1/minitest/unit.rb:508:in `block in autorun'"]
EStarted InternetExplorerDriver server (32-bit)
2.39.0.0
Listening on port 5558
Successful Login to Usampadmin
25300

can't convert nil into String
["C:/Ruby192/lib/ruby/1.9.1/base64.rb:38:in `pack'", "C:/Ruby192/lib/ruby/1.9.1/base64.rb:38:in `encode64'", "Test_09_US_getcount.rb:569:in `test_03_qg_reset_prof_criteria'", "C:/Ruby192/lib/ruby/1.9.1/minitest/unit.rb:695:in `run'", "C:/Ruby192/lib/ruby/1.9.1/minitest/unit.rb:656:in `block (2 levels) in run_test_suites'", "C:/Ruby192/lib/ruby/1.9.1/minitest/unit.rb:650:in `each'", "C:/Ruby192/lib/ruby/1.9.1/minitest/unit.rb:650:in `block in run_test_suites'", "C:/Ruby192/lib/ruby/1.9.1/minitest/unit.rb:649:in `each'", "C:/Ruby192/lib/ruby/1.9.1/minitest/unit.rb:649:in `run_test_suites'", "C:/Ruby192/lib/ruby/1.9.1/minitest/unit.rb:609:in `run'", "C:/Ruby192/lib/ruby/1.9.1/minitest/unit.rb:508:in `block in autorun'"]
EStarted InternetExplorerDriver server (32-bit)
2.39.0.0
Listening on port 5559
Successful Login to Usampadmin
25300

can't convert nil into String
["C:/Ruby192/lib/ruby/1.9.1/base64.rb:38:in `pack'", "C:/Ruby192/lib/ruby/1.9.1/base64.rb:38:in `encode64'", "Test_09_US_getcount.rb:616:in `test_04_us_getcnt_mempub'", "C:/Ruby192/lib/ruby/1.9.1/minitest/unit.rb:695:in `run'", "C:/Ruby192/lib/ruby/1.9.1/minitest/unit.rb:656:in `block (2 levels) in run_test_suites'", "C:/Ruby192/lib/ruby/1.9.1/minitest/unit.rb:650:in `each'", "C:/Ruby192/lib/ruby/1.9.1/minitest/unit.rb:650:in `block in run_test_suites'", "C:/Ruby192/lib/ruby/1.9.1/minitest/unit.rb:649:in `each'", "C:/Ruby192/lib/ruby/1.9.1/minitest/unit.rb:649:in `run_test_suites'", "C:/Ruby192/lib/ruby/1.9.1/minitest/unit.rb:609:in `run'", "C:/Ruby192/lib/ruby/1.9.1/minitest/unit.rb:508:in `block in autorun'"]
EStarted InternetExplorerDriver server (32-bit)
2.39.0.0
Listening on port 5558
Successful Login to Usampadmin
25300

can't convert nil into String
["C:/Ruby192/lib/ruby/1.9.1/base64.rb:38:in `pack'", "C:/Ruby192/lib/ruby/1.9.1/base64.rb:38:in `encode64'", "Test_09_US_getcount.rb:914:in `test_05_qg_reset'", "C:/Ruby192/lib/ruby/1.9.1/minitest/unit.rb:695:in `run'", "C:/Ruby192/lib/ruby/1.9.1/minitest/unit.rb:656:in `block (2 levels) in run_test_suites'", "C:/Ruby192/lib/ruby/1.9.1/minitest/unit.rb:650:in `each'", "C:/Ruby192/lib/ruby/1.9.1/minitest/unit.rb:650:in `block in run_test_suites'", "C:/Ruby192/lib/ruby/1.9.1/minitest/unit.rb:649:in `each'", "C:/Ruby192/lib/ruby/1.9.1/minitest/unit.rb:649:in `run_test_suites'", "C:/Ruby192/lib/ruby/1.9.1/minitest/unit.rb:609:in `run'", "C:/Ruby192/lib/ruby/1.9.1/minitest/unit.rb:508:in `block in autorun'"]
.
Finished in 66.113182 seconds.

  1) Error:
test_02_US_getcount(Test_09_US_getcount):
TypeError: can't convert nil into String
    Test_09_US_getcount.rb:543:in `+'
    Test_09_US_getcount.rb:543:in `rescue in test_02_US_getcount'
    Test_09_US_getcount.rb:39:in `test_02_US_getcount'

  2) Error:
test_03_qg_reset_prof_criteria(Test_09_US_getcount):
TypeError: can't convert nil into String
    Test_09_US_getcount.rb:590:in `+'
    Test_09_US_getcount.rb:590:in `rescue in test_03_qg_reset_prof_criteria'
    Test_09_US_getcount.rb:552:in `test_03_qg_reset_prof_criteria'

  3) Error:
test_04_us_getcnt_mempub(Test_09_US_getcount):
TypeError: can't convert nil into String
    Test_09_US_getcount.rb:889:in `+'
    Test_09_US_getcount.rb:889:in `rescue in test_04_us_getcnt_mempub'
    Test_09_US_getcount.rb:599:in `test_04_us_getcnt_mempub'

5 tests, 0 assertions, 0 failures, 3 errors, 0 skips

Test run options: --seed 25054
Loaded suite Test_10_CAN_getcount
Started
.Successful Login to Usampadmin
25300

EStarted InternetExplorerDriver server (32-bit)
2.39.0.0
Listening on port 5558
Successful Login to Usampadmin
25300

EStarted InternetExplorerDriver server (32-bit)
2.39.0.0
Listening on port 5559
Successful Login to Usampadmin
25300

EStarted InternetExplorerDriver server (32-bit)
2.39.0.0
Listening on port 5560
Successful Login to Usampadmin
25300

E
Finished in 61.644176 seconds.

  1) Error:
test_02_CAN_getcount(Test_10_CAN_getcount):
TypeError: can't convert nil into String
    Test_10_CAN_getcount.rb:61:in `test_02_CAN_getcount'

  2) Error:
test_03_qg_reset_prof_criteria(Test_10_CAN_getcount):
TypeError: can't convert nil into String
    Test_10_CAN_getcount.rb:497:in `test_03_qg_reset_prof_criteria'

  3) Error:
test_04_cangetcnt_mempub(Test_10_CAN_getcount):
TypeError: can't convert nil into String
    Test_10_CAN_getcount.rb:540:in `test_04_cangetcnt_mempub'

  4) Error:
test_05_qg_reset(Test_10_CAN_getcount):
TypeError: can't convert nil into String
    Test_10_CAN_getcount.rb:807:in `test_05_qg_reset'

5 tests, 0 assertions, 0 failures, 4 errors, 0 skips

Test run options: --seed 34903
Loaded suite Test_11_CP_Project
Started
.Sorry! System Failed to login to Network site
..Started InternetExplorerDriver server (32-bit)
2.39.0.0
Listening on port 5558
Started InternetExplorerDriver server (32-bit)
2.39.0.0
Listening on port 5559
Started InternetExplorerDriver server (32-bit)
2.39.0.0
Listening on port 5558
.Successful Login to Usampadmin
Search Passed
Project Update passed
"Luth" not found in select list
["C:/Ruby192/lib/ruby/gems/1.9.1/gems/watir-webdriver-0.6.1/lib/watir-webdriver/elements/select.rb:216:in `no_value_found'", "C:/Ruby192/lib/ruby/gems/1.9.1/gems/watir-webdriver-0.6.1/lib/watir-webdriver/elements/select.rb:150:in `rescue in select_by_string'", "C:/Ruby192/lib/ruby/gems/1.9.1/gems/watir-webdriver-0.6.1/lib/watir-webdriver/elements/select.rb:147:in `select_by_string'", "C:/Ruby192/lib/ruby/gems/1.9.1/gems/watir-webdriver-0.6.1/lib/watir-webdriver/elements/select.rb:129:in `select_by'", "C:/Ruby192/lib/ruby/gems/1.9.1/gems/watir-webdriver-0.6.1/lib/watir-webdriver/elements/select.rb:64:in `select'", "Test_11_CP_Project.rb:370:in `test_05_cp_project_admin'", "C:/Ruby192/lib/ruby/1.9.1/minitest/unit.rb:695:in `run'", "C:/Ruby192/lib/ruby/1.9.1/minitest/unit.rb:656:in `block (2 levels) in run_test_suites'", "C:/Ruby192/lib/ruby/1.9.1/minitest/unit.rb:650:in `each'", "C:/Ruby192/lib/ruby/1.9.1/minitest/unit.rb:650:in `block in run_test_suites'", "C:/Ruby192/lib/ruby/1.9.1/minitest/unit.rb:649:in `each'", "C:/Ruby192/lib/ruby/1.9.1/minitest/unit.rb:649:in `run_test_suites'", "C:/Ruby192/lib/ruby/1.9.1/minitest/unit.rb:609:in `run'", "C:/Ruby192/lib/ruby/1.9.1/minitest/unit.rb:508:in `block in autorun'"]
.No connection could be made because the target machine actively refused it. - connect(2)
["C:/Ruby192/lib/ruby/1.9.1/net/http.rb:644:in `initialize'", "C:/Ruby192/lib/ruby/1.9.1/net/http.rb:644:in `open'", "C:/Ruby192/lib/ruby/1.9.1/net/http.rb:644:in `block in connect'", "C:/Ruby192/lib/ruby/1.9.1/timeout.rb:44:in `timeout'", "C:/Ruby192/lib/ruby/1.9.1/timeout.rb:89:in `timeout'", "C:/Ruby192/lib/ruby/1.9.1/net/http.rb:644:in `connect'", "C:/Ruby192/lib/ruby/1.9.1/net/http.rb:637:in `do_start'", "C:/Ruby192/lib/ruby/1.9.1/net/http.rb:626:in `start'", "C:/Ruby192/lib/ruby/1.9.1/net/http.rb:1168:in `request'", "C:/Ruby192/lib/ruby/gems/1.9.1/gems/selenium-webdriver-2.31.0/lib/selenium/webdriver/remote/http/default.rb:83:in `response_for'", "C:/Ruby192/lib/ruby/gems/1.9.1/gems/selenium-webdriver-2.31.0/lib/selenium/webdriver/remote/http/default.rb:39:in `request'", "C:/Ruby192/lib/ruby/gems/1.9.1/gems/selenium-webdriver-2.31.0/lib/selenium/webdriver/remote/http/common.rb:40:in `call'", "C:/Ruby192/lib/ruby/gems/1.9.1/gems/selenium-webdriver-2.31.0/lib/selenium/webdriver/remote/bridge.rb:616:in `raw_execute'", "C:/Ruby192/lib/ruby/gems/1.9.1/gems/selenium-webdriver-2.31.0/lib/selenium/webdriver/remote/bridge.rb:594:in `execute'", "C:/Ruby192/lib/ruby/gems/1.9.1/gems/selenium-webdriver-2.31.0/lib/selenium/webdriver/remote/bridge.rb:100:in `get'", "C:/Ruby192/lib/ruby/gems/1.9.1/gems/selenium-webdriver-2.31.0/lib/selenium/webdriver/common/navigation.rb:14:in `to'", "C:/Ruby192/lib/ruby/gems/1.9.1/gems/watir-webdriver-0.6.1/lib/watir-webdriver/browser.rb:63:in `goto'", "Test_11_CP_Project.rb:462:in `test_06_project_close'", "C:/Ruby192/lib/ruby/1.9.1/minitest/unit.rb:695:in `run'", "C:/Ruby192/lib/ruby/1.9.1/minitest/unit.rb:656:in `block (2 levels) in run_test_suites'", "C:/Ruby192/lib/ruby/1.9.1/minitest/unit.rb:650:in `each'", "C:/Ruby192/lib/ruby/1.9.1/minitest/unit.rb:650:in `block in run_test_suites'", "C:/Ruby192/lib/ruby/1.9.1/minitest/unit.rb:649:in `each'", "C:/Ruby192/lib/ruby/1.9.1/minitest/unit.rb:649:in `run_test_suites'", "C:/Ruby192/lib/ruby/1.9.1/minitest/unit.rb:609:in `run'", "C:/Ruby192/lib/ruby/1.9.1/minitest/unit.rb:508:in `block in autorun'"]
.
Finished in 261.499437 seconds.

6 tests, 0 assertions, 0 failures, 0 errors, 0 skips

Test run options: --seed 45548
Loaded suite Test_12_CP_rule_processing
Started
.Logged it to Network site
Project created
.Supplier added
.**** 5656 *****
1
0
0
0
0
0
Started InternetExplorerDriver server (32-bit)
2.39.0.0
Listening on port 5558
Started InternetExplorerDriver server (32-bit)
2.39.0.0
Listening on port 5559
MAX_CLICKS: PASS
Started InternetExplorerDriver server (32-bit)
2.39.0.0
Listening on port 5558
DUP PANEL ACC: PASS
Started InternetExplorerDriver server (32-bit)
2.39.0.0
Listening on port 5558
Started InternetExplorerDriver server (32-bit)
2.39.0.0
Listening on port 5559
DUP COMPL: PASS
Started InternetExplorerDriver server (32-bit)
2.39.0.0
Listening on port 5558
Started InternetExplorerDriver server (32-bit)
2.39.0.0
Listening on port 5559
GEO_IP: PASS
Started InternetExplorerDriver server (32-bit)
2.39.0.0
Listening on port 5558
PROF:PASS
PROXY:FAIL
Started InternetExplorerDriver server (32-bit)
2.39.0.0
Listening on port 5558
SPAMMER:PASS
..
Finished in 417.586552 seconds.

5 tests, 0 assertions, 0 failures, 0 errors, 0 skips

Test run options: --seed 38788
Loaded suite Test_13_Curl_pixel
Started
.Successful Login to Usampadmin
*** PIXEL SETTINGS DONE  ***
.Started InternetExplorerDriver server (32-bit)
2.39.0.0
Listening on port 5558
test string
auto_test.des2014-02-04050026@mailop.com
**** Waiting for surveys to load ****
.auto_test.des2014-02-04050026@mailop.com
Successful Login to ipoll site

can't convert nil into String
["C:/Ruby192/lib/ruby/1.9.1/base64.rb:38:in `pack'", "C:/Ruby192/lib/ruby/1.9.1/base64.rb:38:in `encode64'", "Test_13_Curl_pixel.rb:175:in `test_04_survey_complete'", "C:/Ruby192/lib/ruby/1.9.1/minitest/unit.rb:695:in `run'", "C:/Ruby192/lib/ruby/1.9.1/minitest/unit.rb:656:in `block (2 levels) in run_test_suites'", "C:/Ruby192/lib/ruby/1.9.1/minitest/unit.rb:650:in `each'", "C:/Ruby192/lib/ruby/1.9.1/minitest/unit.rb:650:in `block in run_test_suites'", "C:/Ruby192/lib/ruby/1.9.1/minitest/unit.rb:649:in `each'", "C:/Ruby192/lib/ruby/1.9.1/minitest/unit.rb:649:in `run_test_suites'", "C:/Ruby192/lib/ruby/1.9.1/minitest/unit.rb:609:in `run'", "C:/Ruby192/lib/ruby/1.9.1/minitest/unit.rb:508:in `block in autorun'"]
.Successful Login to Usampadmin
25300

can't convert nil into String
["C:/Ruby192/lib/ruby/1.9.1/base64.rb:38:in `pack'", "C:/Ruby192/lib/ruby/1.9.1/base64.rb:38:in `encode64'", "Test_13_Curl_pixel.rb:231:in `test_06_survey_fail'", "C:/Ruby192/lib/ruby/1.9.1/minitest/unit.rb:695:in `run'", "C:/Ruby192/lib/ruby/1.9.1/minitest/unit.rb:656:in `block (2 levels) in run_test_suites'", "C:/Ruby192/lib/ruby/1.9.1/minitest/unit.rb:650:in `each'", "C:/Ruby192/lib/ruby/1.9.1/minitest/unit.rb:650:in `block in run_test_suites'", "C:/Ruby192/lib/ruby/1.9.1/minitest/unit.rb:649:in `each'", "C:/Ruby192/lib/ruby/1.9.1/minitest/unit.rb:649:in `run_test_suites'", "C:/Ruby192/lib/ruby/1.9.1/minitest/unit.rb:609:in `run'", "C:/Ruby192/lib/ruby/1.9.1/minitest/unit.rb:508:in `block in autorun'"]
.
Finished in 200.995952 seconds.

5 tests, 0 assertions, 0 failures, 0 errors, 0 skips

Test run options: --seed 41642
Loaded suite Test_14_Traditional_pixel
Started
.Started InternetExplorerDriver server (32-bit)
2.39.0.0
Listening on port 5558
Successful Login to Usampadmin
*** PIXEL SETTINGS DONE  ***
.test string
auto_test.des2014-02-04050425@mailop.com
**** Waiting for surveys to load ****
*** Check Pixels ***
.auto_test.des2014-02-04050425@mailop.com
Successful Login to ipoll site

can't convert nil into String
["C:/Ruby192/lib/ruby/1.9.1/base64.rb:38:in `pack'", "C:/Ruby192/lib/ruby/1.9.1/base64.rb:38:in `encode64'", "Test_14_Traditional_pixel.rb:173:in `test_04_survey_complete'", "C:/Ruby192/lib/ruby/1.9.1/minitest/unit.rb:695:in `run'", "C:/Ruby192/lib/ruby/1.9.1/minitest/unit.rb:656:in `block (2 levels) in run_test_suites'", "C:/Ruby192/lib/ruby/1.9.1/minitest/unit.rb:650:in `each'", "C:/Ruby192/lib/ruby/1.9.1/minitest/unit.rb:650:in `block in run_test_suites'", "C:/Ruby192/lib/ruby/1.9.1/minitest/unit.rb:649:in `each'", "C:/Ruby192/lib/ruby/1.9.1/minitest/unit.rb:649:in `run_test_suites'", "C:/Ruby192/lib/ruby/1.9.1/minitest/unit.rb:609:in `run'", "C:/Ruby192/lib/ruby/1.9.1/minitest/unit.rb:508:in `block in autorun'"]
.Started InternetExplorerDriver server (32-bit)
2.39.0.0
Listening on port 5558
Successful Login to Usampadmin
25300

can't convert nil into String
["C:/Ruby192/lib/ruby/1.9.1/base64.rb:38:in `pack'", "C:/Ruby192/lib/ruby/1.9.1/base64.rb:38:in `encode64'", "Test_14_Traditional_pixel.rb:232:in `test_06_survey_fail'", "C:/Ruby192/lib/ruby/1.9.1/minitest/unit.rb:695:in `run'", "C:/Ruby192/lib/ruby/1.9.1/minitest/unit.rb:656:in `block (2 levels) in run_test_suites'", "C:/Ruby192/lib/ruby/1.9.1/minitest/unit.rb:650:in `each'", "C:/Ruby192/lib/ruby/1.9.1/minitest/unit.rb:650:in `block in run_test_suites'", "C:/Ruby192/lib/ruby/1.9.1/minitest/unit.rb:649:in `each'", "C:/Ruby192/lib/ruby/1.9.1/minitest/unit.rb:649:in `run_test_suites'", "C:/Ruby192/lib/ruby/1.9.1/minitest/unit.rb:609:in `run'", "C:/Ruby192/lib/ruby/1.9.1/minitest/unit.rb:508:in `block in autorun'"]
.auto_test.des2014-02-04050425@mailop.com
Successful Login to ipoll site
https://www.p.ipoll.com/profile.php?PrId=81e6ffeed42b6a37c045da4d35fa7943&PrLId=b656998ee46e68cc2b18f7a1f82eec4f
.Started InternetExplorerDriver server (32-bit)
2.39.0.0
Listening on port 5558
Successful Login to Usampadmin
*** PIXEL RESETTINGS DONE  ***
.
Finished in 374.595346 seconds.

7 tests, 0 assertions, 0 failures, 0 errors, 0 skips

Test run options: --seed 13355
Loaded suite Test_16_Reward_creation
Started
.Started InternetExplorerDriver server (32-bit)
2.39.0.0
Listening on port 5558
Successful Login to Usampadmin
Donation_2014-02-04 05:10:02
Don_passed
1934
.Started InternetExplorerDriver server (32-bit)
2.39.0.0
Listening on port 5558
Successful Login to Usampadmin
GIFT_CERT_2014-02-04 05:10:57
Gift_passed
1935
.Donation_2014-02-04 05:10:02
GIFT_CERT_2014-02-04 05:10:57
Successful Login to ipoll site
waiting for rewards1 to load
waiting for rewards2 to load
Donation
waiting for rewards3 to load
waiting for rewards4 to load
waiting for surveys5 to load
waiting for rewards6 to load
waiting for rewards7 to load
.
Finished in 255.276138 seconds.

4 tests, 0 assertions, 0 failures, 0 errors, 0 skips

Test run options: --seed 41958
Loaded suite Test_17_Member_data_review
Started
.Started InternetExplorerDriver server (32-bit)
2.39.0.0
Listening on port 5558
Successful Login to Usampadmin
25300

ESuccessful Login to ipoll site
## Waiting for surveys to load ##
can't convert nil into String
["C:/Ruby192/lib/ruby/1.9.1/base64.rb:38:in `pack'", "C:/Ruby192/lib/ruby/1.9.1/base64.rb:38:in `encode64'", "Test_17_Member_data_review.rb:194:in `test_03_member_data_review'", "C:/Ruby192/lib/ruby/1.9.1/minitest/unit.rb:695:in `run'", "C:/Ruby192/lib/ruby/1.9.1/minitest/unit.rb:656:in `block (2 levels) in run_test_suites'", "C:/Ruby192/lib/ruby/1.9.1/minitest/unit.rb:650:in `each'", "C:/Ruby192/lib/ruby/1.9.1/minitest/unit.rb:650:in `block in run_test_suites'", "C:/Ruby192/lib/ruby/1.9.1/minitest/unit.rb:649:in `each'", "C:/Ruby192/lib/ruby/1.9.1/minitest/unit.rb:649:in `run_test_suites'", "C:/Ruby192/lib/ruby/1.9.1/minitest/unit.rb:609:in `run'", "C:/Ruby192/lib/ruby/1.9.1/minitest/unit.rb:508:in `block in autorun'"]
ESuccessful Login to ipoll site
## Waiting for surveys to load ##
can't convert nil into String
["C:/Ruby192/lib/ruby/1.9.1/base64.rb:38:in `pack'", "C:/Ruby192/lib/ruby/1.9.1/base64.rb:38:in `encode64'", "Test_17_Member_data_review.rb:314:in `test_04_member_data_invalid'", "C:/Ruby192/lib/ruby/1.9.1/minitest/unit.rb:695:in `run'", "C:/Ruby192/lib/ruby/1.9.1/minitest/unit.rb:656:in `block (2 levels) in run_test_suites'", "C:/Ruby192/lib/ruby/1.9.1/minitest/unit.rb:650:in `each'", "C:/Ruby192/lib/ruby/1.9.1/minitest/unit.rb:650:in `block in run_test_suites'", "C:/Ruby192/lib/ruby/1.9.1/minitest/unit.rb:649:in `each'", "C:/Ruby192/lib/ruby/1.9.1/minitest/unit.rb:649:in `run_test_suites'", "C:/Ruby192/lib/ruby/1.9.1/minitest/unit.rb:609:in `run'", "C:/Ruby192/lib/ruby/1.9.1/minitest/unit.rb:508:in `block in autorun'"]
EStarted InternetExplorerDriver server (32-bit)
2.39.0.0
Listening on port 5559
Successful Login to Usampadmin
25300
115203
Modal dialog present
["C:/Ruby192/lib/ruby/gems/1.9.1/gems/selenium-webdriver-2.31.0/lib/selenium/webdriver/remote/response.rb:52:in `assert_ok'", "C:/Ruby192/lib/ruby/gems/1.9.1/gems/selenium-webdriver-2.31.0/lib/selenium/webdriver/remote/response.rb:15:in `initialize'", "C:/Ruby192/lib/ruby/gems/1.9.1/gems/selenium-webdriver-2.31.0/lib/selenium/webdriver/remote/http/common.rb:59:in `new'", "C:/Ruby192/lib/ruby/gems/1.9.1/gems/selenium-webdriver-2.31.0/lib/selenium/webdriver/remote/http/common.rb:59:in `create_response'", "C:/Ruby192/lib/ruby/gems/1.9.1/gems/selenium-webdriver-2.31.0/lib/selenium/webdriver/remote/http/default.rb:66:in `request'", "C:/Ruby192/lib/ruby/gems/1.9.1/gems/selenium-webdriver-2.31.0/lib/selenium/webdriver/remote/http/common.rb:40:in `call'", "C:/Ruby192/lib/ruby/gems/1.9.1/gems/selenium-webdriver-2.31.0/lib/selenium/webdriver/remote/bridge.rb:616:in `raw_execute'", "C:/Ruby192/lib/ruby/gems/1.9.1/gems/selenium-webdriver-2.31.0/lib/selenium/webdriver/remote/bridge.rb:594:in `execute'", "C:/Ruby192/lib/ruby/gems/1.9.1/gems/selenium-webdriver-2.31.0/lib/selenium/webdriver/remote/bridge.rb:184:in `switchToDefaultContent'", "C:/Ruby192/lib/ruby/gems/1.9.1/gems/selenium-webdriver-2.31.0/lib/selenium/webdriver/common/target_locator.rb:68:in `default_content'", "C:/Ruby192/lib/ruby/gems/1.9.1/gems/watir-webdriver-0.6.1/lib/watir-webdriver/browser.rb:180:in `assert_exists'", "C:/Ruby192/lib/ruby/gems/1.9.1/gems/watir-webdriver-0.6.1/lib/watir-webdriver/elements/element.rb:383:in `locate'", "C:/Ruby192/lib/ruby/gems/1.9.1/gems/watir-webdriver-0.6.1/lib/watir-webdriver/elements/element.rb:362:in `assert_exists'", "C:/Ruby192/lib/ruby/gems/1.9.1/gems/watir-webdriver-0.6.1/lib/watir-webdriver/elements/element.rb:95:in `click'", "Test_17_Member_data_review.rb:437:in `test_05_qg_reset'", "C:/Ruby192/lib/ruby/1.9.1/minitest/unit.rb:695:in `run'", "C:/Ruby192/lib/ruby/1.9.1/minitest/unit.rb:656:in `block (2 levels) in run_test_suites'", "C:/Ruby192/lib/ruby/1.9.1/minitest/unit.rb:650:in `each'", "C:/Ruby192/lib/ruby/1.9.1/minitest/unit.rb:650:in `block in run_test_suites'", "C:/Ruby192/lib/ruby/1.9.1/minitest/unit.rb:649:in `each'", "C:/Ruby192/lib/ruby/1.9.1/minitest/unit.rb:649:in `run_test_suites'", "C:/Ruby192/lib/ruby/1.9.1/minitest/unit.rb:609:in `run'", "C:/Ruby192/lib/ruby/1.9.1/minitest/unit.rb:508:in `block in autorun'"]
.
Finished in 128.450652 seconds.

  1) Error:
test_02_copy_qg_change_reward(Test_17_Member_data_review):
TypeError: can't convert nil into String
    Test_17_Member_data_review.rb:70:in `test_02_copy_qg_change_reward'

  2) Error:
test_03_member_data_review(Test_17_Member_data_review):
TypeError: can't convert nil into String
    Test_17_Member_data_review.rb:286:in `+'
    Test_17_Member_data_review.rb:286:in `rescue in test_03_member_data_review'
    Test_17_Member_data_review.rb:187:in `test_03_member_data_review'

  3) Error:
test_04_member_data_invalid(Test_17_Member_data_review):
TypeError: can't convert nil into String
    Test_17_Member_data_review.rb:406:in `+'
    Test_17_Member_data_review.rb:406:in `rescue in test_04_member_data_invalid'
    Test_17_Member_data_review.rb:307:in `test_04_member_data_invalid'

5 tests, 0 assertions, 0 failures, 3 errors, 0 skips

Test run options: --seed 43129
Loaded suite Test_18_Publisher_bids
Started
.25300
115203
Started InternetExplorerDriver server (32-bit)
2.39.0.0
Listening on port 5558
Successful Login to Usampadmin
Modal dialog present
["C:/Ruby192/lib/ruby/gems/1.9.1/gems/selenium-webdriver-2.31.0/lib/selenium/webdriver/remote/response.rb:52:in `assert_ok'", "C:/Ruby192/lib/ruby/gems/1.9.1/gems/selenium-webdriver-2.31.0/lib/selenium/webdriver/remote/response.rb:15:in `initialize'", "C:/Ruby192/lib/ruby/gems/1.9.1/gems/selenium-webdriver-2.31.0/lib/selenium/webdriver/remote/http/common.rb:59:in `new'", "C:/Ruby192/lib/ruby/gems/1.9.1/gems/selenium-webdriver-2.31.0/lib/selenium/webdriver/remote/http/common.rb:59:in `create_response'", "C:/Ruby192/lib/ruby/gems/1.9.1/gems/selenium-webdriver-2.31.0/lib/selenium/webdriver/remote/http/default.rb:66:in `request'", "C:/Ruby192/lib/ruby/gems/1.9.1/gems/selenium-webdriver-2.31.0/lib/selenium/webdriver/remote/http/common.rb:40:in `call'", "C:/Ruby192/lib/ruby/gems/1.9.1/gems/selenium-webdriver-2.31.0/lib/selenium/webdriver/remote/bridge.rb:616:in `raw_execute'", "C:/Ruby192/lib/ruby/gems/1.9.1/gems/selenium-webdriver-2.31.0/lib/selenium/webdriver/remote/bridge.rb:594:in `execute'", "C:/Ruby192/lib/ruby/gems/1.9.1/gems/selenium-webdriver-2.31.0/lib/selenium/webdriver/remote/bridge.rb:100:in `get'", "C:/Ruby192/lib/ruby/gems/1.9.1/gems/selenium-webdriver-2.31.0/lib/selenium/webdriver/common/navigation.rb:14:in `to'", "C:/Ruby192/lib/ruby/gems/1.9.1/gems/watir-webdriver-0.6.1/lib/watir-webdriver/browser.rb:63:in `goto'", "Test_18_Publisher_bids.rb:67:in `test_02_request_bid'", "C:/Ruby192/lib/ruby/1.9.1/minitest/unit.rb:695:in `run'", "C:/Ruby192/lib/ruby/1.9.1/minitest/unit.rb:656:in `block (2 levels) in run_test_suites'", "C:/Ruby192/lib/ruby/1.9.1/minitest/unit.rb:650:in `each'", "C:/Ruby192/lib/ruby/1.9.1/minitest/unit.rb:650:in `block in run_test_suites'", "C:/Ruby192/lib/ruby/1.9.1/minitest/unit.rb:649:in `each'", "C:/Ruby192/lib/ruby/1.9.1/minitest/unit.rb:649:in `run_test_suites'", "C:/Ruby192/lib/ruby/1.9.1/minitest/unit.rb:609:in `run'", "C:/Ruby192/lib/ruby/1.9.1/minitest/unit.rb:508:in `block in autorun'"]
.Logged it to Network site
unable to locate element, using {:href=>/bid_live_projects_email.php/, :tag_name=>"a"}
["C:/Ruby192/lib/ruby/gems/1.9.1/gems/watir-webdriver-0.6.1/lib/watir-webdriver/elements/element.rb:365:in `assert_exists'", "C:/Ruby192/lib/ruby/gems/1.9.1/gems/watir-webdriver-0.6.1/lib/watir-webdriver/elements/element.rb:95:in `click'", "Test_18_Publisher_bids.rb:125:in `test_03_reject_bid'", "C:/Ruby192/lib/ruby/1.9.1/minitest/unit.rb:695:in `run'", "C:/Ruby192/lib/ruby/1.9.1/minitest/unit.rb:656:in `block (2 levels) in run_test_suites'", "C:/Ruby192/lib/ruby/1.9.1/minitest/unit.rb:650:in `each'", "C:/Ruby192/lib/ruby/1.9.1/minitest/unit.rb:650:in `block in run_test_suites'", "C:/Ruby192/lib/ruby/1.9.1/minitest/unit.rb:649:in `each'", "C:/Ruby192/lib/ruby/1.9.1/minitest/unit.rb:649:in `run_test_suites'", "C:/Ruby192/lib/ruby/1.9.1/minitest/unit.rb:609:in `run'", "C:/Ruby192/lib/ruby/1.9.1/minitest/unit.rb:508:in `block in autorun'"]
.Started InternetExplorerDriver server (32-bit)
2.39.0.0
Listening on port 5558
Successful Login to Usampadmin
unable to locate element, using {:href=>/bid_project_rejected_publishers.php/, :tag_name=>"a"}
["C:/Ruby192/lib/ruby/gems/1.9.1/gems/watir-webdriver-0.6.1/lib/watir-webdriver/elements/element.rb:365:in `assert_exists'", "C:/Ruby192/lib/ruby/gems/1.9.1/gems/watir-webdriver-0.6.1/lib/watir-webdriver/elements/element.rb:95:in `click'", "Test_18_Publisher_bids.rb:169:in `test_04_check_admin'", "C:/Ruby192/lib/ruby/1.9.1/minitest/unit.rb:695:in `run'", "C:/Ruby192/lib/ruby/1.9.1/minitest/unit.rb:656:in `block (2 levels) in run_test_suites'", "C:/Ruby192/lib/ruby/1.9.1/minitest/unit.rb:650:in `each'", "C:/Ruby192/lib/ruby/1.9.1/minitest/unit.rb:650:in `block in run_test_suites'", "C:/Ruby192/lib/ruby/1.9.1/minitest/unit.rb:649:in `each'", "C:/Ruby192/lib/ruby/1.9.1/minitest/unit.rb:649:in `run_test_suites'", "C:/Ruby192/lib/ruby/1.9.1/minitest/unit.rb:609:in `run'", "C:/Ruby192/lib/ruby/1.9.1/minitest/unit.rb:508:in `block in autorun'"]
.Started InternetExplorerDriver server (32-bit)
2.39.0.0
Listening on port 5559
Successful Login to Usampadmin
unable to locate element, using {:xpath=>"(//input[@name='rdbPublisher'])[2]", :tag_name=>"input", :type=>"radio"}
["C:/Ruby192/lib/ruby/gems/1.9.1/gems/watir-webdriver-0.6.1/lib/watir-webdriver/elements/element.rb:365:in `assert_exists'", "C:/Ruby192/lib/ruby/gems/1.9.1/gems/watir-webdriver-0.6.1/lib/watir-webdriver/elements/element.rb:95:in `click'", "Test_18_Publisher_bids.rb:212:in `test_05_request_second_bid'", "C:/Ruby192/lib/ruby/1.9.1/minitest/unit.rb:695:in `run'", "C:/Ruby192/lib/ruby/1.9.1/minitest/unit.rb:656:in `block (2 levels) in run_test_suites'", "C:/Ruby192/lib/ruby/1.9.1/minitest/unit.rb:650:in `each'", "C:/Ruby192/lib/ruby/1.9.1/minitest/unit.rb:650:in `block in run_test_suites'", "C:/Ruby192/lib/ruby/1.9.1/minitest/unit.rb:649:in `each'", "C:/Ruby192/lib/ruby/1.9.1/minitest/unit.rb:649:in `run_test_suites'", "C:/Ruby192/lib/ruby/1.9.1/minitest/unit.rb:609:in `run'", "C:/Ruby192/lib/ruby/1.9.1/minitest/unit.rb:508:in `block in autorun'"]
.Logged it to Network site
unable to locate element, using {:href=>/bid_live_projects_email.php/, :tag_name=>"a"}
["C:/Ruby192/lib/ruby/gems/1.9.1/gems/watir-webdriver-0.6.1/lib/watir-webdriver/elements/element.rb:365:in `assert_exists'", "C:/Ruby192/lib/ruby/gems/1.9.1/gems/watir-webdriver-0.6.1/lib/watir-webdriver/elements/element.rb:95:in `click'", "Test_18_Publisher_bids.rb:265:in `test_06_respond_bid'", "C:/Ruby192/lib/ruby/1.9.1/minitest/unit.rb:695:in `run'", "C:/Ruby192/lib/ruby/1.9.1/minitest/unit.rb:656:in `block (2 levels) in run_test_suites'", "C:/Ruby192/lib/ruby/1.9.1/minitest/unit.rb:650:in `each'", "C:/Ruby192/lib/ruby/1.9.1/minitest/unit.rb:650:in `block in run_test_suites'", "C:/Ruby192/lib/ruby/1.9.1/minitest/unit.rb:649:in `each'", "C:/Ruby192/lib/ruby/1.9.1/minitest/unit.rb:649:in `run_test_suites'", "C:/Ruby192/lib/ruby/1.9.1/minitest/unit.rb:609:in `run'", "C:/Ruby192/lib/ruby/1.9.1/minitest/unit.rb:508:in `block in autorun'"]
.Started InternetExplorerDriver server (32-bit)
2.39.0.0
Listening on port 5558
Successful Login to Usampadmin
Fail
.
Finished in 172.267638 seconds.

7 tests, 0 assertions, 0 failures, 0 errors, 0 skips

Test run options: --seed 35840
Loaded suite Test_19_Virtual_currency_reflection
Started
.Started InternetExplorerDriver server (32-bit)
2.39.0.0
Listening on port 5558
Successful Login to Usampadmin
Successful Login to Focusline site
VC ON V1.0 PASS
.Started InternetExplorerDriver server (32-bit)
2.39.0.0
Listening on port 5558
Successful Login to Usampadmin
Successful Login to Focusline site
VC ON V2.0 PASS
.Started InternetExplorerDriver server (32-bit)
2.39.0.0
Listening on port 5558
Successful Login to Usampadmin
.
Finished in 175.033547 seconds.

4 tests, 0 assertions, 0 failures, 0 errors, 0 skips

Test run options: --seed 20777
Loaded suite Test_20_Custom_reward
Started
.Started InternetExplorerDriver server (32-bit)
2.39.0.0
Listening on port 5558
Successful Login to Usampadmin
Successful Login to Focusline site
PASS
.
Finished in 85.274356 seconds.

2 tests, 0 assertions, 0 failures, 0 errors, 0 skips

Test run options: --seed 34161
Loaded suite Test_21_Registration_management
Started
.PASS
test string
PASS
.Started InternetExplorerDriver server (32-bit)
2.39.0.0
Listening on port 5558
Successful Login to Usampadmin
PASS
.COUNTRY/LANGUAGE DOES NOT EXIST
Failed on page 1
Failed on page 2
.Started InternetExplorerDriver server (32-bit)
2.39.0.0
Listening on port 5558
Successful Login to Usampadmin
PASS
.
Finished in 160.750834 seconds.

5 tests, 0 assertions, 0 failures, 0 errors, 0 skips

Test run options: --seed 8356
Loaded suite Test_22_Profile_redirection_on_signup
Started
.Successful Login to Usampadmin
test string
.Started InternetExplorerDriver server (32-bit)
2.39.0.0
Listening on port 5558
Successful Login to Usampadmin
test string
.
Finished in 238.477543 seconds.

3 tests, 0 assertions, 0 failures, 0 errors, 0 skips

Test run options: --seed 48326
Loaded suite Test_23_Request_cash_out
Started
.GIFT_CERT_2014-02-04 05:10:57
Successful Login to ipoll site
unable to locate element, using {:name=>"btnCashOut", :tag_name=>"button"}
["C:/Ruby192/lib/ruby/gems/1.9.1/gems/watir-webdriver-0.6.1/lib/watir-webdriver/elements/element.rb:365:in `assert_exists'", "C:/Ruby192/lib/ruby/gems/1.9.1/gems/watir-webdriver-0.6.1/lib/watir-webdriver/elements/element.rb:95:in `click'", "Test_23_Request_cash_out.rb:63:in `test_02_request_gift_cert'", "C:/Ruby192/lib/ruby/1.9.1/minitest/unit.rb:695:in `run'", "C:/Ruby192/lib/ruby/1.9.1/minitest/unit.rb:656:in `block (2 levels) in run_test_suites'", "C:/Ruby192/lib/ruby/1.9.1/minitest/unit.rb:650:in `each'", "C:/Ruby192/lib/ruby/1.9.1/minitest/unit.rb:650:in `block in run_test_suites'", "C:/Ruby192/lib/ruby/1.9.1/minitest/unit.rb:649:in `each'", "C:/Ruby192/lib/ruby/1.9.1/minitest/unit.rb:649:in `run_test_suites'", "C:/Ruby192/lib/ruby/1.9.1/minitest/unit.rb:609:in `run'", "C:/Ruby192/lib/ruby/1.9.1/minitest/unit.rb:508:in `block in autorun'"]
EDonation_2014-02-04 05:10:02
Successful Login to ipoll site
Pass
.Donation_2014-02-04 05:10:02
GIFT_CERT_2014-02-04 05:10:57
Successful Login to ipoll site
.GIFT_CERT_2014-02-04 05:10:57
Successful Login to ipoll site
unable to locate element, using {:id=>"btnCashOut", :tag_name=>"button"}
["C:/Ruby192/lib/ruby/gems/1.9.1/gems/watir-webdriver-0.6.1/lib/watir-webdriver/elements/element.rb:365:in `assert_exists'", "C:/Ruby192/lib/ruby/gems/1.9.1/gems/watir-webdriver-0.6.1/lib/watir-webdriver/elements/element.rb:95:in `click'", "Test_23_Request_cash_out.rb:245:in `test_05_request_gift_cert_for_rejection_later'", "C:/Ruby192/lib/ruby/1.9.1/minitest/unit.rb:695:in `run'", "C:/Ruby192/lib/ruby/1.9.1/minitest/unit.rb:656:in `block (2 levels) in run_test_suites'", "C:/Ruby192/lib/ruby/1.9.1/minitest/unit.rb:650:in `each'", "C:/Ruby192/lib/ruby/1.9.1/minitest/unit.rb:650:in `block in run_test_suites'", "C:/Ruby192/lib/ruby/1.9.1/minitest/unit.rb:649:in `each'", "C:/Ruby192/lib/ruby/1.9.1/minitest/unit.rb:649:in `run_test_suites'", "C:/Ruby192/lib/ruby/1.9.1/minitest/unit.rb:609:in `run'", "C:/Ruby192/lib/ruby/1.9.1/minitest/unit.rb:508:in `block in autorun'"]
.Donation_2014-02-04 05:10:02
Successful Login to ipoll site
unable to locate element, using {:id=>"btnCashOut", :tag_name=>"button"}
["C:/Ruby192/lib/ruby/gems/1.9.1/gems/watir-webdriver-0.6.1/lib/watir-webdriver/elements/element.rb:365:in `assert_exists'", "C:/Ruby192/lib/ruby/gems/1.9.1/gems/watir-webdriver-0.6.1/lib/watir-webdriver/elements/element.rb:95:in `click'", "Test_23_Request_cash_out.rb:287:in `test_06_request_donation_for_rejection_later'", "C:/Ruby192/lib/ruby/1.9.1/minitest/unit.rb:695:in `run'", "C:/Ruby192/lib/ruby/1.9.1/minitest/unit.rb:656:in `block (2 levels) in run_test_suites'", "C:/Ruby192/lib/ruby/1.9.1/minitest/unit.rb:650:in `each'", "C:/Ruby192/lib/ruby/1.9.1/minitest/unit.rb:650:in `block in run_test_suites'", "C:/Ruby192/lib/ruby/1.9.1/minitest/unit.rb:649:in `each'", "C:/Ruby192/lib/ruby/1.9.1/minitest/unit.rb:649:in `run_test_suites'", "C:/Ruby192/lib/ruby/1.9.1/minitest/unit.rb:609:in `run'", "C:/Ruby192/lib/ruby/1.9.1/minitest/unit.rb:508:in `block in autorun'"]
.
Finished in 364.959243 seconds.

  1) Error:
test_02_request_gift_cert(Test_23_Request_cash_out):
TypeError: can't convert nil into String
    Test_23_Request_cash_out.rb:83:in `+'
    Test_23_Request_cash_out.rb:83:in `rescue in test_02_request_gift_cert'
    Test_23_Request_cash_out.rb:44:in `test_02_request_gift_cert'

6 tests, 0 assertions, 0 failures, 1 errors, 0 skips

Test run options: --seed 594
Loaded suite Test_24_Survey_redirection
Started
.Started InternetExplorerDriver server (32-bit)
2.39.0.0
Listening on port 5558
Successful Login to Usampadmin
25300

can't convert nil into String
["C:/Ruby192/lib/ruby/1.9.1/base64.rb:38:in `pack'", "C:/Ruby192/lib/ruby/1.9.1/base64.rb:38:in `encode64'", "Test_24_Survey_redirection.rb:60:in `test_02_std_red_set'", "C:/Ruby192/lib/ruby/1.9.1/minitest/unit.rb:695:in `run'", "C:/Ruby192/lib/ruby/1.9.1/minitest/unit.rb:656:in `block (2 levels) in run_test_suites'", "C:/Ruby192/lib/ruby/1.9.1/minitest/unit.rb:650:in `each'", "C:/Ruby192/lib/ruby/1.9.1/minitest/unit.rb:650:in `block in run_test_suites'", "C:/Ruby192/lib/ruby/1.9.1/minitest/unit.rb:649:in `each'", "C:/Ruby192/lib/ruby/1.9.1/minitest/unit.rb:649:in `run_test_suites'", "C:/Ruby192/lib/ruby/1.9.1/minitest/unit.rb:609:in `run'", "C:/Ruby192/lib/ruby/1.9.1/minitest/unit.rb:508:in `block in autorun'"]
.Started InternetExplorerDriver server (32-bit)
2.39.0.0
Listening on port 5559
Successful Login to Usampadmin
.Successful Login to Focusline site
FAIL** SURVEY NOT SHOWN ON DASHBOARD
.Started InternetExplorerDriver server (32-bit)
2.39.0.0
Listening on port 5558
Successful Login to Usampadmin
.Successful Login to Focusline site
FAIL** SURVEY NOT SHOWN ON DASHBOARD
.Started InternetExplorerDriver server (32-bit)
2.39.0.0
Listening on port 5558
Successful Login to Usampadmin
.Started InternetExplorerDriver server (32-bit)
2.39.0.0
Listening on port 5558
Successful Login to Usampadmin
25300

can't convert nil into String
["C:/Ruby192/lib/ruby/1.9.1/base64.rb:38:in `pack'", "C:/Ruby192/lib/ruby/1.9.1/base64.rb:38:in `encode64'", "Test_24_Survey_redirection.rb:293:in `test_08_reset_all'", "C:/Ruby192/lib/ruby/1.9.1/minitest/unit.rb:695:in `run'", "C:/Ruby192/lib/ruby/1.9.1/minitest/unit.rb:656:in `block (2 levels) in run_test_suites'", "C:/Ruby192/lib/ruby/1.9.1/minitest/unit.rb:650:in `each'", "C:/Ruby192/lib/ruby/1.9.1/minitest/unit.rb:650:in `block in run_test_suites'", "C:/Ruby192/lib/ruby/1.9.1/minitest/unit.rb:649:in `each'", "C:/Ruby192/lib/ruby/1.9.1/minitest/unit.rb:649:in `run_test_suites'", "C:/Ruby192/lib/ruby/1.9.1/minitest/unit.rb:609:in `run'", "C:/Ruby192/lib/ruby/1.9.1/minitest/unit.rb:508:in `block in autorun'"]
.
Finished in 245.478259 seconds.

8 tests, 0 assertions, 0 failures, 0 errors, 0 skips

Test run options: --seed 29816
Loaded suite Test_27_Dashboard_on_off
Started
.
Started InternetExplorerDriver server (32-bit)
2.39.0.0
Listening on port 5558
Successful Login to Usampadmin
Successful Login to ipoll site
can't convert nil into String
["Test_27_Dashboard_on_off.rb:68:in `include?'", "Test_27_Dashboard_on_off.rb:68:in `test_02_dash_off'", "C:/Ruby192/lib/ruby/1.9.1/minitest/unit.rb:695:in `run'", "C:/Ruby192/lib/ruby/1.9.1/minitest/unit.rb:656:in `block (2 levels) in run_test_suites'", "C:/Ruby192/lib/ruby/1.9.1/minitest/unit.rb:650:in `each'", "C:/Ruby192/lib/ruby/1.9.1/minitest/unit.rb:650:in `block in run_test_suites'", "C:/Ruby192/lib/ruby/1.9.1/minitest/unit.rb:649:in `each'", "C:/Ruby192/lib/ruby/1.9.1/minitest/unit.rb:649:in `run_test_suites'", "C:/Ruby192/lib/ruby/1.9.1/minitest/unit.rb:609:in `run'", "C:/Ruby192/lib/ruby/1.9.1/minitest/unit.rb:508:in `block in autorun'"]
.
Started InternetExplorerDriver server (32-bit)
2.39.0.0
Listening on port 5558
Successful Login to Usampadmin
Successful Login to ipoll site
Timeout::Error
["C:/Ruby192/lib/ruby/1.9.1/net/protocol.rb:140:in `rescue in rbuf_fill'", "C:/Ruby192/lib/ruby/1.9.1/net/protocol.rb:134:in `rbuf_fill'", "C:/Ruby192/lib/ruby/1.9.1/net/protocol.rb:116:in `readuntil'", "C:/Ruby192/lib/ruby/1.9.1/net/protocol.rb:126:in `readline'", "C:/Ruby192/lib/ruby/1.9.1/net/http.rb:2219:in `read_status_line'", "C:/Ruby192/lib/ruby/1.9.1/net/http.rb:2208:in `read_new'", "C:/Ruby192/lib/ruby/1.9.1/net/http.rb:1191:in `transport_request'", "C:/Ruby192/lib/ruby/1.9.1/net/http.rb:1177:in `request'", "C:/Ruby192/lib/ruby/1.9.1/net/http.rb:1170:in `block in request'", "C:/Ruby192/lib/ruby/1.9.1/net/http.rb:627:in `start'", "C:/Ruby192/lib/ruby/1.9.1/net/http.rb:1168:in `request'", "C:/Ruby192/lib/ruby/gems/1.9.1/gems/selenium-webdriver-2.31.0/lib/selenium/webdriver/remote/http/default.rb:83:in `response_for'", "C:/Ruby192/lib/ruby/gems/1.9.1/gems/selenium-webdriver-2.31.0/lib/selenium/webdriver/remote/http/default.rb:39:in `request'", "C:/Ruby192/lib/ruby/gems/1.9.1/gems/selenium-webdriver-2.31.0/lib/selenium/webdriver/remote/http/common.rb:40:in `call'", "C:/Ruby192/lib/ruby/gems/1.9.1/gems/selenium-webdriver-2.31.0/lib/selenium/webdriver/remote/bridge.rb:616:in `raw_execute'", "C:/Ruby192/lib/ruby/gems/1.9.1/gems/selenium-webdriver-2.31.0/lib/selenium/webdriver/remote/bridge.rb:594:in `execute'", "C:/Ruby192/lib/ruby/gems/1.9.1/gems/selenium-webdriver-2.31.0/lib/selenium/webdriver/remote/bridge.rb:505:in `getElementText'", "C:/Ruby192/lib/ruby/gems/1.9.1/gems/selenium-webdriver-2.31.0/lib/selenium/webdriver/common/element.rb:108:in `text'", "C:/Ruby192/lib/ruby/gems/1.9.1/gems/watir-webdriver-0.6.1/lib/watir-webdriver/browser.rb:97:in `text'", "Test_27_Dashboard_on_off.rb:120:in `test_03_dash_on'", "C:/Ruby192/lib/ruby/1.9.1/minitest/unit.rb:695:in `run'", "C:/Ruby192/lib/ruby/1.9.1/minitest/unit.rb:656:in `block (2 levels) in run_test_suites'", "C:/Ruby192/lib/ruby/1.9.1/minitest/unit.rb:650:in `each'", "C:/Ruby192/lib/ruby/1.9.1/minitest/unit.rb:650:in `block in run_test_suites'", "C:/Ruby192/lib/ruby/1.9.1/minitest/unit.rb:649:in `each'", "C:/Ruby192/lib/ruby/1.9.1/minitest/unit.rb:649:in `run_test_suites'", "C:/Ruby192/lib/ruby/1.9.1/minitest/unit.rb:609:in `run'", "C:/Ruby192/lib/ruby/1.9.1/minitest/unit.rb:508:in `block in autorun'"]
.
Finished in 212.693653 seconds.

3 tests, 0 assertions, 0 failures, 0 errors, 0 skips

Test run options: --seed 6190
Loaded suite Test_28_Disable_pub_account
Started
.Started InternetExplorerDriver server (32-bit)
2.39.0.0
Listening on port 5558
Successful Login to Usampadmin
Pass
.Pass
.Pass
.Sorry! System Failed to login to Network site
Pass
.
can't convert nil into String
["C:/Ruby192/lib/ruby/1.9.1/base64.rb:38:in `pack'", "C:/Ruby192/lib/ruby/1.9.1/base64.rb:38:in `encode64'", "Test_28_Disable_pub_account.rb:180:in `test_06_check_EX_5_click'", "C:/Ruby192/lib/ruby/1.9.1/minitest/unit.rb:695:in `run'", "C:/Ruby192/lib/ruby/1.9.1/minitest/unit.rb:656:in `block (2 levels) in run_test_suites'", "C:/Ruby192/lib/ruby/1.9.1/minitest/unit.rb:650:in `each'", "C:/Ruby192/lib/ruby/1.9.1/minitest/unit.rb:650:in `block in run_test_suites'", "C:/Ruby192/lib/ruby/1.9.1/minitest/unit.rb:649:in `each'", "C:/Ruby192/lib/ruby/1.9.1/minitest/unit.rb:649:in `run_test_suites'", "C:/Ruby192/lib/ruby/1.9.1/minitest/unit.rb:609:in `run'", "C:/Ruby192/lib/ruby/1.9.1/minitest/unit.rb:508:in `block in autorun'"]
.Started InternetExplorerDriver server (32-bit)
2.39.0.0
Listening on port 5558
Successful Login to Usampadmin
Pass
.Pass
.Pass
.Logged it to Network site
Pass
.
can't convert nil into String
["C:/Ruby192/lib/ruby/1.9.1/base64.rb:38:in `pack'", "C:/Ruby192/lib/ruby/1.9.1/base64.rb:38:in `encode64'", "Test_28_Disable_pub_account.rb:357:in `test_11_check_EX_5_click'", "C:/Ruby192/lib/ruby/1.9.1/minitest/unit.rb:695:in `run'", "C:/Ruby192/lib/ruby/1.9.1/minitest/unit.rb:656:in `block (2 levels) in run_test_suites'", "C:/Ruby192/lib/ruby/1.9.1/minitest/unit.rb:650:in `each'", "C:/Ruby192/lib/ruby/1.9.1/minitest/unit.rb:650:in `block in run_test_suites'", "C:/Ruby192/lib/ruby/1.9.1/minitest/unit.rb:649:in `each'", "C:/Ruby192/lib/ruby/1.9.1/minitest/unit.rb:649:in `run_test_suites'", "C:/Ruby192/lib/ruby/1.9.1/minitest/unit.rb:609:in `run'", "C:/Ruby192/lib/ruby/1.9.1/minitest/unit.rb:508:in `block in autorun'"]
.
Finished in 257.667007 seconds.

11 tests, 0 assertions, 0 failures, 0 errors, 0 skips

Test run options: --seed 50125
Loaded suite Test_29_Enable_disable_queue2
Started
.Started InternetExplorerDriver server (32-bit)
2.39.0.0
Listening on port 5558
Successful Login to Usampadmin
Q2:Enabled
.https://www.p.ipoll.com/queue2.php
PASS
.Started InternetExplorerDriver server (32-bit)
2.39.0.0
Listening on port 5558
Successful Login to Usampadmin
Q2:Disabled
.https://www.p.ipoll.com/queue4.php
PASS
.
Finished in 229.679767 seconds.

5 tests, 0 assertions, 0 failures, 0 errors, 0 skips

Test run options: --seed 16286
Loaded suite Test_30_External_prescreener
Started
.Started InternetExplorerDriver server (32-bit)
2.39.0.0
Listening on port 5558
Successful Login to Usampadmin
25300

can't convert nil into String
["C:/Ruby192/lib/ruby/1.9.1/base64.rb:38:in `pack'", "C:/Ruby192/lib/ruby/1.9.1/base64.rb:38:in `encode64'", "Test_30_External_prescreener.rb:55:in `test_02_set_prescreener_admin'", "C:/Ruby192/lib/ruby/1.9.1/minitest/unit.rb:695:in `run'", "C:/Ruby192/lib/ruby/1.9.1/minitest/unit.rb:656:in `block (2 levels) in run_test_suites'", "C:/Ruby192/lib/ruby/1.9.1/minitest/unit.rb:650:in `each'", "C:/Ruby192/lib/ruby/1.9.1/minitest/unit.rb:650:in `block in run_test_suites'", "C:/Ruby192/lib/ruby/1.9.1/minitest/unit.rb:649:in `each'", "C:/Ruby192/lib/ruby/1.9.1/minitest/unit.rb:649:in `run_test_suites'", "C:/Ruby192/lib/ruby/1.9.1/minitest/unit.rb:609:in `run'", "C:/Ruby192/lib/ruby/1.9.1/minitest/unit.rb:508:in `block in autorun'"]
EStarted InternetExplorerDriver server (32-bit)
2.39.0.0
Listening on port 5558
Successful Login to Usampadmin
25300

can't convert nil into String
["C:/Ruby192/lib/ruby/1.9.1/base64.rb:38:in `pack'", "C:/Ruby192/lib/ruby/1.9.1/base64.rb:38:in `encode64'", "Test_30_External_prescreener.rb:113:in `test_03_presurvey_complete'", "C:/Ruby192/lib/ruby/1.9.1/minitest/unit.rb:695:in `run'", "C:/Ruby192/lib/ruby/1.9.1/minitest/unit.rb:656:in `block (2 levels) in run_test_suites'", "C:/Ruby192/lib/ruby/1.9.1/minitest/unit.rb:650:in `each'", "C:/Ruby192/lib/ruby/1.9.1/minitest/unit.rb:650:in `block in run_test_suites'", "C:/Ruby192/lib/ruby/1.9.1/minitest/unit.rb:649:in `each'", "C:/Ruby192/lib/ruby/1.9.1/minitest/unit.rb:649:in `run_test_suites'", "C:/Ruby192/lib/ruby/1.9.1/minitest/unit.rb:609:in `run'", "C:/Ruby192/lib/ruby/1.9.1/minitest/unit.rb:508:in `block in autorun'"]
EStarted InternetExplorerDriver server (32-bit)
2.39.0.0
Listening on port 5559
Successful Login to Usampadmin
25300

can't convert nil into String
["C:/Ruby192/lib/ruby/1.9.1/base64.rb:38:in `pack'", "C:/Ruby192/lib/ruby/1.9.1/base64.rb:38:in `encode64'", "Test_30_External_prescreener.rb:203:in `test_04_presurvey_fail'", "C:/Ruby192/lib/ruby/1.9.1/minitest/unit.rb:695:in `run'", "C:/Ruby192/lib/ruby/1.9.1/minitest/unit.rb:656:in `block (2 levels) in run_test_suites'", "C:/Ruby192/lib/ruby/1.9.1/minitest/unit.rb:650:in `each'", "C:/Ruby192/lib/ruby/1.9.1/minitest/unit.rb:650:in `block in run_test_suites'", "C:/Ruby192/lib/ruby/1.9.1/minitest/unit.rb:649:in `each'", "C:/Ruby192/lib/ruby/1.9.1/minitest/unit.rb:649:in `run_test_suites'", "C:/Ruby192/lib/ruby/1.9.1/minitest/unit.rb:609:in `run'", "C:/Ruby192/lib/ruby/1.9.1/minitest/unit.rb:508:in `block in autorun'"]
EStarted InternetExplorerDriver server (32-bit)
2.39.0.0
Listening on port 5558
Successful Login to Usampadmin
25300

can't convert nil into String
["C:/Ruby192/lib/ruby/1.9.1/base64.rb:38:in `pack'", "C:/Ruby192/lib/ruby/1.9.1/base64.rb:38:in `encode64'", "Test_30_External_prescreener.rb:296:in `test_05_prescreener_reset'", "C:/Ruby192/lib/ruby/1.9.1/minitest/unit.rb:695:in `run'", "C:/Ruby192/lib/ruby/1.9.1/minitest/unit.rb:656:in `block (2 levels) in run_test_suites'", "C:/Ruby192/lib/ruby/1.9.1/minitest/unit.rb:650:in `each'", "C:/Ruby192/lib/ruby/1.9.1/minitest/unit.rb:650:in `block in run_test_suites'", "C:/Ruby192/lib/ruby/1.9.1/minitest/unit.rb:649:in `each'", "C:/Ruby192/lib/ruby/1.9.1/minitest/unit.rb:649:in `run_test_suites'", "C:/Ruby192/lib/ruby/1.9.1/minitest/unit.rb:609:in `run'", "C:/Ruby192/lib/ruby/1.9.1/minitest/unit.rb:508:in `block in autorun'"]
E
Finished in 88.946607 seconds.

  1) Error:
test_02_set_prescreener_admin(Test_30_External_prescreener):
TypeError: can't convert nil into String
    Test_30_External_prescreener.rb:88:in `+'
    Test_30_External_prescreener.rb:88:in `rescue in test_02_set_prescreener_admin'
    Test_30_External_prescreener.rb:39:in `test_02_set_prescreener_admin'

  2) Error:
test_03_presurvey_complete(Test_30_External_prescreener):
TypeError: can't convert nil into String
    Test_30_External_prescreener.rb:179:in `+'
    Test_30_External_prescreener.rb:179:in `rescue in test_03_presurvey_complete'
    Test_30_External_prescreener.rb:97:in `test_03_presurvey_complete'

  3) Error:
test_04_presurvey_fail(Test_30_External_prescreener):
TypeError: can't convert nil into String
    Test_30_External_prescreener.rb:271:in `+'
    Test_30_External_prescreener.rb:271:in `rescue in test_04_presurvey_fail'
    Test_30_External_prescreener.rb:187:in `test_04_presurvey_fail'

  4) Error:
test_05_prescreener_reset(Test_30_External_prescreener):
TypeError: can't convert nil into String
    Test_30_External_prescreener.rb:314:in `+'
    Test_30_External_prescreener.rb:314:in `rescue in test_05_prescreener_reset'
    Test_30_External_prescreener.rb:280:in `test_05_prescreener_reset'

5 tests, 0 assertions, 0 failures, 4 errors, 0 skips

Test run options: --seed 49040
Loaded suite Test_31_Merge_field_survey_url
Started
.Started InternetExplorerDriver server (32-bit)
2.39.0.0
Listening on port 5558
Successful Login to Usampadmin
25300

can't convert nil into String
["C:/Ruby192/lib/ruby/1.9.1/base64.rb:38:in `pack'", "C:/Ruby192/lib/ruby/1.9.1/base64.rb:38:in `encode64'", "Test_31_Merge_field_survey_url.rb:55:in `test_02_update_QG'", "C:/Ruby192/lib/ruby/1.9.1/minitest/unit.rb:695:in `run'", "C:/Ruby192/lib/ruby/1.9.1/minitest/unit.rb:656:in `block (2 levels) in run_test_suites'", "C:/Ruby192/lib/ruby/1.9.1/minitest/unit.rb:650:in `each'", "C:/Ruby192/lib/ruby/1.9.1/minitest/unit.rb:650:in `block in run_test_suites'", "C:/Ruby192/lib/ruby/1.9.1/minitest/unit.rb:649:in `each'", "C:/Ruby192/lib/ruby/1.9.1/minitest/unit.rb:649:in `run_test_suites'", "C:/Ruby192/lib/ruby/1.9.1/minitest/unit.rb:609:in `run'", "C:/Ruby192/lib/ruby/1.9.1/minitest/unit.rb:508:in `block in autorun'"]
ESuccessful Login to ipoll site

can't convert nil into String
["C:/Ruby192/lib/ruby/1.9.1/base64.rb:38:in `pack'", "C:/Ruby192/lib/ruby/1.9.1/base64.rb:38:in `encode64'", "Test_31_Merge_field_survey_url.rb:92:in `test_03_check_merge_fields'", "C:/Ruby192/lib/ruby/1.9.1/minitest/unit.rb:695:in `run'", "C:/Ruby192/lib/ruby/1.9.1/minitest/unit.rb:656:in `block (2 levels) in run_test_suites'", "C:/Ruby192/lib/ruby/1.9.1/minitest/unit.rb:650:in `each'", "C:/Ruby192/lib/ruby/1.9.1/minitest/unit.rb:650:in `block in run_test_suites'", "C:/Ruby192/lib/ruby/1.9.1/minitest/unit.rb:649:in `each'", "C:/Ruby192/lib/ruby/1.9.1/minitest/unit.rb:649:in `run_test_suites'", "C:/Ruby192/lib/ruby/1.9.1/minitest/unit.rb:609:in `run'", "C:/Ruby192/lib/ruby/1.9.1/minitest/unit.rb:508:in `block in autorun'"]
EStarted InternetExplorerDriver server (32-bit)
2.39.0.0
Listening on port 5558
Successful Login to Usampadmin
25300

can't convert nil into String
["C:/Ruby192/lib/ruby/1.9.1/base64.rb:38:in `pack'", "C:/Ruby192/lib/ruby/1.9.1/base64.rb:38:in `encode64'", "Test_31_Merge_field_survey_url.rb:156:in `test_04_reset_QG'", "C:/Ruby192/lib/ruby/1.9.1/minitest/unit.rb:695:in `run'", "C:/Ruby192/lib/ruby/1.9.1/minitest/unit.rb:656:in `block (2 levels) in run_test_suites'", "C:/Ruby192/lib/ruby/1.9.1/minitest/unit.rb:650:in `each'", "C:/Ruby192/lib/ruby/1.9.1/minitest/unit.rb:650:in `block in run_test_suites'", "C:/Ruby192/lib/ruby/1.9.1/minitest/unit.rb:649:in `each'", "C:/Ruby192/lib/ruby/1.9.1/minitest/unit.rb:649:in `run_test_suites'", "C:/Ruby192/lib/ruby/1.9.1/minitest/unit.rb:609:in `run'", "C:/Ruby192/lib/ruby/1.9.1/minitest/unit.rb:508:in `block in autorun'"]
E
Finished in 97.150572 seconds.

  1) Error:
test_02_update_QG(Test_31_Merge_field_survey_url):
TypeError: can't convert nil into String
    Test_31_Merge_field_survey_url.rb:73:in `+'
    Test_31_Merge_field_survey_url.rb:73:in `rescue in test_02_update_QG'
    Test_31_Merge_field_survey_url.rb:39:in `test_02_update_QG'

  2) Error:
test_03_check_merge_fields(Test_31_Merge_field_survey_url):
TypeError: can't convert nil into String
    Test_31_Merge_field_survey_url.rb:131:in `+'
    Test_31_Merge_field_survey_url.rb:131:in `rescue in test_03_check_merge_fields'
    Test_31_Merge_field_survey_url.rb:82:in `test_03_check_merge_fields'

  3) Error:
test_04_reset_QG(Test_31_Merge_field_survey_url):
TypeError: can't convert nil into String
    Test_31_Merge_field_survey_url.rb:174:in `+'
    Test_31_Merge_field_survey_url.rb:174:in `rescue in test_04_reset_QG'
    Test_31_Merge_field_survey_url.rb:140:in `test_04_reset_QG'

4 tests, 0 assertions, 0 failures, 3 errors, 0 skips

Test run options: --seed 81
Loaded suite Test_33_Custom_homepage_render
Started
.Started InternetExplorerDriver server (32-bit)
2.39.0.0
Listening on port 5558
Successful Login to Usampadmin
Config settings saved
.PASS
.Started InternetExplorerDriver server (32-bit)
2.39.0.0
Listening on port 5558
Successful Login to Usampadmin
.
Finished in 148.468327 seconds.

4 tests, 0 assertions, 0 failures, 0 errors, 0 skips

Test run options: --seed 35651
Loaded suite Test_34_Add_publisher
Started
.Started InternetExplorerDriver server (32-bit)
2.39.0.0
Listening on port 5558
Successful Login to Usampadmin
Pass
.Successful Login to Usampadmin
TEST AUTO PUB_0252
PU2195
unable to locate element, using {:name=>"optCountryId[]", :tag_name=>"select"}
["C:/Ruby192/lib/ruby/gems/1.9.1/gems/watir-webdriver-0.6.1/lib/watir-webdriver/elements/element.rb:365:in `assert_exists'", "C:/Ruby192/lib/ruby/gems/1.9.1/gems/watir-webdriver-0.6.1/lib/watir-webdriver/elements/select.rb:125:in `select_by'", "C:/Ruby192/lib/ruby/gems/1.9.1/gems/watir-webdriver-0.6.1/lib/watir-webdriver/elements/select.rb:64:in `select'", "Test_34_Add_publisher.rb:136:in `test_03_search_pub'", "C:/Ruby192/lib/ruby/1.9.1/minitest/unit.rb:695:in `run'", "C:/Ruby192/lib/ruby/1.9.1/minitest/unit.rb:656:in `block (2 levels) in run_test_suites'", "C:/Ruby192/lib/ruby/1.9.1/minitest/unit.rb:650:in `each'", "C:/Ruby192/lib/ruby/1.9.1/minitest/unit.rb:650:in `block in run_test_suites'", "C:/Ruby192/lib/ruby/1.9.1/minitest/unit.rb:649:in `each'", "C:/Ruby192/lib/ruby/1.9.1/minitest/unit.rb:649:in `run_test_suites'", "C:/Ruby192/lib/ruby/1.9.1/minitest/unit.rb:609:in `run'", "C:/Ruby192/lib/ruby/1.9.1/minitest/unit.rb:508:in `block in autorun'"]
.
Finished in 156.968943 seconds.

3 tests, 0 assertions, 0 failures, 0 errors, 0 skips

Test run options: --seed 61780
Loaded suite Test_36_Project_search
Started
.Successful Login to Usampadmin
Pass
.
Finished in 114.414304 seconds.

2 tests, 0 assertions, 0 failures, 0 errors, 0 skips

Test run options: --seed 43728
Loaded suite Test_37_Add_publisher_group
Started
.Started InternetExplorerDriver server (32-bit)
2.39.0.0
Listening on port 5558
Successful Login to Usampadmin
TEST AUTO PUB_0252
Pass
.Started InternetExplorerDriver server (32-bit)
2.39.0.0
Listening on port 5558
Successful Login to Usampadmin
TEST_PUB_GRP_0825
TEST_PUB_GRP_0825
Pass
TEST TEMP GRP NAME:08:25
TEST TEMP GRP NAME:08:25
Pass
.
Finished in 96.084889 seconds.

3 tests, 0 assertions, 0 failures, 0 errors, 0 skips

Test run options: --seed 50423
Loaded suite Test_38_Add_employee
Started
.Started InternetExplorerDriver server (32-bit)
2.39.0.0
Listening on port 5558
Successful Login to Usampadmin
Pass
.Started InternetExplorerDriver server (32-bit)
2.39.0.0
Listening on port 5559
Successful Login to Usampadmin
auto_test_emp.des2014-02-04061036@mailop.com
Pass
Pass
.
Finished in 108.179490 seconds.

3 tests, 0 assertions, 0 failures, 0 errors, 0 skips

Test run options: --seed 62780
Loaded suite Test_39_Add_client
Started
.Started InternetExplorerDriver server (32-bit)
2.39.0.0
Listening on port 5558
Successful Login to Usampadmin
Pass
.Started InternetExplorerDriver server (32-bit)
2.39.0.0
Listening on port 5558
Successful Login to Usampadmin
Pass
Pass
.
Finished in 135.712678 seconds.

3 tests, 0 assertions, 0 failures, 0 errors, 0 skips

Test run options: --seed 18868
Loaded suite Test_40_Simulate_completes
Started
.25300

can't convert nil into String
["C:/Ruby192/lib/ruby/1.9.1/base64.rb:38:in `pack'", "C:/Ruby192/lib/ruby/1.9.1/base64.rb:38:in `encode64'", "Test_40_Simulate_completes.rb:52:in `test_02_simulate_success'", "C:/Ruby192/lib/ruby/1.9.1/minitest/unit.rb:695:in `run'", "C:/Ruby192/lib/ruby/1.9.1/minitest/unit.rb:656:in `block (2 levels) in run_test_suites'", "C:/Ruby192/lib/ruby/1.9.1/minitest/unit.rb:650:in `each'", "C:/Ruby192/lib/ruby/1.9.1/minitest/unit.rb:650:in `block in run_test_suites'", "C:/Ruby192/lib/ruby/1.9.1/minitest/unit.rb:649:in `each'", "C:/Ruby192/lib/ruby/1.9.1/minitest/unit.rb:649:in `run_test_suites'", "C:/Ruby192/lib/ruby/1.9.1/minitest/unit.rb:609:in `run'", "C:/Ruby192/lib/ruby/1.9.1/minitest/unit.rb:508:in `block in autorun'"]
E25300

can't convert nil into String
["C:/Ruby192/lib/ruby/1.9.1/base64.rb:38:in `pack'", "C:/Ruby192/lib/ruby/1.9.1/base64.rb:38:in `encode64'", "Test_40_Simulate_completes.rb:112:in `test_03_simulate_fail'", "C:/Ruby192/lib/ruby/1.9.1/minitest/unit.rb:695:in `run'", "C:/Ruby192/lib/ruby/1.9.1/minitest/unit.rb:656:in `block (2 levels) in run_test_suites'", "C:/Ruby192/lib/ruby/1.9.1/minitest/unit.rb:650:in `each'", "C:/Ruby192/lib/ruby/1.9.1/minitest/unit.rb:650:in `block in run_test_suites'", "C:/Ruby192/lib/ruby/1.9.1/minitest/unit.rb:649:in `each'", "C:/Ruby192/lib/ruby/1.9.1/minitest/unit.rb:649:in `run_test_suites'", "C:/Ruby192/lib/ruby/1.9.1/minitest/unit.rb:609:in `run'", "C:/Ruby192/lib/ruby/1.9.1/minitest/unit.rb:508:in `block in autorun'"]
E25300

can't convert nil into String
["C:/Ruby192/lib/ruby/1.9.1/base64.rb:38:in `pack'", "C:/Ruby192/lib/ruby/1.9.1/base64.rb:38:in `encode64'", "Test_40_Simulate_completes.rb:172:in `test_04_simulate_overquota'", "C:/Ruby192/lib/ruby/1.9.1/minitest/unit.rb:695:in `run'", "C:/Ruby192/lib/ruby/1.9.1/minitest/unit.rb:656:in `block (2 levels) in run_test_suites'", "C:/Ruby192/lib/ruby/1.9.1/minitest/unit.rb:650:in `each'", "C:/Ruby192/lib/ruby/1.9.1/minitest/unit.rb:650:in `block in run_test_suites'", "C:/Ruby192/lib/ruby/1.9.1/minitest/unit.rb:649:in `each'", "C:/Ruby192/lib/ruby/1.9.1/minitest/unit.rb:649:in `run_test_suites'", "C:/Ruby192/lib/ruby/1.9.1/minitest/unit.rb:609:in `run'", "C:/Ruby192/lib/ruby/1.9.1/minitest/unit.rb:508:in `block in autorun'"]
E
Finished in 0.062505 seconds.

  1) Error:
test_02_simulate_success(Test_40_Simulate_completes):
NoMethodError: undefined method `close' for nil:NilClass
    Test_40_Simulate_completes.rb:91:in `rescue in test_02_simulate_success'
    Test_40_Simulate_completes.rb:40:in `test_02_simulate_success'

  2) Error:
test_03_simulate_fail(Test_40_Simulate_completes):
NoMethodError: undefined method `close' for nil:NilClass
    Test_40_Simulate_completes.rb:151:in `rescue in test_03_simulate_fail'
    Test_40_Simulate_completes.rb:100:in `test_03_simulate_fail'

  3) Error:
test_04_simulate_overquota(Test_40_Simulate_completes):
NoMethodError: undefined method `close' for nil:NilClass
    Test_40_Simulate_completes.rb:210:in `rescue in test_04_simulate_overquota'
    Test_40_Simulate_completes.rb:160:in `test_04_simulate_overquota'

4 tests, 0 assertions, 0 failures, 3 errors, 0 skips

Test run options: --seed 20592
Loaded suite Test_41_Member_search
Started
.Started InternetExplorerDriver server (32-bit)
2.39.0.0
Listening on port 5558
Successful Login to Usampadmin
Fail
Pass
.
Finished in 90.584502 seconds.

2 tests, 0 assertions, 0 failures, 0 errors, 0 skips

Test run options: --seed 31623
Loaded suite Test_42_QG_notifications
Started
.Started InternetExplorerDriver server (32-bit)
2.39.0.0
Listening on port 5558
Successful Login to Usampadmin
25300

can't convert nil into String
["C:/Ruby192/lib/ruby/1.9.1/base64.rb:38:in `pack'", "C:/Ruby192/lib/ruby/1.9.1/base64.rb:38:in `encode64'", "Test_42_QG_notifications.rb:61:in `test_02_make_QG_copy'", "C:/Ruby192/lib/ruby/1.9.1/minitest/unit.rb:695:in `run'", "C:/Ruby192/lib/ruby/1.9.1/minitest/unit.rb:656:in `block (2 levels) in run_test_suites'", "C:/Ruby192/lib/ruby/1.9.1/minitest/unit.rb:650:in `each'", "C:/Ruby192/lib/ruby/1.9.1/minitest/unit.rb:650:in `block in run_test_suites'", "C:/Ruby192/lib/ruby/1.9.1/minitest/unit.rb:649:in `each'", "C:/Ruby192/lib/ruby/1.9.1/minitest/unit.rb:649:in `run_test_suites'", "C:/Ruby192/lib/ruby/1.9.1/minitest/unit.rb:609:in `run'", "C:/Ruby192/lib/ruby/1.9.1/minitest/unit.rb:508:in `block in autorun'"]
EStarted InternetExplorerDriver server (32-bit)
2.39.0.0
Listening on port 5559
Successful Login to Usampadmin
25300

can't convert nil into String
["C:/Ruby192/lib/ruby/1.9.1/base64.rb:38:in `pack'", "C:/Ruby192/lib/ruby/1.9.1/base64.rb:38:in `encode64'", "Test_42_QG_notifications.rb:147:in `test_03_set_QG_notifications_no_redirection_activity'", "C:/Ruby192/lib/ruby/1.9.1/minitest/unit.rb:695:in `run'", "C:/Ruby192/lib/ruby/1.9.1/minitest/unit.rb:656:in `block (2 levels) in run_test_suites'", "C:/Ruby192/lib/ruby/1.9.1/minitest/unit.rb:650:in `each'", "C:/Ruby192/lib/ruby/1.9.1/minitest/unit.rb:650:in `block in run_test_suites'", "C:/Ruby192/lib/ruby/1.9.1/minitest/unit.rb:649:in `each'", "C:/Ruby192/lib/ruby/1.9.1/minitest/unit.rb:649:in `run_test_suites'", "C:/Ruby192/lib/ruby/1.9.1/minitest/unit.rb:609:in `run'", "C:/Ruby192/lib/ruby/1.9.1/minitest/unit.rb:508:in `block in autorun'"]
E25300

can't convert nil into String
["C:/Ruby192/lib/ruby/1.9.1/base64.rb:38:in `pack'", "C:/Ruby192/lib/ruby/1.9.1/base64.rb:38:in `encode64'", "Test_42_QG_notifications.rb:198:in `test_04_achieve_no_clicks_with_no_redirection'", "C:/Ruby192/lib/ruby/1.9.1/minitest/unit.rb:695:in `run'", "C:/Ruby192/lib/ruby/1.9.1/minitest/unit.rb:656:in `block (2 levels) in run_test_suites'", "C:/Ruby192/lib/ruby/1.9.1/minitest/unit.rb:650:in `each'", "C:/Ruby192/lib/ruby/1.9.1/minitest/unit.rb:650:in `block in run_test_suites'", "C:/Ruby192/lib/ruby/1.9.1/minitest/unit.rb:649:in `each'", "C:/Ruby192/lib/ruby/1.9.1/minitest/unit.rb:649:in `run_test_suites'", "C:/Ruby192/lib/ruby/1.9.1/minitest/unit.rb:609:in `run'", "C:/Ruby192/lib/ruby/1.9.1/minitest/unit.rb:508:in `block in autorun'"]
E
Finished in 52.753713 seconds.

  1) Error:
test_02_make_QG_copy(Test_42_QG_notifications):
TypeError: can't convert nil into String
    Test_42_QG_notifications.rb:117:in `+'
    Test_42_QG_notifications.rb:117:in `rescue in test_02_make_QG_copy'
    Test_42_QG_notifications.rb:39:in `test_02_make_QG_copy'

  2) Error:
test_03_set_QG_notifications_no_redirection_activity(Test_42_QG_notifications):
TypeError: can't convert nil into String
    Test_42_QG_notifications.rb:178:in `+'
    Test_42_QG_notifications.rb:178:in `rescue in test_03_set_QG_notifications_no_redirection_activity'
    Test_42_QG_notifications.rb:125:in `test_03_set_QG_notifications_no_redirection_activity'

  3) Error:
test_04_achieve_no_clicks_with_no_redirection(Test_42_QG_notifications):
TypeError: can't convert nil into String
    Test_42_QG_notifications.rb:256:in `+'
    Test_42_QG_notifications.rb:256:in `rescue in test_04_achieve_no_clicks_with_no_redirection'
    Test_42_QG_notifications.rb:186:in `test_04_achieve_no_clicks_with_no_redirection'

4 tests, 0 assertions, 0 failures, 3 errors, 0 skips

Test run options: --seed 38566
Loaded suite Test_43_Add_tools
Started
.Started InternetExplorerDriver server (32-bit)
2.39.0.0
Listening on port 5558
Successful Login to Usampadmin
Pass
.Started InternetExplorerDriver server (32-bit)
2.39.0.0
Listening on port 5558
Successful Login to Usampadmin
Pass
.
Finished in 99.772648 seconds.

3 tests, 0 assertions, 0 failures, 0 errors, 0 skips

Test run options: --seed 45772
Loaded suite Test_44_Pub_client_association
Started
.Started InternetExplorerDriver server (32-bit)
2.39.0.0
Listening on port 5558
Successful Login to Usampadmin
Publisher not added
"TEST CLIENT COMPANY (RRH)" not found in select list
["C:/Ruby192/lib/ruby/gems/1.9.1/gems/watir-webdriver-0.6.1/lib/watir-webdriver/elements/select.rb:216:in `no_value_found'", "C:/Ruby192/lib/ruby/gems/1.9.1/gems/watir-webdriver-0.6.1/lib/watir-webdriver/elements/select.rb:142:in `select_by_string'", "C:/Ruby192/lib/ruby/gems/1.9.1/gems/watir-webdriver-0.6.1/lib/watir-webdriver/elements/select.rb:129:in `select_by'", "C:/Ruby192/lib/ruby/gems/1.9.1/gems/watir-webdriver-0.6.1/lib/watir-webdriver/elements/select.rb:64:in `select'", "Test_44_Pub_client_association.rb:68:in `test_02_make_pub_level_setting'", "C:/Ruby192/lib/ruby/1.9.1/minitest/unit.rb:695:in `run'", "C:/Ruby192/lib/ruby/1.9.1/minitest/unit.rb:656:in `block (2 levels) in run_test_suites'", "C:/Ruby192/lib/ruby/1.9.1/minitest/unit.rb:650:in `each'", "C:/Ruby192/lib/ruby/1.9.1/minitest/unit.rb:650:in `block in run_test_suites'", "C:/Ruby192/lib/ruby/1.9.1/minitest/unit.rb:649:in `each'", "C:/Ruby192/lib/ruby/1.9.1/minitest/unit.rb:649:in `run_test_suites'", "C:/Ruby192/lib/ruby/1.9.1/minitest/unit.rb:609:in `run'", "C:/Ruby192/lib/ruby/1.9.1/minitest/unit.rb:508:in `block in autorun'"]
EStarted InternetExplorerDriver server (32-bit)
2.39.0.0
Listening on port 5558
Successful Login to Usampadmin
Fail
.Started InternetExplorerDriver server (32-bit)
2.39.0.0
Listening on port 5558
Successful Login to Usampadmin
Pass
.Started InternetExplorerDriver server (32-bit)
2.39.0.0
Listening on port 5558
Successful Login to Usampadmin
Pass
.
Finished in 152.495110 seconds.

  1) Error:
test_02_make_pub_level_setting(Test_44_Pub_client_association):
TypeError: can't convert nil into String
    Test_44_Pub_client_association.rb:107:in `+'
    Test_44_Pub_client_association.rb:107:in `rescue in test_02_make_pub_level_setting'
    Test_44_Pub_client_association.rb:38:in `test_02_make_pub_level_setting'

5 tests, 0 assertions, 0 failures, 1 errors, 0 skips

Test run options: --seed 1915
Loaded suite Test_45_Email_link_pub
Started
.Started InternetExplorerDriver server (32-bit)
2.39.0.0
Listening on port 5558
Successful Login to Usampadmin
25300

can't convert nil into String
["C:/Ruby192/lib/ruby/1.9.1/base64.rb:38:in `pack'", "C:/Ruby192/lib/ruby/1.9.1/base64.rb:38:in `encode64'", "Test_45_Email_link_pub.rb:65:in `test_02_email_link_admin'", "C:/Ruby192/lib/ruby/1.9.1/minitest/unit.rb:695:in `run'", "C:/Ruby192/lib/ruby/1.9.1/minitest/unit.rb:656:in `block (2 levels) in run_test_suites'", "C:/Ruby192/lib/ruby/1.9.1/minitest/unit.rb:650:in `each'", "C:/Ruby192/lib/ruby/1.9.1/minitest/unit.rb:650:in `block in run_test_suites'", "C:/Ruby192/lib/ruby/1.9.1/minitest/unit.rb:649:in `each'", "C:/Ruby192/lib/ruby/1.9.1/minitest/unit.rb:649:in `run_test_suites'", "C:/Ruby192/lib/ruby/1.9.1/minitest/unit.rb:609:in `run'", "C:/Ruby192/lib/ruby/1.9.1/minitest/unit.rb:508:in `block in autorun'"]
.
unable to locate element, using {:text=>/Your Link for Survey/, :tag_name=>"a"}
["C:/Ruby192/lib/ruby/gems/1.9.1/gems/watir-webdriver-0.6.1/lib/watir-webdriver/elements/element.rb:365:in `assert_exists'", "C:/Ruby192/lib/ruby/gems/1.9.1/gems/watir-webdriver-0.6.1/lib/watir-webdriver/elements/element.rb:95:in `click'", "Test_45_Email_link_pub.rb:120:in `test_03_check_email'", "C:/Ruby192/lib/ruby/1.9.1/minitest/unit.rb:695:in `run'", "C:/Ruby192/lib/ruby/1.9.1/minitest/unit.rb:656:in `block (2 levels) in run_test_suites'", "C:/Ruby192/lib/ruby/1.9.1/minitest/unit.rb:650:in `each'", "C:/Ruby192/lib/ruby/1.9.1/minitest/unit.rb:650:in `block in run_test_suites'", "C:/Ruby192/lib/ruby/1.9.1/minitest/unit.rb:649:in `each'", "C:/Ruby192/lib/ruby/1.9.1/minitest/unit.rb:649:in `run_test_suites'", "C:/Ruby192/lib/ruby/1.9.1/minitest/unit.rb:609:in `run'", "C:/Ruby192/lib/ruby/1.9.1/minitest/unit.rb:508:in `block in autorun'"]
.
Finished in 92.053355 seconds.

3 tests, 0 assertions, 0 failures, 0 errors, 0 skips

Test run options: --seed 38487
Loaded suite Test_46_Donot_include_member_last_hour
Started
.Started InternetExplorerDriver server (32-bit)
2.39.0.0
Listening on port 5558
Successful Login to Usampadmin
25300

can't convert nil into String
["C:/Ruby192/lib/ruby/1.9.1/base64.rb:38:in `pack'", "C:/Ruby192/lib/ruby/1.9.1/base64.rb:38:in `encode64'", "Test_46_Donot_include_member_last_hour.rb:64:in `test_02_qg_setup'", "C:/Ruby192/lib/ruby/1.9.1/minitest/unit.rb:695:in `run'", "C:/Ruby192/lib/ruby/1.9.1/minitest/unit.rb:656:in `block (2 levels) in run_test_suites'", "C:/Ruby192/lib/ruby/1.9.1/minitest/unit.rb:650:in `each'", "C:/Ruby192/lib/ruby/1.9.1/minitest/unit.rb:650:in `block in run_test_suites'", "C:/Ruby192/lib/ruby/1.9.1/minitest/unit.rb:649:in `each'", "C:/Ruby192/lib/ruby/1.9.1/minitest/unit.rb:649:in `run_test_suites'", "C:/Ruby192/lib/ruby/1.9.1/minitest/unit.rb:609:in `run'", "C:/Ruby192/lib/ruby/1.9.1/minitest/unit.rb:508:in `block in autorun'"]
.test string

**** Waiting for surveys to load ****
can't convert nil into String
["Test_46_Donot_include_member_last_hour.rb:165:in `include?'", "Test_46_Donot_include_member_last_hour.rb:165:in `test_03_member_signup_check_survey'", "C:/Ruby192/lib/ruby/1.9.1/minitest/unit.rb:695:in `run'", "C:/Ruby192/lib/ruby/1.9.1/minitest/unit.rb:656:in `block (2 levels) in run_test_suites'", "C:/Ruby192/lib/ruby/1.9.1/minitest/unit.rb:650:in `each'", "C:/Ruby192/lib/ruby/1.9.1/minitest/unit.rb:650:in `block in run_test_suites'", "C:/Ruby192/lib/ruby/1.9.1/minitest/unit.rb:649:in `each'", "C:/Ruby192/lib/ruby/1.9.1/minitest/unit.rb:649:in `run_test_suites'", "C:/Ruby192/lib/ruby/1.9.1/minitest/unit.rb:609:in `run'", "C:/Ruby192/lib/ruby/1.9.1/minitest/unit.rb:508:in `block in autorun'"]
.Started InternetExplorerDriver server (32-bit)
2.39.0.0
Listening on port 5558
Successful Login to Usampadmin
25300

can't convert nil into String
["C:/Ruby192/lib/ruby/1.9.1/base64.rb:38:in `pack'", "C:/Ruby192/lib/ruby/1.9.1/base64.rb:38:in `encode64'", "Test_46_Donot_include_member_last_hour.rb:208:in `test_04_disable_setting'", "C:/Ruby192/lib/ruby/1.9.1/minitest/unit.rb:695:in `run'", "C:/Ruby192/lib/ruby/1.9.1/minitest/unit.rb:656:in `block (2 levels) in run_test_suites'", "C:/Ruby192/lib/ruby/1.9.1/minitest/unit.rb:650:in `each'", "C:/Ruby192/lib/ruby/1.9.1/minitest/unit.rb:650:in `block in run_test_suites'", "C:/Ruby192/lib/ruby/1.9.1/minitest/unit.rb:649:in `each'", "C:/Ruby192/lib/ruby/1.9.1/minitest/unit.rb:649:in `run_test_suites'", "C:/Ruby192/lib/ruby/1.9.1/minitest/unit.rb:609:in `run'", "C:/Ruby192/lib/ruby/1.9.1/minitest/unit.rb:508:in `block in autorun'"]
.Successful Login to ipoll site

**** Waiting for surveys to load ****
can't convert nil into String
["Test_46_Donot_include_member_last_hour.rb:263:in `include?'", "Test_46_Donot_include_member_last_hour.rb:263:in `test_05_check_survey_shown'", "C:/Ruby192/lib/ruby/1.9.1/minitest/unit.rb:695:in `run'", "C:/Ruby192/lib/ruby/1.9.1/minitest/unit.rb:656:in `block (2 levels) in run_test_suites'", "C:/Ruby192/lib/ruby/1.9.1/minitest/unit.rb:650:in `each'", "C:/Ruby192/lib/ruby/1.9.1/minitest/unit.rb:650:in `block in run_test_suites'", "C:/Ruby192/lib/ruby/1.9.1/minitest/unit.rb:649:in `each'", "C:/Ruby192/lib/ruby/1.9.1/minitest/unit.rb:649:in `run_test_suites'", "C:/Ruby192/lib/ruby/1.9.1/minitest/unit.rb:609:in `run'", "C:/Ruby192/lib/ruby/1.9.1/minitest/unit.rb:508:in `block in autorun'"]
.
Finished in 213.811926 seconds.

5 tests, 0 assertions, 0 failures, 0 errors, 0 skips

Test run options: --seed 55168
Loaded suite Test_47_QG_Publisher_redirect
Started
.Started InternetExplorerDriver server (32-bit)
2.39.0.0
Listening on port 5558
Successful Login to Usampadmin
Pass
25300

can't convert nil into String
["C:/Ruby192/lib/ruby/1.9.1/base64.rb:38:in `pack'", "C:/Ruby192/lib/ruby/1.9.1/base64.rb:38:in `encode64'", "Test_47_QG_Publisher_redirect.rb:86:in `test_02_make_pub_settings'", "C:/Ruby192/lib/ruby/1.9.1/minitest/unit.rb:695:in `run'", "C:/Ruby192/lib/ruby/1.9.1/minitest/unit.rb:656:in `block (2 levels) in run_test_suites'", "C:/Ruby192/lib/ruby/1.9.1/minitest/unit.rb:650:in `each'", "C:/Ruby192/lib/ruby/1.9.1/minitest/unit.rb:650:in `block in run_test_suites'", "C:/Ruby192/lib/ruby/1.9.1/minitest/unit.rb:649:in `each'", "C:/Ruby192/lib/ruby/1.9.1/minitest/unit.rb:649:in `run_test_suites'", "C:/Ruby192/lib/ruby/1.9.1/minitest/unit.rb:609:in `run'", "C:/Ruby192/lib/ruby/1.9.1/minitest/unit.rb:508:in `block in autorun'"]
.
can't convert nil into String
["C:/Ruby192/lib/ruby/1.9.1/base64.rb:38:in `pack'", "C:/Ruby192/lib/ruby/1.9.1/base64.rb:38:in `encode64'", "Test_47_QG_Publisher_redirect.rb:122:in `test_03_check_QG_redirect'", "C:/Ruby192/lib/ruby/1.9.1/minitest/unit.rb:695:in `run'", "C:/Ruby192/lib/ruby/1.9.1/minitest/unit.rb:656:in `block (2 levels) in run_test_suites'", "C:/Ruby192/lib/ruby/1.9.1/minitest/unit.rb:650:in `each'", "C:/Ruby192/lib/ruby/1.9.1/minitest/unit.rb:650:in `block in run_test_suites'", "C:/Ruby192/lib/ruby/1.9.1/minitest/unit.rb:649:in `each'", "C:/Ruby192/lib/ruby/1.9.1/minitest/unit.rb:649:in `run_test_suites'", "C:/Ruby192/lib/ruby/1.9.1/minitest/unit.rb:609:in `run'", "C:/Ruby192/lib/ruby/1.9.1/minitest/unit.rb:508:in `block in autorun'"]
.Started InternetExplorerDriver server (32-bit)
2.39.0.0
Listening on port 5559
Successful Login to Usampadmin
25300

can't convert nil into String
["C:/Ruby192/lib/ruby/1.9.1/base64.rb:38:in `pack'", "C:/Ruby192/lib/ruby/1.9.1/base64.rb:38:in `encode64'", "Test_47_QG_Publisher_redirect.rb:219:in `test_04_check_pub_redirect'", "C:/Ruby192/lib/ruby/1.9.1/minitest/unit.rb:695:in `run'", "C:/Ruby192/lib/ruby/1.9.1/minitest/unit.rb:656:in `block (2 levels) in run_test_suites'", "C:/Ruby192/lib/ruby/1.9.1/minitest/unit.rb:650:in `each'", "C:/Ruby192/lib/ruby/1.9.1/minitest/unit.rb:650:in `block in run_test_suites'", "C:/Ruby192/lib/ruby/1.9.1/minitest/unit.rb:649:in `each'", "C:/Ruby192/lib/ruby/1.9.1/minitest/unit.rb:649:in `run_test_suites'", "C:/Ruby192/lib/ruby/1.9.1/minitest/unit.rb:609:in `run'", "C:/Ruby192/lib/ruby/1.9.1/minitest/unit.rb:508:in `block in autorun'"]
.Started InternetExplorerDriver server (32-bit)
2.39.0.0
Listening on port 5558
Successful Login to Usampadmin
25300

can't convert nil into String
["C:/Ruby192/lib/ruby/1.9.1/base64.rb:38:in `pack'", "C:/Ruby192/lib/ruby/1.9.1/base64.rb:38:in `encode64'", "Test_47_QG_Publisher_redirect.rb:335:in `test_05_reset_pub_settings'", "C:/Ruby192/lib/ruby/1.9.1/minitest/unit.rb:695:in `run'", "C:/Ruby192/lib/ruby/1.9.1/minitest/unit.rb:656:in `block (2 levels) in run_test_suites'", "C:/Ruby192/lib/ruby/1.9.1/minitest/unit.rb:650:in `each'", "C:/Ruby192/lib/ruby/1.9.1/minitest/unit.rb:650:in `block in run_test_suites'", "C:/Ruby192/lib/ruby/1.9.1/minitest/unit.rb:649:in `each'", "C:/Ruby192/lib/ruby/1.9.1/minitest/unit.rb:649:in `run_test_suites'", "C:/Ruby192/lib/ruby/1.9.1/minitest/unit.rb:609:in `run'", "C:/Ruby192/lib/ruby/1.9.1/minitest/unit.rb:508:in `block in autorun'"]
.
Finished in 105.523053 seconds.

5 tests, 0 assertions, 0 failures, 0 errors, 0 skips

Test run options: --seed 38115
Loaded suite Test_49_Supplier_add_show_hide
Started
.Started InternetExplorerDriver server (32-bit)
2.39.0.0
Listening on port 5558
Successful Login to Usampadmin
Test_Auto_Glob_Supp_2014-02-04063150
Pass
.Element not found in the cache - perhaps the page has changed since it was looked up
["[remote server] resource://fxdriver/modules/web_element_cache.js:7234:in `unknown'", "[remote server] file:///C:/DOCUME~1/ADMINI~1/LOCALS~1/Temp/1/webdriver-profile20140204-26496-mrymtq/extensions/fxdriver@googlecode.com/components/command_processor.js:6839:in `unknown'", "[remote server] file:///C:/DOCUME~1/ADMINI~1/LOCALS~1/Temp/1/webdriver-profile20140204-26496-mrymtq/extensions/fxdriver@googlecode.com/components/command_processor.js:9714:in `unknown'", "[remote server] file:///C:/DOCUME~1/ADMINI~1/LOCALS~1/Temp/1/webdriver-profile20140204-26496-mrymtq/extensions/fxdriver@googlecode.com/components/command_processor.js:10275:in `unknown'", "[remote server] file:///C:/DOCUME~1/ADMINI~1/LOCALS~1/Temp/1/webdriver-profile20140204-26496-mrymtq/extensions/fxdriver@googlecode.com/components/command_processor.js:10280:in `unknown'", "[remote server] file:///C:/DOCUME~1/ADMINI~1/LOCALS~1/Temp/1/webdriver-profile20140204-26496-mrymtq/extensions/fxdriver@googlecode.com/components/command_processor.js:10220:in `unknown'", "C:/Ruby192/lib/ruby/gems/1.9.1/gems/selenium-webdriver-2.31.0/lib/selenium/webdriver/remote/response.rb:52:in `assert_ok'", "C:/Ruby192/lib/ruby/gems/1.9.1/gems/selenium-webdriver-2.31.0/lib/selenium/webdriver/remote/response.rb:15:in `initialize'", "C:/Ruby192/lib/ruby/gems/1.9.1/gems/selenium-webdriver-2.31.0/lib/selenium/webdriver/remote/http/common.rb:59:in `new'", "C:/Ruby192/lib/ruby/gems/1.9.1/gems/selenium-webdriver-2.31.0/lib/selenium/webdriver/remote/http/common.rb:59:in `create_response'", "C:/Ruby192/lib/ruby/gems/1.9.1/gems/selenium-webdriver-2.31.0/lib/selenium/webdriver/remote/http/default.rb:66:in `request'", "C:/Ruby192/lib/ruby/gems/1.9.1/gems/selenium-webdriver-2.31.0/lib/selenium/webdriver/remote/http/common.rb:40:in `call'", "C:/Ruby192/lib/ruby/gems/1.9.1/gems/selenium-webdriver-2.31.0/lib/selenium/webdriver/remote/bridge.rb:616:in `raw_execute'", "C:/Ruby192/lib/ruby/gems/1.9.1/gems/selenium-webdriver-2.31.0/lib/selenium/webdriver/remote/bridge.rb:594:in `execute'", "C:/Ruby192/lib/ruby/gems/1.9.1/gems/selenium-webdriver-2.31.0/lib/selenium/webdriver/remote/bridge.rb:505:in `getElementText'", "C:/Ruby192/lib/ruby/gems/1.9.1/gems/selenium-webdriver-2.31.0/lib/selenium/webdriver/common/element.rb:108:in `text'", "C:/Ruby192/lib/ruby/gems/1.9.1/gems/watir-webdriver-0.6.1/lib/watir-webdriver/browser.rb:97:in `text'", "D:/IMPROVED_CODE_AAMIR/Usamp_lib.rb:221:in `Network_site_login'", "Test_49_Supplier_add_show_hide.rb:100:in `test_03_supplier_reflection'", "C:/Ruby192/lib/ruby/1.9.1/minitest/unit.rb:695:in `run'", "C:/Ruby192/lib/ruby/1.9.1/minitest/unit.rb:656:in `block (2 levels) in run_test_suites'", "C:/Ruby192/lib/ruby/1.9.1/minitest/unit.rb:650:in `each'", "C:/Ruby192/lib/ruby/1.9.1/minitest/unit.rb:650:in `block in run_test_suites'", "C:/Ruby192/lib/ruby/1.9.1/minitest/unit.rb:649:in `each'", "C:/Ruby192/lib/ruby/1.9.1/minitest/unit.rb:649:in `run_test_suites'", "C:/Ruby192/lib/ruby/1.9.1/minitest/unit.rb:609:in `run'", "C:/Ruby192/lib/ruby/1.9.1/minitest/unit.rb:508:in `block in autorun'"]
EStarted InternetExplorerDriver server (32-bit)
2.39.0.0
Listening on port 5558
Successful Login to Usampadmin
Logged it to Network site
unable to locate element, using {:id=>"supplierList", :tag_name=>"select"}
["C:/Ruby192/lib/ruby/gems/1.9.1/gems/watir-webdriver-0.6.1/lib/watir-webdriver/elements/element.rb:365:in `assert_exists'", "C:/Ruby192/lib/ruby/gems/1.9.1/gems/watir-webdriver-0.6.1/lib/watir-webdriver/elements/select.rb:37:in `options'", "Test_49_Supplier_add_show_hide.rb:174:in `test_04_show_hide'", "C:/Ruby192/lib/ruby/1.9.1/minitest/unit.rb:695:in `run'", "C:/Ruby192/lib/ruby/1.9.1/minitest/unit.rb:656:in `block (2 levels) in run_test_suites'", "C:/Ruby192/lib/ruby/1.9.1/minitest/unit.rb:650:in `each'", "C:/Ruby192/lib/ruby/1.9.1/minitest/unit.rb:650:in `block in run_test_suites'", "C:/Ruby192/lib/ruby/1.9.1/minitest/unit.rb:649:in `each'", "C:/Ruby192/lib/ruby/1.9.1/minitest/unit.rb:649:in `run_test_suites'", "C:/Ruby192/lib/ruby/1.9.1/minitest/unit.rb:609:in `run'", "C:/Ruby192/lib/ruby/1.9.1/minitest/unit.rb:508:in `block in autorun'"]
.
Finished in 158.683046 seconds.

  1) Error:
test_03_supplier_reflection(Test_49_Supplier_add_show_hide):
NoMethodError: undefined method `close' for nil:NilClass
    Test_49_Supplier_add_show_hide.rb:138:in `rescue in test_03_supplier_reflection'
    Test_49_Supplier_add_show_hide.rb:91:in `test_03_supplier_reflection'

4 tests, 0 assertions, 0 failures, 1 errors, 0 skips

Test run options: --seed 62639
Loaded suite Test_50_Add_prescreener
Started
.Started InternetExplorerDriver server (32-bit)
2.39.0.0
Listening on port 5558
Successful Login to Usampadmin
25300

can't convert nil into String
["C:/Ruby192/lib/ruby/1.9.1/base64.rb:38:in `pack'", "C:/Ruby192/lib/ruby/1.9.1/base64.rb:38:in `encode64'", "Test_50_Add_prescreener.rb:66:in `test_02_add_prescreener'", "C:/Ruby192/lib/ruby/1.9.1/minitest/unit.rb:695:in `run'", "C:/Ruby192/lib/ruby/1.9.1/minitest/unit.rb:656:in `block (2 levels) in run_test_suites'", "C:/Ruby192/lib/ruby/1.9.1/minitest/unit.rb:650:in `each'", "C:/Ruby192/lib/ruby/1.9.1/minitest/unit.rb:650:in `block in run_test_suites'", "C:/Ruby192/lib/ruby/1.9.1/minitest/unit.rb:649:in `each'", "C:/Ruby192/lib/ruby/1.9.1/minitest/unit.rb:649:in `run_test_suites'", "C:/Ruby192/lib/ruby/1.9.1/minitest/unit.rb:609:in `run'", "C:/Ruby192/lib/ruby/1.9.1/minitest/unit.rb:508:in `block in autorun'"]
.25300

can't convert nil into String
["C:/Ruby192/lib/ruby/1.9.1/base64.rb:38:in `pack'", "C:/Ruby192/lib/ruby/1.9.1/base64.rb:38:in `encode64'", "Test_50_Add_prescreener.rb:163:in `test_03_pass_fail_presc'", "C:/Ruby192/lib/ruby/1.9.1/minitest/unit.rb:695:in `run'", "C:/Ruby192/lib/ruby/1.9.1/minitest/unit.rb:656:in `block (2 levels) in run_test_suites'", "C:/Ruby192/lib/ruby/1.9.1/minitest/unit.rb:650:in `each'", "C:/Ruby192/lib/ruby/1.9.1/minitest/unit.rb:650:in `block in run_test_suites'", "C:/Ruby192/lib/ruby/1.9.1/minitest/unit.rb:649:in `each'", "C:/Ruby192/lib/ruby/1.9.1/minitest/unit.rb:649:in `run_test_suites'", "C:/Ruby192/lib/ruby/1.9.1/minitest/unit.rb:609:in `run'", "C:/Ruby192/lib/ruby/1.9.1/minitest/unit.rb:508:in `block in autorun'"]
.25300

can't convert nil into String
["C:/Ruby192/lib/ruby/1.9.1/base64.rb:38:in `pack'", "C:/Ruby192/lib/ruby/1.9.1/base64.rb:38:in `encode64'", "Test_50_Add_prescreener.rb:238:in `test_04_act_inact_presc'", "C:/Ruby192/lib/ruby/1.9.1/minitest/unit.rb:695:in `run'", "C:/Ruby192/lib/ruby/1.9.1/minitest/unit.rb:656:in `block (2 levels) in run_test_suites'", "C:/Ruby192/lib/ruby/1.9.1/minitest/unit.rb:650:in `each'", "C:/Ruby192/lib/ruby/1.9.1/minitest/unit.rb:650:in `block in run_test_suites'", "C:/Ruby192/lib/ruby/1.9.1/minitest/unit.rb:649:in `each'", "C:/Ruby192/lib/ruby/1.9.1/minitest/unit.rb:649:in `run_test_suites'", "C:/Ruby192/lib/ruby/1.9.1/minitest/unit.rb:609:in `run'", "C:/Ruby192/lib/ruby/1.9.1/minitest/unit.rb:508:in `block in autorun'"]
.
Finished in 15.454213 seconds.

4 tests, 0 assertions, 0 failures, 0 errors, 0 skips

Test run options: --seed 22264
Loaded suite Test_51_Setup_live_closed_QG
Started
.Started InternetExplorerDriver server (32-bit)
2.39.0.0
Listening on port 5558
Successful Login to Usampadmin
25300

can't convert nil into String
["C:/Ruby192/lib/ruby/1.9.1/base64.rb:38:in `pack'", "C:/Ruby192/lib/ruby/1.9.1/base64.rb:38:in `encode64'", "Test_51_Setup_live_closed_QG.rb:59:in `test_02_check_setting_up_QG'", "C:/Ruby192/lib/ruby/1.9.1/minitest/unit.rb:695:in `run'", "C:/Ruby192/lib/ruby/1.9.1/minitest/unit.rb:656:in `block (2 levels) in run_test_suites'", "C:/Ruby192/lib/ruby/1.9.1/minitest/unit.rb:650:in `each'", "C:/Ruby192/lib/ruby/1.9.1/minitest/unit.rb:650:in `block in run_test_suites'", "C:/Ruby192/lib/ruby/1.9.1/minitest/unit.rb:649:in `each'", "C:/Ruby192/lib/ruby/1.9.1/minitest/unit.rb:649:in `run_test_suites'", "C:/Ruby192/lib/ruby/1.9.1/minitest/unit.rb:609:in `run'", "C:/Ruby192/lib/ruby/1.9.1/minitest/unit.rb:508:in `block in autorun'"]
EStarted InternetExplorerDriver server (32-bit)
2.39.0.0
Listening on port 5559
Successful Login to Usampadmin
25300

can't convert nil into String
["C:/Ruby192/lib/ruby/1.9.1/base64.rb:38:in `pack'", "C:/Ruby192/lib/ruby/1.9.1/base64.rb:38:in `encode64'", "Test_51_Setup_live_closed_QG.rb:131:in `test_03_check_live_QG'", "C:/Ruby192/lib/ruby/1.9.1/minitest/unit.rb:695:in `run'", "C:/Ruby192/lib/ruby/1.9.1/minitest/unit.rb:656:in `block (2 levels) in run_test_suites'", "C:/Ruby192/lib/ruby/1.9.1/minitest/unit.rb:650:in `each'", "C:/Ruby192/lib/ruby/1.9.1/minitest/unit.rb:650:in `block in run_test_suites'", "C:/Ruby192/lib/ruby/1.9.1/minitest/unit.rb:649:in `each'", "C:/Ruby192/lib/ruby/1.9.1/minitest/unit.rb:649:in `run_test_suites'", "C:/Ruby192/lib/ruby/1.9.1/minitest/unit.rb:609:in `run'", "C:/Ruby192/lib/ruby/1.9.1/minitest/unit.rb:508:in `block in autorun'"]
EStarted InternetExplorerDriver server (32-bit)
2.39.0.0
Listening on port 5560
Successful Login to Usampadmin
25300

can't convert nil into String
["C:/Ruby192/lib/ruby/1.9.1/base64.rb:38:in `pack'", "C:/Ruby192/lib/ruby/1.9.1/base64.rb:38:in `encode64'", "Test_51_Setup_live_closed_QG.rb:202:in `test_04_check_closed_QG'", "C:/Ruby192/lib/ruby/1.9.1/minitest/unit.rb:695:in `run'", "C:/Ruby192/lib/ruby/1.9.1/minitest/unit.rb:656:in `block (2 levels) in run_test_suites'", "C:/Ruby192/lib/ruby/1.9.1/minitest/unit.rb:650:in `each'", "C:/Ruby192/lib/ruby/1.9.1/minitest/unit.rb:650:in `block in run_test_suites'", "C:/Ruby192/lib/ruby/1.9.1/minitest/unit.rb:649:in `each'", "C:/Ruby192/lib/ruby/1.9.1/minitest/unit.rb:649:in `run_test_suites'", "C:/Ruby192/lib/ruby/1.9.1/minitest/unit.rb:609:in `run'", "C:/Ruby192/lib/ruby/1.9.1/minitest/unit.rb:508:in `block in autorun'"]
EStarted InternetExplorerDriver server (32-bit)
2.39.0.0
Listening on port 5561
Successful Login to Usampadmin
25300

can't convert nil into String
["C:/Ruby192/lib/ruby/1.9.1/base64.rb:38:in `pack'", "C:/Ruby192/lib/ruby/1.9.1/base64.rb:38:in `encode64'", "Test_51_Setup_live_closed_QG.rb:270:in `test_05_qg_open'", "C:/Ruby192/lib/ruby/1.9.1/minitest/unit.rb:695:in `run'", "C:/Ruby192/lib/ruby/1.9.1/minitest/unit.rb:656:in `block (2 levels) in run_test_suites'", "C:/Ruby192/lib/ruby/1.9.1/minitest/unit.rb:650:in `each'", "C:/Ruby192/lib/ruby/1.9.1/minitest/unit.rb:650:in `block in run_test_suites'", "C:/Ruby192/lib/ruby/1.9.1/minitest/unit.rb:649:in `each'", "C:/Ruby192/lib/ruby/1.9.1/minitest/unit.rb:649:in `run_test_suites'", "C:/Ruby192/lib/ruby/1.9.1/minitest/unit.rb:609:in `run'", "C:/Ruby192/lib/ruby/1.9.1/minitest/unit.rb:508:in `block in autorun'"]
.
Finished in 81.052580 seconds.

  1) Error:
test_02_check_setting_up_QG(Test_51_Setup_live_closed_QG):
NoMethodError: undefined method `close' for nil:NilClass
    Test_51_Setup_live_closed_QG.rb:101:in `rescue in test_02_check_setting_up_QG'
    Test_51_Setup_live_closed_QG.rb:39:in `test_02_check_setting_up_QG'

  2) Error:
test_03_check_live_QG(Test_51_Setup_live_closed_QG):
NoMethodError: undefined method `close' for nil:NilClass
    Test_51_Setup_live_closed_QG.rb:173:in `rescue in test_03_check_live_QG'
    Test_51_Setup_live_closed_QG.rb:111:in `test_03_check_live_QG'

  3) Error:
test_04_check_closed_QG(Test_51_Setup_live_closed_QG):
NoMethodError: undefined method `close' for nil:NilClass
    Test_51_Setup_live_closed_QG.rb:246:in `rescue in test_04_check_closed_QG'
    Test_51_Setup_live_closed_QG.rb:182:in `test_04_check_closed_QG'

5 tests, 0 assertions, 0 failures, 3 errors, 0 skips

Test run options: --seed 21819
Loaded suite Test_53_List_projects
Started
.Started InternetExplorerDriver server (32-bit)
2.39.0.0
Listening on port 5558
Successful Login to Usampadmin
Fail
.Started InternetExplorerDriver server (32-bit)
2.39.0.0
Listening on port 5559
Successful Login to Usampadmin
Pass
.Started InternetExplorerDriver server (32-bit)
2.39.0.0
Listening on port 5558
Successful Login to Usampadmin
Pass
.
Finished in 188.466392 seconds.

4 tests, 0 assertions, 0 failures, 0 errors, 0 skips

Test run options: --seed 60049
Loaded suite Test_54_EX_ST_Links
Started
.25300

can't convert nil into String
["C:/Ruby192/lib/ruby/1.9.1/base64.rb:38:in `pack'", "C:/Ruby192/lib/ruby/1.9.1/base64.rb:38:in `encode64'", "Test_54_EX_ST_Links.rb:61:in `test_02_ex_2_st_1_match_criteria'", "C:/Ruby192/lib/ruby/1.9.1/minitest/unit.rb:695:in `run'", "C:/Ruby192/lib/ruby/1.9.1/minitest/unit.rb:656:in `block (2 levels) in run_test_suites'", "C:/Ruby192/lib/ruby/1.9.1/minitest/unit.rb:650:in `each'", "C:/Ruby192/lib/ruby/1.9.1/minitest/unit.rb:650:in `block in run_test_suites'", "C:/Ruby192/lib/ruby/1.9.1/minitest/unit.rb:649:in `each'", "C:/Ruby192/lib/ruby/1.9.1/minitest/unit.rb:649:in `run_test_suites'", "C:/Ruby192/lib/ruby/1.9.1/minitest/unit.rb:609:in `run'", "C:/Ruby192/lib/ruby/1.9.1/minitest/unit.rb:508:in `block in autorun'"]
E
can't convert nil into String
["C:/Ruby192/lib/ruby/1.9.1/base64.rb:38:in `pack'", "C:/Ruby192/lib/ruby/1.9.1/base64.rb:38:in `encode64'", "Test_54_EX_ST_Links.rb:168:in `test_03_ex_2_st_1_mismatch_criteria'", "C:/Ruby192/lib/ruby/1.9.1/minitest/unit.rb:695:in `run'", "C:/Ruby192/lib/ruby/1.9.1/minitest/unit.rb:656:in `block (2 levels) in run_test_suites'", "C:/Ruby192/lib/ruby/1.9.1/minitest/unit.rb:650:in `each'", "C:/Ruby192/lib/ruby/1.9.1/minitest/unit.rb:650:in `block in run_test_suites'", "C:/Ruby192/lib/ruby/1.9.1/minitest/unit.rb:649:in `each'", "C:/Ruby192/lib/ruby/1.9.1/minitest/unit.rb:649:in `run_test_suites'", "C:/Ruby192/lib/ruby/1.9.1/minitest/unit.rb:609:in `run'", "C:/Ruby192/lib/ruby/1.9.1/minitest/unit.rb:508:in `block in autorun'"]
E
can't convert nil into String
["C:/Ruby192/lib/ruby/1.9.1/base64.rb:38:in `pack'", "C:/Ruby192/lib/ruby/1.9.1/base64.rb:38:in `encode64'", "Test_54_EX_ST_Links.rb:259:in `test_04_ex_3_st_1'", "C:/Ruby192/lib/ruby/1.9.1/minitest/unit.rb:695:in `run'", "C:/Ruby192/lib/ruby/1.9.1/minitest/unit.rb:656:in `block (2 levels) in run_test_suites'", "C:/Ruby192/lib/ruby/1.9.1/minitest/unit.rb:650:in `each'", "C:/Ruby192/lib/ruby/1.9.1/minitest/unit.rb:650:in `block in run_test_suites'", "C:/Ruby192/lib/ruby/1.9.1/minitest/unit.rb:649:in `each'", "C:/Ruby192/lib/ruby/1.9.1/minitest/unit.rb:649:in `run_test_suites'", "C:/Ruby192/lib/ruby/1.9.1/minitest/unit.rb:609:in `run'", "C:/Ruby192/lib/ruby/1.9.1/minitest/unit.rb:508:in `block in autorun'"]
E
can't convert nil into String
["C:/Ruby192/lib/ruby/1.9.1/base64.rb:38:in `pack'", "C:/Ruby192/lib/ruby/1.9.1/base64.rb:38:in `encode64'", "Test_54_EX_ST_Links.rb:348:in `test_05_ex_2_st_2_match_criteria'", "C:/Ruby192/lib/ruby/1.9.1/minitest/unit.rb:695:in `run'", "C:/Ruby192/lib/ruby/1.9.1/minitest/unit.rb:656:in `block (2 levels) in run_test_suites'", "C:/Ruby192/lib/ruby/1.9.1/minitest/unit.rb:650:in `each'", "C:/Ruby192/lib/ruby/1.9.1/minitest/unit.rb:650:in `block in run_test_suites'", "C:/Ruby192/lib/ruby/1.9.1/minitest/unit.rb:649:in `each'", "C:/Ruby192/lib/ruby/1.9.1/minitest/unit.rb:649:in `run_test_suites'", "C:/Ruby192/lib/ruby/1.9.1/minitest/unit.rb:609:in `run'", "C:/Ruby192/lib/ruby/1.9.1/minitest/unit.rb:508:in `block in autorun'"]
E
can't convert nil into String
["C:/Ruby192/lib/ruby/1.9.1/base64.rb:38:in `pack'", "C:/Ruby192/lib/ruby/1.9.1/base64.rb:38:in `encode64'", "Test_54_EX_ST_Links.rb:457:in `test_06_ex_2_st_2_mismatch_criteria'", "C:/Ruby192/lib/ruby/1.9.1/minitest/unit.rb:695:in `run'", "C:/Ruby192/lib/ruby/1.9.1/minitest/unit.rb:656:in `block (2 levels) in run_test_suites'", "C:/Ruby192/lib/ruby/1.9.1/minitest/unit.rb:650:in `each'", "C:/Ruby192/lib/ruby/1.9.1/minitest/unit.rb:650:in `block in run_test_suites'", "C:/Ruby192/lib/ruby/1.9.1/minitest/unit.rb:649:in `each'", "C:/Ruby192/lib/ruby/1.9.1/minitest/unit.rb:649:in `run_test_suites'", "C:/Ruby192/lib/ruby/1.9.1/minitest/unit.rb:609:in `run'", "C:/Ruby192/lib/ruby/1.9.1/minitest/unit.rb:508:in `block in autorun'"]
E
can't convert nil into String
["C:/Ruby192/lib/ruby/1.9.1/base64.rb:38:in `pack'", "C:/Ruby192/lib/ruby/1.9.1/base64.rb:38:in `encode64'", "Test_54_EX_ST_Links.rb:547:in `test_07_ex_3_st_2'", "C:/Ruby192/lib/ruby/1.9.1/minitest/unit.rb:695:in `run'", "C:/Ruby192/lib/ruby/1.9.1/minitest/unit.rb:656:in `block (2 levels) in run_test_suites'", "C:/Ruby192/lib/ruby/1.9.1/minitest/unit.rb:650:in `each'", "C:/Ruby192/lib/ruby/1.9.1/minitest/unit.rb:650:in `block in run_test_suites'", "C:/Ruby192/lib/ruby/1.9.1/minitest/unit.rb:649:in `each'", "C:/Ruby192/lib/ruby/1.9.1/minitest/unit.rb:649:in `run_test_suites'", "C:/Ruby192/lib/ruby/1.9.1/minitest/unit.rb:609:in `run'", "C:/Ruby192/lib/ruby/1.9.1/minitest/unit.rb:508:in `block in autorun'"]
EStarted InternetExplorerDriver server (32-bit)
2.39.0.0
Listening on port 5558
Successful Login to Usampadmin
.
Finished in 36.080665 seconds.

  1) Error:
test_02_ex_2_st_1_match_criteria(Test_EX_ST_Links):
NoMethodError: undefined method `close' for nil:NilClass
    Test_54_EX_ST_Links.rb:145:in `rescue in test_02_ex_2_st_1_match_criteria'
    Test_54_EX_ST_Links.rb:44:in `test_02_ex_2_st_1_match_criteria'

  2) Error:
test_03_ex_2_st_1_mismatch_criteria(Test_EX_ST_Links):
NoMethodError: undefined method `close' for nil:NilClass
    Test_54_EX_ST_Links.rb:237:in `rescue in test_03_ex_2_st_1_mismatch_criteria'
    Test_54_EX_ST_Links.rb:156:in `test_03_ex_2_st_1_mismatch_criteria'

  3) Error:
test_04_ex_3_st_1(Test_EX_ST_Links):
NoMethodError: undefined method `close' for nil:NilClass
    Test_54_EX_ST_Links.rb:327:in `rescue in test_04_ex_3_st_1'
    Test_54_EX_ST_Links.rb:247:in `test_04_ex_3_st_1'

  4) Error:
test_05_ex_2_st_2_match_criteria(Test_EX_ST_Links):
NoMethodError: undefined method `close' for nil:NilClass
    Test_54_EX_ST_Links.rb:435:in `rescue in test_05_ex_2_st_2_match_criteria'
    Test_54_EX_ST_Links.rb:336:in `test_05_ex_2_st_2_match_criteria'

  5) Error:
test_06_ex_2_st_2_mismatch_criteria(Test_EX_ST_Links):
NoMethodError: undefined method `close' for nil:NilClass
    Test_54_EX_ST_Links.rb:526:in `rescue in test_06_ex_2_st_2_mismatch_criteria'
    Test_54_EX_ST_Links.rb:445:in `test_06_ex_2_st_2_mismatch_criteria'

  6) Error:
test_07_ex_3_st_2(Test_EX_ST_Links):
NoMethodError: undefined method `close' for nil:NilClass
    Test_54_EX_ST_Links.rb:614:in `rescue in test_07_ex_3_st_2'
    Test_54_EX_ST_Links.rb:535:in `test_07_ex_3_st_2'

8 tests, 0 assertions, 0 failures, 6 errors, 0 skips

Test run options: --seed 56823
Loaded suite Test_55_Member_ID_report
Started
.Logged it to Network site
Timeout::Error
["C:/Ruby192/lib/ruby/1.9.1/net/protocol.rb:140:in `rescue in rbuf_fill'", "C:/Ruby192/lib/ruby/1.9.1/net/protocol.rb:134:in `rbuf_fill'", "C:/Ruby192/lib/ruby/1.9.1/net/protocol.rb:116:in `readuntil'", "C:/Ruby192/lib/ruby/1.9.1/net/protocol.rb:126:in `readline'", "C:/Ruby192/lib/ruby/1.9.1/net/http.rb:2219:in `read_status_line'", "C:/Ruby192/lib/ruby/1.9.1/net/http.rb:2208:in `read_new'", "C:/Ruby192/lib/ruby/1.9.1/net/http.rb:1191:in `transport_request'", "C:/Ruby192/lib/ruby/1.9.1/net/http.rb:1177:in `request'", "C:/Ruby192/lib/ruby/1.9.1/net/http.rb:1170:in `block in request'", "C:/Ruby192/lib/ruby/1.9.1/net/http.rb:627:in `start'", "C:/Ruby192/lib/ruby/1.9.1/net/http.rb:1168:in `request'", "C:/Ruby192/lib/ruby/gems/1.9.1/gems/selenium-webdriver-2.31.0/lib/selenium/webdriver/remote/http/default.rb:83:in `response_for'", "C:/Ruby192/lib/ruby/gems/1.9.1/gems/selenium-webdriver-2.31.0/lib/selenium/webdriver/remote/http/default.rb:39:in `request'", "C:/Ruby192/lib/ruby/gems/1.9.1/gems/selenium-webdriver-2.31.0/lib/selenium/webdriver/remote/http/common.rb:40:in `call'", "C:/Ruby192/lib/ruby/gems/1.9.1/gems/selenium-webdriver-2.31.0/lib/selenium/webdriver/remote/bridge.rb:616:in `raw_execute'", "C:/Ruby192/lib/ruby/gems/1.9.1/gems/selenium-webdriver-2.31.0/lib/selenium/webdriver/remote/bridge.rb:594:in `execute'", "C:/Ruby192/lib/ruby/gems/1.9.1/gems/selenium-webdriver-2.31.0/lib/selenium/webdriver/remote/bridge.rb:359:in `clickElement'", "C:/Ruby192/lib/ruby/gems/1.9.1/gems/selenium-webdriver-2.31.0/lib/selenium/webdriver/common/element.rb:54:in `click'", "C:/Ruby192/lib/ruby/gems/1.9.1/gems/watir-webdriver-0.6.1/lib/watir-webdriver/elements/element.rb:108:in `click'", "Test_55_Member_ID_report.rb:58:in `test_02_mem_id_rep_network'", "C:/Ruby192/lib/ruby/1.9.1/minitest/unit.rb:695:in `run'", "C:/Ruby192/lib/ruby/1.9.1/minitest/unit.rb:656:in `block (2 levels) in run_test_suites'", "C:/Ruby192/lib/ruby/1.9.1/minitest/unit.rb:650:in `each'", "C:/Ruby192/lib/ruby/1.9.1/minitest/unit.rb:650:in `block in run_test_suites'", "C:/Ruby192/lib/ruby/1.9.1/minitest/unit.rb:649:in `each'", "C:/Ruby192/lib/ruby/1.9.1/minitest/unit.rb:649:in `run_test_suites'", "C:/Ruby192/lib/ruby/1.9.1/minitest/unit.rb:609:in `run'", "C:/Ruby192/lib/ruby/1.9.1/minitest/unit.rb:508:in `block in autorun'"]
.
Finished in 146.385305 seconds.

2 tests, 0 assertions, 0 failures, 0 errors, 0 skips

Test run options: --seed 8031
Loaded suite Test_57_Success_fail_oq_rewards
Started
.Started InternetExplorerDriver server (32-bit)
2.39.0.0
Listening on port 5558
Successful Login to Usampadmin
25300

can't convert nil into String
["C:/Ruby192/lib/ruby/1.9.1/base64.rb:38:in `pack'", "C:/Ruby192/lib/ruby/1.9.1/base64.rb:38:in `encode64'", "Test_57_Success_fail_oq_rewards.rb:56:in `test_02_setting_fail_oq_rewards'", "C:/Ruby192/lib/ruby/1.9.1/minitest/unit.rb:695:in `run'", "C:/Ruby192/lib/ruby/1.9.1/minitest/unit.rb:656:in `block (2 levels) in run_test_suites'", "C:/Ruby192/lib/ruby/1.9.1/minitest/unit.rb:650:in `each'", "C:/Ruby192/lib/ruby/1.9.1/minitest/unit.rb:650:in `block in run_test_suites'", "C:/Ruby192/lib/ruby/1.9.1/minitest/unit.rb:649:in `each'", "C:/Ruby192/lib/ruby/1.9.1/minitest/unit.rb:649:in `run_test_suites'", "C:/Ruby192/lib/ruby/1.9.1/minitest/unit.rb:609:in `run'", "C:/Ruby192/lib/ruby/1.9.1/minitest/unit.rb:508:in `block in autorun'"]
E
Successful Login to ipoll site
## Waiting for surveys to load ##
can't convert nil into String
["C:/Ruby192/lib/ruby/1.9.1/base64.rb:38:in `pack'", "C:/Ruby192/lib/ruby/1.9.1/base64.rb:38:in `encode64'", "Test_57_Success_fail_oq_rewards.rb:148:in `test_03_success_reward'", "C:/Ruby192/lib/ruby/1.9.1/minitest/unit.rb:695:in `run'", "C:/Ruby192/lib/ruby/1.9.1/minitest/unit.rb:656:in `block (2 levels) in run_test_suites'", "C:/Ruby192/lib/ruby/1.9.1/minitest/unit.rb:650:in `each'", "C:/Ruby192/lib/ruby/1.9.1/minitest/unit.rb:650:in `block in run_test_suites'", "C:/Ruby192/lib/ruby/1.9.1/minitest/unit.rb:649:in `each'", "C:/Ruby192/lib/ruby/1.9.1/minitest/unit.rb:649:in `run_test_suites'", "C:/Ruby192/lib/ruby/1.9.1/minitest/unit.rb:609:in `run'", "C:/Ruby192/lib/ruby/1.9.1/minitest/unit.rb:508:in `block in autorun'"]
E
Successful Login to ipoll site
## Waiting for surveys to load ##
can't convert nil into String
["C:/Ruby192/lib/ruby/1.9.1/base64.rb:38:in `pack'", "C:/Ruby192/lib/ruby/1.9.1/base64.rb:38:in `encode64'", "Test_57_Success_fail_oq_rewards.rb:263:in `test_04_fail_reward'", "C:/Ruby192/lib/ruby/1.9.1/minitest/unit.rb:695:in `run'", "C:/Ruby192/lib/ruby/1.9.1/minitest/unit.rb:656:in `block (2 levels) in run_test_suites'", "C:/Ruby192/lib/ruby/1.9.1/minitest/unit.rb:650:in `each'", "C:/Ruby192/lib/ruby/1.9.1/minitest/unit.rb:650:in `block in run_test_suites'", "C:/Ruby192/lib/ruby/1.9.1/minitest/unit.rb:649:in `each'", "C:/Ruby192/lib/ruby/1.9.1/minitest/unit.rb:649:in `run_test_suites'", "C:/Ruby192/lib/ruby/1.9.1/minitest/unit.rb:609:in `run'", "C:/Ruby192/lib/ruby/1.9.1/minitest/unit.rb:508:in `block in autorun'"]
E
Successful Login to ipoll site
## Waiting for surveys to load ##
can't convert nil into String
["C:/Ruby192/lib/ruby/1.9.1/base64.rb:38:in `pack'", "C:/Ruby192/lib/ruby/1.9.1/base64.rb:38:in `encode64'", "Test_57_Success_fail_oq_rewards.rb:336:in `test_05_oq_reward'", "C:/Ruby192/lib/ruby/1.9.1/minitest/unit.rb:695:in `run'", "C:/Ruby192/lib/ruby/1.9.1/minitest/unit.rb:656:in `block (2 levels) in run_test_suites'", "C:/Ruby192/lib/ruby/1.9.1/minitest/unit.rb:650:in `each'", "C:/Ruby192/lib/ruby/1.9.1/minitest/unit.rb:650:in `block in run_test_suites'", "C:/Ruby192/lib/ruby/1.9.1/minitest/unit.rb:649:in `each'", "C:/Ruby192/lib/ruby/1.9.1/minitest/unit.rb:649:in `run_test_suites'", "C:/Ruby192/lib/ruby/1.9.1/minitest/unit.rb:609:in `run'", "C:/Ruby192/lib/ruby/1.9.1/minitest/unit.rb:508:in `block in autorun'"]
E
Finished in 228.703600 seconds.

  1) Error:
test_02_setting_fail_oq_rewards(Test_57_Success_fail_oq_rewards):
TypeError: can't convert nil into String
    Test_57_Success_fail_oq_rewards.rb:128:in `+'
    Test_57_Success_fail_oq_rewards.rb:128:in `rescue in test_02_setting_fail_oq_rewards'
    Test_57_Success_fail_oq_rewards.rb:39:in `test_02_setting_fail_oq_rewards'

  2) Error:
test_03_success_reward(Test_57_Success_fail_oq_rewards):
TypeError: can't convert nil into String
    Test_57_Success_fail_oq_rewards.rb:243:in `+'
    Test_57_Success_fail_oq_rewards.rb:243:in `rescue in test_03_success_reward'
    Test_57_Success_fail_oq_rewards.rb:136:in `test_03_success_reward'

  3) Error:
test_04_fail_reward(Test_57_Success_fail_oq_rewards):
TypeError: can't convert nil into String
    Test_57_Success_fail_oq_rewards.rb:316:in `+'
    Test_57_Success_fail_oq_rewards.rb:316:in `rescue in test_04_fail_reward'
    Test_57_Success_fail_oq_rewards.rb:251:in `test_04_fail_reward'

  4) Error:
test_05_oq_reward(Test_57_Success_fail_oq_rewards):
TypeError: can't convert nil into String
    Test_57_Success_fail_oq_rewards.rb:391:in `+'
    Test_57_Success_fail_oq_rewards.rb:391:in `rescue in test_05_oq_reward'
    Test_57_Success_fail_oq_rewards.rb:324:in `test_05_oq_reward'

5 tests, 0 assertions, 0 failures, 4 errors, 0 skips

Test run options: --seed 10317
Loaded suite Test_58_Confirmit_code_url
Started
.Started InternetExplorerDriver server (32-bit)
2.39.0.0
Listening on port 5558
Successful Login to Usampadmin
25300
115203
Modal dialog present
["C:/Ruby192/lib/ruby/gems/1.9.1/gems/selenium-webdriver-2.31.0/lib/selenium/webdriver/remote/response.rb:52:in `assert_ok'", "C:/Ruby192/lib/ruby/gems/1.9.1/gems/selenium-webdriver-2.31.0/lib/selenium/webdriver/remote/response.rb:15:in `initialize'", "C:/Ruby192/lib/ruby/gems/1.9.1/gems/selenium-webdriver-2.31.0/lib/selenium/webdriver/remote/http/common.rb:59:in `new'", "C:/Ruby192/lib/ruby/gems/1.9.1/gems/selenium-webdriver-2.31.0/lib/selenium/webdriver/remote/http/common.rb:59:in `create_response'", "C:/Ruby192/lib/ruby/gems/1.9.1/gems/selenium-webdriver-2.31.0/lib/selenium/webdriver/remote/http/default.rb:66:in `request'", "C:/Ruby192/lib/ruby/gems/1.9.1/gems/selenium-webdriver-2.31.0/lib/selenium/webdriver/remote/http/common.rb:40:in `call'", "C:/Ruby192/lib/ruby/gems/1.9.1/gems/selenium-webdriver-2.31.0/lib/selenium/webdriver/remote/bridge.rb:616:in `raw_execute'", "C:/Ruby192/lib/ruby/gems/1.9.1/gems/selenium-webdriver-2.31.0/lib/selenium/webdriver/remote/bridge.rb:594:in `execute'", "C:/Ruby192/lib/ruby/gems/1.9.1/gems/selenium-webdriver-2.31.0/lib/selenium/webdriver/remote/bridge.rb:184:in `switchToDefaultContent'", "C:/Ruby192/lib/ruby/gems/1.9.1/gems/selenium-webdriver-2.31.0/lib/selenium/webdriver/common/target_locator.rb:68:in `default_content'", "C:/Ruby192/lib/ruby/gems/1.9.1/gems/watir-webdriver-0.6.1/lib/watir-webdriver/browser.rb:180:in `assert_exists'", "C:/Ruby192/lib/ruby/gems/1.9.1/gems/watir-webdriver-0.6.1/lib/watir-webdriver/elements/element.rb:383:in `locate'", "C:/Ruby192/lib/ruby/gems/1.9.1/gems/watir-webdriver-0.6.1/lib/watir-webdriver/elements/element.rb:362:in `assert_exists'", "C:/Ruby192/lib/ruby/gems/1.9.1/gems/watir-webdriver-0.6.1/lib/watir-webdriver/user_editable.rb:8:in `set'", "Test_58_Confirmit_code_url.rb:68:in `test_02_confirmit_code_qg_set'", "C:/Ruby192/lib/ruby/1.9.1/minitest/unit.rb:695:in `run'", "C:/Ruby192/lib/ruby/1.9.1/minitest/unit.rb:656:in `block (2 levels) in run_test_suites'", "C:/Ruby192/lib/ruby/1.9.1/minitest/unit.rb:650:in `each'", "C:/Ruby192/lib/ruby/1.9.1/minitest/unit.rb:650:in `block in run_test_suites'", "C:/Ruby192/lib/ruby/1.9.1/minitest/unit.rb:649:in `each'", "C:/Ruby192/lib/ruby/1.9.1/minitest/unit.rb:649:in `run_test_suites'", "C:/Ruby192/lib/ruby/1.9.1/minitest/unit.rb:609:in `run'", "C:/Ruby192/lib/ruby/1.9.1/minitest/unit.rb:508:in `block in autorun'"]
E115203
Successful Login to ipoll site
## Waiting for surveys to load ##
linkMTE1MjAz
unable to locate element, using {:id=>"linkMTE1MjAz", :tag_name=>"a"}
["C:/Ruby192/lib/ruby/gems/1.9.1/gems/watir-webdriver-0.6.1/lib/watir-webdriver/elements/element.rb:365:in `assert_exists'", "C:/Ruby192/lib/ruby/gems/1.9.1/gems/watir-webdriver-0.6.1/lib/watir-webdriver/elements/element.rb:95:in `click'", "Test_58_Confirmit_code_url.rb:138:in `test_03_confirmit_code_survey_complete'", "C:/Ruby192/lib/ruby/1.9.1/minitest/unit.rb:695:in `run'", "C:/Ruby192/lib/ruby/1.9.1/minitest/unit.rb:656:in `block (2 levels) in run_test_suites'", "C:/Ruby192/lib/ruby/1.9.1/minitest/unit.rb:650:in `each'", "C:/Ruby192/lib/ruby/1.9.1/minitest/unit.rb:650:in `block in run_test_suites'", "C:/Ruby192/lib/ruby/1.9.1/minitest/unit.rb:649:in `each'", "C:/Ruby192/lib/ruby/1.9.1/minitest/unit.rb:649:in `run_test_suites'", "C:/Ruby192/lib/ruby/1.9.1/minitest/unit.rb:609:in `run'", "C:/Ruby192/lib/ruby/1.9.1/minitest/unit.rb:508:in `block in autorun'"]
E25300
115203
Successful Login to ipoll site
## Waiting for surveys to load ##
linkMTE1MjAz
unable to locate element, using {:id=>"linkMTE1MjAz", :tag_name=>"a"}
["C:/Ruby192/lib/ruby/gems/1.9.1/gems/watir-webdriver-0.6.1/lib/watir-webdriver/elements/element.rb:365:in `assert_exists'", "C:/Ruby192/lib/ruby/gems/1.9.1/gems/watir-webdriver-0.6.1/lib/watir-webdriver/elements/element.rb:95:in `click'", "Test_58_Confirmit_code_url.rb:209:in `test_04_conf_code_qg_auto_close'", "C:/Ruby192/lib/ruby/1.9.1/minitest/unit.rb:695:in `run'", "C:/Ruby192/lib/ruby/1.9.1/minitest/unit.rb:656:in `block (2 levels) in run_test_suites'", "C:/Ruby192/lib/ruby/1.9.1/minitest/unit.rb:650:in `each'", "C:/Ruby192/lib/ruby/1.9.1/minitest/unit.rb:650:in `block in run_test_suites'", "C:/Ruby192/lib/ruby/1.9.1/minitest/unit.rb:649:in `each'", "C:/Ruby192/lib/ruby/1.9.1/minitest/unit.rb:649:in `run_test_suites'", "C:/Ruby192/lib/ruby/1.9.1/minitest/unit.rb:609:in `run'", "C:/Ruby192/lib/ruby/1.9.1/minitest/unit.rb:508:in `block in autorun'"]
EStarted InternetExplorerDriver server (32-bit)
2.39.0.0
Listening on port 5558
Successful Login to Usampadmin
25300
115203
Modal dialog present
["C:/Ruby192/lib/ruby/gems/1.9.1/gems/selenium-webdriver-2.31.0/lib/selenium/webdriver/remote/response.rb:52:in `assert_ok'", "C:/Ruby192/lib/ruby/gems/1.9.1/gems/selenium-webdriver-2.31.0/lib/selenium/webdriver/remote/response.rb:15:in `initialize'", "C:/Ruby192/lib/ruby/gems/1.9.1/gems/selenium-webdriver-2.31.0/lib/selenium/webdriver/remote/http/common.rb:59:in `new'", "C:/Ruby192/lib/ruby/gems/1.9.1/gems/selenium-webdriver-2.31.0/lib/selenium/webdriver/remote/http/common.rb:59:in `create_response'", "C:/Ruby192/lib/ruby/gems/1.9.1/gems/selenium-webdriver-2.31.0/lib/selenium/webdriver/remote/http/default.rb:66:in `request'", "C:/Ruby192/lib/ruby/gems/1.9.1/gems/selenium-webdriver-2.31.0/lib/selenium/webdriver/remote/http/common.rb:40:in `call'", "C:/Ruby192/lib/ruby/gems/1.9.1/gems/selenium-webdriver-2.31.0/lib/selenium/webdriver/remote/bridge.rb:616:in `raw_execute'", "C:/Ruby192/lib/ruby/gems/1.9.1/gems/selenium-webdriver-2.31.0/lib/selenium/webdriver/remote/bridge.rb:594:in `execute'", "C:/Ruby192/lib/ruby/gems/1.9.1/gems/selenium-webdriver-2.31.0/lib/selenium/webdriver/remote/bridge.rb:184:in `switchToDefaultContent'", "C:/Ruby192/lib/ruby/gems/1.9.1/gems/selenium-webdriver-2.31.0/lib/selenium/webdriver/common/target_locator.rb:68:in `default_content'", "C:/Ruby192/lib/ruby/gems/1.9.1/gems/watir-webdriver-0.6.1/lib/watir-webdriver/browser.rb:180:in `assert_exists'", "C:/Ruby192/lib/ruby/gems/1.9.1/gems/watir-webdriver-0.6.1/lib/watir-webdriver/elements/element.rb:383:in `locate'", "C:/Ruby192/lib/ruby/gems/1.9.1/gems/watir-webdriver-0.6.1/lib/watir-webdriver/elements/element.rb:362:in `assert_exists'", "C:/Ruby192/lib/ruby/gems/1.9.1/gems/watir-webdriver-0.6.1/lib/watir-webdriver/elements/radio.rb:9:in `set'", "Test_58_Confirmit_code_url.rb:292:in `test_05_confirmit_url_qg_set'", "C:/Ruby192/lib/ruby/1.9.1/minitest/unit.rb:695:in `run'", "C:/Ruby192/lib/ruby/1.9.1/minitest/unit.rb:656:in `block (2 levels) in run_test_suites'", "C:/Ruby192/lib/ruby/1.9.1/minitest/unit.rb:650:in `each'", "C:/Ruby192/lib/ruby/1.9.1/minitest/unit.rb:650:in `block in run_test_suites'", "C:/Ruby192/lib/ruby/1.9.1/minitest/unit.rb:649:in `each'", "C:/Ruby192/lib/ruby/1.9.1/minitest/unit.rb:649:in `run_test_suites'", "C:/Ruby192/lib/ruby/1.9.1/minitest/unit.rb:609:in `run'", "C:/Ruby192/lib/ruby/1.9.1/minitest/unit.rb:508:in `block in autorun'"]
E115203
Successful Login to ipoll site
## Waiting for surveys to load ##
linkMTE1MjAz
unable to locate element, using {:id=>"linkMTE1MjAz", :tag_name=>"a"}
["C:/Ruby192/lib/ruby/gems/1.9.1/gems/watir-webdriver-0.6.1/lib/watir-webdriver/elements/element.rb:365:in `assert_exists'", "C:/Ruby192/lib/ruby/gems/1.9.1/gems/watir-webdriver-0.6.1/lib/watir-webdriver/elements/element.rb:95:in `click'", "Test_58_Confirmit_code_url.rb:359:in `test_06_confirmit_url_survey_complete'", "C:/Ruby192/lib/ruby/1.9.1/minitest/unit.rb:695:in `run'", "C:/Ruby192/lib/ruby/1.9.1/minitest/unit.rb:656:in `block (2 levels) in run_test_suites'", "C:/Ruby192/lib/ruby/1.9.1/minitest/unit.rb:650:in `each'", "C:/Ruby192/lib/ruby/1.9.1/minitest/unit.rb:650:in `block in run_test_suites'", "C:/Ruby192/lib/ruby/1.9.1/minitest/unit.rb:649:in `each'", "C:/Ruby192/lib/ruby/1.9.1/minitest/unit.rb:649:in `run_test_suites'", "C:/Ruby192/lib/ruby/1.9.1/minitest/unit.rb:609:in `run'", "C:/Ruby192/lib/ruby/1.9.1/minitest/unit.rb:508:in `block in autorun'"]
E25300
115203
Successful Login to ipoll site
## Waiting for surveys to load ##
linkMTE1MjAz
unable to locate element, using {:id=>"linkMTE1MjAz", :tag_name=>"a"}
["C:/Ruby192/lib/ruby/gems/1.9.1/gems/watir-webdriver-0.6.1/lib/watir-webdriver/elements/element.rb:365:in `assert_exists'", "C:/Ruby192/lib/ruby/gems/1.9.1/gems/watir-webdriver-0.6.1/lib/watir-webdriver/elements/element.rb:95:in `click'", "Test_58_Confirmit_code_url.rb:432:in `test_07_conf_url_qg_auto_close'", "C:/Ruby192/lib/ruby/1.9.1/minitest/unit.rb:695:in `run'", "C:/Ruby192/lib/ruby/1.9.1/minitest/unit.rb:656:in `block (2 levels) in run_test_suites'", "C:/Ruby192/lib/ruby/1.9.1/minitest/unit.rb:650:in `each'", "C:/Ruby192/lib/ruby/1.9.1/minitest/unit.rb:650:in `block in run_test_suites'", "C:/Ruby192/lib/ruby/1.9.1/minitest/unit.rb:649:in `each'", "C:/Ruby192/lib/ruby/1.9.1/minitest/unit.rb:649:in `run_test_suites'", "C:/Ruby192/lib/ruby/1.9.1/minitest/unit.rb:609:in `run'", "C:/Ruby192/lib/ruby/1.9.1/minitest/unit.rb:508:in `block in autorun'"]
E25300
115203
Started InternetExplorerDriver server (32-bit)
2.39.0.0
Listening on port 5558
Successful Login to Usampadmin
Modal dialog present
["C:/Ruby192/lib/ruby/gems/1.9.1/gems/selenium-webdriver-2.31.0/lib/selenium/webdriver/remote/response.rb:52:in `assert_ok'", "C:/Ruby192/lib/ruby/gems/1.9.1/gems/selenium-webdriver-2.31.0/lib/selenium/webdriver/remote/response.rb:15:in `initialize'", "C:/Ruby192/lib/ruby/gems/1.9.1/gems/selenium-webdriver-2.31.0/lib/selenium/webdriver/remote/http/common.rb:59:in `new'", "C:/Ruby192/lib/ruby/gems/1.9.1/gems/selenium-webdriver-2.31.0/lib/selenium/webdriver/remote/http/common.rb:59:in `create_response'", "C:/Ruby192/lib/ruby/gems/1.9.1/gems/selenium-webdriver-2.31.0/lib/selenium/webdriver/remote/http/default.rb:66:in `request'", "C:/Ruby192/lib/ruby/gems/1.9.1/gems/selenium-webdriver-2.31.0/lib/selenium/webdriver/remote/http/common.rb:40:in `call'", "C:/Ruby192/lib/ruby/gems/1.9.1/gems/selenium-webdriver-2.31.0/lib/selenium/webdriver/remote/bridge.rb:616:in `raw_execute'", "C:/Ruby192/lib/ruby/gems/1.9.1/gems/selenium-webdriver-2.31.0/lib/selenium/webdriver/remote/bridge.rb:594:in `execute'", "C:/Ruby192/lib/ruby/gems/1.9.1/gems/selenium-webdriver-2.31.0/lib/selenium/webdriver/remote/bridge.rb:184:in `switchToDefaultContent'", "C:/Ruby192/lib/ruby/gems/1.9.1/gems/selenium-webdriver-2.31.0/lib/selenium/webdriver/common/target_locator.rb:68:in `default_content'", "C:/Ruby192/lib/ruby/gems/1.9.1/gems/watir-webdriver-0.6.1/lib/watir-webdriver/browser.rb:180:in `assert_exists'", "C:/Ruby192/lib/ruby/gems/1.9.1/gems/watir-webdriver-0.6.1/lib/watir-webdriver/elements/element.rb:383:in `locate'", "C:/Ruby192/lib/ruby/gems/1.9.1/gems/watir-webdriver-0.6.1/lib/watir-webdriver/elements/element.rb:362:in `assert_exists'", "C:/Ruby192/lib/ruby/gems/1.9.1/gems/watir-webdriver-0.6.1/lib/watir-webdriver/elements/element.rb:95:in `click'", "Test_58_Confirmit_code_url.rb:512:in `test_08_reset_qg'", "C:/Ruby192/lib/ruby/1.9.1/minitest/unit.rb:695:in `run'", "C:/Ruby192/lib/ruby/1.9.1/minitest/unit.rb:656:in `block (2 levels) in run_test_suites'", "C:/Ruby192/lib/ruby/1.9.1/minitest/unit.rb:650:in `each'", "C:/Ruby192/lib/ruby/1.9.1/minitest/unit.rb:650:in `block in run_test_suites'", "C:/Ruby192/lib/ruby/1.9.1/minitest/unit.rb:649:in `each'", "C:/Ruby192/lib/ruby/1.9.1/minitest/unit.rb:649:in `run_test_suites'", "C:/Ruby192/lib/ruby/1.9.1/minitest/unit.rb:609:in `run'", "C:/Ruby192/lib/ruby/1.9.1/minitest/unit.rb:508:in `block in autorun'"]
.
Finished in 443.453092 seconds.

  1) Error:
test_02_confirmit_code_qg_set(Test_58_Confirmit_code_url):
TypeError: can't convert nil into String
    Test_58_Confirmit_code_url.rb:113:in `+'
    Test_58_Confirmit_code_url.rb:113:in `rescue in test_02_confirmit_code_qg_set'
    Test_58_Confirmit_code_url.rb:44:in `test_02_confirmit_code_qg_set'

  2) Error:
test_03_confirmit_code_survey_complete(Test_58_Confirmit_code_url):
TypeError: can't convert nil into String
    Test_58_Confirmit_code_url.rb:179:in `+'
    Test_58_Confirmit_code_url.rb:179:in `rescue in test_03_confirmit_code_survey_complete'
    Test_58_Confirmit_code_url.rb:121:in `test_03_confirmit_code_survey_complete'

  3) Error:
test_04_conf_code_qg_auto_close(Test_58_Confirmit_code_url):
TypeError: can't convert nil into String
    Test_58_Confirmit_code_url.rb:260:in `+'
    Test_58_Confirmit_code_url.rb:260:in `rescue in test_04_conf_code_qg_auto_close'
    Test_58_Confirmit_code_url.rb:187:in `test_04_conf_code_qg_auto_close'

  4) Error:
test_05_confirmit_url_qg_set(Test_58_Confirmit_code_url):
TypeError: can't convert nil into String
    Test_58_Confirmit_code_url.rb:334:in `+'
    Test_58_Confirmit_code_url.rb:334:in `rescue in test_05_confirmit_url_qg_set'
    Test_58_Confirmit_code_url.rb:268:in `test_05_confirmit_url_qg_set'

  5) Error:
test_06_confirmit_url_survey_complete(Test_58_Confirmit_code_url):
TypeError: can't convert nil into String
    Test_58_Confirmit_code_url.rb:401:in `+'
    Test_58_Confirmit_code_url.rb:401:in `rescue in test_06_confirmit_url_survey_complete'
    Test_58_Confirmit_code_url.rb:342:in `test_06_confirmit_url_survey_complete'

  6) Error:
test_07_conf_url_qg_auto_close(Test_58_Confirmit_code_url):
TypeError: can't convert nil into String
    Test_58_Confirmit_code_url.rb:483:in `+'
    Test_58_Confirmit_code_url.rb:483:in `rescue in test_07_conf_url_qg_auto_close'
    Test_58_Confirmit_code_url.rb:410:in `test_07_conf_url_qg_auto_close'

8 tests, 0 assertions, 0 failures, 6 errors, 0 skips

Test run options: --seed 30470
Loaded suite Test_59_Confirmit_code_url_recontact
Started
.Started InternetExplorerDriver server (32-bit)
2.39.0.0
Listening on port 5558
Successful Login to Usampadmin
test
25300
115203


MjUzMDAK
MTE1MjAz
p.usampadmin.com/add_quota_group.php?project_id=MjUzMDAK
&quota_group_id=MTE1MjAz
unable to locate element, using {:text=>"Copy Selected Quota Group", :tag_name=>"a"}
["C:/Ruby192/lib/ruby/gems/1.9.1/gems/watir-webdriver-0.6.1/lib/watir-webdriver/elements/element.rb:365:in `assert_exists'", "C:/Ruby192/lib/ruby/gems/1.9.1/gems/watir-webdriver-0.6.1/lib/watir-webdriver/elements/element.rb:95:in `click'", "Test_59_Confirmit_code_url_recontact.rb:79:in `test_02_copy_qg_change_reward'", "C:/Ruby192/lib/ruby/1.9.1/minitest/unit.rb:695:in `run'", "C:/Ruby192/lib/ruby/1.9.1/minitest/unit.rb:656:in `block (2 levels) in run_test_suites'", "C:/Ruby192/lib/ruby/1.9.1/minitest/unit.rb:650:in `each'", "C:/Ruby192/lib/ruby/1.9.1/minitest/unit.rb:650:in `block in run_test_suites'", "C:/Ruby192/lib/ruby/1.9.1/minitest/unit.rb:649:in `each'", "C:/Ruby192/lib/ruby/1.9.1/minitest/unit.rb:649:in `run_test_suites'", "C:/Ruby192/lib/ruby/1.9.1/minitest/unit.rb:609:in `run'", "C:/Ruby192/lib/ruby/1.9.1/minitest/unit.rb:508:in `block in autorun'"]
EStarted InternetExplorerDriver server (32-bit)
2.39.0.0
Listening on port 5559
Successful Login to Usampadmin
25300

can't convert nil into String
["C:/Ruby192/lib/ruby/1.9.1/base64.rb:38:in `pack'", "C:/Ruby192/lib/ruby/1.9.1/base64.rb:38:in `encode64'", "Test_59_Confirmit_code_url_recontact.rb:148:in `test_03_confirmit_code__recon_qg_set'", "C:/Ruby192/lib/ruby/1.9.1/minitest/unit.rb:695:in `run'", "C:/Ruby192/lib/ruby/1.9.1/minitest/unit.rb:656:in `block (2 levels) in run_test_suites'", "C:/Ruby192/lib/ruby/1.9.1/minitest/unit.rb:650:in `each'", "C:/Ruby192/lib/ruby/1.9.1/minitest/unit.rb:650:in `block in run_test_suites'", "C:/Ruby192/lib/ruby/1.9.1/minitest/unit.rb:649:in `each'", "C:/Ruby192/lib/ruby/1.9.1/minitest/unit.rb:649:in `run_test_suites'", "C:/Ruby192/lib/ruby/1.9.1/minitest/unit.rb:609:in `run'", "C:/Ruby192/lib/ruby/1.9.1/minitest/unit.rb:508:in `block in autorun'"]
E
Successful Login to ipoll site
## Waiting for surveys to load ##
can't convert nil into String
["Test_59_Confirmit_code_url_recontact.rb:258:in `include?'", "Test_59_Confirmit_code_url_recontact.rb:258:in `test_04_invalid_member_not_shown_survey'", "C:/Ruby192/lib/ruby/1.9.1/minitest/unit.rb:695:in `run'", "C:/Ruby192/lib/ruby/1.9.1/minitest/unit.rb:656:in `block (2 levels) in run_test_suites'", "C:/Ruby192/lib/ruby/1.9.1/minitest/unit.rb:650:in `each'", "C:/Ruby192/lib/ruby/1.9.1/minitest/unit.rb:650:in `block in run_test_suites'", "C:/Ruby192/lib/ruby/1.9.1/minitest/unit.rb:649:in `each'", "C:/Ruby192/lib/ruby/1.9.1/minitest/unit.rb:649:in `run_test_suites'", "C:/Ruby192/lib/ruby/1.9.1/minitest/unit.rb:609:in `run'", "C:/Ruby192/lib/ruby/1.9.1/minitest/unit.rb:508:in `block in autorun'"]
.
Successful Login to ipoll site
## Waiting for surveys to load ##
can't convert nil into String
["C:/Ruby192/lib/ruby/1.9.1/base64.rb:38:in `pack'", "C:/Ruby192/lib/ruby/1.9.1/base64.rb:38:in `encode64'", "Test_59_Confirmit_code_url_recontact.rb:292:in `test_05_confirmit_code_survey_complete'", "C:/Ruby192/lib/ruby/1.9.1/minitest/unit.rb:695:in `run'", "C:/Ruby192/lib/ruby/1.9.1/minitest/unit.rb:656:in `block (2 levels) in run_test_suites'", "C:/Ruby192/lib/ruby/1.9.1/minitest/unit.rb:650:in `each'", "C:/Ruby192/lib/ruby/1.9.1/minitest/unit.rb:650:in `block in run_test_suites'", "C:/Ruby192/lib/ruby/1.9.1/minitest/unit.rb:649:in `each'", "C:/Ruby192/lib/ruby/1.9.1/minitest/unit.rb:649:in `run_test_suites'", "C:/Ruby192/lib/ruby/1.9.1/minitest/unit.rb:609:in `run'", "C:/Ruby192/lib/ruby/1.9.1/minitest/unit.rb:508:in `block in autorun'"]
.Started InternetExplorerDriver server (32-bit)
2.39.0.0
Listening on port 5558
Successful Login to Usampadmin
25300

can't convert nil into String
["C:/Ruby192/lib/ruby/1.9.1/base64.rb:38:in `pack'", "C:/Ruby192/lib/ruby/1.9.1/base64.rb:38:in `encode64'", "Test_59_Confirmit_code_url_recontact.rb:354:in `test_06_confirmit_url_qg_set'", "C:/Ruby192/lib/ruby/1.9.1/minitest/unit.rb:695:in `run'", "C:/Ruby192/lib/ruby/1.9.1/minitest/unit.rb:656:in `block (2 levels) in run_test_suites'", "C:/Ruby192/lib/ruby/1.9.1/minitest/unit.rb:650:in `each'", "C:/Ruby192/lib/ruby/1.9.1/minitest/unit.rb:650:in `block in run_test_suites'", "C:/Ruby192/lib/ruby/1.9.1/minitest/unit.rb:649:in `each'", "C:/Ruby192/lib/ruby/1.9.1/minitest/unit.rb:649:in `run_test_suites'", "C:/Ruby192/lib/ruby/1.9.1/minitest/unit.rb:609:in `run'", "C:/Ruby192/lib/ruby/1.9.1/minitest/unit.rb:508:in `block in autorun'"]
.
Successful Login to ipoll site
## Waiting for surveys to load ##
can't convert nil into String
["Test_59_Confirmit_code_url_recontact.rb:461:in `include?'", "Test_59_Confirmit_code_url_recontact.rb:461:in `test_07_invalid_member_not_shown_survey'", "C:/Ruby192/lib/ruby/1.9.1/minitest/unit.rb:695:in `run'", "C:/Ruby192/lib/ruby/1.9.1/minitest/unit.rb:656:in `block (2 levels) in run_test_suites'", "C:/Ruby192/lib/ruby/1.9.1/minitest/unit.rb:650:in `each'", "C:/Ruby192/lib/ruby/1.9.1/minitest/unit.rb:650:in `block in run_test_suites'", "C:/Ruby192/lib/ruby/1.9.1/minitest/unit.rb:649:in `each'", "C:/Ruby192/lib/ruby/1.9.1/minitest/unit.rb:649:in `run_test_suites'", "C:/Ruby192/lib/ruby/1.9.1/minitest/unit.rb:609:in `run'", "C:/Ruby192/lib/ruby/1.9.1/minitest/unit.rb:508:in `block in autorun'"]
.
Successful Login to ipoll site
## Waiting for surveys to load ##
can't convert nil into String
["C:/Ruby192/lib/ruby/1.9.1/base64.rb:38:in `pack'", "C:/Ruby192/lib/ruby/1.9.1/base64.rb:38:in `encode64'", "Test_59_Confirmit_code_url_recontact.rb:495:in `test_08_confirmit_url_survey_complete'", "C:/Ruby192/lib/ruby/1.9.1/minitest/unit.rb:695:in `run'", "C:/Ruby192/lib/ruby/1.9.1/minitest/unit.rb:656:in `block (2 levels) in run_test_suites'", "C:/Ruby192/lib/ruby/1.9.1/minitest/unit.rb:650:in `each'", "C:/Ruby192/lib/ruby/1.9.1/minitest/unit.rb:650:in `block in run_test_suites'", "C:/Ruby192/lib/ruby/1.9.1/minitest/unit.rb:649:in `each'", "C:/Ruby192/lib/ruby/1.9.1/minitest/unit.rb:649:in `run_test_suites'", "C:/Ruby192/lib/ruby/1.9.1/minitest/unit.rb:609:in `run'", "C:/Ruby192/lib/ruby/1.9.1/minitest/unit.rb:508:in `block in autorun'"]
.Started InternetExplorerDriver server (32-bit)
2.39.0.0
Listening on port 5558
Successful Login to Usampadmin
25300

can't convert nil into String
["C:/Ruby192/lib/ruby/1.9.1/base64.rb:38:in `pack'", "C:/Ruby192/lib/ruby/1.9.1/base64.rb:38:in `encode64'", "Test_59_Confirmit_code_url_recontact.rb:557:in `test_09_close_qg'", "C:/Ruby192/lib/ruby/1.9.1/minitest/unit.rb:695:in `run'", "C:/Ruby192/lib/ruby/1.9.1/minitest/unit.rb:656:in `block (2 levels) in run_test_suites'", "C:/Ruby192/lib/ruby/1.9.1/minitest/unit.rb:650:in `each'", "C:/Ruby192/lib/ruby/1.9.1/minitest/unit.rb:650:in `block in run_test_suites'", "C:/Ruby192/lib/ruby/1.9.1/minitest/unit.rb:649:in `each'", "C:/Ruby192/lib/ruby/1.9.1/minitest/unit.rb:649:in `run_test_suites'", "C:/Ruby192/lib/ruby/1.9.1/minitest/unit.rb:609:in `run'", "C:/Ruby192/lib/ruby/1.9.1/minitest/unit.rb:508:in `block in autorun'"]
.
Finished in 398.606184 seconds.

  1) Error:
test_02_copy_qg_change_reward(Test_59_Confirmit_code_url_recontact):
TypeError: can't convert nil into String
    Test_59_Confirmit_code_url_recontact.rb:121:in `+'
    Test_59_Confirmit_code_url_recontact.rb:121:in `rescue in test_02_copy_qg_change_reward'
    Test_59_Confirmit_code_url_recontact.rb:45:in `test_02_copy_qg_change_reward'

  2) Error:
test_03_confirmit_code__recon_qg_set(Test_59_Confirmit_code_url_recontact):
TypeError: can't convert nil into String
    Test_59_Confirmit_code_url_recontact.rb:232:in `+'
    Test_59_Confirmit_code_url_recontact.rb:232:in `rescue in test_03_confirmit_code__recon_qg_set'
    Test_59_Confirmit_code_url_recontact.rb:131:in `test_03_confirmit_code__recon_qg_set'

9 tests, 0 assertions, 0 failures, 2 errors, 0 skips

Test run options: --seed 6839
Loaded suite Test_60_Survey_complete_invalid_token
Started
.25300

can't convert nil into String
["C:/Ruby192/lib/ruby/1.9.1/base64.rb:38:in `pack'", "C:/Ruby192/lib/ruby/1.9.1/base64.rb:38:in `encode64'", "Test_60_Survey_complete_invalid_token.rb:55:in `test_02_survey_complete'", "C:/Ruby192/lib/ruby/1.9.1/minitest/unit.rb:695:in `run'", "C:/Ruby192/lib/ruby/1.9.1/minitest/unit.rb:656:in `block (2 levels) in run_test_suites'", "C:/Ruby192/lib/ruby/1.9.1/minitest/unit.rb:650:in `each'", "C:/Ruby192/lib/ruby/1.9.1/minitest/unit.rb:650:in `block in run_test_suites'", "C:/Ruby192/lib/ruby/1.9.1/minitest/unit.rb:649:in `each'", "C:/Ruby192/lib/ruby/1.9.1/minitest/unit.rb:649:in `run_test_suites'", "C:/Ruby192/lib/ruby/1.9.1/minitest/unit.rb:609:in `run'", "C:/Ruby192/lib/ruby/1.9.1/minitest/unit.rb:508:in `block in autorun'"]
E25300

can't convert nil into String
["C:/Ruby192/lib/ruby/1.9.1/base64.rb:38:in `pack'", "C:/Ruby192/lib/ruby/1.9.1/base64.rb:38:in `encode64'", "Test_60_Survey_complete_invalid_token.rb:118:in `test_03_reset_qg_url'", "C:/Ruby192/lib/ruby/1.9.1/minitest/unit.rb:695:in `run'", "C:/Ruby192/lib/ruby/1.9.1/minitest/unit.rb:656:in `block (2 levels) in run_test_suites'", "C:/Ruby192/lib/ruby/1.9.1/minitest/unit.rb:650:in `each'", "C:/Ruby192/lib/ruby/1.9.1/minitest/unit.rb:650:in `block in run_test_suites'", "C:/Ruby192/lib/ruby/1.9.1/minitest/unit.rb:649:in `each'", "C:/Ruby192/lib/ruby/1.9.1/minitest/unit.rb:649:in `run_test_suites'", "C:/Ruby192/lib/ruby/1.9.1/minitest/unit.rb:609:in `run'", "C:/Ruby192/lib/ruby/1.9.1/minitest/unit.rb:508:in `block in autorun'"]
E
Finished in 0.000000 seconds.

  1) Error:
test_02_survey_complete(Test_60_Survey_complete_invalid_token):
NoMethodError: undefined method `close' for nil:NilClass
    Test_60_Survey_complete_invalid_token.rb:95:in `rescue in test_02_survey_complete'
    Test_60_Survey_complete_invalid_token.rb:39:in `test_02_survey_complete'

  2) Error:
test_03_reset_qg_url(Test_60_Survey_complete_invalid_token):
NoMethodError: undefined method `close' for nil:NilClass
    Test_60_Survey_complete_invalid_token.rb:137:in `rescue in test_03_reset_qg_url'
    Test_60_Survey_complete_invalid_token.rb:106:in `test_03_reset_qg_url'

3 tests, 0 assertions, 0 failures, 2 errors, 0 skips

Test run options: --seed 38578
Loaded suite Test_61_Rewards_at_site_level
Started
.Started InternetExplorerDriver server (32-bit)
2.39.0.0
Listening on port 5558
Successful Login to Usampadmin
25300

can't convert nil into String
["C:/Ruby192/lib/ruby/1.9.1/base64.rb:38:in `pack'", "C:/Ruby192/lib/ruby/1.9.1/base64.rb:38:in `encode64'", "Test_61_Rewards_at_site_level.rb:55:in `test_02_set_pl_rewards'", "C:/Ruby192/lib/ruby/1.9.1/minitest/unit.rb:695:in `run'", "C:/Ruby192/lib/ruby/1.9.1/minitest/unit.rb:656:in `block (2 levels) in run_test_suites'", "C:/Ruby192/lib/ruby/1.9.1/minitest/unit.rb:650:in `each'", "C:/Ruby192/lib/ruby/1.9.1/minitest/unit.rb:650:in `block in run_test_suites'", "C:/Ruby192/lib/ruby/1.9.1/minitest/unit.rb:649:in `each'", "C:/Ruby192/lib/ruby/1.9.1/minitest/unit.rb:649:in `run_test_suites'", "C:/Ruby192/lib/ruby/1.9.1/minitest/unit.rb:609:in `run'", "C:/Ruby192/lib/ruby/1.9.1/minitest/unit.rb:508:in `block in autorun'"]
E
Successful Login to ipoll site
## Waiting for surveys to load ##
can't convert nil into String
["C:/Ruby192/lib/ruby/1.9.1/base64.rb:38:in `pack'", "C:/Ruby192/lib/ruby/1.9.1/base64.rb:38:in `encode64'", "Test_61_Rewards_at_site_level.rb:136:in `test_03_success_reward'", "C:/Ruby192/lib/ruby/1.9.1/minitest/unit.rb:695:in `run'", "C:/Ruby192/lib/ruby/1.9.1/minitest/unit.rb:656:in `block (2 levels) in run_test_suites'", "C:/Ruby192/lib/ruby/1.9.1/minitest/unit.rb:650:in `each'", "C:/Ruby192/lib/ruby/1.9.1/minitest/unit.rb:650:in `block in run_test_suites'", "C:/Ruby192/lib/ruby/1.9.1/minitest/unit.rb:649:in `each'", "C:/Ruby192/lib/ruby/1.9.1/minitest/unit.rb:649:in `run_test_suites'", "C:/Ruby192/lib/ruby/1.9.1/minitest/unit.rb:609:in `run'", "C:/Ruby192/lib/ruby/1.9.1/minitest/unit.rb:508:in `block in autorun'"]
E
Successful Login to ipoll site
## Waiting for surveys to load ##
can't convert nil into String
["C:/Ruby192/lib/ruby/1.9.1/base64.rb:38:in `pack'", "C:/Ruby192/lib/ruby/1.9.1/base64.rb:38:in `encode64'", "Test_61_Rewards_at_site_level.rb:258:in `test_04_fail_reward'", "C:/Ruby192/lib/ruby/1.9.1/minitest/unit.rb:695:in `run'", "C:/Ruby192/lib/ruby/1.9.1/minitest/unit.rb:656:in `block (2 levels) in run_test_suites'", "C:/Ruby192/lib/ruby/1.9.1/minitest/unit.rb:650:in `each'", "C:/Ruby192/lib/ruby/1.9.1/minitest/unit.rb:650:in `block in run_test_suites'", "C:/Ruby192/lib/ruby/1.9.1/minitest/unit.rb:649:in `each'", "C:/Ruby192/lib/ruby/1.9.1/minitest/unit.rb:649:in `run_test_suites'", "C:/Ruby192/lib/ruby/1.9.1/minitest/unit.rb:609:in `run'", "C:/Ruby192/lib/ruby/1.9.1/minitest/unit.rb:508:in `block in autorun'"]
E
Successful Login to ipoll site
## Waiting for surveys to load ##
can't convert nil into String
["C:/Ruby192/lib/ruby/1.9.1/base64.rb:38:in `pack'", "C:/Ruby192/lib/ruby/1.9.1/base64.rb:38:in `encode64'", "Test_61_Rewards_at_site_level.rb:333:in `test_05_oq_reward'", "C:/Ruby192/lib/ruby/1.9.1/minitest/unit.rb:695:in `run'", "C:/Ruby192/lib/ruby/1.9.1/minitest/unit.rb:656:in `block (2 levels) in run_test_suites'", "C:/Ruby192/lib/ruby/1.9.1/minitest/unit.rb:650:in `each'", "C:/Ruby192/lib/ruby/1.9.1/minitest/unit.rb:650:in `block in run_test_suites'", "C:/Ruby192/lib/ruby/1.9.1/minitest/unit.rb:649:in `each'", "C:/Ruby192/lib/ruby/1.9.1/minitest/unit.rb:649:in `run_test_suites'", "C:/Ruby192/lib/ruby/1.9.1/minitest/unit.rb:609:in `run'", "C:/Ruby192/lib/ruby/1.9.1/minitest/unit.rb:508:in `block in autorun'"]
EStarted InternetExplorerDriver server (32-bit)
2.39.0.0
Listening on port 5558
Successful Login to Usampadmin
.
Finished in 253.673004 seconds.

  1) Error:
test_02_set_pl_rewards(Test_61_Rewards_at_site_level):
TypeError: can't convert nil into String
    Test_61_Rewards_at_site_level.rb:116:in `+'
    Test_61_Rewards_at_site_level.rb:116:in `rescue in test_02_set_pl_rewards'
    Test_61_Rewards_at_site_level.rb:38:in `test_02_set_pl_rewards'

  2) Error:
test_03_success_reward(Test_61_Rewards_at_site_level):
TypeError: can't convert nil into String
    Test_61_Rewards_at_site_level.rb:238:in `+'
    Test_61_Rewards_at_site_level.rb:238:in `rescue in test_03_success_reward'
    Test_61_Rewards_at_site_level.rb:124:in `test_03_success_reward'

  3) Error:
test_04_fail_reward(Test_61_Rewards_at_site_level):
TypeError: can't convert nil into String
    Test_61_Rewards_at_site_level.rb:313:in `+'
    Test_61_Rewards_at_site_level.rb:313:in `rescue in test_04_fail_reward'
    Test_61_Rewards_at_site_level.rb:246:in `test_04_fail_reward'

  4) Error:
test_05_oq_reward(Test_61_Rewards_at_site_level):
TypeError: can't convert nil into String
    Test_61_Rewards_at_site_level.rb:388:in `+'
    Test_61_Rewards_at_site_level.rb:388:in `rescue in test_05_oq_reward'
    Test_61_Rewards_at_site_level.rb:321:in `test_05_oq_reward'

6 tests, 0 assertions, 0 failures, 4 errors, 0 skips

Test run options: --seed 12999
Loaded suite Test_62_Reward_config_foriegn_lang
Started
.Started InternetExplorerDriver server (32-bit)
2.39.0.0
Listening on port 5558
Successful Login to Usampadmin
1934
passed
Donacion espanola
passed
.Sorry! System Failed to login to ipoll site
desc_pl_passed
don_pl_passed
.
Finished in 172.354780 seconds.

3 tests, 0 assertions, 0 failures, 0 errors, 0 skips

Test run options: --seed 15881
Loaded suite Test_63_Broadcasts
Started
.Successful Login to Usampadmin
25300

can't convert nil into String
["C:/Ruby192/lib/ruby/1.9.1/base64.rb:38:in `pack'", "C:/Ruby192/lib/ruby/1.9.1/base64.rb:38:in `encode64'", "Test_63_Broadcasts.rb:63:in `test_02_make_setting'", "C:/Ruby192/lib/ruby/1.9.1/minitest/unit.rb:695:in `run'", "C:/Ruby192/lib/ruby/1.9.1/minitest/unit.rb:656:in `block (2 levels) in run_test_suites'", "C:/Ruby192/lib/ruby/1.9.1/minitest/unit.rb:650:in `each'", "C:/Ruby192/lib/ruby/1.9.1/minitest/unit.rb:650:in `block in run_test_suites'", "C:/Ruby192/lib/ruby/1.9.1/minitest/unit.rb:649:in `each'", "C:/Ruby192/lib/ruby/1.9.1/minitest/unit.rb:649:in `run_test_suites'", "C:/Ruby192/lib/ruby/1.9.1/minitest/unit.rb:609:in `run'", "C:/Ruby192/lib/ruby/1.9.1/minitest/unit.rb:508:in `block in autorun'"]
ESuccessful Login to Usampadmin
25300

can't convert nil into String
["C:/Ruby192/lib/ruby/1.9.1/base64.rb:38:in `pack'", "C:/Ruby192/lib/ruby/1.9.1/base64.rb:38:in `encode64'", "Test_63_Broadcasts.rb:120:in `test_03_send_bcast'", "C:/Ruby192/lib/ruby/1.9.1/minitest/unit.rb:695:in `run'", "C:/Ruby192/lib/ruby/1.9.1/minitest/unit.rb:656:in `block (2 levels) in run_test_suites'", "C:/Ruby192/lib/ruby/1.9.1/minitest/unit.rb:650:in `each'", "C:/Ruby192/lib/ruby/1.9.1/minitest/unit.rb:650:in `block in run_test_suites'", "C:/Ruby192/lib/ruby/1.9.1/minitest/unit.rb:649:in `each'", "C:/Ruby192/lib/ruby/1.9.1/minitest/unit.rb:649:in `run_test_suites'", "C:/Ruby192/lib/ruby/1.9.1/minitest/unit.rb:609:in `run'", "C:/Ruby192/lib/ruby/1.9.1/minitest/unit.rb:508:in `block in autorun'"]
ESuccessful Login to Usampadmin
25300

can't convert nil into String
["C:/Ruby192/lib/ruby/1.9.1/base64.rb:38:in `pack'", "C:/Ruby192/lib/ruby/1.9.1/base64.rb:38:in `encode64'", "Test_63_Broadcasts.rb:208:in `test_04_send_reminder'", "C:/Ruby192/lib/ruby/1.9.1/minitest/unit.rb:695:in `run'", "C:/Ruby192/lib/ruby/1.9.1/minitest/unit.rb:656:in `block (2 levels) in run_test_suites'", "C:/Ruby192/lib/ruby/1.9.1/minitest/unit.rb:650:in `each'", "C:/Ruby192/lib/ruby/1.9.1/minitest/unit.rb:650:in `block in run_test_suites'", "C:/Ruby192/lib/ruby/1.9.1/minitest/unit.rb:649:in `each'", "C:/Ruby192/lib/ruby/1.9.1/minitest/unit.rb:649:in `run_test_suites'", "C:/Ruby192/lib/ruby/1.9.1/minitest/unit.rb:609:in `run'", "C:/Ruby192/lib/ruby/1.9.1/minitest/unit.rb:508:in `block in autorun'"]
E

can't convert nil into String
["C:/Ruby192/lib/ruby/1.9.1/base64.rb:38:in `pack'", "C:/Ruby192/lib/ruby/1.9.1/base64.rb:38:in `encode64'", "Test_63_Broadcasts.rb:294:in `test_05_complete_survey'", "C:/Ruby192/lib/ruby/1.9.1/minitest/unit.rb:695:in `run'", "C:/Ruby192/lib/ruby/1.9.1/minitest/unit.rb:656:in `block (2 levels) in run_test_suites'", "C:/Ruby192/lib/ruby/1.9.1/minitest/unit.rb:650:in `each'", "C:/Ruby192/lib/ruby/1.9.1/minitest/unit.rb:650:in `block in run_test_suites'", "C:/Ruby192/lib/ruby/1.9.1/minitest/unit.rb:649:in `each'", "C:/Ruby192/lib/ruby/1.9.1/minitest/unit.rb:649:in `run_test_suites'", "C:/Ruby192/lib/ruby/1.9.1/minitest/unit.rb:609:in `run'", "C:/Ruby192/lib/ruby/1.9.1/minitest/unit.rb:508:in `block in autorun'"]
ESuccessful Login to Usampadmin
25300

can't convert nil into String
["C:/Ruby192/lib/ruby/1.9.1/base64.rb:38:in `pack'", "C:/Ruby192/lib/ruby/1.9.1/base64.rb:38:in `encode64'", "Test_63_Broadcasts.rb:354:in `test_06_change_setting'", "C:/Ruby192/lib/ruby/1.9.1/minitest/unit.rb:695:in `run'", "C:/Ruby192/lib/ruby/1.9.1/minitest/unit.rb:656:in `block (2 levels) in run_test_suites'", "C:/Ruby192/lib/ruby/1.9.1/minitest/unit.rb:650:in `each'", "C:/Ruby192/lib/ruby/1.9.1/minitest/unit.rb:650:in `block in run_test_suites'", "C:/Ruby192/lib/ruby/1.9.1/minitest/unit.rb:649:in `each'", "C:/Ruby192/lib/ruby/1.9.1/minitest/unit.rb:649:in `run_test_suites'", "C:/Ruby192/lib/ruby/1.9.1/minitest/unit.rb:609:in `run'", "C:/Ruby192/lib/ruby/1.9.1/minitest/unit.rb:508:in `block in autorun'"]
ESuccessful Login to Usampadmin
25300

can't convert nil into String
["C:/Ruby192/lib/ruby/1.9.1/base64.rb:38:in `pack'", "C:/Ruby192/lib/ruby/1.9.1/base64.rb:38:in `encode64'", "Test_63_Broadcasts.rb:410:in `test_07_schedule_bcast'", "C:/Ruby192/lib/ruby/1.9.1/minitest/unit.rb:695:in `run'", "C:/Ruby192/lib/ruby/1.9.1/minitest/unit.rb:656:in `block (2 levels) in run_test_suites'", "C:/Ruby192/lib/ruby/1.9.1/minitest/unit.rb:650:in `each'", "C:/Ruby192/lib/ruby/1.9.1/minitest/unit.rb:650:in `block in run_test_suites'", "C:/Ruby192/lib/ruby/1.9.1/minitest/unit.rb:649:in `each'", "C:/Ruby192/lib/ruby/1.9.1/minitest/unit.rb:649:in `run_test_suites'", "C:/Ruby192/lib/ruby/1.9.1/minitest/unit.rb:609:in `run'", "C:/Ruby192/lib/ruby/1.9.1/minitest/unit.rb:508:in `block in autorun'"]
ESuccessful Login to Usampadmin
25300


142193
Waiting for system to send broadcast...
Waiting for system to send broadcast...
can't convert nil into String
["C:/Ruby192/lib/ruby/1.9.1/base64.rb:38:in `pack'", "C:/Ruby192/lib/ruby/1.9.1/base64.rb:38:in `encode64'", "Test_63_Broadcasts.rb:599:in `test_08_update_from_server'", "C:/Ruby192/lib/ruby/1.9.1/minitest/unit.rb:695:in `run'", "C:/Ruby192/lib/ruby/1.9.1/minitest/unit.rb:656:in `block (2 levels) in run_test_suites'", "C:/Ruby192/lib/ruby/1.9.1/minitest/unit.rb:650:in `each'", "C:/Ruby192/lib/ruby/1.9.1/minitest/unit.rb:650:in `block in run_test_suites'", "C:/Ruby192/lib/ruby/1.9.1/minitest/unit.rb:649:in `each'", "C:/Ruby192/lib/ruby/1.9.1/minitest/unit.rb:649:in `run_test_suites'", "C:/Ruby192/lib/ruby/1.9.1/minitest/unit.rb:609:in `run'", "C:/Ruby192/lib/ruby/1.9.1/minitest/unit.rb:508:in `block in autorun'"]
EPASS
PASS
.Successful Login to Usampadmin
25300

can't convert nil into String
["C:/Ruby192/lib/ruby/1.9.1/base64.rb:38:in `pack'", "C:/Ruby192/lib/ruby/1.9.1/base64.rb:38:in `encode64'", "Test_63_Broadcasts.rb:735:in `test_10_qg_reset'", "C:/Ruby192/lib/ruby/1.9.1/minitest/unit.rb:695:in `run'", "C:/Ruby192/lib/ruby/1.9.1/minitest/unit.rb:656:in `block (2 levels) in run_test_suites'", "C:/Ruby192/lib/ruby/1.9.1/minitest/unit.rb:650:in `each'", "C:/Ruby192/lib/ruby/1.9.1/minitest/unit.rb:650:in `block in run_test_suites'", "C:/Ruby192/lib/ruby/1.9.1/minitest/unit.rb:649:in `each'", "C:/Ruby192/lib/ruby/1.9.1/minitest/unit.rb:649:in `run_test_suites'", "C:/Ruby192/lib/ruby/1.9.1/minitest/unit.rb:609:in `run'", "C:/Ruby192/lib/ruby/1.9.1/minitest/unit.rb:508:in `block in autorun'"]
.
Finished in 399.338056 seconds.

  1) Error:
test_02_make_setting(Test_63_Broadcasts):
TypeError: can't convert nil into String
    Test_63_Broadcasts.rb:94:in `+'
    Test_63_Broadcasts.rb:94:in `rescue in test_02_make_setting'
    Test_63_Broadcasts.rb:46:in `test_02_make_setting'

  2) Error:
test_03_send_bcast(Test_63_Broadcasts):
TypeError: can't convert nil into String
    Test_63_Broadcasts.rb:183:in `+'
    Test_63_Broadcasts.rb:183:in `rescue in test_03_send_bcast'
    Test_63_Broadcasts.rb:103:in `test_03_send_bcast'

  3) Error:
test_04_send_reminder(Test_63_Broadcasts):
TypeError: can't convert nil into String
    Test_63_Broadcasts.rb:273:in `+'
    Test_63_Broadcasts.rb:273:in `rescue in test_04_send_reminder'
    Test_63_Broadcasts.rb:191:in `test_04_send_reminder'

  4) Error:
test_05_complete_survey(Test_63_Broadcasts):
NoMethodError: undefined method `close' for nil:NilClass
    Test_63_Broadcasts.rb:328:in `rescue in test_05_complete_survey'
    Test_63_Broadcasts.rb:281:in `test_05_complete_survey'

  5) Error:
test_06_change_setting(Test_63_Broadcasts):
TypeError: can't convert nil into String
    Test_63_Broadcasts.rb:386:in `+'
    Test_63_Broadcasts.rb:386:in `rescue in test_06_change_setting'
    Test_63_Broadcasts.rb:337:in `test_06_change_setting'

  6) Error:
test_07_schedule_bcast(Test_63_Broadcasts):
TypeError: can't convert nil into String
    Test_63_Broadcasts.rb:559:in `+'
    Test_63_Broadcasts.rb:559:in `rescue in test_07_schedule_bcast'
    Test_63_Broadcasts.rb:394:in `test_07_schedule_bcast'

  7) Error:
test_08_update_from_server(Test_63_Broadcasts):
TypeError: can't convert nil into String
    Test_63_Broadcasts.rb:654:in `+'
    Test_63_Broadcasts.rb:654:in `rescue in test_08_update_from_server'
    Test_63_Broadcasts.rb:567:in `test_08_update_from_server'

10 tests, 0 assertions, 0 failures, 7 errors, 0 skips

Test run options: --seed 8117
Loaded suite Test_64_Email_clicks_allowed
Started
.Started InternetExplorerDriver server (32-bit)
2.39.0.0
Listening on port 5558
Successful Login to Usampadmin
25300
115203
Modal dialog present
["C:/Ruby192/lib/ruby/gems/1.9.1/gems/selenium-webdriver-2.31.0/lib/selenium/webdriver/remote/response.rb:52:in `assert_ok'", "C:/Ruby192/lib/ruby/gems/1.9.1/gems/selenium-webdriver-2.31.0/lib/selenium/webdriver/remote/response.rb:15:in `initialize'", "C:/Ruby192/lib/ruby/gems/1.9.1/gems/selenium-webdriver-2.31.0/lib/selenium/webdriver/remote/http/common.rb:59:in `new'", "C:/Ruby192/lib/ruby/gems/1.9.1/gems/selenium-webdriver-2.31.0/lib/selenium/webdriver/remote/http/common.rb:59:in `create_response'", "C:/Ruby192/lib/ruby/gems/1.9.1/gems/selenium-webdriver-2.31.0/lib/selenium/webdriver/remote/http/default.rb:66:in `request'", "C:/Ruby192/lib/ruby/gems/1.9.1/gems/selenium-webdriver-2.31.0/lib/selenium/webdriver/remote/http/common.rb:40:in `call'", "C:/Ruby192/lib/ruby/gems/1.9.1/gems/selenium-webdriver-2.31.0/lib/selenium/webdriver/remote/bridge.rb:616:in `raw_execute'", "C:/Ruby192/lib/ruby/gems/1.9.1/gems/selenium-webdriver-2.31.0/lib/selenium/webdriver/remote/bridge.rb:594:in `execute'", "C:/Ruby192/lib/ruby/gems/1.9.1/gems/selenium-webdriver-2.31.0/lib/selenium/webdriver/remote/bridge.rb:100:in `get'", "C:/Ruby192/lib/ruby/gems/1.9.1/gems/selenium-webdriver-2.31.0/lib/selenium/webdriver/common/navigation.rb:14:in `to'", "C:/Ruby192/lib/ruby/gems/1.9.1/gems/watir-webdriver-0.6.1/lib/watir-webdriver/browser.rb:63:in `goto'", "Test_64_Email_clicks_allowed.rb:70:in `test_02_make_setting'", "C:/Ruby192/lib/ruby/1.9.1/minitest/unit.rb:695:in `run'", "C:/Ruby192/lib/ruby/1.9.1/minitest/unit.rb:656:in `block (2 levels) in run_test_suites'", "C:/Ruby192/lib/ruby/1.9.1/minitest/unit.rb:650:in `each'", "C:/Ruby192/lib/ruby/1.9.1/minitest/unit.rb:650:in `block in run_test_suites'", "C:/Ruby192/lib/ruby/1.9.1/minitest/unit.rb:649:in `each'", "C:/Ruby192/lib/ruby/1.9.1/minitest/unit.rb:649:in `run_test_suites'", "C:/Ruby192/lib/ruby/1.9.1/minitest/unit.rb:609:in `run'", "C:/Ruby192/lib/ruby/1.9.1/minitest/unit.rb:508:in `block in autorun'"]
EStarted InternetExplorerDriver server (32-bit)
2.39.0.0
Listening on port 5558
Successful Login to Usampadmin
25300
115203
unable to locate element, using {:text=>"PanelShield", :tag_name=>"a"}
["C:/Ruby192/lib/ruby/gems/1.9.1/gems/watir-webdriver-0.6.1/lib/watir-webdriver/elements/element.rb:365:in `assert_exists'", "C:/Ruby192/lib/ruby/gems/1.9.1/gems/watir-webdriver-0.6.1/lib/watir-webdriver/elements/element.rb:95:in `click'", "Test_64_Email_clicks_allowed.rb:124:in `test_03_save_no_of_clicks_set'", "C:/Ruby192/lib/ruby/1.9.1/minitest/unit.rb:695:in `run'", "C:/Ruby192/lib/ruby/1.9.1/minitest/unit.rb:656:in `block (2 levels) in run_test_suites'", "C:/Ruby192/lib/ruby/1.9.1/minitest/unit.rb:650:in `each'", "C:/Ruby192/lib/ruby/1.9.1/minitest/unit.rb:650:in `block in run_test_suites'", "C:/Ruby192/lib/ruby/1.9.1/minitest/unit.rb:649:in `each'", "C:/Ruby192/lib/ruby/1.9.1/minitest/unit.rb:649:in `run_test_suites'", "C:/Ruby192/lib/ruby/1.9.1/minitest/unit.rb:609:in `run'", "C:/Ruby192/lib/ruby/1.9.1/minitest/unit.rb:508:in `block in autorun'"]
EStarted InternetExplorerDriver server (32-bit)
2.39.0.0
Listening on port 5559
Successful Login to Usampadmin
25300
115203
object is disabled {:id=>"btnFinish", :tag_name=>"button"}
["C:/Ruby192/lib/ruby/gems/1.9.1/gems/watir-webdriver-0.6.1/lib/watir-webdriver/elements/element.rb:403:in `assert_enabled'", "C:/Ruby192/lib/ruby/gems/1.9.1/gems/watir-webdriver-0.6.1/lib/watir-webdriver/elements/element.rb:96:in `click'", "Test_64_Email_clicks_allowed.rb:195:in `test_04_send_bcast'", "C:/Ruby192/lib/ruby/1.9.1/minitest/unit.rb:695:in `run'", "C:/Ruby192/lib/ruby/1.9.1/minitest/unit.rb:656:in `block (2 levels) in run_test_suites'", "C:/Ruby192/lib/ruby/1.9.1/minitest/unit.rb:650:in `each'", "C:/Ruby192/lib/ruby/1.9.1/minitest/unit.rb:650:in `block in run_test_suites'", "C:/Ruby192/lib/ruby/1.9.1/minitest/unit.rb:649:in `each'", "C:/Ruby192/lib/ruby/1.9.1/minitest/unit.rb:649:in `run_test_suites'", "C:/Ruby192/lib/ruby/1.9.1/minitest/unit.rb:609:in `run'", "C:/Ruby192/lib/ruby/1.9.1/minitest/unit.rb:508:in `block in autorun'"]
E142188
115203
http://p.ipoll.com/al.php?e=usamp_bcast1@rediffmail.com&memid=10606227&QGID=MTE1MjAz
=&broadcast_id=MTQyMTg4Cg==
unable to locate element, using {:value=>"START SURVEY", :tag_name=>"button"}
["C:/Ruby192/lib/ruby/gems/1.9.1/gems/watir-webdriver-0.6.1/lib/watir-webdriver/elements/element.rb:365:in `assert_exists'", "C:/Ruby192/lib/ruby/gems/1.9.1/gems/watir-webdriver-0.6.1/lib/watir-webdriver/elements/element.rb:95:in `click'", "Test_64_Email_clicks_allowed.rb:276:in `test_05_check_survey_clicks'", "C:/Ruby192/lib/ruby/1.9.1/minitest/unit.rb:695:in `run'", "C:/Ruby192/lib/ruby/1.9.1/minitest/unit.rb:656:in `block (2 levels) in run_test_suites'", "C:/Ruby192/lib/ruby/1.9.1/minitest/unit.rb:650:in `each'", "C:/Ruby192/lib/ruby/1.9.1/minitest/unit.rb:650:in `block in run_test_suites'", "C:/Ruby192/lib/ruby/1.9.1/minitest/unit.rb:649:in `each'", "C:/Ruby192/lib/ruby/1.9.1/minitest/unit.rb:649:in `run_test_suites'", "C:/Ruby192/lib/ruby/1.9.1/minitest/unit.rb:609:in `run'", "C:/Ruby192/lib/ruby/1.9.1/minitest/unit.rb:508:in `block in autorun'"]
EStarted InternetExplorerDriver server (32-bit)
2.39.0.0
Listening on port 5558
Successful Login to Usampadmin
25300
115203
unable to locate element, using {:text=>"PanelShield", :tag_name=>"a"}
["C:/Ruby192/lib/ruby/gems/1.9.1/gems/watir-webdriver-0.6.1/lib/watir-webdriver/elements/element.rb:365:in `assert_exists'", "C:/Ruby192/lib/ruby/gems/1.9.1/gems/watir-webdriver-0.6.1/lib/watir-webdriver/elements/element.rb:95:in `click'", "Test_64_Email_clicks_allowed.rb:356:in `test_06_reset_no_of_clicks_setting'", "C:/Ruby192/lib/ruby/1.9.1/minitest/unit.rb:695:in `run'", "C:/Ruby192/lib/ruby/1.9.1/minitest/unit.rb:656:in `block (2 levels) in run_test_suites'", "C:/Ruby192/lib/ruby/1.9.1/minitest/unit.rb:650:in `each'", "C:/Ruby192/lib/ruby/1.9.1/minitest/unit.rb:650:in `block in run_test_suites'", "C:/Ruby192/lib/ruby/1.9.1/minitest/unit.rb:649:in `each'", "C:/Ruby192/lib/ruby/1.9.1/minitest/unit.rb:649:in `run_test_suites'", "C:/Ruby192/lib/ruby/1.9.1/minitest/unit.rb:609:in `run'", "C:/Ruby192/lib/ruby/1.9.1/minitest/unit.rb:508:in `block in autorun'"]
E142188
115203
http://p.ipoll.com/al.php?e=usamp_bcast1@rediffmail.com&memid=10606227&QGID=MTE1MjAz
=&broadcast_id=MTQyMTg4Cg==
unable to locate element, using {:value=>"START SURVEY", :tag_name=>"button"}
["C:/Ruby192/lib/ruby/gems/1.9.1/gems/watir-webdriver-0.6.1/lib/watir-webdriver/elements/element.rb:365:in `assert_exists'", "C:/Ruby192/lib/ruby/gems/1.9.1/gems/watir-webdriver-0.6.1/lib/watir-webdriver/elements/element.rb:95:in `click'", "Test_64_Email_clicks_allowed.rb:413:in `test_07_check_survey_clicks_after_reverting'", "C:/Ruby192/lib/ruby/1.9.1/minitest/unit.rb:695:in `run'", "C:/Ruby192/lib/ruby/1.9.1/minitest/unit.rb:656:in `block (2 levels) in run_test_suites'", "C:/Ruby192/lib/ruby/1.9.1/minitest/unit.rb:650:in `each'", "C:/Ruby192/lib/ruby/1.9.1/minitest/unit.rb:650:in `block in run_test_suites'", "C:/Ruby192/lib/ruby/1.9.1/minitest/unit.rb:649:in `each'", "C:/Ruby192/lib/ruby/1.9.1/minitest/unit.rb:649:in `run_test_suites'", "C:/Ruby192/lib/ruby/1.9.1/minitest/unit.rb:609:in `run'", "C:/Ruby192/lib/ruby/1.9.1/minitest/unit.rb:508:in `block in autorun'"]
EStarted InternetExplorerDriver server (32-bit)
2.39.0.0
Listening on port 5558
Successful Login to Usampadmin
25300
115203
Modal dialog present
["C:/Ruby192/lib/ruby/gems/1.9.1/gems/selenium-webdriver-2.31.0/lib/selenium/webdriver/remote/response.rb:52:in `assert_ok'", "C:/Ruby192/lib/ruby/gems/1.9.1/gems/selenium-webdriver-2.31.0/lib/selenium/webdriver/remote/response.rb:15:in `initialize'", "C:/Ruby192/lib/ruby/gems/1.9.1/gems/selenium-webdriver-2.31.0/lib/selenium/webdriver/remote/http/common.rb:59:in `new'", "C:/Ruby192/lib/ruby/gems/1.9.1/gems/selenium-webdriver-2.31.0/lib/selenium/webdriver/remote/http/common.rb:59:in `create_response'", "C:/Ruby192/lib/ruby/gems/1.9.1/gems/selenium-webdriver-2.31.0/lib/selenium/webdriver/remote/http/default.rb:66:in `request'", "C:/Ruby192/lib/ruby/gems/1.9.1/gems/selenium-webdriver-2.31.0/lib/selenium/webdriver/remote/http/common.rb:40:in `call'", "C:/Ruby192/lib/ruby/gems/1.9.1/gems/selenium-webdriver-2.31.0/lib/selenium/webdriver/remote/bridge.rb:616:in `raw_execute'", "C:/Ruby192/lib/ruby/gems/1.9.1/gems/selenium-webdriver-2.31.0/lib/selenium/webdriver/remote/bridge.rb:594:in `execute'", "C:/Ruby192/lib/ruby/gems/1.9.1/gems/selenium-webdriver-2.31.0/lib/selenium/webdriver/remote/bridge.rb:100:in `get'", "C:/Ruby192/lib/ruby/gems/1.9.1/gems/selenium-webdriver-2.31.0/lib/selenium/webdriver/common/navigation.rb:14:in `to'", "C:/Ruby192/lib/ruby/gems/1.9.1/gems/watir-webdriver-0.6.1/lib/watir-webdriver/browser.rb:63:in `goto'", "Test_64_Email_clicks_allowed.rb:464:in `test_08_qg_reset'", "C:/Ruby192/lib/ruby/1.9.1/minitest/unit.rb:695:in `run'", "C:/Ruby192/lib/ruby/1.9.1/minitest/unit.rb:656:in `block (2 levels) in run_test_suites'", "C:/Ruby192/lib/ruby/1.9.1/minitest/unit.rb:650:in `each'", "C:/Ruby192/lib/ruby/1.9.1/minitest/unit.rb:650:in `block in run_test_suites'", "C:/Ruby192/lib/ruby/1.9.1/minitest/unit.rb:649:in `each'", "C:/Ruby192/lib/ruby/1.9.1/minitest/unit.rb:649:in `run_test_suites'", "C:/Ruby192/lib/ruby/1.9.1/minitest/unit.rb:609:in `run'", "C:/Ruby192/lib/ruby/1.9.1/minitest/unit.rb:508:in `block in autorun'"]
.
Finished in 312.941902 seconds.

  1) Error:
test_02_make_setting(Test_64_Email_clicks_allowed):
TypeError: can't convert nil into String
    Test_64_Email_clicks_allowed.rb:94:in `+'
    Test_64_Email_clicks_allowed.rb:94:in `rescue in test_02_make_setting'
    Test_64_Email_clicks_allowed.rb:45:in `test_02_make_setting'

  2) Error:
test_03_save_no_of_clicks_set(Test_64_Email_clicks_allowed):
TypeError: can't convert nil into String
    Test_64_Email_clicks_allowed.rb:148:in `+'
    Test_64_Email_clicks_allowed.rb:148:in `rescue in test_03_save_no_of_clicks_set'
    Test_64_Email_clicks_allowed.rb:103:in `test_03_save_no_of_clicks_set'

  3) Error:
test_04_send_bcast(Test_64_Email_clicks_allowed):
TypeError: can't convert nil into String
    Test_64_Email_clicks_allowed.rb:240:in `+'
    Test_64_Email_clicks_allowed.rb:240:in `rescue in test_04_send_bcast'
    Test_64_Email_clicks_allowed.rb:156:in `test_04_send_bcast'

  4) Error:
test_05_check_survey_clicks(Test_64_Email_clicks_allowed):
TypeError: can't convert nil into String
    Test_64_Email_clicks_allowed.rb:326:in `+'
    Test_64_Email_clicks_allowed.rb:326:in `rescue in test_05_check_survey_clicks'
    Test_64_Email_clicks_allowed.rb:249:in `test_05_check_survey_clicks'

  5) Error:
test_06_reset_no_of_clicks_setting(Test_64_Email_clicks_allowed):
TypeError: can't convert nil into String
    Test_64_Email_clicks_allowed.rb:380:in `+'
    Test_64_Email_clicks_allowed.rb:380:in `rescue in test_06_reset_no_of_clicks_setting'
    Test_64_Email_clicks_allowed.rb:335:in `test_06_reset_no_of_clicks_setting'

  6) Error:
test_07_check_survey_clicks_after_reverting(Test_64_Email_clicks_allowed):
TypeError: can't convert nil into String
    Test_64_Email_clicks_allowed.rb:432:in `+'
    Test_64_Email_clicks_allowed.rb:432:in `rescue in test_07_check_survey_clicks_after_reverting'
    Test_64_Email_clicks_allowed.rb:389:in `test_07_check_survey_clicks_after_reverting'

8 tests, 0 assertions, 0 failures, 6 errors, 0 skips

Test run options: --seed 50849
Loaded suite Test_65_Project_QG_Create
Started
.Started InternetExplorerDriver server (32-bit)
2.39.0.0
Listening on port 5558
Successful Login to Usampadmin
25301
.QG CREATION PASS
115219
..
Finished in 516.533056 seconds.

4 tests, 0 assertions, 0 failures, 0 errors, 0 skips

Test run options: --seed 35658
Loaded suite Test_66_Config_setting_cases
Started
.Started InternetExplorerDriver server (32-bit)
2.39.0.0
Listening on port 5558
Successful Login to Usampadmin
PASS
25301
115219
.Successful Login to ipoll site
115219
linkMTE1MjE5
.Started InternetExplorerDriver server (32-bit)
2.39.0.0
Listening on port 5558
Successful Login to Usampadmin
25301
115219
Pass
.Started InternetExplorerDriver server (32-bit)
2.39.0.0
Listening on port 5558
Successful Login to Usampadmin
Fail
.
Finished in 239.734092 seconds.

5 tests, 0 assertions, 0 failures, 0 errors, 0 skips

Test run options: --seed 16421
Loaded suite Test_67_No_of_QG_clicks_allowed
Started
.Started InternetExplorerDriver server (32-bit)
2.39.0.0
Listening on port 5558
Successful Login to Usampadmin
25301
115219
PASS
.Successful Login to ipoll site
115219
linkMTE1MjE5
Successful Login to ipoll site
115219
linkMTE1MjE5
Successful Login to ipoll site
115219
PASS
.Started InternetExplorerDriver server (32-bit)
2.39.0.0
Listening on port 5558
Successful Login to Usampadmin
25301
115219
PASS
.Successful Login to ipoll site
115219
PASS
linkMTE1MjE5
.Successful Login to ipoll site
115219
PASS
.Started InternetExplorerDriver server (32-bit)
2.39.0.0
Listening on port 5558
Successful Login to Usampadmin
25301
115219
PASS
.
Finished in 729.062282 seconds.

7 tests, 0 assertions, 0 failures, 0 errors, 0 skips

Test run options: --seed 11604
Loaded suite Test_68_QG_cpi_cases
Started
.Started InternetExplorerDriver server (32-bit)
2.39.0.0
Listening on port 5558
Successful Login to Usampadmin
25301
115219
QG COPIED
Timeout::Error
["C:/Ruby192/lib/ruby/1.9.1/net/protocol.rb:140:in `rescue in rbuf_fill'", "C:/Ruby192/lib/ruby/1.9.1/net/protocol.rb:134:in `rbuf_fill'", "C:/Ruby192/lib/ruby/1.9.1/net/protocol.rb:116:in `readuntil'", "C:/Ruby192/lib/ruby/1.9.1/net/protocol.rb:126:in `readline'", "C:/Ruby192/lib/ruby/1.9.1/net/http.rb:2219:in `read_status_line'", "C:/Ruby192/lib/ruby/1.9.1/net/http.rb:2208:in `read_new'", "C:/Ruby192/lib/ruby/1.9.1/net/http.rb:1191:in `transport_request'", "C:/Ruby192/lib/ruby/1.9.1/net/http.rb:1177:in `request'", "C:/Ruby192/lib/ruby/1.9.1/net/http.rb:1170:in `block in request'", "C:/Ruby192/lib/ruby/1.9.1/net/http.rb:627:in `start'", "C:/Ruby192/lib/ruby/1.9.1/net/http.rb:1168:in `request'", "C:/Ruby192/lib/ruby/gems/1.9.1/gems/selenium-webdriver-2.31.0/lib/selenium/webdriver/remote/http/default.rb:83:in `response_for'", "C:/Ruby192/lib/ruby/gems/1.9.1/gems/selenium-webdriver-2.31.0/lib/selenium/webdriver/remote/http/default.rb:39:in `request'", "C:/Ruby192/lib/ruby/gems/1.9.1/gems/selenium-webdriver-2.31.0/lib/selenium/webdriver/remote/http/common.rb:40:in `call'", "C:/Ruby192/lib/ruby/gems/1.9.1/gems/selenium-webdriver-2.31.0/lib/selenium/webdriver/remote/bridge.rb:616:in `raw_execute'", "C:/Ruby192/lib/ruby/gems/1.9.1/gems/selenium-webdriver-2.31.0/lib/selenium/webdriver/remote/bridge.rb:594:in `execute'", "C:/Ruby192/lib/ruby/gems/1.9.1/gems/selenium-webdriver-2.31.0/lib/selenium/webdriver/remote/bridge.rb:505:in `getElementText'", "C:/Ruby192/lib/ruby/gems/1.9.1/gems/selenium-webdriver-2.31.0/lib/selenium/webdriver/common/element.rb:108:in `text'", "C:/Ruby192/lib/ruby/gems/1.9.1/gems/watir-webdriver-0.6.1/lib/watir-webdriver/browser.rb:97:in `text'", "Test_68_QG_cpi_cases.rb:93:in `test_02_make_QG_copy'", "C:/Ruby192/lib/ruby/1.9.1/minitest/unit.rb:695:in `run'", "C:/Ruby192/lib/ruby/1.9.1/minitest/unit.rb:656:in `block (2 levels) in run_test_suites'", "C:/Ruby192/lib/ruby/1.9.1/minitest/unit.rb:650:in `each'", "C:/Ruby192/lib/ruby/1.9.1/minitest/unit.rb:650:in `block in run_test_suites'", "C:/Ruby192/lib/ruby/1.9.1/minitest/unit.rb:649:in `each'", "C:/Ruby192/lib/ruby/1.9.1/minitest/unit.rb:649:in `run_test_suites'", "C:/Ruby192/lib/ruby/1.9.1/minitest/unit.rb:609:in `run'", "C:/Ruby192/lib/ruby/1.9.1/minitest/unit.rb:508:in `block in autorun'"]
EStarted InternetExplorerDriver server (32-bit)
2.39.0.0
Listening on port 5559
Successful Login to Usampadmin
3.00
2.00
5.00
PASS
.264
test string
auto_test.des2014-02-04075446@mailinator.com
**** Waiting for surveys to load ****
.Started InternetExplorerDriver server (32-bit)
2.39.0.0
Listening on port 5558
Successful Login to Usampadmin
25301
115219

can't convert nil into String
["C:/Ruby192/lib/ruby/1.9.1/base64.rb:38:in `pack'", "C:/Ruby192/lib/ruby/1.9.1/base64.rb:38:in `encode64'", "Test_68_QG_cpi_cases.rb:274:in `test_05_update_QG_urls'", "C:/Ruby192/lib/ruby/1.9.1/minitest/unit.rb:695:in `run'", "C:/Ruby192/lib/ruby/1.9.1/minitest/unit.rb:656:in `block (2 levels) in run_test_suites'", "C:/Ruby192/lib/ruby/1.9.1/minitest/unit.rb:650:in `each'", "C:/Ruby192/lib/ruby/1.9.1/minitest/unit.rb:650:in `block in run_test_suites'", "C:/Ruby192/lib/ruby/1.9.1/minitest/unit.rb:649:in `each'", "C:/Ruby192/lib/ruby/1.9.1/minitest/unit.rb:649:in `run_test_suites'", "C:/Ruby192/lib/ruby/1.9.1/minitest/unit.rb:609:in `run'", "C:/Ruby192/lib/ruby/1.9.1/minitest/unit.rb:508:in `block in autorun'"]
.auto_test.des2014-02-04075446@mailinator.com
Successful Login to ipoll site
Logged in to iPoll for case 3
115219
linkMTE1MjE5
Modal dialog present
["[remote server] file:///C:/DOCUME~1/ADMINI~1/LOCALS~1/Temp/1/webdriver-profile20140204-8468-1ftg93c/extensions/fxdriver@googlecode.com/components/command_processor.js:10340:in `unknown'", "[remote server] file:///C:/DOCUME~1/ADMINI~1/LOCALS~1/Temp/1/webdriver-profile20140204-8468-1ftg93c/extensions/fxdriver@googlecode.com/components/driver_component.js:7358:in `unknown'", "[remote server] file:///C:/DOCUME~1/ADMINI~1/LOCALS~1/Temp/1/webdriver-profile20140204-8468-1ftg93c/extensions/fxdriver@googlecode.com/components/driver_component.js:7516:in `unknown'", "[remote server] file:///C:/DOCUME~1/ADMINI~1/LOCALS~1/Temp/1/webdriver-profile20140204-8468-1ftg93c/extensions/fxdriver@googlecode.com/components/driver_component.js:7463:in `unknown'", "[remote server] file:///C:/DOCUME~1/ADMINI~1/LOCALS~1/Temp/1/webdriver-profile20140204-8468-1ftg93c/extensions/fxdriver@googlecode.com/components/driver_component.js:10155:in `unknown'", "[remote server] file:///C:/DOCUME~1/ADMINI~1/LOCALS~1/Temp/1/webdriver-profile20140204-8468-1ftg93c/extensions/fxdriver@googlecode.com/components/httpd.js:1935:in `unknown'", "[remote server] file:///C:/DOCUME~1/ADMINI~1/LOCALS~1/Temp/1/webdriver-profile20140204-8468-1ftg93c/extensions/fxdriver@googlecode.com/components/httpd.js:2261:in `unknown'", "[remote server] file:///C:/DOCUME~1/ADMINI~1/LOCALS~1/Temp/1/webdriver-profile20140204-8468-1ftg93c/extensions/fxdriver@googlecode.com/components/httpd.js:1168:in `unknown'", "[remote server] file:///C:/DOCUME~1/ADMINI~1/LOCALS~1/Temp/1/webdriver-profile20140204-8468-1ftg93c/extensions/fxdriver@googlecode.com/components/httpd.js:1616:in `unknown'", "[remote server] file:///C:/DOCUME~1/ADMINI~1/LOCALS~1/Temp/1/webdriver-profile20140204-8468-1ftg93c/extensions/fxdriver@googlecode.com/components/httpd.js:1464:in `unknown'", "[remote server] file:///C:/DOCUME~1/ADMINI~1/LOCALS~1/Temp/1/webdriver-profile20140204-8468-1ftg93c/extensions/fxdriver@googlecode.com/components/httpd.js:1333:in `unknown'", "C:/Ruby192/lib/ruby/gems/1.9.1/gems/selenium-webdriver-2.31.0/lib/selenium/webdriver/remote/response.rb:52:in `assert_ok'", "C:/Ruby192/lib/ruby/gems/1.9.1/gems/selenium-webdriver-2.31.0/lib/selenium/webdriver/remote/response.rb:15:in `initialize'", "C:/Ruby192/lib/ruby/gems/1.9.1/gems/selenium-webdriver-2.31.0/lib/selenium/webdriver/remote/http/common.rb:59:in `new'", "C:/Ruby192/lib/ruby/gems/1.9.1/gems/selenium-webdriver-2.31.0/lib/selenium/webdriver/remote/http/common.rb:59:in `create_response'", "C:/Ruby192/lib/ruby/gems/1.9.1/gems/selenium-webdriver-2.31.0/lib/selenium/webdriver/remote/http/default.rb:66:in `request'", "C:/Ruby192/lib/ruby/gems/1.9.1/gems/selenium-webdriver-2.31.0/lib/selenium/webdriver/remote/http/common.rb:40:in `call'", "C:/Ruby192/lib/ruby/gems/1.9.1/gems/selenium-webdriver-2.31.0/lib/selenium/webdriver/remote/bridge.rb:616:in `raw_execute'", "C:/Ruby192/lib/ruby/gems/1.9.1/gems/selenium-webdriver-2.31.0/lib/selenium/webdriver/remote/bridge.rb:594:in `execute'", "C:/Ruby192/lib/ruby/gems/1.9.1/gems/selenium-webdriver-2.31.0/lib/selenium/webdriver/remote/bridge.rb:164:in `getPageSource'", "C:/Ruby192/lib/ruby/gems/1.9.1/gems/selenium-webdriver-2.31.0/lib/selenium/webdriver/common/driver.rb:140:in `page_source'", "C:/Ruby192/lib/ruby/gems/1.9.1/gems/watir-webdriver-0.6.1/lib/watir-webdriver/browser.rb:102:in `html'", "Test_68_QG_cpi_cases.rb:338:in `block in test_06_first_survey'", "C:/Ruby192/lib/ruby/gems/1.9.1/gems/selenium-webdriver-2.31.0/lib/selenium/webdriver/common/target_locator.rb:37:in `window'", "C:/Ruby192/lib/ruby/gems/1.9.1/gems/watir-webdriver-0.6.1/lib/watir-webdriver/window.rb:99:in `use'", "Test_68_QG_cpi_cases.rb:331:in `test_06_first_survey'", "C:/Ruby192/lib/ruby/1.9.1/minitest/unit.rb:695:in `run'", "C:/Ruby192/lib/ruby/1.9.1/minitest/unit.rb:656:in `block (2 levels) in run_test_suites'", "C:/Ruby192/lib/ruby/1.9.1/minitest/unit.rb:650:in `each'", "C:/Ruby192/lib/ruby/1.9.1/minitest/unit.rb:650:in `block in run_test_suites'", "C:/Ruby192/lib/ruby/1.9.1/minitest/unit.rb:649:in `each'", "C:/Ruby192/lib/ruby/1.9.1/minitest/unit.rb:649:in `run_test_suites'", "C:/Ruby192/lib/ruby/1.9.1/minitest/unit.rb:609:in `run'", "C:/Ruby192/lib/ruby/1.9.1/minitest/unit.rb:508:in `block in autorun'"]
.Started InternetExplorerDriver server (32-bit)
2.39.0.0
Listening on port 5558
Successful Login to Usampadmin
25301
115219
Unable to get element text
["C:/Ruby192/lib/ruby/gems/1.9.1/gems/selenium-webdriver-2.31.0/lib/selenium/webdriver/remote/response.rb:52:in `assert_ok'", "C:/Ruby192/lib/ruby/gems/1.9.1/gems/selenium-webdriver-2.31.0/lib/selenium/webdriver/remote/response.rb:15:in `initialize'", "C:/Ruby192/lib/ruby/gems/1.9.1/gems/selenium-webdriver-2.31.0/lib/selenium/webdriver/remote/http/common.rb:59:in `new'", "C:/Ruby192/lib/ruby/gems/1.9.1/gems/selenium-webdriver-2.31.0/lib/selenium/webdriver/remote/http/common.rb:59:in `create_response'", "C:/Ruby192/lib/ruby/gems/1.9.1/gems/selenium-webdriver-2.31.0/lib/selenium/webdriver/remote/http/default.rb:66:in `request'", "C:/Ruby192/lib/ruby/gems/1.9.1/gems/selenium-webdriver-2.31.0/lib/selenium/webdriver/remote/http/common.rb:40:in `call'", "C:/Ruby192/lib/ruby/gems/1.9.1/gems/selenium-webdriver-2.31.0/lib/selenium/webdriver/remote/bridge.rb:616:in `raw_execute'", "C:/Ruby192/lib/ruby/gems/1.9.1/gems/selenium-webdriver-2.31.0/lib/selenium/webdriver/remote/bridge.rb:594:in `execute'", "C:/Ruby192/lib/ruby/gems/1.9.1/gems/selenium-webdriver-2.31.0/lib/selenium/webdriver/remote/bridge.rb:505:in `getElementText'", "C:/Ruby192/lib/ruby/gems/1.9.1/gems/selenium-webdriver-2.31.0/lib/selenium/webdriver/common/element.rb:108:in `text'", "C:/Ruby192/lib/ruby/gems/1.9.1/gems/watir-webdriver-0.6.1/lib/watir-webdriver/elements/select.rb:208:in `safe_text'", "C:/Ruby192/lib/ruby/gems/1.9.1/gems/watir-webdriver-0.6.1/lib/watir-webdriver/elements/select.rb:155:in `select_by_string'", "C:/Ruby192/lib/ruby/gems/1.9.1/gems/watir-webdriver-0.6.1/lib/watir-webdriver/elements/select.rb:129:in `select_by'", "C:/Ruby192/lib/ruby/gems/1.9.1/gems/watir-webdriver-0.6.1/lib/watir-webdriver/elements/select.rb:64:in `select'", "Test_68_QG_cpi_cases.rb:398:in `test_07_check_pub_fcpi'", "C:/Ruby192/lib/ruby/1.9.1/minitest/unit.rb:695:in `run'", "C:/Ruby192/lib/ruby/1.9.1/minitest/unit.rb:656:in `block (2 levels) in run_test_suites'", "C:/Ruby192/lib/ruby/1.9.1/minitest/unit.rb:650:in `each'", "C:/Ruby192/lib/ruby/1.9.1/minitest/unit.rb:650:in `block in run_test_suites'", "C:/Ruby192/lib/ruby/1.9.1/minitest/unit.rb:649:in `each'", "C:/Ruby192/lib/ruby/1.9.1/minitest/unit.rb:649:in `run_test_suites'", "C:/Ruby192/lib/ruby/1.9.1/minitest/unit.rb:609:in `run'", "C:/Ruby192/lib/ruby/1.9.1/minitest/unit.rb:508:in `block in autorun'"]
.auto_test.des2014-02-04075446@mailinator.com
Successful Login to ipoll site

can't convert nil into String
["C:/Ruby192/lib/ruby/1.9.1/base64.rb:38:in `pack'", "C:/Ruby192/lib/ruby/1.9.1/base64.rb:38:in `encode64'", "Test_68_QG_cpi_cases.rb:469:in `test_08_second_survey'", "C:/Ruby192/lib/ruby/1.9.1/minitest/unit.rb:695:in `run'", "C:/Ruby192/lib/ruby/1.9.1/minitest/unit.rb:656:in `block (2 levels) in run_test_suites'", "C:/Ruby192/lib/ruby/1.9.1/minitest/unit.rb:650:in `each'", "C:/Ruby192/lib/ruby/1.9.1/minitest/unit.rb:650:in `block in run_test_suites'", "C:/Ruby192/lib/ruby/1.9.1/minitest/unit.rb:649:in `each'", "C:/Ruby192/lib/ruby/1.9.1/minitest/unit.rb:649:in `run_test_suites'", "C:/Ruby192/lib/ruby/1.9.1/minitest/unit.rb:609:in `run'", "C:/Ruby192/lib/ruby/1.9.1/minitest/unit.rb:508:in `block in autorun'"]
.Started InternetExplorerDriver server (32-bit)
2.39.0.0
Listening on port 5558
Successful Login to Usampadmin
25301

can't convert nil into String
["C:/Ruby192/lib/ruby/1.9.1/base64.rb:38:in `pack'", "C:/Ruby192/lib/ruby/1.9.1/base64.rb:38:in `encode64'", "Test_68_QG_cpi_cases.rb:533:in `test_09_check_pub__stdcpi'", "C:/Ruby192/lib/ruby/1.9.1/minitest/unit.rb:695:in `run'", "C:/Ruby192/lib/ruby/1.9.1/minitest/unit.rb:656:in `block (2 levels) in run_test_suites'", "C:/Ruby192/lib/ruby/1.9.1/minitest/unit.rb:650:in `each'", "C:/Ruby192/lib/ruby/1.9.1/minitest/unit.rb:650:in `block in run_test_suites'", "C:/Ruby192/lib/ruby/1.9.1/minitest/unit.rb:649:in `each'", "C:/Ruby192/lib/ruby/1.9.1/minitest/unit.rb:649:in `run_test_suites'", "C:/Ruby192/lib/ruby/1.9.1/minitest/unit.rb:609:in `run'", "C:/Ruby192/lib/ruby/1.9.1/minitest/unit.rb:508:in `block in autorun'"]
.
Finished in 635.400038 seconds.

  1) Error:
test_02_make_QG_copy(Test_68_QG_cpi_cases):
TypeError: can't convert nil into String
    Test_68_QG_cpi_cases.rb:114:in `+'
    Test_68_QG_cpi_cases.rb:114:in `rescue in test_02_make_QG_copy'
    Test_68_QG_cpi_cases.rb:47:in `test_02_make_QG_copy'

9 tests, 0 assertions, 0 failures, 1 errors, 0 skips

Test run options: --seed 21554
Loaded suite Test_69_QG_notif_email
Started
.25300

PASS: MAIL RECEIVED
FAIL
.Started InternetExplorerDriver server (32-bit)
2.39.0.0
Listening on port 5558
Successful Login to Usampadmin
25300

can't convert nil into String
["C:/Ruby192/lib/ruby/1.9.1/base64.rb:38:in `pack'", "C:/Ruby192/lib/ruby/1.9.1/base64.rb:38:in `encode64'", "Test_69_QG_notif_email.rb:125:in `test_03_remove_notification_setting'", "C:/Ruby192/lib/ruby/1.9.1/minitest/unit.rb:695:in `run'", "C:/Ruby192/lib/ruby/1.9.1/minitest/unit.rb:656:in `block (2 levels) in run_test_suites'", "C:/Ruby192/lib/ruby/1.9.1/minitest/unit.rb:650:in `each'", "C:/Ruby192/lib/ruby/1.9.1/minitest/unit.rb:650:in `block in run_test_suites'", "C:/Ruby192/lib/ruby/1.9.1/minitest/unit.rb:649:in `each'", "C:/Ruby192/lib/ruby/1.9.1/minitest/unit.rb:649:in `run_test_suites'", "C:/Ruby192/lib/ruby/1.9.1/minitest/unit.rb:609:in `run'", "C:/Ruby192/lib/ruby/1.9.1/minitest/unit.rb:508:in `block in autorun'"]
.
Finished in 99.490742 seconds.

3 tests, 0 assertions, 0 failures, 0 errors, 0 skips

Test run options: --seed 55343
Loaded suite Test_71_Routing_qns_QG
Started
.Started InternetExplorerDriver server (32-bit)
2.39.0.0
Listening on port 5558
Successful Login to Usampadmin
25301
115219
unable to locate element, using {:src=>"add.gif", :tag_name=>"img"}
["C:/Ruby192/lib/ruby/gems/1.9.1/gems/watir-webdriver-0.6.1/lib/watir-webdriver/elements/element.rb:365:in `assert_exists'", "C:/Ruby192/lib/ruby/gems/1.9.1/gems/watir-webdriver-0.6.1/lib/watir-webdriver/elements/element.rb:95:in `click'", "Test_71_Routing_qns_QG.rb:71:in `test_02_set_routing_qn'", "C:/Ruby192/lib/ruby/1.9.1/minitest/unit.rb:695:in `run'", "C:/Ruby192/lib/ruby/1.9.1/minitest/unit.rb:656:in `block (2 levels) in run_test_suites'", "C:/Ruby192/lib/ruby/1.9.1/minitest/unit.rb:650:in `each'", "C:/Ruby192/lib/ruby/1.9.1/minitest/unit.rb:650:in `block in run_test_suites'", "C:/Ruby192/lib/ruby/1.9.1/minitest/unit.rb:649:in `each'", "C:/Ruby192/lib/ruby/1.9.1/minitest/unit.rb:649:in `run_test_suites'", "C:/Ruby192/lib/ruby/1.9.1/minitest/unit.rb:609:in `run'", "C:/Ruby192/lib/ruby/1.9.1/minitest/unit.rb:508:in `block in autorun'"]
Ewaiting for surveys to load
waiting for surveys to load
waiting for surveys to load
waiting for surveys to load
waiting for surveys to load
waiting for surveys to load
waiting for surveys to load
waiting for surveys to load
waiting for surveys to load
waiting for surveys to load
waiting for surveys to load
waiting for surveys to load
waiting for surveys to load
waiting for surveys to load
waiting for surveys to load
waiting for surveys to load
waiting for surveys to load
waiting for surveys to load
waiting for surveys to load
waiting for surveys to load
waiting for surveys to load
waiting for surveys to load
waiting for surveys to load
waiting for surveys to load
waiting for surveys to load
waiting for surveys to load
waiting for surveys to load
waiting for surveys to load
waiting for surveys to load
waiting for surveys to load
waiting for surveys to load
waiting for surveys to load
waiting for surveys to load
waiting for surveys to load
waiting for surveys to load
waiting for surveys to load
waiting for surveys to load
waiting for surveys to load
waiting for surveys to load
waiting for surveys to load
waiting for surveys to load
waiting for surveys to load
waiting for surveys to load
waiting for surveys to load
waiting for surveys to load
waiting for surveys to load
waiting for surveys to load
waiting for surveys to load
waiting for surveys to load
waiting for surveys to load
waiting for surveys to load
waiting for surveys to load
Successful Login to ipoll site
115219
linkMTE1MjE5
Timeout::Error
["C:/Ruby192/lib/ruby/1.9.1/net/protocol.rb:140:in `rescue in rbuf_fill'", "C:/Ruby192/lib/ruby/1.9.1/net/protocol.rb:134:in `rbuf_fill'", "C:/Ruby192/lib/ruby/1.9.1/net/protocol.rb:116:in `readuntil'", "C:/Ruby192/lib/ruby/1.9.1/net/protocol.rb:126:in `readline'", "C:/Ruby192/lib/ruby/1.9.1/net/http.rb:2219:in `read_status_line'", "C:/Ruby192/lib/ruby/1.9.1/net/http.rb:2208:in `read_new'", "C:/Ruby192/lib/ruby/1.9.1/net/http.rb:1191:in `transport_request'", "C:/Ruby192/lib/ruby/1.9.1/net/http.rb:1177:in `request'", "C:/Ruby192/lib/ruby/1.9.1/net/http.rb:1170:in `block in request'", "C:/Ruby192/lib/ruby/1.9.1/net/http.rb:627:in `start'", "C:/Ruby192/lib/ruby/1.9.1/net/http.rb:1168:in `request'", "C:/Ruby192/lib/ruby/gems/1.9.1/gems/selenium-webdriver-2.31.0/lib/selenium/webdriver/remote/http/default.rb:83:in `response_for'", "C:/Ruby192/lib/ruby/gems/1.9.1/gems/selenium-webdriver-2.31.0/lib/selenium/webdriver/remote/http/default.rb:39:in `request'", "C:/Ruby192/lib/ruby/gems/1.9.1/gems/selenium-webdriver-2.31.0/lib/selenium/webdriver/remote/http/common.rb:40:in `call'", "C:/Ruby192/lib/ruby/gems/1.9.1/gems/selenium-webdriver-2.31.0/lib/selenium/webdriver/remote/bridge.rb:616:in `raw_execute'", "C:/Ruby192/lib/ruby/gems/1.9.1/gems/selenium-webdriver-2.31.0/lib/selenium/webdriver/remote/bridge.rb:594:in `execute'", "C:/Ruby192/lib/ruby/gems/1.9.1/gems/selenium-webdriver-2.31.0/lib/selenium/webdriver/remote/bridge.rb:505:in `getElementText'", "C:/Ruby192/lib/ruby/gems/1.9.1/gems/selenium-webdriver-2.31.0/lib/selenium/webdriver/common/element.rb:108:in `text'", "C:/Ruby192/lib/ruby/gems/1.9.1/gems/watir-webdriver-0.6.1/lib/watir-webdriver/browser.rb:97:in `text'", "Test_71_Routing_qns_QG.rb:121:in `test_03_survey_on_dashboard_existing_member'", "C:/Ruby192/lib/ruby/1.9.1/minitest/unit.rb:695:in `run'", "C:/Ruby192/lib/ruby/1.9.1/minitest/unit.rb:656:in `block (2 levels) in run_test_suites'", "C:/Ruby192/lib/ruby/1.9.1/minitest/unit.rb:650:in `each'", "C:/Ruby192/lib/ruby/1.9.1/minitest/unit.rb:650:in `block in run_test_suites'", "C:/Ruby192/lib/ruby/1.9.1/minitest/unit.rb:649:in `each'", "C:/Ruby192/lib/ruby/1.9.1/minitest/unit.rb:649:in `run_test_suites'", "C:/Ruby192/lib/ruby/1.9.1/minitest/unit.rb:609:in `run'", "C:/Ruby192/lib/ruby/1.9.1/minitest/unit.rb:508:in `block in autorun'"]
.264
test string
**** Waiting for surveys to load ****
Reg:Pass
http://www.p.ipoll.com/profile.php?PrId=MTY5
&PrLId=Mg==
unable to locate element, using {:index=>1, :tag_name=>"input", :type=>"radio"}
["C:/Ruby192/lib/ruby/gems/1.9.1/gems/watir-webdriver-0.6.1/lib/watir-webdriver/elements/element.rb:365:in `assert_exists'", "C:/Ruby192/lib/ruby/gems/1.9.1/gems/watir-webdriver-0.6.1/lib/watir-webdriver/elements/radio.rb:9:in `set'", "Test_71_Routing_qns_QG.rb:252:in `test_04_survey_on_dashboard_new_member'", "C:/Ruby192/lib/ruby/1.9.1/minitest/unit.rb:695:in `run'", "C:/Ruby192/lib/ruby/1.9.1/minitest/unit.rb:656:in `block (2 levels) in run_test_suites'", "C:/Ruby192/lib/ruby/1.9.1/minitest/unit.rb:650:in `each'", "C:/Ruby192/lib/ruby/1.9.1/minitest/unit.rb:650:in `block in run_test_suites'", "C:/Ruby192/lib/ruby/1.9.1/minitest/unit.rb:649:in `each'", "C:/Ruby192/lib/ruby/1.9.1/minitest/unit.rb:649:in `run_test_suites'", "C:/Ruby192/lib/ruby/1.9.1/minitest/unit.rb:609:in `run'", "C:/Ruby192/lib/ruby/1.9.1/minitest/unit.rb:508:in `block in autorun'"]
.Started InternetExplorerDriver server (32-bit)
2.39.0.0
Listening on port 5558
Successful Login to Usampadmin
25301
115219
unable to locate element, using {:value=>"Remove Question", :tag_name=>"button"}
["C:/Ruby192/lib/ruby/gems/1.9.1/gems/watir-webdriver-0.6.1/lib/watir-webdriver/elements/element.rb:365:in `assert_exists'", "C:/Ruby192/lib/ruby/gems/1.9.1/gems/watir-webdriver-0.6.1/lib/watir-webdriver/elements/element.rb:95:in `click'", "Test_71_Routing_qns_QG.rb:334:in `test_05_remove_routing_qn'", "C:/Ruby192/lib/ruby/1.9.1/minitest/unit.rb:695:in `run'", "C:/Ruby192/lib/ruby/1.9.1/minitest/unit.rb:656:in `block (2 levels) in run_test_suites'", "C:/Ruby192/lib/ruby/1.9.1/minitest/unit.rb:650:in `each'", "C:/Ruby192/lib/ruby/1.9.1/minitest/unit.rb:650:in `block in run_test_suites'", "C:/Ruby192/lib/ruby/1.9.1/minitest/unit.rb:649:in `each'", "C:/Ruby192/lib/ruby/1.9.1/minitest/unit.rb:649:in `run_test_suites'", "C:/Ruby192/lib/ruby/1.9.1/minitest/unit.rb:609:in `run'", "C:/Ruby192/lib/ruby/1.9.1/minitest/unit.rb:508:in `block in autorun'"]
.
Finished in 431.150377 seconds.

  1) Error:
test_02_set_routing_qn(Test_71_Routing_qns_QG):
TypeError: can't convert nil into String
    Test_71_Routing_qns_QG.rb:95:in `+'
    Test_71_Routing_qns_QG.rb:95:in `rescue in test_02_set_routing_qn'
    Test_71_Routing_qns_QG.rb:48:in `test_02_set_routing_qn'

5 tests, 0 assertions, 0 failures, 1 errors, 0 skips

Test run options: --seed 19727
Loaded suite Test_72_Member_registration_UK
Started
.test string
auto_test.des2014-02-040812@mailop.com
**** Waiting for surveys to load ****
.Started InternetExplorerDriver server (32-bit)
2.39.0.0
Listening on port 5558
Successful Login to Usampadmin
auto_test.des2014-02-040812@mailop.com
Timeout::Error
["C:/Ruby192/lib/ruby/1.9.1/net/protocol.rb:140:in `rescue in rbuf_fill'", "C:/Ruby192/lib/ruby/1.9.1/net/protocol.rb:134:in `rbuf_fill'", "C:/Ruby192/lib/ruby/1.9.1/net/protocol.rb:116:in `readuntil'", "C:/Ruby192/lib/ruby/1.9.1/net/protocol.rb:126:in `readline'", "C:/Ruby192/lib/ruby/1.9.1/net/http.rb:2219:in `read_status_line'", "C:/Ruby192/lib/ruby/1.9.1/net/http.rb:2208:in `read_new'", "C:/Ruby192/lib/ruby/1.9.1/net/http.rb:1191:in `transport_request'", "C:/Ruby192/lib/ruby/1.9.1/net/http.rb:1177:in `request'", "C:/Ruby192/lib/ruby/1.9.1/net/http.rb:1170:in `block in request'", "C:/Ruby192/lib/ruby/1.9.1/net/http.rb:627:in `start'", "C:/Ruby192/lib/ruby/1.9.1/net/http.rb:1168:in `request'", "C:/Ruby192/lib/ruby/gems/1.9.1/gems/selenium-webdriver-2.31.0/lib/selenium/webdriver/remote/http/default.rb:83:in `response_for'", "C:/Ruby192/lib/ruby/gems/1.9.1/gems/selenium-webdriver-2.31.0/lib/selenium/webdriver/remote/http/default.rb:39:in `request'", "C:/Ruby192/lib/ruby/gems/1.9.1/gems/selenium-webdriver-2.31.0/lib/selenium/webdriver/remote/http/common.rb:40:in `call'", "C:/Ruby192/lib/ruby/gems/1.9.1/gems/selenium-webdriver-2.31.0/lib/selenium/webdriver/remote/bridge.rb:616:in `raw_execute'", "C:/Ruby192/lib/ruby/gems/1.9.1/gems/selenium-webdriver-2.31.0/lib/selenium/webdriver/remote/bridge.rb:594:in `execute'", "C:/Ruby192/lib/ruby/gems/1.9.1/gems/selenium-webdriver-2.31.0/lib/selenium/webdriver/remote/bridge.rb:505:in `getElementText'", "C:/Ruby192/lib/ruby/gems/1.9.1/gems/selenium-webdriver-2.31.0/lib/selenium/webdriver/common/element.rb:108:in `text'", "C:/Ruby192/lib/ruby/gems/1.9.1/gems/watir-webdriver-0.6.1/lib/watir-webdriver/browser.rb:97:in `text'", "Test_72_Member_registration_UK.rb:158:in `test_03_member_in_admin_SH'", "C:/Ruby192/lib/ruby/1.9.1/minitest/unit.rb:695:in `run'", "C:/Ruby192/lib/ruby/1.9.1/minitest/unit.rb:656:in `block (2 levels) in run_test_suites'", "C:/Ruby192/lib/ruby/1.9.1/minitest/unit.rb:650:in `each'", "C:/Ruby192/lib/ruby/1.9.1/minitest/unit.rb:650:in `block in run_test_suites'", "C:/Ruby192/lib/ruby/1.9.1/minitest/unit.rb:649:in `each'", "C:/Ruby192/lib/ruby/1.9.1/minitest/unit.rb:649:in `run_test_suites'", "C:/Ruby192/lib/ruby/1.9.1/minitest/unit.rb:609:in `run'", "C:/Ruby192/lib/ruby/1.9.1/minitest/unit.rb:508:in `block in autorun'"]
.test string
auto_test.des2014-02-040816@mailop.com
**** Waiting for surveys to load ****
.Started InternetExplorerDriver server (32-bit)
2.39.0.0
Listening on port 5558
Successful Login to Usampadmin
auto_test.des2014-02-040816@mailop.com
Timeout::Error
["C:/Ruby192/lib/ruby/1.9.1/net/protocol.rb:140:in `rescue in rbuf_fill'", "C:/Ruby192/lib/ruby/1.9.1/net/protocol.rb:134:in `rbuf_fill'", "C:/Ruby192/lib/ruby/1.9.1/net/protocol.rb:116:in `readuntil'", "C:/Ruby192/lib/ruby/1.9.1/net/protocol.rb:126:in `readline'", "C:/Ruby192/lib/ruby/1.9.1/net/http.rb:2219:in `read_status_line'", "C:/Ruby192/lib/ruby/1.9.1/net/http.rb:2208:in `read_new'", "C:/Ruby192/lib/ruby/1.9.1/net/http.rb:1191:in `transport_request'", "C:/Ruby192/lib/ruby/1.9.1/net/http.rb:1177:in `request'", "C:/Ruby192/lib/ruby/1.9.1/net/http.rb:1170:in `block in request'", "C:/Ruby192/lib/ruby/1.9.1/net/http.rb:627:in `start'", "C:/Ruby192/lib/ruby/1.9.1/net/http.rb:1168:in `request'", "C:/Ruby192/lib/ruby/gems/1.9.1/gems/selenium-webdriver-2.31.0/lib/selenium/webdriver/remote/http/default.rb:83:in `response_for'", "C:/Ruby192/lib/ruby/gems/1.9.1/gems/selenium-webdriver-2.31.0/lib/selenium/webdriver/remote/http/default.rb:39:in `request'", "C:/Ruby192/lib/ruby/gems/1.9.1/gems/selenium-webdriver-2.31.0/lib/selenium/webdriver/remote/http/common.rb:40:in `call'", "C:/Ruby192/lib/ruby/gems/1.9.1/gems/selenium-webdriver-2.31.0/lib/selenium/webdriver/remote/bridge.rb:616:in `raw_execute'", "C:/Ruby192/lib/ruby/gems/1.9.1/gems/selenium-webdriver-2.31.0/lib/selenium/webdriver/remote/bridge.rb:594:in `execute'", "C:/Ruby192/lib/ruby/gems/1.9.1/gems/selenium-webdriver-2.31.0/lib/selenium/webdriver/remote/bridge.rb:505:in `getElementText'", "C:/Ruby192/lib/ruby/gems/1.9.1/gems/selenium-webdriver-2.31.0/lib/selenium/webdriver/common/element.rb:108:in `text'", "C:/Ruby192/lib/ruby/gems/1.9.1/gems/watir-webdriver-0.6.1/lib/watir-webdriver/browser.rb:97:in `text'", "Test_72_Member_registration_UK.rb:302:in `test_05_member_in_admin_Focusline'", "C:/Ruby192/lib/ruby/1.9.1/minitest/unit.rb:695:in `run'", "C:/Ruby192/lib/ruby/1.9.1/minitest/unit.rb:656:in `block (2 levels) in run_test_suites'", "C:/Ruby192/lib/ruby/1.9.1/minitest/unit.rb:650:in `each'", "C:/Ruby192/lib/ruby/1.9.1/minitest/unit.rb:650:in `block in run_test_suites'", "C:/Ruby192/lib/ruby/1.9.1/minitest/unit.rb:649:in `each'", "C:/Ruby192/lib/ruby/1.9.1/minitest/unit.rb:649:in `run_test_suites'", "C:/Ruby192/lib/ruby/1.9.1/minitest/unit.rb:609:in `run'", "C:/Ruby192/lib/ruby/1.9.1/minitest/unit.rb:508:in `block in autorun'"]
Eauto_test.des2014-02-040812@mailop.com
.auto_test.des2014-02-040816@mailop.com
.
Finished in 535.796485 seconds.

  1) Error:
test_05_member_in_admin_Focusline(Test_01_Project_QG_Create):
Selenium::WebDriver::Error::WebDriverError: unexpected response, code=401, content-type=""
    C:/Ruby192/lib/ruby/gems/1.9.1/gems/selenium-webdriver-2.31.0/lib/selenium/webdriver/remote/http/common.rb:66:in `create_response'
    C:/Ruby192/lib/ruby/gems/1.9.1/gems/selenium-webdriver-2.31.0/lib/selenium/webdriver/remote/http/default.rb:66:in `request'
    C:/Ruby192/lib/ruby/gems/1.9.1/gems/selenium-webdriver-2.31.0/lib/selenium/webdriver/remote/http/common.rb:40:in `call'
    C:/Ruby192/lib/ruby/gems/1.9.1/gems/selenium-webdriver-2.31.0/lib/selenium/webdriver/remote/bridge.rb:616:in `raw_execute'
    C:/Ruby192/lib/ruby/gems/1.9.1/gems/selenium-webdriver-2.31.0/lib/selenium/webdriver/remote/bridge.rb:594:in `execute'
    C:/Ruby192/lib/ruby/gems/1.9.1/gems/selenium-webdriver-2.31.0/lib/selenium/webdriver/remote/bridge.rb:190:in `quit'
    C:/Ruby192/lib/ruby/gems/1.9.1/gems/selenium-webdriver-2.31.0/lib/selenium/webdriver/ie/bridge.rb:59:in `quit'
    C:/Ruby192/lib/ruby/gems/1.9.1/gems/selenium-webdriver-2.31.0/lib/selenium/webdriver/common/driver.rb:168:in `quit'
    C:/Ruby192/lib/ruby/gems/1.9.1/gems/watir-webdriver-0.6.1/lib/watir-webdriver/browser.rb:87:in `close'
    Test_72_Member_registration_UK.rb:318:in `rescue in test_05_member_in_admin_Focusline'
    Test_72_Member_registration_UK.rb:278:in `test_05_member_in_admin_Focusline'

7 tests, 0 assertions, 0 failures, 1 errors, 0 skips

Test run options: --seed 12140
Loaded suite Test_73_Member_registration_Canada
Started
.test string
auto_test.des2014-02-040821@mailop.com
**** Waiting for surveys to load ****
.Started InternetExplorerDriver server (32-bit)
2.39.0.0
Listening on port 5558
Successful Login to Usampadmin
auto_test.des2014-02-040821@mailop.com
M24596018
.test string
auto_test.des2014-02-040825@mailop.com
**** Waiting for surveys to load ****
pass
.Started InternetExplorerDriver server (32-bit)
2.39.0.0
Listening on port 5558
Successful Login to Usampadmin
auto_test.des2014-02-040825@mailop.com
M24596019
.auto_test.des2014-02-040821@mailop.com
.auto_test.des2014-02-040825@mailop.com
.
Finished in 539.140427 seconds.

7 tests, 0 assertions, 0 failures, 0 errors, 0 skips

Test run options: --seed 24567
Loaded suite Test_75_reward_based_on_publisher_cpi
Started
.Started InternetExplorerDriver server (32-bit)
2.39.0.0
Listening on port 5558
Successful Login to Usampadmin
25302
115221
.waiting for surveys to load
Successful Login to Focusline site
survey seen
first
first
first
first
first
index+4
									                             </a></td></tr><tr style="display:none" id="idLastEmptyRow"></tr>   

reward fail
MTE1MjIx
survey details are not correct
unable to locate element, using {:value=>"START SURVEY", :tag_name=>"button"}
["C:/Ruby192/lib/ruby/gems/1.9.1/gems/watir-webdriver-0.6.1/lib/watir-webdriver/elements/element.rb:365:in `assert_exists'", "C:/Ruby192/lib/ruby/gems/1.9.1/gems/watir-webdriver-0.6.1/lib/watir-webdriver/elements/element.rb:95:in `click'", "Test_75_reward_based_on_publisher_cpi.rb:264:in `test_03_dashboard_version_1_reward_value_on_dashboard'", "C:/Ruby192/lib/ruby/1.9.1/minitest/unit.rb:695:in `run'", "C:/Ruby192/lib/ruby/1.9.1/minitest/unit.rb:656:in `block (2 levels) in run_test_suites'", "C:/Ruby192/lib/ruby/1.9.1/minitest/unit.rb:650:in `each'", "C:/Ruby192/lib/ruby/1.9.1/minitest/unit.rb:650:in `block in run_test_suites'", "C:/Ruby192/lib/ruby/1.9.1/minitest/unit.rb:649:in `each'", "C:/Ruby192/lib/ruby/1.9.1/minitest/unit.rb:649:in `run_test_suites'", "C:/Ruby192/lib/ruby/1.9.1/minitest/unit.rb:609:in `run'", "C:/Ruby192/lib/ruby/1.9.1/minitest/unit.rb:508:in `block in autorun'"]
.Successful Login to ipoll site
Timeout::Error
["C:/Ruby192/lib/ruby/1.9.1/net/protocol.rb:140:in `rescue in rbuf_fill'", "C:/Ruby192/lib/ruby/1.9.1/net/protocol.rb:134:in `rbuf_fill'", "C:/Ruby192/lib/ruby/1.9.1/net/protocol.rb:116:in `readuntil'", "C:/Ruby192/lib/ruby/1.9.1/net/protocol.rb:126:in `readline'", "C:/Ruby192/lib/ruby/1.9.1/net/http.rb:2219:in `read_status_line'", "C:/Ruby192/lib/ruby/1.9.1/net/http.rb:2208:in `read_new'", "C:/Ruby192/lib/ruby/1.9.1/net/http.rb:1191:in `transport_request'", "C:/Ruby192/lib/ruby/1.9.1/net/http.rb:1177:in `request'", "C:/Ruby192/lib/ruby/1.9.1/net/http.rb:1170:in `block in request'", "C:/Ruby192/lib/ruby/1.9.1/net/http.rb:627:in `start'", "C:/Ruby192/lib/ruby/1.9.1/net/http.rb:1168:in `request'", "C:/Ruby192/lib/ruby/gems/1.9.1/gems/selenium-webdriver-2.31.0/lib/selenium/webdriver/remote/http/default.rb:83:in `response_for'", "C:/Ruby192/lib/ruby/gems/1.9.1/gems/selenium-webdriver-2.31.0/lib/selenium/webdriver/remote/http/default.rb:39:in `request'", "C:/Ruby192/lib/ruby/gems/1.9.1/gems/selenium-webdriver-2.31.0/lib/selenium/webdriver/remote/http/common.rb:40:in `call'", "C:/Ruby192/lib/ruby/gems/1.9.1/gems/selenium-webdriver-2.31.0/lib/selenium/webdriver/remote/bridge.rb:616:in `raw_execute'", "C:/Ruby192/lib/ruby/gems/1.9.1/gems/selenium-webdriver-2.31.0/lib/selenium/webdriver/remote/bridge.rb:594:in `execute'", "C:/Ruby192/lib/ruby/gems/1.9.1/gems/selenium-webdriver-2.31.0/lib/selenium/webdriver/remote/bridge.rb:505:in `getElementText'", "C:/Ruby192/lib/ruby/gems/1.9.1/gems/selenium-webdriver-2.31.0/lib/selenium/webdriver/common/element.rb:108:in `text'", "C:/Ruby192/lib/ruby/gems/1.9.1/gems/watir-webdriver-0.6.1/lib/watir-webdriver/browser.rb:97:in `text'", "Test_75_reward_based_on_publisher_cpi.rb:330:in `test_04_dashboard_version_2_reward_value_on_dashboard'", "C:/Ruby192/lib/ruby/1.9.1/minitest/unit.rb:695:in `run'", "C:/Ruby192/lib/ruby/1.9.1/minitest/unit.rb:656:in `block (2 levels) in run_test_suites'", "C:/Ruby192/lib/ruby/1.9.1/minitest/unit.rb:650:in `each'", "C:/Ruby192/lib/ruby/1.9.1/minitest/unit.rb:650:in `block in run_test_suites'", "C:/Ruby192/lib/ruby/1.9.1/minitest/unit.rb:649:in `each'", "C:/Ruby192/lib/ruby/1.9.1/minitest/unit.rb:649:in `run_test_suites'", "C:/Ruby192/lib/ruby/1.9.1/minitest/unit.rb:609:in `run'", "C:/Ruby192/lib/ruby/1.9.1/minitest/unit.rb:508:in `block in autorun'"]
.Started InternetExplorerDriver server (32-bit)
2.39.0.0
Listening on port 5558
Successful Login to Usampadmin
fifth
fifth
fifth
fifth
sixth
sixth
sixth
sixth
sixth
.
Finished in 661.288088 seconds.

5 tests, 0 assertions, 0 failures, 0 errors, 0 skips

Test run options: --seed 3813
Loaded suite Test_XX_Project_QG_status_change
Started
.25300

can't convert nil into String
["C:/Ruby192/lib/ruby/1.9.1/base64.rb:38:in `pack'", "C:/Ruby192/lib/ruby/1.9.1/base64.rb:38:in `encode64'", "Test_XX_Project_QG_status_change.rb:56:in `test_02_QG_status_change'", "C:/Ruby192/lib/ruby/1.9.1/minitest/unit.rb:695:in `run'", "C:/Ruby192/lib/ruby/1.9.1/minitest/unit.rb:656:in `block (2 levels) in run_test_suites'", "C:/Ruby192/lib/ruby/1.9.1/minitest/unit.rb:650:in `each'", "C:/Ruby192/lib/ruby/1.9.1/minitest/unit.rb:650:in `block in run_test_suites'", "C:/Ruby192/lib/ruby/1.9.1/minitest/unit.rb:649:in `each'", "C:/Ruby192/lib/ruby/1.9.1/minitest/unit.rb:649:in `run_test_suites'", "C:/Ruby192/lib/ruby/1.9.1/minitest/unit.rb:609:in `run'", "C:/Ruby192/lib/ruby/1.9.1/minitest/unit.rb:508:in `block in autorun'"]
E25300

can't convert nil into String
["C:/Ruby192/lib/ruby/1.9.1/base64.rb:38:in `pack'", "C:/Ruby192/lib/ruby/1.9.1/base64.rb:38:in `encode64'", "Test_XX_Project_QG_status_change.rb:157:in `test_03_Project_status_change'", "C:/Ruby192/lib/ruby/1.9.1/minitest/unit.rb:695:in `run'", "C:/Ruby192/lib/ruby/1.9.1/minitest/unit.rb:656:in `block (2 levels) in run_test_suites'", "C:/Ruby192/lib/ruby/1.9.1/minitest/unit.rb:650:in `each'", "C:/Ruby192/lib/ruby/1.9.1/minitest/unit.rb:650:in `block in run_test_suites'", "C:/Ruby192/lib/ruby/1.9.1/minitest/unit.rb:649:in `each'", "C:/Ruby192/lib/ruby/1.9.1/minitest/unit.rb:649:in `run_test_suites'", "C:/Ruby192/lib/ruby/1.9.1/minitest/unit.rb:609:in `run'", "C:/Ruby192/lib/ruby/1.9.1/minitest/unit.rb:508:in `block in autorun'"]
E
Finished in 0.031252 seconds.

  1) Error:
test_02_QG_status_change(Test_XX_Project_QG_status_change):
NoMethodError: undefined method `close' for nil:NilClass
    Test_XX_Project_QG_status_change.rb:135:in `rescue in test_02_QG_status_change'
    Test_XX_Project_QG_status_change.rb:39:in `test_02_QG_status_change'

  2) Error:
test_03_Project_status_change(Test_XX_Project_QG_status_change):
NoMethodError: undefined method `close' for nil:NilClass
    Test_XX_Project_QG_status_change.rb:246:in `rescue in test_03_Project_status_change'
    Test_XX_Project_QG_status_change.rb:145:in `test_03_Project_status_change'

3 tests, 0 assertions, 0 failures, 2 errors, 0 skips

Test run options: --seed 43568
Loaded suite Test_XX_Profiles_rewards_inactivate
Started
.2279
2217
Started InternetExplorerDriver server (32-bit)
2.39.0.0
Listening on port 5558
Successful Login to Usampadmin
FAIL
FAIL
.1934
1935
Started InternetExplorerDriver server (32-bit)
2.39.0.0
Listening on port 5558
Successful Login to Usampadmin
PASS
PASS
.
Finished in 169.666022 seconds.

3 tests, 0 assertions, 0 failures, 0 errors, 0 skips

Test run options: --seed 64498
Started InternetExplorerDriver server (32-bit)
2.39.0.0
Listening on port 5558
D:/IMPROVED_CODE_AAMIR/Output Repository/Non4S_Test_Report.html
***
<TD class=td3><FONT color=green>TEST PASSED</FONT></TD></TR>
***
1
***
***
<TD class=td3><FONT color=green>TEST PASSED</FONT></TD></TR>
***
2
***
***
<TD class=td3><FONT color=green>TEST PASSED</FONT></TD></TR>
***
3
***
***
<TD class=td3><FONT color=green>TEST PASSED</FONT></TD></TR>
***
4
***
***
<TD class=td3><FONT color=green>TEST PASSED</FONT></TD></TR>
***
5
***
***
<TD class=td3><FONT color=green>TEST PASSED</FONT></TD></TR>
***
6
***
***
<TD class=td3><FONT color=red>TEST FAILED</FONT></TD></TR>
***
1
***
***
<TD class=td3><FONT color=red>TEST FAILED</FONT></TD></TR>
***
2
***
***
<TD class=td3><FONT color=red>TEST FAILED</FONT></TD></TR>
***
3
***
***
<TD class=td3><FONT color=green>TEST PASSED</FONT></TD></TR>
***
7
***
***
<TD class=td3><FONT color=green>TEST PASSED</FONT></TD></TR>
***
8
***
***
<TD class=td3><FONT color=green>TEST PASSED</FONT></TD></TR>
***
9
***
***
<TD class=td3><FONT color=green>TEST PASSED</FONT></TD></TR>
***
10
***
***
<TD class=td3><FONT color=green>TEST PASSED</FONT></TD></TR>
***
11
***
***
<TD class=td3><FONT color=green>TEST PASSED</FONT></TD></TR>
***
12
***
***
<TD class=td3><FONT color=green>TEST PASSED</FONT></TD></TR>
***
13
***
***
<TD class=td3><FONT color=green>TEST PASSED</FONT></TD></TR>
***
14
***
***
<TD class=td3><FONT color=green>TEST PASSED</FONT></TD></TR>
***
15
***
***
<TD class=td3><FONT color=green>TEST PASSED</FONT></TD></TR>
***
16
***
***
<TD class=td3><FONT color=green>TEST PASSED</FONT></TD></TR>
***
17
***
***
<TD class=td3><FONT color=red>TEST FAILED</FONT></TD></TR>
***
4
***
***
<TD class=td3><FONT color=green>TEST PASSED</FONT></TD></TR>
***
18
***
***
<TD class=td3><FONT color=green>TEST PASSED</FONT></TD></TR>
***
19
***
***
<TD class=td3><FONT color=green>TEST PASSED</FONT></TD></TR>
***
20
***
***
<TD class=td3><FONT color=green>TEST PASSED</FONT></TD></TR>
***
21
***
***
<TD class=td3><FONT color=green>TEST PASSED</FONT></TD></TR>
***
22
***
***
<TD class=td3><FONT color=red>TEST FAILED</FONT></TD></TR>
***
5
***
***
<TD class=td3><FONT color=green>TEST PASSED</FONT></TD></TR>
***
23
***
***
<TD class=td3><FONT color=green>TEST PASSED</FONT></TD></TR>
***
24
***
***
<TD class=td3><FONT color=green>TEST PASSED</FONT></TD></TR>
***
25
***
***
<TD class=td3><FONT color=green>TEST PASSED</FONT></TD></TR>
***
26
***
***
<TD class=td3><FONT color=green>TEST PASSED</FONT></TD></TR>
***
27
***
***
<TD class=td3><FONT color=red>TEST FAILED</FONT></TD></TR>
***
6
***
***
<TD class=td3><FONT color=red>TEST FAILED</FONT></TD></TR>
***
7
***
***
<TD class=td3><FONT color=green>TEST PASSED</FONT></TD></TR>
***
28
***
***
<TD class=td3><FONT color=green>TEST PASSED</FONT></TD></TR>
***
29
***
***
<TD class=td3><FONT color=green>TEST PASSED</FONT></TD></TR>
***
30
***
***
<TD class=td3><FONT color=green>TEST PASSED</FONT></TD></TR>
***
31
***
***
<TD class=td3><FONT color=green>TEST PASSED</FONT></TD></TR>
***
32
***
***
<TD class=td3><FONT color=green>TEST PASSED</FONT></TD></TR>
***
33
***
***
<TD class=td3><FONT color=red>TEST FAILED (Survey not shown)</FONT></TD></TR>
***
***
<TD class=td3><FONT color=red>TEST FAILED (Survey not shown)</FONT></TD></TR>
***
***
<TD class=td3><FONT color=green>TEST PASSED</FONT></TD></TR>
***
34
***
***
<TD class=td3><FONT color=green>TEST PASSED</FONT></TD></TR>
***
35
***
***
<TD class=td3><FONT color=green>TEST PASSED</FONT></TD></TR>
***
36
***
***
<TD class=td3><FONT color=green>TEST PASSED</FONT></TD></TR>
***
37
***
***
<TD class=td3><FONT color=green>TEST PASSED</FONT></TD></TR>
***
38
***
***
<TD class=td3><FONT color=green>TEST PASSED</FONT></TD></TR>
***
39
***
***
<TD class=td3><FONT color=green>TEST PASSED</FONT></TD></TR>
***
40
***
***
<TD class=td3><FONT color=green>TEST PASSED</FONT></TD></TR>
***
41
***
***
<TD class=td3><FONT color=green>TEST PASSED</FONT></TD></TR>
***
42
***
***
<TD class=td3><FONT color=green>TEST PASSED</FONT></TD></TR>
***
43
***
***
<TD class=td3><FONT color=green>TEST PASSED</FONT></TD></TR>
***
44
***
***
<TD class=td3><FONT color=green>TEST PASSED</FONT></TD></TR>
***
45
***
***
<TD class=td3><FONT color=green>TEST PASSED</FONT></TD></TR>
***
46
***
***
<TD class=td3><FONT color=green>TEST PASSED</FONT></TD></TR>
***
47
***
***
<TD class=td3><FONT color=green>TEST PASSED</FONT></TD></TR>
***
48
***
***
<TD class=td3><FONT color=green>TEST PASSED</FONT></TD></TR>
***
49
***
***
<TD class=td3><FONT color=green>TEST PASSED</FONT></TD></TR>
***
50
***
***
<TD class=td3><FONT color=green>TEST PASSED</FONT></TD></TR>
***
51
***
***
<TD class=td3><FONT color=green>TEST PASSED</FONT></TD></TR>
***
52
***
***
<TD class=td3><FONT color=green>TEST PASSED</FONT></TD></TR>
***
53
***
***
<TD class=td3><FONT color=green>TEST PASSED</FONT></TD></TR>
***
54
***
***
<TD class=td3><FONT color=green>TEST PASSED</FONT></TD></TR>
***
55
***
***
<TD class=td3><FONT color=green>TEST PASSED</FONT></TD></TR>
***
56
***
***
<TD class=td3><FONT color=green>TEST PASSED</FONT></TD></TR>
***
57
***
***
<TD class=td3><FONT color=green>TEST PASSED</FONT></TD></TR>
***
58
***
***
<TD class=td3><FONT color=red>TEST FAILED</FONT></TD></TR>
***
8
***
***
<TD class=td3><FONT color=green>TEST PASSED</FONT></TD></TR>
***
59
***
***
<TD class=td3><FONT color=green>TEST PASSED</FONT></TD></TR>
***
60
***
***
<TD class=td3><FONT color=green>TEST PASSED</FONT></TD></TR>
***
61
***
***
<TD class=td3><FONT color=red>TEST FAILED</FONT></TD></TR>
***
9
***
***
<TD class=td3><FONT color=green>TEST PASSED</FONT></TD></TR>
***
62
***
***
<TD class=td3><FONT color=green>TEST PASSED</FONT></TD></TR>
***
63
***
***
<TD class=td3><FONT color=green>TEST PASSED</FONT></TD></TR>
***
64
***
***
<TD class=td3><FONT color=green>TEST PASSED</FONT></TD></TR>
***
65
***
***
<TD class=td3><FONT color=red>TEST FAILED</FONT></TD></TR>
***
10
***
***
<TD class=td3><FONT color=green>TEST PASSED</FONT></TD></TR>
***
66
***
***
<TD class=td3><FONT color=green>TEST PASSED</FONT></TD></TR>
***
67
***
***
<TD class=td3><FONT color=green>TEST PASSED</FONT></TD></TR>
***
68
***
***
<TD class=td3><FONT color=green>TEST PASSED</FONT></TD></TR>
***
69
***
***
<TD class=td3><FONT color=green>TEST PASSED</FONT></TD></TR>
***
70
***
***
<TD class=td3><FONT color=green>TEST PASSED</FONT></TD></TR>
***
71
***
***
<TD class=td3><FONT color=green>TEST PASSED</FONT></TD></TR>
***
72
***
***
<TD class=td3><FONT color=green>TEST PASSED</FONT></TD></TR>
***
73
***
***
<TD class=td3><FONT color=green>TEST PASSED</FONT></TD></TR>
***
74
***
***
<TD class=td3><FONT color=green>TEST PASSED</FONT></TD></TR>
***
75
***
***
<TD class=td3><FONT color=green>TEST PASSED</FONT></TD></TR>
***
76
***
***
<TD class=td3><FONT color=green>TEST PASSED</FONT></TD></TR>
***
77
***
***
<TD class=td3><FONT color=red>TEST FAILED</FONT></TD></TR>
***
11
***
***
<TD class=td3><FONT color=green>TEST PASSED</FONT></TD></TR>
***
78
***
***
<TD class=td3><FONT color=red>TEST FAILED</FONT></TD></TR>
***
12
***
***
<TD class=td3><FONT color=green>TEST PASSED</FONT></TD></TR>
***
79
***
***
<TD class=td3><FONT color=green>TEST PASSED</FONT></TD></TR>
***
80
***
***
<TD class=td3><FONT color=green>TEST PASSED</FONT></TD></TR>
***
81
***
***
<TD class=td3><FONT color=green>TEST PASSED</FONT></TD></TR>
***
82
***
***
<TD class=td3><FONT color=red>TEST FAILED</FONT></TD></TR>
***
13
***
***
<TD class=td3><FONT color=green>TEST PASSED</FONT></TD></TR>
***
83
***
***
<TD class=td3><FONT color=green>TEST PASSED</FONT></TD></TR>
***
84
***
***
<TD class=td3><FONT color=green>TEST PASSED</FONT></TD></TR>
***
85
***
***
<TD class=td3><FONT color=green>TEST PASSED</FONT></TD></TR>
***
86
***
***
<TD class=td3><FONT color=red>TEST FAILED</FONT></TD></TR>
***
14
***
***
<TD class=td3><FONT color=green>TEST PASSED</FONT></TD></TR>
***
87
***
***
<TD class=td3><FONT color=green>TEST PASSED</FONT></TD></TR>
***
88
***
***
<TD class=td3><FONT color=green>TEST PASSED</FONT></TD></TR>
***
89
***
***
<TD class=td3><FONT color=red>TEST FAILED</FONT></TD></TR>
***
15
***
***
<TD class=td3><FONT color=red>TEST FAILED</FONT></TD></TR>
***
16
***
***
<TD class=td3><FONT color=green>TEST PASSED</FONT></TD></TR>
***
90
***
***
<TD class=td3><FONT color=green>TEST PASSED</FONT></TD></TR>
***
91
***
***
<TD class=td3><FONT color=green>TEST PASSED</FONT></TD></TR>
***
92
***
***
<TD class=td3><FONT color=green>TEST PASSED</FONT></TD></TR>
***
93
***
***
<TD class=td3><FONT color=red>TEST FAILED</FONT></TD></TR>
***
17
***
***
<TD class=td3><FONT color=red>TEST FAILED</FONT></TD></TR>
***
18
***
***
<TD class=td3><FONT color=green>TEST PASSED</FONT></TD></TR>
***
94
***
***
<TD class=td3><FONT color=red>TEST FAILED</FONT></TD></TR>
***
19
***
***
<TD class=td3><FONT color=red>TEST FAILED</FONT></TD></TR>
***
20
***
***
<TD class=td3><FONT color=red>TEST FAILED</FONT></TD></TR>
***
21
***
***
<TD class=td3><FONT color=red>TEST FAILED</FONT></TD></TR>
***
22
***
***
<TD class=td3><FONT color=green>TEST PASSED</FONT></TD></TR>
***
95
***
***
<TD class=td3><FONT color=green>TEST PASSED</FONT></TD></TR></TR></TBODY></TABLE></CENTER></CENTER></BODY></HTML>
***
96
***
***
<TD class=td3><FONT color=black>NOT COMPLETED SUCCESSFULY!{Please check the log for details}</FONT></TD></TR>
***
1
***
***
<TD class=td3><FONT color=black>NOT COMPLETED SUCCESSFULY!{Please check the log for details}</FONT></TD></TR>
***
2
***
***
<TD class=td3><FONT color=black>NOT COMPLETED SUCCESSFULY!{Please check the log for details}</FONT></TD></TR>
***
3
***
***
<TD class=td3><FONT color=black>NOT COMPLETED SUCCESSFULY!{Please check the log for details}</FONT></TD></TR>
***
4
***
***
<TD class=td3><FONT color=black>NOT COMPLETED SUCCESSFULY!{Please check the log for details}</FONT></TD></TR>
***
5
***
***
<TD class=td3><FONT color=black>NOT COMPLETED SUCCESSFULY!{Please check the log for details}</FONT></TD></TR>
***
6
***
***
<TD class=td3><FONT color=black>NOT COMPLETED SUCCESSFULY!{Please check the log for details}</FONT></TD></TR>
***
7
***
***
<TD class=td3><FONT color=black>NOT COMPLETED SUCCESSFULY!{Please check the log for details}</FONT></TD></TR>
***
8
***
***
<TD class=td3><FONT color=black>NOT COMPLETED SUCCESSFULY!{Please check the log for details}</FONT></TD></TR>
***
9
***
***
<TD class=td3><FONT color=black>NOT COMPLETED SUCCESSFULY!{Please check the log for details}</FONT></TD></TR>
***
10
***
***
<TD class=td3><FONT color=black>NOT COMPLETED SUCCESSFULY!{Please check the log for details}</FONT></TD></TR>
***
11
***
***
<TD class=td3><FONT color=black>NOT COMPLETED SUCCESSFULY!{Please check the log for details}</FONT></TD></TR>
***
12
***
***
<TD class=td3><FONT color=black>NOT COMPLETED SUCCESSFULY!{Please check the log for details}</FONT></TD></TR>
***
13
***
***
<TD class=td3><FONT color=black>NOT COMPLETED SUCCESSFULY!{Please check the log for details}</FONT></TD></TR>
***
14
***
***
<TD class=td3><FONT color=black>NOT COMPLETED SUCCESSFULY!{Please check the log for details}</FONT></TD></TR>
***
15
***
***
<TD class=td3><FONT color=black>NOT COMPLETED SUCCESSFULY!{Please check the log for details}</FONT></TD></TR>
***
16
***
***
<TD class=td3><FONT color=black>NOT COMPLETED SUCCESSFULY!{Please check the log for details}</FONT></TD></TR>
***
17
***
***
<TD class=td3><FONT color=black>NOT COMPLETED SUCCESSFULY!{Please check the log for details}</FONT></TD></TR>
***
18
***
***
<TD class=td3><FONT color=black>NOT COMPLETED SUCCESSFULY!{Please check the log for details}</FONT></TD></TR>
***
19
***
***
<TD class=td3><FONT color=black>NOT COMPLETED SUCCESSFULY!{Please check the log for details}</FONT></TD></TR>
***
20
***
***
<TD class=td3><FONT color=black>NOT COMPLETED SUCCESSFULY!{Please check the log for details}</FONT></TD></TR>
***
21
***
***
<TD class=td3><FONT color=black>NOT COMPLETED SUCCESSFULY!{Please check the log for details}</FONT></TD></TR>
***
22
***
***
<TD class=td3><FONT color=black>NOT COMPLETED SUCCESSFULY!{Please check the log for details}</FONT></TD></TR>
***
23
***
***
<TD class=td3><FONT color=black>NOT COMPLETED SUCCESSFULY!{Please check the log for details}</FONT></TD></TR>
***
24
***
***
<TD class=td3><FONT color=black>NOT COMPLETED SUCCESSFULY!{Please check the log for details}</FONT></TD></TR>
***
25
***
***
<TD class=td3><FONT color=black>NOT COMPLETED SUCCESSFULY!{Please check the log for details}</FONT></TD></TR>
***
26
***
***
<TD class=td3><FONT color=black>NOT COMPLETED SUCCESSFULY!{Please check the log for details}</FONT></TD></TR>
***
27
***
***
<TD class=td3><FONT color=black>NOT COMPLETED SUCCESSFULY!{Please check the log for details}</FONT></TD></TR>
***
28
***
***
<TD class=td3><FONT color=black>NOT COMPLETED SUCCESSFULY!{Please check the log for details}</FONT></TD></TR>
***
29
***
***
<TD class=td3><FONT color=black>NOT COMPLETED SUCCESSFULY!{Please check the log for details}</FONT></TD></TR>
***
30
***
***
<TD class=td3><FONT color=black>NOT COMPLETED SUCCESSFULY!{Please check the log for details}</FONT></TD></TR>
***
31
***
***
<TD class=td3><FONT color=black>NOT COMPLETED SUCCESSFULY!{Please check the log for details}</FONT></TD></TR>
***
32
***
***
<TD class=td3><FONT color=black>NOT COMPLETED SUCCESSFULY!{Please check the log for details}</FONT></TD></TR>
***
33
***
***
<TD class=td3><FONT color=black>NOT COMPLETED SUCCESSFULY!{Please check the log for details}</FONT></TD></TR>
***
34
***
***
<TD class=td3><FONT color=black>NOT COMPLETED SUCCESSFULY!{Please check the log for details}</FONT></TD></TR>
***
35
***
***
<TD class=td3><FONT color=black>NOT COMPLETED SUCCESSFULY!{Please check the log for details}</FONT></TD></TR>
***
36
***
***
<TD class=td3><FONT color=black>NOT COMPLETED SUCCESSFULY!{Please check the log for details}</FONT></TD></TR>
***
37
***
***
<TD class=td3><FONT color=black>NOT COMPLETED SUCCESSFULY!{Please check the log for details}</FONT></TD></TR>
***
38
***
***
<TD class=td3><FONT color=black>NOT COMPLETED SUCCESSFULY!{Please check the log for details}</FONT></TD></TR>
***
39
***
***
<TD class=td3><FONT color=black>NOT COMPLETED SUCCESSFULY!{Please check the log for details}</FONT></TD></TR>
***
40
***
***
<TD class=td3><FONT color=black>NOT COMPLETED SUCCESSFULY!{Please check the log for details}</FONT></TD></TR>
***
41
***
***
<TD class=td3><FONT color=black>NOT COMPLETED SUCCESSFULY!{Please check the log for details}</FONT></TD></TR>
***
42
***
***
<TD class=td3><FONT color=black>NOT COMPLETED SUCCESSFULY!{Please check the log for details}</FONT></TD></TR>
***
43
***
***
<TD class=td3><FONT color=black>NOT COMPLETED SUCCESSFULY!{Please check the log for details}</FONT></TD></TR>
***
44
***
***
<TD class=td3><FONT color=black>NOT COMPLETED SUCCESSFULY!{Please check the log for details}</FONT></TD></TR>
***
45
***
***
<TD class=td3><FONT color=black>NOT COMPLETED SUCCESSFULY!{Please check the log for details}</FONT></TD></TR>
***
46
***
96
22
46
Loaded suite IM_Suite
Started

Finished in 0.000000 seconds.

0 tests, 0 assertions, 0 failures, 0 errors, 0 skips

Test run options: --seed 31230
