
D:\IMPROVED_CODE_AAMIR>copy "D:\IMPROVED_CODE_AAMIR\Output Repository\Non4S_Test_Report.html" "D:\IMPROVED_CODE_AAMIR\Output Repository Archive\Non4s_Report_03/47/_6439.html" 
        0 file(s) copied.
Loaded suite Test_01_Project_QG_Create
Started
.Started InternetExplorerDriver server (32-bit)
2.39.0.0
Listening on port 5555
Successful Login to Usampadmin
25910
.QG CREATION PASS
********
GROUP DETAILS: QG119295
********
119295
..
Finished in 338.275691 seconds.

4 tests, 0 assertions, 0 failures, 0 errors, 0 skips

Test run options: --seed 43089
Loaded suite Test_02_Auto_Open_QG
Started
.25910
119295
Started InternetExplorerDriver server (32-bit)
2.39.0.0
Listening on port 5555
Successful Login to Usampadmin
04
48
53
04
50
53
.
Finished in 281.969319 seconds.

2 tests, 0 assertions, 0 failures, 0 errors, 0 skips

Test run options: --seed 50432
Loaded suite Test_03_Auto_Close_QG
Started
.25910
119295
Started InternetExplorerDriver server (32-bit)
2.39.0.0
Listening on port 5555
Successful Login to Usampadmin
04
54
12
04
Time Settings Saved
TIME_SET_PASSED
.25910
119295
Started InternetExplorerDriver server (32-bit)
2.39.0.0
Listening on port 5555
Successful Login to Usampadmin
Clicks Settings Saved1
.25910
119295
Started InternetExplorerDriver server (32-bit)
2.39.0.0
Listening on port 5556
Successful Login to Usampadmin
Completes Settings Saved2
.
Finished in 739.122700 seconds.

4 tests, 0 assertions, 0 failures, 0 errors, 0 skips

Test run options: --seed 63700
Loaded suite Test_04_Non_member_survey_complete
Started
.25910
119295
Started InternetExplorerDriver server (32-bit)
2.39.0.0
Listening on port 5555
Successful Login to Usampadmin
.25910
119295
Started InternetExplorerDriver server (32-bit)
2.39.0.0
Listening on port 5556
Successful Login to Usampadmin
.25910
119295
Started InternetExplorerDriver server (32-bit)
2.39.0.0
Listening on port 5555
Successful Login to Usampadmin
.
Finished in 272.314119 seconds.

4 tests, 0 assertions, 0 failures, 0 errors, 0 skips

Test run options: --seed 24966
Loaded suite Test_05_Member_registration
Started
.unable to locate element, using {:name=>"txtFname", :tag_name=>"input or textarea", :type=>"(any text type)"}
["C:/Ruby192/lib/ruby/gems/1.9.1/gems/watir-webdriver-0.6.1/lib/watir-webdriver/elements/element.rb:365:in `assert_exists'", "C:/Ruby192/lib/ruby/gems/1.9.1/gems/watir-webdriver-0.6.1/lib/watir-webdriver/user_editable.rb:8:in `set'", "Test_05_Member_registration.rb:54:in `test_02_member_signup_SH'", "C:/Ruby192/lib/ruby/1.9.1/minitest/unit.rb:695:in `run'", "C:/Ruby192/lib/ruby/1.9.1/minitest/unit.rb:656:in `block (2 levels) in run_test_suites'", "C:/Ruby192/lib/ruby/1.9.1/minitest/unit.rb:650:in `each'", "C:/Ruby192/lib/ruby/1.9.1/minitest/unit.rb:650:in `block in run_test_suites'", "C:/Ruby192/lib/ruby/1.9.1/minitest/unit.rb:649:in `each'", "C:/Ruby192/lib/ruby/1.9.1/minitest/unit.rb:649:in `run_test_suites'", "C:/Ruby192/lib/ruby/1.9.1/minitest/unit.rb:609:in `run'", "C:/Ruby192/lib/ruby/1.9.1/minitest/unit.rb:508:in `block in autorun'"]
.Started InternetExplorerDriver server (32-bit)
2.39.0.0
Listening on port 5555
Successful Login to Usampadmin
auto_test.des2014-03-06054143@mailop.com
M24625330
.unable to locate element, using {:name=>"txtFname", :tag_name=>"input or textarea", :type=>"(any text type)"}
["C:/Ruby192/lib/ruby/gems/1.9.1/gems/watir-webdriver-0.6.1/lib/watir-webdriver/elements/element.rb:365:in `assert_exists'", "C:/Ruby192/lib/ruby/gems/1.9.1/gems/watir-webdriver-0.6.1/lib/watir-webdriver/user_editable.rb:8:in `set'", "Test_05_Member_registration.rb:213:in `test_04_member_signup_Focusline'", "C:/Ruby192/lib/ruby/1.9.1/minitest/unit.rb:695:in `run'", "C:/Ruby192/lib/ruby/1.9.1/minitest/unit.rb:656:in `block (2 levels) in run_test_suites'", "C:/Ruby192/lib/ruby/1.9.1/minitest/unit.rb:650:in `each'", "C:/Ruby192/lib/ruby/1.9.1/minitest/unit.rb:650:in `block in run_test_suites'", "C:/Ruby192/lib/ruby/1.9.1/minitest/unit.rb:649:in `each'", "C:/Ruby192/lib/ruby/1.9.1/minitest/unit.rb:649:in `run_test_suites'", "C:/Ruby192/lib/ruby/1.9.1/minitest/unit.rb:609:in `run'", "C:/Ruby192/lib/ruby/1.9.1/minitest/unit.rb:508:in `block in autorun'"]
.Started InternetExplorerDriver server (32-bit)
2.39.0.0
Listening on port 5555
Successful Login to Usampadmin
auto_test22.des2014-02-240427@mailop.com
M24618205
Element is no longer valid
["C:/Ruby192/lib/ruby/gems/1.9.1/gems/selenium-webdriver-2.31.0/lib/selenium/webdriver/remote/response.rb:52:in `assert_ok'", "C:/Ruby192/lib/ruby/gems/1.9.1/gems/selenium-webdriver-2.31.0/lib/selenium/webdriver/remote/response.rb:15:in `initialize'", "C:/Ruby192/lib/ruby/gems/1.9.1/gems/selenium-webdriver-2.31.0/lib/selenium/webdriver/remote/http/common.rb:59:in `new'", "C:/Ruby192/lib/ruby/gems/1.9.1/gems/selenium-webdriver-2.31.0/lib/selenium/webdriver/remote/http/common.rb:59:in `create_response'", "C:/Ruby192/lib/ruby/gems/1.9.1/gems/selenium-webdriver-2.31.0/lib/selenium/webdriver/remote/http/default.rb:66:in `request'", "C:/Ruby192/lib/ruby/gems/1.9.1/gems/selenium-webdriver-2.31.0/lib/selenium/webdriver/remote/http/common.rb:40:in `call'", "C:/Ruby192/lib/ruby/gems/1.9.1/gems/selenium-webdriver-2.31.0/lib/selenium/webdriver/remote/bridge.rb:616:in `raw_execute'", "C:/Ruby192/lib/ruby/gems/1.9.1/gems/selenium-webdriver-2.31.0/lib/selenium/webdriver/remote/bridge.rb:594:in `execute'", "C:/Ruby192/lib/ruby/gems/1.9.1/gems/selenium-webdriver-2.31.0/lib/selenium/webdriver/remote/bridge.rb:493:in `getElementTagName'", "C:/Ruby192/lib/ruby/gems/1.9.1/gems/selenium-webdriver-2.31.0/lib/selenium/webdriver/common/element.rb:68:in `tag_name'", "C:/Ruby192/lib/ruby/gems/1.9.1/gems/watir-webdriver-0.6.1/lib/watir-webdriver/locators/element_locator.rb:379:in `validate_element'", "C:/Ruby192/lib/ruby/gems/1.9.1/gems/watir-webdriver-0.6.1/lib/watir-webdriver/locators/element_locator.rb:37:in `locate'", "C:/Ruby192/lib/ruby/gems/1.9.1/gems/watir-webdriver-0.6.1/lib/watir-webdriver/elements/element.rb:384:in `locate'", "C:/Ruby192/lib/ruby/gems/1.9.1/gems/watir-webdriver-0.6.1/lib/watir-webdriver/elements/element.rb:362:in `assert_exists'", "C:/Ruby192/lib/ruby/gems/1.9.1/gems/watir-webdriver-0.6.1/lib/watir-webdriver/elements/element.rb:95:in `click'", "Test_05_Member_registration.rb:339:in `test_05_member_in_admin_Focusline'", "C:/Ruby192/lib/ruby/1.9.1/minitest/unit.rb:695:in `run'", "C:/Ruby192/lib/ruby/1.9.1/minitest/unit.rb:656:in `block (2 levels) in run_test_suites'", "C:/Ruby192/lib/ruby/1.9.1/minitest/unit.rb:650:in `each'", "C:/Ruby192/lib/ruby/1.9.1/minitest/unit.rb:650:in `block in run_test_suites'", "C:/Ruby192/lib/ruby/1.9.1/minitest/unit.rb:649:in `each'", "C:/Ruby192/lib/ruby/1.9.1/minitest/unit.rb:649:in `run_test_suites'", "C:/Ruby192/lib/ruby/1.9.1/minitest/unit.rb:609:in `run'", "C:/Ruby192/lib/ruby/1.9.1/minitest/unit.rb:508:in `block in autorun'"]
.auto_test.des2014-03-06054143@mailop.com
auto_test.des2014-03-06054143@
.auto_test22.des2014-02-240427@mailop.com
auto_test22.des2014-02-2404
.
Finished in 220.491633 seconds.

7 tests, 0 assertions, 0 failures, 0 errors, 0 skips

Test run options: --seed 33940
Loaded suite Test_07_Publisher_category_filer
Started
.Started InternetExplorerDriver server (32-bit)
2.39.0.0
Listening on port 5555
Successful Login to Usampadmin
25910
119295
unable to locate element, using {:name=>"txtEmail", :tag_name=>"input or textarea", :type=>"(any text type)"}
["C:/Ruby192/lib/ruby/gems/1.9.1/gems/watir-webdriver-0.6.1/lib/watir-webdriver/elements/element.rb:365:in `assert_exists'", "C:/Ruby192/lib/ruby/gems/1.9.1/gems/watir-webdriver-0.6.1/lib/watir-webdriver/user_editable.rb:8:in `set'", "D:/IMPROVED_CODE_AAMIR/Usamp_lib.rb:164:in `Focusline_login'", "Test_07_Publisher_category_filer.rb:71:in `test_02_publisher_category_filter_match'", "C:/Ruby192/lib/ruby/1.9.1/minitest/unit.rb:695:in `run'", "C:/Ruby192/lib/ruby/1.9.1/minitest/unit.rb:656:in `block (2 levels) in run_test_suites'", "C:/Ruby192/lib/ruby/1.9.1/minitest/unit.rb:650:in `each'", "C:/Ruby192/lib/ruby/1.9.1/minitest/unit.rb:650:in `block in run_test_suites'", "C:/Ruby192/lib/ruby/1.9.1/minitest/unit.rb:649:in `each'", "C:/Ruby192/lib/ruby/1.9.1/minitest/unit.rb:649:in `run_test_suites'", "C:/Ruby192/lib/ruby/1.9.1/minitest/unit.rb:609:in `run'", "C:/Ruby192/lib/ruby/1.9.1/minitest/unit.rb:508:in `block in autorun'"]
.Started InternetExplorerDriver server (32-bit)
2.39.0.0
Listening on port 5556
Successful Login to Usampadmin
25910
119295
unable to locate element, using {:name=>"txtEmail", :tag_name=>"input or textarea", :type=>"(any text type)"}
["C:/Ruby192/lib/ruby/gems/1.9.1/gems/watir-webdriver-0.6.1/lib/watir-webdriver/elements/element.rb:365:in `assert_exists'", "C:/Ruby192/lib/ruby/gems/1.9.1/gems/watir-webdriver-0.6.1/lib/watir-webdriver/user_editable.rb:8:in `set'", "D:/IMPROVED_CODE_AAMIR/Usamp_lib.rb:164:in `Focusline_login'", "Test_07_Publisher_category_filer.rb:127:in `test_03_publisher_category_filter_mismatch'", "C:/Ruby192/lib/ruby/1.9.1/minitest/unit.rb:695:in `run'", "C:/Ruby192/lib/ruby/1.9.1/minitest/unit.rb:656:in `block (2 levels) in run_test_suites'", "C:/Ruby192/lib/ruby/1.9.1/minitest/unit.rb:650:in `each'", "C:/Ruby192/lib/ruby/1.9.1/minitest/unit.rb:650:in `block in run_test_suites'", "C:/Ruby192/lib/ruby/1.9.1/minitest/unit.rb:649:in `each'", "C:/Ruby192/lib/ruby/1.9.1/minitest/unit.rb:649:in `run_test_suites'", "C:/Ruby192/lib/ruby/1.9.1/minitest/unit.rb:609:in `run'", "C:/Ruby192/lib/ruby/1.9.1/minitest/unit.rb:508:in `block in autorun'"]
E
Finished in 129.439040 seconds.

  1) Error:
test_03_publisher_category_filter_mismatch(Test_07_Publisher_filter_category):
NoMethodError: undefined method `close' for nil:NilClass
    Test_07_Publisher_category_filer.rb:157:in `rescue in test_03_publisher_category_filter_mismatch'
    Test_07_Publisher_category_filer.rb:100:in `test_03_publisher_category_filter_mismatch'

3 tests, 0 assertions, 0 failures, 1 errors, 0 skips

Test run options: --seed 11657
Loaded suite Test_08_Publisher_margin_%
Started
.Started InternetExplorerDriver server (32-bit)
2.39.0.0
Listening on port 5555
Successful Login to Usampadmin
25910
119295
unable to locate element, using {:name=>"txtEmail", :tag_name=>"input or textarea", :type=>"(any text type)"}
["C:/Ruby192/lib/ruby/gems/1.9.1/gems/watir-webdriver-0.6.1/lib/watir-webdriver/elements/element.rb:365:in `assert_exists'", "C:/Ruby192/lib/ruby/gems/1.9.1/gems/watir-webdriver-0.6.1/lib/watir-webdriver/user_editable.rb:8:in `set'", "D:/IMPROVED_CODE_AAMIR/Usamp_lib.rb:164:in `Focusline_login'", "Test_08_Publisher_margin_%.rb:79:in `test_02_publisher_margin_match'", "C:/Ruby192/lib/ruby/1.9.1/minitest/unit.rb:695:in `run'", "C:/Ruby192/lib/ruby/1.9.1/minitest/unit.rb:656:in `block (2 levels) in run_test_suites'", "C:/Ruby192/lib/ruby/1.9.1/minitest/unit.rb:650:in `each'", "C:/Ruby192/lib/ruby/1.9.1/minitest/unit.rb:650:in `block in run_test_suites'", "C:/Ruby192/lib/ruby/1.9.1/minitest/unit.rb:649:in `each'", "C:/Ruby192/lib/ruby/1.9.1/minitest/unit.rb:649:in `run_test_suites'", "C:/Ruby192/lib/ruby/1.9.1/minitest/unit.rb:609:in `run'", "C:/Ruby192/lib/ruby/1.9.1/minitest/unit.rb:508:in `block in autorun'"]
Started InternetExplorerDriver server (32-bit)
2.39.0.0
Listening on port 5556
.Started InternetExplorerDriver server (32-bit)
2.39.0.0
Listening on port 5557
Successful Login to Usampadmin
25910
119295
unable to locate element, using {:name=>"txtEmail", :tag_name=>"input or textarea", :type=>"(any text type)"}
["C:/Ruby192/lib/ruby/gems/1.9.1/gems/watir-webdriver-0.6.1/lib/watir-webdriver/elements/element.rb:365:in `assert_exists'", "C:/Ruby192/lib/ruby/gems/1.9.1/gems/watir-webdriver-0.6.1/lib/watir-webdriver/user_editable.rb:8:in `set'", "D:/IMPROVED_CODE_AAMIR/Usamp_lib.rb:164:in `Focusline_login'", "Test_08_Publisher_margin_%.rb:136:in `test_03_publisher_margin_mismatch'", "C:/Ruby192/lib/ruby/1.9.1/minitest/unit.rb:695:in `run'", "C:/Ruby192/lib/ruby/1.9.1/minitest/unit.rb:656:in `block (2 levels) in run_test_suites'", "C:/Ruby192/lib/ruby/1.9.1/minitest/unit.rb:650:in `each'", "C:/Ruby192/lib/ruby/1.9.1/minitest/unit.rb:650:in `block in run_test_suites'", "C:/Ruby192/lib/ruby/1.9.1/minitest/unit.rb:649:in `each'", "C:/Ruby192/lib/ruby/1.9.1/minitest/unit.rb:649:in `run_test_suites'", "C:/Ruby192/lib/ruby/1.9.1/minitest/unit.rb:609:in `run'", "C:/Ruby192/lib/ruby/1.9.1/minitest/unit.rb:508:in `block in autorun'"]
Started InternetExplorerDriver server (32-bit)
2.39.0.0
Listening on port 5558
.
Finished in 114.081337 seconds.

3 tests, 0 assertions, 0 failures, 0 errors, 0 skips

Test run options: --seed 50518
Loaded suite Test_09_US_getcount
Started
.Successful Login to Usampadmin
25910
119295
*** Waiting for count to load ***
************
								<tr>

0
unable to locate element, using {:name=>"txtFname", :tag_name=>"input or textarea", :type=>"(any text type)"}
["C:/Ruby192/lib/ruby/gems/1.9.1/gems/watir-webdriver-0.6.1/lib/watir-webdriver/elements/element.rb:365:in `assert_exists'", "C:/Ruby192/lib/ruby/gems/1.9.1/gems/watir-webdriver-0.6.1/lib/watir-webdriver/user_editable.rb:8:in `set'", "Test_09_US_getcount.rb:181:in `test_02_US_getcount'", "C:/Ruby192/lib/ruby/1.9.1/minitest/unit.rb:695:in `run'", "C:/Ruby192/lib/ruby/1.9.1/minitest/unit.rb:656:in `block (2 levels) in run_test_suites'", "C:/Ruby192/lib/ruby/1.9.1/minitest/unit.rb:650:in `each'", "C:/Ruby192/lib/ruby/1.9.1/minitest/unit.rb:650:in `block in run_test_suites'", "C:/Ruby192/lib/ruby/1.9.1/minitest/unit.rb:649:in `each'", "C:/Ruby192/lib/ruby/1.9.1/minitest/unit.rb:649:in `run_test_suites'", "C:/Ruby192/lib/ruby/1.9.1/minitest/unit.rb:609:in `run'", "C:/Ruby192/lib/ruby/1.9.1/minitest/unit.rb:508:in `block in autorun'"]
EStarted InternetExplorerDriver server (32-bit)
2.39.0.0
Listening on port 5555
Successful Login to Usampadmin
25910
119295
.Started InternetExplorerDriver server (32-bit)
2.39.0.0
Listening on port 5555
Successful Login to Usampadmin
25910
119295
*** Waiting for count to load ***
************
<TD>Total members found: 47
47
47
unable to locate element, using {:name=>"txtFname", :tag_name=>"input or textarea", :type=>"(any text type)"}
["C:/Ruby192/lib/ruby/gems/1.9.1/gems/watir-webdriver-0.6.1/lib/watir-webdriver/elements/element.rb:365:in `assert_exists'", "C:/Ruby192/lib/ruby/gems/1.9.1/gems/watir-webdriver-0.6.1/lib/watir-webdriver/user_editable.rb:8:in `set'", "Test_09_US_getcount.rb:679:in `test_04_us_getcnt_mempub'", "C:/Ruby192/lib/ruby/1.9.1/minitest/unit.rb:695:in `run'", "C:/Ruby192/lib/ruby/1.9.1/minitest/unit.rb:656:in `block (2 levels) in run_test_suites'", "C:/Ruby192/lib/ruby/1.9.1/minitest/unit.rb:650:in `each'", "C:/Ruby192/lib/ruby/1.9.1/minitest/unit.rb:650:in `block in run_test_suites'", "C:/Ruby192/lib/ruby/1.9.1/minitest/unit.rb:649:in `each'", "C:/Ruby192/lib/ruby/1.9.1/minitest/unit.rb:649:in `run_test_suites'", "C:/Ruby192/lib/ruby/1.9.1/minitest/unit.rb:609:in `run'", "C:/Ruby192/lib/ruby/1.9.1/minitest/unit.rb:508:in `block in autorun'"]
EStarted InternetExplorerDriver server (32-bit)
2.39.0.0
Listening on port 5556
Successful Login to Usampadmin
25910
119295
unable to locate element, using {:name=>"chkDoubleOpted", :tag_name=>"input", :type=>"checkbox"}
["C:/Ruby192/lib/ruby/gems/1.9.1/gems/watir-webdriver-0.6.1/lib/watir-webdriver/elements/element.rb:365:in `assert_exists'", "C:/Ruby192/lib/ruby/gems/1.9.1/gems/watir-webdriver-0.6.1/lib/watir-webdriver/elements/checkbox.rb:19:in `set'", "C:/Ruby192/lib/ruby/gems/1.9.1/gems/watir-webdriver-0.6.1/lib/watir-webdriver/elements/checkbox.rb:46:in `clear'", "Test_09_US_getcount.rb:925:in `test_05_qg_reset'", "C:/Ruby192/lib/ruby/1.9.1/minitest/unit.rb:695:in `run'", "C:/Ruby192/lib/ruby/1.9.1/minitest/unit.rb:656:in `block (2 levels) in run_test_suites'", "C:/Ruby192/lib/ruby/1.9.1/minitest/unit.rb:650:in `each'", "C:/Ruby192/lib/ruby/1.9.1/minitest/unit.rb:650:in `block in run_test_suites'", "C:/Ruby192/lib/ruby/1.9.1/minitest/unit.rb:649:in `each'", "C:/Ruby192/lib/ruby/1.9.1/minitest/unit.rb:649:in `run_test_suites'", "C:/Ruby192/lib/ruby/1.9.1/minitest/unit.rb:609:in `run'", "C:/Ruby192/lib/ruby/1.9.1/minitest/unit.rb:508:in `block in autorun'"]
.
Finished in 960.446649 seconds.

  1) Error:
test_02_US_getcount(Test_09_US_getcount):
TypeError: can't convert nil into String
    Test_09_US_getcount.rb:543:in `+'
    Test_09_US_getcount.rb:543:in `rescue in test_02_US_getcount'
    Test_09_US_getcount.rb:39:in `test_02_US_getcount'

  2) Error:
test_04_us_getcnt_mempub(Test_09_US_getcount):
TypeError: can't convert nil into String
    Test_09_US_getcount.rb:889:in `+'
    Test_09_US_getcount.rb:889:in `rescue in test_04_us_getcnt_mempub'
    Test_09_US_getcount.rb:599:in `test_04_us_getcnt_mempub'

5 tests, 0 assertions, 0 failures, 2 errors, 0 skips

Test run options: --seed 40465
Loaded suite Test_10_CAN_getcount
Started
.Successful Login to Usampadmin
25910
119295
*** Waiting for count to load ***
************
								<tr>

0
EStarted InternetExplorerDriver server (32-bit)
2.39.0.0
Listening on port 5555
Successful Login to Usampadmin
25910
119295
.Started InternetExplorerDriver server (32-bit)
2.39.0.0
Listening on port 5556
Successful Login to Usampadmin
25910
119295
*** Waiting for count to load ***
************
<TD>Total members found: 173
173
173
EStarted InternetExplorerDriver server (32-bit)
2.39.0.0
Listening on port 5555
Successful Login to Usampadmin
25910
119295
.
Finished in 396.103474 seconds.

  1) Error:
test_02_CAN_getcount(Test_10_CAN_getcount):
Watir::Exception::UnknownObjectException: unable to locate element, using {:name=>"txtFname", :tag_name=>"input or textarea", :type=>"(any text type)"}
    C:/Ruby192/lib/ruby/gems/1.9.1/gems/watir-webdriver-0.6.1/lib/watir-webdriver/elements/element.rb:365:in `assert_exists'
    C:/Ruby192/lib/ruby/gems/1.9.1/gems/watir-webdriver-0.6.1/lib/watir-webdriver/user_editable.rb:8:in `set'
    Test_10_CAN_getcount.rb:128:in `test_02_CAN_getcount'

  2) Error:
test_04_cangetcnt_mempub(Test_10_CAN_getcount):
Watir::Exception::UnknownObjectException: unable to locate element, using {:name=>"txtFname", :tag_name=>"input or textarea", :type=>"(any text type)"}
    C:/Ruby192/lib/ruby/gems/1.9.1/gems/watir-webdriver-0.6.1/lib/watir-webdriver/elements/element.rb:365:in `assert_exists'
    C:/Ruby192/lib/ruby/gems/1.9.1/gems/watir-webdriver-0.6.1/lib/watir-webdriver/user_editable.rb:8:in `set'
    Test_10_CAN_getcount.rb:597:in `test_04_cangetcnt_mempub'

5 tests, 0 assertions, 0 failures, 2 errors, 0 skips

Test run options: --seed 22563
Loaded suite Test_11_CP_Project
Started
.Sorry! System Failed to login to Network site
..Started InternetExplorerDriver server (32-bit)
2.39.0.0
Listening on port 5555
Started InternetExplorerDriver server (32-bit)
2.39.0.0
Listening on port 5556
Started InternetExplorerDriver server (32-bit)
2.39.0.0
Listening on port 5555
.Successful Login to Usampadmin
Search Passed
Project Update passed
"Luth" not found in select list
["C:/Ruby192/lib/ruby/gems/1.9.1/gems/watir-webdriver-0.6.1/lib/watir-webdriver/elements/select.rb:216:in `no_value_found'", "C:/Ruby192/lib/ruby/gems/1.9.1/gems/watir-webdriver-0.6.1/lib/watir-webdriver/elements/select.rb:150:in `rescue in select_by_string'", "C:/Ruby192/lib/ruby/gems/1.9.1/gems/watir-webdriver-0.6.1/lib/watir-webdriver/elements/select.rb:147:in `select_by_string'", "C:/Ruby192/lib/ruby/gems/1.9.1/gems/watir-webdriver-0.6.1/lib/watir-webdriver/elements/select.rb:129:in `select_by'", "C:/Ruby192/lib/ruby/gems/1.9.1/gems/watir-webdriver-0.6.1/lib/watir-webdriver/elements/select.rb:64:in `select'", "Test_11_CP_Project.rb:370:in `test_05_cp_project_admin'", "C:/Ruby192/lib/ruby/1.9.1/minitest/unit.rb:695:in `run'", "C:/Ruby192/lib/ruby/1.9.1/minitest/unit.rb:656:in `block (2 levels) in run_test_suites'", "C:/Ruby192/lib/ruby/1.9.1/minitest/unit.rb:650:in `each'", "C:/Ruby192/lib/ruby/1.9.1/minitest/unit.rb:650:in `block in run_test_suites'", "C:/Ruby192/lib/ruby/1.9.1/minitest/unit.rb:649:in `each'", "C:/Ruby192/lib/ruby/1.9.1/minitest/unit.rb:649:in `run_test_suites'", "C:/Ruby192/lib/ruby/1.9.1/minitest/unit.rb:609:in `run'", "C:/Ruby192/lib/ruby/1.9.1/minitest/unit.rb:508:in `block in autorun'"]
.No connection could be made because the target machine actively refused it. - connect(2)
["C:/Ruby192/lib/ruby/1.9.1/net/http.rb:644:in `initialize'", "C:/Ruby192/lib/ruby/1.9.1/net/http.rb:644:in `open'", "C:/Ruby192/lib/ruby/1.9.1/net/http.rb:644:in `block in connect'", "C:/Ruby192/lib/ruby/1.9.1/timeout.rb:44:in `timeout'", "C:/Ruby192/lib/ruby/1.9.1/timeout.rb:89:in `timeout'", "C:/Ruby192/lib/ruby/1.9.1/net/http.rb:644:in `connect'", "C:/Ruby192/lib/ruby/1.9.1/net/http.rb:637:in `do_start'", "C:/Ruby192/lib/ruby/1.9.1/net/http.rb:626:in `start'", "C:/Ruby192/lib/ruby/1.9.1/net/http.rb:1168:in `request'", "C:/Ruby192/lib/ruby/gems/1.9.1/gems/selenium-webdriver-2.31.0/lib/selenium/webdriver/remote/http/default.rb:83:in `response_for'", "C:/Ruby192/lib/ruby/gems/1.9.1/gems/selenium-webdriver-2.31.0/lib/selenium/webdriver/remote/http/default.rb:39:in `request'", "C:/Ruby192/lib/ruby/gems/1.9.1/gems/selenium-webdriver-2.31.0/lib/selenium/webdriver/remote/http/common.rb:40:in `call'", "C:/Ruby192/lib/ruby/gems/1.9.1/gems/selenium-webdriver-2.31.0/lib/selenium/webdriver/remote/bridge.rb:616:in `raw_execute'", "C:/Ruby192/lib/ruby/gems/1.9.1/gems/selenium-webdriver-2.31.0/lib/selenium/webdriver/remote/bridge.rb:594:in `execute'", "C:/Ruby192/lib/ruby/gems/1.9.1/gems/selenium-webdriver-2.31.0/lib/selenium/webdriver/remote/bridge.rb:100:in `get'", "C:/Ruby192/lib/ruby/gems/1.9.1/gems/selenium-webdriver-2.31.0/lib/selenium/webdriver/common/navigation.rb:14:in `to'", "C:/Ruby192/lib/ruby/gems/1.9.1/gems/watir-webdriver-0.6.1/lib/watir-webdriver/browser.rb:63:in `goto'", "Test_11_CP_Project.rb:462:in `test_06_project_close'", "C:/Ruby192/lib/ruby/1.9.1/minitest/unit.rb:695:in `run'", "C:/Ruby192/lib/ruby/1.9.1/minitest/unit.rb:656:in `block (2 levels) in run_test_suites'", "C:/Ruby192/lib/ruby/1.9.1/minitest/unit.rb:650:in `each'", "C:/Ruby192/lib/ruby/1.9.1/minitest/unit.rb:650:in `block in run_test_suites'", "C:/Ruby192/lib/ruby/1.9.1/minitest/unit.rb:649:in `each'", "C:/Ruby192/lib/ruby/1.9.1/minitest/unit.rb:649:in `run_test_suites'", "C:/Ruby192/lib/ruby/1.9.1/minitest/unit.rb:609:in `run'", "C:/Ruby192/lib/ruby/1.9.1/minitest/unit.rb:508:in `block in autorun'"]
.
Finished in 266.079528 seconds.

6 tests, 0 assertions, 0 failures, 0 errors, 0 skips

Test run options: --seed 265
Loaded suite Test_12_CP_rule_processing
Started
.Logged it to Network site
Project created
.Supplier added
.**** 5656 *****
1
0
0
0
0
0
Timeout::Error
["C:/Ruby192/lib/ruby/1.9.1/net/protocol.rb:140:in `rescue in rbuf_fill'", "C:/Ruby192/lib/ruby/1.9.1/net/protocol.rb:134:in `rbuf_fill'", "C:/Ruby192/lib/ruby/1.9.1/net/protocol.rb:116:in `readuntil'", "C:/Ruby192/lib/ruby/1.9.1/net/protocol.rb:126:in `readline'", "C:/Ruby192/lib/ruby/1.9.1/net/http.rb:2219:in `read_status_line'", "C:/Ruby192/lib/ruby/1.9.1/net/http.rb:2208:in `read_new'", "C:/Ruby192/lib/ruby/1.9.1/net/http.rb:1191:in `transport_request'", "C:/Ruby192/lib/ruby/1.9.1/net/http.rb:1177:in `request'", "C:/Ruby192/lib/ruby/1.9.1/net/http.rb:1170:in `block in request'", "C:/Ruby192/lib/ruby/1.9.1/net/http.rb:627:in `start'", "C:/Ruby192/lib/ruby/1.9.1/net/http.rb:1168:in `request'", "C:/Ruby192/lib/ruby/gems/1.9.1/gems/selenium-webdriver-2.31.0/lib/selenium/webdriver/remote/http/default.rb:83:in `response_for'", "C:/Ruby192/lib/ruby/gems/1.9.1/gems/selenium-webdriver-2.31.0/lib/selenium/webdriver/remote/http/default.rb:39:in `request'", "C:/Ruby192/lib/ruby/gems/1.9.1/gems/selenium-webdriver-2.31.0/lib/selenium/webdriver/remote/http/common.rb:40:in `call'", "C:/Ruby192/lib/ruby/gems/1.9.1/gems/selenium-webdriver-2.31.0/lib/selenium/webdriver/remote/bridge.rb:616:in `raw_execute'", "C:/Ruby192/lib/ruby/gems/1.9.1/gems/selenium-webdriver-2.31.0/lib/selenium/webdriver/remote/bridge.rb:594:in `execute'", "C:/Ruby192/lib/ruby/gems/1.9.1/gems/selenium-webdriver-2.31.0/lib/selenium/webdriver/remote/bridge.rb:505:in `getElementText'", "C:/Ruby192/lib/ruby/gems/1.9.1/gems/selenium-webdriver-2.31.0/lib/selenium/webdriver/common/element.rb:108:in `text'", "C:/Ruby192/lib/ruby/gems/1.9.1/gems/watir-webdriver-0.6.1/lib/watir-webdriver/browser.rb:97:in `text'", "Test_12_CP_rule_processing.rb:175:in `test_04_rule_process'", "C:/Ruby192/lib/ruby/1.9.1/minitest/unit.rb:695:in `run'", "C:/Ruby192/lib/ruby/1.9.1/minitest/unit.rb:656:in `block (2 levels) in run_test_suites'", "C:/Ruby192/lib/ruby/1.9.1/minitest/unit.rb:650:in `each'", "C:/Ruby192/lib/ruby/1.9.1/minitest/unit.rb:650:in `block in run_test_suites'", "C:/Ruby192/lib/ruby/1.9.1/minitest/unit.rb:649:in `each'", "C:/Ruby192/lib/ruby/1.9.1/minitest/unit.rb:649:in `run_test_suites'", "C:/Ruby192/lib/ruby/1.9.1/minitest/unit.rb:609:in `run'", "C:/Ruby192/lib/ruby/1.9.1/minitest/unit.rb:508:in `block in autorun'"]
Ebrowser was closed
["C:/Ruby192/lib/ruby/gems/1.9.1/gems/watir-webdriver-0.6.1/lib/watir-webdriver/browser.rb:178:in `assert_exists'", "C:/Ruby192/lib/ruby/gems/1.9.1/gems/watir-webdriver-0.6.1/lib/watir-webdriver/elements/element.rb:383:in `locate'", "C:/Ruby192/lib/ruby/gems/1.9.1/gems/watir-webdriver-0.6.1/lib/watir-webdriver/elements/element.rb:362:in `assert_exists'", "C:/Ruby192/lib/ruby/gems/1.9.1/gems/watir-webdriver-0.6.1/lib/watir-webdriver/elements/element.rb:95:in `click'", "Test_12_CP_rule_processing.rb:442:in `test_05_project_close'", "C:/Ruby192/lib/ruby/1.9.1/minitest/unit.rb:695:in `run'", "C:/Ruby192/lib/ruby/1.9.1/minitest/unit.rb:656:in `block (2 levels) in run_test_suites'", "C:/Ruby192/lib/ruby/1.9.1/minitest/unit.rb:650:in `each'", "C:/Ruby192/lib/ruby/1.9.1/minitest/unit.rb:650:in `block in run_test_suites'", "C:/Ruby192/lib/ruby/1.9.1/minitest/unit.rb:649:in `each'", "C:/Ruby192/lib/ruby/1.9.1/minitest/unit.rb:649:in `run_test_suites'", "C:/Ruby192/lib/ruby/1.9.1/minitest/unit.rb:609:in `run'", "C:/Ruby192/lib/ruby/1.9.1/minitest/unit.rb:508:in `block in autorun'"]
.
Finished in 150.150234 seconds.

  1) Error:
test_04_rule_process(Test_12_CP_Rule_processing):
TypeError: can't convert nil into String
    Test_12_CP_rule_processing.rb:430:in `+'
    Test_12_CP_rule_processing.rb:430:in `rescue in test_04_rule_process'
    Test_12_CP_rule_processing.rb:93:in `test_04_rule_process'

5 tests, 0 assertions, 0 failures, 1 errors, 0 skips

Test run options: --seed 38686
Loaded suite Test_13_Curl_pixel
Started
.Successful Login to Usampadmin
*** PIXEL SETTINGS DONE  ***
.Started InternetExplorerDriver server (32-bit)
2.39.0.0
Listening on port 5555
test string
auto_test.des2014-03-07055114@mailop.com
**** Waiting for surveys to load ****
.auto_test.des2014-03-07055114@mailop.com
Successful Login to ipoll site
119295
linkMTE5Mjk1
pass
.Successful Login to Usampadmin
25910
119295
.
Finished in 308.097842 seconds.

5 tests, 0 assertions, 0 failures, 0 errors, 0 skips

Test run options: --seed 15884
Loaded suite Test_14_Traditional_pixel
Started
.Started InternetExplorerDriver server (32-bit)
2.39.0.0
Listening on port 5555
Successful Login to Usampadmin
*** PIXEL SETTINGS DONE  ***
.test string
auto_test.des2014-03-07055657@mailop.com
**** Waiting for surveys to load ****
*** Check Pixels ***
.auto_test.des2014-03-07055657@mailop.com
Successful Login to ipoll site
119295
linkMTE5Mjk1
.Started InternetExplorerDriver server (32-bit)
2.39.0.0
Listening on port 5555
Successful Login to Usampadmin
25910
119295
.auto_test.des2014-03-07055657@mailop.com
Successful Login to ipoll site
https://www.p.ipoll.com/profile.php?PrId=81e6ffeed42b6a37c045da4d35fa7943&PrLId=b656998ee46e68cc2b18f7a1f82eec4f
.Started InternetExplorerDriver server (32-bit)
2.39.0.0
Listening on port 5555
Successful Login to Usampadmin
*** PIXEL RESETTINGS DONE  ***
.
Finished in 437.449870 seconds.

7 tests, 0 assertions, 0 failures, 0 errors, 0 skips

Test run options: --seed 21478
Loaded suite Test_16_Reward_creation
Started
.Started InternetExplorerDriver server (32-bit)
2.39.0.0
Listening on port 5555
Successful Login to Usampadmin
Donation_2014-03-07 06:03:46
Don_passed
2044
.Started InternetExplorerDriver server (32-bit)
2.39.0.0
Listening on port 5556
Successful Login to Usampadmin
GIFT_CERT_2014-03-07 06:04:52
Gift_passed
2046
.Donation_2014-03-07 06:03:46
GIFT_CERT_2014-03-07 06:04:52
Successful Login to ipoll site
waiting for rewards1 to load
waiting for rewards2 to load
gift_pl_passed1
Donation
waiting for rewards3 to load
waiting for rewards4 to load
waiting for surveys5 to load
waiting for rewards6 to load
gift_pl_passed5
waiting for rewards7 to load
.
Finished in 335.896496 seconds.

4 tests, 0 assertions, 0 failures, 0 errors, 0 skips

Test run options: --seed 49874
Loaded suite Test_17_Member_data_review
Started
.Started InternetExplorerDriver server (32-bit)
2.39.0.0
Listening on port 5555
Successful Login to Usampadmin
25910
119295
QG COPIED
ESuccessful Login to ipoll site
## Waiting for surveys to load ##
can't convert nil into String
["C:/Ruby192/lib/ruby/1.9.1/base64.rb:38:in `pack'", "C:/Ruby192/lib/ruby/1.9.1/base64.rb:38:in `encode64'", "Test_17_Member_data_review.rb:178:in `test_03_member_data_review'", "C:/Ruby192/lib/ruby/1.9.1/minitest/unit.rb:695:in `run'", "C:/Ruby192/lib/ruby/1.9.1/minitest/unit.rb:656:in `block (2 levels) in run_test_suites'", "C:/Ruby192/lib/ruby/1.9.1/minitest/unit.rb:650:in `each'", "C:/Ruby192/lib/ruby/1.9.1/minitest/unit.rb:650:in `block in run_test_suites'", "C:/Ruby192/lib/ruby/1.9.1/minitest/unit.rb:649:in `each'", "C:/Ruby192/lib/ruby/1.9.1/minitest/unit.rb:649:in `run_test_suites'", "C:/Ruby192/lib/ruby/1.9.1/minitest/unit.rb:609:in `run'", "C:/Ruby192/lib/ruby/1.9.1/minitest/unit.rb:508:in `block in autorun'"]
.Successful Login to ipoll site
## Waiting for surveys to load ##
can't convert nil into String
["C:/Ruby192/lib/ruby/1.9.1/base64.rb:38:in `pack'", "C:/Ruby192/lib/ruby/1.9.1/base64.rb:38:in `encode64'", "Test_17_Member_data_review.rb:298:in `test_04_member_data_invalid'", "C:/Ruby192/lib/ruby/1.9.1/minitest/unit.rb:695:in `run'", "C:/Ruby192/lib/ruby/1.9.1/minitest/unit.rb:656:in `block (2 levels) in run_test_suites'", "C:/Ruby192/lib/ruby/1.9.1/minitest/unit.rb:650:in `each'", "C:/Ruby192/lib/ruby/1.9.1/minitest/unit.rb:650:in `block in run_test_suites'", "C:/Ruby192/lib/ruby/1.9.1/minitest/unit.rb:649:in `each'", "C:/Ruby192/lib/ruby/1.9.1/minitest/unit.rb:649:in `run_test_suites'", "C:/Ruby192/lib/ruby/1.9.1/minitest/unit.rb:609:in `run'", "C:/Ruby192/lib/ruby/1.9.1/minitest/unit.rb:508:in `block in autorun'"]
.Started InternetExplorerDriver server (32-bit)
2.39.0.0
Listening on port 5556
Successful Login to Usampadmin
25910

can't convert nil into String
["C:/Ruby192/lib/ruby/1.9.1/base64.rb:38:in `pack'", "C:/Ruby192/lib/ruby/1.9.1/base64.rb:38:in `encode64'", "Test_17_Member_data_review.rb:415:in `test_05_qg_reset'", "C:/Ruby192/lib/ruby/1.9.1/minitest/unit.rb:695:in `run'", "C:/Ruby192/lib/ruby/1.9.1/minitest/unit.rb:656:in `block (2 levels) in run_test_suites'", "C:/Ruby192/lib/ruby/1.9.1/minitest/unit.rb:650:in `each'", "C:/Ruby192/lib/ruby/1.9.1/minitest/unit.rb:650:in `block in run_test_suites'", "C:/Ruby192/lib/ruby/1.9.1/minitest/unit.rb:649:in `each'", "C:/Ruby192/lib/ruby/1.9.1/minitest/unit.rb:649:in `run_test_suites'", "C:/Ruby192/lib/ruby/1.9.1/minitest/unit.rb:609:in `run'", "C:/Ruby192/lib/ruby/1.9.1/minitest/unit.rb:508:in `block in autorun'"]
.
Finished in 316.817150 seconds.

  1) Error:
test_02_copy_qg_change_reward(Test_17_Member_data_review):
Timeout::Error: Timeout::Error
    C:/Ruby192/lib/ruby/gems/1.9.1/gems/selenium-webdriver-2.31.0/lib/selenium/webdriver/remote/http/default.rb:83:in `response_for'
    C:/Ruby192/lib/ruby/gems/1.9.1/gems/selenium-webdriver-2.31.0/lib/selenium/webdriver/remote/http/default.rb:39:in `request'
    C:/Ruby192/lib/ruby/gems/1.9.1/gems/selenium-webdriver-2.31.0/lib/selenium/webdriver/remote/http/common.rb:40:in `call'
    C:/Ruby192/lib/ruby/gems/1.9.1/gems/selenium-webdriver-2.31.0/lib/selenium/webdriver/remote/bridge.rb:616:in `raw_execute'
    C:/Ruby192/lib/ruby/gems/1.9.1/gems/selenium-webdriver-2.31.0/lib/selenium/webdriver/remote/bridge.rb:594:in `execute'
    C:/Ruby192/lib/ruby/gems/1.9.1/gems/selenium-webdriver-2.31.0/lib/selenium/webdriver/remote/bridge.rb:505:in `getElementText'
    C:/Ruby192/lib/ruby/gems/1.9.1/gems/selenium-webdriver-2.31.0/lib/selenium/webdriver/common/element.rb:108:in `text'
    C:/Ruby192/lib/ruby/gems/1.9.1/gems/watir-webdriver-0.6.1/lib/watir-webdriver/browser.rb:97:in `text'
    Test_17_Member_data_review.rb:108:in `test_02_copy_qg_change_reward'

5 tests, 0 assertions, 0 failures, 1 errors, 0 skips

Test run options: --seed 59711
Loaded suite Test_18_Publisher_bids
Started
.25910

can't convert nil into String
["C:/Ruby192/lib/ruby/1.9.1/base64.rb:38:in `pack'", "C:/Ruby192/lib/ruby/1.9.1/base64.rb:38:in `encode64'", "Test_18_Publisher_bids.rb:53:in `test_02_request_bid'", "C:/Ruby192/lib/ruby/1.9.1/minitest/unit.rb:695:in `run'", "C:/Ruby192/lib/ruby/1.9.1/minitest/unit.rb:656:in `block (2 levels) in run_test_suites'", "C:/Ruby192/lib/ruby/1.9.1/minitest/unit.rb:650:in `each'", "C:/Ruby192/lib/ruby/1.9.1/minitest/unit.rb:650:in `block in run_test_suites'", "C:/Ruby192/lib/ruby/1.9.1/minitest/unit.rb:649:in `each'", "C:/Ruby192/lib/ruby/1.9.1/minitest/unit.rb:649:in `run_test_suites'", "C:/Ruby192/lib/ruby/1.9.1/minitest/unit.rb:609:in `run'", "C:/Ruby192/lib/ruby/1.9.1/minitest/unit.rb:508:in `block in autorun'"]
ELogged it to Network site
Pass
.Started InternetExplorerDriver server (32-bit)
2.39.0.0
Listening on port 5555
Successful Login to Usampadmin
Modal dialog present
["C:/Ruby192/lib/ruby/gems/1.9.1/gems/selenium-webdriver-2.31.0/lib/selenium/webdriver/remote/response.rb:52:in `assert_ok'", "C:/Ruby192/lib/ruby/gems/1.9.1/gems/selenium-webdriver-2.31.0/lib/selenium/webdriver/remote/response.rb:15:in `initialize'", "C:/Ruby192/lib/ruby/gems/1.9.1/gems/selenium-webdriver-2.31.0/lib/selenium/webdriver/remote/http/common.rb:59:in `new'", "C:/Ruby192/lib/ruby/gems/1.9.1/gems/selenium-webdriver-2.31.0/lib/selenium/webdriver/remote/http/common.rb:59:in `create_response'", "C:/Ruby192/lib/ruby/gems/1.9.1/gems/selenium-webdriver-2.31.0/lib/selenium/webdriver/remote/http/default.rb:66:in `request'", "C:/Ruby192/lib/ruby/gems/1.9.1/gems/selenium-webdriver-2.31.0/lib/selenium/webdriver/remote/http/common.rb:40:in `call'", "C:/Ruby192/lib/ruby/gems/1.9.1/gems/selenium-webdriver-2.31.0/lib/selenium/webdriver/remote/bridge.rb:616:in `raw_execute'", "C:/Ruby192/lib/ruby/gems/1.9.1/gems/selenium-webdriver-2.31.0/lib/selenium/webdriver/remote/bridge.rb:594:in `execute'", "C:/Ruby192/lib/ruby/gems/1.9.1/gems/selenium-webdriver-2.31.0/lib/selenium/webdriver/remote/bridge.rb:156:in `getCurrentUrl'", "C:/Ruby192/lib/ruby/gems/1.9.1/gems/selenium-webdriver-2.31.0/lib/selenium/webdriver/common/driver.rb:120:in `current_url'", "C:/Ruby192/lib/ruby/gems/1.9.1/gems/watir-webdriver-0.6.1/lib/watir-webdriver/browser.rb:78:in `url'", "C:/Ruby192/lib/ruby/gems/1.9.1/gems/watir-webdriver-0.6.1/lib/watir-webdriver/browser.rb:66:in `goto'", "Test_18_Publisher_bids.rb:165:in `test_04_check_admin'", "C:/Ruby192/lib/ruby/1.9.1/minitest/unit.rb:695:in `run'", "C:/Ruby192/lib/ruby/1.9.1/minitest/unit.rb:656:in `block (2 levels) in run_test_suites'", "C:/Ruby192/lib/ruby/1.9.1/minitest/unit.rb:650:in `each'", "C:/Ruby192/lib/ruby/1.9.1/minitest/unit.rb:650:in `block in run_test_suites'", "C:/Ruby192/lib/ruby/1.9.1/minitest/unit.rb:649:in `each'", "C:/Ruby192/lib/ruby/1.9.1/minitest/unit.rb:649:in `run_test_suites'", "C:/Ruby192/lib/ruby/1.9.1/minitest/unit.rb:609:in `run'", "C:/Ruby192/lib/ruby/1.9.1/minitest/unit.rb:508:in `block in autorun'"]
.Started InternetExplorerDriver server (32-bit)
2.39.0.0
Listening on port 5555
Successful Login to Usampadmin
Modal dialog present
["C:/Ruby192/lib/ruby/gems/1.9.1/gems/selenium-webdriver-2.31.0/lib/selenium/webdriver/remote/response.rb:52:in `assert_ok'", "C:/Ruby192/lib/ruby/gems/1.9.1/gems/selenium-webdriver-2.31.0/lib/selenium/webdriver/remote/response.rb:15:in `initialize'", "C:/Ruby192/lib/ruby/gems/1.9.1/gems/selenium-webdriver-2.31.0/lib/selenium/webdriver/remote/http/common.rb:59:in `new'", "C:/Ruby192/lib/ruby/gems/1.9.1/gems/selenium-webdriver-2.31.0/lib/selenium/webdriver/remote/http/common.rb:59:in `create_response'", "C:/Ruby192/lib/ruby/gems/1.9.1/gems/selenium-webdriver-2.31.0/lib/selenium/webdriver/remote/http/default.rb:66:in `request'", "C:/Ruby192/lib/ruby/gems/1.9.1/gems/selenium-webdriver-2.31.0/lib/selenium/webdriver/remote/http/common.rb:40:in `call'", "C:/Ruby192/lib/ruby/gems/1.9.1/gems/selenium-webdriver-2.31.0/lib/selenium/webdriver/remote/bridge.rb:616:in `raw_execute'", "C:/Ruby192/lib/ruby/gems/1.9.1/gems/selenium-webdriver-2.31.0/lib/selenium/webdriver/remote/bridge.rb:594:in `execute'", "C:/Ruby192/lib/ruby/gems/1.9.1/gems/selenium-webdriver-2.31.0/lib/selenium/webdriver/remote/bridge.rb:156:in `getCurrentUrl'", "C:/Ruby192/lib/ruby/gems/1.9.1/gems/selenium-webdriver-2.31.0/lib/selenium/webdriver/common/driver.rb:120:in `current_url'", "C:/Ruby192/lib/ruby/gems/1.9.1/gems/watir-webdriver-0.6.1/lib/watir-webdriver/browser.rb:78:in `url'", "C:/Ruby192/lib/ruby/gems/1.9.1/gems/watir-webdriver-0.6.1/lib/watir-webdriver/browser.rb:66:in `goto'", "Test_18_Publisher_bids.rb:209:in `test_05_request_second_bid'", "C:/Ruby192/lib/ruby/1.9.1/minitest/unit.rb:695:in `run'", "C:/Ruby192/lib/ruby/1.9.1/minitest/unit.rb:656:in `block (2 levels) in run_test_suites'", "C:/Ruby192/lib/ruby/1.9.1/minitest/unit.rb:650:in `each'", "C:/Ruby192/lib/ruby/1.9.1/minitest/unit.rb:650:in `block in run_test_suites'", "C:/Ruby192/lib/ruby/1.9.1/minitest/unit.rb:649:in `each'", "C:/Ruby192/lib/ruby/1.9.1/minitest/unit.rb:649:in `run_test_suites'", "C:/Ruby192/lib/ruby/1.9.1/minitest/unit.rb:609:in `run'", "C:/Ruby192/lib/ruby/1.9.1/minitest/unit.rb:508:in `block in autorun'"]
.Logged it to Network site
unable to locate element, using {:href=>/bid_live_projects_email.php/, :tag_name=>"a"}
["C:/Ruby192/lib/ruby/gems/1.9.1/gems/watir-webdriver-0.6.1/lib/watir-webdriver/elements/element.rb:365:in `assert_exists'", "C:/Ruby192/lib/ruby/gems/1.9.1/gems/watir-webdriver-0.6.1/lib/watir-webdriver/elements/element.rb:95:in `click'", "Test_18_Publisher_bids.rb:265:in `test_06_respond_bid'", "C:/Ruby192/lib/ruby/1.9.1/minitest/unit.rb:695:in `run'", "C:/Ruby192/lib/ruby/1.9.1/minitest/unit.rb:656:in `block (2 levels) in run_test_suites'", "C:/Ruby192/lib/ruby/1.9.1/minitest/unit.rb:650:in `each'", "C:/Ruby192/lib/ruby/1.9.1/minitest/unit.rb:650:in `block in run_test_suites'", "C:/Ruby192/lib/ruby/1.9.1/minitest/unit.rb:649:in `each'", "C:/Ruby192/lib/ruby/1.9.1/minitest/unit.rb:649:in `run_test_suites'", "C:/Ruby192/lib/ruby/1.9.1/minitest/unit.rb:609:in `run'", "C:/Ruby192/lib/ruby/1.9.1/minitest/unit.rb:508:in `block in autorun'"]
.Started InternetExplorerDriver server (32-bit)
2.39.0.0
Listening on port 5555
Successful Login to Usampadmin
Modal dialog present
["C:/Ruby192/lib/ruby/gems/1.9.1/gems/selenium-webdriver-2.31.0/lib/selenium/webdriver/remote/response.rb:52:in `assert_ok'", "C:/Ruby192/lib/ruby/gems/1.9.1/gems/selenium-webdriver-2.31.0/lib/selenium/webdriver/remote/response.rb:15:in `initialize'", "C:/Ruby192/lib/ruby/gems/1.9.1/gems/selenium-webdriver-2.31.0/lib/selenium/webdriver/remote/http/common.rb:59:in `new'", "C:/Ruby192/lib/ruby/gems/1.9.1/gems/selenium-webdriver-2.31.0/lib/selenium/webdriver/remote/http/common.rb:59:in `create_response'", "C:/Ruby192/lib/ruby/gems/1.9.1/gems/selenium-webdriver-2.31.0/lib/selenium/webdriver/remote/http/default.rb:66:in `request'", "C:/Ruby192/lib/ruby/gems/1.9.1/gems/selenium-webdriver-2.31.0/lib/selenium/webdriver/remote/http/common.rb:40:in `call'", "C:/Ruby192/lib/ruby/gems/1.9.1/gems/selenium-webdriver-2.31.0/lib/selenium/webdriver/remote/bridge.rb:616:in `raw_execute'", "C:/Ruby192/lib/ruby/gems/1.9.1/gems/selenium-webdriver-2.31.0/lib/selenium/webdriver/remote/bridge.rb:594:in `execute'", "C:/Ruby192/lib/ruby/gems/1.9.1/gems/selenium-webdriver-2.31.0/lib/selenium/webdriver/remote/bridge.rb:156:in `getCurrentUrl'", "C:/Ruby192/lib/ruby/gems/1.9.1/gems/selenium-webdriver-2.31.0/lib/selenium/webdriver/common/driver.rb:120:in `current_url'", "C:/Ruby192/lib/ruby/gems/1.9.1/gems/watir-webdriver-0.6.1/lib/watir-webdriver/browser.rb:78:in `url'", "C:/Ruby192/lib/ruby/gems/1.9.1/gems/watir-webdriver-0.6.1/lib/watir-webdriver/browser.rb:66:in `goto'", "Test_18_Publisher_bids.rb:307:in `test_07_check_admin'", "C:/Ruby192/lib/ruby/1.9.1/minitest/unit.rb:695:in `run'", "C:/Ruby192/lib/ruby/1.9.1/minitest/unit.rb:656:in `block (2 levels) in run_test_suites'", "C:/Ruby192/lib/ruby/1.9.1/minitest/unit.rb:650:in `each'", "C:/Ruby192/lib/ruby/1.9.1/minitest/unit.rb:650:in `block in run_test_suites'", "C:/Ruby192/lib/ruby/1.9.1/minitest/unit.rb:649:in `each'", "C:/Ruby192/lib/ruby/1.9.1/minitest/unit.rb:649:in `run_test_suites'", "C:/Ruby192/lib/ruby/1.9.1/minitest/unit.rb:609:in `run'", "C:/Ruby192/lib/ruby/1.9.1/minitest/unit.rb:508:in `block in autorun'"]
.
Finished in 212.138576 seconds.

  1) Error:
test_02_request_bid(Test_18_Publisher_bid):
NoMethodError: undefined method `close' for nil:NilClass
    Test_18_Publisher_bids.rb:108:in `rescue in test_02_request_bid'
    Test_18_Publisher_bids.rb:40:in `test_02_request_bid'

7 tests, 0 assertions, 0 failures, 1 errors, 0 skips

Test run options: --seed 32107
Loaded suite Test_19_Virtual_currency_reflection
Started
.Started InternetExplorerDriver server (32-bit)
2.39.0.0
Listening on port 5555
Successful Login to Usampadmin
unable to locate element, using {:name=>"txtEmail", :tag_name=>"input or textarea", :type=>"(any text type)"}
["C:/Ruby192/lib/ruby/gems/1.9.1/gems/watir-webdriver-0.6.1/lib/watir-webdriver/elements/element.rb:365:in `assert_exists'", "C:/Ruby192/lib/ruby/gems/1.9.1/gems/watir-webdriver-0.6.1/lib/watir-webdriver/user_editable.rb:8:in `set'", "D:/IMPROVED_CODE_AAMIR/Usamp_lib.rb:164:in `Focusline_login'", "Test_19_Virtual_currency_reflection.rb:53:in `test_02_virt_currency_V1'", "C:/Ruby192/lib/ruby/1.9.1/minitest/unit.rb:695:in `run'", "C:/Ruby192/lib/ruby/1.9.1/minitest/unit.rb:656:in `block (2 levels) in run_test_suites'", "C:/Ruby192/lib/ruby/1.9.1/minitest/unit.rb:650:in `each'", "C:/Ruby192/lib/ruby/1.9.1/minitest/unit.rb:650:in `block in run_test_suites'", "C:/Ruby192/lib/ruby/1.9.1/minitest/unit.rb:649:in `each'", "C:/Ruby192/lib/ruby/1.9.1/minitest/unit.rb:649:in `run_test_suites'", "C:/Ruby192/lib/ruby/1.9.1/minitest/unit.rb:609:in `run'", "C:/Ruby192/lib/ruby/1.9.1/minitest/unit.rb:508:in `block in autorun'"]
EStarted InternetExplorerDriver server (32-bit)
2.39.0.0
Listening on port 5556
Successful Login to Usampadmin
unable to locate element, using {:name=>"txtEmail", :tag_name=>"input or textarea", :type=>"(any text type)"}
["C:/Ruby192/lib/ruby/gems/1.9.1/gems/watir-webdriver-0.6.1/lib/watir-webdriver/elements/element.rb:365:in `assert_exists'", "C:/Ruby192/lib/ruby/gems/1.9.1/gems/watir-webdriver-0.6.1/lib/watir-webdriver/user_editable.rb:8:in `set'", "D:/IMPROVED_CODE_AAMIR/Usamp_lib.rb:164:in `Focusline_login'", "Test_19_Virtual_currency_reflection.rb:106:in `test_03_virt_currency_V2'", "C:/Ruby192/lib/ruby/1.9.1/minitest/unit.rb:695:in `run'", "C:/Ruby192/lib/ruby/1.9.1/minitest/unit.rb:656:in `block (2 levels) in run_test_suites'", "C:/Ruby192/lib/ruby/1.9.1/minitest/unit.rb:650:in `each'", "C:/Ruby192/lib/ruby/1.9.1/minitest/unit.rb:650:in `block in run_test_suites'", "C:/Ruby192/lib/ruby/1.9.1/minitest/unit.rb:649:in `each'", "C:/Ruby192/lib/ruby/1.9.1/minitest/unit.rb:649:in `run_test_suites'", "C:/Ruby192/lib/ruby/1.9.1/minitest/unit.rb:609:in `run'", "C:/Ruby192/lib/ruby/1.9.1/minitest/unit.rb:508:in `block in autorun'"]
EStarted InternetExplorerDriver server (32-bit)
2.39.0.0
Listening on port 5557
Successful Login to Usampadmin
.
Finished in 145.759328 seconds.

  1) Error:
test_02_virt_currency_V1(Test_19_Virtual_currency_reflection):
NoMethodError: undefined method `close' for nil:NilClass
    Test_19_Virtual_currency_reflection.rb:81:in `rescue in test_02_virt_currency_V1'
    Test_19_Virtual_currency_reflection.rb:38:in `test_02_virt_currency_V1'

  2) Error:
test_03_virt_currency_V2(Test_19_Virtual_currency_reflection):
NoMethodError: undefined method `close' for nil:NilClass
    Test_19_Virtual_currency_reflection.rb:132:in `rescue in test_03_virt_currency_V2'
    Test_19_Virtual_currency_reflection.rb:93:in `test_03_virt_currency_V2'

4 tests, 0 assertions, 0 failures, 2 errors, 0 skips

Test run options: --seed 38856
Loaded suite Test_20_Custom_reward
Started
.Started InternetExplorerDriver server (32-bit)
2.39.0.0
Listening on port 5555
Successful Login to Usampadmin
unable to locate element, using {:name=>"txtEmail", :tag_name=>"input or textarea", :type=>"(any text type)"}
["C:/Ruby192/lib/ruby/gems/1.9.1/gems/watir-webdriver-0.6.1/lib/watir-webdriver/elements/element.rb:365:in `assert_exists'", "C:/Ruby192/lib/ruby/gems/1.9.1/gems/watir-webdriver-0.6.1/lib/watir-webdriver/user_editable.rb:8:in `set'", "D:/IMPROVED_CODE_AAMIR/Usamp_lib.rb:164:in `Focusline_login'", "Test_20_Custom_reward.rb:52:in `test_02_custom_reward'", "C:/Ruby192/lib/ruby/1.9.1/minitest/unit.rb:695:in `run'", "C:/Ruby192/lib/ruby/1.9.1/minitest/unit.rb:656:in `block (2 levels) in run_test_suites'", "C:/Ruby192/lib/ruby/1.9.1/minitest/unit.rb:650:in `each'", "C:/Ruby192/lib/ruby/1.9.1/minitest/unit.rb:650:in `block in run_test_suites'", "C:/Ruby192/lib/ruby/1.9.1/minitest/unit.rb:649:in `each'", "C:/Ruby192/lib/ruby/1.9.1/minitest/unit.rb:649:in `run_test_suites'", "C:/Ruby192/lib/ruby/1.9.1/minitest/unit.rb:609:in `run'", "C:/Ruby192/lib/ruby/1.9.1/minitest/unit.rb:508:in `block in autorun'"]
E
Finished in 43.299646 seconds.

  1) Error:
test_02_custom_reward(Test_20_Custom_reward):
TypeError: can't convert nil into String
    Test_20_Custom_reward.rb:87:in `+'
    Test_20_Custom_reward.rb:87:in `rescue in test_02_custom_reward'
    Test_20_Custom_reward.rb:38:in `test_02_custom_reward'

2 tests, 0 assertions, 0 failures, 1 errors, 0 skips

Test run options: --seed 63858
Loaded suite Test_21_Registration_management
Started
.COUNTRY/LANGUAGE DOES NOT EXIST
FAIL - STEP 1 PAGE
FAIL - STEP 2 PAGE
.Started InternetExplorerDriver server (32-bit)
2.39.0.0
Listening on port 5555
Successful Login to Usampadmin
Element is no longer valid
["C:/Ruby192/lib/ruby/gems/1.9.1/gems/selenium-webdriver-2.31.0/lib/selenium/webdriver/remote/response.rb:52:in `assert_ok'", "C:/Ruby192/lib/ruby/gems/1.9.1/gems/selenium-webdriver-2.31.0/lib/selenium/webdriver/remote/response.rb:15:in `initialize'", "C:/Ruby192/lib/ruby/gems/1.9.1/gems/selenium-webdriver-2.31.0/lib/selenium/webdriver/remote/http/common.rb:59:in `new'", "C:/Ruby192/lib/ruby/gems/1.9.1/gems/selenium-webdriver-2.31.0/lib/selenium/webdriver/remote/http/common.rb:59:in `create_response'", "C:/Ruby192/lib/ruby/gems/1.9.1/gems/selenium-webdriver-2.31.0/lib/selenium/webdriver/remote/http/default.rb:66:in `request'", "C:/Ruby192/lib/ruby/gems/1.9.1/gems/selenium-webdriver-2.31.0/lib/selenium/webdriver/remote/http/common.rb:40:in `call'", "C:/Ruby192/lib/ruby/gems/1.9.1/gems/selenium-webdriver-2.31.0/lib/selenium/webdriver/remote/bridge.rb:616:in `raw_execute'", "C:/Ruby192/lib/ruby/gems/1.9.1/gems/selenium-webdriver-2.31.0/lib/selenium/webdriver/remote/bridge.rb:594:in `execute'", "C:/Ruby192/lib/ruby/gems/1.9.1/gems/selenium-webdriver-2.31.0/lib/selenium/webdriver/remote/bridge.rb:531:in `isElementSelected'", "C:/Ruby192/lib/ruby/gems/1.9.1/gems/selenium-webdriver-2.31.0/lib/selenium/webdriver/common/element.rb:161:in `selected?'", "C:/Ruby192/lib/ruby/gems/1.9.1/gems/watir-webdriver-0.6.1/lib/watir-webdriver/elements/checkbox.rb:36:in `set?'", "Test_21_Registration_management.rb:176:in `test_03_make_spec_registration_settings_in_admin'", "C:/Ruby192/lib/ruby/1.9.1/minitest/unit.rb:695:in `run'", "C:/Ruby192/lib/ruby/1.9.1/minitest/unit.rb:656:in `block (2 levels) in run_test_suites'", "C:/Ruby192/lib/ruby/1.9.1/minitest/unit.rb:650:in `each'", "C:/Ruby192/lib/ruby/1.9.1/minitest/unit.rb:650:in `block in run_test_suites'", "C:/Ruby192/lib/ruby/1.9.1/minitest/unit.rb:649:in `each'", "C:/Ruby192/lib/ruby/1.9.1/minitest/unit.rb:649:in `run_test_suites'", "C:/Ruby192/lib/ruby/1.9.1/minitest/unit.rb:609:in `run'", "C:/Ruby192/lib/ruby/1.9.1/minitest/unit.rb:508:in `block in autorun'"]
.PASS
"Dikhil" not found in select list
["C:/Ruby192/lib/ruby/gems/1.9.1/gems/watir-webdriver-0.6.1/lib/watir-webdriver/elements/select.rb:216:in `no_value_found'", "C:/Ruby192/lib/ruby/gems/1.9.1/gems/watir-webdriver-0.6.1/lib/watir-webdriver/elements/select.rb:150:in `rescue in select_by_string'", "C:/Ruby192/lib/ruby/gems/1.9.1/gems/watir-webdriver-0.6.1/lib/watir-webdriver/elements/select.rb:147:in `select_by_string'", "C:/Ruby192/lib/ruby/gems/1.9.1/gems/watir-webdriver-0.6.1/lib/watir-webdriver/elements/select.rb:129:in `select_by'", "C:/Ruby192/lib/ruby/gems/1.9.1/gems/watir-webdriver-0.6.1/lib/watir-webdriver/elements/select.rb:64:in `select'", "Test_21_Registration_management.rb:229:in `test_04_check_registration_after_new_settings'", "C:/Ruby192/lib/ruby/1.9.1/minitest/unit.rb:695:in `run'", "C:/Ruby192/lib/ruby/1.9.1/minitest/unit.rb:656:in `block (2 levels) in run_test_suites'", "C:/Ruby192/lib/ruby/1.9.1/minitest/unit.rb:650:in `each'", "C:/Ruby192/lib/ruby/1.9.1/minitest/unit.rb:650:in `block in run_test_suites'", "C:/Ruby192/lib/ruby/1.9.1/minitest/unit.rb:649:in `each'", "C:/Ruby192/lib/ruby/1.9.1/minitest/unit.rb:649:in `run_test_suites'", "C:/Ruby192/lib/ruby/1.9.1/minitest/unit.rb:609:in `run'", "C:/Ruby192/lib/ruby/1.9.1/minitest/unit.rb:508:in `block in autorun'"]
.Started InternetExplorerDriver server (32-bit)
2.39.0.0
Listening on port 5555
Successful Login to Usampadmin
PASS
.
Finished in 160.588402 seconds.

5 tests, 0 assertions, 0 failures, 0 errors, 0 skips

Test run options: --seed 21879
Loaded suite Test_22_Profile_redirection_on_signup
Started
.Successful Login to Usampadmin
unable to locate element, using {:name=>"txtFname", :tag_name=>"input or textarea", :type=>"(any text type)"}
["C:/Ruby192/lib/ruby/gems/1.9.1/gems/watir-webdriver-0.6.1/lib/watir-webdriver/elements/element.rb:365:in `assert_exists'", "C:/Ruby192/lib/ruby/gems/1.9.1/gems/watir-webdriver-0.6.1/lib/watir-webdriver/user_editable.rb:8:in `set'", "Test_22_Profile_redirection_on_signup.rb:76:in `test_02_prof_redirection'", "C:/Ruby192/lib/ruby/1.9.1/minitest/unit.rb:695:in `run'", "C:/Ruby192/lib/ruby/1.9.1/minitest/unit.rb:656:in `block (2 levels) in run_test_suites'", "C:/Ruby192/lib/ruby/1.9.1/minitest/unit.rb:650:in `each'", "C:/Ruby192/lib/ruby/1.9.1/minitest/unit.rb:650:in `block in run_test_suites'", "C:/Ruby192/lib/ruby/1.9.1/minitest/unit.rb:649:in `each'", "C:/Ruby192/lib/ruby/1.9.1/minitest/unit.rb:649:in `run_test_suites'", "C:/Ruby192/lib/ruby/1.9.1/minitest/unit.rb:609:in `run'", "C:/Ruby192/lib/ruby/1.9.1/minitest/unit.rb:508:in `block in autorun'"]
.Started InternetExplorerDriver server (32-bit)
2.39.0.0
Listening on port 5555
Successful Login to Usampadmin
unable to locate element, using {:name=>"txtFname", :tag_name=>"input or textarea", :type=>"(any text type)"}
["C:/Ruby192/lib/ruby/gems/1.9.1/gems/watir-webdriver-0.6.1/lib/watir-webdriver/elements/element.rb:365:in `assert_exists'", "C:/Ruby192/lib/ruby/gems/1.9.1/gems/watir-webdriver-0.6.1/lib/watir-webdriver/user_editable.rb:8:in `set'", "Test_22_Profile_redirection_on_signup.rb:178:in `test_03_dashboard_redirection'", "C:/Ruby192/lib/ruby/1.9.1/minitest/unit.rb:695:in `run'", "C:/Ruby192/lib/ruby/1.9.1/minitest/unit.rb:656:in `block (2 levels) in run_test_suites'", "C:/Ruby192/lib/ruby/1.9.1/minitest/unit.rb:650:in `each'", "C:/Ruby192/lib/ruby/1.9.1/minitest/unit.rb:650:in `block in run_test_suites'", "C:/Ruby192/lib/ruby/1.9.1/minitest/unit.rb:649:in `each'", "C:/Ruby192/lib/ruby/1.9.1/minitest/unit.rb:649:in `run_test_suites'", "C:/Ruby192/lib/ruby/1.9.1/minitest/unit.rb:609:in `run'", "C:/Ruby192/lib/ruby/1.9.1/minitest/unit.rb:508:in `block in autorun'"]
.
Finished in 104.481252 seconds.

3 tests, 0 assertions, 0 failures, 0 errors, 0 skips

Test run options: --seed 63449
Loaded suite Test_23_Request_cash_out
Started
.GIFT_CERT_2014-03-07 06:04:52
Successful Login to ipoll site
unable to locate element, using {:name=>"btnCashOut", :tag_name=>"button"}
["C:/Ruby192/lib/ruby/gems/1.9.1/gems/watir-webdriver-0.6.1/lib/watir-webdriver/elements/element.rb:365:in `assert_exists'", "C:/Ruby192/lib/ruby/gems/1.9.1/gems/watir-webdriver-0.6.1/lib/watir-webdriver/elements/element.rb:95:in `click'", "Test_23_Request_cash_out.rb:63:in `test_02_request_gift_cert'", "C:/Ruby192/lib/ruby/1.9.1/minitest/unit.rb:695:in `run'", "C:/Ruby192/lib/ruby/1.9.1/minitest/unit.rb:656:in `block (2 levels) in run_test_suites'", "C:/Ruby192/lib/ruby/1.9.1/minitest/unit.rb:650:in `each'", "C:/Ruby192/lib/ruby/1.9.1/minitest/unit.rb:650:in `block in run_test_suites'", "C:/Ruby192/lib/ruby/1.9.1/minitest/unit.rb:649:in `each'", "C:/Ruby192/lib/ruby/1.9.1/minitest/unit.rb:649:in `run_test_suites'", "C:/Ruby192/lib/ruby/1.9.1/minitest/unit.rb:609:in `run'", "C:/Ruby192/lib/ruby/1.9.1/minitest/unit.rb:508:in `block in autorun'"]
EDonation_2014-03-07 06:03:46
Successful Login to ipoll site
Pass
.Donation_2014-03-07 06:03:46
GIFT_CERT_2014-03-07 06:04:52
Successful Login to ipoll site
.GIFT_CERT_2014-03-07 06:04:52
Successful Login to ipoll site
unable to locate element, using {:id=>"btnCashOut", :tag_name=>"button"}
["C:/Ruby192/lib/ruby/gems/1.9.1/gems/watir-webdriver-0.6.1/lib/watir-webdriver/elements/element.rb:365:in `assert_exists'", "C:/Ruby192/lib/ruby/gems/1.9.1/gems/watir-webdriver-0.6.1/lib/watir-webdriver/elements/element.rb:95:in `click'", "Test_23_Request_cash_out.rb:245:in `test_05_request_gift_cert_for_rejection_later'", "C:/Ruby192/lib/ruby/1.9.1/minitest/unit.rb:695:in `run'", "C:/Ruby192/lib/ruby/1.9.1/minitest/unit.rb:656:in `block (2 levels) in run_test_suites'", "C:/Ruby192/lib/ruby/1.9.1/minitest/unit.rb:650:in `each'", "C:/Ruby192/lib/ruby/1.9.1/minitest/unit.rb:650:in `block in run_test_suites'", "C:/Ruby192/lib/ruby/1.9.1/minitest/unit.rb:649:in `each'", "C:/Ruby192/lib/ruby/1.9.1/minitest/unit.rb:649:in `run_test_suites'", "C:/Ruby192/lib/ruby/1.9.1/minitest/unit.rb:609:in `run'", "C:/Ruby192/lib/ruby/1.9.1/minitest/unit.rb:508:in `block in autorun'"]
.Donation_2014-03-07 06:03:46
Successful Login to ipoll site
unable to locate element, using {:id=>"btnCashOut", :tag_name=>"button"}
["C:/Ruby192/lib/ruby/gems/1.9.1/gems/watir-webdriver-0.6.1/lib/watir-webdriver/elements/element.rb:365:in `assert_exists'", "C:/Ruby192/lib/ruby/gems/1.9.1/gems/watir-webdriver-0.6.1/lib/watir-webdriver/elements/element.rb:95:in `click'", "Test_23_Request_cash_out.rb:287:in `test_06_request_donation_for_rejection_later'", "C:/Ruby192/lib/ruby/1.9.1/minitest/unit.rb:695:in `run'", "C:/Ruby192/lib/ruby/1.9.1/minitest/unit.rb:656:in `block (2 levels) in run_test_suites'", "C:/Ruby192/lib/ruby/1.9.1/minitest/unit.rb:650:in `each'", "C:/Ruby192/lib/ruby/1.9.1/minitest/unit.rb:650:in `block in run_test_suites'", "C:/Ruby192/lib/ruby/1.9.1/minitest/unit.rb:649:in `each'", "C:/Ruby192/lib/ruby/1.9.1/minitest/unit.rb:649:in `run_test_suites'", "C:/Ruby192/lib/ruby/1.9.1/minitest/unit.rb:609:in `run'", "C:/Ruby192/lib/ruby/1.9.1/minitest/unit.rb:508:in `block in autorun'"]
.
Finished in 420.738656 seconds.

  1) Error:
test_02_request_gift_cert(Test_23_Request_cash_out):
TypeError: can't convert nil into String
    Test_23_Request_cash_out.rb:83:in `+'
    Test_23_Request_cash_out.rb:83:in `rescue in test_02_request_gift_cert'
    Test_23_Request_cash_out.rb:44:in `test_02_request_gift_cert'

6 tests, 0 assertions, 0 failures, 1 errors, 0 skips

Test run options: --seed 44889
Loaded suite Test_24_Survey_redirection
Started
.Started InternetExplorerDriver server (32-bit)
2.39.0.0
Listening on port 5555
Successful Login to Usampadmin
25910
119295
.Started InternetExplorerDriver server (32-bit)
2.39.0.0
Listening on port 5555
Successful Login to Usampadmin
.unable to locate element, using {:name=>"txtEmail", :tag_name=>"input or textarea", :type=>"(any text type)"}
["C:/Ruby192/lib/ruby/gems/1.9.1/gems/watir-webdriver-0.6.1/lib/watir-webdriver/elements/element.rb:365:in `assert_exists'", "C:/Ruby192/lib/ruby/gems/1.9.1/gems/watir-webdriver-0.6.1/lib/watir-webdriver/user_editable.rb:8:in `set'", "D:/IMPROVED_CODE_AAMIR/Usamp_lib.rb:164:in `Focusline_login'", "Test_24_Survey_redirection.rb:131:in `test_04_std_redirection'", "C:/Ruby192/lib/ruby/1.9.1/minitest/unit.rb:695:in `run'", "C:/Ruby192/lib/ruby/1.9.1/minitest/unit.rb:656:in `block (2 levels) in run_test_suites'", "C:/Ruby192/lib/ruby/1.9.1/minitest/unit.rb:650:in `each'", "C:/Ruby192/lib/ruby/1.9.1/minitest/unit.rb:650:in `block in run_test_suites'", "C:/Ruby192/lib/ruby/1.9.1/minitest/unit.rb:649:in `each'", "C:/Ruby192/lib/ruby/1.9.1/minitest/unit.rb:649:in `run_test_suites'", "C:/Ruby192/lib/ruby/1.9.1/minitest/unit.rb:609:in `run'", "C:/Ruby192/lib/ruby/1.9.1/minitest/unit.rb:508:in `block in autorun'"]
EStarted InternetExplorerDriver server (32-bit)
2.39.0.0
Listening on port 5555
Successful Login to Usampadmin
.unable to locate element, using {:name=>"txtEmail", :tag_name=>"input or textarea", :type=>"(any text type)"}
["C:/Ruby192/lib/ruby/gems/1.9.1/gems/watir-webdriver-0.6.1/lib/watir-webdriver/elements/element.rb:365:in `assert_exists'", "C:/Ruby192/lib/ruby/gems/1.9.1/gems/watir-webdriver-0.6.1/lib/watir-webdriver/user_editable.rb:8:in `set'", "D:/IMPROVED_CODE_AAMIR/Usamp_lib.rb:164:in `Focusline_login'", "Test_24_Survey_redirection.rb:203:in `test_06_iframe_redirection'", "C:/Ruby192/lib/ruby/1.9.1/minitest/unit.rb:695:in `run'", "C:/Ruby192/lib/ruby/1.9.1/minitest/unit.rb:656:in `block (2 levels) in run_test_suites'", "C:/Ruby192/lib/ruby/1.9.1/minitest/unit.rb:650:in `each'", "C:/Ruby192/lib/ruby/1.9.1/minitest/unit.rb:650:in `block in run_test_suites'", "C:/Ruby192/lib/ruby/1.9.1/minitest/unit.rb:649:in `each'", "C:/Ruby192/lib/ruby/1.9.1/minitest/unit.rb:649:in `run_test_suites'", "C:/Ruby192/lib/ruby/1.9.1/minitest/unit.rb:609:in `run'", "C:/Ruby192/lib/ruby/1.9.1/minitest/unit.rb:508:in `block in autorun'"]
EStarted InternetExplorerDriver server (32-bit)
2.39.0.0
Listening on port 5555
Successful Login to Usampadmin
.Started InternetExplorerDriver server (32-bit)
2.39.0.0
Listening on port 5555
Successful Login to Usampadmin
25910
119295
.
Finished in 395.282436 seconds.

  1) Error:
test_04_std_redirection(Test_24_Survey_redirection):
TypeError: can't convert nil into String
    Test_24_Survey_redirection.rb:166:in `+'
    Test_24_Survey_redirection.rb:166:in `rescue in test_04_std_redirection'
    Test_24_Survey_redirection.rb:128:in `test_04_std_redirection'

  2) Error:
test_06_iframe_redirection(Test_24_Survey_redirection):
NoMethodError: undefined method `close' for nil:NilClass
    Test_24_Survey_redirection.rb:237:in `rescue in test_06_iframe_redirection'
    Test_24_Survey_redirection.rb:202:in `test_06_iframe_redirection'

8 tests, 0 assertions, 0 failures, 2 errors, 0 skips

Test run options: --seed 47842
Loaded suite Test_27_Dashboard_on_off
Started
.119295
Started InternetExplorerDriver server (32-bit)
2.39.0.0
Listening on port 5555
Successful Login to Usampadmin
Successful Login to ipoll site
OFF: PASSED
.119295
Started InternetExplorerDriver server (32-bit)
2.39.0.0
Listening on port 5555
Successful Login to Usampadmin
Successful Login to ipoll site
Timeout::Error
["C:/Ruby192/lib/ruby/1.9.1/net/protocol.rb:140:in `rescue in rbuf_fill'", "C:/Ruby192/lib/ruby/1.9.1/net/protocol.rb:134:in `rbuf_fill'", "C:/Ruby192/lib/ruby/1.9.1/net/protocol.rb:116:in `readuntil'", "C:/Ruby192/lib/ruby/1.9.1/net/protocol.rb:126:in `readline'", "C:/Ruby192/lib/ruby/1.9.1/net/http.rb:2219:in `read_status_line'", "C:/Ruby192/lib/ruby/1.9.1/net/http.rb:2208:in `read_new'", "C:/Ruby192/lib/ruby/1.9.1/net/http.rb:1191:in `transport_request'", "C:/Ruby192/lib/ruby/1.9.1/net/http.rb:1177:in `request'", "C:/Ruby192/lib/ruby/1.9.1/net/http.rb:1170:in `block in request'", "C:/Ruby192/lib/ruby/1.9.1/net/http.rb:627:in `start'", "C:/Ruby192/lib/ruby/1.9.1/net/http.rb:1168:in `request'", "C:/Ruby192/lib/ruby/gems/1.9.1/gems/selenium-webdriver-2.31.0/lib/selenium/webdriver/remote/http/default.rb:83:in `response_for'", "C:/Ruby192/lib/ruby/gems/1.9.1/gems/selenium-webdriver-2.31.0/lib/selenium/webdriver/remote/http/default.rb:39:in `request'", "C:/Ruby192/lib/ruby/gems/1.9.1/gems/selenium-webdriver-2.31.0/lib/selenium/webdriver/remote/http/common.rb:40:in `call'", "C:/Ruby192/lib/ruby/gems/1.9.1/gems/selenium-webdriver-2.31.0/lib/selenium/webdriver/remote/bridge.rb:616:in `raw_execute'", "C:/Ruby192/lib/ruby/gems/1.9.1/gems/selenium-webdriver-2.31.0/lib/selenium/webdriver/remote/bridge.rb:594:in `execute'", "C:/Ruby192/lib/ruby/gems/1.9.1/gems/selenium-webdriver-2.31.0/lib/selenium/webdriver/remote/bridge.rb:505:in `getElementText'", "C:/Ruby192/lib/ruby/gems/1.9.1/gems/selenium-webdriver-2.31.0/lib/selenium/webdriver/common/element.rb:108:in `text'", "C:/Ruby192/lib/ruby/gems/1.9.1/gems/watir-webdriver-0.6.1/lib/watir-webdriver/browser.rb:97:in `text'", "Test_27_Dashboard_on_off.rb:120:in `test_03_dash_on'", "C:/Ruby192/lib/ruby/1.9.1/minitest/unit.rb:695:in `run'", "C:/Ruby192/lib/ruby/1.9.1/minitest/unit.rb:656:in `block (2 levels) in run_test_suites'", "C:/Ruby192/lib/ruby/1.9.1/minitest/unit.rb:650:in `each'", "C:/Ruby192/lib/ruby/1.9.1/minitest/unit.rb:650:in `block in run_test_suites'", "C:/Ruby192/lib/ruby/1.9.1/minitest/unit.rb:649:in `each'", "C:/Ruby192/lib/ruby/1.9.1/minitest/unit.rb:649:in `run_test_suites'", "C:/Ruby192/lib/ruby/1.9.1/minitest/unit.rb:609:in `run'", "C:/Ruby192/lib/ruby/1.9.1/minitest/unit.rb:508:in `block in autorun'"]
.
Finished in 296.710095 seconds.

3 tests, 0 assertions, 0 failures, 0 errors, 0 skips

Test run options: --seed 50925
Loaded suite Test_28_Disable_pub_account
Started
.Started InternetExplorerDriver server (32-bit)
2.39.0.0
Listening on port 5555
Successful Login to Usampadmin
Pass
.Pass
.Pass
.Sorry! System Failed to login to Network site
Pass
.119295
Pass
.Started InternetExplorerDriver server (32-bit)
2.39.0.0
Listening on port 5555
Successful Login to Usampadmin
Pass
.Pass
.Pass
.Logged it to Network site
Pass
.119295
Pass
.
Finished in 287.642607 seconds.

11 tests, 0 assertions, 0 failures, 0 errors, 0 skips

Test run options: --seed 23770
Loaded suite Test_29_Enable_disable_queue2
Started
.Started InternetExplorerDriver server (32-bit)
2.39.0.0
Listening on port 5555
Successful Login to Usampadmin
Q2:Enabled
.https://www.p.ipoll.com/queue2.php
PASS
.Started InternetExplorerDriver server (32-bit)
2.39.0.0
Listening on port 5555
Successful Login to Usampadmin
Q2:Disabled
.https://www.p.ipoll.com/queue4.php
PASS
.
Finished in 182.006371 seconds.

5 tests, 0 assertions, 0 failures, 0 errors, 0 skips

Test run options: --seed 31319
Loaded suite Test_30_External_prescreener
Started
.Started InternetExplorerDriver server (32-bit)
2.39.0.0
Listening on port 5555
Successful Login to Usampadmin
25910
119295
MjU5MTAK
MTE5Mjk1
.Started InternetExplorerDriver server (32-bit)
2.39.0.0
Listening on port 5555
Successful Login to Usampadmin
25910
119295
MjU5MTAK
MTE5Mjk1
{:title=>"Welcome Back! Survey is closed"}
["C:/Ruby192/lib/ruby/gems/1.9.1/gems/watir-webdriver-0.6.1/lib/watir-webdriver/window.rb:122:in `locate'", "C:/Ruby192/lib/ruby/gems/1.9.1/gems/watir-webdriver-0.6.1/lib/watir-webdriver/window.rb:106:in `handle'", "C:/Ruby192/lib/ruby/gems/1.9.1/gems/watir-webdriver-0.6.1/lib/watir-webdriver/window.rb:99:in `use'", "Test_30_External_prescreener.rb:139:in `test_03_presurvey_complete'", "C:/Ruby192/lib/ruby/1.9.1/minitest/unit.rb:695:in `run'", "C:/Ruby192/lib/ruby/1.9.1/minitest/unit.rb:656:in `block (2 levels) in run_test_suites'", "C:/Ruby192/lib/ruby/1.9.1/minitest/unit.rb:650:in `each'", "C:/Ruby192/lib/ruby/1.9.1/minitest/unit.rb:650:in `block in run_test_suites'", "C:/Ruby192/lib/ruby/1.9.1/minitest/unit.rb:649:in `each'", "C:/Ruby192/lib/ruby/1.9.1/minitest/unit.rb:649:in `run_test_suites'", "C:/Ruby192/lib/ruby/1.9.1/minitest/unit.rb:609:in `run'", "C:/Ruby192/lib/ruby/1.9.1/minitest/unit.rb:508:in `block in autorun'"]
.Started InternetExplorerDriver server (32-bit)
2.39.0.0
Listening on port 5555
Successful Login to Usampadmin
25910
119295
MjU5MTAK
MTE5Mjk1
{:title=>"Welcome Back! Survey is closed"}
["C:/Ruby192/lib/ruby/gems/1.9.1/gems/watir-webdriver-0.6.1/lib/watir-webdriver/window.rb:122:in `locate'", "C:/Ruby192/lib/ruby/gems/1.9.1/gems/watir-webdriver-0.6.1/lib/watir-webdriver/window.rb:106:in `handle'", "C:/Ruby192/lib/ruby/gems/1.9.1/gems/watir-webdriver-0.6.1/lib/watir-webdriver/window.rb:99:in `use'", "Test_30_External_prescreener.rb:230:in `test_04_presurvey_fail'", "C:/Ruby192/lib/ruby/1.9.1/minitest/unit.rb:695:in `run'", "C:/Ruby192/lib/ruby/1.9.1/minitest/unit.rb:656:in `block (2 levels) in run_test_suites'", "C:/Ruby192/lib/ruby/1.9.1/minitest/unit.rb:650:in `each'", "C:/Ruby192/lib/ruby/1.9.1/minitest/unit.rb:650:in `block in run_test_suites'", "C:/Ruby192/lib/ruby/1.9.1/minitest/unit.rb:649:in `each'", "C:/Ruby192/lib/ruby/1.9.1/minitest/unit.rb:649:in `run_test_suites'", "C:/Ruby192/lib/ruby/1.9.1/minitest/unit.rb:609:in `run'", "C:/Ruby192/lib/ruby/1.9.1/minitest/unit.rb:508:in `block in autorun'"]
.Started InternetExplorerDriver server (32-bit)
2.39.0.0
Listening on port 5555
Successful Login to Usampadmin
25910
119295
MjU5MTAK
MTE5Mjk1
.
Finished in 279.169196 seconds.

5 tests, 0 assertions, 0 failures, 0 errors, 0 skips

Test run options: --seed 33849
Loaded suite Test_31_Merge_field_survey_url
Started
.Started InternetExplorerDriver server (32-bit)
2.39.0.0
Listening on port 5555
Successful Login to Usampadmin
25910
119295
MjU5MTAK
MTE5Mjk1
.Successful Login to ipoll site
119295
linkMTE5Mjk1
New URL
http://203.199.26.75/usamp/TEST_SURVEY.php?SHA=218dc9724725dfc0f1ba4d3da606ee266d3ade60&MEM_NO=10598227&ENC_MEM_NO=Y4vwDOmmu&AGE=38&CHILDRN=2&ETHNICITY=9&EDUC=6&GEN=1&INCOME=22&MAR_STATUS=1&ZIP=90001&PID=0&SP_ID=&EMAIL=gsk@hk.com&COUNTY=06037&STATE=06&DMA=803&TOKEN=b7dbacffee995b1fca193145c74334ce
http://203.199.26.75/usamp/TEST_SURVEY.php?SHA=218dc9724725dfc0f1ba4d3da606ee266d3ade60&MEM_NO=10598227&ENC_MEM_NO=Y4vwDOmmu&AGE=38&CHILDRN=2&ETHNICITY=9&EDUC=6&GEN=1&INCOME=22&MAR_STATUS=1&ZIP=90001&PID=0&SP_ID=&EMAIL=gsk@hk.com&COUNTY=06037&STATE=06&DMA=803&TOKEN=
pass
.Started InternetExplorerDriver server (32-bit)
2.39.0.0
Listening on port 5555
Successful Login to Usampadmin
25910
119295
MjU5MTAK
MTE5Mjk1
.
Finished in 275.417131 seconds.

4 tests, 0 assertions, 0 failures, 0 errors, 0 skips

Test run options: --seed 48713
Loaded suite Test_33_Custom_homepage_render
Started
.Started InternetExplorerDriver server (32-bit)
2.39.0.0
Listening on port 5555
Successful Login to Usampadmin
Config settings saved
.FAIL
.Started InternetExplorerDriver server (32-bit)
2.39.0.0
Listening on port 5555
Successful Login to Usampadmin
.
Finished in 128.867764 seconds.

4 tests, 0 assertions, 0 failures, 0 errors, 0 skips

Test run options: --seed 19543
Loaded suite Test_34_Add_publisher
Started
.Started InternetExplorerDriver server (32-bit)
2.39.0.0
Listening on port 5555
Successful Login to Usampadmin
Pass
.Successful Login to Usampadmin
TEST AUTO PUB_1001
PU2235
unable to locate element, using {:name=>"optCountryId[]", :tag_name=>"select"}
["C:/Ruby192/lib/ruby/gems/1.9.1/gems/watir-webdriver-0.6.1/lib/watir-webdriver/elements/element.rb:365:in `assert_exists'", "C:/Ruby192/lib/ruby/gems/1.9.1/gems/watir-webdriver-0.6.1/lib/watir-webdriver/elements/select.rb:125:in `select_by'", "C:/Ruby192/lib/ruby/gems/1.9.1/gems/watir-webdriver-0.6.1/lib/watir-webdriver/elements/select.rb:64:in `select'", "Test_34_Add_publisher.rb:136:in `test_03_search_pub'", "C:/Ruby192/lib/ruby/1.9.1/minitest/unit.rb:695:in `run'", "C:/Ruby192/lib/ruby/1.9.1/minitest/unit.rb:656:in `block (2 levels) in run_test_suites'", "C:/Ruby192/lib/ruby/1.9.1/minitest/unit.rb:650:in `each'", "C:/Ruby192/lib/ruby/1.9.1/minitest/unit.rb:650:in `block in run_test_suites'", "C:/Ruby192/lib/ruby/1.9.1/minitest/unit.rb:649:in `each'", "C:/Ruby192/lib/ruby/1.9.1/minitest/unit.rb:649:in `run_test_suites'", "C:/Ruby192/lib/ruby/1.9.1/minitest/unit.rb:609:in `run'", "C:/Ruby192/lib/ruby/1.9.1/minitest/unit.rb:508:in `block in autorun'"]
.
Finished in 212.570059 seconds.

3 tests, 0 assertions, 0 failures, 0 errors, 0 skips

Test run options: --seed 12765
Loaded suite Test_36_Project_search
Started
.Successful Login to Usampadmin
Pass
.
Finished in 127.742146 seconds.

2 tests, 0 assertions, 0 failures, 0 errors, 0 skips

Test run options: --seed 40987
Loaded suite Test_37_Add_publisher_group
Started
.Started InternetExplorerDriver server (32-bit)
2.39.0.0
Listening on port 5555
Successful Login to Usampadmin
TEST AUTO PUB_1001
Pass
.Started InternetExplorerDriver server (32-bit)
2.39.0.0
Listening on port 5556
Successful Login to Usampadmin
TEST_PUB_GRP_1611
TEST_PUB_GRP_1611
Pass
TEST TEMP GRP NAME:16:11
TEST TEMP GRP NAME:16:11
Pass
.
Finished in 84.483975 seconds.

3 tests, 0 assertions, 0 failures, 0 errors, 0 skips

Test run options: --seed 40366
Loaded suite Test_38_Add_employee
Started
.Started InternetExplorerDriver server (32-bit)
2.39.0.0
Listening on port 5555
Successful Login to Usampadmin
Pass
.Started InternetExplorerDriver server (32-bit)
2.39.0.0
Listening on port 5555
Successful Login to Usampadmin
auto_test_emp.des2014-03-07071823@mailop.com
Pass
Pass
.
Finished in 117.674107 seconds.

3 tests, 0 assertions, 0 failures, 0 errors, 0 skips

Test run options: --seed 13760
Loaded suite Test_39_Add_client
Started
.Started InternetExplorerDriver server (32-bit)
2.39.0.0
Listening on port 5555
Successful Login to Usampadmin
Pass
.Started InternetExplorerDriver server (32-bit)
2.39.0.0
Listening on port 5556
Successful Login to Usampadmin
Pass
Pass
.
Finished in 146.455565 seconds.

3 tests, 0 assertions, 0 failures, 0 errors, 0 skips

Test run options: --seed 18651
Loaded suite Test_40_Simulate_completes
Started
.25910
119295
Started InternetExplorerDriver server (32-bit)
2.39.0.0
Listening on port 5555
Successful Login to Usampadmin
Fail
.25910
119295
Started InternetExplorerDriver server (32-bit)
2.39.0.0
Listening on port 5556
Successful Login to Usampadmin
Fail
.25910
119295
Started InternetExplorerDriver server (32-bit)
2.39.0.0
Listening on port 5555
Successful Login to Usampadmin
Fail
.
Finished in 243.102480 seconds.

4 tests, 0 assertions, 0 failures, 0 errors, 0 skips

Test run options: --seed 15576
Loaded suite Test_41_Member_search
Started
.Started InternetExplorerDriver server (32-bit)
2.39.0.0
Listening on port 5555
Successful Login to Usampadmin
Fail
Pass
.
Finished in 97.381695 seconds.

2 tests, 0 assertions, 0 failures, 0 errors, 0 skips

Test run options: --seed 41732
Loaded suite Test_42_QG_notifications
Started
.Started InternetExplorerDriver server (32-bit)
2.39.0.0
Listening on port 5555
Successful Login to Usampadmin
25910
119295
QG COPIED
Timeout::Error
["C:/Ruby192/lib/ruby/1.9.1/net/protocol.rb:140:in `rescue in rbuf_fill'", "C:/Ruby192/lib/ruby/1.9.1/net/protocol.rb:134:in `rbuf_fill'", "C:/Ruby192/lib/ruby/1.9.1/net/protocol.rb:116:in `readuntil'", "C:/Ruby192/lib/ruby/1.9.1/net/protocol.rb:126:in `readline'", "C:/Ruby192/lib/ruby/1.9.1/net/http.rb:2219:in `read_status_line'", "C:/Ruby192/lib/ruby/1.9.1/net/http.rb:2208:in `read_new'", "C:/Ruby192/lib/ruby/1.9.1/net/http.rb:1191:in `transport_request'", "C:/Ruby192/lib/ruby/1.9.1/net/http.rb:1177:in `request'", "C:/Ruby192/lib/ruby/1.9.1/net/http.rb:1170:in `block in request'", "C:/Ruby192/lib/ruby/1.9.1/net/http.rb:627:in `start'", "C:/Ruby192/lib/ruby/1.9.1/net/http.rb:1168:in `request'", "C:/Ruby192/lib/ruby/gems/1.9.1/gems/selenium-webdriver-2.31.0/lib/selenium/webdriver/remote/http/default.rb:83:in `response_for'", "C:/Ruby192/lib/ruby/gems/1.9.1/gems/selenium-webdriver-2.31.0/lib/selenium/webdriver/remote/http/default.rb:39:in `request'", "C:/Ruby192/lib/ruby/gems/1.9.1/gems/selenium-webdriver-2.31.0/lib/selenium/webdriver/remote/http/common.rb:40:in `call'", "C:/Ruby192/lib/ruby/gems/1.9.1/gems/selenium-webdriver-2.31.0/lib/selenium/webdriver/remote/bridge.rb:616:in `raw_execute'", "C:/Ruby192/lib/ruby/gems/1.9.1/gems/selenium-webdriver-2.31.0/lib/selenium/webdriver/remote/bridge.rb:594:in `execute'", "C:/Ruby192/lib/ruby/gems/1.9.1/gems/selenium-webdriver-2.31.0/lib/selenium/webdriver/remote/bridge.rb:505:in `getElementText'", "C:/Ruby192/lib/ruby/gems/1.9.1/gems/selenium-webdriver-2.31.0/lib/selenium/webdriver/common/element.rb:108:in `text'", "C:/Ruby192/lib/ruby/gems/1.9.1/gems/watir-webdriver-0.6.1/lib/watir-webdriver/browser.rb:97:in `text'", "Test_42_QG_notifications.rb:86:in `test_02_make_QG_copy'", "C:/Ruby192/lib/ruby/1.9.1/minitest/unit.rb:695:in `run'", "C:/Ruby192/lib/ruby/1.9.1/minitest/unit.rb:656:in `block (2 levels) in run_test_suites'", "C:/Ruby192/lib/ruby/1.9.1/minitest/unit.rb:650:in `each'", "C:/Ruby192/lib/ruby/1.9.1/minitest/unit.rb:650:in `block in run_test_suites'", "C:/Ruby192/lib/ruby/1.9.1/minitest/unit.rb:649:in `each'", "C:/Ruby192/lib/ruby/1.9.1/minitest/unit.rb:649:in `run_test_suites'", "C:/Ruby192/lib/ruby/1.9.1/minitest/unit.rb:609:in `run'", "C:/Ruby192/lib/ruby/1.9.1/minitest/unit.rb:508:in `block in autorun'"]
EStarted InternetExplorerDriver server (32-bit)
2.39.0.0
Listening on port 5555
Successful Login to Usampadmin
25910

can't convert nil into String
["C:/Ruby192/lib/ruby/1.9.1/base64.rb:38:in `pack'", "C:/Ruby192/lib/ruby/1.9.1/base64.rb:38:in `encode64'", "Test_42_QG_notifications.rb:147:in `test_03_set_QG_notifications_no_redirection_activity'", "C:/Ruby192/lib/ruby/1.9.1/minitest/unit.rb:695:in `run'", "C:/Ruby192/lib/ruby/1.9.1/minitest/unit.rb:656:in `block (2 levels) in run_test_suites'", "C:/Ruby192/lib/ruby/1.9.1/minitest/unit.rb:650:in `each'", "C:/Ruby192/lib/ruby/1.9.1/minitest/unit.rb:650:in `block in run_test_suites'", "C:/Ruby192/lib/ruby/1.9.1/minitest/unit.rb:649:in `each'", "C:/Ruby192/lib/ruby/1.9.1/minitest/unit.rb:649:in `run_test_suites'", "C:/Ruby192/lib/ruby/1.9.1/minitest/unit.rb:609:in `run'", "C:/Ruby192/lib/ruby/1.9.1/minitest/unit.rb:508:in `block in autorun'"]
E25910

can't convert nil into String
["C:/Ruby192/lib/ruby/1.9.1/base64.rb:38:in `pack'", "C:/Ruby192/lib/ruby/1.9.1/base64.rb:38:in `encode64'", "Test_42_QG_notifications.rb:198:in `test_04_achieve_no_clicks_with_no_redirection'", "C:/Ruby192/lib/ruby/1.9.1/minitest/unit.rb:695:in `run'", "C:/Ruby192/lib/ruby/1.9.1/minitest/unit.rb:656:in `block (2 levels) in run_test_suites'", "C:/Ruby192/lib/ruby/1.9.1/minitest/unit.rb:650:in `each'", "C:/Ruby192/lib/ruby/1.9.1/minitest/unit.rb:650:in `block in run_test_suites'", "C:/Ruby192/lib/ruby/1.9.1/minitest/unit.rb:649:in `each'", "C:/Ruby192/lib/ruby/1.9.1/minitest/unit.rb:649:in `run_test_suites'", "C:/Ruby192/lib/ruby/1.9.1/minitest/unit.rb:609:in `run'", "C:/Ruby192/lib/ruby/1.9.1/minitest/unit.rb:508:in `block in autorun'"]
E
Finished in 190.307813 seconds.

  1) Error:
test_02_make_QG_copy(Test_42_QG_notifications):
TypeError: can't convert nil into String
    Test_42_QG_notifications.rb:117:in `+'
    Test_42_QG_notifications.rb:117:in `rescue in test_02_make_QG_copy'
    Test_42_QG_notifications.rb:39:in `test_02_make_QG_copy'

  2) Error:
test_03_set_QG_notifications_no_redirection_activity(Test_42_QG_notifications):
TypeError: can't convert nil into String
    Test_42_QG_notifications.rb:178:in `+'
    Test_42_QG_notifications.rb:178:in `rescue in test_03_set_QG_notifications_no_redirection_activity'
    Test_42_QG_notifications.rb:125:in `test_03_set_QG_notifications_no_redirection_activity'

  3) Error:
test_04_achieve_no_clicks_with_no_redirection(Test_42_QG_notifications):
TypeError: can't convert nil into String
    Test_42_QG_notifications.rb:256:in `+'
    Test_42_QG_notifications.rb:256:in `rescue in test_04_achieve_no_clicks_with_no_redirection'
    Test_42_QG_notifications.rb:186:in `test_04_achieve_no_clicks_with_no_redirection'

4 tests, 0 assertions, 0 failures, 3 errors, 0 skips

Test run options: --seed 29050
Loaded suite Test_43_Add_tools
Started
.Started InternetExplorerDriver server (32-bit)
2.39.0.0
Listening on port 5555
Successful Login to Usampadmin
Pass
.Started InternetExplorerDriver server (32-bit)
2.39.0.0
Listening on port 5555
Successful Login to Usampadmin
Unable to get element text
["C:/Ruby192/lib/ruby/gems/1.9.1/gems/selenium-webdriver-2.31.0/lib/selenium/webdriver/remote/response.rb:52:in `assert_ok'", "C:/Ruby192/lib/ruby/gems/1.9.1/gems/selenium-webdriver-2.31.0/lib/selenium/webdriver/remote/response.rb:15:in `initialize'", "C:/Ruby192/lib/ruby/gems/1.9.1/gems/selenium-webdriver-2.31.0/lib/selenium/webdriver/remote/http/common.rb:59:in `new'", "C:/Ruby192/lib/ruby/gems/1.9.1/gems/selenium-webdriver-2.31.0/lib/selenium/webdriver/remote/http/common.rb:59:in `create_response'", "C:/Ruby192/lib/ruby/gems/1.9.1/gems/selenium-webdriver-2.31.0/lib/selenium/webdriver/remote/http/default.rb:66:in `request'", "C:/Ruby192/lib/ruby/gems/1.9.1/gems/selenium-webdriver-2.31.0/lib/selenium/webdriver/remote/http/common.rb:40:in `call'", "C:/Ruby192/lib/ruby/gems/1.9.1/gems/selenium-webdriver-2.31.0/lib/selenium/webdriver/remote/bridge.rb:616:in `raw_execute'", "C:/Ruby192/lib/ruby/gems/1.9.1/gems/selenium-webdriver-2.31.0/lib/selenium/webdriver/remote/bridge.rb:594:in `execute'", "C:/Ruby192/lib/ruby/gems/1.9.1/gems/selenium-webdriver-2.31.0/lib/selenium/webdriver/remote/bridge.rb:505:in `getElementText'", "C:/Ruby192/lib/ruby/gems/1.9.1/gems/selenium-webdriver-2.31.0/lib/selenium/webdriver/common/element.rb:108:in `text'", "C:/Ruby192/lib/ruby/gems/1.9.1/gems/watir-webdriver-0.6.1/lib/watir-webdriver/elements/select.rb:208:in `safe_text'", "C:/Ruby192/lib/ruby/gems/1.9.1/gems/watir-webdriver-0.6.1/lib/watir-webdriver/elements/select.rb:155:in `select_by_string'", "C:/Ruby192/lib/ruby/gems/1.9.1/gems/watir-webdriver-0.6.1/lib/watir-webdriver/elements/select.rb:129:in `select_by'", "C:/Ruby192/lib/ruby/gems/1.9.1/gems/watir-webdriver-0.6.1/lib/watir-webdriver/elements/select.rb:64:in `select'", "Test_43_Add_tools.rb:94:in `test_03_token_member_lookup'", "C:/Ruby192/lib/ruby/1.9.1/minitest/unit.rb:695:in `run'", "C:/Ruby192/lib/ruby/1.9.1/minitest/unit.rb:656:in `block (2 levels) in run_test_suites'", "C:/Ruby192/lib/ruby/1.9.1/minitest/unit.rb:650:in `each'", "C:/Ruby192/lib/ruby/1.9.1/minitest/unit.rb:650:in `block in run_test_suites'", "C:/Ruby192/lib/ruby/1.9.1/minitest/unit.rb:649:in `each'", "C:/Ruby192/lib/ruby/1.9.1/minitest/unit.rb:649:in `run_test_suites'", "C:/Ruby192/lib/ruby/1.9.1/minitest/unit.rb:609:in `run'", "C:/Ruby192/lib/ruby/1.9.1/minitest/unit.rb:508:in `block in autorun'"]
.
Finished in 75.525921 seconds.

3 tests, 0 assertions, 0 failures, 0 errors, 0 skips

Test run options: --seed 1440
Loaded suite Test_44_Pub_client_association
Started
.Started InternetExplorerDriver server (32-bit)
2.39.0.0
Listening on port 5555
Successful Login to Usampadmin
Publisher not added
"TEST CLIENT COMPANY (RRH)" not found in select list
["C:/Ruby192/lib/ruby/gems/1.9.1/gems/watir-webdriver-0.6.1/lib/watir-webdriver/elements/select.rb:216:in `no_value_found'", "C:/Ruby192/lib/ruby/gems/1.9.1/gems/watir-webdriver-0.6.1/lib/watir-webdriver/elements/select.rb:142:in `select_by_string'", "C:/Ruby192/lib/ruby/gems/1.9.1/gems/watir-webdriver-0.6.1/lib/watir-webdriver/elements/select.rb:129:in `select_by'", "C:/Ruby192/lib/ruby/gems/1.9.1/gems/watir-webdriver-0.6.1/lib/watir-webdriver/elements/select.rb:64:in `select'", "Test_44_Pub_client_association.rb:68:in `test_02_make_pub_level_setting'", "C:/Ruby192/lib/ruby/1.9.1/minitest/unit.rb:695:in `run'", "C:/Ruby192/lib/ruby/1.9.1/minitest/unit.rb:656:in `block (2 levels) in run_test_suites'", "C:/Ruby192/lib/ruby/1.9.1/minitest/unit.rb:650:in `each'", "C:/Ruby192/lib/ruby/1.9.1/minitest/unit.rb:650:in `block in run_test_suites'", "C:/Ruby192/lib/ruby/1.9.1/minitest/unit.rb:649:in `each'", "C:/Ruby192/lib/ruby/1.9.1/minitest/unit.rb:649:in `run_test_suites'", "C:/Ruby192/lib/ruby/1.9.1/minitest/unit.rb:609:in `run'", "C:/Ruby192/lib/ruby/1.9.1/minitest/unit.rb:508:in `block in autorun'"]
EStarted InternetExplorerDriver server (32-bit)
2.39.0.0
Listening on port 5555
Successful Login to Usampadmin
Fail
.Started InternetExplorerDriver server (32-bit)
2.39.0.0
Listening on port 5556
Successful Login to Usampadmin
Pass
.Started InternetExplorerDriver server (32-bit)
2.39.0.0
Listening on port 5555
Successful Login to Usampadmin
Pass
.
Finished in 136.622031 seconds.

  1) Error:
test_02_make_pub_level_setting(Test_44_Pub_client_association):
TypeError: can't convert nil into String
    Test_44_Pub_client_association.rb:107:in `+'
    Test_44_Pub_client_association.rb:107:in `rescue in test_02_make_pub_level_setting'
    Test_44_Pub_client_association.rb:38:in `test_02_make_pub_level_setting'

5 tests, 0 assertions, 0 failures, 1 errors, 0 skips

Test run options: --seed 39119
Loaded suite Test_45_Email_link_pub
Started
.Started InternetExplorerDriver server (32-bit)
2.39.0.0
Listening on port 5555
Successful Login to Usampadmin
25910
119295
Pass
.119295
unable to locate element, using {:text=>/Your Link for Survey/, :tag_name=>"a"}
["C:/Ruby192/lib/ruby/gems/1.9.1/gems/watir-webdriver-0.6.1/lib/watir-webdriver/elements/element.rb:365:in `assert_exists'", "C:/Ruby192/lib/ruby/gems/1.9.1/gems/watir-webdriver-0.6.1/lib/watir-webdriver/elements/element.rb:95:in `click'", "Test_45_Email_link_pub.rb:120:in `test_03_check_email'", "C:/Ruby192/lib/ruby/1.9.1/minitest/unit.rb:695:in `run'", "C:/Ruby192/lib/ruby/1.9.1/minitest/unit.rb:656:in `block (2 levels) in run_test_suites'", "C:/Ruby192/lib/ruby/1.9.1/minitest/unit.rb:650:in `each'", "C:/Ruby192/lib/ruby/1.9.1/minitest/unit.rb:650:in `block in run_test_suites'", "C:/Ruby192/lib/ruby/1.9.1/minitest/unit.rb:649:in `each'", "C:/Ruby192/lib/ruby/1.9.1/minitest/unit.rb:649:in `run_test_suites'", "C:/Ruby192/lib/ruby/1.9.1/minitest/unit.rb:609:in `run'", "C:/Ruby192/lib/ruby/1.9.1/minitest/unit.rb:508:in `block in autorun'"]
.
Finished in 119.112398 seconds.

3 tests, 0 assertions, 0 failures, 0 errors, 0 skips

Test run options: --seed 54458
Loaded suite Test_46_Donot_include_member_last_hour
Started
.Started InternetExplorerDriver server (32-bit)
2.39.0.0
Listening on port 5555
Successful Login to Usampadmin
25910
119295
MjU5MTAK
MTE5Mjk1
Started InternetExplorerDriver server (32-bit)
2.39.0.0
Listening on port 5556
Successful Login to Usampadmin
p.usampadmin.com/add_quota_group.php?project_id=MjU5MTAK
&quota_group_id=MTE5Mjk1
Pass
.test string
119295
**** Waiting for surveys to load ****
Pass
.Started InternetExplorerDriver server (32-bit)
2.39.0.0
Listening on port 5556
Successful Login to Usampadmin
25910
119295
Started InternetExplorerDriver server (32-bit)
2.39.0.0
Listening on port 5557
Successful Login to Usampadmin
Updated message shown
Pass
.Successful Login to ipoll site
119295
**** Waiting for surveys to load ****
Pass
.
Finished in 456.225991 seconds.

5 tests, 0 assertions, 0 failures, 0 errors, 0 skips

Test run options: --seed 61029
Loaded suite Test_47_QG_Publisher_redirect
Started
.Started InternetExplorerDriver server (32-bit)
2.39.0.0
Listening on port 5555
Successful Login to Usampadmin
Pass
25910
119295
.119295
Started InternetExplorerDriver server (32-bit)
2.39.0.0
Listening on port 5555
Pass
Started InternetExplorerDriver server (32-bit)
2.39.0.0
Listening on port 5555
Pass
Started InternetExplorerDriver server (32-bit)
2.39.0.0
Listening on port 5555
Pass
.Started InternetExplorerDriver server (32-bit)
2.39.0.0
Listening on port 5556
Successful Login to Usampadmin
25910
119295
Modal dialog present
["C:/Ruby192/lib/ruby/gems/1.9.1/gems/selenium-webdriver-2.31.0/lib/selenium/webdriver/remote/response.rb:52:in `assert_ok'", "C:/Ruby192/lib/ruby/gems/1.9.1/gems/selenium-webdriver-2.31.0/lib/selenium/webdriver/remote/response.rb:15:in `initialize'", "C:/Ruby192/lib/ruby/gems/1.9.1/gems/selenium-webdriver-2.31.0/lib/selenium/webdriver/remote/http/common.rb:59:in `new'", "C:/Ruby192/lib/ruby/gems/1.9.1/gems/selenium-webdriver-2.31.0/lib/selenium/webdriver/remote/http/common.rb:59:in `create_response'", "C:/Ruby192/lib/ruby/gems/1.9.1/gems/selenium-webdriver-2.31.0/lib/selenium/webdriver/remote/http/default.rb:66:in `request'", "C:/Ruby192/lib/ruby/gems/1.9.1/gems/selenium-webdriver-2.31.0/lib/selenium/webdriver/remote/http/common.rb:40:in `call'", "C:/Ruby192/lib/ruby/gems/1.9.1/gems/selenium-webdriver-2.31.0/lib/selenium/webdriver/remote/bridge.rb:616:in `raw_execute'", "C:/Ruby192/lib/ruby/gems/1.9.1/gems/selenium-webdriver-2.31.0/lib/selenium/webdriver/remote/bridge.rb:594:in `execute'", "C:/Ruby192/lib/ruby/gems/1.9.1/gems/selenium-webdriver-2.31.0/lib/selenium/webdriver/remote/bridge.rb:184:in `switchToDefaultContent'", "C:/Ruby192/lib/ruby/gems/1.9.1/gems/selenium-webdriver-2.31.0/lib/selenium/webdriver/common/target_locator.rb:68:in `default_content'", "C:/Ruby192/lib/ruby/gems/1.9.1/gems/watir-webdriver-0.6.1/lib/watir-webdriver/browser.rb:180:in `assert_exists'", "C:/Ruby192/lib/ruby/gems/1.9.1/gems/watir-webdriver-0.6.1/lib/watir-webdriver/elements/element.rb:383:in `locate'", "C:/Ruby192/lib/ruby/gems/1.9.1/gems/watir-webdriver-0.6.1/lib/watir-webdriver/elements/element.rb:362:in `assert_exists'", "C:/Ruby192/lib/ruby/gems/1.9.1/gems/watir-webdriver-0.6.1/lib/watir-webdriver/elements/element.rb:95:in `click'", "Test_47_QG_Publisher_redirect.rb:235:in `test_04_check_pub_redirect'", "C:/Ruby192/lib/ruby/1.9.1/minitest/unit.rb:695:in `run'", "C:/Ruby192/lib/ruby/1.9.1/minitest/unit.rb:656:in `block (2 levels) in run_test_suites'", "C:/Ruby192/lib/ruby/1.9.1/minitest/unit.rb:650:in `each'", "C:/Ruby192/lib/ruby/1.9.1/minitest/unit.rb:650:in `block in run_test_suites'", "C:/Ruby192/lib/ruby/1.9.1/minitest/unit.rb:649:in `each'", "C:/Ruby192/lib/ruby/1.9.1/minitest/unit.rb:649:in `run_test_suites'", "C:/Ruby192/lib/ruby/1.9.1/minitest/unit.rb:609:in `run'", "C:/Ruby192/lib/ruby/1.9.1/minitest/unit.rb:508:in `block in autorun'"]
.Started InternetExplorerDriver server (32-bit)
2.39.0.0
Listening on port 5555
Successful Login to Usampadmin
25910
119295
Pass
.
Finished in 343.679037 seconds.

5 tests, 0 assertions, 0 failures, 0 errors, 0 skips

Test run options: --seed 64923
Loaded suite Test_49_Supplier_add_show_hide
Started
.Started InternetExplorerDriver server (32-bit)
2.39.0.0
Listening on port 5555
Successful Login to Usampadmin
Test_Auto_Glob_Supp_2014-03-07075443
Pass
.Sorry! System Failed to login to Network site
browser was closed
["C:/Ruby192/lib/ruby/gems/1.9.1/gems/watir-webdriver-0.6.1/lib/watir-webdriver/browser.rb:178:in `assert_exists'", "C:/Ruby192/lib/ruby/gems/1.9.1/gems/watir-webdriver-0.6.1/lib/watir-webdriver/elements/element.rb:383:in `locate'", "C:/Ruby192/lib/ruby/gems/1.9.1/gems/watir-webdriver-0.6.1/lib/watir-webdriver/elements/element.rb:362:in `assert_exists'", "C:/Ruby192/lib/ruby/gems/1.9.1/gems/watir-webdriver-0.6.1/lib/watir-webdriver/elements/select.rb:37:in `options'", "Test_49_Supplier_add_show_hide.rb:112:in `test_03_supplier_reflection'", "C:/Ruby192/lib/ruby/1.9.1/minitest/unit.rb:695:in `run'", "C:/Ruby192/lib/ruby/1.9.1/minitest/unit.rb:656:in `block (2 levels) in run_test_suites'", "C:/Ruby192/lib/ruby/1.9.1/minitest/unit.rb:650:in `each'", "C:/Ruby192/lib/ruby/1.9.1/minitest/unit.rb:650:in `block in run_test_suites'", "C:/Ruby192/lib/ruby/1.9.1/minitest/unit.rb:649:in `each'", "C:/Ruby192/lib/ruby/1.9.1/minitest/unit.rb:649:in `run_test_suites'", "C:/Ruby192/lib/ruby/1.9.1/minitest/unit.rb:609:in `run'", "C:/Ruby192/lib/ruby/1.9.1/minitest/unit.rb:508:in `block in autorun'"]
.Started InternetExplorerDriver server (32-bit)
2.39.0.0
Listening on port 5555
Successful Login to Usampadmin
Logged it to Network site
unable to locate element, using {:id=>"supplierList", :tag_name=>"select"}
["C:/Ruby192/lib/ruby/gems/1.9.1/gems/watir-webdriver-0.6.1/lib/watir-webdriver/elements/element.rb:365:in `assert_exists'", "C:/Ruby192/lib/ruby/gems/1.9.1/gems/watir-webdriver-0.6.1/lib/watir-webdriver/elements/select.rb:37:in `options'", "Test_49_Supplier_add_show_hide.rb:174:in `test_04_show_hide'", "C:/Ruby192/lib/ruby/1.9.1/minitest/unit.rb:695:in `run'", "C:/Ruby192/lib/ruby/1.9.1/minitest/unit.rb:656:in `block (2 levels) in run_test_suites'", "C:/Ruby192/lib/ruby/1.9.1/minitest/unit.rb:650:in `each'", "C:/Ruby192/lib/ruby/1.9.1/minitest/unit.rb:650:in `block in run_test_suites'", "C:/Ruby192/lib/ruby/1.9.1/minitest/unit.rb:649:in `each'", "C:/Ruby192/lib/ruby/1.9.1/minitest/unit.rb:649:in `run_test_suites'", "C:/Ruby192/lib/ruby/1.9.1/minitest/unit.rb:609:in `run'", "C:/Ruby192/lib/ruby/1.9.1/minitest/unit.rb:508:in `block in autorun'"]
.
Finished in 172.542882 seconds.

4 tests, 0 assertions, 0 failures, 0 errors, 0 skips

Test run options: --seed 64882
Loaded suite Test_50_Add_prescreener
Started
.Started InternetExplorerDriver server (32-bit)
2.39.0.0
Listening on port 5555
Successful Login to Usampadmin
25910
119295
Pass
Pass
.25910
119295
Started InternetExplorerDriver server (32-bit)
2.39.0.0
Listening on port 5556
Successful Login to Usampadmin
Element is not currently visible and so may not be interacted with
["[remote server] file:///C:/DOCUME~1/ADMINI~1/LOCALS~1/Temp/1/webdriver-profile20140307-3664-cyl56b/extensions/fxdriver@googlecode.com/components/command_processor.js:7567:in `unknown'", "[remote server] file:///C:/DOCUME~1/ADMINI~1/LOCALS~1/Temp/1/webdriver-profile20140307-3664-cyl56b/extensions/fxdriver@googlecode.com/components/command_processor.js:10256:in `unknown'", "[remote server] file:///C:/DOCUME~1/ADMINI~1/LOCALS~1/Temp/1/webdriver-profile20140307-3664-cyl56b/extensions/fxdriver@googlecode.com/components/command_processor.js:10275:in `unknown'", "[remote server] file:///C:/DOCUME~1/ADMINI~1/LOCALS~1/Temp/1/webdriver-profile20140307-3664-cyl56b/extensions/fxdriver@googlecode.com/components/command_processor.js:10280:in `unknown'", "[remote server] file:///C:/DOCUME~1/ADMINI~1/LOCALS~1/Temp/1/webdriver-profile20140307-3664-cyl56b/extensions/fxdriver@googlecode.com/components/command_processor.js:10220:in `unknown'", "C:/Ruby192/lib/ruby/gems/1.9.1/gems/selenium-webdriver-2.31.0/lib/selenium/webdriver/remote/response.rb:52:in `assert_ok'", "C:/Ruby192/lib/ruby/gems/1.9.1/gems/selenium-webdriver-2.31.0/lib/selenium/webdriver/remote/response.rb:15:in `initialize'", "C:/Ruby192/lib/ruby/gems/1.9.1/gems/selenium-webdriver-2.31.0/lib/selenium/webdriver/remote/http/common.rb:59:in `new'", "C:/Ruby192/lib/ruby/gems/1.9.1/gems/selenium-webdriver-2.31.0/lib/selenium/webdriver/remote/http/common.rb:59:in `create_response'", "C:/Ruby192/lib/ruby/gems/1.9.1/gems/selenium-webdriver-2.31.0/lib/selenium/webdriver/remote/http/default.rb:66:in `request'", "C:/Ruby192/lib/ruby/gems/1.9.1/gems/selenium-webdriver-2.31.0/lib/selenium/webdriver/remote/http/common.rb:40:in `call'", "C:/Ruby192/lib/ruby/gems/1.9.1/gems/selenium-webdriver-2.31.0/lib/selenium/webdriver/remote/bridge.rb:616:in `raw_execute'", "C:/Ruby192/lib/ruby/gems/1.9.1/gems/selenium-webdriver-2.31.0/lib/selenium/webdriver/remote/bridge.rb:594:in `execute'", "C:/Ruby192/lib/ruby/gems/1.9.1/gems/selenium-webdriver-2.31.0/lib/selenium/webdriver/remote/bridge.rb:359:in `clickElement'", "C:/Ruby192/lib/ruby/gems/1.9.1/gems/selenium-webdriver-2.31.0/lib/selenium/webdriver/common/element.rb:54:in `click'", "C:/Ruby192/lib/ruby/gems/1.9.1/gems/watir-webdriver-0.6.1/lib/watir-webdriver/elements/radio.rb:12:in `set'", "Test_50_Add_prescreener.rb:179:in `test_03_pass_fail_presc'", "C:/Ruby192/lib/ruby/1.9.1/minitest/unit.rb:695:in `run'", "C:/Ruby192/lib/ruby/1.9.1/minitest/unit.rb:656:in `block (2 levels) in run_test_suites'", "C:/Ruby192/lib/ruby/1.9.1/minitest/unit.rb:650:in `each'", "C:/Ruby192/lib/ruby/1.9.1/minitest/unit.rb:650:in `block in run_test_suites'", "C:/Ruby192/lib/ruby/1.9.1/minitest/unit.rb:649:in `each'", "C:/Ruby192/lib/ruby/1.9.1/minitest/unit.rb:649:in `run_test_suites'", "C:/Ruby192/lib/ruby/1.9.1/minitest/unit.rb:609:in `run'", "C:/Ruby192/lib/ruby/1.9.1/minitest/unit.rb:508:in `block in autorun'"]
.25910
119295
Started InternetExplorerDriver server (32-bit)
2.39.0.0
Listening on port 5555
Successful Login to Usampadmin
Fail
Fail
.
Finished in 398.728953 seconds.

4 tests, 0 assertions, 0 failures, 0 errors, 0 skips

Test run options: --seed 19491
Loaded suite Test_51_Setup_live_closed_QG
Started
.Started InternetExplorerDriver server (32-bit)
2.39.0.0
Listening on port 5555
Successful Login to Usampadmin
25910
119295
Pass
Logged it to Network site
Pass
.Started InternetExplorerDriver server (32-bit)
2.39.0.0
Listening on port 5555
Successful Login to Usampadmin
25910
119295
Pass
Logged it to Network site
Pass
.Started InternetExplorerDriver server (32-bit)
2.39.0.0
Listening on port 5555
Successful Login to Usampadmin
25910
119295
Pass
Logged it to Network site
Pass
.Started InternetExplorerDriver server (32-bit)
2.39.0.0
Listening on port 5555
Successful Login to Usampadmin
25910
119295
.
Finished in 440.305551 seconds.

5 tests, 0 assertions, 0 failures, 0 errors, 0 skips

Test run options: --seed 43569
Loaded suite Test_53_List_projects
Started
.Started InternetExplorerDriver server (32-bit)
2.39.0.0
Listening on port 5555
Successful Login to Usampadmin
Fail
.Started InternetExplorerDriver server (32-bit)
2.39.0.0
Listening on port 5556
Successful Login to Usampadmin
Pass
.Started InternetExplorerDriver server (32-bit)
2.39.0.0
Listening on port 5555
Successful Login to Usampadmin
Pass
.
Finished in 181.905431 seconds.

4 tests, 0 assertions, 0 failures, 0 errors, 0 skips

Test run options: --seed 36134
Loaded suite Test_54_EX_ST_Links
Started
.25910
119295
Started InternetExplorerDriver server (32-bit)
2.39.0.0
Listening on port 5555
Successful Login to Usampadmin
unable to locate element, using {:name=>"txtFname", :tag_name=>"input or textarea", :type=>"(any text type)"}
["C:/Ruby192/lib/ruby/gems/1.9.1/gems/watir-webdriver-0.6.1/lib/watir-webdriver/elements/element.rb:365:in `assert_exists'", "C:/Ruby192/lib/ruby/gems/1.9.1/gems/watir-webdriver-0.6.1/lib/watir-webdriver/user_editable.rb:8:in `set'", "Test_54_EX_ST_Links.rb:79:in `test_02_ex_2_st_1_match_criteria'", "C:/Ruby192/lib/ruby/1.9.1/minitest/unit.rb:695:in `run'", "C:/Ruby192/lib/ruby/1.9.1/minitest/unit.rb:656:in `block (2 levels) in run_test_suites'", "C:/Ruby192/lib/ruby/1.9.1/minitest/unit.rb:650:in `each'", "C:/Ruby192/lib/ruby/1.9.1/minitest/unit.rb:650:in `block in run_test_suites'", "C:/Ruby192/lib/ruby/1.9.1/minitest/unit.rb:649:in `each'", "C:/Ruby192/lib/ruby/1.9.1/minitest/unit.rb:649:in `run_test_suites'", "C:/Ruby192/lib/ruby/1.9.1/minitest/unit.rb:609:in `run'", "C:/Ruby192/lib/ruby/1.9.1/minitest/unit.rb:508:in `block in autorun'"]
.119295
unable to locate element, using {:name=>"txtFname", :tag_name=>"input or textarea", :type=>"(any text type)"}
["C:/Ruby192/lib/ruby/gems/1.9.1/gems/watir-webdriver-0.6.1/lib/watir-webdriver/elements/element.rb:365:in `assert_exists'", "C:/Ruby192/lib/ruby/gems/1.9.1/gems/watir-webdriver-0.6.1/lib/watir-webdriver/user_editable.rb:8:in `set'", "Test_54_EX_ST_Links.rb:179:in `test_03_ex_2_st_1_mismatch_criteria'", "C:/Ruby192/lib/ruby/1.9.1/minitest/unit.rb:695:in `run'", "C:/Ruby192/lib/ruby/1.9.1/minitest/unit.rb:656:in `block (2 levels) in run_test_suites'", "C:/Ruby192/lib/ruby/1.9.1/minitest/unit.rb:650:in `each'", "C:/Ruby192/lib/ruby/1.9.1/minitest/unit.rb:650:in `block in run_test_suites'", "C:/Ruby192/lib/ruby/1.9.1/minitest/unit.rb:649:in `each'", "C:/Ruby192/lib/ruby/1.9.1/minitest/unit.rb:649:in `run_test_suites'", "C:/Ruby192/lib/ruby/1.9.1/minitest/unit.rb:609:in `run'", "C:/Ruby192/lib/ruby/1.9.1/minitest/unit.rb:508:in `block in autorun'"]
.119295
unable to locate element, using {:name=>"txtFname", :tag_name=>"input or textarea", :type=>"(any text type)"}
["C:/Ruby192/lib/ruby/gems/1.9.1/gems/watir-webdriver-0.6.1/lib/watir-webdriver/elements/element.rb:365:in `assert_exists'", "C:/Ruby192/lib/ruby/gems/1.9.1/gems/watir-webdriver-0.6.1/lib/watir-webdriver/user_editable.rb:8:in `set'", "Test_54_EX_ST_Links.rb:270:in `test_04_ex_3_st_1'", "C:/Ruby192/lib/ruby/1.9.1/minitest/unit.rb:695:in `run'", "C:/Ruby192/lib/ruby/1.9.1/minitest/unit.rb:656:in `block (2 levels) in run_test_suites'", "C:/Ruby192/lib/ruby/1.9.1/minitest/unit.rb:650:in `each'", "C:/Ruby192/lib/ruby/1.9.1/minitest/unit.rb:650:in `block in run_test_suites'", "C:/Ruby192/lib/ruby/1.9.1/minitest/unit.rb:649:in `each'", "C:/Ruby192/lib/ruby/1.9.1/minitest/unit.rb:649:in `run_test_suites'", "C:/Ruby192/lib/ruby/1.9.1/minitest/unit.rb:609:in `run'", "C:/Ruby192/lib/ruby/1.9.1/minitest/unit.rb:508:in `block in autorun'"]
.119295
Started InternetExplorerDriver server (32-bit)
2.39.0.0
Listening on port 5555
Successful Login to Usampadmin
unable to locate element, using {:name=>"txtFname", :tag_name=>"input or textarea", :type=>"(any text type)"}
["C:/Ruby192/lib/ruby/gems/1.9.1/gems/watir-webdriver-0.6.1/lib/watir-webdriver/elements/element.rb:365:in `assert_exists'", "C:/Ruby192/lib/ruby/gems/1.9.1/gems/watir-webdriver-0.6.1/lib/watir-webdriver/user_editable.rb:8:in `set'", "Test_54_EX_ST_Links.rb:377:in `test_05_ex_2_st_2_match_criteria'", "C:/Ruby192/lib/ruby/1.9.1/minitest/unit.rb:695:in `run'", "C:/Ruby192/lib/ruby/1.9.1/minitest/unit.rb:656:in `block (2 levels) in run_test_suites'", "C:/Ruby192/lib/ruby/1.9.1/minitest/unit.rb:650:in `each'", "C:/Ruby192/lib/ruby/1.9.1/minitest/unit.rb:650:in `block in run_test_suites'", "C:/Ruby192/lib/ruby/1.9.1/minitest/unit.rb:649:in `each'", "C:/Ruby192/lib/ruby/1.9.1/minitest/unit.rb:649:in `run_test_suites'", "C:/Ruby192/lib/ruby/1.9.1/minitest/unit.rb:609:in `run'", "C:/Ruby192/lib/ruby/1.9.1/minitest/unit.rb:508:in `block in autorun'"]
.119295
unable to locate element, using {:name=>"txtFname", :tag_name=>"input or textarea", :type=>"(any text type)"}
["C:/Ruby192/lib/ruby/gems/1.9.1/gems/watir-webdriver-0.6.1/lib/watir-webdriver/elements/element.rb:365:in `assert_exists'", "C:/Ruby192/lib/ruby/gems/1.9.1/gems/watir-webdriver-0.6.1/lib/watir-webdriver/user_editable.rb:8:in `set'", "Test_54_EX_ST_Links.rb:468:in `test_06_ex_2_st_2_mismatch_criteria'", "C:/Ruby192/lib/ruby/1.9.1/minitest/unit.rb:695:in `run'", "C:/Ruby192/lib/ruby/1.9.1/minitest/unit.rb:656:in `block (2 levels) in run_test_suites'", "C:/Ruby192/lib/ruby/1.9.1/minitest/unit.rb:650:in `each'", "C:/Ruby192/lib/ruby/1.9.1/minitest/unit.rb:650:in `block in run_test_suites'", "C:/Ruby192/lib/ruby/1.9.1/minitest/unit.rb:649:in `each'", "C:/Ruby192/lib/ruby/1.9.1/minitest/unit.rb:649:in `run_test_suites'", "C:/Ruby192/lib/ruby/1.9.1/minitest/unit.rb:609:in `run'", "C:/Ruby192/lib/ruby/1.9.1/minitest/unit.rb:508:in `block in autorun'"]
.119295
unable to locate element, using {:name=>"txtFname", :tag_name=>"input or textarea", :type=>"(any text type)"}
["C:/Ruby192/lib/ruby/gems/1.9.1/gems/watir-webdriver-0.6.1/lib/watir-webdriver/elements/element.rb:365:in `assert_exists'", "C:/Ruby192/lib/ruby/gems/1.9.1/gems/watir-webdriver-0.6.1/lib/watir-webdriver/user_editable.rb:8:in `set'", "Test_54_EX_ST_Links.rb:558:in `test_07_ex_3_st_2'", "C:/Ruby192/lib/ruby/1.9.1/minitest/unit.rb:695:in `run'", "C:/Ruby192/lib/ruby/1.9.1/minitest/unit.rb:656:in `block (2 levels) in run_test_suites'", "C:/Ruby192/lib/ruby/1.9.1/minitest/unit.rb:650:in `each'", "C:/Ruby192/lib/ruby/1.9.1/minitest/unit.rb:650:in `block in run_test_suites'", "C:/Ruby192/lib/ruby/1.9.1/minitest/unit.rb:649:in `each'", "C:/Ruby192/lib/ruby/1.9.1/minitest/unit.rb:649:in `run_test_suites'", "C:/Ruby192/lib/ruby/1.9.1/minitest/unit.rb:609:in `run'", "C:/Ruby192/lib/ruby/1.9.1/minitest/unit.rb:508:in `block in autorun'"]
.Started InternetExplorerDriver server (32-bit)
2.39.0.0
Listening on port 5555
Successful Login to Usampadmin
.
Finished in 414.468665 seconds.

8 tests, 0 assertions, 0 failures, 0 errors, 0 skips

Test run options: --seed 39535
Loaded suite Test_55_Member_ID_report
Started
.Logged it to Network site
Timeout::Error
["C:/Ruby192/lib/ruby/1.9.1/net/protocol.rb:140:in `rescue in rbuf_fill'", "C:/Ruby192/lib/ruby/1.9.1/net/protocol.rb:134:in `rbuf_fill'", "C:/Ruby192/lib/ruby/1.9.1/net/protocol.rb:116:in `readuntil'", "C:/Ruby192/lib/ruby/1.9.1/net/protocol.rb:126:in `readline'", "C:/Ruby192/lib/ruby/1.9.1/net/http.rb:2219:in `read_status_line'", "C:/Ruby192/lib/ruby/1.9.1/net/http.rb:2208:in `read_new'", "C:/Ruby192/lib/ruby/1.9.1/net/http.rb:1191:in `transport_request'", "C:/Ruby192/lib/ruby/1.9.1/net/http.rb:1177:in `request'", "C:/Ruby192/lib/ruby/1.9.1/net/http.rb:1170:in `block in request'", "C:/Ruby192/lib/ruby/1.9.1/net/http.rb:627:in `start'", "C:/Ruby192/lib/ruby/1.9.1/net/http.rb:1168:in `request'", "C:/Ruby192/lib/ruby/gems/1.9.1/gems/selenium-webdriver-2.31.0/lib/selenium/webdriver/remote/http/default.rb:83:in `response_for'", "C:/Ruby192/lib/ruby/gems/1.9.1/gems/selenium-webdriver-2.31.0/lib/selenium/webdriver/remote/http/default.rb:39:in `request'", "C:/Ruby192/lib/ruby/gems/1.9.1/gems/selenium-webdriver-2.31.0/lib/selenium/webdriver/remote/http/common.rb:40:in `call'", "C:/Ruby192/lib/ruby/gems/1.9.1/gems/selenium-webdriver-2.31.0/lib/selenium/webdriver/remote/bridge.rb:616:in `raw_execute'", "C:/Ruby192/lib/ruby/gems/1.9.1/gems/selenium-webdriver-2.31.0/lib/selenium/webdriver/remote/bridge.rb:594:in `execute'", "C:/Ruby192/lib/ruby/gems/1.9.1/gems/selenium-webdriver-2.31.0/lib/selenium/webdriver/remote/bridge.rb:359:in `clickElement'", "C:/Ruby192/lib/ruby/gems/1.9.1/gems/selenium-webdriver-2.31.0/lib/selenium/webdriver/common/element.rb:54:in `click'", "C:/Ruby192/lib/ruby/gems/1.9.1/gems/watir-webdriver-0.6.1/lib/watir-webdriver/elements/element.rb:108:in `click'", "Test_55_Member_ID_report.rb:63:in `test_02_mem_id_rep_network'", "C:/Ruby192/lib/ruby/1.9.1/minitest/unit.rb:695:in `run'", "C:/Ruby192/lib/ruby/1.9.1/minitest/unit.rb:656:in `block (2 levels) in run_test_suites'", "C:/Ruby192/lib/ruby/1.9.1/minitest/unit.rb:650:in `each'", "C:/Ruby192/lib/ruby/1.9.1/minitest/unit.rb:650:in `block in run_test_suites'", "C:/Ruby192/lib/ruby/1.9.1/minitest/unit.rb:649:in `each'", "C:/Ruby192/lib/ruby/1.9.1/minitest/unit.rb:649:in `run_test_suites'", "C:/Ruby192/lib/ruby/1.9.1/minitest/unit.rb:609:in `run'", "C:/Ruby192/lib/ruby/1.9.1/minitest/unit.rb:508:in `block in autorun'"]
.
Finished in 117.055317 seconds.

2 tests, 0 assertions, 0 failures, 0 errors, 0 skips

Test run options: --seed 31219
Loaded suite Test_57_Success_fail_oq_rewards
Started
.Started InternetExplorerDriver server (32-bit)
2.39.0.0
Listening on port 5555
Successful Login to Usampadmin
25910
119295
PASS
PASS
PASS
.119295
Successful Login to ipoll site
## Waiting for surveys to load ##
linkMTE5Mjk1
Started InternetExplorerDriver server (32-bit)
2.39.0.0
Listening on port 5555
Successful Login to Usampadmin
Modal dialog present
["C:/Ruby192/lib/ruby/gems/1.9.1/gems/selenium-webdriver-2.31.0/lib/selenium/webdriver/remote/response.rb:52:in `assert_ok'", "C:/Ruby192/lib/ruby/gems/1.9.1/gems/selenium-webdriver-2.31.0/lib/selenium/webdriver/remote/response.rb:15:in `initialize'", "C:/Ruby192/lib/ruby/gems/1.9.1/gems/selenium-webdriver-2.31.0/lib/selenium/webdriver/remote/http/common.rb:59:in `new'", "C:/Ruby192/lib/ruby/gems/1.9.1/gems/selenium-webdriver-2.31.0/lib/selenium/webdriver/remote/http/common.rb:59:in `create_response'", "C:/Ruby192/lib/ruby/gems/1.9.1/gems/selenium-webdriver-2.31.0/lib/selenium/webdriver/remote/http/default.rb:66:in `request'", "C:/Ruby192/lib/ruby/gems/1.9.1/gems/selenium-webdriver-2.31.0/lib/selenium/webdriver/remote/http/common.rb:40:in `call'", "C:/Ruby192/lib/ruby/gems/1.9.1/gems/selenium-webdriver-2.31.0/lib/selenium/webdriver/remote/bridge.rb:616:in `raw_execute'", "C:/Ruby192/lib/ruby/gems/1.9.1/gems/selenium-webdriver-2.31.0/lib/selenium/webdriver/remote/bridge.rb:594:in `execute'", "C:/Ruby192/lib/ruby/gems/1.9.1/gems/selenium-webdriver-2.31.0/lib/selenium/webdriver/remote/bridge.rb:164:in `getPageSource'", "C:/Ruby192/lib/ruby/gems/1.9.1/gems/selenium-webdriver-2.31.0/lib/selenium/webdriver/common/driver.rb:140:in `page_source'", "C:/Ruby192/lib/ruby/gems/1.9.1/gems/watir-webdriver-0.6.1/lib/watir-webdriver/browser.rb:102:in `html'", "Test_57_Success_fail_oq_rewards.rb:178:in `test_03_success_reward'", "C:/Ruby192/lib/ruby/1.9.1/minitest/unit.rb:695:in `run'", "C:/Ruby192/lib/ruby/1.9.1/minitest/unit.rb:656:in `block (2 levels) in run_test_suites'", "C:/Ruby192/lib/ruby/1.9.1/minitest/unit.rb:650:in `each'", "C:/Ruby192/lib/ruby/1.9.1/minitest/unit.rb:650:in `block in run_test_suites'", "C:/Ruby192/lib/ruby/1.9.1/minitest/unit.rb:649:in `each'", "C:/Ruby192/lib/ruby/1.9.1/minitest/unit.rb:649:in `run_test_suites'", "C:/Ruby192/lib/ruby/1.9.1/minitest/unit.rb:609:in `run'", "C:/Ruby192/lib/ruby/1.9.1/minitest/unit.rb:508:in `block in autorun'"]
E119295
Successful Login to ipoll site
## Waiting for surveys to load ##
linkMTE5Mjk1
** CHK AMT **
                                                    <td class="col-reward-amount">
                                                                                                                                                    $8.00 
                                                                                                                                                                                    </td>
                            <td class="col-status">
********
FAIL
.119295
Successful Login to ipoll site
## Waiting for surveys to load ##
linkMTE5Mjk1
** CHK AMT **
                                                    <td class="col-reward-amount">
                                                                                                                                                    $3.00 
                                                                                                                                                                                    </td>
                            <td class="col-status">
********
FAIL
.
Finished in 549.045548 seconds.

  1) Error:
test_03_success_reward(Test_57_Success_fail_oq_rewards):
Errno::ECONNREFUSED: No connection could be made because the target machine actively refused it. - connect(2)
    C:/Ruby192/lib/ruby/gems/1.9.1/gems/selenium-webdriver-2.31.0/lib/selenium/webdriver/remote/http/default.rb:83:in `response_for'
    C:/Ruby192/lib/ruby/gems/1.9.1/gems/selenium-webdriver-2.31.0/lib/selenium/webdriver/remote/http/default.rb:39:in `request'
    C:/Ruby192/lib/ruby/gems/1.9.1/gems/selenium-webdriver-2.31.0/lib/selenium/webdriver/remote/http/common.rb:40:in `call'
    C:/Ruby192/lib/ruby/gems/1.9.1/gems/selenium-webdriver-2.31.0/lib/selenium/webdriver/remote/bridge.rb:616:in `raw_execute'
    C:/Ruby192/lib/ruby/gems/1.9.1/gems/selenium-webdriver-2.31.0/lib/selenium/webdriver/remote/bridge.rb:594:in `execute'
    C:/Ruby192/lib/ruby/gems/1.9.1/gems/selenium-webdriver-2.31.0/lib/selenium/webdriver/remote/bridge.rb:190:in `quit'
    C:/Ruby192/lib/ruby/gems/1.9.1/gems/selenium-webdriver-2.31.0/lib/selenium/webdriver/firefox/bridge.rb:55:in `quit'
    C:/Ruby192/lib/ruby/gems/1.9.1/gems/selenium-webdriver-2.31.0/lib/selenium/webdriver/common/driver.rb:168:in `quit'
    C:/Ruby192/lib/ruby/gems/1.9.1/gems/watir-webdriver-0.6.1/lib/watir-webdriver/browser.rb:87:in `close'
    Test_57_Success_fail_oq_rewards.rb:241:in `rescue in test_03_success_reward'
    Test_57_Success_fail_oq_rewards.rb:136:in `test_03_success_reward'

5 tests, 0 assertions, 0 failures, 1 errors, 0 skips

Test run options: --seed 5456
Loaded suite Test_58_Confirmit_code_url
Started
.Started InternetExplorerDriver server (32-bit)
2.39.0.0
Listening on port 5555
Successful Login to Usampadmin
25910

can't convert nil into String
["C:/Ruby192/lib/ruby/1.9.1/base64.rb:38:in `pack'", "C:/Ruby192/lib/ruby/1.9.1/base64.rb:38:in `encode64'", "Test_58_Confirmit_code_url.rb:61:in `test_02_confirmit_code_qg_set'", "C:/Ruby192/lib/ruby/1.9.1/minitest/unit.rb:695:in `run'", "C:/Ruby192/lib/ruby/1.9.1/minitest/unit.rb:656:in `block (2 levels) in run_test_suites'", "C:/Ruby192/lib/ruby/1.9.1/minitest/unit.rb:650:in `each'", "C:/Ruby192/lib/ruby/1.9.1/minitest/unit.rb:650:in `block in run_test_suites'", "C:/Ruby192/lib/ruby/1.9.1/minitest/unit.rb:649:in `each'", "C:/Ruby192/lib/ruby/1.9.1/minitest/unit.rb:649:in `run_test_suites'", "C:/Ruby192/lib/ruby/1.9.1/minitest/unit.rb:609:in `run'", "C:/Ruby192/lib/ruby/1.9.1/minitest/unit.rb:508:in `block in autorun'"]
E
Successful Login to ipoll site
## Waiting for surveys to load ##
can't convert nil into String
["C:/Ruby192/lib/ruby/1.9.1/base64.rb:38:in `pack'", "C:/Ruby192/lib/ruby/1.9.1/base64.rb:38:in `encode64'", "Test_58_Confirmit_code_url.rb:133:in `test_03_confirmit_code_survey_complete'", "C:/Ruby192/lib/ruby/1.9.1/minitest/unit.rb:695:in `run'", "C:/Ruby192/lib/ruby/1.9.1/minitest/unit.rb:656:in `block (2 levels) in run_test_suites'", "C:/Ruby192/lib/ruby/1.9.1/minitest/unit.rb:650:in `each'", "C:/Ruby192/lib/ruby/1.9.1/minitest/unit.rb:650:in `block in run_test_suites'", "C:/Ruby192/lib/ruby/1.9.1/minitest/unit.rb:649:in `each'", "C:/Ruby192/lib/ruby/1.9.1/minitest/unit.rb:649:in `run_test_suites'", "C:/Ruby192/lib/ruby/1.9.1/minitest/unit.rb:609:in `run'", "C:/Ruby192/lib/ruby/1.9.1/minitest/unit.rb:508:in `block in autorun'"]
E25910

Successful Login to ipoll site
## Waiting for surveys to load ##
can't convert nil into String
["C:/Ruby192/lib/ruby/1.9.1/base64.rb:38:in `pack'", "C:/Ruby192/lib/ruby/1.9.1/base64.rb:38:in `encode64'", "Test_58_Confirmit_code_url.rb:204:in `test_04_conf_code_qg_auto_close'", "C:/Ruby192/lib/ruby/1.9.1/minitest/unit.rb:695:in `run'", "C:/Ruby192/lib/ruby/1.9.1/minitest/unit.rb:656:in `block (2 levels) in run_test_suites'", "C:/Ruby192/lib/ruby/1.9.1/minitest/unit.rb:650:in `each'", "C:/Ruby192/lib/ruby/1.9.1/minitest/unit.rb:650:in `block in run_test_suites'", "C:/Ruby192/lib/ruby/1.9.1/minitest/unit.rb:649:in `each'", "C:/Ruby192/lib/ruby/1.9.1/minitest/unit.rb:649:in `run_test_suites'", "C:/Ruby192/lib/ruby/1.9.1/minitest/unit.rb:609:in `run'", "C:/Ruby192/lib/ruby/1.9.1/minitest/unit.rb:508:in `block in autorun'"]
EStarted InternetExplorerDriver server (32-bit)
2.39.0.0
Listening on port 5555
Successful Login to Usampadmin
25910

can't convert nil into String
["C:/Ruby192/lib/ruby/1.9.1/base64.rb:38:in `pack'", "C:/Ruby192/lib/ruby/1.9.1/base64.rb:38:in `encode64'", "Test_58_Confirmit_code_url.rb:285:in `test_05_confirmit_url_qg_set'", "C:/Ruby192/lib/ruby/1.9.1/minitest/unit.rb:695:in `run'", "C:/Ruby192/lib/ruby/1.9.1/minitest/unit.rb:656:in `block (2 levels) in run_test_suites'", "C:/Ruby192/lib/ruby/1.9.1/minitest/unit.rb:650:in `each'", "C:/Ruby192/lib/ruby/1.9.1/minitest/unit.rb:650:in `block in run_test_suites'", "C:/Ruby192/lib/ruby/1.9.1/minitest/unit.rb:649:in `each'", "C:/Ruby192/lib/ruby/1.9.1/minitest/unit.rb:649:in `run_test_suites'", "C:/Ruby192/lib/ruby/1.9.1/minitest/unit.rb:609:in `run'", "C:/Ruby192/lib/ruby/1.9.1/minitest/unit.rb:508:in `block in autorun'"]
E
Successful Login to ipoll site
## Waiting for surveys to load ##
can't convert nil into String
["C:/Ruby192/lib/ruby/1.9.1/base64.rb:38:in `pack'", "C:/Ruby192/lib/ruby/1.9.1/base64.rb:38:in `encode64'", "Test_58_Confirmit_code_url.rb:354:in `test_06_confirmit_url_survey_complete'", "C:/Ruby192/lib/ruby/1.9.1/minitest/unit.rb:695:in `run'", "C:/Ruby192/lib/ruby/1.9.1/minitest/unit.rb:656:in `block (2 levels) in run_test_suites'", "C:/Ruby192/lib/ruby/1.9.1/minitest/unit.rb:650:in `each'", "C:/Ruby192/lib/ruby/1.9.1/minitest/unit.rb:650:in `block in run_test_suites'", "C:/Ruby192/lib/ruby/1.9.1/minitest/unit.rb:649:in `each'", "C:/Ruby192/lib/ruby/1.9.1/minitest/unit.rb:649:in `run_test_suites'", "C:/Ruby192/lib/ruby/1.9.1/minitest/unit.rb:609:in `run'", "C:/Ruby192/lib/ruby/1.9.1/minitest/unit.rb:508:in `block in autorun'"]
E25910

Successful Login to ipoll site
## Waiting for surveys to load ##
can't convert nil into String
["C:/Ruby192/lib/ruby/1.9.1/base64.rb:38:in `pack'", "C:/Ruby192/lib/ruby/1.9.1/base64.rb:38:in `encode64'", "Test_58_Confirmit_code_url.rb:427:in `test_07_conf_url_qg_auto_close'", "C:/Ruby192/lib/ruby/1.9.1/minitest/unit.rb:695:in `run'", "C:/Ruby192/lib/ruby/1.9.1/minitest/unit.rb:656:in `block (2 levels) in run_test_suites'", "C:/Ruby192/lib/ruby/1.9.1/minitest/unit.rb:650:in `each'", "C:/Ruby192/lib/ruby/1.9.1/minitest/unit.rb:650:in `block in run_test_suites'", "C:/Ruby192/lib/ruby/1.9.1/minitest/unit.rb:649:in `each'", "C:/Ruby192/lib/ruby/1.9.1/minitest/unit.rb:649:in `run_test_suites'", "C:/Ruby192/lib/ruby/1.9.1/minitest/unit.rb:609:in `run'", "C:/Ruby192/lib/ruby/1.9.1/minitest/unit.rb:508:in `block in autorun'"]
E25910

can't convert nil into String
["C:/Ruby192/lib/ruby/1.9.1/base64.rb:38:in `pack'", "C:/Ruby192/lib/ruby/1.9.1/base64.rb:38:in `encode64'", "Test_58_Confirmit_code_url.rb:503:in `test_08_reset_qg'", "C:/Ruby192/lib/ruby/1.9.1/minitest/unit.rb:695:in `run'", "C:/Ruby192/lib/ruby/1.9.1/minitest/unit.rb:656:in `block (2 levels) in run_test_suites'", "C:/Ruby192/lib/ruby/1.9.1/minitest/unit.rb:650:in `each'", "C:/Ruby192/lib/ruby/1.9.1/minitest/unit.rb:650:in `block in run_test_suites'", "C:/Ruby192/lib/ruby/1.9.1/minitest/unit.rb:649:in `each'", "C:/Ruby192/lib/ruby/1.9.1/minitest/unit.rb:649:in `run_test_suites'", "C:/Ruby192/lib/ruby/1.9.1/minitest/unit.rb:609:in `run'", "C:/Ruby192/lib/ruby/1.9.1/minitest/unit.rb:508:in `block in autorun'"]
.
Finished in 290.285931 seconds.

  1) Error:
test_02_confirmit_code_qg_set(Test_58_Confirmit_code_url):
TypeError: can't convert nil into String
    Test_58_Confirmit_code_url.rb:113:in `+'
    Test_58_Confirmit_code_url.rb:113:in `rescue in test_02_confirmit_code_qg_set'
    Test_58_Confirmit_code_url.rb:44:in `test_02_confirmit_code_qg_set'

  2) Error:
test_03_confirmit_code_survey_complete(Test_58_Confirmit_code_url):
TypeError: can't convert nil into String
    Test_58_Confirmit_code_url.rb:179:in `+'
    Test_58_Confirmit_code_url.rb:179:in `rescue in test_03_confirmit_code_survey_complete'
    Test_58_Confirmit_code_url.rb:121:in `test_03_confirmit_code_survey_complete'

  3) Error:
test_04_conf_code_qg_auto_close(Test_58_Confirmit_code_url):
TypeError: can't convert nil into String
    Test_58_Confirmit_code_url.rb:260:in `+'
    Test_58_Confirmit_code_url.rb:260:in `rescue in test_04_conf_code_qg_auto_close'
    Test_58_Confirmit_code_url.rb:187:in `test_04_conf_code_qg_auto_close'

  4) Error:
test_05_confirmit_url_qg_set(Test_58_Confirmit_code_url):
TypeError: can't convert nil into String
    Test_58_Confirmit_code_url.rb:334:in `+'
    Test_58_Confirmit_code_url.rb:334:in `rescue in test_05_confirmit_url_qg_set'
    Test_58_Confirmit_code_url.rb:268:in `test_05_confirmit_url_qg_set'

  5) Error:
test_06_confirmit_url_survey_complete(Test_58_Confirmit_code_url):
TypeError: can't convert nil into String
    Test_58_Confirmit_code_url.rb:401:in `+'
    Test_58_Confirmit_code_url.rb:401:in `rescue in test_06_confirmit_url_survey_complete'
    Test_58_Confirmit_code_url.rb:342:in `test_06_confirmit_url_survey_complete'

  6) Error:
test_07_conf_url_qg_auto_close(Test_58_Confirmit_code_url):
TypeError: can't convert nil into String
    Test_58_Confirmit_code_url.rb:483:in `+'
    Test_58_Confirmit_code_url.rb:483:in `rescue in test_07_conf_url_qg_auto_close'
    Test_58_Confirmit_code_url.rb:410:in `test_07_conf_url_qg_auto_close'

8 tests, 0 assertions, 0 failures, 6 errors, 0 skips

Test run options: --seed 3018
D:/IMPROVED_CODE_AAMIR/Output Repository/Non4S_Test_Report.html
Loaded suite IM_Suite
Started

Finished in 0.000000 seconds.

0 tests, 0 assertions, 0 failures, 0 errors, 0 skips

Test run options: --seed 34532
