
D:\IMPROVED_CODE_AAMIR>copy "D:\IMPROVED_CODE_AAMIR\Output Repository\Non4S_Test_Report.html" "D:\IMPROVED_CODE_AAMIR\Output Repository Archive\Non4s_Report_04/43/_17435.html" 
        0 file(s) copied.
Loaded suite Test_01_Project_QG_Create
Started
.Started InternetExplorerDriver server (32-bit)
2.39.0.0
Listening on port 5556
Successful Login to Usampadmin
26782
.QG CREATION PASS
********
GROUP DETAILS: QG122225
********
122225
..
Finished in 341.792187 seconds.

4 tests, 0 assertions, 0 failures, 0 errors, 0 skips

Test run options: --seed 7183
Loaded suite Test_02_Auto_Open_QG
Started
.26782
122225
Started InternetExplorerDriver server (32-bit)
2.39.0.0
Listening on port 5556
Successful Login to Usampadmin
05
07
02
05
09
02
.
Finished in 266.477277 seconds.

2 tests, 0 assertions, 0 failures, 0 errors, 0 skips

Test run options: --seed 20171
Loaded suite Test_03_Auto_Close_QG
Started
.26782
122225
Started InternetExplorerDriver server (32-bit)
2.39.0.0
Listening on port 5556
Successful Login to Usampadmin
Cannot click on element
["C:/Ruby192/lib/ruby/gems/1.9.1/gems/selenium-webdriver-2.31.0/lib/selenium/webdriver/remote/response.rb:52:in `assert_ok'", "C:/Ruby192/lib/ruby/gems/1.9.1/gems/selenium-webdriver-2.31.0/lib/selenium/webdriver/remote/response.rb:15:in `initialize'", "C:/Ruby192/lib/ruby/gems/1.9.1/gems/selenium-webdriver-2.31.0/lib/selenium/webdriver/remote/http/common.rb:59:in `new'", "C:/Ruby192/lib/ruby/gems/1.9.1/gems/selenium-webdriver-2.31.0/lib/selenium/webdriver/remote/http/common.rb:59:in `create_response'", "C:/Ruby192/lib/ruby/gems/1.9.1/gems/selenium-webdriver-2.31.0/lib/selenium/webdriver/remote/http/default.rb:66:in `request'", "C:/Ruby192/lib/ruby/gems/1.9.1/gems/selenium-webdriver-2.31.0/lib/selenium/webdriver/remote/http/common.rb:40:in `call'", "C:/Ruby192/lib/ruby/gems/1.9.1/gems/selenium-webdriver-2.31.0/lib/selenium/webdriver/remote/bridge.rb:616:in `raw_execute'", "C:/Ruby192/lib/ruby/gems/1.9.1/gems/selenium-webdriver-2.31.0/lib/selenium/webdriver/remote/bridge.rb:594:in `execute'", "C:/Ruby192/lib/ruby/gems/1.9.1/gems/selenium-webdriver-2.31.0/lib/selenium/webdriver/remote/bridge.rb:359:in `clickElement'", "C:/Ruby192/lib/ruby/gems/1.9.1/gems/selenium-webdriver-2.31.0/lib/selenium/webdriver/common/element.rb:54:in `click'", "C:/Ruby192/lib/ruby/gems/1.9.1/gems/watir-webdriver-0.6.1/lib/watir-webdriver/elements/element.rb:108:in `click'", "Test_03_Auto_Close_QG.rb:62:in `test_02_autoclose_time'", "C:/Ruby192/lib/ruby/1.9.1/minitest/unit.rb:695:in `run'", "C:/Ruby192/lib/ruby/1.9.1/minitest/unit.rb:656:in `block (2 levels) in run_test_suites'", "C:/Ruby192/lib/ruby/1.9.1/minitest/unit.rb:650:in `each'", "C:/Ruby192/lib/ruby/1.9.1/minitest/unit.rb:650:in `block in run_test_suites'", "C:/Ruby192/lib/ruby/1.9.1/minitest/unit.rb:649:in `each'", "C:/Ruby192/lib/ruby/1.9.1/minitest/unit.rb:649:in `run_test_suites'", "C:/Ruby192/lib/ruby/1.9.1/minitest/unit.rb:609:in `run'", "C:/Ruby192/lib/ruby/1.9.1/minitest/unit.rb:508:in `block in autorun'"]
.26782
122225
Started InternetExplorerDriver server (32-bit)
2.39.0.0
Listening on port 5556
Successful Login to Usampadmin
unable to locate element, using {:name=>"optAutoCloseStatus", :tag_name=>"select"}
["C:/Ruby192/lib/ruby/gems/1.9.1/gems/watir-webdriver-0.6.1/lib/watir-webdriver/elements/element.rb:365:in `assert_exists'", "C:/Ruby192/lib/ruby/gems/1.9.1/gems/watir-webdriver-0.6.1/lib/watir-webdriver/elements/select.rb:125:in `select_by'", "C:/Ruby192/lib/ruby/gems/1.9.1/gems/watir-webdriver-0.6.1/lib/watir-webdriver/elements/select.rb:64:in `select'", "Test_03_Auto_Close_QG.rb:201:in `test_03_autoclose_clicks'", "C:/Ruby192/lib/ruby/1.9.1/minitest/unit.rb:695:in `run'", "C:/Ruby192/lib/ruby/1.9.1/minitest/unit.rb:656:in `block (2 levels) in run_test_suites'", "C:/Ruby192/lib/ruby/1.9.1/minitest/unit.rb:650:in `each'", "C:/Ruby192/lib/ruby/1.9.1/minitest/unit.rb:650:in `block in run_test_suites'", "C:/Ruby192/lib/ruby/1.9.1/minitest/unit.rb:649:in `each'", "C:/Ruby192/lib/ruby/1.9.1/minitest/unit.rb:649:in `run_test_suites'", "C:/Ruby192/lib/ruby/1.9.1/minitest/unit.rb:609:in `run'", "C:/Ruby192/lib/ruby/1.9.1/minitest/unit.rb:508:in `block in autorun'"]
.26782
122225
Started InternetExplorerDriver server (32-bit)
2.39.0.0
Listening on port 5556
Successful Login to Usampadmin
Completes settings saving failed
.
Finished in 313.275650 seconds.

4 tests, 0 assertions, 0 failures, 0 errors, 0 skips

Test run options: --seed 3392
Loaded suite Test_04_Non_member_survey_complete
Started
.26782
122225
Started InternetExplorerDriver server (32-bit)
2.39.0.0
Listening on port 5556
Successful Login to Usampadmin
.26782
122225
Started InternetExplorerDriver server (32-bit)
2.39.0.0
Listening on port 5557
Successful Login to Usampadmin
.26782
122225
Started InternetExplorerDriver server (32-bit)
2.39.0.0
Listening on port 5556
Successful Login to Usampadmin
.
Finished in 239.663919 seconds.

4 tests, 0 assertions, 0 failures, 0 errors, 0 skips

Test run options: --seed 10227
Loaded suite Test_05_Member_registration
Started
.test string
auto_test22.desnew2014-04-130521@mailop.com
**** Waiting for surveys to load ****
pass
.Started InternetExplorerDriver server (32-bit)
2.39.0.0
Listening on port 5556
Successful Login to Usampadmin
auto_test22.desnew2014-04-130521@mailop.com
M24687048
.Element is not currently visible and so may not be interacted with
["[remote server] file:///C:/DOCUME~1/ADMINI~1/LOCALS~1/Temp/webdriver-rb-profilecopy20140413-4332-hj3z91/extensions/fxdriver@googlecode.com/components/command_processor.js:7567:in `unknown'", "[remote server] file:///C:/DOCUME~1/ADMINI~1/LOCALS~1/Temp/webdriver-rb-profilecopy20140413-4332-hj3z91/extensions/fxdriver@googlecode.com/components/command_processor.js:10256:in `unknown'", "[remote server] file:///C:/DOCUME~1/ADMINI~1/LOCALS~1/Temp/webdriver-rb-profilecopy20140413-4332-hj3z91/extensions/fxdriver@googlecode.com/components/command_processor.js:10275:in `unknown'", "[remote server] file:///C:/DOCUME~1/ADMINI~1/LOCALS~1/Temp/webdriver-rb-profilecopy20140413-4332-hj3z91/extensions/fxdriver@googlecode.com/components/command_processor.js:10280:in `unknown'", "[remote server] file:///C:/DOCUME~1/ADMINI~1/LOCALS~1/Temp/webdriver-rb-profilecopy20140413-4332-hj3z91/extensions/fxdriver@googlecode.com/components/command_processor.js:10220:in `unknown'", "C:/Ruby192/lib/ruby/gems/1.9.1/gems/selenium-webdriver-2.31.0/lib/selenium/webdriver/remote/response.rb:52:in `assert_ok'", "C:/Ruby192/lib/ruby/gems/1.9.1/gems/selenium-webdriver-2.31.0/lib/selenium/webdriver/remote/response.rb:15:in `initialize'", "C:/Ruby192/lib/ruby/gems/1.9.1/gems/selenium-webdriver-2.31.0/lib/selenium/webdriver/remote/http/common.rb:59:in `new'", "C:/Ruby192/lib/ruby/gems/1.9.1/gems/selenium-webdriver-2.31.0/lib/selenium/webdriver/remote/http/common.rb:59:in `create_response'", "C:/Ruby192/lib/ruby/gems/1.9.1/gems/selenium-webdriver-2.31.0/lib/selenium/webdriver/remote/http/default.rb:66:in `request'", "C:/Ruby192/lib/ruby/gems/1.9.1/gems/selenium-webdriver-2.31.0/lib/selenium/webdriver/remote/http/common.rb:40:in `call'", "C:/Ruby192/lib/ruby/gems/1.9.1/gems/selenium-webdriver-2.31.0/lib/selenium/webdriver/remote/bridge.rb:616:in `raw_execute'", "C:/Ruby192/lib/ruby/gems/1.9.1/gems/selenium-webdriver-2.31.0/lib/selenium/webdriver/remote/bridge.rb:594:in `execute'", "C:/Ruby192/lib/ruby/gems/1.9.1/gems/selenium-webdriver-2.31.0/lib/selenium/webdriver/remote/bridge.rb:413:in `clearElement'", "C:/Ruby192/lib/ruby/gems/1.9.1/gems/selenium-webdriver-2.31.0/lib/selenium/webdriver/common/element.rb:141:in `clear'", "C:/Ruby192/lib/ruby/gems/1.9.1/gems/watir-webdriver-0.6.1/lib/watir-webdriver/user_editable.rb:11:in `set'", "Test_05_Member_registration.rb:233:in `test_04_member_signup_Focusline'", "C:/Ruby192/lib/ruby/1.9.1/minitest/unit.rb:695:in `run'", "C:/Ruby192/lib/ruby/1.9.1/minitest/unit.rb:656:in `block (2 levels) in run_test_suites'", "C:/Ruby192/lib/ruby/1.9.1/minitest/unit.rb:650:in `each'", "C:/Ruby192/lib/ruby/1.9.1/minitest/unit.rb:650:in `block in run_test_suites'", "C:/Ruby192/lib/ruby/1.9.1/minitest/unit.rb:649:in `each'", "C:/Ruby192/lib/ruby/1.9.1/minitest/unit.rb:649:in `run_test_suites'", "C:/Ruby192/lib/ruby/1.9.1/minitest/unit.rb:609:in `run'", "C:/Ruby192/lib/ruby/1.9.1/minitest/unit.rb:508:in `block in autorun'"]
.Started InternetExplorerDriver server (32-bit)
2.39.0.0
Listening on port 5556
Successful Login to Usampadmin
auto_test22.des2014-02-240427@mailop.com

unable to locate element, using {:text=>"", :tag_name=>"a"}
["C:/Ruby192/lib/ruby/gems/1.9.1/gems/watir-webdriver-0.6.1/lib/watir-webdriver/elements/element.rb:365:in `assert_exists'", "C:/Ruby192/lib/ruby/gems/1.9.1/gems/watir-webdriver-0.6.1/lib/watir-webdriver/elements/element.rb:95:in `click'", "Test_05_Member_registration.rb:333:in `test_05_member_in_admin_Focusline'", "C:/Ruby192/lib/ruby/1.9.1/minitest/unit.rb:695:in `run'", "C:/Ruby192/lib/ruby/1.9.1/minitest/unit.rb:656:in `block (2 levels) in run_test_suites'", "C:/Ruby192/lib/ruby/1.9.1/minitest/unit.rb:650:in `each'", "C:/Ruby192/lib/ruby/1.9.1/minitest/unit.rb:650:in `block in run_test_suites'", "C:/Ruby192/lib/ruby/1.9.1/minitest/unit.rb:649:in `each'", "C:/Ruby192/lib/ruby/1.9.1/minitest/unit.rb:649:in `run_test_suites'", "C:/Ruby192/lib/ruby/1.9.1/minitest/unit.rb:609:in `run'", "C:/Ruby192/lib/ruby/1.9.1/minitest/unit.rb:508:in `block in autorun'"]
.auto_test22.desnew2014-04-130521@mailop.com
auto_test22.desnew2014-04-1305
.auto_test22.des2014-02-240427@mailop.com
auto_test22.des2014-02-2404
.
Finished in 394.840759 seconds.

7 tests, 0 assertions, 0 failures, 0 errors, 0 skips

Test run options: --seed 18260
Loaded suite Test_07_Publisher_category_filer
Started
.Started InternetExplorerDriver server (32-bit)
2.39.0.0
Listening on port 5556
Successful Login to Usampadmin
26782
122225
Element is not currently visible and so may not be interacted with
["[remote server] file:///C:/DOCUME~1/ADMINI~1/LOCALS~1/Temp/webdriver-rb-profilecopy20140413-8972-3cw0tq/extensions/fxdriver@googlecode.com/components/command_processor.js:7567:in `unknown'", "[remote server] file:///C:/DOCUME~1/ADMINI~1/LOCALS~1/Temp/webdriver-rb-profilecopy20140413-8972-3cw0tq/extensions/fxdriver@googlecode.com/components/command_processor.js:10256:in `unknown'", "[remote server] file:///C:/DOCUME~1/ADMINI~1/LOCALS~1/Temp/webdriver-rb-profilecopy20140413-8972-3cw0tq/extensions/fxdriver@googlecode.com/components/command_processor.js:10275:in `unknown'", "[remote server] file:///C:/DOCUME~1/ADMINI~1/LOCALS~1/Temp/webdriver-rb-profilecopy20140413-8972-3cw0tq/extensions/fxdriver@googlecode.com/components/command_processor.js:10280:in `unknown'", "[remote server] file:///C:/DOCUME~1/ADMINI~1/LOCALS~1/Temp/webdriver-rb-profilecopy20140413-8972-3cw0tq/extensions/fxdriver@googlecode.com/components/command_processor.js:10220:in `unknown'", "C:/Ruby192/lib/ruby/gems/1.9.1/gems/selenium-webdriver-2.31.0/lib/selenium/webdriver/remote/response.rb:52:in `assert_ok'", "C:/Ruby192/lib/ruby/gems/1.9.1/gems/selenium-webdriver-2.31.0/lib/selenium/webdriver/remote/response.rb:15:in `initialize'", "C:/Ruby192/lib/ruby/gems/1.9.1/gems/selenium-webdriver-2.31.0/lib/selenium/webdriver/remote/http/common.rb:59:in `new'", "C:/Ruby192/lib/ruby/gems/1.9.1/gems/selenium-webdriver-2.31.0/lib/selenium/webdriver/remote/http/common.rb:59:in `create_response'", "C:/Ruby192/lib/ruby/gems/1.9.1/gems/selenium-webdriver-2.31.0/lib/selenium/webdriver/remote/http/default.rb:66:in `request'", "C:/Ruby192/lib/ruby/gems/1.9.1/gems/selenium-webdriver-2.31.0/lib/selenium/webdriver/remote/http/common.rb:40:in `call'", "C:/Ruby192/lib/ruby/gems/1.9.1/gems/selenium-webdriver-2.31.0/lib/selenium/webdriver/remote/bridge.rb:616:in `raw_execute'", "C:/Ruby192/lib/ruby/gems/1.9.1/gems/selenium-webdriver-2.31.0/lib/selenium/webdriver/remote/bridge.rb:594:in `execute'", "C:/Ruby192/lib/ruby/gems/1.9.1/gems/selenium-webdriver-2.31.0/lib/selenium/webdriver/remote/bridge.rb:413:in `clearElement'", "C:/Ruby192/lib/ruby/gems/1.9.1/gems/selenium-webdriver-2.31.0/lib/selenium/webdriver/common/element.rb:141:in `clear'", "C:/Ruby192/lib/ruby/gems/1.9.1/gems/watir-webdriver-0.6.1/lib/watir-webdriver/user_editable.rb:11:in `set'", "D:/IMPROVED_CODE_AAMIR/Usamp_lib.rb:164:in `Focusline_login'", "Test_07_Publisher_category_filer.rb:71:in `test_02_publisher_category_filter_match'", "C:/Ruby192/lib/ruby/1.9.1/minitest/unit.rb:695:in `run'", "C:/Ruby192/lib/ruby/1.9.1/minitest/unit.rb:656:in `block (2 levels) in run_test_suites'", "C:/Ruby192/lib/ruby/1.9.1/minitest/unit.rb:650:in `each'", "C:/Ruby192/lib/ruby/1.9.1/minitest/unit.rb:650:in `block in run_test_suites'", "C:/Ruby192/lib/ruby/1.9.1/minitest/unit.rb:649:in `each'", "C:/Ruby192/lib/ruby/1.9.1/minitest/unit.rb:649:in `run_test_suites'", "C:/Ruby192/lib/ruby/1.9.1/minitest/unit.rb:609:in `run'", "C:/Ruby192/lib/ruby/1.9.1/minitest/unit.rb:508:in `block in autorun'"]
.Started InternetExplorerDriver server (32-bit)
2.39.0.0
Listening on port 5556
Successful Login to Usampadmin
26782
122225
Element is not currently visible and so may not be interacted with
["[remote server] file:///C:/DOCUME~1/ADMINI~1/LOCALS~1/Temp/webdriver-rb-profilecopy20140413-8972-gk7m9s/extensions/fxdriver@googlecode.com/components/command_processor.js:7567:in `unknown'", "[remote server] file:///C:/DOCUME~1/ADMINI~1/LOCALS~1/Temp/webdriver-rb-profilecopy20140413-8972-gk7m9s/extensions/fxdriver@googlecode.com/components/command_processor.js:10256:in `unknown'", "[remote server] file:///C:/DOCUME~1/ADMINI~1/LOCALS~1/Temp/webdriver-rb-profilecopy20140413-8972-gk7m9s/extensions/fxdriver@googlecode.com/components/command_processor.js:10275:in `unknown'", "[remote server] file:///C:/DOCUME~1/ADMINI~1/LOCALS~1/Temp/webdriver-rb-profilecopy20140413-8972-gk7m9s/extensions/fxdriver@googlecode.com/components/command_processor.js:10280:in `unknown'", "[remote server] file:///C:/DOCUME~1/ADMINI~1/LOCALS~1/Temp/webdriver-rb-profilecopy20140413-8972-gk7m9s/extensions/fxdriver@googlecode.com/components/command_processor.js:10220:in `unknown'", "C:/Ruby192/lib/ruby/gems/1.9.1/gems/selenium-webdriver-2.31.0/lib/selenium/webdriver/remote/response.rb:52:in `assert_ok'", "C:/Ruby192/lib/ruby/gems/1.9.1/gems/selenium-webdriver-2.31.0/lib/selenium/webdriver/remote/response.rb:15:in `initialize'", "C:/Ruby192/lib/ruby/gems/1.9.1/gems/selenium-webdriver-2.31.0/lib/selenium/webdriver/remote/http/common.rb:59:in `new'", "C:/Ruby192/lib/ruby/gems/1.9.1/gems/selenium-webdriver-2.31.0/lib/selenium/webdriver/remote/http/common.rb:59:in `create_response'", "C:/Ruby192/lib/ruby/gems/1.9.1/gems/selenium-webdriver-2.31.0/lib/selenium/webdriver/remote/http/default.rb:66:in `request'", "C:/Ruby192/lib/ruby/gems/1.9.1/gems/selenium-webdriver-2.31.0/lib/selenium/webdriver/remote/http/common.rb:40:in `call'", "C:/Ruby192/lib/ruby/gems/1.9.1/gems/selenium-webdriver-2.31.0/lib/selenium/webdriver/remote/bridge.rb:616:in `raw_execute'", "C:/Ruby192/lib/ruby/gems/1.9.1/gems/selenium-webdriver-2.31.0/lib/selenium/webdriver/remote/bridge.rb:594:in `execute'", "C:/Ruby192/lib/ruby/gems/1.9.1/gems/selenium-webdriver-2.31.0/lib/selenium/webdriver/remote/bridge.rb:413:in `clearElement'", "C:/Ruby192/lib/ruby/gems/1.9.1/gems/selenium-webdriver-2.31.0/lib/selenium/webdriver/common/element.rb:141:in `clear'", "C:/Ruby192/lib/ruby/gems/1.9.1/gems/watir-webdriver-0.6.1/lib/watir-webdriver/user_editable.rb:11:in `set'", "D:/IMPROVED_CODE_AAMIR/Usamp_lib.rb:164:in `Focusline_login'", "Test_07_Publisher_category_filer.rb:127:in `test_03_publisher_category_filter_mismatch'", "C:/Ruby192/lib/ruby/1.9.1/minitest/unit.rb:695:in `run'", "C:/Ruby192/lib/ruby/1.9.1/minitest/unit.rb:656:in `block (2 levels) in run_test_suites'", "C:/Ruby192/lib/ruby/1.9.1/minitest/unit.rb:650:in `each'", "C:/Ruby192/lib/ruby/1.9.1/minitest/unit.rb:650:in `block in run_test_suites'", "C:/Ruby192/lib/ruby/1.9.1/minitest/unit.rb:649:in `each'", "C:/Ruby192/lib/ruby/1.9.1/minitest/unit.rb:649:in `run_test_suites'", "C:/Ruby192/lib/ruby/1.9.1/minitest/unit.rb:609:in `run'", "C:/Ruby192/lib/ruby/1.9.1/minitest/unit.rb:508:in `block in autorun'"]
E
Finished in 142.410807 seconds.

  1) Error:
test_03_publisher_category_filter_mismatch(Test_07_Publisher_filter_category):
NoMethodError: undefined method `close' for nil:NilClass
    Test_07_Publisher_category_filer.rb:157:in `rescue in test_03_publisher_category_filter_mismatch'
    Test_07_Publisher_category_filer.rb:100:in `test_03_publisher_category_filter_mismatch'

3 tests, 0 assertions, 0 failures, 1 errors, 0 skips

Test run options: --seed 55324
Loaded suite Test_08_Publisher_margin_%
Started
.Started InternetExplorerDriver server (32-bit)
2.39.0.0
Listening on port 5556
Successful Login to Usampadmin
26782
122225
Element is not currently visible and so may not be interacted with
["[remote server] file:///C:/DOCUME~1/ADMINI~1/LOCALS~1/Temp/webdriver-rb-profilecopy20140413-10984-bn521t/extensions/fxdriver@googlecode.com/components/command_processor.js:7567:in `unknown'", "[remote server] file:///C:/DOCUME~1/ADMINI~1/LOCALS~1/Temp/webdriver-rb-profilecopy20140413-10984-bn521t/extensions/fxdriver@googlecode.com/components/command_processor.js:10256:in `unknown'", "[remote server] file:///C:/DOCUME~1/ADMINI~1/LOCALS~1/Temp/webdriver-rb-profilecopy20140413-10984-bn521t/extensions/fxdriver@googlecode.com/components/command_processor.js:10275:in `unknown'", "[remote server] file:///C:/DOCUME~1/ADMINI~1/LOCALS~1/Temp/webdriver-rb-profilecopy20140413-10984-bn521t/extensions/fxdriver@googlecode.com/components/command_processor.js:10280:in `unknown'", "[remote server] file:///C:/DOCUME~1/ADMINI~1/LOCALS~1/Temp/webdriver-rb-profilecopy20140413-10984-bn521t/extensions/fxdriver@googlecode.com/components/command_processor.js:10220:in `unknown'", "C:/Ruby192/lib/ruby/gems/1.9.1/gems/selenium-webdriver-2.31.0/lib/selenium/webdriver/remote/response.rb:52:in `assert_ok'", "C:/Ruby192/lib/ruby/gems/1.9.1/gems/selenium-webdriver-2.31.0/lib/selenium/webdriver/remote/response.rb:15:in `initialize'", "C:/Ruby192/lib/ruby/gems/1.9.1/gems/selenium-webdriver-2.31.0/lib/selenium/webdriver/remote/http/common.rb:59:in `new'", "C:/Ruby192/lib/ruby/gems/1.9.1/gems/selenium-webdriver-2.31.0/lib/selenium/webdriver/remote/http/common.rb:59:in `create_response'", "C:/Ruby192/lib/ruby/gems/1.9.1/gems/selenium-webdriver-2.31.0/lib/selenium/webdriver/remote/http/default.rb:66:in `request'", "C:/Ruby192/lib/ruby/gems/1.9.1/gems/selenium-webdriver-2.31.0/lib/selenium/webdriver/remote/http/common.rb:40:in `call'", "C:/Ruby192/lib/ruby/gems/1.9.1/gems/selenium-webdriver-2.31.0/lib/selenium/webdriver/remote/bridge.rb:616:in `raw_execute'", "C:/Ruby192/lib/ruby/gems/1.9.1/gems/selenium-webdriver-2.31.0/lib/selenium/webdriver/remote/bridge.rb:594:in `execute'", "C:/Ruby192/lib/ruby/gems/1.9.1/gems/selenium-webdriver-2.31.0/lib/selenium/webdriver/remote/bridge.rb:413:in `clearElement'", "C:/Ruby192/lib/ruby/gems/1.9.1/gems/selenium-webdriver-2.31.0/lib/selenium/webdriver/common/element.rb:141:in `clear'", "C:/Ruby192/lib/ruby/gems/1.9.1/gems/watir-webdriver-0.6.1/lib/watir-webdriver/user_editable.rb:11:in `set'", "D:/IMPROVED_CODE_AAMIR/Usamp_lib.rb:164:in `Focusline_login'", "Test_08_Publisher_margin_%.rb:79:in `test_02_publisher_margin_match'", "C:/Ruby192/lib/ruby/1.9.1/minitest/unit.rb:695:in `run'", "C:/Ruby192/lib/ruby/1.9.1/minitest/unit.rb:656:in `block (2 levels) in run_test_suites'", "C:/Ruby192/lib/ruby/1.9.1/minitest/unit.rb:650:in `each'", "C:/Ruby192/lib/ruby/1.9.1/minitest/unit.rb:650:in `block in run_test_suites'", "C:/Ruby192/lib/ruby/1.9.1/minitest/unit.rb:649:in `each'", "C:/Ruby192/lib/ruby/1.9.1/minitest/unit.rb:649:in `run_test_suites'", "C:/Ruby192/lib/ruby/1.9.1/minitest/unit.rb:609:in `run'", "C:/Ruby192/lib/ruby/1.9.1/minitest/unit.rb:508:in `block in autorun'"]
Started InternetExplorerDriver server (32-bit)
2.39.0.0
Listening on port 5557
.Started InternetExplorerDriver server (32-bit)
2.39.0.0
Listening on port 5558
Successful Login to Usampadmin
26782
122225
Element is not currently visible and so may not be interacted with
["[remote server] file:///C:/DOCUME~1/ADMINI~1/LOCALS~1/Temp/webdriver-rb-profilecopy20140413-10984-1rji6ul/extensions/fxdriver@googlecode.com/components/command_processor.js:7567:in `unknown'", "[remote server] file:///C:/DOCUME~1/ADMINI~1/LOCALS~1/Temp/webdriver-rb-profilecopy20140413-10984-1rji6ul/extensions/fxdriver@googlecode.com/components/command_processor.js:10256:in `unknown'", "[remote server] file:///C:/DOCUME~1/ADMINI~1/LOCALS~1/Temp/webdriver-rb-profilecopy20140413-10984-1rji6ul/extensions/fxdriver@googlecode.com/components/command_processor.js:10275:in `unknown'", "[remote server] file:///C:/DOCUME~1/ADMINI~1/LOCALS~1/Temp/webdriver-rb-profilecopy20140413-10984-1rji6ul/extensions/fxdriver@googlecode.com/components/command_processor.js:10280:in `unknown'", "[remote server] file:///C:/DOCUME~1/ADMINI~1/LOCALS~1/Temp/webdriver-rb-profilecopy20140413-10984-1rji6ul/extensions/fxdriver@googlecode.com/components/command_processor.js:10220:in `unknown'", "C:/Ruby192/lib/ruby/gems/1.9.1/gems/selenium-webdriver-2.31.0/lib/selenium/webdriver/remote/response.rb:52:in `assert_ok'", "C:/Ruby192/lib/ruby/gems/1.9.1/gems/selenium-webdriver-2.31.0/lib/selenium/webdriver/remote/response.rb:15:in `initialize'", "C:/Ruby192/lib/ruby/gems/1.9.1/gems/selenium-webdriver-2.31.0/lib/selenium/webdriver/remote/http/common.rb:59:in `new'", "C:/Ruby192/lib/ruby/gems/1.9.1/gems/selenium-webdriver-2.31.0/lib/selenium/webdriver/remote/http/common.rb:59:in `create_response'", "C:/Ruby192/lib/ruby/gems/1.9.1/gems/selenium-webdriver-2.31.0/lib/selenium/webdriver/remote/http/default.rb:66:in `request'", "C:/Ruby192/lib/ruby/gems/1.9.1/gems/selenium-webdriver-2.31.0/lib/selenium/webdriver/remote/http/common.rb:40:in `call'", "C:/Ruby192/lib/ruby/gems/1.9.1/gems/selenium-webdriver-2.31.0/lib/selenium/webdriver/remote/bridge.rb:616:in `raw_execute'", "C:/Ruby192/lib/ruby/gems/1.9.1/gems/selenium-webdriver-2.31.0/lib/selenium/webdriver/remote/bridge.rb:594:in `execute'", "C:/Ruby192/lib/ruby/gems/1.9.1/gems/selenium-webdriver-2.31.0/lib/selenium/webdriver/remote/bridge.rb:413:in `clearElement'", "C:/Ruby192/lib/ruby/gems/1.9.1/gems/selenium-webdriver-2.31.0/lib/selenium/webdriver/common/element.rb:141:in `clear'", "C:/Ruby192/lib/ruby/gems/1.9.1/gems/watir-webdriver-0.6.1/lib/watir-webdriver/user_editable.rb:11:in `set'", "D:/IMPROVED_CODE_AAMIR/Usamp_lib.rb:164:in `Focusline_login'", "Test_08_Publisher_margin_%.rb:136:in `test_03_publisher_margin_mismatch'", "C:/Ruby192/lib/ruby/1.9.1/minitest/unit.rb:695:in `run'", "C:/Ruby192/lib/ruby/1.9.1/minitest/unit.rb:656:in `block (2 levels) in run_test_suites'", "C:/Ruby192/lib/ruby/1.9.1/minitest/unit.rb:650:in `each'", "C:/Ruby192/lib/ruby/1.9.1/minitest/unit.rb:650:in `block in run_test_suites'", "C:/Ruby192/lib/ruby/1.9.1/minitest/unit.rb:649:in `each'", "C:/Ruby192/lib/ruby/1.9.1/minitest/unit.rb:649:in `run_test_suites'", "C:/Ruby192/lib/ruby/1.9.1/minitest/unit.rb:609:in `run'", "C:/Ruby192/lib/ruby/1.9.1/minitest/unit.rb:508:in `block in autorun'"]
Started InternetExplorerDriver server (32-bit)
2.39.0.0
Listening on port 5559
.
Finished in 109.597257 seconds.

3 tests, 0 assertions, 0 failures, 0 errors, 0 skips

Test run options: --seed 29585
Loaded suite Test_09_US_getcount
Started
.Successful Login to Usampadmin
26782
122225
*** Waiting for count to load ***
************
								<tr>

0
Element is not currently visible and so may not be interacted with
["[remote server] file:///C:/DOCUME~1/ADMINI~1/LOCALS~1/Temp/webdriver-rb-profilecopy20140413-6004-99vdou/extensions/fxdriver@googlecode.com/components/command_processor.js:7567:in `unknown'", "[remote server] file:///C:/DOCUME~1/ADMINI~1/LOCALS~1/Temp/webdriver-rb-profilecopy20140413-6004-99vdou/extensions/fxdriver@googlecode.com/components/command_processor.js:10256:in `unknown'", "[remote server] file:///C:/DOCUME~1/ADMINI~1/LOCALS~1/Temp/webdriver-rb-profilecopy20140413-6004-99vdou/extensions/fxdriver@googlecode.com/components/command_processor.js:10275:in `unknown'", "[remote server] file:///C:/DOCUME~1/ADMINI~1/LOCALS~1/Temp/webdriver-rb-profilecopy20140413-6004-99vdou/extensions/fxdriver@googlecode.com/components/command_processor.js:10280:in `unknown'", "[remote server] file:///C:/DOCUME~1/ADMINI~1/LOCALS~1/Temp/webdriver-rb-profilecopy20140413-6004-99vdou/extensions/fxdriver@googlecode.com/components/command_processor.js:10220:in `unknown'", "C:/Ruby192/lib/ruby/gems/1.9.1/gems/selenium-webdriver-2.31.0/lib/selenium/webdriver/remote/response.rb:52:in `assert_ok'", "C:/Ruby192/lib/ruby/gems/1.9.1/gems/selenium-webdriver-2.31.0/lib/selenium/webdriver/remote/response.rb:15:in `initialize'", "C:/Ruby192/lib/ruby/gems/1.9.1/gems/selenium-webdriver-2.31.0/lib/selenium/webdriver/remote/http/common.rb:59:in `new'", "C:/Ruby192/lib/ruby/gems/1.9.1/gems/selenium-webdriver-2.31.0/lib/selenium/webdriver/remote/http/common.rb:59:in `create_response'", "C:/Ruby192/lib/ruby/gems/1.9.1/gems/selenium-webdriver-2.31.0/lib/selenium/webdriver/remote/http/default.rb:66:in `request'", "C:/Ruby192/lib/ruby/gems/1.9.1/gems/selenium-webdriver-2.31.0/lib/selenium/webdriver/remote/http/common.rb:40:in `call'", "C:/Ruby192/lib/ruby/gems/1.9.1/gems/selenium-webdriver-2.31.0/lib/selenium/webdriver/remote/bridge.rb:616:in `raw_execute'", "C:/Ruby192/lib/ruby/gems/1.9.1/gems/selenium-webdriver-2.31.0/lib/selenium/webdriver/remote/bridge.rb:594:in `execute'", "C:/Ruby192/lib/ruby/gems/1.9.1/gems/selenium-webdriver-2.31.0/lib/selenium/webdriver/remote/bridge.rb:413:in `clearElement'", "C:/Ruby192/lib/ruby/gems/1.9.1/gems/selenium-webdriver-2.31.0/lib/selenium/webdriver/common/element.rb:141:in `clear'", "C:/Ruby192/lib/ruby/gems/1.9.1/gems/watir-webdriver-0.6.1/lib/watir-webdriver/user_editable.rb:11:in `set'", "Test_09_US_getcount.rb:200:in `test_02_US_getcount'", "C:/Ruby192/lib/ruby/1.9.1/minitest/unit.rb:695:in `run'", "C:/Ruby192/lib/ruby/1.9.1/minitest/unit.rb:656:in `block (2 levels) in run_test_suites'", "C:/Ruby192/lib/ruby/1.9.1/minitest/unit.rb:650:in `each'", "C:/Ruby192/lib/ruby/1.9.1/minitest/unit.rb:650:in `block in run_test_suites'", "C:/Ruby192/lib/ruby/1.9.1/minitest/unit.rb:649:in `each'", "C:/Ruby192/lib/ruby/1.9.1/minitest/unit.rb:649:in `run_test_suites'", "C:/Ruby192/lib/ruby/1.9.1/minitest/unit.rb:609:in `run'", "C:/Ruby192/lib/ruby/1.9.1/minitest/unit.rb:508:in `block in autorun'"]
EStarted InternetExplorerDriver server (32-bit)
2.39.0.0
Listening on port 5556
Successful Login to Usampadmin
26782
122225
unable to locate element, using {:id=>"optProfileId1", :tag_name=>"select"}
["C:/Ruby192/lib/ruby/gems/1.9.1/gems/watir-webdriver-0.6.1/lib/watir-webdriver/elements/element.rb:365:in `assert_exists'", "C:/Ruby192/lib/ruby/gems/1.9.1/gems/watir-webdriver-0.6.1/lib/watir-webdriver/elements/select.rb:125:in `select_by'", "C:/Ruby192/lib/ruby/gems/1.9.1/gems/watir-webdriver-0.6.1/lib/watir-webdriver/elements/select.rb:64:in `select'", "Test_09_US_getcount.rb:579:in `test_03_qg_reset_prof_criteria'", "C:/Ruby192/lib/ruby/1.9.1/minitest/unit.rb:695:in `run'", "C:/Ruby192/lib/ruby/1.9.1/minitest/unit.rb:656:in `block (2 levels) in run_test_suites'", "C:/Ruby192/lib/ruby/1.9.1/minitest/unit.rb:650:in `each'", "C:/Ruby192/lib/ruby/1.9.1/minitest/unit.rb:650:in `block in run_test_suites'", "C:/Ruby192/lib/ruby/1.9.1/minitest/unit.rb:649:in `each'", "C:/Ruby192/lib/ruby/1.9.1/minitest/unit.rb:649:in `run_test_suites'", "C:/Ruby192/lib/ruby/1.9.1/minitest/unit.rb:609:in `run'", "C:/Ruby192/lib/ruby/1.9.1/minitest/unit.rb:508:in `block in autorun'"]
EStarted InternetExplorerDriver server (32-bit)
2.39.0.0
Listening on port 5556
Successful Login to Usampadmin
26782
122225
*** Waiting for count to load ***
************
<TD>Total members found: 27
27
27
Element is not currently visible and so may not be interacted with
["[remote server] file:///C:/DOCUME~1/ADMINI~1/LOCALS~1/Temp/webdriver-rb-profilecopy20140413-6004-1dw8l6o/extensions/fxdriver@googlecode.com/components/command_processor.js:7567:in `unknown'", "[remote server] file:///C:/DOCUME~1/ADMINI~1/LOCALS~1/Temp/webdriver-rb-profilecopy20140413-6004-1dw8l6o/extensions/fxdriver@googlecode.com/components/command_processor.js:10256:in `unknown'", "[remote server] file:///C:/DOCUME~1/ADMINI~1/LOCALS~1/Temp/webdriver-rb-profilecopy20140413-6004-1dw8l6o/extensions/fxdriver@googlecode.com/components/command_processor.js:10275:in `unknown'", "[remote server] file:///C:/DOCUME~1/ADMINI~1/LOCALS~1/Temp/webdriver-rb-profilecopy20140413-6004-1dw8l6o/extensions/fxdriver@googlecode.com/components/command_processor.js:10280:in `unknown'", "[remote server] file:///C:/DOCUME~1/ADMINI~1/LOCALS~1/Temp/webdriver-rb-profilecopy20140413-6004-1dw8l6o/extensions/fxdriver@googlecode.com/components/command_processor.js:10220:in `unknown'", "C:/Ruby192/lib/ruby/gems/1.9.1/gems/selenium-webdriver-2.31.0/lib/selenium/webdriver/remote/response.rb:52:in `assert_ok'", "C:/Ruby192/lib/ruby/gems/1.9.1/gems/selenium-webdriver-2.31.0/lib/selenium/webdriver/remote/response.rb:15:in `initialize'", "C:/Ruby192/lib/ruby/gems/1.9.1/gems/selenium-webdriver-2.31.0/lib/selenium/webdriver/remote/http/common.rb:59:in `new'", "C:/Ruby192/lib/ruby/gems/1.9.1/gems/selenium-webdriver-2.31.0/lib/selenium/webdriver/remote/http/common.rb:59:in `create_response'", "C:/Ruby192/lib/ruby/gems/1.9.1/gems/selenium-webdriver-2.31.0/lib/selenium/webdriver/remote/http/default.rb:66:in `request'", "C:/Ruby192/lib/ruby/gems/1.9.1/gems/selenium-webdriver-2.31.0/lib/selenium/webdriver/remote/http/common.rb:40:in `call'", "C:/Ruby192/lib/ruby/gems/1.9.1/gems/selenium-webdriver-2.31.0/lib/selenium/webdriver/remote/bridge.rb:616:in `raw_execute'", "C:/Ruby192/lib/ruby/gems/1.9.1/gems/selenium-webdriver-2.31.0/lib/selenium/webdriver/remote/bridge.rb:594:in `execute'", "C:/Ruby192/lib/ruby/gems/1.9.1/gems/selenium-webdriver-2.31.0/lib/selenium/webdriver/remote/bridge.rb:413:in `clearElement'", "C:/Ruby192/lib/ruby/gems/1.9.1/gems/selenium-webdriver-2.31.0/lib/selenium/webdriver/common/element.rb:141:in `clear'", "C:/Ruby192/lib/ruby/gems/1.9.1/gems/watir-webdriver-0.6.1/lib/watir-webdriver/user_editable.rb:11:in `set'", "Test_09_US_getcount.rb:698:in `test_04_us_getcnt_mempub'", "C:/Ruby192/lib/ruby/1.9.1/minitest/unit.rb:695:in `run'", "C:/Ruby192/lib/ruby/1.9.1/minitest/unit.rb:656:in `block (2 levels) in run_test_suites'", "C:/Ruby192/lib/ruby/1.9.1/minitest/unit.rb:650:in `each'", "C:/Ruby192/lib/ruby/1.9.1/minitest/unit.rb:650:in `block in run_test_suites'", "C:/Ruby192/lib/ruby/1.9.1/minitest/unit.rb:649:in `each'", "C:/Ruby192/lib/ruby/1.9.1/minitest/unit.rb:649:in `run_test_suites'", "C:/Ruby192/lib/ruby/1.9.1/minitest/unit.rb:609:in `run'", "C:/Ruby192/lib/ruby/1.9.1/minitest/unit.rb:508:in `block in autorun'"]
EStarted InternetExplorerDriver server (32-bit)
2.39.0.0
Listening on port 5556
Successful Login to Usampadmin
26782
122225
Element is no longer valid
["C:/Ruby192/lib/ruby/gems/1.9.1/gems/selenium-webdriver-2.31.0/lib/selenium/webdriver/remote/response.rb:52:in `assert_ok'", "C:/Ruby192/lib/ruby/gems/1.9.1/gems/selenium-webdriver-2.31.0/lib/selenium/webdriver/remote/response.rb:15:in `initialize'", "C:/Ruby192/lib/ruby/gems/1.9.1/gems/selenium-webdriver-2.31.0/lib/selenium/webdriver/remote/http/common.rb:59:in `new'", "C:/Ruby192/lib/ruby/gems/1.9.1/gems/selenium-webdriver-2.31.0/lib/selenium/webdriver/remote/http/common.rb:59:in `create_response'", "C:/Ruby192/lib/ruby/gems/1.9.1/gems/selenium-webdriver-2.31.0/lib/selenium/webdriver/remote/http/default.rb:66:in `request'", "C:/Ruby192/lib/ruby/gems/1.9.1/gems/selenium-webdriver-2.31.0/lib/selenium/webdriver/remote/http/common.rb:40:in `call'", "C:/Ruby192/lib/ruby/gems/1.9.1/gems/selenium-webdriver-2.31.0/lib/selenium/webdriver/remote/bridge.rb:616:in `raw_execute'", "C:/Ruby192/lib/ruby/gems/1.9.1/gems/selenium-webdriver-2.31.0/lib/selenium/webdriver/remote/bridge.rb:594:in `execute'", "C:/Ruby192/lib/ruby/gems/1.9.1/gems/selenium-webdriver-2.31.0/lib/selenium/webdriver/remote/bridge.rb:493:in `getElementTagName'", "C:/Ruby192/lib/ruby/gems/1.9.1/gems/selenium-webdriver-2.31.0/lib/selenium/webdriver/common/element.rb:68:in `tag_name'", "C:/Ruby192/lib/ruby/gems/1.9.1/gems/watir-webdriver-0.6.1/lib/watir-webdriver/locators/element_locator.rb:379:in `validate_element'", "C:/Ruby192/lib/ruby/gems/1.9.1/gems/watir-webdriver-0.6.1/lib/watir-webdriver/locators/element_locator.rb:37:in `locate'", "C:/Ruby192/lib/ruby/gems/1.9.1/gems/watir-webdriver-0.6.1/lib/watir-webdriver/elements/element.rb:384:in `locate'", "C:/Ruby192/lib/ruby/gems/1.9.1/gems/watir-webdriver-0.6.1/lib/watir-webdriver/elements/element.rb:362:in `assert_exists'", "C:/Ruby192/lib/ruby/gems/1.9.1/gems/watir-webdriver-0.6.1/lib/watir-webdriver/elements/element.rb:95:in `click'", "Test_09_US_getcount.rb:918:in `test_05_qg_reset'", "C:/Ruby192/lib/ruby/1.9.1/minitest/unit.rb:695:in `run'", "C:/Ruby192/lib/ruby/1.9.1/minitest/unit.rb:656:in `block (2 levels) in run_test_suites'", "C:/Ruby192/lib/ruby/1.9.1/minitest/unit.rb:650:in `each'", "C:/Ruby192/lib/ruby/1.9.1/minitest/unit.rb:650:in `block in run_test_suites'", "C:/Ruby192/lib/ruby/1.9.1/minitest/unit.rb:649:in `each'", "C:/Ruby192/lib/ruby/1.9.1/minitest/unit.rb:649:in `run_test_suites'", "C:/Ruby192/lib/ruby/1.9.1/minitest/unit.rb:609:in `run'", "C:/Ruby192/lib/ruby/1.9.1/minitest/unit.rb:508:in `block in autorun'"]
.
Finished in 1013.719938 seconds.

  1) Error:
test_02_US_getcount(Test_09_US_getcount):
TypeError: can't convert nil into String
    Test_09_US_getcount.rb:543:in `+'
    Test_09_US_getcount.rb:543:in `rescue in test_02_US_getcount'
    Test_09_US_getcount.rb:39:in `test_02_US_getcount'

  2) Error:
test_03_qg_reset_prof_criteria(Test_09_US_getcount):
TypeError: can't convert nil into String
    Test_09_US_getcount.rb:590:in `+'
    Test_09_US_getcount.rb:590:in `rescue in test_03_qg_reset_prof_criteria'
    Test_09_US_getcount.rb:552:in `test_03_qg_reset_prof_criteria'

  3) Error:
test_04_us_getcnt_mempub(Test_09_US_getcount):
TypeError: can't convert nil into String
    Test_09_US_getcount.rb:889:in `+'
    Test_09_US_getcount.rb:889:in `rescue in test_04_us_getcnt_mempub'
    Test_09_US_getcount.rb:599:in `test_04_us_getcnt_mempub'

5 tests, 0 assertions, 0 failures, 3 errors, 0 skips

Test run options: --seed 2645
Loaded suite Test_10_CAN_getcount
Started
.Successful Login to Usampadmin
26782
122225
*** Waiting for count to load ***
************
								<tr>

0
EStarted InternetExplorerDriver server (32-bit)
2.39.0.0
Listening on port 5556
Successful Login to Usampadmin
26782
122225
EStarted InternetExplorerDriver server (32-bit)
2.39.0.0
Listening on port 5557
Successful Login to Usampadmin
26782
122225
*** Waiting for count to load ***
************
<TD>Total members found: 159
159
159
EStarted InternetExplorerDriver server (32-bit)
2.39.0.0
Listening on port 5558
Successful Login to Usampadmin
26782
122225
.
Finished in 451.639452 seconds.

  1) Error:
test_02_CAN_getcount(Test_10_CAN_getcount):
Watir::Exception::NoValueFoundException: "Newfoundland and Labrador" not found in select list
    C:/Ruby192/lib/ruby/gems/1.9.1/gems/watir-webdriver-0.6.1/lib/watir-webdriver/elements/select.rb:216:in `no_value_found'
    C:/Ruby192/lib/ruby/gems/1.9.1/gems/watir-webdriver-0.6.1/lib/watir-webdriver/elements/select.rb:150:in `rescue in select_by_string'
    C:/Ruby192/lib/ruby/gems/1.9.1/gems/watir-webdriver-0.6.1/lib/watir-webdriver/elements/select.rb:147:in `select_by_string'
    C:/Ruby192/lib/ruby/gems/1.9.1/gems/watir-webdriver-0.6.1/lib/watir-webdriver/elements/select.rb:129:in `select_by'
    C:/Ruby192/lib/ruby/gems/1.9.1/gems/watir-webdriver-0.6.1/lib/watir-webdriver/elements/select.rb:64:in `select'
    Test_10_CAN_getcount.rb:140:in `test_02_CAN_getcount'

  2) Error:
test_03_qg_reset_prof_criteria(Test_10_CAN_getcount):
Watir::Exception::NoValueFoundException: "--Select Profile--" not found in select list
    C:/Ruby192/lib/ruby/gems/1.9.1/gems/watir-webdriver-0.6.1/lib/watir-webdriver/elements/select.rb:216:in `no_value_found'
    C:/Ruby192/lib/ruby/gems/1.9.1/gems/watir-webdriver-0.6.1/lib/watir-webdriver/elements/select.rb:150:in `rescue in select_by_string'
    C:/Ruby192/lib/ruby/gems/1.9.1/gems/watir-webdriver-0.6.1/lib/watir-webdriver/elements/select.rb:147:in `select_by_string'
    C:/Ruby192/lib/ruby/gems/1.9.1/gems/watir-webdriver-0.6.1/lib/watir-webdriver/elements/select.rb:129:in `select_by'
    C:/Ruby192/lib/ruby/gems/1.9.1/gems/watir-webdriver-0.6.1/lib/watir-webdriver/elements/select.rb:64:in `select'
    Test_10_CAN_getcount.rb:504:in `test_03_qg_reset_prof_criteria'

  3) Error:
test_04_cangetcnt_mempub(Test_10_CAN_getcount):
Watir::Exception::NoValueFoundException: "Newfoundland and Labrador" not found in select list
    C:/Ruby192/lib/ruby/gems/1.9.1/gems/watir-webdriver-0.6.1/lib/watir-webdriver/elements/select.rb:216:in `no_value_found'
    C:/Ruby192/lib/ruby/gems/1.9.1/gems/watir-webdriver-0.6.1/lib/watir-webdriver/elements/select.rb:150:in `rescue in select_by_string'
    C:/Ruby192/lib/ruby/gems/1.9.1/gems/watir-webdriver-0.6.1/lib/watir-webdriver/elements/select.rb:147:in `select_by_string'
    C:/Ruby192/lib/ruby/gems/1.9.1/gems/watir-webdriver-0.6.1/lib/watir-webdriver/elements/select.rb:129:in `select_by'
    C:/Ruby192/lib/ruby/gems/1.9.1/gems/watir-webdriver-0.6.1/lib/watir-webdriver/elements/select.rb:64:in `select'
    Test_10_CAN_getcount.rb:609:in `test_04_cangetcnt_mempub'

5 tests, 0 assertions, 0 failures, 3 errors, 0 skips

Test run options: --seed 54321
Loaded suite Test_11_CP_Project
Started
.Unable to locate element: {"method":"tag name","selector":"body"}
["[remote server] file:///C:/DOCUME~1/ADMINI~1/LOCALS~1/Temp/webdriver-profile20140413-6576-1dc2tmj/extensions/fxdriver@googlecode.com/components/driver_component.js:8284:in `unknown'", "[remote server] file:///C:/DOCUME~1/ADMINI~1/LOCALS~1/Temp/webdriver-profile20140413-6576-1dc2tmj/extensions/fxdriver@googlecode.com/components/driver_component.js:8293:in `unknown'", "[remote server] file:///C:/DOCUME~1/ADMINI~1/LOCALS~1/Temp/webdriver-profile20140413-6576-1dc2tmj/extensions/fxdriver@googlecode.com/components/command_processor.js:10275:in `unknown'", "[remote server] file:///C:/DOCUME~1/ADMINI~1/LOCALS~1/Temp/webdriver-profile20140413-6576-1dc2tmj/extensions/fxdriver@googlecode.com/components/command_processor.js:10280:in `unknown'", "[remote server] file:///C:/DOCUME~1/ADMINI~1/LOCALS~1/Temp/webdriver-profile20140413-6576-1dc2tmj/extensions/fxdriver@googlecode.com/components/command_processor.js:10220:in `unknown'", "C:/Ruby192/lib/ruby/gems/1.9.1/gems/selenium-webdriver-2.31.0/lib/selenium/webdriver/remote/response.rb:52:in `assert_ok'", "C:/Ruby192/lib/ruby/gems/1.9.1/gems/selenium-webdriver-2.31.0/lib/selenium/webdriver/remote/response.rb:15:in `initialize'", "C:/Ruby192/lib/ruby/gems/1.9.1/gems/selenium-webdriver-2.31.0/lib/selenium/webdriver/remote/http/common.rb:59:in `new'", "C:/Ruby192/lib/ruby/gems/1.9.1/gems/selenium-webdriver-2.31.0/lib/selenium/webdriver/remote/http/common.rb:59:in `create_response'", "C:/Ruby192/lib/ruby/gems/1.9.1/gems/selenium-webdriver-2.31.0/lib/selenium/webdriver/remote/http/default.rb:66:in `request'", "C:/Ruby192/lib/ruby/gems/1.9.1/gems/selenium-webdriver-2.31.0/lib/selenium/webdriver/remote/http/common.rb:40:in `call'", "C:/Ruby192/lib/ruby/gems/1.9.1/gems/selenium-webdriver-2.31.0/lib/selenium/webdriver/remote/bridge.rb:616:in `raw_execute'", "C:/Ruby192/lib/ruby/gems/1.9.1/gems/selenium-webdriver-2.31.0/lib/selenium/webdriver/remote/bridge.rb:594:in `execute'", "C:/Ruby192/lib/ruby/gems/1.9.1/gems/selenium-webdriver-2.31.0/lib/selenium/webdriver/remote/bridge.rb:562:in `find_element_by'", "C:/Ruby192/lib/ruby/gems/1.9.1/gems/selenium-webdriver-2.31.0/lib/selenium/webdriver/common/search_context.rb:42:in `find_element'", "C:/Ruby192/lib/ruby/gems/1.9.1/gems/watir-webdriver-0.6.1/lib/watir-webdriver/browser.rb:97:in `text'", "D:/IMPROVED_CODE_AAMIR/Usamp_lib.rb:221:in `Network_site_login'", "Test_11_CP_Project.rb:49:in `test_02_create_cp_project'", "C:/Ruby192/lib/ruby/1.9.1/minitest/unit.rb:695:in `run'", "C:/Ruby192/lib/ruby/1.9.1/minitest/unit.rb:656:in `block (2 levels) in run_test_suites'", "C:/Ruby192/lib/ruby/1.9.1/minitest/unit.rb:650:in `each'", "C:/Ruby192/lib/ruby/1.9.1/minitest/unit.rb:650:in `block in run_test_suites'", "C:/Ruby192/lib/ruby/1.9.1/minitest/unit.rb:649:in `each'", "C:/Ruby192/lib/ruby/1.9.1/minitest/unit.rb:649:in `run_test_suites'", "C:/Ruby192/lib/ruby/1.9.1/minitest/unit.rb:609:in `run'", "C:/Ruby192/lib/ruby/1.9.1/minitest/unit.rb:508:in `block in autorun'"]
Eundefined method `link' for nil:NilClass
["Test_11_CP_Project.rb:93:in `test_03_supplier_add'", "C:/Ruby192/lib/ruby/1.9.1/minitest/unit.rb:695:in `run'", "C:/Ruby192/lib/ruby/1.9.1/minitest/unit.rb:656:in `block (2 levels) in run_test_suites'", "C:/Ruby192/lib/ruby/1.9.1/minitest/unit.rb:650:in `each'", "C:/Ruby192/lib/ruby/1.9.1/minitest/unit.rb:650:in `block in run_test_suites'", "C:/Ruby192/lib/ruby/1.9.1/minitest/unit.rb:649:in `each'", "C:/Ruby192/lib/ruby/1.9.1/minitest/unit.rb:649:in `run_test_suites'", "C:/Ruby192/lib/ruby/1.9.1/minitest/unit.rb:609:in `run'", "C:/Ruby192/lib/ruby/1.9.1/minitest/unit.rb:508:in `block in autorun'"]
Eundefined method `text' for nil:NilClass
["Test_11_CP_Project.rb:128:in `test_04_cp_survey_complete'", "C:/Ruby192/lib/ruby/1.9.1/minitest/unit.rb:695:in `run'", "C:/Ruby192/lib/ruby/1.9.1/minitest/unit.rb:656:in `block (2 levels) in run_test_suites'", "C:/Ruby192/lib/ruby/1.9.1/minitest/unit.rb:650:in `each'", "C:/Ruby192/lib/ruby/1.9.1/minitest/unit.rb:650:in `block in run_test_suites'", "C:/Ruby192/lib/ruby/1.9.1/minitest/unit.rb:649:in `each'", "C:/Ruby192/lib/ruby/1.9.1/minitest/unit.rb:649:in `run_test_suites'", "C:/Ruby192/lib/ruby/1.9.1/minitest/unit.rb:609:in `run'", "C:/Ruby192/lib/ruby/1.9.1/minitest/unit.rb:508:in `block in autorun'"]
ESuccessful Login to Usampadmin
Search Passed
Project Update passed
"Luth" not found in select list
["C:/Ruby192/lib/ruby/gems/1.9.1/gems/watir-webdriver-0.6.1/lib/watir-webdriver/elements/select.rb:216:in `no_value_found'", "C:/Ruby192/lib/ruby/gems/1.9.1/gems/watir-webdriver-0.6.1/lib/watir-webdriver/elements/select.rb:150:in `rescue in select_by_string'", "C:/Ruby192/lib/ruby/gems/1.9.1/gems/watir-webdriver-0.6.1/lib/watir-webdriver/elements/select.rb:147:in `select_by_string'", "C:/Ruby192/lib/ruby/gems/1.9.1/gems/watir-webdriver-0.6.1/lib/watir-webdriver/elements/select.rb:129:in `select_by'", "C:/Ruby192/lib/ruby/gems/1.9.1/gems/watir-webdriver-0.6.1/lib/watir-webdriver/elements/select.rb:64:in `select'", "Test_11_CP_Project.rb:370:in `test_05_cp_project_admin'", "C:/Ruby192/lib/ruby/1.9.1/minitest/unit.rb:695:in `run'", "C:/Ruby192/lib/ruby/1.9.1/minitest/unit.rb:656:in `block (2 levels) in run_test_suites'", "C:/Ruby192/lib/ruby/1.9.1/minitest/unit.rb:650:in `each'", "C:/Ruby192/lib/ruby/1.9.1/minitest/unit.rb:650:in `block in run_test_suites'", "C:/Ruby192/lib/ruby/1.9.1/minitest/unit.rb:649:in `each'", "C:/Ruby192/lib/ruby/1.9.1/minitest/unit.rb:649:in `run_test_suites'", "C:/Ruby192/lib/ruby/1.9.1/minitest/unit.rb:609:in `run'", "C:/Ruby192/lib/ruby/1.9.1/minitest/unit.rb:508:in `block in autorun'"]
.No connection could be made because the target machine actively refused it. - connect(2)
["C:/Ruby192/lib/ruby/1.9.1/net/http.rb:644:in `initialize'", "C:/Ruby192/lib/ruby/1.9.1/net/http.rb:644:in `open'", "C:/Ruby192/lib/ruby/1.9.1/net/http.rb:644:in `block in connect'", "C:/Ruby192/lib/ruby/1.9.1/timeout.rb:44:in `timeout'", "C:/Ruby192/lib/ruby/1.9.1/timeout.rb:89:in `timeout'", "C:/Ruby192/lib/ruby/1.9.1/net/http.rb:644:in `connect'", "C:/Ruby192/lib/ruby/1.9.1/net/http.rb:637:in `do_start'", "C:/Ruby192/lib/ruby/1.9.1/net/http.rb:626:in `start'", "C:/Ruby192/lib/ruby/1.9.1/net/http.rb:1168:in `request'", "C:/Ruby192/lib/ruby/gems/1.9.1/gems/selenium-webdriver-2.31.0/lib/selenium/webdriver/remote/http/default.rb:83:in `response_for'", "C:/Ruby192/lib/ruby/gems/1.9.1/gems/selenium-webdriver-2.31.0/lib/selenium/webdriver/remote/http/default.rb:39:in `request'", "C:/Ruby192/lib/ruby/gems/1.9.1/gems/selenium-webdriver-2.31.0/lib/selenium/webdriver/remote/http/common.rb:40:in `call'", "C:/Ruby192/lib/ruby/gems/1.9.1/gems/selenium-webdriver-2.31.0/lib/selenium/webdriver/remote/bridge.rb:616:in `raw_execute'", "C:/Ruby192/lib/ruby/gems/1.9.1/gems/selenium-webdriver-2.31.0/lib/selenium/webdriver/remote/bridge.rb:594:in `execute'", "C:/Ruby192/lib/ruby/gems/1.9.1/gems/selenium-webdriver-2.31.0/lib/selenium/webdriver/remote/bridge.rb:100:in `get'", "C:/Ruby192/lib/ruby/gems/1.9.1/gems/selenium-webdriver-2.31.0/lib/selenium/webdriver/common/navigation.rb:14:in `to'", "C:/Ruby192/lib/ruby/gems/1.9.1/gems/watir-webdriver-0.6.1/lib/watir-webdriver/browser.rb:63:in `goto'", "Test_11_CP_Project.rb:462:in `test_06_project_close'", "C:/Ruby192/lib/ruby/1.9.1/minitest/unit.rb:695:in `run'", "C:/Ruby192/lib/ruby/1.9.1/minitest/unit.rb:656:in `block (2 levels) in run_test_suites'", "C:/Ruby192/lib/ruby/1.9.1/minitest/unit.rb:650:in `each'", "C:/Ruby192/lib/ruby/1.9.1/minitest/unit.rb:650:in `block in run_test_suites'", "C:/Ruby192/lib/ruby/1.9.1/minitest/unit.rb:649:in `each'", "C:/Ruby192/lib/ruby/1.9.1/minitest/unit.rb:649:in `run_test_suites'", "C:/Ruby192/lib/ruby/1.9.1/minitest/unit.rb:609:in `run'", "C:/Ruby192/lib/ruby/1.9.1/minitest/unit.rb:508:in `block in autorun'"]
.
Finished in 153.879924 seconds.

  1) Error:
test_02_create_cp_project(Test_01_Project_QG_Create):
NoMethodError: undefined method `close' for nil:NilClass
    Test_11_CP_Project.rb:80:in `rescue in test_02_create_cp_project'
    Test_11_CP_Project.rb:45:in `test_02_create_cp_project'

  2) Error:
test_03_supplier_add(Test_01_Project_QG_Create):
NoMethodError: undefined method `close' for nil:NilClass
    Test_11_CP_Project.rb:116:in `rescue in test_03_supplier_add'
    Test_11_CP_Project.rb:91:in `test_03_supplier_add'

  3) Error:
test_04_cp_survey_complete(Test_01_Project_QG_Create):
NoMethodError: undefined method `close' for nil:NilClass
    Test_11_CP_Project.rb:220:in `rescue in test_04_cp_survey_complete'
    Test_11_CP_Project.rb:126:in `test_04_cp_survey_complete'

6 tests, 0 assertions, 0 failures, 3 errors, 0 skips

Test run options: --seed 5720
Loaded suite Test_12_CP_rule_processing
Started
.Logged it to Network site
Project created
.Supplier added
.**** 5656 *****
1
0
0
0
0
0
Started InternetExplorerDriver server (32-bit)
2.39.0.0
Listening on port 5556
Started InternetExplorerDriver server (32-bit)
2.39.0.0
Listening on port 5556
MAX_CLICKS: PASS
Started InternetExplorerDriver server (32-bit)
2.39.0.0
Listening on port 5556
DUP PANEL ACC: PASS
Started InternetExplorerDriver server (32-bit)
2.39.0.0
Listening on port 5556
Started InternetExplorerDriver server (32-bit)
2.39.0.0
Listening on port 5557
DUP COMPL: PASS
Started InternetExplorerDriver server (32-bit)
2.39.0.0
Listening on port 5556
GEO_IP: FAIL
Started InternetExplorerDriver server (32-bit)
2.39.0.0
Listening on port 5556
PROF:PASS
PROXY:PASS
Started InternetExplorerDriver server (32-bit)
2.39.0.0
Listening on port 5556
SPAMMER:PASS
..
Finished in 549.644096 seconds.

5 tests, 0 assertions, 0 failures, 0 errors, 0 skips

Test run options: --seed 29987
Loaded suite Test_13_Curl_pixel
Started
.Successful Login to Usampadmin
Element is not currently visible and so may not be interacted with
["[remote server] file:///C:/DOCUME~1/ADMINI~1/LOCALS~1/Temp/webdriver-profile20140413-6096-1mtcqyv/extensions/fxdriver@googlecode.com/components/command_processor.js:7567:in `unknown'", "[remote server] file:///C:/DOCUME~1/ADMINI~1/LOCALS~1/Temp/webdriver-profile20140413-6096-1mtcqyv/extensions/fxdriver@googlecode.com/components/command_processor.js:10256:in `unknown'", "[remote server] file:///C:/DOCUME~1/ADMINI~1/LOCALS~1/Temp/webdriver-profile20140413-6096-1mtcqyv/extensions/fxdriver@googlecode.com/components/command_processor.js:10275:in `unknown'", "[remote server] file:///C:/DOCUME~1/ADMINI~1/LOCALS~1/Temp/webdriver-profile20140413-6096-1mtcqyv/extensions/fxdriver@googlecode.com/components/command_processor.js:10280:in `unknown'", "[remote server] file:///C:/DOCUME~1/ADMINI~1/LOCALS~1/Temp/webdriver-profile20140413-6096-1mtcqyv/extensions/fxdriver@googlecode.com/components/command_processor.js:10220:in `unknown'", "C:/Ruby192/lib/ruby/gems/1.9.1/gems/selenium-webdriver-2.31.0/lib/selenium/webdriver/remote/response.rb:52:in `assert_ok'", "C:/Ruby192/lib/ruby/gems/1.9.1/gems/selenium-webdriver-2.31.0/lib/selenium/webdriver/remote/response.rb:15:in `initialize'", "C:/Ruby192/lib/ruby/gems/1.9.1/gems/selenium-webdriver-2.31.0/lib/selenium/webdriver/remote/http/common.rb:59:in `new'", "C:/Ruby192/lib/ruby/gems/1.9.1/gems/selenium-webdriver-2.31.0/lib/selenium/webdriver/remote/http/common.rb:59:in `create_response'", "C:/Ruby192/lib/ruby/gems/1.9.1/gems/selenium-webdriver-2.31.0/lib/selenium/webdriver/remote/http/default.rb:66:in `request'", "C:/Ruby192/lib/ruby/gems/1.9.1/gems/selenium-webdriver-2.31.0/lib/selenium/webdriver/remote/http/common.rb:40:in `call'", "C:/Ruby192/lib/ruby/gems/1.9.1/gems/selenium-webdriver-2.31.0/lib/selenium/webdriver/remote/bridge.rb:616:in `raw_execute'", "C:/Ruby192/lib/ruby/gems/1.9.1/gems/selenium-webdriver-2.31.0/lib/selenium/webdriver/remote/bridge.rb:594:in `execute'", "C:/Ruby192/lib/ruby/gems/1.9.1/gems/selenium-webdriver-2.31.0/lib/selenium/webdriver/remote/bridge.rb:413:in `clearElement'", "C:/Ruby192/lib/ruby/gems/1.9.1/gems/selenium-webdriver-2.31.0/lib/selenium/webdriver/common/element.rb:141:in `clear'", "C:/Ruby192/lib/ruby/gems/1.9.1/gems/watir-webdriver-0.6.1/lib/watir-webdriver/user_editable.rb:11:in `set'", "Test_13_Curl_pixel.rb:59:in `test_02_pixel_set'", "C:/Ruby192/lib/ruby/1.9.1/minitest/unit.rb:695:in `run'", "C:/Ruby192/lib/ruby/1.9.1/minitest/unit.rb:656:in `block (2 levels) in run_test_suites'", "C:/Ruby192/lib/ruby/1.9.1/minitest/unit.rb:650:in `each'", "C:/Ruby192/lib/ruby/1.9.1/minitest/unit.rb:650:in `block in run_test_suites'", "C:/Ruby192/lib/ruby/1.9.1/minitest/unit.rb:649:in `each'", "C:/Ruby192/lib/ruby/1.9.1/minitest/unit.rb:649:in `run_test_suites'", "C:/Ruby192/lib/ruby/1.9.1/minitest/unit.rb:609:in `run'", "C:/Ruby192/lib/ruby/1.9.1/minitest/unit.rb:508:in `block in autorun'"]
.Started InternetExplorerDriver server (32-bit)
2.39.0.0
Listening on port 5556
test string
auto_test.des2014-04-13061248@mailop.com
**** Waiting for surveys to load ****
.auto_test.des2014-04-13061248@mailop.com
Successful Login to ipoll site
122225
linkMTIyMjI1
unable to locate element, using {:id=>"linkMTIyMjI1", :tag_name=>"a"}
["C:/Ruby192/lib/ruby/gems/1.9.1/gems/watir-webdriver-0.6.1/lib/watir-webdriver/elements/element.rb:365:in `assert_exists'", "C:/Ruby192/lib/ruby/gems/1.9.1/gems/watir-webdriver-0.6.1/lib/watir-webdriver/elements/element.rb:95:in `click'", "Test_13_Curl_pixel.rb:180:in `test_04_survey_complete'", "C:/Ruby192/lib/ruby/1.9.1/minitest/unit.rb:695:in `run'", "C:/Ruby192/lib/ruby/1.9.1/minitest/unit.rb:656:in `block (2 levels) in run_test_suites'", "C:/Ruby192/lib/ruby/1.9.1/minitest/unit.rb:650:in `each'", "C:/Ruby192/lib/ruby/1.9.1/minitest/unit.rb:650:in `block in run_test_suites'", "C:/Ruby192/lib/ruby/1.9.1/minitest/unit.rb:649:in `each'", "C:/Ruby192/lib/ruby/1.9.1/minitest/unit.rb:649:in `run_test_suites'", "C:/Ruby192/lib/ruby/1.9.1/minitest/unit.rb:609:in `run'", "C:/Ruby192/lib/ruby/1.9.1/minitest/unit.rb:508:in `block in autorun'"]
.Successful Login to Usampadmin
26782
122225
.
Finished in 316.077005 seconds.

5 tests, 0 assertions, 0 failures, 0 errors, 0 skips

Test run options: --seed 61529
Loaded suite Test_14_Traditional_pixel
Started
.Started InternetExplorerDriver server (32-bit)
2.39.0.0
Listening on port 5556
Successful Login to Usampadmin
Element must not be hidden, disabled or read-only
["C:/Ruby192/lib/ruby/gems/1.9.1/gems/selenium-webdriver-2.31.0/lib/selenium/webdriver/remote/response.rb:52:in `assert_ok'", "C:/Ruby192/lib/ruby/gems/1.9.1/gems/selenium-webdriver-2.31.0/lib/selenium/webdriver/remote/response.rb:15:in `initialize'", "C:/Ruby192/lib/ruby/gems/1.9.1/gems/selenium-webdriver-2.31.0/lib/selenium/webdriver/remote/http/common.rb:59:in `new'", "C:/Ruby192/lib/ruby/gems/1.9.1/gems/selenium-webdriver-2.31.0/lib/selenium/webdriver/remote/http/common.rb:59:in `create_response'", "C:/Ruby192/lib/ruby/gems/1.9.1/gems/selenium-webdriver-2.31.0/lib/selenium/webdriver/remote/http/default.rb:66:in `request'", "C:/Ruby192/lib/ruby/gems/1.9.1/gems/selenium-webdriver-2.31.0/lib/selenium/webdriver/remote/http/common.rb:40:in `call'", "C:/Ruby192/lib/ruby/gems/1.9.1/gems/selenium-webdriver-2.31.0/lib/selenium/webdriver/remote/bridge.rb:616:in `raw_execute'", "C:/Ruby192/lib/ruby/gems/1.9.1/gems/selenium-webdriver-2.31.0/lib/selenium/webdriver/remote/bridge.rb:594:in `execute'", "C:/Ruby192/lib/ruby/gems/1.9.1/gems/selenium-webdriver-2.31.0/lib/selenium/webdriver/remote/bridge.rb:413:in `clearElement'", "C:/Ruby192/lib/ruby/gems/1.9.1/gems/selenium-webdriver-2.31.0/lib/selenium/webdriver/common/element.rb:141:in `clear'", "C:/Ruby192/lib/ruby/gems/1.9.1/gems/watir-webdriver-0.6.1/lib/watir-webdriver/user_editable.rb:11:in `set'", "Test_14_Traditional_pixel.rb:59:in `test_02_pixel_set'", "C:/Ruby192/lib/ruby/1.9.1/minitest/unit.rb:695:in `run'", "C:/Ruby192/lib/ruby/1.9.1/minitest/unit.rb:656:in `block (2 levels) in run_test_suites'", "C:/Ruby192/lib/ruby/1.9.1/minitest/unit.rb:650:in `each'", "C:/Ruby192/lib/ruby/1.9.1/minitest/unit.rb:650:in `block in run_test_suites'", "C:/Ruby192/lib/ruby/1.9.1/minitest/unit.rb:649:in `each'", "C:/Ruby192/lib/ruby/1.9.1/minitest/unit.rb:649:in `run_test_suites'", "C:/Ruby192/lib/ruby/1.9.1/minitest/unit.rb:609:in `run'", "C:/Ruby192/lib/ruby/1.9.1/minitest/unit.rb:508:in `block in autorun'"]
.test string
auto_test.des2014-04-13061854@mailop.com
**** Waiting for surveys to load ****
*** Check Pixels ***
.auto_test.des2014-04-13061854@mailop.com
Successful Login to ipoll site
122225
linkMTIyMjI1
unable to locate element, using {:id=>"linkMTIyMjI1", :tag_name=>"a"}
["C:/Ruby192/lib/ruby/gems/1.9.1/gems/watir-webdriver-0.6.1/lib/watir-webdriver/elements/element.rb:365:in `assert_exists'", "C:/Ruby192/lib/ruby/gems/1.9.1/gems/watir-webdriver-0.6.1/lib/watir-webdriver/elements/element.rb:95:in `click'", "Test_14_Traditional_pixel.rb:178:in `test_04_survey_complete'", "C:/Ruby192/lib/ruby/1.9.1/minitest/unit.rb:695:in `run'", "C:/Ruby192/lib/ruby/1.9.1/minitest/unit.rb:656:in `block (2 levels) in run_test_suites'", "C:/Ruby192/lib/ruby/1.9.1/minitest/unit.rb:650:in `each'", "C:/Ruby192/lib/ruby/1.9.1/minitest/unit.rb:650:in `block in run_test_suites'", "C:/Ruby192/lib/ruby/1.9.1/minitest/unit.rb:649:in `each'", "C:/Ruby192/lib/ruby/1.9.1/minitest/unit.rb:649:in `run_test_suites'", "C:/Ruby192/lib/ruby/1.9.1/minitest/unit.rb:609:in `run'", "C:/Ruby192/lib/ruby/1.9.1/minitest/unit.rb:508:in `block in autorun'"]
.Started InternetExplorerDriver server (32-bit)
2.39.0.0
Listening on port 5556
Successful Login to Usampadmin
26782
122225
.auto_test.des2014-04-13061854@mailop.com
Successful Login to ipoll site
https://www.p.ipoll.com/profile.php?PrId=81e6ffeed42b6a37c045da4d35fa7943&PrLId=b656998ee46e68cc2b18f7a1f82eec4f
.Started InternetExplorerDriver server (32-bit)
2.39.0.0
Listening on port 5556
Successful Login to Usampadmin
Element must not be hidden, disabled or read-only
["C:/Ruby192/lib/ruby/gems/1.9.1/gems/selenium-webdriver-2.31.0/lib/selenium/webdriver/remote/response.rb:52:in `assert_ok'", "C:/Ruby192/lib/ruby/gems/1.9.1/gems/selenium-webdriver-2.31.0/lib/selenium/webdriver/remote/response.rb:15:in `initialize'", "C:/Ruby192/lib/ruby/gems/1.9.1/gems/selenium-webdriver-2.31.0/lib/selenium/webdriver/remote/http/common.rb:59:in `new'", "C:/Ruby192/lib/ruby/gems/1.9.1/gems/selenium-webdriver-2.31.0/lib/selenium/webdriver/remote/http/common.rb:59:in `create_response'", "C:/Ruby192/lib/ruby/gems/1.9.1/gems/selenium-webdriver-2.31.0/lib/selenium/webdriver/remote/http/default.rb:66:in `request'", "C:/Ruby192/lib/ruby/gems/1.9.1/gems/selenium-webdriver-2.31.0/lib/selenium/webdriver/remote/http/common.rb:40:in `call'", "C:/Ruby192/lib/ruby/gems/1.9.1/gems/selenium-webdriver-2.31.0/lib/selenium/webdriver/remote/bridge.rb:616:in `raw_execute'", "C:/Ruby192/lib/ruby/gems/1.9.1/gems/selenium-webdriver-2.31.0/lib/selenium/webdriver/remote/bridge.rb:594:in `execute'", "C:/Ruby192/lib/ruby/gems/1.9.1/gems/selenium-webdriver-2.31.0/lib/selenium/webdriver/remote/bridge.rb:413:in `clearElement'", "C:/Ruby192/lib/ruby/gems/1.9.1/gems/selenium-webdriver-2.31.0/lib/selenium/webdriver/common/element.rb:141:in `clear'", "C:/Ruby192/lib/ruby/gems/1.9.1/gems/watir-webdriver-0.6.1/lib/watir-webdriver/user_editable.rb:11:in `set'", "Test_14_Traditional_pixel.rb:335:in `test_08_pixel_reset'", "C:/Ruby192/lib/ruby/1.9.1/minitest/unit.rb:695:in `run'", "C:/Ruby192/lib/ruby/1.9.1/minitest/unit.rb:656:in `block (2 levels) in run_test_suites'", "C:/Ruby192/lib/ruby/1.9.1/minitest/unit.rb:650:in `each'", "C:/Ruby192/lib/ruby/1.9.1/minitest/unit.rb:650:in `block in run_test_suites'", "C:/Ruby192/lib/ruby/1.9.1/minitest/unit.rb:649:in `each'", "C:/Ruby192/lib/ruby/1.9.1/minitest/unit.rb:649:in `run_test_suites'", "C:/Ruby192/lib/ruby/1.9.1/minitest/unit.rb:609:in `run'", "C:/Ruby192/lib/ruby/1.9.1/minitest/unit.rb:508:in `block in autorun'"]
.
Finished in 483.013034 seconds.

7 tests, 0 assertions, 0 failures, 0 errors, 0 skips

Test run options: --seed 42937
Loaded suite Test_16_Reward_creation
Started
.Started InternetExplorerDriver server (32-bit)
2.39.0.0
Listening on port 5556
Successful Login to Usampadmin
Donation_2014-04-13 06:26:49
Don_passed
2128
.Started InternetExplorerDriver server (32-bit)
2.39.0.0
Listening on port 5556
Successful Login to Usampadmin
GIFT_CERT_2014-04-13 06:28:11
Gift_passed
2129
.Donation_2014-04-13 06:26:49
GIFT_CERT_2014-04-13 06:28:11
Successful Login to ipoll site
waiting for rewards1 to load
waiting for rewards2 to load
unable to locate element, using {:text=>"Last", :tag_name=>"a"}
["C:/Ruby192/lib/ruby/gems/1.9.1/gems/watir-webdriver-0.6.1/lib/watir-webdriver/elements/element.rb:365:in `assert_exists'", "C:/Ruby192/lib/ruby/gems/1.9.1/gems/watir-webdriver-0.6.1/lib/watir-webdriver/elements/element.rb:95:in `click'", "Test_16_Reward_creation.rb:236:in `test_04_gift_on_pl'", "C:/Ruby192/lib/ruby/1.9.1/minitest/unit.rb:695:in `run'", "C:/Ruby192/lib/ruby/1.9.1/minitest/unit.rb:656:in `block (2 levels) in run_test_suites'", "C:/Ruby192/lib/ruby/1.9.1/minitest/unit.rb:650:in `each'", "C:/Ruby192/lib/ruby/1.9.1/minitest/unit.rb:650:in `block in run_test_suites'", "C:/Ruby192/lib/ruby/1.9.1/minitest/unit.rb:649:in `each'", "C:/Ruby192/lib/ruby/1.9.1/minitest/unit.rb:649:in `run_test_suites'", "C:/Ruby192/lib/ruby/1.9.1/minitest/unit.rb:609:in `run'", "C:/Ruby192/lib/ruby/1.9.1/minitest/unit.rb:508:in `block in autorun'"]
.
Finished in 287.673664 seconds.

4 tests, 0 assertions, 0 failures, 0 errors, 0 skips

Test run options: --seed 36611
Loaded suite Test_17_Member_data_review
Started
.Started InternetExplorerDriver server (32-bit)
2.39.0.0
Listening on port 5556
Successful Login to Usampadmin
26782
122225
QG COPIED
122226
setting on add quota group done... goint to criteria page
MTIyMjI2
MjY3ODIK
p.usampadmin.com/add_quota_group_criteria.php?project_id=MjY3ODIK
&quota_group_id=MTIyMjI2
def02 ends here
.Successful Login to ipoll site
## Waiting for surveys to load ##
linkMTIyMjI2
unable to locate element, using {:id=>"linkMTIyMjI2", :tag_name=>"a"}
["C:/Ruby192/lib/ruby/gems/1.9.1/gems/watir-webdriver-0.6.1/lib/watir-webdriver/elements/element.rb:365:in `assert_exists'", "C:/Ruby192/lib/ruby/gems/1.9.1/gems/watir-webdriver-0.6.1/lib/watir-webdriver/elements/element.rb:95:in `click'", "Test_17_Member_data_review.rb:183:in `test_03_member_data_review'", "C:/Ruby192/lib/ruby/1.9.1/minitest/unit.rb:695:in `run'", "C:/Ruby192/lib/ruby/1.9.1/minitest/unit.rb:656:in `block (2 levels) in run_test_suites'", "C:/Ruby192/lib/ruby/1.9.1/minitest/unit.rb:650:in `each'", "C:/Ruby192/lib/ruby/1.9.1/minitest/unit.rb:650:in `block in run_test_suites'", "C:/Ruby192/lib/ruby/1.9.1/minitest/unit.rb:649:in `each'", "C:/Ruby192/lib/ruby/1.9.1/minitest/unit.rb:649:in `run_test_suites'", "C:/Ruby192/lib/ruby/1.9.1/minitest/unit.rb:609:in `run'", "C:/Ruby192/lib/ruby/1.9.1/minitest/unit.rb:508:in `block in autorun'"]
.Successful Login to ipoll site
## Waiting for surveys to load ##
linkMTIyMjI2
Started InternetExplorerDriver server (32-bit)
2.39.0.0
Listening on port 5556
Successful Login to Usampadmin
<TD>COPIED AUTO TEST SURVEY</TD>
***
<TD>Invalid</TD>
PASS
PASS
.Started InternetExplorerDriver server (32-bit)
2.39.0.0
Listening on port 5556
Successful Login to Usampadmin
26782
122226
.
Finished in 473.248410 seconds.

5 tests, 0 assertions, 0 failures, 0 errors, 0 skips

Test run options: --seed 21724
Loaded suite Test_18_Publisher_bids
Started
.26782
122226
Started InternetExplorerDriver server (32-bit)
2.39.0.0
Listening on port 5556
Successful Login to Usampadmin
Pass
.Logged it to Network site
Pass
.Started InternetExplorerDriver server (32-bit)
2.39.0.0
Listening on port 5556
Successful Login to Usampadmin
Pass
.Started InternetExplorerDriver server (32-bit)
2.39.0.0
Listening on port 5556
Successful Login to Usampadmin
Pass
.Logged it to Network site
Pass
.Started InternetExplorerDriver server (32-bit)
2.39.0.0
Listening on port 5556
Successful Login to Usampadmin
Fail
.
Finished in 416.801066 seconds.

7 tests, 0 assertions, 0 failures, 0 errors, 0 skips

Test run options: --seed 15574
Loaded suite Test_19_Virtual_currency_reflection
Started
.Started InternetExplorerDriver server (32-bit)
2.39.0.0
Listening on port 5556
Successful Login to Usampadmin
Element is not currently visible and so may not be interacted with
["[remote server] file:///C:/DOCUME~1/ADMINI~1/LOCALS~1/Temp/webdriver-rb-profilecopy20140413-12464-94ltrs/extensions/fxdriver@googlecode.com/components/command_processor.js:7567:in `unknown'", "[remote server] file:///C:/DOCUME~1/ADMINI~1/LOCALS~1/Temp/webdriver-rb-profilecopy20140413-12464-94ltrs/extensions/fxdriver@googlecode.com/components/command_processor.js:10256:in `unknown'", "[remote server] file:///C:/DOCUME~1/ADMINI~1/LOCALS~1/Temp/webdriver-rb-profilecopy20140413-12464-94ltrs/extensions/fxdriver@googlecode.com/components/command_processor.js:10275:in `unknown'", "[remote server] file:///C:/DOCUME~1/ADMINI~1/LOCALS~1/Temp/webdriver-rb-profilecopy20140413-12464-94ltrs/extensions/fxdriver@googlecode.com/components/command_processor.js:10280:in `unknown'", "[remote server] file:///C:/DOCUME~1/ADMINI~1/LOCALS~1/Temp/webdriver-rb-profilecopy20140413-12464-94ltrs/extensions/fxdriver@googlecode.com/components/command_processor.js:10220:in `unknown'", "C:/Ruby192/lib/ruby/gems/1.9.1/gems/selenium-webdriver-2.31.0/lib/selenium/webdriver/remote/response.rb:52:in `assert_ok'", "C:/Ruby192/lib/ruby/gems/1.9.1/gems/selenium-webdriver-2.31.0/lib/selenium/webdriver/remote/response.rb:15:in `initialize'", "C:/Ruby192/lib/ruby/gems/1.9.1/gems/selenium-webdriver-2.31.0/lib/selenium/webdriver/remote/http/common.rb:59:in `new'", "C:/Ruby192/lib/ruby/gems/1.9.1/gems/selenium-webdriver-2.31.0/lib/selenium/webdriver/remote/http/common.rb:59:in `create_response'", "C:/Ruby192/lib/ruby/gems/1.9.1/gems/selenium-webdriver-2.31.0/lib/selenium/webdriver/remote/http/default.rb:66:in `request'", "C:/Ruby192/lib/ruby/gems/1.9.1/gems/selenium-webdriver-2.31.0/lib/selenium/webdriver/remote/http/common.rb:40:in `call'", "C:/Ruby192/lib/ruby/gems/1.9.1/gems/selenium-webdriver-2.31.0/lib/selenium/webdriver/remote/bridge.rb:616:in `raw_execute'", "C:/Ruby192/lib/ruby/gems/1.9.1/gems/selenium-webdriver-2.31.0/lib/selenium/webdriver/remote/bridge.rb:594:in `execute'", "C:/Ruby192/lib/ruby/gems/1.9.1/gems/selenium-webdriver-2.31.0/lib/selenium/webdriver/remote/bridge.rb:413:in `clearElement'", "C:/Ruby192/lib/ruby/gems/1.9.1/gems/selenium-webdriver-2.31.0/lib/selenium/webdriver/common/element.rb:141:in `clear'", "C:/Ruby192/lib/ruby/gems/1.9.1/gems/watir-webdriver-0.6.1/lib/watir-webdriver/user_editable.rb:11:in `set'", "D:/IMPROVED_CODE_AAMIR/Usamp_lib.rb:164:in `Focusline_login'", "Test_19_Virtual_currency_reflection.rb:53:in `test_02_virt_currency_V1'", "C:/Ruby192/lib/ruby/1.9.1/minitest/unit.rb:695:in `run'", "C:/Ruby192/lib/ruby/1.9.1/minitest/unit.rb:656:in `block (2 levels) in run_test_suites'", "C:/Ruby192/lib/ruby/1.9.1/minitest/unit.rb:650:in `each'", "C:/Ruby192/lib/ruby/1.9.1/minitest/unit.rb:650:in `block in run_test_suites'", "C:/Ruby192/lib/ruby/1.9.1/minitest/unit.rb:649:in `each'", "C:/Ruby192/lib/ruby/1.9.1/minitest/unit.rb:649:in `run_test_suites'", "C:/Ruby192/lib/ruby/1.9.1/minitest/unit.rb:609:in `run'", "C:/Ruby192/lib/ruby/1.9.1/minitest/unit.rb:508:in `block in autorun'"]
EStarted InternetExplorerDriver server (32-bit)
2.39.0.0
Listening on port 5557
Successful Login to Usampadmin
Element is not currently visible and so may not be interacted with
["[remote server] file:///C:/DOCUME~1/ADMINI~1/LOCALS~1/Temp/webdriver-rb-profilecopy20140413-12464-t5tcxt/extensions/fxdriver@googlecode.com/components/command_processor.js:7567:in `unknown'", "[remote server] file:///C:/DOCUME~1/ADMINI~1/LOCALS~1/Temp/webdriver-rb-profilecopy20140413-12464-t5tcxt/extensions/fxdriver@googlecode.com/components/command_processor.js:10256:in `unknown'", "[remote server] file:///C:/DOCUME~1/ADMINI~1/LOCALS~1/Temp/webdriver-rb-profilecopy20140413-12464-t5tcxt/extensions/fxdriver@googlecode.com/components/command_processor.js:10275:in `unknown'", "[remote server] file:///C:/DOCUME~1/ADMINI~1/LOCALS~1/Temp/webdriver-rb-profilecopy20140413-12464-t5tcxt/extensions/fxdriver@googlecode.com/components/command_processor.js:10280:in `unknown'", "[remote server] file:///C:/DOCUME~1/ADMINI~1/LOCALS~1/Temp/webdriver-rb-profilecopy20140413-12464-t5tcxt/extensions/fxdriver@googlecode.com/components/command_processor.js:10220:in `unknown'", "C:/Ruby192/lib/ruby/gems/1.9.1/gems/selenium-webdriver-2.31.0/lib/selenium/webdriver/remote/response.rb:52:in `assert_ok'", "C:/Ruby192/lib/ruby/gems/1.9.1/gems/selenium-webdriver-2.31.0/lib/selenium/webdriver/remote/response.rb:15:in `initialize'", "C:/Ruby192/lib/ruby/gems/1.9.1/gems/selenium-webdriver-2.31.0/lib/selenium/webdriver/remote/http/common.rb:59:in `new'", "C:/Ruby192/lib/ruby/gems/1.9.1/gems/selenium-webdriver-2.31.0/lib/selenium/webdriver/remote/http/common.rb:59:in `create_response'", "C:/Ruby192/lib/ruby/gems/1.9.1/gems/selenium-webdriver-2.31.0/lib/selenium/webdriver/remote/http/default.rb:66:in `request'", "C:/Ruby192/lib/ruby/gems/1.9.1/gems/selenium-webdriver-2.31.0/lib/selenium/webdriver/remote/http/common.rb:40:in `call'", "C:/Ruby192/lib/ruby/gems/1.9.1/gems/selenium-webdriver-2.31.0/lib/selenium/webdriver/remote/bridge.rb:616:in `raw_execute'", "C:/Ruby192/lib/ruby/gems/1.9.1/gems/selenium-webdriver-2.31.0/lib/selenium/webdriver/remote/bridge.rb:594:in `execute'", "C:/Ruby192/lib/ruby/gems/1.9.1/gems/selenium-webdriver-2.31.0/lib/selenium/webdriver/remote/bridge.rb:413:in `clearElement'", "C:/Ruby192/lib/ruby/gems/1.9.1/gems/selenium-webdriver-2.31.0/lib/selenium/webdriver/common/element.rb:141:in `clear'", "C:/Ruby192/lib/ruby/gems/1.9.1/gems/watir-webdriver-0.6.1/lib/watir-webdriver/user_editable.rb:11:in `set'", "D:/IMPROVED_CODE_AAMIR/Usamp_lib.rb:164:in `Focusline_login'", "Test_19_Virtual_currency_reflection.rb:106:in `test_03_virt_currency_V2'", "C:/Ruby192/lib/ruby/1.9.1/minitest/unit.rb:695:in `run'", "C:/Ruby192/lib/ruby/1.9.1/minitest/unit.rb:656:in `block (2 levels) in run_test_suites'", "C:/Ruby192/lib/ruby/1.9.1/minitest/unit.rb:650:in `each'", "C:/Ruby192/lib/ruby/1.9.1/minitest/unit.rb:650:in `block in run_test_suites'", "C:/Ruby192/lib/ruby/1.9.1/minitest/unit.rb:649:in `each'", "C:/Ruby192/lib/ruby/1.9.1/minitest/unit.rb:649:in `run_test_suites'", "C:/Ruby192/lib/ruby/1.9.1/minitest/unit.rb:609:in `run'", "C:/Ruby192/lib/ruby/1.9.1/minitest/unit.rb:508:in `block in autorun'"]
EStarted InternetExplorerDriver server (32-bit)
2.39.0.0
Listening on port 5558
Successful Login to Usampadmin
Element is no longer valid
["C:/Ruby192/lib/ruby/gems/1.9.1/gems/selenium-webdriver-2.31.0/lib/selenium/webdriver/remote/response.rb:52:in `assert_ok'", "C:/Ruby192/lib/ruby/gems/1.9.1/gems/selenium-webdriver-2.31.0/lib/selenium/webdriver/remote/response.rb:15:in `initialize'", "C:/Ruby192/lib/ruby/gems/1.9.1/gems/selenium-webdriver-2.31.0/lib/selenium/webdriver/remote/http/common.rb:59:in `new'", "C:/Ruby192/lib/ruby/gems/1.9.1/gems/selenium-webdriver-2.31.0/lib/selenium/webdriver/remote/http/common.rb:59:in `create_response'", "C:/Ruby192/lib/ruby/gems/1.9.1/gems/selenium-webdriver-2.31.0/lib/selenium/webdriver/remote/http/default.rb:66:in `request'", "C:/Ruby192/lib/ruby/gems/1.9.1/gems/selenium-webdriver-2.31.0/lib/selenium/webdriver/remote/http/common.rb:40:in `call'", "C:/Ruby192/lib/ruby/gems/1.9.1/gems/selenium-webdriver-2.31.0/lib/selenium/webdriver/remote/bridge.rb:616:in `raw_execute'", "C:/Ruby192/lib/ruby/gems/1.9.1/gems/selenium-webdriver-2.31.0/lib/selenium/webdriver/remote/bridge.rb:594:in `execute'", "C:/Ruby192/lib/ruby/gems/1.9.1/gems/selenium-webdriver-2.31.0/lib/selenium/webdriver/remote/bridge.rb:359:in `clickElement'", "C:/Ruby192/lib/ruby/gems/1.9.1/gems/selenium-webdriver-2.31.0/lib/selenium/webdriver/common/element.rb:54:in `click'", "C:/Ruby192/lib/ruby/gems/1.9.1/gems/watir-webdriver-0.6.1/lib/watir-webdriver/elements/element.rb:108:in `click'", "Test_19_Virtual_currency_reflection.rb:159:in `test_04_site_settings_reset'", "C:/Ruby192/lib/ruby/1.9.1/minitest/unit.rb:695:in `run'", "C:/Ruby192/lib/ruby/1.9.1/minitest/unit.rb:656:in `block (2 levels) in run_test_suites'", "C:/Ruby192/lib/ruby/1.9.1/minitest/unit.rb:650:in `each'", "C:/Ruby192/lib/ruby/1.9.1/minitest/unit.rb:650:in `block in run_test_suites'", "C:/Ruby192/lib/ruby/1.9.1/minitest/unit.rb:649:in `each'", "C:/Ruby192/lib/ruby/1.9.1/minitest/unit.rb:649:in `run_test_suites'", "C:/Ruby192/lib/ruby/1.9.1/minitest/unit.rb:609:in `run'", "C:/Ruby192/lib/ruby/1.9.1/minitest/unit.rb:508:in `block in autorun'"]
.
Finished in 227.836042 seconds.

  1) Error:
test_02_virt_currency_V1(Test_19_Virtual_currency_reflection):
NoMethodError: undefined method `close' for nil:NilClass
    Test_19_Virtual_currency_reflection.rb:81:in `rescue in test_02_virt_currency_V1'
    Test_19_Virtual_currency_reflection.rb:38:in `test_02_virt_currency_V1'

  2) Error:
test_03_virt_currency_V2(Test_19_Virtual_currency_reflection):
NoMethodError: undefined method `close' for nil:NilClass
    Test_19_Virtual_currency_reflection.rb:132:in `rescue in test_03_virt_currency_V2'
    Test_19_Virtual_currency_reflection.rb:93:in `test_03_virt_currency_V2'

4 tests, 0 assertions, 0 failures, 2 errors, 0 skips

Test run options: --seed 9732
Loaded suite Test_20_Custom_reward
Started
.Started InternetExplorerDriver server (32-bit)
2.39.0.0
Listening on port 5556
Successful Login to Usampadmin
Element is not currently visible and so may not be interacted with
["[remote server] file:///C:/DOCUME~1/ADMINI~1/LOCALS~1/Temp/webdriver-rb-profilecopy20140413-2824-1jpqjwz/extensions/fxdriver@googlecode.com/components/command_processor.js:7567:in `unknown'", "[remote server] file:///C:/DOCUME~1/ADMINI~1/LOCALS~1/Temp/webdriver-rb-profilecopy20140413-2824-1jpqjwz/extensions/fxdriver@googlecode.com/components/command_processor.js:10256:in `unknown'", "[remote server] file:///C:/DOCUME~1/ADMINI~1/LOCALS~1/Temp/webdriver-rb-profilecopy20140413-2824-1jpqjwz/extensions/fxdriver@googlecode.com/components/command_processor.js:10275:in `unknown'", "[remote server] file:///C:/DOCUME~1/ADMINI~1/LOCALS~1/Temp/webdriver-rb-profilecopy20140413-2824-1jpqjwz/extensions/fxdriver@googlecode.com/components/command_processor.js:10280:in `unknown'", "[remote server] file:///C:/DOCUME~1/ADMINI~1/LOCALS~1/Temp/webdriver-rb-profilecopy20140413-2824-1jpqjwz/extensions/fxdriver@googlecode.com/components/command_processor.js:10220:in `unknown'", "C:/Ruby192/lib/ruby/gems/1.9.1/gems/selenium-webdriver-2.31.0/lib/selenium/webdriver/remote/response.rb:52:in `assert_ok'", "C:/Ruby192/lib/ruby/gems/1.9.1/gems/selenium-webdriver-2.31.0/lib/selenium/webdriver/remote/response.rb:15:in `initialize'", "C:/Ruby192/lib/ruby/gems/1.9.1/gems/selenium-webdriver-2.31.0/lib/selenium/webdriver/remote/http/common.rb:59:in `new'", "C:/Ruby192/lib/ruby/gems/1.9.1/gems/selenium-webdriver-2.31.0/lib/selenium/webdriver/remote/http/common.rb:59:in `create_response'", "C:/Ruby192/lib/ruby/gems/1.9.1/gems/selenium-webdriver-2.31.0/lib/selenium/webdriver/remote/http/default.rb:66:in `request'", "C:/Ruby192/lib/ruby/gems/1.9.1/gems/selenium-webdriver-2.31.0/lib/selenium/webdriver/remote/http/common.rb:40:in `call'", "C:/Ruby192/lib/ruby/gems/1.9.1/gems/selenium-webdriver-2.31.0/lib/selenium/webdriver/remote/bridge.rb:616:in `raw_execute'", "C:/Ruby192/lib/ruby/gems/1.9.1/gems/selenium-webdriver-2.31.0/lib/selenium/webdriver/remote/bridge.rb:594:in `execute'", "C:/Ruby192/lib/ruby/gems/1.9.1/gems/selenium-webdriver-2.31.0/lib/selenium/webdriver/remote/bridge.rb:413:in `clearElement'", "C:/Ruby192/lib/ruby/gems/1.9.1/gems/selenium-webdriver-2.31.0/lib/selenium/webdriver/common/element.rb:141:in `clear'", "C:/Ruby192/lib/ruby/gems/1.9.1/gems/watir-webdriver-0.6.1/lib/watir-webdriver/user_editable.rb:11:in `set'", "D:/IMPROVED_CODE_AAMIR/Usamp_lib.rb:164:in `Focusline_login'", "Test_20_Custom_reward.rb:52:in `test_02_custom_reward'", "C:/Ruby192/lib/ruby/1.9.1/minitest/unit.rb:695:in `run'", "C:/Ruby192/lib/ruby/1.9.1/minitest/unit.rb:656:in `block (2 levels) in run_test_suites'", "C:/Ruby192/lib/ruby/1.9.1/minitest/unit.rb:650:in `each'", "C:/Ruby192/lib/ruby/1.9.1/minitest/unit.rb:650:in `block in run_test_suites'", "C:/Ruby192/lib/ruby/1.9.1/minitest/unit.rb:649:in `each'", "C:/Ruby192/lib/ruby/1.9.1/minitest/unit.rb:649:in `run_test_suites'", "C:/Ruby192/lib/ruby/1.9.1/minitest/unit.rb:609:in `run'", "C:/Ruby192/lib/ruby/1.9.1/minitest/unit.rb:508:in `block in autorun'"]
E
Finished in 94.646557 seconds.

  1) Error:
test_02_custom_reward(Test_20_Custom_reward):
TypeError: can't convert nil into String
    Test_20_Custom_reward.rb:87:in `+'
    Test_20_Custom_reward.rb:87:in `rescue in test_02_custom_reward'
    Test_20_Custom_reward.rb:38:in `test_02_custom_reward'

2 tests, 0 assertions, 0 failures, 1 errors, 0 skips

Test run options: --seed 14647
Loaded suite Test_21_Registration_management
Started
.PASS
"Dikhil" not found in select list
["C:/Ruby192/lib/ruby/gems/1.9.1/gems/watir-webdriver-0.6.1/lib/watir-webdriver/elements/select.rb:216:in `no_value_found'", "C:/Ruby192/lib/ruby/gems/1.9.1/gems/watir-webdriver-0.6.1/lib/watir-webdriver/elements/select.rb:150:in `rescue in select_by_string'", "C:/Ruby192/lib/ruby/gems/1.9.1/gems/watir-webdriver-0.6.1/lib/watir-webdriver/elements/select.rb:147:in `select_by_string'", "C:/Ruby192/lib/ruby/gems/1.9.1/gems/watir-webdriver-0.6.1/lib/watir-webdriver/elements/select.rb:129:in `select_by'", "C:/Ruby192/lib/ruby/gems/1.9.1/gems/watir-webdriver-0.6.1/lib/watir-webdriver/elements/select.rb:64:in `select'", "Test_21_Registration_management.rb:80:in `test_02_signup_with_normal_settings'", "C:/Ruby192/lib/ruby/1.9.1/minitest/unit.rb:695:in `run'", "C:/Ruby192/lib/ruby/1.9.1/minitest/unit.rb:656:in `block (2 levels) in run_test_suites'", "C:/Ruby192/lib/ruby/1.9.1/minitest/unit.rb:650:in `each'", "C:/Ruby192/lib/ruby/1.9.1/minitest/unit.rb:650:in `block in run_test_suites'", "C:/Ruby192/lib/ruby/1.9.1/minitest/unit.rb:649:in `each'", "C:/Ruby192/lib/ruby/1.9.1/minitest/unit.rb:649:in `run_test_suites'", "C:/Ruby192/lib/ruby/1.9.1/minitest/unit.rb:609:in `run'", "C:/Ruby192/lib/ruby/1.9.1/minitest/unit.rb:508:in `block in autorun'"]
.Started InternetExplorerDriver server (32-bit)
2.39.0.0
Listening on port 5556
Successful Login to Usampadmin
Element is no longer valid
["C:/Ruby192/lib/ruby/gems/1.9.1/gems/selenium-webdriver-2.31.0/lib/selenium/webdriver/remote/response.rb:52:in `assert_ok'", "C:/Ruby192/lib/ruby/gems/1.9.1/gems/selenium-webdriver-2.31.0/lib/selenium/webdriver/remote/response.rb:15:in `initialize'", "C:/Ruby192/lib/ruby/gems/1.9.1/gems/selenium-webdriver-2.31.0/lib/selenium/webdriver/remote/http/common.rb:59:in `new'", "C:/Ruby192/lib/ruby/gems/1.9.1/gems/selenium-webdriver-2.31.0/lib/selenium/webdriver/remote/http/common.rb:59:in `create_response'", "C:/Ruby192/lib/ruby/gems/1.9.1/gems/selenium-webdriver-2.31.0/lib/selenium/webdriver/remote/http/default.rb:66:in `request'", "C:/Ruby192/lib/ruby/gems/1.9.1/gems/selenium-webdriver-2.31.0/lib/selenium/webdriver/remote/http/common.rb:40:in `call'", "C:/Ruby192/lib/ruby/gems/1.9.1/gems/selenium-webdriver-2.31.0/lib/selenium/webdriver/remote/bridge.rb:616:in `raw_execute'", "C:/Ruby192/lib/ruby/gems/1.9.1/gems/selenium-webdriver-2.31.0/lib/selenium/webdriver/remote/bridge.rb:594:in `execute'", "C:/Ruby192/lib/ruby/gems/1.9.1/gems/selenium-webdriver-2.31.0/lib/selenium/webdriver/remote/bridge.rb:531:in `isElementSelected'", "C:/Ruby192/lib/ruby/gems/1.9.1/gems/selenium-webdriver-2.31.0/lib/selenium/webdriver/common/element.rb:161:in `selected?'", "C:/Ruby192/lib/ruby/gems/1.9.1/gems/watir-webdriver-0.6.1/lib/watir-webdriver/elements/checkbox.rb:36:in `set?'", "Test_21_Registration_management.rb:176:in `test_03_make_spec_registration_settings_in_admin'", "C:/Ruby192/lib/ruby/1.9.1/minitest/unit.rb:695:in `run'", "C:/Ruby192/lib/ruby/1.9.1/minitest/unit.rb:656:in `block (2 levels) in run_test_suites'", "C:/Ruby192/lib/ruby/1.9.1/minitest/unit.rb:650:in `each'", "C:/Ruby192/lib/ruby/1.9.1/minitest/unit.rb:650:in `block in run_test_suites'", "C:/Ruby192/lib/ruby/1.9.1/minitest/unit.rb:649:in `each'", "C:/Ruby192/lib/ruby/1.9.1/minitest/unit.rb:649:in `run_test_suites'", "C:/Ruby192/lib/ruby/1.9.1/minitest/unit.rb:609:in `run'", "C:/Ruby192/lib/ruby/1.9.1/minitest/unit.rb:508:in `block in autorun'"]
.PASS
"Dikhil" not found in select list
["C:/Ruby192/lib/ruby/gems/1.9.1/gems/watir-webdriver-0.6.1/lib/watir-webdriver/elements/select.rb:216:in `no_value_found'", "C:/Ruby192/lib/ruby/gems/1.9.1/gems/watir-webdriver-0.6.1/lib/watir-webdriver/elements/select.rb:150:in `rescue in select_by_string'", "C:/Ruby192/lib/ruby/gems/1.9.1/gems/watir-webdriver-0.6.1/lib/watir-webdriver/elements/select.rb:147:in `select_by_string'", "C:/Ruby192/lib/ruby/gems/1.9.1/gems/watir-webdriver-0.6.1/lib/watir-webdriver/elements/select.rb:129:in `select_by'", "C:/Ruby192/lib/ruby/gems/1.9.1/gems/watir-webdriver-0.6.1/lib/watir-webdriver/elements/select.rb:64:in `select'", "Test_21_Registration_management.rb:229:in `test_04_check_registration_after_new_settings'", "C:/Ruby192/lib/ruby/1.9.1/minitest/unit.rb:695:in `run'", "C:/Ruby192/lib/ruby/1.9.1/minitest/unit.rb:656:in `block (2 levels) in run_test_suites'", "C:/Ruby192/lib/ruby/1.9.1/minitest/unit.rb:650:in `each'", "C:/Ruby192/lib/ruby/1.9.1/minitest/unit.rb:650:in `block in run_test_suites'", "C:/Ruby192/lib/ruby/1.9.1/minitest/unit.rb:649:in `each'", "C:/Ruby192/lib/ruby/1.9.1/minitest/unit.rb:649:in `run_test_suites'", "C:/Ruby192/lib/ruby/1.9.1/minitest/unit.rb:609:in `run'", "C:/Ruby192/lib/ruby/1.9.1/minitest/unit.rb:508:in `block in autorun'"]
.Started InternetExplorerDriver server (32-bit)
2.39.0.0
Listening on port 5556
Successful Login to Usampadmin
Element is no longer valid
["C:/Ruby192/lib/ruby/gems/1.9.1/gems/selenium-webdriver-2.31.0/lib/selenium/webdriver/remote/response.rb:52:in `assert_ok'", "C:/Ruby192/lib/ruby/gems/1.9.1/gems/selenium-webdriver-2.31.0/lib/selenium/webdriver/remote/response.rb:15:in `initialize'", "C:/Ruby192/lib/ruby/gems/1.9.1/gems/selenium-webdriver-2.31.0/lib/selenium/webdriver/remote/http/common.rb:59:in `new'", "C:/Ruby192/lib/ruby/gems/1.9.1/gems/selenium-webdriver-2.31.0/lib/selenium/webdriver/remote/http/common.rb:59:in `create_response'", "C:/Ruby192/lib/ruby/gems/1.9.1/gems/selenium-webdriver-2.31.0/lib/selenium/webdriver/remote/http/default.rb:66:in `request'", "C:/Ruby192/lib/ruby/gems/1.9.1/gems/selenium-webdriver-2.31.0/lib/selenium/webdriver/remote/http/common.rb:40:in `call'", "C:/Ruby192/lib/ruby/gems/1.9.1/gems/selenium-webdriver-2.31.0/lib/selenium/webdriver/remote/bridge.rb:616:in `raw_execute'", "C:/Ruby192/lib/ruby/gems/1.9.1/gems/selenium-webdriver-2.31.0/lib/selenium/webdriver/remote/bridge.rb:594:in `execute'", "C:/Ruby192/lib/ruby/gems/1.9.1/gems/selenium-webdriver-2.31.0/lib/selenium/webdriver/remote/bridge.rb:497:in `getElementAttribute'", "C:/Ruby192/lib/ruby/gems/1.9.1/gems/selenium-webdriver-2.31.0/lib/selenium/webdriver/common/element.rb:98:in `attribute'", "C:/Ruby192/lib/ruby/gems/1.9.1/gems/watir-webdriver-0.6.1/lib/watir-webdriver/locators/element_locator.rb:384:in `validate_element'", "C:/Ruby192/lib/ruby/gems/1.9.1/gems/watir-webdriver-0.6.1/lib/watir-webdriver/locators/element_locator.rb:37:in `locate'", "C:/Ruby192/lib/ruby/gems/1.9.1/gems/watir-webdriver-0.6.1/lib/watir-webdriver/elements/element.rb:384:in `locate'", "C:/Ruby192/lib/ruby/gems/1.9.1/gems/watir-webdriver-0.6.1/lib/watir-webdriver/elements/element.rb:362:in `assert_exists'", "C:/Ruby192/lib/ruby/gems/1.9.1/gems/watir-webdriver-0.6.1/lib/watir-webdriver/elements/checkbox.rb:35:in `set?'", "Test_21_Registration_management.rb:323:in `test_05_revert_registration_mgmnt_settings'", "C:/Ruby192/lib/ruby/1.9.1/minitest/unit.rb:695:in `run'", "C:/Ruby192/lib/ruby/1.9.1/minitest/unit.rb:656:in `block (2 levels) in run_test_suites'", "C:/Ruby192/lib/ruby/1.9.1/minitest/unit.rb:650:in `each'", "C:/Ruby192/lib/ruby/1.9.1/minitest/unit.rb:650:in `block in run_test_suites'", "C:/Ruby192/lib/ruby/1.9.1/minitest/unit.rb:649:in `each'", "C:/Ruby192/lib/ruby/1.9.1/minitest/unit.rb:649:in `run_test_suites'", "C:/Ruby192/lib/ruby/1.9.1/minitest/unit.rb:609:in `run'", "C:/Ruby192/lib/ruby/1.9.1/minitest/unit.rb:508:in `block in autorun'"]
.
Finished in 195.308123 seconds.

5 tests, 0 assertions, 0 failures, 0 errors, 0 skips

Test run options: --seed 44495
Loaded suite Test_22_Profile_redirection_on_signup
Started
.Successful Login to Usampadmin
"Tier 1 - _uSamp - Casinos & Gambling" not found in select list
["C:/Ruby192/lib/ruby/gems/1.9.1/gems/watir-webdriver-0.6.1/lib/watir-webdriver/elements/select.rb:216:in `no_value_found'", "C:/Ruby192/lib/ruby/gems/1.9.1/gems/watir-webdriver-0.6.1/lib/watir-webdriver/elements/select.rb:150:in `rescue in select_by_string'", "C:/Ruby192/lib/ruby/gems/1.9.1/gems/watir-webdriver-0.6.1/lib/watir-webdriver/elements/select.rb:147:in `select_by_string'", "C:/Ruby192/lib/ruby/gems/1.9.1/gems/watir-webdriver-0.6.1/lib/watir-webdriver/elements/select.rb:129:in `select_by'", "C:/Ruby192/lib/ruby/gems/1.9.1/gems/watir-webdriver-0.6.1/lib/watir-webdriver/elements/select.rb:64:in `select'", "Test_22_Profile_redirection_on_signup.rb:52:in `test_02_prof_redirection'", "C:/Ruby192/lib/ruby/1.9.1/minitest/unit.rb:695:in `run'", "C:/Ruby192/lib/ruby/1.9.1/minitest/unit.rb:656:in `block (2 levels) in run_test_suites'", "C:/Ruby192/lib/ruby/1.9.1/minitest/unit.rb:650:in `each'", "C:/Ruby192/lib/ruby/1.9.1/minitest/unit.rb:650:in `block in run_test_suites'", "C:/Ruby192/lib/ruby/1.9.1/minitest/unit.rb:649:in `each'", "C:/Ruby192/lib/ruby/1.9.1/minitest/unit.rb:649:in `run_test_suites'", "C:/Ruby192/lib/ruby/1.9.1/minitest/unit.rb:609:in `run'", "C:/Ruby192/lib/ruby/1.9.1/minitest/unit.rb:508:in `block in autorun'"]
EStarted InternetExplorerDriver server (32-bit)
2.39.0.0
Listening on port 5556
Successful Login to Usampadmin
Element is not currently visible and so may not be interacted with
["[remote server] file:///C:/DOCUME~1/ADMINI~1/LOCALS~1/Temp/webdriver-rb-profilecopy20140413-5104-14n0sh5/extensions/fxdriver@googlecode.com/components/command_processor.js:7567:in `unknown'", "[remote server] file:///C:/DOCUME~1/ADMINI~1/LOCALS~1/Temp/webdriver-rb-profilecopy20140413-5104-14n0sh5/extensions/fxdriver@googlecode.com/components/command_processor.js:10256:in `unknown'", "[remote server] file:///C:/DOCUME~1/ADMINI~1/LOCALS~1/Temp/webdriver-rb-profilecopy20140413-5104-14n0sh5/extensions/fxdriver@googlecode.com/components/command_processor.js:10275:in `unknown'", "[remote server] file:///C:/DOCUME~1/ADMINI~1/LOCALS~1/Temp/webdriver-rb-profilecopy20140413-5104-14n0sh5/extensions/fxdriver@googlecode.com/components/command_processor.js:10280:in `unknown'", "[remote server] file:///C:/DOCUME~1/ADMINI~1/LOCALS~1/Temp/webdriver-rb-profilecopy20140413-5104-14n0sh5/extensions/fxdriver@googlecode.com/components/command_processor.js:10220:in `unknown'", "C:/Ruby192/lib/ruby/gems/1.9.1/gems/selenium-webdriver-2.31.0/lib/selenium/webdriver/remote/response.rb:52:in `assert_ok'", "C:/Ruby192/lib/ruby/gems/1.9.1/gems/selenium-webdriver-2.31.0/lib/selenium/webdriver/remote/response.rb:15:in `initialize'", "C:/Ruby192/lib/ruby/gems/1.9.1/gems/selenium-webdriver-2.31.0/lib/selenium/webdriver/remote/http/common.rb:59:in `new'", "C:/Ruby192/lib/ruby/gems/1.9.1/gems/selenium-webdriver-2.31.0/lib/selenium/webdriver/remote/http/common.rb:59:in `create_response'", "C:/Ruby192/lib/ruby/gems/1.9.1/gems/selenium-webdriver-2.31.0/lib/selenium/webdriver/remote/http/default.rb:66:in `request'", "C:/Ruby192/lib/ruby/gems/1.9.1/gems/selenium-webdriver-2.31.0/lib/selenium/webdriver/remote/http/common.rb:40:in `call'", "C:/Ruby192/lib/ruby/gems/1.9.1/gems/selenium-webdriver-2.31.0/lib/selenium/webdriver/remote/bridge.rb:616:in `raw_execute'", "C:/Ruby192/lib/ruby/gems/1.9.1/gems/selenium-webdriver-2.31.0/lib/selenium/webdriver/remote/bridge.rb:594:in `execute'", "C:/Ruby192/lib/ruby/gems/1.9.1/gems/selenium-webdriver-2.31.0/lib/selenium/webdriver/remote/bridge.rb:413:in `clearElement'", "C:/Ruby192/lib/ruby/gems/1.9.1/gems/selenium-webdriver-2.31.0/lib/selenium/webdriver/common/element.rb:141:in `clear'", "C:/Ruby192/lib/ruby/gems/1.9.1/gems/watir-webdriver-0.6.1/lib/watir-webdriver/user_editable.rb:11:in `set'", "Test_22_Profile_redirection_on_signup.rb:197:in `test_03_dashboard_redirection'", "C:/Ruby192/lib/ruby/1.9.1/minitest/unit.rb:695:in `run'", "C:/Ruby192/lib/ruby/1.9.1/minitest/unit.rb:656:in `block (2 levels) in run_test_suites'", "C:/Ruby192/lib/ruby/1.9.1/minitest/unit.rb:650:in `each'", "C:/Ruby192/lib/ruby/1.9.1/minitest/unit.rb:650:in `block in run_test_suites'", "C:/Ruby192/lib/ruby/1.9.1/minitest/unit.rb:649:in `each'", "C:/Ruby192/lib/ruby/1.9.1/minitest/unit.rb:649:in `run_test_suites'", "C:/Ruby192/lib/ruby/1.9.1/minitest/unit.rb:609:in `run'", "C:/Ruby192/lib/ruby/1.9.1/minitest/unit.rb:508:in `block in autorun'"]
.
Finished in 194.980032 seconds.

  1) Error:
test_02_prof_redirection(Test_22_Profile_redirection_on_signup):
NoMethodError: undefined method `close' for nil:NilClass
    Test_22_Profile_redirection_on_signup.rb:135:in `rescue in test_02_prof_redirection'
    Test_22_Profile_redirection_on_signup.rb:42:in `test_02_prof_redirection'

3 tests, 0 assertions, 0 failures, 1 errors, 0 skips

Test run options: --seed 27898
Loaded suite Test_23_Request_cash_out
Started
.GIFT_CERT_2014-04-13 06:28:11
Successful Login to ipoll site
unable to locate element, using {:name=>"btnCashOut", :tag_name=>"button"}
["C:/Ruby192/lib/ruby/gems/1.9.1/gems/watir-webdriver-0.6.1/lib/watir-webdriver/elements/element.rb:365:in `assert_exists'", "C:/Ruby192/lib/ruby/gems/1.9.1/gems/watir-webdriver-0.6.1/lib/watir-webdriver/elements/element.rb:95:in `click'", "Test_23_Request_cash_out.rb:63:in `test_02_request_gift_cert'", "C:/Ruby192/lib/ruby/1.9.1/minitest/unit.rb:695:in `run'", "C:/Ruby192/lib/ruby/1.9.1/minitest/unit.rb:656:in `block (2 levels) in run_test_suites'", "C:/Ruby192/lib/ruby/1.9.1/minitest/unit.rb:650:in `each'", "C:/Ruby192/lib/ruby/1.9.1/minitest/unit.rb:650:in `block in run_test_suites'", "C:/Ruby192/lib/ruby/1.9.1/minitest/unit.rb:649:in `each'", "C:/Ruby192/lib/ruby/1.9.1/minitest/unit.rb:649:in `run_test_suites'", "C:/Ruby192/lib/ruby/1.9.1/minitest/unit.rb:609:in `run'", "C:/Ruby192/lib/ruby/1.9.1/minitest/unit.rb:508:in `block in autorun'"]
EDonation_2014-04-13 06:26:49
Successful Login to ipoll site
Pass
.Donation_2014-04-13 06:26:49
GIFT_CERT_2014-04-13 06:28:11
Successful Login to ipoll site
.GIFT_CERT_2014-04-13 06:28:11
Successful Login to ipoll site
unable to locate element, using {:id=>"btnCashOut", :tag_name=>"button"}
["C:/Ruby192/lib/ruby/gems/1.9.1/gems/watir-webdriver-0.6.1/lib/watir-webdriver/elements/element.rb:365:in `assert_exists'", "C:/Ruby192/lib/ruby/gems/1.9.1/gems/watir-webdriver-0.6.1/lib/watir-webdriver/elements/element.rb:95:in `click'", "Test_23_Request_cash_out.rb:245:in `test_05_request_gift_cert_for_rejection_later'", "C:/Ruby192/lib/ruby/1.9.1/minitest/unit.rb:695:in `run'", "C:/Ruby192/lib/ruby/1.9.1/minitest/unit.rb:656:in `block (2 levels) in run_test_suites'", "C:/Ruby192/lib/ruby/1.9.1/minitest/unit.rb:650:in `each'", "C:/Ruby192/lib/ruby/1.9.1/minitest/unit.rb:650:in `block in run_test_suites'", "C:/Ruby192/lib/ruby/1.9.1/minitest/unit.rb:649:in `each'", "C:/Ruby192/lib/ruby/1.9.1/minitest/unit.rb:649:in `run_test_suites'", "C:/Ruby192/lib/ruby/1.9.1/minitest/unit.rb:609:in `run'", "C:/Ruby192/lib/ruby/1.9.1/minitest/unit.rb:508:in `block in autorun'"]
.Donation_2014-04-13 06:26:49
Successful Login to ipoll site
unable to locate element, using {:id=>"btnCashOut", :tag_name=>"button"}
["C:/Ruby192/lib/ruby/gems/1.9.1/gems/watir-webdriver-0.6.1/lib/watir-webdriver/elements/element.rb:365:in `assert_exists'", "C:/Ruby192/lib/ruby/gems/1.9.1/gems/watir-webdriver-0.6.1/lib/watir-webdriver/elements/element.rb:95:in `click'", "Test_23_Request_cash_out.rb:287:in `test_06_request_donation_for_rejection_later'", "C:/Ruby192/lib/ruby/1.9.1/minitest/unit.rb:695:in `run'", "C:/Ruby192/lib/ruby/1.9.1/minitest/unit.rb:656:in `block (2 levels) in run_test_suites'", "C:/Ruby192/lib/ruby/1.9.1/minitest/unit.rb:650:in `each'", "C:/Ruby192/lib/ruby/1.9.1/minitest/unit.rb:650:in `block in run_test_suites'", "C:/Ruby192/lib/ruby/1.9.1/minitest/unit.rb:649:in `each'", "C:/Ruby192/lib/ruby/1.9.1/minitest/unit.rb:649:in `run_test_suites'", "C:/Ruby192/lib/ruby/1.9.1/minitest/unit.rb:609:in `run'", "C:/Ruby192/lib/ruby/1.9.1/minitest/unit.rb:508:in `block in autorun'"]
.
Finished in 592.531441 seconds.

  1) Error:
test_02_request_gift_cert(Test_23_Request_cash_out):
TypeError: can't convert nil into String
    Test_23_Request_cash_out.rb:83:in `+'
    Test_23_Request_cash_out.rb:83:in `rescue in test_02_request_gift_cert'
    Test_23_Request_cash_out.rb:44:in `test_02_request_gift_cert'

6 tests, 0 assertions, 0 failures, 1 errors, 0 skips

Test run options: --seed 41637
Loaded suite Test_24_Survey_redirection
Started
.Started InternetExplorerDriver server (32-bit)
2.39.0.0
Listening on port 5556
Unexpected error launching Internet Explorer. IELaunchURL() returned 80070490 for URL 'http://localhost:5556/'
["C:/Ruby192/lib/ruby/gems/1.9.1/gems/selenium-webdriver-2.31.0/lib/selenium/webdriver/remote/response.rb:52:in `assert_ok'", "C:/Ruby192/lib/ruby/gems/1.9.1/gems/selenium-webdriver-2.31.0/lib/selenium/webdriver/remote/response.rb:15:in `initialize'", "C:/Ruby192/lib/ruby/gems/1.9.1/gems/selenium-webdriver-2.31.0/lib/selenium/webdriver/remote/http/common.rb:59:in `new'", "C:/Ruby192/lib/ruby/gems/1.9.1/gems/selenium-webdriver-2.31.0/lib/selenium/webdriver/remote/http/common.rb:59:in `create_response'", "C:/Ruby192/lib/ruby/gems/1.9.1/gems/selenium-webdriver-2.31.0/lib/selenium/webdriver/remote/http/default.rb:66:in `request'", "C:/Ruby192/lib/ruby/gems/1.9.1/gems/selenium-webdriver-2.31.0/lib/selenium/webdriver/remote/http/common.rb:40:in `call'", "C:/Ruby192/lib/ruby/gems/1.9.1/gems/selenium-webdriver-2.31.0/lib/selenium/webdriver/remote/bridge.rb:616:in `raw_execute'", "C:/Ruby192/lib/ruby/gems/1.9.1/gems/selenium-webdriver-2.31.0/lib/selenium/webdriver/remote/bridge.rb:93:in `create_session'", "C:/Ruby192/lib/ruby/gems/1.9.1/gems/selenium-webdriver-2.31.0/lib/selenium/webdriver/remote/bridge.rb:68:in `initialize'", "C:/Ruby192/lib/ruby/gems/1.9.1/gems/selenium-webdriver-2.31.0/lib/selenium/webdriver/ie/bridge.rb:47:in `initialize'", "C:/Ruby192/lib/ruby/gems/1.9.1/gems/selenium-webdriver-2.31.0/lib/selenium/webdriver/common/driver.rb:35:in `new'", "C:/Ruby192/lib/ruby/gems/1.9.1/gems/selenium-webdriver-2.31.0/lib/selenium/webdriver/common/driver.rb:35:in `for'", "C:/Ruby192/lib/ruby/gems/1.9.1/gems/selenium-webdriver-2.31.0/lib/selenium/webdriver.rb:67:in `for'", "D:/IMPROVED_CODE_AAMIR/Usamp_lib.rb:71:in `Usampadmin_login'", "Test_24_Survey_redirection.rb:47:in `test_02_std_red_set'", "C:/Ruby192/lib/ruby/1.9.1/minitest/unit.rb:695:in `run'", "C:/Ruby192/lib/ruby/1.9.1/minitest/unit.rb:656:in `block (2 levels) in run_test_suites'", "C:/Ruby192/lib/ruby/1.9.1/minitest/unit.rb:650:in `each'", "C:/Ruby192/lib/ruby/1.9.1/minitest/unit.rb:650:in `block in run_test_suites'", "C:/Ruby192/lib/ruby/1.9.1/minitest/unit.rb:649:in `each'", "C:/Ruby192/lib/ruby/1.9.1/minitest/unit.rb:649:in `run_test_suites'", "C:/Ruby192/lib/ruby/1.9.1/minitest/unit.rb:609:in `run'", "C:/Ruby192/lib/ruby/1.9.1/minitest/unit.rb:508:in `block in autorun'"]
EStarted InternetExplorerDriver server (32-bit)
2.39.0.0
Listening on port 5557
Successful Login to Usampadmin
.Element is not currently visible and so may not be interacted with
["[remote server] file:///C:/DOCUME~1/ADMINI~1/LOCALS~1/Temp/webdriver-rb-profilecopy20140413-4012-etpjzy/extensions/fxdriver@googlecode.com/components/command_processor.js:7567:in `unknown'", "[remote server] file:///C:/DOCUME~1/ADMINI~1/LOCALS~1/Temp/webdriver-rb-profilecopy20140413-4012-etpjzy/extensions/fxdriver@googlecode.com/components/command_processor.js:10256:in `unknown'", "[remote server] file:///C:/DOCUME~1/ADMINI~1/LOCALS~1/Temp/webdriver-rb-profilecopy20140413-4012-etpjzy/extensions/fxdriver@googlecode.com/components/command_processor.js:10275:in `unknown'", "[remote server] file:///C:/DOCUME~1/ADMINI~1/LOCALS~1/Temp/webdriver-rb-profilecopy20140413-4012-etpjzy/extensions/fxdriver@googlecode.com/components/command_processor.js:10280:in `unknown'", "[remote server] file:///C:/DOCUME~1/ADMINI~1/LOCALS~1/Temp/webdriver-rb-profilecopy20140413-4012-etpjzy/extensions/fxdriver@googlecode.com/components/command_processor.js:10220:in `unknown'", "C:/Ruby192/lib/ruby/gems/1.9.1/gems/selenium-webdriver-2.31.0/lib/selenium/webdriver/remote/response.rb:52:in `assert_ok'", "C:/Ruby192/lib/ruby/gems/1.9.1/gems/selenium-webdriver-2.31.0/lib/selenium/webdriver/remote/response.rb:15:in `initialize'", "C:/Ruby192/lib/ruby/gems/1.9.1/gems/selenium-webdriver-2.31.0/lib/selenium/webdriver/remote/http/common.rb:59:in `new'", "C:/Ruby192/lib/ruby/gems/1.9.1/gems/selenium-webdriver-2.31.0/lib/selenium/webdriver/remote/http/common.rb:59:in `create_response'", "C:/Ruby192/lib/ruby/gems/1.9.1/gems/selenium-webdriver-2.31.0/lib/selenium/webdriver/remote/http/default.rb:66:in `request'", "C:/Ruby192/lib/ruby/gems/1.9.1/gems/selenium-webdriver-2.31.0/lib/selenium/webdriver/remote/http/common.rb:40:in `call'", "C:/Ruby192/lib/ruby/gems/1.9.1/gems/selenium-webdriver-2.31.0/lib/selenium/webdriver/remote/bridge.rb:616:in `raw_execute'", "C:/Ruby192/lib/ruby/gems/1.9.1/gems/selenium-webdriver-2.31.0/lib/selenium/webdriver/remote/bridge.rb:594:in `execute'", "C:/Ruby192/lib/ruby/gems/1.9.1/gems/selenium-webdriver-2.31.0/lib/selenium/webdriver/remote/bridge.rb:413:in `clearElement'", "C:/Ruby192/lib/ruby/gems/1.9.1/gems/selenium-webdriver-2.31.0/lib/selenium/webdriver/common/element.rb:141:in `clear'", "C:/Ruby192/lib/ruby/gems/1.9.1/gems/watir-webdriver-0.6.1/lib/watir-webdriver/user_editable.rb:11:in `set'", "D:/IMPROVED_CODE_AAMIR/Usamp_lib.rb:164:in `Focusline_login'", "Test_24_Survey_redirection.rb:131:in `test_04_std_redirection'", "C:/Ruby192/lib/ruby/1.9.1/minitest/unit.rb:695:in `run'", "C:/Ruby192/lib/ruby/1.9.1/minitest/unit.rb:656:in `block (2 levels) in run_test_suites'", "C:/Ruby192/lib/ruby/1.9.1/minitest/unit.rb:650:in `each'", "C:/Ruby192/lib/ruby/1.9.1/minitest/unit.rb:650:in `block in run_test_suites'", "C:/Ruby192/lib/ruby/1.9.1/minitest/unit.rb:649:in `each'", "C:/Ruby192/lib/ruby/1.9.1/minitest/unit.rb:649:in `run_test_suites'", "C:/Ruby192/lib/ruby/1.9.1/minitest/unit.rb:609:in `run'", "C:/Ruby192/lib/ruby/1.9.1/minitest/unit.rb:508:in `block in autorun'"]
EStarted InternetExplorerDriver server (32-bit)
2.39.0.0
Listening on port 5557
Successful Login to Usampadmin
.Element is not currently visible and so may not be interacted with
["[remote server] file:///C:/DOCUME~1/ADMINI~1/LOCALS~1/Temp/webdriver-rb-profilecopy20140413-4012-escb5k/extensions/fxdriver@googlecode.com/components/command_processor.js:7567:in `unknown'", "[remote server] file:///C:/DOCUME~1/ADMINI~1/LOCALS~1/Temp/webdriver-rb-profilecopy20140413-4012-escb5k/extensions/fxdriver@googlecode.com/components/command_processor.js:10256:in `unknown'", "[remote server] file:///C:/DOCUME~1/ADMINI~1/LOCALS~1/Temp/webdriver-rb-profilecopy20140413-4012-escb5k/extensions/fxdriver@googlecode.com/components/command_processor.js:10275:in `unknown'", "[remote server] file:///C:/DOCUME~1/ADMINI~1/LOCALS~1/Temp/webdriver-rb-profilecopy20140413-4012-escb5k/extensions/fxdriver@googlecode.com/components/command_processor.js:10280:in `unknown'", "[remote server] file:///C:/DOCUME~1/ADMINI~1/LOCALS~1/Temp/webdriver-rb-profilecopy20140413-4012-escb5k/extensions/fxdriver@googlecode.com/components/command_processor.js:10220:in `unknown'", "C:/Ruby192/lib/ruby/gems/1.9.1/gems/selenium-webdriver-2.31.0/lib/selenium/webdriver/remote/response.rb:52:in `assert_ok'", "C:/Ruby192/lib/ruby/gems/1.9.1/gems/selenium-webdriver-2.31.0/lib/selenium/webdriver/remote/response.rb:15:in `initialize'", "C:/Ruby192/lib/ruby/gems/1.9.1/gems/selenium-webdriver-2.31.0/lib/selenium/webdriver/remote/http/common.rb:59:in `new'", "C:/Ruby192/lib/ruby/gems/1.9.1/gems/selenium-webdriver-2.31.0/lib/selenium/webdriver/remote/http/common.rb:59:in `create_response'", "C:/Ruby192/lib/ruby/gems/1.9.1/gems/selenium-webdriver-2.31.0/lib/selenium/webdriver/remote/http/default.rb:66:in `request'", "C:/Ruby192/lib/ruby/gems/1.9.1/gems/selenium-webdriver-2.31.0/lib/selenium/webdriver/remote/http/common.rb:40:in `call'", "C:/Ruby192/lib/ruby/gems/1.9.1/gems/selenium-webdriver-2.31.0/lib/selenium/webdriver/remote/bridge.rb:616:in `raw_execute'", "C:/Ruby192/lib/ruby/gems/1.9.1/gems/selenium-webdriver-2.31.0/lib/selenium/webdriver/remote/bridge.rb:594:in `execute'", "C:/Ruby192/lib/ruby/gems/1.9.1/gems/selenium-webdriver-2.31.0/lib/selenium/webdriver/remote/bridge.rb:413:in `clearElement'", "C:/Ruby192/lib/ruby/gems/1.9.1/gems/selenium-webdriver-2.31.0/lib/selenium/webdriver/common/element.rb:141:in `clear'", "C:/Ruby192/lib/ruby/gems/1.9.1/gems/watir-webdriver-0.6.1/lib/watir-webdriver/user_editable.rb:11:in `set'", "D:/IMPROVED_CODE_AAMIR/Usamp_lib.rb:164:in `Focusline_login'", "Test_24_Survey_redirection.rb:203:in `test_06_iframe_redirection'", "C:/Ruby192/lib/ruby/1.9.1/minitest/unit.rb:695:in `run'", "C:/Ruby192/lib/ruby/1.9.1/minitest/unit.rb:656:in `block (2 levels) in run_test_suites'", "C:/Ruby192/lib/ruby/1.9.1/minitest/unit.rb:650:in `each'", "C:/Ruby192/lib/ruby/1.9.1/minitest/unit.rb:650:in `block in run_test_suites'", "C:/Ruby192/lib/ruby/1.9.1/minitest/unit.rb:649:in `each'", "C:/Ruby192/lib/ruby/1.9.1/minitest/unit.rb:649:in `run_test_suites'", "C:/Ruby192/lib/ruby/1.9.1/minitest/unit.rb:609:in `run'", "C:/Ruby192/lib/ruby/1.9.1/minitest/unit.rb:508:in `block in autorun'"]
EStarted InternetExplorerDriver server (32-bit)
2.39.0.0
Listening on port 5557
Successful Login to Usampadmin
.Started InternetExplorerDriver server (32-bit)
2.39.0.0
Listening on port 5557
Successful Login to Usampadmin
26782
122225
.
Finished in 340.745638 seconds.

  1) Error:
test_02_std_red_set(Test_24_Survey_redirection):
NoMethodError: undefined method `close' for nil:NilClass
    Test_24_Survey_redirection.rb:95:in `rescue in test_02_std_red_set'
    Test_24_Survey_redirection.rb:44:in `test_02_std_red_set'

  2) Error:
test_04_std_redirection(Test_24_Survey_redirection):
TypeError: can't convert nil into String
    Test_24_Survey_redirection.rb:166:in `+'
    Test_24_Survey_redirection.rb:166:in `rescue in test_04_std_redirection'
    Test_24_Survey_redirection.rb:128:in `test_04_std_redirection'

  3) Error:
test_06_iframe_redirection(Test_24_Survey_redirection):
NoMethodError: undefined method `close' for nil:NilClass
    Test_24_Survey_redirection.rb:237:in `rescue in test_06_iframe_redirection'
    Test_24_Survey_redirection.rb:202:in `test_06_iframe_redirection'

8 tests, 0 assertions, 0 failures, 3 errors, 0 skips

Test run options: --seed 36130
Loaded suite Test_27_Dashboard_on_off
Started
.122225
Started InternetExplorerDriver server (32-bit)
2.39.0.0
Listening on port 5556
Successful Login to Usampadmin
Successful Login to ipoll site
OFF: PASSED
.122225
Started InternetExplorerDriver server (32-bit)
2.39.0.0
Listening on port 5556
Successful Login to Usampadmin
Successful Login to ipoll site
Timeout::Error
["C:/Ruby192/lib/ruby/1.9.1/net/protocol.rb:140:in `rescue in rbuf_fill'", "C:/Ruby192/lib/ruby/1.9.1/net/protocol.rb:134:in `rbuf_fill'", "C:/Ruby192/lib/ruby/1.9.1/net/protocol.rb:116:in `readuntil'", "C:/Ruby192/lib/ruby/1.9.1/net/protocol.rb:126:in `readline'", "C:/Ruby192/lib/ruby/1.9.1/net/http.rb:2219:in `read_status_line'", "C:/Ruby192/lib/ruby/1.9.1/net/http.rb:2208:in `read_new'", "C:/Ruby192/lib/ruby/1.9.1/net/http.rb:1191:in `transport_request'", "C:/Ruby192/lib/ruby/1.9.1/net/http.rb:1177:in `request'", "C:/Ruby192/lib/ruby/1.9.1/net/http.rb:1170:in `block in request'", "C:/Ruby192/lib/ruby/1.9.1/net/http.rb:627:in `start'", "C:/Ruby192/lib/ruby/1.9.1/net/http.rb:1168:in `request'", "C:/Ruby192/lib/ruby/gems/1.9.1/gems/selenium-webdriver-2.31.0/lib/selenium/webdriver/remote/http/default.rb:83:in `response_for'", "C:/Ruby192/lib/ruby/gems/1.9.1/gems/selenium-webdriver-2.31.0/lib/selenium/webdriver/remote/http/default.rb:39:in `request'", "C:/Ruby192/lib/ruby/gems/1.9.1/gems/selenium-webdriver-2.31.0/lib/selenium/webdriver/remote/http/common.rb:40:in `call'", "C:/Ruby192/lib/ruby/gems/1.9.1/gems/selenium-webdriver-2.31.0/lib/selenium/webdriver/remote/bridge.rb:616:in `raw_execute'", "C:/Ruby192/lib/ruby/gems/1.9.1/gems/selenium-webdriver-2.31.0/lib/selenium/webdriver/remote/bridge.rb:594:in `execute'", "C:/Ruby192/lib/ruby/gems/1.9.1/gems/selenium-webdriver-2.31.0/lib/selenium/webdriver/remote/bridge.rb:505:in `getElementText'", "C:/Ruby192/lib/ruby/gems/1.9.1/gems/selenium-webdriver-2.31.0/lib/selenium/webdriver/common/element.rb:108:in `text'", "C:/Ruby192/lib/ruby/gems/1.9.1/gems/watir-webdriver-0.6.1/lib/watir-webdriver/browser.rb:97:in `text'", "Test_27_Dashboard_on_off.rb:120:in `test_03_dash_on'", "C:/Ruby192/lib/ruby/1.9.1/minitest/unit.rb:695:in `run'", "C:/Ruby192/lib/ruby/1.9.1/minitest/unit.rb:656:in `block (2 levels) in run_test_suites'", "C:/Ruby192/lib/ruby/1.9.1/minitest/unit.rb:650:in `each'", "C:/Ruby192/lib/ruby/1.9.1/minitest/unit.rb:650:in `block in run_test_suites'", "C:/Ruby192/lib/ruby/1.9.1/minitest/unit.rb:649:in `each'", "C:/Ruby192/lib/ruby/1.9.1/minitest/unit.rb:649:in `run_test_suites'", "C:/Ruby192/lib/ruby/1.9.1/minitest/unit.rb:609:in `run'", "C:/Ruby192/lib/ruby/1.9.1/minitest/unit.rb:508:in `block in autorun'"]
.
Finished in 431.306979 seconds.

3 tests, 0 assertions, 0 failures, 0 errors, 0 skips

Test run options: --seed 18854
Loaded suite Test_28_Disable_pub_account
Started
.Started InternetExplorerDriver server (32-bit)
2.39.0.0
Listening on port 5556
Successful Login to Usampadmin
Pass
.Pass
.Pass
.Sorry! System Failed to login to Network site
Pass
.122225
Pass
.Started InternetExplorerDriver server (32-bit)
2.39.0.0
Listening on port 5556
Successful Login to Usampadmin
Pass
.Pass
.Pass
.No connection could be made because the target machine actively refused it. - connect(2)
["C:/Ruby192/lib/ruby/1.9.1/net/http.rb:644:in `initialize'", "C:/Ruby192/lib/ruby/1.9.1/net/http.rb:644:in `open'", "C:/Ruby192/lib/ruby/1.9.1/net/http.rb:644:in `block in connect'", "C:/Ruby192/lib/ruby/1.9.1/timeout.rb:44:in `timeout'", "C:/Ruby192/lib/ruby/1.9.1/timeout.rb:89:in `timeout'", "C:/Ruby192/lib/ruby/1.9.1/net/http.rb:644:in `connect'", "C:/Ruby192/lib/ruby/1.9.1/net/http.rb:637:in `do_start'", "C:/Ruby192/lib/ruby/1.9.1/net/http.rb:626:in `start'", "C:/Ruby192/lib/ruby/1.9.1/net/http.rb:1168:in `request'", "C:/Ruby192/lib/ruby/gems/1.9.1/gems/selenium-webdriver-2.31.0/lib/selenium/webdriver/remote/http/default.rb:83:in `response_for'", "C:/Ruby192/lib/ruby/gems/1.9.1/gems/selenium-webdriver-2.31.0/lib/selenium/webdriver/remote/http/default.rb:39:in `request'", "C:/Ruby192/lib/ruby/gems/1.9.1/gems/selenium-webdriver-2.31.0/lib/selenium/webdriver/remote/http/common.rb:40:in `call'", "C:/Ruby192/lib/ruby/gems/1.9.1/gems/selenium-webdriver-2.31.0/lib/selenium/webdriver/remote/bridge.rb:616:in `raw_execute'", "C:/Ruby192/lib/ruby/gems/1.9.1/gems/selenium-webdriver-2.31.0/lib/selenium/webdriver/remote/bridge.rb:594:in `execute'", "C:/Ruby192/lib/ruby/gems/1.9.1/gems/selenium-webdriver-2.31.0/lib/selenium/webdriver/remote/bridge.rb:100:in `get'", "C:/Ruby192/lib/ruby/gems/1.9.1/gems/selenium-webdriver-2.31.0/lib/selenium/webdriver/common/navigation.rb:14:in `to'", "C:/Ruby192/lib/ruby/gems/1.9.1/gems/watir-webdriver-0.6.1/lib/watir-webdriver/browser.rb:63:in `goto'", "D:/IMPROVED_CODE_AAMIR/Usamp_lib.rb:202:in `Network_site_login'", "Test_28_Disable_pub_account.rb:321:in `test_10_check_pub_login'", "C:/Ruby192/lib/ruby/1.9.1/minitest/unit.rb:695:in `run'", "C:/Ruby192/lib/ruby/1.9.1/minitest/unit.rb:656:in `block (2 levels) in run_test_suites'", "C:/Ruby192/lib/ruby/1.9.1/minitest/unit.rb:650:in `each'", "C:/Ruby192/lib/ruby/1.9.1/minitest/unit.rb:650:in `block in run_test_suites'", "C:/Ruby192/lib/ruby/1.9.1/minitest/unit.rb:649:in `each'", "C:/Ruby192/lib/ruby/1.9.1/minitest/unit.rb:649:in `run_test_suites'", "C:/Ruby192/lib/ruby/1.9.1/minitest/unit.rb:609:in `run'", "C:/Ruby192/lib/ruby/1.9.1/minitest/unit.rb:508:in `block in autorun'"]
.122225
unable to obtain stable firefox connection in 60 seconds (127.0.0.1:7073)
["C:/Ruby192/lib/ruby/gems/1.9.1/gems/selenium-webdriver-2.31.0/lib/selenium/webdriver/firefox/launcher.rb:79:in `connect_until_stable'", "C:/Ruby192/lib/ruby/gems/1.9.1/gems/selenium-webdriver-2.31.0/lib/selenium/webdriver/firefox/launcher.rb:37:in `block in launch'", "C:/Ruby192/lib/ruby/gems/1.9.1/gems/selenium-webdriver-2.31.0/lib/selenium/webdriver/firefox/socket_lock.rb:20:in `locked'", "C:/Ruby192/lib/ruby/gems/1.9.1/gems/selenium-webdriver-2.31.0/lib/selenium/webdriver/firefox/launcher.rb:32:in `launch'", "C:/Ruby192/lib/ruby/gems/1.9.1/gems/selenium-webdriver-2.31.0/lib/selenium/webdriver/firefox/bridge.rb:24:in `initialize'", "C:/Ruby192/lib/ruby/gems/1.9.1/gems/selenium-webdriver-2.31.0/lib/selenium/webdriver/common/driver.rb:31:in `new'", "C:/Ruby192/lib/ruby/gems/1.9.1/gems/selenium-webdriver-2.31.0/lib/selenium/webdriver/common/driver.rb:31:in `for'", "C:/Ruby192/lib/ruby/gems/1.9.1/gems/selenium-webdriver-2.31.0/lib/selenium/webdriver.rb:67:in `for'", "Test_28_Disable_pub_account.rb:361:in `test_11_check_EX_5_click'", "C:/Ruby192/lib/ruby/1.9.1/minitest/unit.rb:695:in `run'", "C:/Ruby192/lib/ruby/1.9.1/minitest/unit.rb:656:in `block (2 levels) in run_test_suites'", "C:/Ruby192/lib/ruby/1.9.1/minitest/unit.rb:650:in `each'", "C:/Ruby192/lib/ruby/1.9.1/minitest/unit.rb:650:in `block in run_test_suites'", "C:/Ruby192/lib/ruby/1.9.1/minitest/unit.rb:649:in `each'", "C:/Ruby192/lib/ruby/1.9.1/minitest/unit.rb:649:in `run_test_suites'", "C:/Ruby192/lib/ruby/1.9.1/minitest/unit.rb:609:in `run'", "C:/Ruby192/lib/ruby/1.9.1/minitest/unit.rb:508:in `block in autorun'"]
.
Finished in 629.788814 seconds.

11 tests, 0 assertions, 0 failures, 0 errors, 0 skips

Test run options: --seed 13805
Loaded suite Test_29_Enable_disable_queue2
Started
.Started InternetExplorerDriver server (32-bit)
2.39.0.0
Listening on port 5556
Successful Login to Usampadmin
Q2:Enabled
.https://www.p.ipoll.com/queue2.php
PASS
.Started InternetExplorerDriver server (32-bit)
2.39.0.0
Listening on port 5556
Successful Login to Usampadmin
Q2:Disabled
.https://www.p.ipoll.com/queue3.php
PASS
.
Finished in 255.121735 seconds.

5 tests, 0 assertions, 0 failures, 0 errors, 0 skips

Test run options: --seed 55053
Loaded suite Test_30_External_prescreener
Started
.Started InternetExplorerDriver server (32-bit)
2.39.0.0
Listening on port 5556
Successful Login to Usampadmin
26782
122225
MjY3ODIK
MTIyMjI1
.Started InternetExplorerDriver server (32-bit)
2.39.0.0
Listening on port 5556
Successful Login to Usampadmin
26782
122225
MjY3ODIK
MTIyMjI1
{:title=>"Welcome Back! Survey is closed"}
["C:/Ruby192/lib/ruby/gems/1.9.1/gems/watir-webdriver-0.6.1/lib/watir-webdriver/window.rb:122:in `locate'", "C:/Ruby192/lib/ruby/gems/1.9.1/gems/watir-webdriver-0.6.1/lib/watir-webdriver/window.rb:106:in `handle'", "C:/Ruby192/lib/ruby/gems/1.9.1/gems/watir-webdriver-0.6.1/lib/watir-webdriver/window.rb:99:in `use'", "Test_30_External_prescreener.rb:139:in `test_03_presurvey_complete'", "C:/Ruby192/lib/ruby/1.9.1/minitest/unit.rb:695:in `run'", "C:/Ruby192/lib/ruby/1.9.1/minitest/unit.rb:656:in `block (2 levels) in run_test_suites'", "C:/Ruby192/lib/ruby/1.9.1/minitest/unit.rb:650:in `each'", "C:/Ruby192/lib/ruby/1.9.1/minitest/unit.rb:650:in `block in run_test_suites'", "C:/Ruby192/lib/ruby/1.9.1/minitest/unit.rb:649:in `each'", "C:/Ruby192/lib/ruby/1.9.1/minitest/unit.rb:649:in `run_test_suites'", "C:/Ruby192/lib/ruby/1.9.1/minitest/unit.rb:609:in `run'", "C:/Ruby192/lib/ruby/1.9.1/minitest/unit.rb:508:in `block in autorun'"]
.Started InternetExplorerDriver server (32-bit)
2.39.0.0
Listening on port 5556
Successful Login to Usampadmin
26782
122225
MjY3ODIK
MTIyMjI1
{:title=>"Welcome Back! Survey is closed"}
["C:/Ruby192/lib/ruby/gems/1.9.1/gems/watir-webdriver-0.6.1/lib/watir-webdriver/window.rb:122:in `locate'", "C:/Ruby192/lib/ruby/gems/1.9.1/gems/watir-webdriver-0.6.1/lib/watir-webdriver/window.rb:106:in `handle'", "C:/Ruby192/lib/ruby/gems/1.9.1/gems/watir-webdriver-0.6.1/lib/watir-webdriver/window.rb:99:in `use'", "Test_30_External_prescreener.rb:230:in `test_04_presurvey_fail'", "C:/Ruby192/lib/ruby/1.9.1/minitest/unit.rb:695:in `run'", "C:/Ruby192/lib/ruby/1.9.1/minitest/unit.rb:656:in `block (2 levels) in run_test_suites'", "C:/Ruby192/lib/ruby/1.9.1/minitest/unit.rb:650:in `each'", "C:/Ruby192/lib/ruby/1.9.1/minitest/unit.rb:650:in `block in run_test_suites'", "C:/Ruby192/lib/ruby/1.9.1/minitest/unit.rb:649:in `each'", "C:/Ruby192/lib/ruby/1.9.1/minitest/unit.rb:649:in `run_test_suites'", "C:/Ruby192/lib/ruby/1.9.1/minitest/unit.rb:609:in `run'", "C:/Ruby192/lib/ruby/1.9.1/minitest/unit.rb:508:in `block in autorun'"]
.Started InternetExplorerDriver server (32-bit)
2.39.0.0
Listening on port 5556
Successful Login to Usampadmin
26782
122225
MjY3ODIK
MTIyMjI1
.
Finished in 269.184054 seconds.

5 tests, 0 assertions, 0 failures, 0 errors, 0 skips

Test run options: --seed 22658
Loaded suite Test_31_Merge_field_survey_url
Started
.Started InternetExplorerDriver server (32-bit)
2.39.0.0
Listening on port 5556
Timeout::Error
["C:/Ruby192/lib/ruby/1.9.1/net/protocol.rb:140:in `rescue in rbuf_fill'", "C:/Ruby192/lib/ruby/1.9.1/net/protocol.rb:134:in `rbuf_fill'", "C:/Ruby192/lib/ruby/1.9.1/net/protocol.rb:116:in `readuntil'", "C:/Ruby192/lib/ruby/1.9.1/net/protocol.rb:126:in `readline'", "C:/Ruby192/lib/ruby/1.9.1/net/http.rb:2219:in `read_status_line'", "C:/Ruby192/lib/ruby/1.9.1/net/http.rb:2208:in `read_new'", "C:/Ruby192/lib/ruby/1.9.1/net/http.rb:1191:in `transport_request'", "C:/Ruby192/lib/ruby/1.9.1/net/http.rb:1177:in `request'", "C:/Ruby192/lib/ruby/1.9.1/net/http.rb:1170:in `block in request'", "C:/Ruby192/lib/ruby/1.9.1/net/http.rb:627:in `start'", "C:/Ruby192/lib/ruby/1.9.1/net/http.rb:1168:in `request'", "C:/Ruby192/lib/ruby/gems/1.9.1/gems/selenium-webdriver-2.31.0/lib/selenium/webdriver/remote/http/default.rb:83:in `response_for'", "C:/Ruby192/lib/ruby/gems/1.9.1/gems/selenium-webdriver-2.31.0/lib/selenium/webdriver/remote/http/default.rb:39:in `request'", "C:/Ruby192/lib/ruby/gems/1.9.1/gems/selenium-webdriver-2.31.0/lib/selenium/webdriver/remote/http/common.rb:40:in `call'", "C:/Ruby192/lib/ruby/gems/1.9.1/gems/selenium-webdriver-2.31.0/lib/selenium/webdriver/remote/bridge.rb:616:in `raw_execute'", "C:/Ruby192/lib/ruby/gems/1.9.1/gems/selenium-webdriver-2.31.0/lib/selenium/webdriver/remote/bridge.rb:93:in `create_session'", "C:/Ruby192/lib/ruby/gems/1.9.1/gems/selenium-webdriver-2.31.0/lib/selenium/webdriver/remote/bridge.rb:68:in `initialize'", "C:/Ruby192/lib/ruby/gems/1.9.1/gems/selenium-webdriver-2.31.0/lib/selenium/webdriver/ie/bridge.rb:47:in `initialize'", "C:/Ruby192/lib/ruby/gems/1.9.1/gems/selenium-webdriver-2.31.0/lib/selenium/webdriver/common/driver.rb:35:in `new'", "C:/Ruby192/lib/ruby/gems/1.9.1/gems/selenium-webdriver-2.31.0/lib/selenium/webdriver/common/driver.rb:35:in `for'", "C:/Ruby192/lib/ruby/gems/1.9.1/gems/selenium-webdriver-2.31.0/lib/selenium/webdriver.rb:67:in `for'", "D:/IMPROVED_CODE_AAMIR/Usamp_lib.rb:71:in `Usampadmin_login'", "Test_31_Merge_field_survey_url.rb:42:in `test_02_update_QG'", "C:/Ruby192/lib/ruby/1.9.1/minitest/unit.rb:695:in `run'", "C:/Ruby192/lib/ruby/1.9.1/minitest/unit.rb:656:in `block (2 levels) in run_test_suites'", "C:/Ruby192/lib/ruby/1.9.1/minitest/unit.rb:650:in `each'", "C:/Ruby192/lib/ruby/1.9.1/minitest/unit.rb:650:in `block in run_test_suites'", "C:/Ruby192/lib/ruby/1.9.1/minitest/unit.rb:649:in `each'", "C:/Ruby192/lib/ruby/1.9.1/minitest/unit.rb:649:in `run_test_suites'", "C:/Ruby192/lib/ruby/1.9.1/minitest/unit.rb:609:in `run'", "C:/Ruby192/lib/ruby/1.9.1/minitest/unit.rb:508:in `block in autorun'"]
ESuccessful Login to ipoll site
122225
linkMTIyMjI1
unable to locate element, using {:id=>"linkMTIyMjI1", :tag_name=>"a"}
["C:/Ruby192/lib/ruby/gems/1.9.1/gems/watir-webdriver-0.6.1/lib/watir-webdriver/elements/element.rb:365:in `assert_exists'", "C:/Ruby192/lib/ruby/gems/1.9.1/gems/watir-webdriver-0.6.1/lib/watir-webdriver/elements/element.rb:95:in `click'", "Test_31_Merge_field_survey_url.rb:96:in `test_03_check_merge_fields'", "C:/Ruby192/lib/ruby/1.9.1/minitest/unit.rb:695:in `run'", "C:/Ruby192/lib/ruby/1.9.1/minitest/unit.rb:656:in `block (2 levels) in run_test_suites'", "C:/Ruby192/lib/ruby/1.9.1/minitest/unit.rb:650:in `each'", "C:/Ruby192/lib/ruby/1.9.1/minitest/unit.rb:650:in `block in run_test_suites'", "C:/Ruby192/lib/ruby/1.9.1/minitest/unit.rb:649:in `each'", "C:/Ruby192/lib/ruby/1.9.1/minitest/unit.rb:649:in `run_test_suites'", "C:/Ruby192/lib/ruby/1.9.1/minitest/unit.rb:609:in `run'", "C:/Ruby192/lib/ruby/1.9.1/minitest/unit.rb:508:in `block in autorun'"]
EStarted InternetExplorerDriver server (32-bit)
2.39.0.0
Listening on port 5557
Successful Login to Usampadmin
26782
122225
MjY3ODIK
MTIyMjI1
.
Finished in 281.152652 seconds.

  1) Error:
test_02_update_QG(Test_31_Merge_field_survey_url):
NoMethodError: undefined method `close' for nil:NilClass
    Test_31_Merge_field_survey_url.rb:72:in `rescue in test_02_update_QG'
    Test_31_Merge_field_survey_url.rb:39:in `test_02_update_QG'

  2) Error:
test_03_check_merge_fields(Test_31_Merge_field_survey_url):
TypeError: can't convert nil into String
    Test_31_Merge_field_survey_url.rb:131:in `+'
    Test_31_Merge_field_survey_url.rb:131:in `rescue in test_03_check_merge_fields'
    Test_31_Merge_field_survey_url.rb:82:in `test_03_check_merge_fields'

4 tests, 0 assertions, 0 failures, 2 errors, 0 skips

Test run options: --seed 58920
Loaded suite Test_33_Custom_homepage_render
Started
.Started InternetExplorerDriver server (32-bit)
2.39.0.0
Listening on port 5556
Successful Login to Usampadmin
Config settings saved
.FAIL
.Started InternetExplorerDriver server (32-bit)
2.39.0.0
Listening on port 5556
Successful Login to Usampadmin
Unable to get element text
["C:/Ruby192/lib/ruby/gems/1.9.1/gems/selenium-webdriver-2.31.0/lib/selenium/webdriver/remote/response.rb:52:in `assert_ok'", "C:/Ruby192/lib/ruby/gems/1.9.1/gems/selenium-webdriver-2.31.0/lib/selenium/webdriver/remote/response.rb:15:in `initialize'", "C:/Ruby192/lib/ruby/gems/1.9.1/gems/selenium-webdriver-2.31.0/lib/selenium/webdriver/remote/http/common.rb:59:in `new'", "C:/Ruby192/lib/ruby/gems/1.9.1/gems/selenium-webdriver-2.31.0/lib/selenium/webdriver/remote/http/common.rb:59:in `create_response'", "C:/Ruby192/lib/ruby/gems/1.9.1/gems/selenium-webdriver-2.31.0/lib/selenium/webdriver/remote/http/default.rb:66:in `request'", "C:/Ruby192/lib/ruby/gems/1.9.1/gems/selenium-webdriver-2.31.0/lib/selenium/webdriver/remote/http/common.rb:40:in `call'", "C:/Ruby192/lib/ruby/gems/1.9.1/gems/selenium-webdriver-2.31.0/lib/selenium/webdriver/remote/bridge.rb:616:in `raw_execute'", "C:/Ruby192/lib/ruby/gems/1.9.1/gems/selenium-webdriver-2.31.0/lib/selenium/webdriver/remote/bridge.rb:594:in `execute'", "C:/Ruby192/lib/ruby/gems/1.9.1/gems/selenium-webdriver-2.31.0/lib/selenium/webdriver/remote/bridge.rb:505:in `getElementText'", "C:/Ruby192/lib/ruby/gems/1.9.1/gems/selenium-webdriver-2.31.0/lib/selenium/webdriver/common/element.rb:108:in `text'", "C:/Ruby192/lib/ruby/gems/1.9.1/gems/watir-webdriver-0.6.1/lib/watir-webdriver/elements/select.rb:208:in `safe_text'", "C:/Ruby192/lib/ruby/gems/1.9.1/gems/watir-webdriver-0.6.1/lib/watir-webdriver/elements/select.rb:155:in `select_by_string'", "C:/Ruby192/lib/ruby/gems/1.9.1/gems/watir-webdriver-0.6.1/lib/watir-webdriver/elements/select.rb:129:in `select_by'", "C:/Ruby192/lib/ruby/gems/1.9.1/gems/watir-webdriver-0.6.1/lib/watir-webdriver/elements/select.rb:64:in `select'", "Test_33_Custom_homepage_render.rb:128:in `test_04_revert_changes'", "C:/Ruby192/lib/ruby/1.9.1/minitest/unit.rb:695:in `run'", "C:/Ruby192/lib/ruby/1.9.1/minitest/unit.rb:656:in `block (2 levels) in run_test_suites'", "C:/Ruby192/lib/ruby/1.9.1/minitest/unit.rb:650:in `each'", "C:/Ruby192/lib/ruby/1.9.1/minitest/unit.rb:650:in `block in run_test_suites'", "C:/Ruby192/lib/ruby/1.9.1/minitest/unit.rb:649:in `each'", "C:/Ruby192/lib/ruby/1.9.1/minitest/unit.rb:649:in `run_test_suites'", "C:/Ruby192/lib/ruby/1.9.1/minitest/unit.rb:609:in `run'", "C:/Ruby192/lib/ruby/1.9.1/minitest/unit.rb:508:in `block in autorun'"]
.
Finished in 282.246387 seconds.

4 tests, 0 assertions, 0 failures, 0 errors, 0 skips

Test run options: --seed 63033
Loaded suite Test_34_Add_publisher
Started
.Started InternetExplorerDriver server (32-bit)
2.39.0.0
Listening on port 5556
Successful Login to Usampadmin
Pass
.Successful Login to Usampadmin
TEST AUTO PUB_0037
PU2271
unable to locate element, using {:name=>"optCountryId[]", :tag_name=>"select"}
["C:/Ruby192/lib/ruby/gems/1.9.1/gems/watir-webdriver-0.6.1/lib/watir-webdriver/elements/element.rb:365:in `assert_exists'", "C:/Ruby192/lib/ruby/gems/1.9.1/gems/watir-webdriver-0.6.1/lib/watir-webdriver/elements/select.rb:125:in `select_by'", "C:/Ruby192/lib/ruby/gems/1.9.1/gems/watir-webdriver-0.6.1/lib/watir-webdriver/elements/select.rb:64:in `select'", "Test_34_Add_publisher.rb:136:in `test_03_search_pub'", "C:/Ruby192/lib/ruby/1.9.1/minitest/unit.rb:695:in `run'", "C:/Ruby192/lib/ruby/1.9.1/minitest/unit.rb:656:in `block (2 levels) in run_test_suites'", "C:/Ruby192/lib/ruby/1.9.1/minitest/unit.rb:650:in `each'", "C:/Ruby192/lib/ruby/1.9.1/minitest/unit.rb:650:in `block in run_test_suites'", "C:/Ruby192/lib/ruby/1.9.1/minitest/unit.rb:649:in `each'", "C:/Ruby192/lib/ruby/1.9.1/minitest/unit.rb:649:in `run_test_suites'", "C:/Ruby192/lib/ruby/1.9.1/minitest/unit.rb:609:in `run'", "C:/Ruby192/lib/ruby/1.9.1/minitest/unit.rb:508:in `block in autorun'"]
.
Finished in 231.262664 seconds.

3 tests, 0 assertions, 0 failures, 0 errors, 0 skips

Test run options: --seed 51011
Loaded suite Test_36_Project_search
Started
.process still alive after 90 seconds
["C:/Ruby192/lib/ruby/gems/1.9.1/gems/childprocess-0.3.3/lib/childprocess/abstract_process.rb:137:in `poll_for_exit'", "C:/Ruby192/lib/ruby/gems/1.9.1/gems/selenium-webdriver-2.31.0/lib/selenium/webdriver/firefox/binary.rb:47:in `wait'", "C:/Ruby192/lib/ruby/gems/1.9.1/gems/selenium-webdriver-2.31.0/lib/selenium/webdriver/firefox/launcher.rb:71:in `start_silent_and_wait'", "C:/Ruby192/lib/ruby/gems/1.9.1/gems/selenium-webdriver-2.31.0/lib/selenium/webdriver/firefox/launcher.rb:35:in `block in launch'", "C:/Ruby192/lib/ruby/gems/1.9.1/gems/selenium-webdriver-2.31.0/lib/selenium/webdriver/firefox/socket_lock.rb:20:in `locked'", "C:/Ruby192/lib/ruby/gems/1.9.1/gems/selenium-webdriver-2.31.0/lib/selenium/webdriver/firefox/launcher.rb:32:in `launch'", "C:/Ruby192/lib/ruby/gems/1.9.1/gems/selenium-webdriver-2.31.0/lib/selenium/webdriver/firefox/bridge.rb:24:in `initialize'", "C:/Ruby192/lib/ruby/gems/1.9.1/gems/selenium-webdriver-2.31.0/lib/selenium/webdriver/common/driver.rb:31:in `new'", "C:/Ruby192/lib/ruby/gems/1.9.1/gems/selenium-webdriver-2.31.0/lib/selenium/webdriver/common/driver.rb:31:in `for'", "C:/Ruby192/lib/ruby/gems/1.9.1/gems/selenium-webdriver-2.31.0/lib/selenium/webdriver.rb:67:in `for'", "D:/IMPROVED_CODE_AAMIR/Usamp_lib.rb:36:in `Usampadmin1_login'", "Test_36_Project_search.rb:48:in `test_02_project_search'", "C:/Ruby192/lib/ruby/1.9.1/minitest/unit.rb:695:in `run'", "C:/Ruby192/lib/ruby/1.9.1/minitest/unit.rb:656:in `block (2 levels) in run_test_suites'", "C:/Ruby192/lib/ruby/1.9.1/minitest/unit.rb:650:in `each'", "C:/Ruby192/lib/ruby/1.9.1/minitest/unit.rb:650:in `block in run_test_suites'", "C:/Ruby192/lib/ruby/1.9.1/minitest/unit.rb:649:in `each'", "C:/Ruby192/lib/ruby/1.9.1/minitest/unit.rb:649:in `run_test_suites'", "C:/Ruby192/lib/ruby/1.9.1/minitest/unit.rb:609:in `run'", "C:/Ruby192/lib/ruby/1.9.1/minitest/unit.rb:508:in `block in autorun'"]
E
Finished in 100.467464 seconds.

  1) Error:
test_02_project_search(Test_36_Project_search):
NoMethodError: undefined method `close' for nil:NilClass
    Test_36_Project_search.rb:90:in `rescue in test_02_project_search'
    Test_36_Project_search.rb:40:in `test_02_project_search'

2 tests, 0 assertions, 0 failures, 1 errors, 0 skips

Test run options: --seed 5397
Loaded suite Test_37_Add_publisher_group
Started
.Started InternetExplorerDriver server (32-bit)
2.39.0.0
Listening on port 5556
Successful Login to Usampadmin
TEST AUTO PUB_0037
Pass
.Started InternetExplorerDriver server (32-bit)
2.39.0.0
Listening on port 5556
Successful Login to Usampadmin
TEST_PUB_GRP_0955
TEST_PUB_GRP_0955
Pass
TEST TEMP GRP NAME:09:55
Cannot click on element
["C:/Ruby192/lib/ruby/gems/1.9.1/gems/selenium-webdriver-2.31.0/lib/selenium/webdriver/remote/response.rb:52:in `assert_ok'", "C:/Ruby192/lib/ruby/gems/1.9.1/gems/selenium-webdriver-2.31.0/lib/selenium/webdriver/remote/response.rb:15:in `initialize'", "C:/Ruby192/lib/ruby/gems/1.9.1/gems/selenium-webdriver-2.31.0/lib/selenium/webdriver/remote/http/common.rb:59:in `new'", "C:/Ruby192/lib/ruby/gems/1.9.1/gems/selenium-webdriver-2.31.0/lib/selenium/webdriver/remote/http/common.rb:59:in `create_response'", "C:/Ruby192/lib/ruby/gems/1.9.1/gems/selenium-webdriver-2.31.0/lib/selenium/webdriver/remote/http/default.rb:66:in `request'", "C:/Ruby192/lib/ruby/gems/1.9.1/gems/selenium-webdriver-2.31.0/lib/selenium/webdriver/remote/http/common.rb:40:in `call'", "C:/Ruby192/lib/ruby/gems/1.9.1/gems/selenium-webdriver-2.31.0/lib/selenium/webdriver/remote/bridge.rb:616:in `raw_execute'", "C:/Ruby192/lib/ruby/gems/1.9.1/gems/selenium-webdriver-2.31.0/lib/selenium/webdriver/remote/bridge.rb:594:in `execute'", "C:/Ruby192/lib/ruby/gems/1.9.1/gems/selenium-webdriver-2.31.0/lib/selenium/webdriver/remote/bridge.rb:359:in `clickElement'", "C:/Ruby192/lib/ruby/gems/1.9.1/gems/selenium-webdriver-2.31.0/lib/selenium/webdriver/common/element.rb:54:in `click'", "C:/Ruby192/lib/ruby/gems/1.9.1/gems/watir-webdriver-0.6.1/lib/watir-webdriver/elements/element.rb:108:in `click'", "Test_37_Add_publisher_group.rb:136:in `test_03_search_edit_pub_group'", "C:/Ruby192/lib/ruby/1.9.1/minitest/unit.rb:695:in `run'", "C:/Ruby192/lib/ruby/1.9.1/minitest/unit.rb:656:in `block (2 levels) in run_test_suites'", "C:/Ruby192/lib/ruby/1.9.1/minitest/unit.rb:650:in `each'", "C:/Ruby192/lib/ruby/1.9.1/minitest/unit.rb:650:in `block in run_test_suites'", "C:/Ruby192/lib/ruby/1.9.1/minitest/unit.rb:649:in `each'", "C:/Ruby192/lib/ruby/1.9.1/minitest/unit.rb:649:in `run_test_suites'", "C:/Ruby192/lib/ruby/1.9.1/minitest/unit.rb:609:in `run'", "C:/Ruby192/lib/ruby/1.9.1/minitest/unit.rb:508:in `block in autorun'"]
.
Finished in 138.000887 seconds.

3 tests, 0 assertions, 0 failures, 0 errors, 0 skips

Test run options: --seed 36043
D:/IMPROVED_CODE_AAMIR/Output Repository/Non4S_Test_Report.html
Loaded suite IM_Suite
Started

Finished in 0.000000 seconds.

0 tests, 0 assertions, 0 failures, 0 errors, 0 skips

Test run options: --seed 50041
