
D:\IMPROVED_CODE_AAMIR>copy "D:\IMPROVED_CODE_AAMIR\Output Repository\Non4S_Test_Report.html" "D:\IMPROVED_CODE_AAMIR\Output Repository Archive\Non4s_Report_04/41/_5043.html" 
        0 file(s) copied.
Loaded suite Test_01_Project_QG_Create
Started
.Started InternetExplorerDriver server (32-bit)
2.39.0.0
Listening on port 5555
Sorry! System Failed to login to Usampadmin
undefined method `goto' for nil:NilClass
["Test_01_Project_QG_Create.rb:43:in `test_02_Project_Create'", "C:/Ruby192/lib/ruby/1.9.1/minitest/unit.rb:695:in `run'", "C:/Ruby192/lib/ruby/1.9.1/minitest/unit.rb:656:in `block (2 levels) in run_test_suites'", "C:/Ruby192/lib/ruby/1.9.1/minitest/unit.rb:650:in `each'", "C:/Ruby192/lib/ruby/1.9.1/minitest/unit.rb:650:in `block in run_test_suites'", "C:/Ruby192/lib/ruby/1.9.1/minitest/unit.rb:649:in `each'", "C:/Ruby192/lib/ruby/1.9.1/minitest/unit.rb:649:in `run_test_suites'", "C:/Ruby192/lib/ruby/1.9.1/minitest/unit.rb:609:in `run'", "C:/Ruby192/lib/ruby/1.9.1/minitest/unit.rb:508:in `block in autorun'"]
Ecan't convert nil into String
["C:/Ruby192/lib/ruby/1.9.1/base64.rb:38:in `pack'", "C:/Ruby192/lib/ruby/1.9.1/base64.rb:38:in `encode64'", "Test_01_Project_QG_Create.rb:125:in `test_03_QG_Create'", "C:/Ruby192/lib/ruby/1.9.1/minitest/unit.rb:695:in `run'", "C:/Ruby192/lib/ruby/1.9.1/minitest/unit.rb:656:in `block (2 levels) in run_test_suites'", "C:/Ruby192/lib/ruby/1.9.1/minitest/unit.rb:650:in `each'", "C:/Ruby192/lib/ruby/1.9.1/minitest/unit.rb:650:in `block in run_test_suites'", "C:/Ruby192/lib/ruby/1.9.1/minitest/unit.rb:649:in `each'", "C:/Ruby192/lib/ruby/1.9.1/minitest/unit.rb:649:in `run_test_suites'", "C:/Ruby192/lib/ruby/1.9.1/minitest/unit.rb:609:in `run'", "C:/Ruby192/lib/ruby/1.9.1/minitest/unit.rb:508:in `block in autorun'"]
Ecan't convert nil into String
["C:/Ruby192/lib/ruby/1.9.1/base64.rb:38:in `pack'", "C:/Ruby192/lib/ruby/1.9.1/base64.rb:38:in `encode64'", "Test_01_Project_QG_Create.rb:192:in `test_04_Save_criteria'", "C:/Ruby192/lib/ruby/1.9.1/minitest/unit.rb:695:in `run'", "C:/Ruby192/lib/ruby/1.9.1/minitest/unit.rb:656:in `block (2 levels) in run_test_suites'", "C:/Ruby192/lib/ruby/1.9.1/minitest/unit.rb:650:in `each'", "C:/Ruby192/lib/ruby/1.9.1/minitest/unit.rb:650:in `block in run_test_suites'", "C:/Ruby192/lib/ruby/1.9.1/minitest/unit.rb:649:in `each'", "C:/Ruby192/lib/ruby/1.9.1/minitest/unit.rb:649:in `run_test_suites'", "C:/Ruby192/lib/ruby/1.9.1/minitest/unit.rb:609:in `run'", "C:/Ruby192/lib/ruby/1.9.1/minitest/unit.rb:508:in `block in autorun'"]
E
Finished in 15.779129 seconds.

  1) Error:
test_02_Project_Create(Test_01_Project_QG_Create):
NoMethodError: undefined method `close' for nil:NilClass
    Test_01_Project_QG_Create.rb:112:in `rescue in test_02_Project_Create'
    Test_01_Project_QG_Create.rb:39:in `test_02_Project_Create'

  2) Error:
test_03_QG_Create(Test_01_Project_QG_Create):
NoMethodError: undefined method `close' for nil:NilClass
    Test_01_Project_QG_Create.rb:176:in `rescue in test_03_QG_Create'
    Test_01_Project_QG_Create.rb:124:in `test_03_QG_Create'

  3) Error:
test_04_Save_criteria(Test_01_Project_QG_Create):
NoMethodError: undefined method `close' for nil:NilClass
    Test_01_Project_QG_Create.rb:270:in `rescue in test_04_Save_criteria'
    Test_01_Project_QG_Create.rb:191:in `test_04_Save_criteria'

4 tests, 0 assertions, 0 failures, 3 errors, 0 skips

Test run options: --seed 14843
Loaded suite Test_02_Auto_Open_QG
Started
.26201
121155
Started InternetExplorerDriver server (32-bit)
2.39.0.0
Listening on port 5555
Successful Login to Usampadmin
04
52
37
04
54
37
.
Finished in 262.714686 seconds.

2 tests, 0 assertions, 0 failures, 0 errors, 0 skips

Test run options: --seed 36478
Loaded suite Test_03_Auto_Close_QG
Started
.26201
121155
Started InternetExplorerDriver server (32-bit)
2.39.0.0
Listening on port 5555
Successful Login to Usampadmin
04
57
38
04
Time Settings Saved
TIME_SET_PASSED
.26201
121155
Started InternetExplorerDriver server (32-bit)
2.39.0.0
Listening on port 5555
Successful Login to Usampadmin
Modal dialog present
["C:/Ruby192/lib/ruby/gems/1.9.1/gems/selenium-webdriver-2.31.0/lib/selenium/webdriver/remote/response.rb:52:in `assert_ok'", "C:/Ruby192/lib/ruby/gems/1.9.1/gems/selenium-webdriver-2.31.0/lib/selenium/webdriver/remote/response.rb:15:in `initialize'", "C:/Ruby192/lib/ruby/gems/1.9.1/gems/selenium-webdriver-2.31.0/lib/selenium/webdriver/remote/http/common.rb:59:in `new'", "C:/Ruby192/lib/ruby/gems/1.9.1/gems/selenium-webdriver-2.31.0/lib/selenium/webdriver/remote/http/common.rb:59:in `create_response'", "C:/Ruby192/lib/ruby/gems/1.9.1/gems/selenium-webdriver-2.31.0/lib/selenium/webdriver/remote/http/default.rb:66:in `request'", "C:/Ruby192/lib/ruby/gems/1.9.1/gems/selenium-webdriver-2.31.0/lib/selenium/webdriver/remote/http/common.rb:40:in `call'", "C:/Ruby192/lib/ruby/gems/1.9.1/gems/selenium-webdriver-2.31.0/lib/selenium/webdriver/remote/bridge.rb:616:in `raw_execute'", "C:/Ruby192/lib/ruby/gems/1.9.1/gems/selenium-webdriver-2.31.0/lib/selenium/webdriver/remote/bridge.rb:594:in `execute'", "C:/Ruby192/lib/ruby/gems/1.9.1/gems/selenium-webdriver-2.31.0/lib/selenium/webdriver/remote/bridge.rb:562:in `find_element_by'", "C:/Ruby192/lib/ruby/gems/1.9.1/gems/selenium-webdriver-2.31.0/lib/selenium/webdriver/common/search_context.rb:42:in `find_element'", "C:/Ruby192/lib/ruby/gems/1.9.1/gems/watir-webdriver-0.6.1/lib/watir-webdriver/browser.rb:97:in `text'", "Test_03_Auto_Close_QG.rb:208:in `test_03_autoclose_clicks'", "C:/Ruby192/lib/ruby/1.9.1/minitest/unit.rb:695:in `run'", "C:/Ruby192/lib/ruby/1.9.1/minitest/unit.rb:656:in `block (2 levels) in run_test_suites'", "C:/Ruby192/lib/ruby/1.9.1/minitest/unit.rb:650:in `each'", "C:/Ruby192/lib/ruby/1.9.1/minitest/unit.rb:650:in `block in run_test_suites'", "C:/Ruby192/lib/ruby/1.9.1/minitest/unit.rb:649:in `each'", "C:/Ruby192/lib/ruby/1.9.1/minitest/unit.rb:649:in `run_test_suites'", "C:/Ruby192/lib/ruby/1.9.1/minitest/unit.rb:609:in `run'", "C:/Ruby192/lib/ruby/1.9.1/minitest/unit.rb:508:in `block in autorun'"]
.26201
121155
Started InternetExplorerDriver server (32-bit)
2.39.0.0
Listening on port 5556
Successful Login to Usampadmin
Modal dialog present
["C:/Ruby192/lib/ruby/gems/1.9.1/gems/selenium-webdriver-2.31.0/lib/selenium/webdriver/remote/response.rb:52:in `assert_ok'", "C:/Ruby192/lib/ruby/gems/1.9.1/gems/selenium-webdriver-2.31.0/lib/selenium/webdriver/remote/response.rb:15:in `initialize'", "C:/Ruby192/lib/ruby/gems/1.9.1/gems/selenium-webdriver-2.31.0/lib/selenium/webdriver/remote/http/common.rb:59:in `new'", "C:/Ruby192/lib/ruby/gems/1.9.1/gems/selenium-webdriver-2.31.0/lib/selenium/webdriver/remote/http/common.rb:59:in `create_response'", "C:/Ruby192/lib/ruby/gems/1.9.1/gems/selenium-webdriver-2.31.0/lib/selenium/webdriver/remote/http/default.rb:66:in `request'", "C:/Ruby192/lib/ruby/gems/1.9.1/gems/selenium-webdriver-2.31.0/lib/selenium/webdriver/remote/http/common.rb:40:in `call'", "C:/Ruby192/lib/ruby/gems/1.9.1/gems/selenium-webdriver-2.31.0/lib/selenium/webdriver/remote/bridge.rb:616:in `raw_execute'", "C:/Ruby192/lib/ruby/gems/1.9.1/gems/selenium-webdriver-2.31.0/lib/selenium/webdriver/remote/bridge.rb:594:in `execute'", "C:/Ruby192/lib/ruby/gems/1.9.1/gems/selenium-webdriver-2.31.0/lib/selenium/webdriver/remote/bridge.rb:562:in `find_element_by'", "C:/Ruby192/lib/ruby/gems/1.9.1/gems/selenium-webdriver-2.31.0/lib/selenium/webdriver/common/search_context.rb:42:in `find_element'", "C:/Ruby192/lib/ruby/gems/1.9.1/gems/watir-webdriver-0.6.1/lib/watir-webdriver/browser.rb:97:in `text'", "Test_03_Auto_Close_QG.rb:274:in `test_04_autoclose_completes'", "C:/Ruby192/lib/ruby/1.9.1/minitest/unit.rb:695:in `run'", "C:/Ruby192/lib/ruby/1.9.1/minitest/unit.rb:656:in `block (2 levels) in run_test_suites'", "C:/Ruby192/lib/ruby/1.9.1/minitest/unit.rb:650:in `each'", "C:/Ruby192/lib/ruby/1.9.1/minitest/unit.rb:650:in `block in run_test_suites'", "C:/Ruby192/lib/ruby/1.9.1/minitest/unit.rb:649:in `each'", "C:/Ruby192/lib/ruby/1.9.1/minitest/unit.rb:649:in `run_test_suites'", "C:/Ruby192/lib/ruby/1.9.1/minitest/unit.rb:609:in `run'", "C:/Ruby192/lib/ruby/1.9.1/minitest/unit.rb:508:in `block in autorun'"]
.
Finished in 409.085637 seconds.

4 tests, 0 assertions, 0 failures, 0 errors, 0 skips

Test run options: --seed 46057
Loaded suite Test_04_Non_member_survey_complete
Started
.26201
121155
Started InternetExplorerDriver server (32-bit)
2.39.0.0
Listening on port 5555
Successful Login to Usampadmin
.26201
121155
Started InternetExplorerDriver server (32-bit)
2.39.0.0
Listening on port 5556
Successful Login to Usampadmin
.26201
121155
Started InternetExplorerDriver server (32-bit)
2.39.0.0
Listening on port 5555
Successful Login to Usampadmin
.
Finished in 240.655151 seconds.

4 tests, 0 assertions, 0 failures, 0 errors, 0 skips

Test run options: --seed 45467
Loaded suite Test_05_Member_registration
Started
.test string
auto_test22.desnew2014-04-010508@mailop.com
**** Waiting for surveys to load ****
pass
.Started InternetExplorerDriver server (32-bit)
2.39.0.0
Listening on port 5555
Successful Login to Usampadmin
auto_test22.desnew2014-04-010508@mailop.com
M24652785
.Element is not currently visible and so may not be interacted with
["[remote server] file:///C:/DOCUME~1/ADMINI~1/LOCALS~1/Temp/2/webdriver-rb-profilecopy20140401-2276-saeigr/extensions/fxdriver@googlecode.com/components/command_processor.js:7567:in `unknown'", "[remote server] file:///C:/DOCUME~1/ADMINI~1/LOCALS~1/Temp/2/webdriver-rb-profilecopy20140401-2276-saeigr/extensions/fxdriver@googlecode.com/components/command_processor.js:10256:in `unknown'", "[remote server] file:///C:/DOCUME~1/ADMINI~1/LOCALS~1/Temp/2/webdriver-rb-profilecopy20140401-2276-saeigr/extensions/fxdriver@googlecode.com/components/command_processor.js:10275:in `unknown'", "[remote server] file:///C:/DOCUME~1/ADMINI~1/LOCALS~1/Temp/2/webdriver-rb-profilecopy20140401-2276-saeigr/extensions/fxdriver@googlecode.com/components/command_processor.js:10280:in `unknown'", "[remote server] file:///C:/DOCUME~1/ADMINI~1/LOCALS~1/Temp/2/webdriver-rb-profilecopy20140401-2276-saeigr/extensions/fxdriver@googlecode.com/components/command_processor.js:10220:in `unknown'", "C:/Ruby192/lib/ruby/gems/1.9.1/gems/selenium-webdriver-2.31.0/lib/selenium/webdriver/remote/response.rb:52:in `assert_ok'", "C:/Ruby192/lib/ruby/gems/1.9.1/gems/selenium-webdriver-2.31.0/lib/selenium/webdriver/remote/response.rb:15:in `initialize'", "C:/Ruby192/lib/ruby/gems/1.9.1/gems/selenium-webdriver-2.31.0/lib/selenium/webdriver/remote/http/common.rb:59:in `new'", "C:/Ruby192/lib/ruby/gems/1.9.1/gems/selenium-webdriver-2.31.0/lib/selenium/webdriver/remote/http/common.rb:59:in `create_response'", "C:/Ruby192/lib/ruby/gems/1.9.1/gems/selenium-webdriver-2.31.0/lib/selenium/webdriver/remote/http/default.rb:66:in `request'", "C:/Ruby192/lib/ruby/gems/1.9.1/gems/selenium-webdriver-2.31.0/lib/selenium/webdriver/remote/http/common.rb:40:in `call'", "C:/Ruby192/lib/ruby/gems/1.9.1/gems/selenium-webdriver-2.31.0/lib/selenium/webdriver/remote/bridge.rb:616:in `raw_execute'", "C:/Ruby192/lib/ruby/gems/1.9.1/gems/selenium-webdriver-2.31.0/lib/selenium/webdriver/remote/bridge.rb:594:in `execute'", "C:/Ruby192/lib/ruby/gems/1.9.1/gems/selenium-webdriver-2.31.0/lib/selenium/webdriver/remote/bridge.rb:413:in `clearElement'", "C:/Ruby192/lib/ruby/gems/1.9.1/gems/selenium-webdriver-2.31.0/lib/selenium/webdriver/common/element.rb:141:in `clear'", "C:/Ruby192/lib/ruby/gems/1.9.1/gems/watir-webdriver-0.6.1/lib/watir-webdriver/user_editable.rb:11:in `set'", "Test_05_Member_registration.rb:233:in `test_04_member_signup_Focusline'", "C:/Ruby192/lib/ruby/1.9.1/minitest/unit.rb:695:in `run'", "C:/Ruby192/lib/ruby/1.9.1/minitest/unit.rb:656:in `block (2 levels) in run_test_suites'", "C:/Ruby192/lib/ruby/1.9.1/minitest/unit.rb:650:in `each'", "C:/Ruby192/lib/ruby/1.9.1/minitest/unit.rb:650:in `block in run_test_suites'", "C:/Ruby192/lib/ruby/1.9.1/minitest/unit.rb:649:in `each'", "C:/Ruby192/lib/ruby/1.9.1/minitest/unit.rb:649:in `run_test_suites'", "C:/Ruby192/lib/ruby/1.9.1/minitest/unit.rb:609:in `run'", "C:/Ruby192/lib/ruby/1.9.1/minitest/unit.rb:508:in `block in autorun'"]
.Started InternetExplorerDriver server (32-bit)
2.39.0.0
Listening on port 5555
Successful Login to Usampadmin
auto_test22.des2014-02-240427@mailop.com
M24618205
Cannot click on element
["C:/Ruby192/lib/ruby/gems/1.9.1/gems/selenium-webdriver-2.31.0/lib/selenium/webdriver/remote/response.rb:52:in `assert_ok'", "C:/Ruby192/lib/ruby/gems/1.9.1/gems/selenium-webdriver-2.31.0/lib/selenium/webdriver/remote/response.rb:15:in `initialize'", "C:/Ruby192/lib/ruby/gems/1.9.1/gems/selenium-webdriver-2.31.0/lib/selenium/webdriver/remote/http/common.rb:59:in `new'", "C:/Ruby192/lib/ruby/gems/1.9.1/gems/selenium-webdriver-2.31.0/lib/selenium/webdriver/remote/http/common.rb:59:in `create_response'", "C:/Ruby192/lib/ruby/gems/1.9.1/gems/selenium-webdriver-2.31.0/lib/selenium/webdriver/remote/http/default.rb:66:in `request'", "C:/Ruby192/lib/ruby/gems/1.9.1/gems/selenium-webdriver-2.31.0/lib/selenium/webdriver/remote/http/common.rb:40:in `call'", "C:/Ruby192/lib/ruby/gems/1.9.1/gems/selenium-webdriver-2.31.0/lib/selenium/webdriver/remote/bridge.rb:616:in `raw_execute'", "C:/Ruby192/lib/ruby/gems/1.9.1/gems/selenium-webdriver-2.31.0/lib/selenium/webdriver/remote/bridge.rb:594:in `execute'", "C:/Ruby192/lib/ruby/gems/1.9.1/gems/selenium-webdriver-2.31.0/lib/selenium/webdriver/remote/bridge.rb:359:in `clickElement'", "C:/Ruby192/lib/ruby/gems/1.9.1/gems/selenium-webdriver-2.31.0/lib/selenium/webdriver/common/element.rb:54:in `click'", "C:/Ruby192/lib/ruby/gems/1.9.1/gems/watir-webdriver-0.6.1/lib/watir-webdriver/elements/element.rb:108:in `click'", "Test_05_Member_registration.rb:339:in `test_05_member_in_admin_Focusline'", "C:/Ruby192/lib/ruby/1.9.1/minitest/unit.rb:695:in `run'", "C:/Ruby192/lib/ruby/1.9.1/minitest/unit.rb:656:in `block (2 levels) in run_test_suites'", "C:/Ruby192/lib/ruby/1.9.1/minitest/unit.rb:650:in `each'", "C:/Ruby192/lib/ruby/1.9.1/minitest/unit.rb:650:in `block in run_test_suites'", "C:/Ruby192/lib/ruby/1.9.1/minitest/unit.rb:649:in `each'", "C:/Ruby192/lib/ruby/1.9.1/minitest/unit.rb:649:in `run_test_suites'", "C:/Ruby192/lib/ruby/1.9.1/minitest/unit.rb:609:in `run'", "C:/Ruby192/lib/ruby/1.9.1/minitest/unit.rb:508:in `block in autorun'"]
.auto_test22.desnew2014-04-010508@mailop.com
auto_test22.desnew2014-04-0105
.auto_test22.des2014-02-240427@mailop.com
auto_test22.des2014-02-2404
.
Finished in 349.867632 seconds.

7 tests, 0 assertions, 0 failures, 0 errors, 0 skips

Test run options: --seed 19806
Loaded suite Test_07_Publisher_category_filer
Started
.Started InternetExplorerDriver server (32-bit)
2.39.0.0
Listening on port 5555
Successful Login to Usampadmin
26201
121155
Element is not currently visible and so may not be interacted with
["[remote server] file:///C:/DOCUME~1/ADMINI~1/LOCALS~1/Temp/2/webdriver-rb-profilecopy20140401-5564-1d6gt0h/extensions/fxdriver@googlecode.com/components/command_processor.js:7567:in `unknown'", "[remote server] file:///C:/DOCUME~1/ADMINI~1/LOCALS~1/Temp/2/webdriver-rb-profilecopy20140401-5564-1d6gt0h/extensions/fxdriver@googlecode.com/components/command_processor.js:10256:in `unknown'", "[remote server] file:///C:/DOCUME~1/ADMINI~1/LOCALS~1/Temp/2/webdriver-rb-profilecopy20140401-5564-1d6gt0h/extensions/fxdriver@googlecode.com/components/command_processor.js:10275:in `unknown'", "[remote server] file:///C:/DOCUME~1/ADMINI~1/LOCALS~1/Temp/2/webdriver-rb-profilecopy20140401-5564-1d6gt0h/extensions/fxdriver@googlecode.com/components/command_processor.js:10280:in `unknown'", "[remote server] file:///C:/DOCUME~1/ADMINI~1/LOCALS~1/Temp/2/webdriver-rb-profilecopy20140401-5564-1d6gt0h/extensions/fxdriver@googlecode.com/components/command_processor.js:10220:in `unknown'", "C:/Ruby192/lib/ruby/gems/1.9.1/gems/selenium-webdriver-2.31.0/lib/selenium/webdriver/remote/response.rb:52:in `assert_ok'", "C:/Ruby192/lib/ruby/gems/1.9.1/gems/selenium-webdriver-2.31.0/lib/selenium/webdriver/remote/response.rb:15:in `initialize'", "C:/Ruby192/lib/ruby/gems/1.9.1/gems/selenium-webdriver-2.31.0/lib/selenium/webdriver/remote/http/common.rb:59:in `new'", "C:/Ruby192/lib/ruby/gems/1.9.1/gems/selenium-webdriver-2.31.0/lib/selenium/webdriver/remote/http/common.rb:59:in `create_response'", "C:/Ruby192/lib/ruby/gems/1.9.1/gems/selenium-webdriver-2.31.0/lib/selenium/webdriver/remote/http/default.rb:66:in `request'", "C:/Ruby192/lib/ruby/gems/1.9.1/gems/selenium-webdriver-2.31.0/lib/selenium/webdriver/remote/http/common.rb:40:in `call'", "C:/Ruby192/lib/ruby/gems/1.9.1/gems/selenium-webdriver-2.31.0/lib/selenium/webdriver/remote/bridge.rb:616:in `raw_execute'", "C:/Ruby192/lib/ruby/gems/1.9.1/gems/selenium-webdriver-2.31.0/lib/selenium/webdriver/remote/bridge.rb:594:in `execute'", "C:/Ruby192/lib/ruby/gems/1.9.1/gems/selenium-webdriver-2.31.0/lib/selenium/webdriver/remote/bridge.rb:413:in `clearElement'", "C:/Ruby192/lib/ruby/gems/1.9.1/gems/selenium-webdriver-2.31.0/lib/selenium/webdriver/common/element.rb:141:in `clear'", "C:/Ruby192/lib/ruby/gems/1.9.1/gems/watir-webdriver-0.6.1/lib/watir-webdriver/user_editable.rb:11:in `set'", "D:/IMPROVED_CODE_AAMIR/Usamp_lib.rb:164:in `Focusline_login'", "Test_07_Publisher_category_filer.rb:71:in `test_02_publisher_category_filter_match'", "C:/Ruby192/lib/ruby/1.9.1/minitest/unit.rb:695:in `run'", "C:/Ruby192/lib/ruby/1.9.1/minitest/unit.rb:656:in `block (2 levels) in run_test_suites'", "C:/Ruby192/lib/ruby/1.9.1/minitest/unit.rb:650:in `each'", "C:/Ruby192/lib/ruby/1.9.1/minitest/unit.rb:650:in `block in run_test_suites'", "C:/Ruby192/lib/ruby/1.9.1/minitest/unit.rb:649:in `each'", "C:/Ruby192/lib/ruby/1.9.1/minitest/unit.rb:649:in `run_test_suites'", "C:/Ruby192/lib/ruby/1.9.1/minitest/unit.rb:609:in `run'", "C:/Ruby192/lib/ruby/1.9.1/minitest/unit.rb:508:in `block in autorun'"]
.Started InternetExplorerDriver server (32-bit)
2.39.0.0
Listening on port 5555
Successful Login to Usampadmin
26201
121155
Element is not currently visible and so may not be interacted with
["[remote server] file:///C:/DOCUME~1/ADMINI~1/LOCALS~1/Temp/2/webdriver-rb-profilecopy20140401-5564-scg3md/extensions/fxdriver@googlecode.com/components/command_processor.js:7567:in `unknown'", "[remote server] file:///C:/DOCUME~1/ADMINI~1/LOCALS~1/Temp/2/webdriver-rb-profilecopy20140401-5564-scg3md/extensions/fxdriver@googlecode.com/components/command_processor.js:10256:in `unknown'", "[remote server] file:///C:/DOCUME~1/ADMINI~1/LOCALS~1/Temp/2/webdriver-rb-profilecopy20140401-5564-scg3md/extensions/fxdriver@googlecode.com/components/command_processor.js:10275:in `unknown'", "[remote server] file:///C:/DOCUME~1/ADMINI~1/LOCALS~1/Temp/2/webdriver-rb-profilecopy20140401-5564-scg3md/extensions/fxdriver@googlecode.com/components/command_processor.js:10280:in `unknown'", "[remote server] file:///C:/DOCUME~1/ADMINI~1/LOCALS~1/Temp/2/webdriver-rb-profilecopy20140401-5564-scg3md/extensions/fxdriver@googlecode.com/components/command_processor.js:10220:in `unknown'", "C:/Ruby192/lib/ruby/gems/1.9.1/gems/selenium-webdriver-2.31.0/lib/selenium/webdriver/remote/response.rb:52:in `assert_ok'", "C:/Ruby192/lib/ruby/gems/1.9.1/gems/selenium-webdriver-2.31.0/lib/selenium/webdriver/remote/response.rb:15:in `initialize'", "C:/Ruby192/lib/ruby/gems/1.9.1/gems/selenium-webdriver-2.31.0/lib/selenium/webdriver/remote/http/common.rb:59:in `new'", "C:/Ruby192/lib/ruby/gems/1.9.1/gems/selenium-webdriver-2.31.0/lib/selenium/webdriver/remote/http/common.rb:59:in `create_response'", "C:/Ruby192/lib/ruby/gems/1.9.1/gems/selenium-webdriver-2.31.0/lib/selenium/webdriver/remote/http/default.rb:66:in `request'", "C:/Ruby192/lib/ruby/gems/1.9.1/gems/selenium-webdriver-2.31.0/lib/selenium/webdriver/remote/http/common.rb:40:in `call'", "C:/Ruby192/lib/ruby/gems/1.9.1/gems/selenium-webdriver-2.31.0/lib/selenium/webdriver/remote/bridge.rb:616:in `raw_execute'", "C:/Ruby192/lib/ruby/gems/1.9.1/gems/selenium-webdriver-2.31.0/lib/selenium/webdriver/remote/bridge.rb:594:in `execute'", "C:/Ruby192/lib/ruby/gems/1.9.1/gems/selenium-webdriver-2.31.0/lib/selenium/webdriver/remote/bridge.rb:413:in `clearElement'", "C:/Ruby192/lib/ruby/gems/1.9.1/gems/selenium-webdriver-2.31.0/lib/selenium/webdriver/common/element.rb:141:in `clear'", "C:/Ruby192/lib/ruby/gems/1.9.1/gems/watir-webdriver-0.6.1/lib/watir-webdriver/user_editable.rb:11:in `set'", "D:/IMPROVED_CODE_AAMIR/Usamp_lib.rb:164:in `Focusline_login'", "Test_07_Publisher_category_filer.rb:127:in `test_03_publisher_category_filter_mismatch'", "C:/Ruby192/lib/ruby/1.9.1/minitest/unit.rb:695:in `run'", "C:/Ruby192/lib/ruby/1.9.1/minitest/unit.rb:656:in `block (2 levels) in run_test_suites'", "C:/Ruby192/lib/ruby/1.9.1/minitest/unit.rb:650:in `each'", "C:/Ruby192/lib/ruby/1.9.1/minitest/unit.rb:650:in `block in run_test_suites'", "C:/Ruby192/lib/ruby/1.9.1/minitest/unit.rb:649:in `each'", "C:/Ruby192/lib/ruby/1.9.1/minitest/unit.rb:649:in `run_test_suites'", "C:/Ruby192/lib/ruby/1.9.1/minitest/unit.rb:609:in `run'", "C:/Ruby192/lib/ruby/1.9.1/minitest/unit.rb:508:in `block in autorun'"]
E
Finished in 138.387082 seconds.

  1) Error:
test_03_publisher_category_filter_mismatch(Test_07_Publisher_filter_category):
NoMethodError: undefined method `close' for nil:NilClass
    Test_07_Publisher_category_filer.rb:157:in `rescue in test_03_publisher_category_filter_mismatch'
    Test_07_Publisher_category_filer.rb:100:in `test_03_publisher_category_filter_mismatch'

3 tests, 0 assertions, 0 failures, 1 errors, 0 skips

Test run options: --seed 32689
Loaded suite Test_08_Publisher_margin_%
Started
.Started InternetExplorerDriver server (32-bit)
2.39.0.0
Listening on port 5555
Successful Login to Usampadmin
26201
121155
Element is not currently visible and so may not be interacted with
["[remote server] file:///C:/DOCUME~1/ADMINI~1/LOCALS~1/Temp/2/webdriver-rb-profilecopy20140401-5364-gzggx2/extensions/fxdriver@googlecode.com/components/command_processor.js:7567:in `unknown'", "[remote server] file:///C:/DOCUME~1/ADMINI~1/LOCALS~1/Temp/2/webdriver-rb-profilecopy20140401-5364-gzggx2/extensions/fxdriver@googlecode.com/components/command_processor.js:10256:in `unknown'", "[remote server] file:///C:/DOCUME~1/ADMINI~1/LOCALS~1/Temp/2/webdriver-rb-profilecopy20140401-5364-gzggx2/extensions/fxdriver@googlecode.com/components/command_processor.js:10275:in `unknown'", "[remote server] file:///C:/DOCUME~1/ADMINI~1/LOCALS~1/Temp/2/webdriver-rb-profilecopy20140401-5364-gzggx2/extensions/fxdriver@googlecode.com/components/command_processor.js:10280:in `unknown'", "[remote server] file:///C:/DOCUME~1/ADMINI~1/LOCALS~1/Temp/2/webdriver-rb-profilecopy20140401-5364-gzggx2/extensions/fxdriver@googlecode.com/components/command_processor.js:10220:in `unknown'", "C:/Ruby192/lib/ruby/gems/1.9.1/gems/selenium-webdriver-2.31.0/lib/selenium/webdriver/remote/response.rb:52:in `assert_ok'", "C:/Ruby192/lib/ruby/gems/1.9.1/gems/selenium-webdriver-2.31.0/lib/selenium/webdriver/remote/response.rb:15:in `initialize'", "C:/Ruby192/lib/ruby/gems/1.9.1/gems/selenium-webdriver-2.31.0/lib/selenium/webdriver/remote/http/common.rb:59:in `new'", "C:/Ruby192/lib/ruby/gems/1.9.1/gems/selenium-webdriver-2.31.0/lib/selenium/webdriver/remote/http/common.rb:59:in `create_response'", "C:/Ruby192/lib/ruby/gems/1.9.1/gems/selenium-webdriver-2.31.0/lib/selenium/webdriver/remote/http/default.rb:66:in `request'", "C:/Ruby192/lib/ruby/gems/1.9.1/gems/selenium-webdriver-2.31.0/lib/selenium/webdriver/remote/http/common.rb:40:in `call'", "C:/Ruby192/lib/ruby/gems/1.9.1/gems/selenium-webdriver-2.31.0/lib/selenium/webdriver/remote/bridge.rb:616:in `raw_execute'", "C:/Ruby192/lib/ruby/gems/1.9.1/gems/selenium-webdriver-2.31.0/lib/selenium/webdriver/remote/bridge.rb:594:in `execute'", "C:/Ruby192/lib/ruby/gems/1.9.1/gems/selenium-webdriver-2.31.0/lib/selenium/webdriver/remote/bridge.rb:413:in `clearElement'", "C:/Ruby192/lib/ruby/gems/1.9.1/gems/selenium-webdriver-2.31.0/lib/selenium/webdriver/common/element.rb:141:in `clear'", "C:/Ruby192/lib/ruby/gems/1.9.1/gems/watir-webdriver-0.6.1/lib/watir-webdriver/user_editable.rb:11:in `set'", "D:/IMPROVED_CODE_AAMIR/Usamp_lib.rb:164:in `Focusline_login'", "Test_08_Publisher_margin_%.rb:79:in `test_02_publisher_margin_match'", "C:/Ruby192/lib/ruby/1.9.1/minitest/unit.rb:695:in `run'", "C:/Ruby192/lib/ruby/1.9.1/minitest/unit.rb:656:in `block (2 levels) in run_test_suites'", "C:/Ruby192/lib/ruby/1.9.1/minitest/unit.rb:650:in `each'", "C:/Ruby192/lib/ruby/1.9.1/minitest/unit.rb:650:in `block in run_test_suites'", "C:/Ruby192/lib/ruby/1.9.1/minitest/unit.rb:649:in `each'", "C:/Ruby192/lib/ruby/1.9.1/minitest/unit.rb:649:in `run_test_suites'", "C:/Ruby192/lib/ruby/1.9.1/minitest/unit.rb:609:in `run'", "C:/Ruby192/lib/ruby/1.9.1/minitest/unit.rb:508:in `block in autorun'"]
Started InternetExplorerDriver server (32-bit)
2.39.0.0
Listening on port 5556
.Started InternetExplorerDriver server (32-bit)
2.39.0.0
Listening on port 5557
Successful Login to Usampadmin
26201
121155
Element is not currently visible and so may not be interacted with
["[remote server] file:///C:/DOCUME~1/ADMINI~1/LOCALS~1/Temp/2/webdriver-rb-profilecopy20140401-5364-3jec9x/extensions/fxdriver@googlecode.com/components/command_processor.js:7567:in `unknown'", "[remote server] file:///C:/DOCUME~1/ADMINI~1/LOCALS~1/Temp/2/webdriver-rb-profilecopy20140401-5364-3jec9x/extensions/fxdriver@googlecode.com/components/command_processor.js:10256:in `unknown'", "[remote server] file:///C:/DOCUME~1/ADMINI~1/LOCALS~1/Temp/2/webdriver-rb-profilecopy20140401-5364-3jec9x/extensions/fxdriver@googlecode.com/components/command_processor.js:10275:in `unknown'", "[remote server] file:///C:/DOCUME~1/ADMINI~1/LOCALS~1/Temp/2/webdriver-rb-profilecopy20140401-5364-3jec9x/extensions/fxdriver@googlecode.com/components/command_processor.js:10280:in `unknown'", "[remote server] file:///C:/DOCUME~1/ADMINI~1/LOCALS~1/Temp/2/webdriver-rb-profilecopy20140401-5364-3jec9x/extensions/fxdriver@googlecode.com/components/command_processor.js:10220:in `unknown'", "C:/Ruby192/lib/ruby/gems/1.9.1/gems/selenium-webdriver-2.31.0/lib/selenium/webdriver/remote/response.rb:52:in `assert_ok'", "C:/Ruby192/lib/ruby/gems/1.9.1/gems/selenium-webdriver-2.31.0/lib/selenium/webdriver/remote/response.rb:15:in `initialize'", "C:/Ruby192/lib/ruby/gems/1.9.1/gems/selenium-webdriver-2.31.0/lib/selenium/webdriver/remote/http/common.rb:59:in `new'", "C:/Ruby192/lib/ruby/gems/1.9.1/gems/selenium-webdriver-2.31.0/lib/selenium/webdriver/remote/http/common.rb:59:in `create_response'", "C:/Ruby192/lib/ruby/gems/1.9.1/gems/selenium-webdriver-2.31.0/lib/selenium/webdriver/remote/http/default.rb:66:in `request'", "C:/Ruby192/lib/ruby/gems/1.9.1/gems/selenium-webdriver-2.31.0/lib/selenium/webdriver/remote/http/common.rb:40:in `call'", "C:/Ruby192/lib/ruby/gems/1.9.1/gems/selenium-webdriver-2.31.0/lib/selenium/webdriver/remote/bridge.rb:616:in `raw_execute'", "C:/Ruby192/lib/ruby/gems/1.9.1/gems/selenium-webdriver-2.31.0/lib/selenium/webdriver/remote/bridge.rb:594:in `execute'", "C:/Ruby192/lib/ruby/gems/1.9.1/gems/selenium-webdriver-2.31.0/lib/selenium/webdriver/remote/bridge.rb:413:in `clearElement'", "C:/Ruby192/lib/ruby/gems/1.9.1/gems/selenium-webdriver-2.31.0/lib/selenium/webdriver/common/element.rb:141:in `clear'", "C:/Ruby192/lib/ruby/gems/1.9.1/gems/watir-webdriver-0.6.1/lib/watir-webdriver/user_editable.rb:11:in `set'", "D:/IMPROVED_CODE_AAMIR/Usamp_lib.rb:164:in `Focusline_login'", "Test_08_Publisher_margin_%.rb:136:in `test_03_publisher_margin_mismatch'", "C:/Ruby192/lib/ruby/1.9.1/minitest/unit.rb:695:in `run'", "C:/Ruby192/lib/ruby/1.9.1/minitest/unit.rb:656:in `block (2 levels) in run_test_suites'", "C:/Ruby192/lib/ruby/1.9.1/minitest/unit.rb:650:in `each'", "C:/Ruby192/lib/ruby/1.9.1/minitest/unit.rb:650:in `block in run_test_suites'", "C:/Ruby192/lib/ruby/1.9.1/minitest/unit.rb:649:in `each'", "C:/Ruby192/lib/ruby/1.9.1/minitest/unit.rb:649:in `run_test_suites'", "C:/Ruby192/lib/ruby/1.9.1/minitest/unit.rb:609:in `run'", "C:/Ruby192/lib/ruby/1.9.1/minitest/unit.rb:508:in `block in autorun'"]
Started InternetExplorerDriver server (32-bit)
2.39.0.0
Listening on port 5558
.
Finished in 115.059555 seconds.

3 tests, 0 assertions, 0 failures, 0 errors, 0 skips

Test run options: --seed 52289
Loaded suite Test_09_US_getcount
Started
.Successful Login to Usampadmin
26201
121155
*** Waiting for count to load ***
************
								<tr>

0
Element is not currently visible and so may not be interacted with
["[remote server] file:///C:/DOCUME~1/ADMINI~1/LOCALS~1/Temp/2/webdriver-rb-profilecopy20140401-2896-1e5h4y4/extensions/fxdriver@googlecode.com/components/command_processor.js:7567:in `unknown'", "[remote server] file:///C:/DOCUME~1/ADMINI~1/LOCALS~1/Temp/2/webdriver-rb-profilecopy20140401-2896-1e5h4y4/extensions/fxdriver@googlecode.com/components/command_processor.js:10256:in `unknown'", "[remote server] file:///C:/DOCUME~1/ADMINI~1/LOCALS~1/Temp/2/webdriver-rb-profilecopy20140401-2896-1e5h4y4/extensions/fxdriver@googlecode.com/components/command_processor.js:10275:in `unknown'", "[remote server] file:///C:/DOCUME~1/ADMINI~1/LOCALS~1/Temp/2/webdriver-rb-profilecopy20140401-2896-1e5h4y4/extensions/fxdriver@googlecode.com/components/command_processor.js:10280:in `unknown'", "[remote server] file:///C:/DOCUME~1/ADMINI~1/LOCALS~1/Temp/2/webdriver-rb-profilecopy20140401-2896-1e5h4y4/extensions/fxdriver@googlecode.com/components/command_processor.js:10220:in `unknown'", "C:/Ruby192/lib/ruby/gems/1.9.1/gems/selenium-webdriver-2.31.0/lib/selenium/webdriver/remote/response.rb:52:in `assert_ok'", "C:/Ruby192/lib/ruby/gems/1.9.1/gems/selenium-webdriver-2.31.0/lib/selenium/webdriver/remote/response.rb:15:in `initialize'", "C:/Ruby192/lib/ruby/gems/1.9.1/gems/selenium-webdriver-2.31.0/lib/selenium/webdriver/remote/http/common.rb:59:in `new'", "C:/Ruby192/lib/ruby/gems/1.9.1/gems/selenium-webdriver-2.31.0/lib/selenium/webdriver/remote/http/common.rb:59:in `create_response'", "C:/Ruby192/lib/ruby/gems/1.9.1/gems/selenium-webdriver-2.31.0/lib/selenium/webdriver/remote/http/default.rb:66:in `request'", "C:/Ruby192/lib/ruby/gems/1.9.1/gems/selenium-webdriver-2.31.0/lib/selenium/webdriver/remote/http/common.rb:40:in `call'", "C:/Ruby192/lib/ruby/gems/1.9.1/gems/selenium-webdriver-2.31.0/lib/selenium/webdriver/remote/bridge.rb:616:in `raw_execute'", "C:/Ruby192/lib/ruby/gems/1.9.1/gems/selenium-webdriver-2.31.0/lib/selenium/webdriver/remote/bridge.rb:594:in `execute'", "C:/Ruby192/lib/ruby/gems/1.9.1/gems/selenium-webdriver-2.31.0/lib/selenium/webdriver/remote/bridge.rb:413:in `clearElement'", "C:/Ruby192/lib/ruby/gems/1.9.1/gems/selenium-webdriver-2.31.0/lib/selenium/webdriver/common/element.rb:141:in `clear'", "C:/Ruby192/lib/ruby/gems/1.9.1/gems/watir-webdriver-0.6.1/lib/watir-webdriver/user_editable.rb:11:in `set'", "Test_09_US_getcount.rb:200:in `test_02_US_getcount'", "C:/Ruby192/lib/ruby/1.9.1/minitest/unit.rb:695:in `run'", "C:/Ruby192/lib/ruby/1.9.1/minitest/unit.rb:656:in `block (2 levels) in run_test_suites'", "C:/Ruby192/lib/ruby/1.9.1/minitest/unit.rb:650:in `each'", "C:/Ruby192/lib/ruby/1.9.1/minitest/unit.rb:650:in `block in run_test_suites'", "C:/Ruby192/lib/ruby/1.9.1/minitest/unit.rb:649:in `each'", "C:/Ruby192/lib/ruby/1.9.1/minitest/unit.rb:649:in `run_test_suites'", "C:/Ruby192/lib/ruby/1.9.1/minitest/unit.rb:609:in `run'", "C:/Ruby192/lib/ruby/1.9.1/minitest/unit.rb:508:in `block in autorun'"]
EStarted InternetExplorerDriver server (32-bit)
2.39.0.0
Listening on port 5555
Successful Login to Usampadmin
26201
121155
"--Select Profile--" not found in select list
["C:/Ruby192/lib/ruby/gems/1.9.1/gems/watir-webdriver-0.6.1/lib/watir-webdriver/elements/select.rb:216:in `no_value_found'", "C:/Ruby192/lib/ruby/gems/1.9.1/gems/watir-webdriver-0.6.1/lib/watir-webdriver/elements/select.rb:150:in `rescue in select_by_string'", "C:/Ruby192/lib/ruby/gems/1.9.1/gems/watir-webdriver-0.6.1/lib/watir-webdriver/elements/select.rb:147:in `select_by_string'", "C:/Ruby192/lib/ruby/gems/1.9.1/gems/watir-webdriver-0.6.1/lib/watir-webdriver/elements/select.rb:129:in `select_by'", "C:/Ruby192/lib/ruby/gems/1.9.1/gems/watir-webdriver-0.6.1/lib/watir-webdriver/elements/select.rb:64:in `select'", "Test_09_US_getcount.rb:579:in `test_03_qg_reset_prof_criteria'", "C:/Ruby192/lib/ruby/1.9.1/minitest/unit.rb:695:in `run'", "C:/Ruby192/lib/ruby/1.9.1/minitest/unit.rb:656:in `block (2 levels) in run_test_suites'", "C:/Ruby192/lib/ruby/1.9.1/minitest/unit.rb:650:in `each'", "C:/Ruby192/lib/ruby/1.9.1/minitest/unit.rb:650:in `block in run_test_suites'", "C:/Ruby192/lib/ruby/1.9.1/minitest/unit.rb:649:in `each'", "C:/Ruby192/lib/ruby/1.9.1/minitest/unit.rb:649:in `run_test_suites'", "C:/Ruby192/lib/ruby/1.9.1/minitest/unit.rb:609:in `run'", "C:/Ruby192/lib/ruby/1.9.1/minitest/unit.rb:508:in `block in autorun'"]
EStarted InternetExplorerDriver server (32-bit)
2.39.0.0
Listening on port 5556
Successful Login to Usampadmin
26201
121155
*** Waiting for count to load ***
************
<TD>Total members found: 29
29
29
Element is not currently visible and so may not be interacted with
["[remote server] file:///C:/DOCUME~1/ADMINI~1/LOCALS~1/Temp/2/webdriver-rb-profilecopy20140401-2896-1nc0avu/extensions/fxdriver@googlecode.com/components/command_processor.js:7567:in `unknown'", "[remote server] file:///C:/DOCUME~1/ADMINI~1/LOCALS~1/Temp/2/webdriver-rb-profilecopy20140401-2896-1nc0avu/extensions/fxdriver@googlecode.com/components/command_processor.js:10256:in `unknown'", "[remote server] file:///C:/DOCUME~1/ADMINI~1/LOCALS~1/Temp/2/webdriver-rb-profilecopy20140401-2896-1nc0avu/extensions/fxdriver@googlecode.com/components/command_processor.js:10275:in `unknown'", "[remote server] file:///C:/DOCUME~1/ADMINI~1/LOCALS~1/Temp/2/webdriver-rb-profilecopy20140401-2896-1nc0avu/extensions/fxdriver@googlecode.com/components/command_processor.js:10280:in `unknown'", "[remote server] file:///C:/DOCUME~1/ADMINI~1/LOCALS~1/Temp/2/webdriver-rb-profilecopy20140401-2896-1nc0avu/extensions/fxdriver@googlecode.com/components/command_processor.js:10220:in `unknown'", "C:/Ruby192/lib/ruby/gems/1.9.1/gems/selenium-webdriver-2.31.0/lib/selenium/webdriver/remote/response.rb:52:in `assert_ok'", "C:/Ruby192/lib/ruby/gems/1.9.1/gems/selenium-webdriver-2.31.0/lib/selenium/webdriver/remote/response.rb:15:in `initialize'", "C:/Ruby192/lib/ruby/gems/1.9.1/gems/selenium-webdriver-2.31.0/lib/selenium/webdriver/remote/http/common.rb:59:in `new'", "C:/Ruby192/lib/ruby/gems/1.9.1/gems/selenium-webdriver-2.31.0/lib/selenium/webdriver/remote/http/common.rb:59:in `create_response'", "C:/Ruby192/lib/ruby/gems/1.9.1/gems/selenium-webdriver-2.31.0/lib/selenium/webdriver/remote/http/default.rb:66:in `request'", "C:/Ruby192/lib/ruby/gems/1.9.1/gems/selenium-webdriver-2.31.0/lib/selenium/webdriver/remote/http/common.rb:40:in `call'", "C:/Ruby192/lib/ruby/gems/1.9.1/gems/selenium-webdriver-2.31.0/lib/selenium/webdriver/remote/bridge.rb:616:in `raw_execute'", "C:/Ruby192/lib/ruby/gems/1.9.1/gems/selenium-webdriver-2.31.0/lib/selenium/webdriver/remote/bridge.rb:594:in `execute'", "C:/Ruby192/lib/ruby/gems/1.9.1/gems/selenium-webdriver-2.31.0/lib/selenium/webdriver/remote/bridge.rb:413:in `clearElement'", "C:/Ruby192/lib/ruby/gems/1.9.1/gems/selenium-webdriver-2.31.0/lib/selenium/webdriver/common/element.rb:141:in `clear'", "C:/Ruby192/lib/ruby/gems/1.9.1/gems/watir-webdriver-0.6.1/lib/watir-webdriver/user_editable.rb:11:in `set'", "Test_09_US_getcount.rb:698:in `test_04_us_getcnt_mempub'", "C:/Ruby192/lib/ruby/1.9.1/minitest/unit.rb:695:in `run'", "C:/Ruby192/lib/ruby/1.9.1/minitest/unit.rb:656:in `block (2 levels) in run_test_suites'", "C:/Ruby192/lib/ruby/1.9.1/minitest/unit.rb:650:in `each'", "C:/Ruby192/lib/ruby/1.9.1/minitest/unit.rb:650:in `block in run_test_suites'", "C:/Ruby192/lib/ruby/1.9.1/minitest/unit.rb:649:in `each'", "C:/Ruby192/lib/ruby/1.9.1/minitest/unit.rb:649:in `run_test_suites'", "C:/Ruby192/lib/ruby/1.9.1/minitest/unit.rb:609:in `run'", "C:/Ruby192/lib/ruby/1.9.1/minitest/unit.rb:508:in `block in autorun'"]
EStarted InternetExplorerDriver server (32-bit)
2.39.0.0
Listening on port 5555
Successful Login to Usampadmin
26201
121155
unable to locate element, using {:name=>"chkDoubleOpted", :tag_name=>"input", :type=>"checkbox"}
["C:/Ruby192/lib/ruby/gems/1.9.1/gems/watir-webdriver-0.6.1/lib/watir-webdriver/elements/element.rb:365:in `assert_exists'", "C:/Ruby192/lib/ruby/gems/1.9.1/gems/watir-webdriver-0.6.1/lib/watir-webdriver/elements/checkbox.rb:19:in `set'", "C:/Ruby192/lib/ruby/gems/1.9.1/gems/watir-webdriver-0.6.1/lib/watir-webdriver/elements/checkbox.rb:46:in `clear'", "Test_09_US_getcount.rb:925:in `test_05_qg_reset'", "C:/Ruby192/lib/ruby/1.9.1/minitest/unit.rb:695:in `run'", "C:/Ruby192/lib/ruby/1.9.1/minitest/unit.rb:656:in `block (2 levels) in run_test_suites'", "C:/Ruby192/lib/ruby/1.9.1/minitest/unit.rb:650:in `each'", "C:/Ruby192/lib/ruby/1.9.1/minitest/unit.rb:650:in `block in run_test_suites'", "C:/Ruby192/lib/ruby/1.9.1/minitest/unit.rb:649:in `each'", "C:/Ruby192/lib/ruby/1.9.1/minitest/unit.rb:649:in `run_test_suites'", "C:/Ruby192/lib/ruby/1.9.1/minitest/unit.rb:609:in `run'", "C:/Ruby192/lib/ruby/1.9.1/minitest/unit.rb:508:in `block in autorun'"]
.
Finished in 987.037231 seconds.

  1) Error:
test_02_US_getcount(Test_09_US_getcount):
TypeError: can't convert nil into String
    Test_09_US_getcount.rb:543:in `+'
    Test_09_US_getcount.rb:543:in `rescue in test_02_US_getcount'
    Test_09_US_getcount.rb:39:in `test_02_US_getcount'

  2) Error:
test_03_qg_reset_prof_criteria(Test_09_US_getcount):
TypeError: can't convert nil into String
    Test_09_US_getcount.rb:590:in `+'
    Test_09_US_getcount.rb:590:in `rescue in test_03_qg_reset_prof_criteria'
    Test_09_US_getcount.rb:552:in `test_03_qg_reset_prof_criteria'

  3) Error:
test_04_us_getcnt_mempub(Test_09_US_getcount):
TypeError: can't convert nil into String
    Test_09_US_getcount.rb:889:in `+'
    Test_09_US_getcount.rb:889:in `rescue in test_04_us_getcnt_mempub'
    Test_09_US_getcount.rb:599:in `test_04_us_getcnt_mempub'

5 tests, 0 assertions, 0 failures, 3 errors, 0 skips

Test run options: --seed 50243
Loaded suite Test_10_CAN_getcount
Started
.Successful Login to Usampadmin
26201
121155
*** Waiting for count to load ***
************
								<tr>

0
EStarted InternetExplorerDriver server (32-bit)
2.39.0.0
Listening on port 5555
Successful Login to Usampadmin
26201
121155
EStarted InternetExplorerDriver server (32-bit)
2.39.0.0
Listening on port 5556
Successful Login to Usampadmin
26201
121155
*** Waiting for count to load ***
************
<TD>Total members found: 166
166
166
EStarted InternetExplorerDriver server (32-bit)
2.39.0.0
Listening on port 5557
Successful Login to Usampadmin
26201
121155
.
Finished in 388.458806 seconds.

  1) Error:
test_02_CAN_getcount(Test_10_CAN_getcount):
Watir::Exception::NoValueFoundException: "Newfoundland and Labrador" not found in select list
    C:/Ruby192/lib/ruby/gems/1.9.1/gems/watir-webdriver-0.6.1/lib/watir-webdriver/elements/select.rb:216:in `no_value_found'
    C:/Ruby192/lib/ruby/gems/1.9.1/gems/watir-webdriver-0.6.1/lib/watir-webdriver/elements/select.rb:150:in `rescue in select_by_string'
    C:/Ruby192/lib/ruby/gems/1.9.1/gems/watir-webdriver-0.6.1/lib/watir-webdriver/elements/select.rb:147:in `select_by_string'
    C:/Ruby192/lib/ruby/gems/1.9.1/gems/watir-webdriver-0.6.1/lib/watir-webdriver/elements/select.rb:129:in `select_by'
    C:/Ruby192/lib/ruby/gems/1.9.1/gems/watir-webdriver-0.6.1/lib/watir-webdriver/elements/select.rb:64:in `select'
    Test_10_CAN_getcount.rb:140:in `test_02_CAN_getcount'

  2) Error:
test_03_qg_reset_prof_criteria(Test_10_CAN_getcount):
Watir::Exception::NoValueFoundException: "--Select Profile--" not found in select list
    C:/Ruby192/lib/ruby/gems/1.9.1/gems/watir-webdriver-0.6.1/lib/watir-webdriver/elements/select.rb:216:in `no_value_found'
    C:/Ruby192/lib/ruby/gems/1.9.1/gems/watir-webdriver-0.6.1/lib/watir-webdriver/elements/select.rb:150:in `rescue in select_by_string'
    C:/Ruby192/lib/ruby/gems/1.9.1/gems/watir-webdriver-0.6.1/lib/watir-webdriver/elements/select.rb:147:in `select_by_string'
    C:/Ruby192/lib/ruby/gems/1.9.1/gems/watir-webdriver-0.6.1/lib/watir-webdriver/elements/select.rb:129:in `select_by'
    C:/Ruby192/lib/ruby/gems/1.9.1/gems/watir-webdriver-0.6.1/lib/watir-webdriver/elements/select.rb:64:in `select'
    Test_10_CAN_getcount.rb:504:in `test_03_qg_reset_prof_criteria'

  3) Error:
test_04_cangetcnt_mempub(Test_10_CAN_getcount):
Watir::Exception::NoValueFoundException: "Newfoundland and Labrador" not found in select list
    C:/Ruby192/lib/ruby/gems/1.9.1/gems/watir-webdriver-0.6.1/lib/watir-webdriver/elements/select.rb:216:in `no_value_found'
    C:/Ruby192/lib/ruby/gems/1.9.1/gems/watir-webdriver-0.6.1/lib/watir-webdriver/elements/select.rb:150:in `rescue in select_by_string'
    C:/Ruby192/lib/ruby/gems/1.9.1/gems/watir-webdriver-0.6.1/lib/watir-webdriver/elements/select.rb:147:in `select_by_string'
    C:/Ruby192/lib/ruby/gems/1.9.1/gems/watir-webdriver-0.6.1/lib/watir-webdriver/elements/select.rb:129:in `select_by'
    C:/Ruby192/lib/ruby/gems/1.9.1/gems/watir-webdriver-0.6.1/lib/watir-webdriver/elements/select.rb:64:in `select'
    Test_10_CAN_getcount.rb:609:in `test_04_cangetcnt_mempub'

5 tests, 0 assertions, 0 failures, 3 errors, 0 skips

Test run options: --seed 16777
Loaded suite Test_11_CP_Project
Started
.Logged it to Network site
..Started InternetExplorerDriver server (32-bit)
2.39.0.0
Listening on port 5555
Started InternetExplorerDriver server (32-bit)
2.39.0.0
Listening on port 5556
Started InternetExplorerDriver server (32-bit)
2.39.0.0
Listening on port 5555
.Successful Login to Usampadmin
Search Passed
Project Update passed
"Luth" not found in select list
["C:/Ruby192/lib/ruby/gems/1.9.1/gems/watir-webdriver-0.6.1/lib/watir-webdriver/elements/select.rb:216:in `no_value_found'", "C:/Ruby192/lib/ruby/gems/1.9.1/gems/watir-webdriver-0.6.1/lib/watir-webdriver/elements/select.rb:150:in `rescue in select_by_string'", "C:/Ruby192/lib/ruby/gems/1.9.1/gems/watir-webdriver-0.6.1/lib/watir-webdriver/elements/select.rb:147:in `select_by_string'", "C:/Ruby192/lib/ruby/gems/1.9.1/gems/watir-webdriver-0.6.1/lib/watir-webdriver/elements/select.rb:129:in `select_by'", "C:/Ruby192/lib/ruby/gems/1.9.1/gems/watir-webdriver-0.6.1/lib/watir-webdriver/elements/select.rb:64:in `select'", "Test_11_CP_Project.rb:370:in `test_05_cp_project_admin'", "C:/Ruby192/lib/ruby/1.9.1/minitest/unit.rb:695:in `run'", "C:/Ruby192/lib/ruby/1.9.1/minitest/unit.rb:656:in `block (2 levels) in run_test_suites'", "C:/Ruby192/lib/ruby/1.9.1/minitest/unit.rb:650:in `each'", "C:/Ruby192/lib/ruby/1.9.1/minitest/unit.rb:650:in `block in run_test_suites'", "C:/Ruby192/lib/ruby/1.9.1/minitest/unit.rb:649:in `each'", "C:/Ruby192/lib/ruby/1.9.1/minitest/unit.rb:649:in `run_test_suites'", "C:/Ruby192/lib/ruby/1.9.1/minitest/unit.rb:609:in `run'", "C:/Ruby192/lib/ruby/1.9.1/minitest/unit.rb:508:in `block in autorun'"]
.No connection could be made because the target machine actively refused it. - connect(2)
["C:/Ruby192/lib/ruby/1.9.1/net/http.rb:644:in `initialize'", "C:/Ruby192/lib/ruby/1.9.1/net/http.rb:644:in `open'", "C:/Ruby192/lib/ruby/1.9.1/net/http.rb:644:in `block in connect'", "C:/Ruby192/lib/ruby/1.9.1/timeout.rb:44:in `timeout'", "C:/Ruby192/lib/ruby/1.9.1/timeout.rb:89:in `timeout'", "C:/Ruby192/lib/ruby/1.9.1/net/http.rb:644:in `connect'", "C:/Ruby192/lib/ruby/1.9.1/net/http.rb:637:in `do_start'", "C:/Ruby192/lib/ruby/1.9.1/net/http.rb:626:in `start'", "C:/Ruby192/lib/ruby/1.9.1/net/http.rb:1168:in `request'", "C:/Ruby192/lib/ruby/gems/1.9.1/gems/selenium-webdriver-2.31.0/lib/selenium/webdriver/remote/http/default.rb:83:in `response_for'", "C:/Ruby192/lib/ruby/gems/1.9.1/gems/selenium-webdriver-2.31.0/lib/selenium/webdriver/remote/http/default.rb:39:in `request'", "C:/Ruby192/lib/ruby/gems/1.9.1/gems/selenium-webdriver-2.31.0/lib/selenium/webdriver/remote/http/common.rb:40:in `call'", "C:/Ruby192/lib/ruby/gems/1.9.1/gems/selenium-webdriver-2.31.0/lib/selenium/webdriver/remote/bridge.rb:616:in `raw_execute'", "C:/Ruby192/lib/ruby/gems/1.9.1/gems/selenium-webdriver-2.31.0/lib/selenium/webdriver/remote/bridge.rb:594:in `execute'", "C:/Ruby192/lib/ruby/gems/1.9.1/gems/selenium-webdriver-2.31.0/lib/selenium/webdriver/remote/bridge.rb:100:in `get'", "C:/Ruby192/lib/ruby/gems/1.9.1/gems/selenium-webdriver-2.31.0/lib/selenium/webdriver/common/navigation.rb:14:in `to'", "C:/Ruby192/lib/ruby/gems/1.9.1/gems/watir-webdriver-0.6.1/lib/watir-webdriver/browser.rb:63:in `goto'", "Test_11_CP_Project.rb:462:in `test_06_project_close'", "C:/Ruby192/lib/ruby/1.9.1/minitest/unit.rb:695:in `run'", "C:/Ruby192/lib/ruby/1.9.1/minitest/unit.rb:656:in `block (2 levels) in run_test_suites'", "C:/Ruby192/lib/ruby/1.9.1/minitest/unit.rb:650:in `each'", "C:/Ruby192/lib/ruby/1.9.1/minitest/unit.rb:650:in `block in run_test_suites'", "C:/Ruby192/lib/ruby/1.9.1/minitest/unit.rb:649:in `each'", "C:/Ruby192/lib/ruby/1.9.1/minitest/unit.rb:649:in `run_test_suites'", "C:/Ruby192/lib/ruby/1.9.1/minitest/unit.rb:609:in `run'", "C:/Ruby192/lib/ruby/1.9.1/minitest/unit.rb:508:in `block in autorun'"]
.
Finished in 304.460956 seconds.

6 tests, 0 assertions, 0 failures, 0 errors, 0 skips

Test run options: --seed 20960
Loaded suite Test_12_CP_rule_processing
Started
.Logged it to Network site
Project created
.Supplier added
.**** 5656 *****
1
0
0
0
0
0
Timeout::Error
["C:/Ruby192/lib/ruby/1.9.1/net/protocol.rb:140:in `rescue in rbuf_fill'", "C:/Ruby192/lib/ruby/1.9.1/net/protocol.rb:134:in `rbuf_fill'", "C:/Ruby192/lib/ruby/1.9.1/net/protocol.rb:116:in `readuntil'", "C:/Ruby192/lib/ruby/1.9.1/net/protocol.rb:126:in `readline'", "C:/Ruby192/lib/ruby/1.9.1/net/http.rb:2219:in `read_status_line'", "C:/Ruby192/lib/ruby/1.9.1/net/http.rb:2208:in `read_new'", "C:/Ruby192/lib/ruby/1.9.1/net/http.rb:1191:in `transport_request'", "C:/Ruby192/lib/ruby/1.9.1/net/http.rb:1177:in `request'", "C:/Ruby192/lib/ruby/1.9.1/net/http.rb:1170:in `block in request'", "C:/Ruby192/lib/ruby/1.9.1/net/http.rb:627:in `start'", "C:/Ruby192/lib/ruby/1.9.1/net/http.rb:1168:in `request'", "C:/Ruby192/lib/ruby/gems/1.9.1/gems/selenium-webdriver-2.31.0/lib/selenium/webdriver/remote/http/default.rb:83:in `response_for'", "C:/Ruby192/lib/ruby/gems/1.9.1/gems/selenium-webdriver-2.31.0/lib/selenium/webdriver/remote/http/default.rb:39:in `request'", "C:/Ruby192/lib/ruby/gems/1.9.1/gems/selenium-webdriver-2.31.0/lib/selenium/webdriver/remote/http/common.rb:40:in `call'", "C:/Ruby192/lib/ruby/gems/1.9.1/gems/selenium-webdriver-2.31.0/lib/selenium/webdriver/remote/bridge.rb:616:in `raw_execute'", "C:/Ruby192/lib/ruby/gems/1.9.1/gems/selenium-webdriver-2.31.0/lib/selenium/webdriver/remote/bridge.rb:594:in `execute'", "C:/Ruby192/lib/ruby/gems/1.9.1/gems/selenium-webdriver-2.31.0/lib/selenium/webdriver/remote/bridge.rb:505:in `getElementText'", "C:/Ruby192/lib/ruby/gems/1.9.1/gems/selenium-webdriver-2.31.0/lib/selenium/webdriver/common/element.rb:108:in `text'", "C:/Ruby192/lib/ruby/gems/1.9.1/gems/watir-webdriver-0.6.1/lib/watir-webdriver/browser.rb:97:in `text'", "Test_12_CP_rule_processing.rb:175:in `test_04_rule_process'", "C:/Ruby192/lib/ruby/1.9.1/minitest/unit.rb:695:in `run'", "C:/Ruby192/lib/ruby/1.9.1/minitest/unit.rb:656:in `block (2 levels) in run_test_suites'", "C:/Ruby192/lib/ruby/1.9.1/minitest/unit.rb:650:in `each'", "C:/Ruby192/lib/ruby/1.9.1/minitest/unit.rb:650:in `block in run_test_suites'", "C:/Ruby192/lib/ruby/1.9.1/minitest/unit.rb:649:in `each'", "C:/Ruby192/lib/ruby/1.9.1/minitest/unit.rb:649:in `run_test_suites'", "C:/Ruby192/lib/ruby/1.9.1/minitest/unit.rb:609:in `run'", "C:/Ruby192/lib/ruby/1.9.1/minitest/unit.rb:508:in `block in autorun'"]
Ebrowser was closed
["C:/Ruby192/lib/ruby/gems/1.9.1/gems/watir-webdriver-0.6.1/lib/watir-webdriver/browser.rb:178:in `assert_exists'", "C:/Ruby192/lib/ruby/gems/1.9.1/gems/watir-webdriver-0.6.1/lib/watir-webdriver/elements/element.rb:383:in `locate'", "C:/Ruby192/lib/ruby/gems/1.9.1/gems/watir-webdriver-0.6.1/lib/watir-webdriver/elements/element.rb:362:in `assert_exists'", "C:/Ruby192/lib/ruby/gems/1.9.1/gems/watir-webdriver-0.6.1/lib/watir-webdriver/elements/element.rb:95:in `click'", "Test_12_CP_rule_processing.rb:442:in `test_05_project_close'", "C:/Ruby192/lib/ruby/1.9.1/minitest/unit.rb:695:in `run'", "C:/Ruby192/lib/ruby/1.9.1/minitest/unit.rb:656:in `block (2 levels) in run_test_suites'", "C:/Ruby192/lib/ruby/1.9.1/minitest/unit.rb:650:in `each'", "C:/Ruby192/lib/ruby/1.9.1/minitest/unit.rb:650:in `block in run_test_suites'", "C:/Ruby192/lib/ruby/1.9.1/minitest/unit.rb:649:in `each'", "C:/Ruby192/lib/ruby/1.9.1/minitest/unit.rb:649:in `run_test_suites'", "C:/Ruby192/lib/ruby/1.9.1/minitest/unit.rb:609:in `run'", "C:/Ruby192/lib/ruby/1.9.1/minitest/unit.rb:508:in `block in autorun'"]
.
Finished in 169.605033 seconds.

  1) Error:
test_04_rule_process(Test_12_CP_Rule_processing):
TypeError: can't convert nil into String
    Test_12_CP_rule_processing.rb:430:in `+'
    Test_12_CP_rule_processing.rb:430:in `rescue in test_04_rule_process'
    Test_12_CP_rule_processing.rb:93:in `test_04_rule_process'

5 tests, 0 assertions, 0 failures, 1 errors, 0 skips

Test run options: --seed 19566
Loaded suite Test_13_Curl_pixel
Started
.Successful Login to Usampadmin
*** PIXEL SETTINGS DONE  ***
.Started InternetExplorerDriver server (32-bit)
2.39.0.0
Listening on port 5555
test string
auto_test.des2014-04-01055257@mailop.com
**** Waiting for surveys to load ****
.auto_test.des2014-04-01055257@mailop.com
Successful Login to ipoll site
121155
linkMTIxMTU1
pass
.Successful Login to Usampadmin
26201
121155
.
Finished in 334.507061 seconds.

5 tests, 0 assertions, 0 failures, 0 errors, 0 skips

Test run options: --seed 49237
Loaded suite Test_14_Traditional_pixel
Started
.Started InternetExplorerDriver server (32-bit)
2.39.0.0
Listening on port 5555
Successful Login to Usampadmin
*** PIXEL SETTINGS DONE  ***
.test string
auto_test.des2014-04-01060023@mailop.com
**** Waiting for surveys to load ****
*** Check Pixels ***
.auto_test.des2014-04-01060023@mailop.com
Successful Login to ipoll site
121155
linkMTIxMTU1
.Started InternetExplorerDriver server (32-bit)
2.39.0.0
Listening on port 5555
Successful Login to Usampadmin
26201
121155
.auto_test.des2014-04-01060023@mailop.com
Successful Login to ipoll site
https://www.p.ipoll.com/profile.php?PrId=81e6ffeed42b6a37c045da4d35fa7943&PrLId=b656998ee46e68cc2b18f7a1f82eec4f
.Started InternetExplorerDriver server (32-bit)
2.39.0.0
Listening on port 5555
Successful Login to Usampadmin
*** PIXEL RESETTINGS DONE  ***
.
Finished in 601.781469 seconds.

7 tests, 0 assertions, 0 failures, 0 errors, 0 skips

Test run options: --seed 33779
Loaded suite Test_16_Reward_creation
Started
.Started InternetExplorerDriver server (32-bit)
2.39.0.0
Listening on port 5555
Successful Login to Usampadmin
Donation_2014-04-01 06:09:17
Don_passed
2090
.Started InternetExplorerDriver server (32-bit)
2.39.0.0
Listening on port 5556
Successful Login to Usampadmin
GIFT_CERT_2014-04-01 06:10:42
Gift_passed
2091
.Donation_2014-04-01 06:09:17
GIFT_CERT_2014-04-01 06:10:42
Successful Login to ipoll site
waiting for rewards1 to load
waiting for rewards2 to load
gift_pl_passed1
Donation
waiting for rewards3 to load
waiting for rewards4 to load
donation_pl_passed3
waiting for surveys5 to load
waiting for rewards6 to load
gift_pl_passed5
waiting for rewards7 to load
donation_pl_passed7
.
Finished in 376.965563 seconds.

4 tests, 0 assertions, 0 failures, 0 errors, 0 skips

Test run options: --seed 27637
Loaded suite Test_17_Member_data_review
Started
.Started InternetExplorerDriver server (32-bit)
2.39.0.0
Listening on port 5555
Successful Login to Usampadmin
26201
121155
QG COPIED
121570
setting on add quota group done... goint to criteria page
MTIxNTcw
MjYyMDEK
p.usampadmin.com/add_quota_group_criteria.php?project_id=MjYyMDEK
&quota_group_id=MTIxNTcw
def02 ends here
.Successful Login to ipoll site
## Waiting for surveys to load ##
linkMTIxNTcw
unable to locate element, using {:id=>"linkMTIxNTcw", :tag_name=>"a"}
["C:/Ruby192/lib/ruby/gems/1.9.1/gems/watir-webdriver-0.6.1/lib/watir-webdriver/elements/element.rb:365:in `assert_exists'", "C:/Ruby192/lib/ruby/gems/1.9.1/gems/watir-webdriver-0.6.1/lib/watir-webdriver/elements/element.rb:95:in `click'", "Test_17_Member_data_review.rb:183:in `test_03_member_data_review'", "C:/Ruby192/lib/ruby/1.9.1/minitest/unit.rb:695:in `run'", "C:/Ruby192/lib/ruby/1.9.1/minitest/unit.rb:656:in `block (2 levels) in run_test_suites'", "C:/Ruby192/lib/ruby/1.9.1/minitest/unit.rb:650:in `each'", "C:/Ruby192/lib/ruby/1.9.1/minitest/unit.rb:650:in `block in run_test_suites'", "C:/Ruby192/lib/ruby/1.9.1/minitest/unit.rb:649:in `each'", "C:/Ruby192/lib/ruby/1.9.1/minitest/unit.rb:649:in `run_test_suites'", "C:/Ruby192/lib/ruby/1.9.1/minitest/unit.rb:609:in `run'", "C:/Ruby192/lib/ruby/1.9.1/minitest/unit.rb:508:in `block in autorun'"]
.Successful Login to ipoll site
## Waiting for surveys to load ##
linkMTIxNTcw
Started InternetExplorerDriver server (32-bit)
2.39.0.0
Listening on port 5555
Successful Login to Usampadmin
<TD>COPIED AUTO TEST SURVEY</TD>
***
<TD>Invalid</TD>
PASS
PASS
.Started InternetExplorerDriver server (32-bit)
2.39.0.0
Listening on port 5555
Successful Login to Usampadmin
26201
121570
.
Finished in 509.681660 seconds.

5 tests, 0 assertions, 0 failures, 0 errors, 0 skips

Test run options: --seed 53955
Loaded suite Test_18_Publisher_bids
Started
.26201
121570
Started InternetExplorerDriver server (32-bit)
2.39.0.0
Listening on port 5555
Successful Login to Usampadmin
Pass
.Logged it to Network site
Pass
.Started InternetExplorerDriver server (32-bit)
2.39.0.0
Listening on port 5555
Successful Login to Usampadmin
Pass
.Started InternetExplorerDriver server (32-bit)
2.39.0.0
Listening on port 5555
Successful Login to Usampadmin
Pass
.Logged it to Network site
Pass
.Started InternetExplorerDriver server (32-bit)
2.39.0.0
Listening on port 5555
Successful Login to Usampadmin
Fail
.
Finished in 385.991786 seconds.

7 tests, 0 assertions, 0 failures, 0 errors, 0 skips

Test run options: --seed 1561
Loaded suite Test_19_Virtual_currency_reflection
Started
.Started InternetExplorerDriver server (32-bit)
2.39.0.0
Listening on port 5555
Successful Login to Usampadmin
Element is not currently visible and so may not be interacted with
["[remote server] file:///C:/DOCUME~1/ADMINI~1/LOCALS~1/Temp/2/webdriver-rb-profilecopy20140401-5096-1flln3o/extensions/fxdriver@googlecode.com/components/command_processor.js:7567:in `unknown'", "[remote server] file:///C:/DOCUME~1/ADMINI~1/LOCALS~1/Temp/2/webdriver-rb-profilecopy20140401-5096-1flln3o/extensions/fxdriver@googlecode.com/components/command_processor.js:10256:in `unknown'", "[remote server] file:///C:/DOCUME~1/ADMINI~1/LOCALS~1/Temp/2/webdriver-rb-profilecopy20140401-5096-1flln3o/extensions/fxdriver@googlecode.com/components/command_processor.js:10275:in `unknown'", "[remote server] file:///C:/DOCUME~1/ADMINI~1/LOCALS~1/Temp/2/webdriver-rb-profilecopy20140401-5096-1flln3o/extensions/fxdriver@googlecode.com/components/command_processor.js:10280:in `unknown'", "[remote server] file:///C:/DOCUME~1/ADMINI~1/LOCALS~1/Temp/2/webdriver-rb-profilecopy20140401-5096-1flln3o/extensions/fxdriver@googlecode.com/components/command_processor.js:10220:in `unknown'", "C:/Ruby192/lib/ruby/gems/1.9.1/gems/selenium-webdriver-2.31.0/lib/selenium/webdriver/remote/response.rb:52:in `assert_ok'", "C:/Ruby192/lib/ruby/gems/1.9.1/gems/selenium-webdriver-2.31.0/lib/selenium/webdriver/remote/response.rb:15:in `initialize'", "C:/Ruby192/lib/ruby/gems/1.9.1/gems/selenium-webdriver-2.31.0/lib/selenium/webdriver/remote/http/common.rb:59:in `new'", "C:/Ruby192/lib/ruby/gems/1.9.1/gems/selenium-webdriver-2.31.0/lib/selenium/webdriver/remote/http/common.rb:59:in `create_response'", "C:/Ruby192/lib/ruby/gems/1.9.1/gems/selenium-webdriver-2.31.0/lib/selenium/webdriver/remote/http/default.rb:66:in `request'", "C:/Ruby192/lib/ruby/gems/1.9.1/gems/selenium-webdriver-2.31.0/lib/selenium/webdriver/remote/http/common.rb:40:in `call'", "C:/Ruby192/lib/ruby/gems/1.9.1/gems/selenium-webdriver-2.31.0/lib/selenium/webdriver/remote/bridge.rb:616:in `raw_execute'", "C:/Ruby192/lib/ruby/gems/1.9.1/gems/selenium-webdriver-2.31.0/lib/selenium/webdriver/remote/bridge.rb:594:in `execute'", "C:/Ruby192/lib/ruby/gems/1.9.1/gems/selenium-webdriver-2.31.0/lib/selenium/webdriver/remote/bridge.rb:413:in `clearElement'", "C:/Ruby192/lib/ruby/gems/1.9.1/gems/selenium-webdriver-2.31.0/lib/selenium/webdriver/common/element.rb:141:in `clear'", "C:/Ruby192/lib/ruby/gems/1.9.1/gems/watir-webdriver-0.6.1/lib/watir-webdriver/user_editable.rb:11:in `set'", "D:/IMPROVED_CODE_AAMIR/Usamp_lib.rb:164:in `Focusline_login'", "Test_19_Virtual_currency_reflection.rb:53:in `test_02_virt_currency_V1'", "C:/Ruby192/lib/ruby/1.9.1/minitest/unit.rb:695:in `run'", "C:/Ruby192/lib/ruby/1.9.1/minitest/unit.rb:656:in `block (2 levels) in run_test_suites'", "C:/Ruby192/lib/ruby/1.9.1/minitest/unit.rb:650:in `each'", "C:/Ruby192/lib/ruby/1.9.1/minitest/unit.rb:650:in `block in run_test_suites'", "C:/Ruby192/lib/ruby/1.9.1/minitest/unit.rb:649:in `each'", "C:/Ruby192/lib/ruby/1.9.1/minitest/unit.rb:649:in `run_test_suites'", "C:/Ruby192/lib/ruby/1.9.1/minitest/unit.rb:609:in `run'", "C:/Ruby192/lib/ruby/1.9.1/minitest/unit.rb:508:in `block in autorun'"]
EStarted InternetExplorerDriver server (32-bit)
2.39.0.0
Listening on port 5556
Successful Login to Usampadmin
Element is not currently visible and so may not be interacted with
["[remote server] file:///C:/DOCUME~1/ADMINI~1/LOCALS~1/Temp/2/webdriver-rb-profilecopy20140401-5096-1tavic5/extensions/fxdriver@googlecode.com/components/command_processor.js:7567:in `unknown'", "[remote server] file:///C:/DOCUME~1/ADMINI~1/LOCALS~1/Temp/2/webdriver-rb-profilecopy20140401-5096-1tavic5/extensions/fxdriver@googlecode.com/components/command_processor.js:10256:in `unknown'", "[remote server] file:///C:/DOCUME~1/ADMINI~1/LOCALS~1/Temp/2/webdriver-rb-profilecopy20140401-5096-1tavic5/extensions/fxdriver@googlecode.com/components/command_processor.js:10275:in `unknown'", "[remote server] file:///C:/DOCUME~1/ADMINI~1/LOCALS~1/Temp/2/webdriver-rb-profilecopy20140401-5096-1tavic5/extensions/fxdriver@googlecode.com/components/command_processor.js:10280:in `unknown'", "[remote server] file:///C:/DOCUME~1/ADMINI~1/LOCALS~1/Temp/2/webdriver-rb-profilecopy20140401-5096-1tavic5/extensions/fxdriver@googlecode.com/components/command_processor.js:10220:in `unknown'", "C:/Ruby192/lib/ruby/gems/1.9.1/gems/selenium-webdriver-2.31.0/lib/selenium/webdriver/remote/response.rb:52:in `assert_ok'", "C:/Ruby192/lib/ruby/gems/1.9.1/gems/selenium-webdriver-2.31.0/lib/selenium/webdriver/remote/response.rb:15:in `initialize'", "C:/Ruby192/lib/ruby/gems/1.9.1/gems/selenium-webdriver-2.31.0/lib/selenium/webdriver/remote/http/common.rb:59:in `new'", "C:/Ruby192/lib/ruby/gems/1.9.1/gems/selenium-webdriver-2.31.0/lib/selenium/webdriver/remote/http/common.rb:59:in `create_response'", "C:/Ruby192/lib/ruby/gems/1.9.1/gems/selenium-webdriver-2.31.0/lib/selenium/webdriver/remote/http/default.rb:66:in `request'", "C:/Ruby192/lib/ruby/gems/1.9.1/gems/selenium-webdriver-2.31.0/lib/selenium/webdriver/remote/http/common.rb:40:in `call'", "C:/Ruby192/lib/ruby/gems/1.9.1/gems/selenium-webdriver-2.31.0/lib/selenium/webdriver/remote/bridge.rb:616:in `raw_execute'", "C:/Ruby192/lib/ruby/gems/1.9.1/gems/selenium-webdriver-2.31.0/lib/selenium/webdriver/remote/bridge.rb:594:in `execute'", "C:/Ruby192/lib/ruby/gems/1.9.1/gems/selenium-webdriver-2.31.0/lib/selenium/webdriver/remote/bridge.rb:413:in `clearElement'", "C:/Ruby192/lib/ruby/gems/1.9.1/gems/selenium-webdriver-2.31.0/lib/selenium/webdriver/common/element.rb:141:in `clear'", "C:/Ruby192/lib/ruby/gems/1.9.1/gems/watir-webdriver-0.6.1/lib/watir-webdriver/user_editable.rb:11:in `set'", "D:/IMPROVED_CODE_AAMIR/Usamp_lib.rb:164:in `Focusline_login'", "Test_19_Virtual_currency_reflection.rb:106:in `test_03_virt_currency_V2'", "C:/Ruby192/lib/ruby/1.9.1/minitest/unit.rb:695:in `run'", "C:/Ruby192/lib/ruby/1.9.1/minitest/unit.rb:656:in `block (2 levels) in run_test_suites'", "C:/Ruby192/lib/ruby/1.9.1/minitest/unit.rb:650:in `each'", "C:/Ruby192/lib/ruby/1.9.1/minitest/unit.rb:650:in `block in run_test_suites'", "C:/Ruby192/lib/ruby/1.9.1/minitest/unit.rb:649:in `each'", "C:/Ruby192/lib/ruby/1.9.1/minitest/unit.rb:649:in `run_test_suites'", "C:/Ruby192/lib/ruby/1.9.1/minitest/unit.rb:609:in `run'", "C:/Ruby192/lib/ruby/1.9.1/minitest/unit.rb:508:in `block in autorun'"]
EStarted InternetExplorerDriver server (32-bit)
2.39.0.0
Listening on port 5557
Successful Login to Usampadmin
.
Finished in 155.127978 seconds.

  1) Error:
test_02_virt_currency_V1(Test_19_Virtual_currency_reflection):
NoMethodError: undefined method `close' for nil:NilClass
    Test_19_Virtual_currency_reflection.rb:81:in `rescue in test_02_virt_currency_V1'
    Test_19_Virtual_currency_reflection.rb:38:in `test_02_virt_currency_V1'

  2) Error:
test_03_virt_currency_V2(Test_19_Virtual_currency_reflection):
NoMethodError: undefined method `close' for nil:NilClass
    Test_19_Virtual_currency_reflection.rb:132:in `rescue in test_03_virt_currency_V2'
    Test_19_Virtual_currency_reflection.rb:93:in `test_03_virt_currency_V2'

4 tests, 0 assertions, 0 failures, 2 errors, 0 skips

Test run options: --seed 64695
Loaded suite Test_20_Custom_reward
Started
.Started InternetExplorerDriver server (32-bit)
2.39.0.0
Listening on port 5555
Successful Login to Usampadmin
Element is not currently visible and so may not be interacted with
["[remote server] file:///C:/DOCUME~1/ADMINI~1/LOCALS~1/Temp/2/webdriver-rb-profilecopy20140401-7628-10jvqgs/extensions/fxdriver@googlecode.com/components/command_processor.js:7567:in `unknown'", "[remote server] file:///C:/DOCUME~1/ADMINI~1/LOCALS~1/Temp/2/webdriver-rb-profilecopy20140401-7628-10jvqgs/extensions/fxdriver@googlecode.com/components/command_processor.js:10256:in `unknown'", "[remote server] file:///C:/DOCUME~1/ADMINI~1/LOCALS~1/Temp/2/webdriver-rb-profilecopy20140401-7628-10jvqgs/extensions/fxdriver@googlecode.com/components/command_processor.js:10275:in `unknown'", "[remote server] file:///C:/DOCUME~1/ADMINI~1/LOCALS~1/Temp/2/webdriver-rb-profilecopy20140401-7628-10jvqgs/extensions/fxdriver@googlecode.com/components/command_processor.js:10280:in `unknown'", "[remote server] file:///C:/DOCUME~1/ADMINI~1/LOCALS~1/Temp/2/webdriver-rb-profilecopy20140401-7628-10jvqgs/extensions/fxdriver@googlecode.com/components/command_processor.js:10220:in `unknown'", "C:/Ruby192/lib/ruby/gems/1.9.1/gems/selenium-webdriver-2.31.0/lib/selenium/webdriver/remote/response.rb:52:in `assert_ok'", "C:/Ruby192/lib/ruby/gems/1.9.1/gems/selenium-webdriver-2.31.0/lib/selenium/webdriver/remote/response.rb:15:in `initialize'", "C:/Ruby192/lib/ruby/gems/1.9.1/gems/selenium-webdriver-2.31.0/lib/selenium/webdriver/remote/http/common.rb:59:in `new'", "C:/Ruby192/lib/ruby/gems/1.9.1/gems/selenium-webdriver-2.31.0/lib/selenium/webdriver/remote/http/common.rb:59:in `create_response'", "C:/Ruby192/lib/ruby/gems/1.9.1/gems/selenium-webdriver-2.31.0/lib/selenium/webdriver/remote/http/default.rb:66:in `request'", "C:/Ruby192/lib/ruby/gems/1.9.1/gems/selenium-webdriver-2.31.0/lib/selenium/webdriver/remote/http/common.rb:40:in `call'", "C:/Ruby192/lib/ruby/gems/1.9.1/gems/selenium-webdriver-2.31.0/lib/selenium/webdriver/remote/bridge.rb:616:in `raw_execute'", "C:/Ruby192/lib/ruby/gems/1.9.1/gems/selenium-webdriver-2.31.0/lib/selenium/webdriver/remote/bridge.rb:594:in `execute'", "C:/Ruby192/lib/ruby/gems/1.9.1/gems/selenium-webdriver-2.31.0/lib/selenium/webdriver/remote/bridge.rb:413:in `clearElement'", "C:/Ruby192/lib/ruby/gems/1.9.1/gems/selenium-webdriver-2.31.0/lib/selenium/webdriver/common/element.rb:141:in `clear'", "C:/Ruby192/lib/ruby/gems/1.9.1/gems/watir-webdriver-0.6.1/lib/watir-webdriver/user_editable.rb:11:in `set'", "D:/IMPROVED_CODE_AAMIR/Usamp_lib.rb:164:in `Focusline_login'", "Test_20_Custom_reward.rb:52:in `test_02_custom_reward'", "C:/Ruby192/lib/ruby/1.9.1/minitest/unit.rb:695:in `run'", "C:/Ruby192/lib/ruby/1.9.1/minitest/unit.rb:656:in `block (2 levels) in run_test_suites'", "C:/Ruby192/lib/ruby/1.9.1/minitest/unit.rb:650:in `each'", "C:/Ruby192/lib/ruby/1.9.1/minitest/unit.rb:650:in `block in run_test_suites'", "C:/Ruby192/lib/ruby/1.9.1/minitest/unit.rb:649:in `each'", "C:/Ruby192/lib/ruby/1.9.1/minitest/unit.rb:649:in `run_test_suites'", "C:/Ruby192/lib/ruby/1.9.1/minitest/unit.rb:609:in `run'", "C:/Ruby192/lib/ruby/1.9.1/minitest/unit.rb:508:in `block in autorun'"]
E
Finished in 56.094827 seconds.

  1) Error:
test_02_custom_reward(Test_20_Custom_reward):
TypeError: can't convert nil into String
    Test_20_Custom_reward.rb:87:in `+'
    Test_20_Custom_reward.rb:87:in `rescue in test_02_custom_reward'
    Test_20_Custom_reward.rb:38:in `test_02_custom_reward'

2 tests, 0 assertions, 0 failures, 1 errors, 0 skips

Test run options: --seed 53389
Loaded suite Test_21_Registration_management
Started
.PASS
"Dikhil" not found in select list
["C:/Ruby192/lib/ruby/gems/1.9.1/gems/watir-webdriver-0.6.1/lib/watir-webdriver/elements/select.rb:216:in `no_value_found'", "C:/Ruby192/lib/ruby/gems/1.9.1/gems/watir-webdriver-0.6.1/lib/watir-webdriver/elements/select.rb:150:in `rescue in select_by_string'", "C:/Ruby192/lib/ruby/gems/1.9.1/gems/watir-webdriver-0.6.1/lib/watir-webdriver/elements/select.rb:147:in `select_by_string'", "C:/Ruby192/lib/ruby/gems/1.9.1/gems/watir-webdriver-0.6.1/lib/watir-webdriver/elements/select.rb:129:in `select_by'", "C:/Ruby192/lib/ruby/gems/1.9.1/gems/watir-webdriver-0.6.1/lib/watir-webdriver/elements/select.rb:64:in `select'", "Test_21_Registration_management.rb:80:in `test_02_signup_with_normal_settings'", "C:/Ruby192/lib/ruby/1.9.1/minitest/unit.rb:695:in `run'", "C:/Ruby192/lib/ruby/1.9.1/minitest/unit.rb:656:in `block (2 levels) in run_test_suites'", "C:/Ruby192/lib/ruby/1.9.1/minitest/unit.rb:650:in `each'", "C:/Ruby192/lib/ruby/1.9.1/minitest/unit.rb:650:in `block in run_test_suites'", "C:/Ruby192/lib/ruby/1.9.1/minitest/unit.rb:649:in `each'", "C:/Ruby192/lib/ruby/1.9.1/minitest/unit.rb:649:in `run_test_suites'", "C:/Ruby192/lib/ruby/1.9.1/minitest/unit.rb:609:in `run'", "C:/Ruby192/lib/ruby/1.9.1/minitest/unit.rb:508:in `block in autorun'"]
.Started InternetExplorerDriver server (32-bit)
2.39.0.0
Listening on port 5555
Successful Login to Usampadmin
PASS
.PASS
"Dikhil" not found in select list
["C:/Ruby192/lib/ruby/gems/1.9.1/gems/watir-webdriver-0.6.1/lib/watir-webdriver/elements/select.rb:216:in `no_value_found'", "C:/Ruby192/lib/ruby/gems/1.9.1/gems/watir-webdriver-0.6.1/lib/watir-webdriver/elements/select.rb:150:in `rescue in select_by_string'", "C:/Ruby192/lib/ruby/gems/1.9.1/gems/watir-webdriver-0.6.1/lib/watir-webdriver/elements/select.rb:147:in `select_by_string'", "C:/Ruby192/lib/ruby/gems/1.9.1/gems/watir-webdriver-0.6.1/lib/watir-webdriver/elements/select.rb:129:in `select_by'", "C:/Ruby192/lib/ruby/gems/1.9.1/gems/watir-webdriver-0.6.1/lib/watir-webdriver/elements/select.rb:64:in `select'", "Test_21_Registration_management.rb:229:in `test_04_check_registration_after_new_settings'", "C:/Ruby192/lib/ruby/1.9.1/minitest/unit.rb:695:in `run'", "C:/Ruby192/lib/ruby/1.9.1/minitest/unit.rb:656:in `block (2 levels) in run_test_suites'", "C:/Ruby192/lib/ruby/1.9.1/minitest/unit.rb:650:in `each'", "C:/Ruby192/lib/ruby/1.9.1/minitest/unit.rb:650:in `block in run_test_suites'", "C:/Ruby192/lib/ruby/1.9.1/minitest/unit.rb:649:in `each'", "C:/Ruby192/lib/ruby/1.9.1/minitest/unit.rb:649:in `run_test_suites'", "C:/Ruby192/lib/ruby/1.9.1/minitest/unit.rb:609:in `run'", "C:/Ruby192/lib/ruby/1.9.1/minitest/unit.rb:508:in `block in autorun'"]
.Started InternetExplorerDriver server (32-bit)
2.39.0.0
Listening on port 5555
Successful Login to Usampadmin
PASS
.
Finished in 145.518419 seconds.

5 tests, 0 assertions, 0 failures, 0 errors, 0 skips

Test run options: --seed 62502
Loaded suite Test_22_Profile_redirection_on_signup
Started
.Successful Login to Usampadmin
"Tier 1 - _uSamp - Casinos & Gambling" not found in select list
["C:/Ruby192/lib/ruby/gems/1.9.1/gems/watir-webdriver-0.6.1/lib/watir-webdriver/elements/select.rb:216:in `no_value_found'", "C:/Ruby192/lib/ruby/gems/1.9.1/gems/watir-webdriver-0.6.1/lib/watir-webdriver/elements/select.rb:150:in `rescue in select_by_string'", "C:/Ruby192/lib/ruby/gems/1.9.1/gems/watir-webdriver-0.6.1/lib/watir-webdriver/elements/select.rb:147:in `select_by_string'", "C:/Ruby192/lib/ruby/gems/1.9.1/gems/watir-webdriver-0.6.1/lib/watir-webdriver/elements/select.rb:129:in `select_by'", "C:/Ruby192/lib/ruby/gems/1.9.1/gems/watir-webdriver-0.6.1/lib/watir-webdriver/elements/select.rb:64:in `select'", "Test_22_Profile_redirection_on_signup.rb:52:in `test_02_prof_redirection'", "C:/Ruby192/lib/ruby/1.9.1/minitest/unit.rb:695:in `run'", "C:/Ruby192/lib/ruby/1.9.1/minitest/unit.rb:656:in `block (2 levels) in run_test_suites'", "C:/Ruby192/lib/ruby/1.9.1/minitest/unit.rb:650:in `each'", "C:/Ruby192/lib/ruby/1.9.1/minitest/unit.rb:650:in `block in run_test_suites'", "C:/Ruby192/lib/ruby/1.9.1/minitest/unit.rb:649:in `each'", "C:/Ruby192/lib/ruby/1.9.1/minitest/unit.rb:649:in `run_test_suites'", "C:/Ruby192/lib/ruby/1.9.1/minitest/unit.rb:609:in `run'", "C:/Ruby192/lib/ruby/1.9.1/minitest/unit.rb:508:in `block in autorun'"]
EStarted InternetExplorerDriver server (32-bit)
2.39.0.0
Listening on port 5555
Successful Login to Usampadmin
Element is not currently visible and so may not be interacted with
["[remote server] file:///C:/DOCUME~1/ADMINI~1/LOCALS~1/Temp/2/webdriver-rb-profilecopy20140401-6052-b5oq9b/extensions/fxdriver@googlecode.com/components/command_processor.js:7567:in `unknown'", "[remote server] file:///C:/DOCUME~1/ADMINI~1/LOCALS~1/Temp/2/webdriver-rb-profilecopy20140401-6052-b5oq9b/extensions/fxdriver@googlecode.com/components/command_processor.js:10256:in `unknown'", "[remote server] file:///C:/DOCUME~1/ADMINI~1/LOCALS~1/Temp/2/webdriver-rb-profilecopy20140401-6052-b5oq9b/extensions/fxdriver@googlecode.com/components/command_processor.js:10275:in `unknown'", "[remote server] file:///C:/DOCUME~1/ADMINI~1/LOCALS~1/Temp/2/webdriver-rb-profilecopy20140401-6052-b5oq9b/extensions/fxdriver@googlecode.com/components/command_processor.js:10280:in `unknown'", "[remote server] file:///C:/DOCUME~1/ADMINI~1/LOCALS~1/Temp/2/webdriver-rb-profilecopy20140401-6052-b5oq9b/extensions/fxdriver@googlecode.com/components/command_processor.js:10220:in `unknown'", "C:/Ruby192/lib/ruby/gems/1.9.1/gems/selenium-webdriver-2.31.0/lib/selenium/webdriver/remote/response.rb:52:in `assert_ok'", "C:/Ruby192/lib/ruby/gems/1.9.1/gems/selenium-webdriver-2.31.0/lib/selenium/webdriver/remote/response.rb:15:in `initialize'", "C:/Ruby192/lib/ruby/gems/1.9.1/gems/selenium-webdriver-2.31.0/lib/selenium/webdriver/remote/http/common.rb:59:in `new'", "C:/Ruby192/lib/ruby/gems/1.9.1/gems/selenium-webdriver-2.31.0/lib/selenium/webdriver/remote/http/common.rb:59:in `create_response'", "C:/Ruby192/lib/ruby/gems/1.9.1/gems/selenium-webdriver-2.31.0/lib/selenium/webdriver/remote/http/default.rb:66:in `request'", "C:/Ruby192/lib/ruby/gems/1.9.1/gems/selenium-webdriver-2.31.0/lib/selenium/webdriver/remote/http/common.rb:40:in `call'", "C:/Ruby192/lib/ruby/gems/1.9.1/gems/selenium-webdriver-2.31.0/lib/selenium/webdriver/remote/bridge.rb:616:in `raw_execute'", "C:/Ruby192/lib/ruby/gems/1.9.1/gems/selenium-webdriver-2.31.0/lib/selenium/webdriver/remote/bridge.rb:594:in `execute'", "C:/Ruby192/lib/ruby/gems/1.9.1/gems/selenium-webdriver-2.31.0/lib/selenium/webdriver/remote/bridge.rb:413:in `clearElement'", "C:/Ruby192/lib/ruby/gems/1.9.1/gems/selenium-webdriver-2.31.0/lib/selenium/webdriver/common/element.rb:141:in `clear'", "C:/Ruby192/lib/ruby/gems/1.9.1/gems/watir-webdriver-0.6.1/lib/watir-webdriver/user_editable.rb:11:in `set'", "Test_22_Profile_redirection_on_signup.rb:197:in `test_03_dashboard_redirection'", "C:/Ruby192/lib/ruby/1.9.1/minitest/unit.rb:695:in `run'", "C:/Ruby192/lib/ruby/1.9.1/minitest/unit.rb:656:in `block (2 levels) in run_test_suites'", "C:/Ruby192/lib/ruby/1.9.1/minitest/unit.rb:650:in `each'", "C:/Ruby192/lib/ruby/1.9.1/minitest/unit.rb:650:in `block in run_test_suites'", "C:/Ruby192/lib/ruby/1.9.1/minitest/unit.rb:649:in `each'", "C:/Ruby192/lib/ruby/1.9.1/minitest/unit.rb:649:in `run_test_suites'", "C:/Ruby192/lib/ruby/1.9.1/minitest/unit.rb:609:in `run'", "C:/Ruby192/lib/ruby/1.9.1/minitest/unit.rb:508:in `block in autorun'"]
.
Finished in 86.720415 seconds.

  1) Error:
test_02_prof_redirection(Test_22_Profile_redirection_on_signup):
NoMethodError: undefined method `close' for nil:NilClass
    Test_22_Profile_redirection_on_signup.rb:135:in `rescue in test_02_prof_redirection'
    Test_22_Profile_redirection_on_signup.rb:42:in `test_02_prof_redirection'

3 tests, 0 assertions, 0 failures, 1 errors, 0 skips

Test run options: --seed 53016
Loaded suite Test_23_Request_cash_out
Started
.GIFT_CERT_2014-04-01 06:10:42
Successful Login to ipoll site
unable to locate element, using {:name=>"btnCashOut", :tag_name=>"button"}
["C:/Ruby192/lib/ruby/gems/1.9.1/gems/watir-webdriver-0.6.1/lib/watir-webdriver/elements/element.rb:365:in `assert_exists'", "C:/Ruby192/lib/ruby/gems/1.9.1/gems/watir-webdriver-0.6.1/lib/watir-webdriver/elements/element.rb:95:in `click'", "Test_23_Request_cash_out.rb:63:in `test_02_request_gift_cert'", "C:/Ruby192/lib/ruby/1.9.1/minitest/unit.rb:695:in `run'", "C:/Ruby192/lib/ruby/1.9.1/minitest/unit.rb:656:in `block (2 levels) in run_test_suites'", "C:/Ruby192/lib/ruby/1.9.1/minitest/unit.rb:650:in `each'", "C:/Ruby192/lib/ruby/1.9.1/minitest/unit.rb:650:in `block in run_test_suites'", "C:/Ruby192/lib/ruby/1.9.1/minitest/unit.rb:649:in `each'", "C:/Ruby192/lib/ruby/1.9.1/minitest/unit.rb:649:in `run_test_suites'", "C:/Ruby192/lib/ruby/1.9.1/minitest/unit.rb:609:in `run'", "C:/Ruby192/lib/ruby/1.9.1/minitest/unit.rb:508:in `block in autorun'"]
EDonation_2014-04-01 06:09:17
Successful Login to ipoll site
Pass
.Donation_2014-04-01 06:09:17
GIFT_CERT_2014-04-01 06:10:42
Successful Login to ipoll site
.GIFT_CERT_2014-04-01 06:10:42
Successful Login to ipoll site
unable to locate element, using {:id=>"btnCashOut", :tag_name=>"button"}
["C:/Ruby192/lib/ruby/gems/1.9.1/gems/watir-webdriver-0.6.1/lib/watir-webdriver/elements/element.rb:365:in `assert_exists'", "C:/Ruby192/lib/ruby/gems/1.9.1/gems/watir-webdriver-0.6.1/lib/watir-webdriver/elements/element.rb:95:in `click'", "Test_23_Request_cash_out.rb:245:in `test_05_request_gift_cert_for_rejection_later'", "C:/Ruby192/lib/ruby/1.9.1/minitest/unit.rb:695:in `run'", "C:/Ruby192/lib/ruby/1.9.1/minitest/unit.rb:656:in `block (2 levels) in run_test_suites'", "C:/Ruby192/lib/ruby/1.9.1/minitest/unit.rb:650:in `each'", "C:/Ruby192/lib/ruby/1.9.1/minitest/unit.rb:650:in `block in run_test_suites'", "C:/Ruby192/lib/ruby/1.9.1/minitest/unit.rb:649:in `each'", "C:/Ruby192/lib/ruby/1.9.1/minitest/unit.rb:649:in `run_test_suites'", "C:/Ruby192/lib/ruby/1.9.1/minitest/unit.rb:609:in `run'", "C:/Ruby192/lib/ruby/1.9.1/minitest/unit.rb:508:in `block in autorun'"]
.Donation_2014-04-01 06:09:17
Successful Login to ipoll site
unable to locate element, using {:id=>"btnCashOut", :tag_name=>"button"}
["C:/Ruby192/lib/ruby/gems/1.9.1/gems/watir-webdriver-0.6.1/lib/watir-webdriver/elements/element.rb:365:in `assert_exists'", "C:/Ruby192/lib/ruby/gems/1.9.1/gems/watir-webdriver-0.6.1/lib/watir-webdriver/elements/element.rb:95:in `click'", "Test_23_Request_cash_out.rb:287:in `test_06_request_donation_for_rejection_later'", "C:/Ruby192/lib/ruby/1.9.1/minitest/unit.rb:695:in `run'", "C:/Ruby192/lib/ruby/1.9.1/minitest/unit.rb:656:in `block (2 levels) in run_test_suites'", "C:/Ruby192/lib/ruby/1.9.1/minitest/unit.rb:650:in `each'", "C:/Ruby192/lib/ruby/1.9.1/minitest/unit.rb:650:in `block in run_test_suites'", "C:/Ruby192/lib/ruby/1.9.1/minitest/unit.rb:649:in `each'", "C:/Ruby192/lib/ruby/1.9.1/minitest/unit.rb:649:in `run_test_suites'", "C:/Ruby192/lib/ruby/1.9.1/minitest/unit.rb:609:in `run'", "C:/Ruby192/lib/ruby/1.9.1/minitest/unit.rb:508:in `block in autorun'"]
.
Finished in 413.789194 seconds.

  1) Error:
test_02_request_gift_cert(Test_23_Request_cash_out):
TypeError: can't convert nil into String
    Test_23_Request_cash_out.rb:83:in `+'
    Test_23_Request_cash_out.rb:83:in `rescue in test_02_request_gift_cert'
    Test_23_Request_cash_out.rb:44:in `test_02_request_gift_cert'

6 tests, 0 assertions, 0 failures, 1 errors, 0 skips

Test run options: --seed 22646
Loaded suite Test_24_Survey_redirection
Started
.Started InternetExplorerDriver server (32-bit)
2.39.0.0
Listening on port 5555
Successful Login to Usampadmin
26201
121155
.Started InternetExplorerDriver server (32-bit)
2.39.0.0
Listening on port 5556
Successful Login to Usampadmin
.Element is not currently visible and so may not be interacted with
["[remote server] file:///C:/DOCUME~1/ADMINI~1/LOCALS~1/Temp/2/webdriver-rb-profilecopy20140401-7784-1t65xbv/extensions/fxdriver@googlecode.com/components/command_processor.js:7567:in `unknown'", "[remote server] file:///C:/DOCUME~1/ADMINI~1/LOCALS~1/Temp/2/webdriver-rb-profilecopy20140401-7784-1t65xbv/extensions/fxdriver@googlecode.com/components/command_processor.js:10256:in `unknown'", "[remote server] file:///C:/DOCUME~1/ADMINI~1/LOCALS~1/Temp/2/webdriver-rb-profilecopy20140401-7784-1t65xbv/extensions/fxdriver@googlecode.com/components/command_processor.js:10275:in `unknown'", "[remote server] file:///C:/DOCUME~1/ADMINI~1/LOCALS~1/Temp/2/webdriver-rb-profilecopy20140401-7784-1t65xbv/extensions/fxdriver@googlecode.com/components/command_processor.js:10280:in `unknown'", "[remote server] file:///C:/DOCUME~1/ADMINI~1/LOCALS~1/Temp/2/webdriver-rb-profilecopy20140401-7784-1t65xbv/extensions/fxdriver@googlecode.com/components/command_processor.js:10220:in `unknown'", "C:/Ruby192/lib/ruby/gems/1.9.1/gems/selenium-webdriver-2.31.0/lib/selenium/webdriver/remote/response.rb:52:in `assert_ok'", "C:/Ruby192/lib/ruby/gems/1.9.1/gems/selenium-webdriver-2.31.0/lib/selenium/webdriver/remote/response.rb:15:in `initialize'", "C:/Ruby192/lib/ruby/gems/1.9.1/gems/selenium-webdriver-2.31.0/lib/selenium/webdriver/remote/http/common.rb:59:in `new'", "C:/Ruby192/lib/ruby/gems/1.9.1/gems/selenium-webdriver-2.31.0/lib/selenium/webdriver/remote/http/common.rb:59:in `create_response'", "C:/Ruby192/lib/ruby/gems/1.9.1/gems/selenium-webdriver-2.31.0/lib/selenium/webdriver/remote/http/default.rb:66:in `request'", "C:/Ruby192/lib/ruby/gems/1.9.1/gems/selenium-webdriver-2.31.0/lib/selenium/webdriver/remote/http/common.rb:40:in `call'", "C:/Ruby192/lib/ruby/gems/1.9.1/gems/selenium-webdriver-2.31.0/lib/selenium/webdriver/remote/bridge.rb:616:in `raw_execute'", "C:/Ruby192/lib/ruby/gems/1.9.1/gems/selenium-webdriver-2.31.0/lib/selenium/webdriver/remote/bridge.rb:594:in `execute'", "C:/Ruby192/lib/ruby/gems/1.9.1/gems/selenium-webdriver-2.31.0/lib/selenium/webdriver/remote/bridge.rb:413:in `clearElement'", "C:/Ruby192/lib/ruby/gems/1.9.1/gems/selenium-webdriver-2.31.0/lib/selenium/webdriver/common/element.rb:141:in `clear'", "C:/Ruby192/lib/ruby/gems/1.9.1/gems/watir-webdriver-0.6.1/lib/watir-webdriver/user_editable.rb:11:in `set'", "D:/IMPROVED_CODE_AAMIR/Usamp_lib.rb:164:in `Focusline_login'", "Test_24_Survey_redirection.rb:131:in `test_04_std_redirection'", "C:/Ruby192/lib/ruby/1.9.1/minitest/unit.rb:695:in `run'", "C:/Ruby192/lib/ruby/1.9.1/minitest/unit.rb:656:in `block (2 levels) in run_test_suites'", "C:/Ruby192/lib/ruby/1.9.1/minitest/unit.rb:650:in `each'", "C:/Ruby192/lib/ruby/1.9.1/minitest/unit.rb:650:in `block in run_test_suites'", "C:/Ruby192/lib/ruby/1.9.1/minitest/unit.rb:649:in `each'", "C:/Ruby192/lib/ruby/1.9.1/minitest/unit.rb:649:in `run_test_suites'", "C:/Ruby192/lib/ruby/1.9.1/minitest/unit.rb:609:in `run'", "C:/Ruby192/lib/ruby/1.9.1/minitest/unit.rb:508:in `block in autorun'"]
EStarted InternetExplorerDriver server (32-bit)
2.39.0.0
Listening on port 5555
Successful Login to Usampadmin
.Element is not currently visible and so may not be interacted with
["[remote server] file:///C:/DOCUME~1/ADMINI~1/LOCALS~1/Temp/2/webdriver-rb-profilecopy20140401-7784-b8gicr/extensions/fxdriver@googlecode.com/components/command_processor.js:7567:in `unknown'", "[remote server] file:///C:/DOCUME~1/ADMINI~1/LOCALS~1/Temp/2/webdriver-rb-profilecopy20140401-7784-b8gicr/extensions/fxdriver@googlecode.com/components/command_processor.js:10256:in `unknown'", "[remote server] file:///C:/DOCUME~1/ADMINI~1/LOCALS~1/Temp/2/webdriver-rb-profilecopy20140401-7784-b8gicr/extensions/fxdriver@googlecode.com/components/command_processor.js:10275:in `unknown'", "[remote server] file:///C:/DOCUME~1/ADMINI~1/LOCALS~1/Temp/2/webdriver-rb-profilecopy20140401-7784-b8gicr/extensions/fxdriver@googlecode.com/components/command_processor.js:10280:in `unknown'", "[remote server] file:///C:/DOCUME~1/ADMINI~1/LOCALS~1/Temp/2/webdriver-rb-profilecopy20140401-7784-b8gicr/extensions/fxdriver@googlecode.com/components/command_processor.js:10220:in `unknown'", "C:/Ruby192/lib/ruby/gems/1.9.1/gems/selenium-webdriver-2.31.0/lib/selenium/webdriver/remote/response.rb:52:in `assert_ok'", "C:/Ruby192/lib/ruby/gems/1.9.1/gems/selenium-webdriver-2.31.0/lib/selenium/webdriver/remote/response.rb:15:in `initialize'", "C:/Ruby192/lib/ruby/gems/1.9.1/gems/selenium-webdriver-2.31.0/lib/selenium/webdriver/remote/http/common.rb:59:in `new'", "C:/Ruby192/lib/ruby/gems/1.9.1/gems/selenium-webdriver-2.31.0/lib/selenium/webdriver/remote/http/common.rb:59:in `create_response'", "C:/Ruby192/lib/ruby/gems/1.9.1/gems/selenium-webdriver-2.31.0/lib/selenium/webdriver/remote/http/default.rb:66:in `request'", "C:/Ruby192/lib/ruby/gems/1.9.1/gems/selenium-webdriver-2.31.0/lib/selenium/webdriver/remote/http/common.rb:40:in `call'", "C:/Ruby192/lib/ruby/gems/1.9.1/gems/selenium-webdriver-2.31.0/lib/selenium/webdriver/remote/bridge.rb:616:in `raw_execute'", "C:/Ruby192/lib/ruby/gems/1.9.1/gems/selenium-webdriver-2.31.0/lib/selenium/webdriver/remote/bridge.rb:594:in `execute'", "C:/Ruby192/lib/ruby/gems/1.9.1/gems/selenium-webdriver-2.31.0/lib/selenium/webdriver/remote/bridge.rb:413:in `clearElement'", "C:/Ruby192/lib/ruby/gems/1.9.1/gems/selenium-webdriver-2.31.0/lib/selenium/webdriver/common/element.rb:141:in `clear'", "C:/Ruby192/lib/ruby/gems/1.9.1/gems/watir-webdriver-0.6.1/lib/watir-webdriver/user_editable.rb:11:in `set'", "D:/IMPROVED_CODE_AAMIR/Usamp_lib.rb:164:in `Focusline_login'", "Test_24_Survey_redirection.rb:203:in `test_06_iframe_redirection'", "C:/Ruby192/lib/ruby/1.9.1/minitest/unit.rb:695:in `run'", "C:/Ruby192/lib/ruby/1.9.1/minitest/unit.rb:656:in `block (2 levels) in run_test_suites'", "C:/Ruby192/lib/ruby/1.9.1/minitest/unit.rb:650:in `each'", "C:/Ruby192/lib/ruby/1.9.1/minitest/unit.rb:650:in `block in run_test_suites'", "C:/Ruby192/lib/ruby/1.9.1/minitest/unit.rb:649:in `each'", "C:/Ruby192/lib/ruby/1.9.1/minitest/unit.rb:649:in `run_test_suites'", "C:/Ruby192/lib/ruby/1.9.1/minitest/unit.rb:609:in `run'", "C:/Ruby192/lib/ruby/1.9.1/minitest/unit.rb:508:in `block in autorun'"]
EStarted InternetExplorerDriver server (32-bit)
2.39.0.0
Listening on port 5555
Successful Login to Usampadmin
.Started InternetExplorerDriver server (32-bit)
2.39.0.0
Listening on port 5555
Successful Login to Usampadmin
26201
121155
.
Finished in 324.287476 seconds.

  1) Error:
test_04_std_redirection(Test_24_Survey_redirection):
TypeError: can't convert nil into String
    Test_24_Survey_redirection.rb:166:in `+'
    Test_24_Survey_redirection.rb:166:in `rescue in test_04_std_redirection'
    Test_24_Survey_redirection.rb:128:in `test_04_std_redirection'

  2) Error:
test_06_iframe_redirection(Test_24_Survey_redirection):
NoMethodError: undefined method `close' for nil:NilClass
    Test_24_Survey_redirection.rb:237:in `rescue in test_06_iframe_redirection'
    Test_24_Survey_redirection.rb:202:in `test_06_iframe_redirection'

8 tests, 0 assertions, 0 failures, 2 errors, 0 skips

Test run options: --seed 31489
Loaded suite Test_27_Dashboard_on_off
Started
.121155
Started InternetExplorerDriver server (32-bit)
2.39.0.0
Listening on port 5555
Successful Login to Usampadmin
Successful Login to ipoll site
OFF: PASSED
.121155
Started InternetExplorerDriver server (32-bit)
2.39.0.0
Listening on port 5555
Successful Login to Usampadmin
Successful Login to ipoll site
Timeout::Error
["C:/Ruby192/lib/ruby/1.9.1/net/protocol.rb:140:in `rescue in rbuf_fill'", "C:/Ruby192/lib/ruby/1.9.1/net/protocol.rb:134:in `rbuf_fill'", "C:/Ruby192/lib/ruby/1.9.1/net/protocol.rb:116:in `readuntil'", "C:/Ruby192/lib/ruby/1.9.1/net/protocol.rb:126:in `readline'", "C:/Ruby192/lib/ruby/1.9.1/net/http.rb:2219:in `read_status_line'", "C:/Ruby192/lib/ruby/1.9.1/net/http.rb:2208:in `read_new'", "C:/Ruby192/lib/ruby/1.9.1/net/http.rb:1191:in `transport_request'", "C:/Ruby192/lib/ruby/1.9.1/net/http.rb:1177:in `request'", "C:/Ruby192/lib/ruby/1.9.1/net/http.rb:1170:in `block in request'", "C:/Ruby192/lib/ruby/1.9.1/net/http.rb:627:in `start'", "C:/Ruby192/lib/ruby/1.9.1/net/http.rb:1168:in `request'", "C:/Ruby192/lib/ruby/gems/1.9.1/gems/selenium-webdriver-2.31.0/lib/selenium/webdriver/remote/http/default.rb:83:in `response_for'", "C:/Ruby192/lib/ruby/gems/1.9.1/gems/selenium-webdriver-2.31.0/lib/selenium/webdriver/remote/http/default.rb:39:in `request'", "C:/Ruby192/lib/ruby/gems/1.9.1/gems/selenium-webdriver-2.31.0/lib/selenium/webdriver/remote/http/common.rb:40:in `call'", "C:/Ruby192/lib/ruby/gems/1.9.1/gems/selenium-webdriver-2.31.0/lib/selenium/webdriver/remote/bridge.rb:616:in `raw_execute'", "C:/Ruby192/lib/ruby/gems/1.9.1/gems/selenium-webdriver-2.31.0/lib/selenium/webdriver/remote/bridge.rb:594:in `execute'", "C:/Ruby192/lib/ruby/gems/1.9.1/gems/selenium-webdriver-2.31.0/lib/selenium/webdriver/remote/bridge.rb:505:in `getElementText'", "C:/Ruby192/lib/ruby/gems/1.9.1/gems/selenium-webdriver-2.31.0/lib/selenium/webdriver/common/element.rb:108:in `text'", "C:/Ruby192/lib/ruby/gems/1.9.1/gems/watir-webdriver-0.6.1/lib/watir-webdriver/browser.rb:97:in `text'", "Test_27_Dashboard_on_off.rb:120:in `test_03_dash_on'", "C:/Ruby192/lib/ruby/1.9.1/minitest/unit.rb:695:in `run'", "C:/Ruby192/lib/ruby/1.9.1/minitest/unit.rb:656:in `block (2 levels) in run_test_suites'", "C:/Ruby192/lib/ruby/1.9.1/minitest/unit.rb:650:in `each'", "C:/Ruby192/lib/ruby/1.9.1/minitest/unit.rb:650:in `block in run_test_suites'", "C:/Ruby192/lib/ruby/1.9.1/minitest/unit.rb:649:in `each'", "C:/Ruby192/lib/ruby/1.9.1/minitest/unit.rb:649:in `run_test_suites'", "C:/Ruby192/lib/ruby/1.9.1/minitest/unit.rb:609:in `run'", "C:/Ruby192/lib/ruby/1.9.1/minitest/unit.rb:508:in `block in autorun'"]
.
Finished in 247.879759 seconds.

3 tests, 0 assertions, 0 failures, 0 errors, 0 skips

Test run options: --seed 8930
Loaded suite Test_28_Disable_pub_account
Started
.Started InternetExplorerDriver server (32-bit)
2.39.0.0
Listening on port 5555
Successful Login to Usampadmin
Pass
.Pass
.Pass
.Sorry! System Failed to login to Network site
Pass
.121155
Pass
.Started InternetExplorerDriver server (32-bit)
2.39.0.0
Listening on port 5555
Successful Login to Usampadmin
Pass
.Pass
.Pass
.Logged it to Network site
Pass
.121155
Pass
.
Finished in 308.693426 seconds.

11 tests, 0 assertions, 0 failures, 0 errors, 0 skips

Test run options: --seed 18213
Loaded suite Test_29_Enable_disable_queue2
Started
.Started InternetExplorerDriver server (32-bit)
2.39.0.0
Listening on port 5555
Successful Login to Usampadmin
Q2:Enabled
.https://www.p.ipoll.com/queue2.php
PASS
.Started InternetExplorerDriver server (32-bit)
2.39.0.0
Listening on port 5555
Successful Login to Usampadmin
The xpath expression './/input[@id='chbAllowQ2' and @type='checkbox']' cannot be evaluated or does notresult in a WebElement
["C:/Ruby192/lib/ruby/gems/1.9.1/gems/selenium-webdriver-2.31.0/lib/selenium/webdriver/remote/response.rb:52:in `assert_ok'", "C:/Ruby192/lib/ruby/gems/1.9.1/gems/selenium-webdriver-2.31.0/lib/selenium/webdriver/remote/response.rb:15:in `initialize'", "C:/Ruby192/lib/ruby/gems/1.9.1/gems/selenium-webdriver-2.31.0/lib/selenium/webdriver/remote/http/common.rb:59:in `new'", "C:/Ruby192/lib/ruby/gems/1.9.1/gems/selenium-webdriver-2.31.0/lib/selenium/webdriver/remote/http/common.rb:59:in `create_response'", "C:/Ruby192/lib/ruby/gems/1.9.1/gems/selenium-webdriver-2.31.0/lib/selenium/webdriver/remote/http/default.rb:66:in `request'", "C:/Ruby192/lib/ruby/gems/1.9.1/gems/selenium-webdriver-2.31.0/lib/selenium/webdriver/remote/http/common.rb:40:in `call'", "C:/Ruby192/lib/ruby/gems/1.9.1/gems/selenium-webdriver-2.31.0/lib/selenium/webdriver/remote/bridge.rb:616:in `raw_execute'", "C:/Ruby192/lib/ruby/gems/1.9.1/gems/selenium-webdriver-2.31.0/lib/selenium/webdriver/remote/bridge.rb:594:in `execute'", "C:/Ruby192/lib/ruby/gems/1.9.1/gems/selenium-webdriver-2.31.0/lib/selenium/webdriver/remote/bridge.rb:562:in `find_element_by'", "C:/Ruby192/lib/ruby/gems/1.9.1/gems/selenium-webdriver-2.31.0/lib/selenium/webdriver/common/search_context.rb:42:in `find_element'", "C:/Ruby192/lib/ruby/gems/1.9.1/gems/watir-webdriver-0.6.1/lib/watir-webdriver/locators/element_locator.rb:85:in `find_first_by_multiple'", "C:/Ruby192/lib/ruby/gems/1.9.1/gems/watir-webdriver-0.6.1/lib/watir-webdriver/locators/element_locator.rb:32:in `locate'", "C:/Ruby192/lib/ruby/gems/1.9.1/gems/watir-webdriver-0.6.1/lib/watir-webdriver/elements/element.rb:384:in `locate'", "C:/Ruby192/lib/ruby/gems/1.9.1/gems/watir-webdriver-0.6.1/lib/watir-webdriver/elements/element.rb:362:in `assert_exists'", "C:/Ruby192/lib/ruby/gems/1.9.1/gems/watir-webdriver-0.6.1/lib/watir-webdriver/elements/checkbox.rb:35:in `set?'", "Test_29_Enable_disable_queue2.rb:148:in `test_04_disable_q2'", "C:/Ruby192/lib/ruby/1.9.1/minitest/unit.rb:695:in `run'", "C:/Ruby192/lib/ruby/1.9.1/minitest/unit.rb:656:in `block (2 levels) in run_test_suites'", "C:/Ruby192/lib/ruby/1.9.1/minitest/unit.rb:650:in `each'", "C:/Ruby192/lib/ruby/1.9.1/minitest/unit.rb:650:in `block in run_test_suites'", "C:/Ruby192/lib/ruby/1.9.1/minitest/unit.rb:649:in `each'", "C:/Ruby192/lib/ruby/1.9.1/minitest/unit.rb:649:in `run_test_suites'", "C:/Ruby192/lib/ruby/1.9.1/minitest/unit.rb:609:in `run'", "C:/Ruby192/lib/ruby/1.9.1/minitest/unit.rb:508:in `block in autorun'"]
.https://www.p.ipoll.com/queue2.php
PASS
.
Finished in 163.815645 seconds.

5 tests, 0 assertions, 0 failures, 0 errors, 0 skips

Test run options: --seed 56390
Loaded suite Test_30_External_prescreener
Started
.Started InternetExplorerDriver server (32-bit)
2.39.0.0
Listening on port 5555
Successful Login to Usampadmin
26201
121155
MjYyMDEK
MTIxMTU1
.Started InternetExplorerDriver server (32-bit)
2.39.0.0
Listening on port 5555
Successful Login to Usampadmin
26201
121155
MjYyMDEK
MTIxMTU1
{:title=>"Welcome Back! Survey is closed"}
["C:/Ruby192/lib/ruby/gems/1.9.1/gems/watir-webdriver-0.6.1/lib/watir-webdriver/window.rb:122:in `locate'", "C:/Ruby192/lib/ruby/gems/1.9.1/gems/watir-webdriver-0.6.1/lib/watir-webdriver/window.rb:106:in `handle'", "C:/Ruby192/lib/ruby/gems/1.9.1/gems/watir-webdriver-0.6.1/lib/watir-webdriver/window.rb:99:in `use'", "Test_30_External_prescreener.rb:139:in `test_03_presurvey_complete'", "C:/Ruby192/lib/ruby/1.9.1/minitest/unit.rb:695:in `run'", "C:/Ruby192/lib/ruby/1.9.1/minitest/unit.rb:656:in `block (2 levels) in run_test_suites'", "C:/Ruby192/lib/ruby/1.9.1/minitest/unit.rb:650:in `each'", "C:/Ruby192/lib/ruby/1.9.1/minitest/unit.rb:650:in `block in run_test_suites'", "C:/Ruby192/lib/ruby/1.9.1/minitest/unit.rb:649:in `each'", "C:/Ruby192/lib/ruby/1.9.1/minitest/unit.rb:649:in `run_test_suites'", "C:/Ruby192/lib/ruby/1.9.1/minitest/unit.rb:609:in `run'", "C:/Ruby192/lib/ruby/1.9.1/minitest/unit.rb:508:in `block in autorun'"]
.Started InternetExplorerDriver server (32-bit)
2.39.0.0
Listening on port 5556
Successful Login to Usampadmin
26201
121155
MjYyMDEK
MTIxMTU1
{:title=>"Welcome Back! Survey is closed"}
["C:/Ruby192/lib/ruby/gems/1.9.1/gems/watir-webdriver-0.6.1/lib/watir-webdriver/window.rb:122:in `locate'", "C:/Ruby192/lib/ruby/gems/1.9.1/gems/watir-webdriver-0.6.1/lib/watir-webdriver/window.rb:106:in `handle'", "C:/Ruby192/lib/ruby/gems/1.9.1/gems/watir-webdriver-0.6.1/lib/watir-webdriver/window.rb:99:in `use'", "Test_30_External_prescreener.rb:230:in `test_04_presurvey_fail'", "C:/Ruby192/lib/ruby/1.9.1/minitest/unit.rb:695:in `run'", "C:/Ruby192/lib/ruby/1.9.1/minitest/unit.rb:656:in `block (2 levels) in run_test_suites'", "C:/Ruby192/lib/ruby/1.9.1/minitest/unit.rb:650:in `each'", "C:/Ruby192/lib/ruby/1.9.1/minitest/unit.rb:650:in `block in run_test_suites'", "C:/Ruby192/lib/ruby/1.9.1/minitest/unit.rb:649:in `each'", "C:/Ruby192/lib/ruby/1.9.1/minitest/unit.rb:649:in `run_test_suites'", "C:/Ruby192/lib/ruby/1.9.1/minitest/unit.rb:609:in `run'", "C:/Ruby192/lib/ruby/1.9.1/minitest/unit.rb:508:in `block in autorun'"]
.Started InternetExplorerDriver server (32-bit)
2.39.0.0
Listening on port 5555
Successful Login to Usampadmin
26201
121155
MjYyMDEK
MTIxMTU1
.
Finished in 223.113659 seconds.

5 tests, 0 assertions, 0 failures, 0 errors, 0 skips

Test run options: --seed 52048
Loaded suite Test_31_Merge_field_survey_url
Started
.Started InternetExplorerDriver server (32-bit)
2.39.0.0
Listening on port 5555
Successful Login to Usampadmin
26201
121155
MjYyMDEK
MTIxMTU1
.Successful Login to ipoll site
121155
linkMTIxMTU1
unable to locate element, using {:id=>"linkMTIxMTU1", :tag_name=>"a"}
["C:/Ruby192/lib/ruby/gems/1.9.1/gems/watir-webdriver-0.6.1/lib/watir-webdriver/elements/element.rb:365:in `assert_exists'", "C:/Ruby192/lib/ruby/gems/1.9.1/gems/watir-webdriver-0.6.1/lib/watir-webdriver/elements/element.rb:95:in `click'", "Test_31_Merge_field_survey_url.rb:96:in `test_03_check_merge_fields'", "C:/Ruby192/lib/ruby/1.9.1/minitest/unit.rb:695:in `run'", "C:/Ruby192/lib/ruby/1.9.1/minitest/unit.rb:656:in `block (2 levels) in run_test_suites'", "C:/Ruby192/lib/ruby/1.9.1/minitest/unit.rb:650:in `each'", "C:/Ruby192/lib/ruby/1.9.1/minitest/unit.rb:650:in `block in run_test_suites'", "C:/Ruby192/lib/ruby/1.9.1/minitest/unit.rb:649:in `each'", "C:/Ruby192/lib/ruby/1.9.1/minitest/unit.rb:649:in `run_test_suites'", "C:/Ruby192/lib/ruby/1.9.1/minitest/unit.rb:609:in `run'", "C:/Ruby192/lib/ruby/1.9.1/minitest/unit.rb:508:in `block in autorun'"]
EStarted InternetExplorerDriver server (32-bit)
2.39.0.0
Listening on port 5555
Successful Login to Usampadmin
26201
121155
MjYyMDEK
MTIxMTU1
.
Finished in 189.660703 seconds.

  1) Error:
test_03_check_merge_fields(Test_31_Merge_field_survey_url):
TypeError: can't convert nil into String
    Test_31_Merge_field_survey_url.rb:131:in `+'
    Test_31_Merge_field_survey_url.rb:131:in `rescue in test_03_check_merge_fields'
    Test_31_Merge_field_survey_url.rb:82:in `test_03_check_merge_fields'

4 tests, 0 assertions, 0 failures, 1 errors, 0 skips

Test run options: --seed 25029
Loaded suite Test_33_Custom_homepage_render
Started
.Started InternetExplorerDriver server (32-bit)
2.39.0.0
Listening on port 5555
Successful Login to Usampadmin
Config settings saved
.FAIL
.Started InternetExplorerDriver server (32-bit)
2.39.0.0
Listening on port 5555
Successful Login to Usampadmin
.
Finished in 120.535107 seconds.

4 tests, 0 assertions, 0 failures, 0 errors, 0 skips

Test run options: --seed 48351
Loaded suite Test_34_Add_publisher
Started
.Started InternetExplorerDriver server (32-bit)
2.39.0.0
Listening on port 5555
Successful Login to Usampadmin
Pass
.Successful Login to Usampadmin
TEST AUTO PUB_1650
PU2255
unable to locate element, using {:name=>"optCountryId[]", :tag_name=>"select"}
["C:/Ruby192/lib/ruby/gems/1.9.1/gems/watir-webdriver-0.6.1/lib/watir-webdriver/elements/element.rb:365:in `assert_exists'", "C:/Ruby192/lib/ruby/gems/1.9.1/gems/watir-webdriver-0.6.1/lib/watir-webdriver/elements/select.rb:125:in `select_by'", "C:/Ruby192/lib/ruby/gems/1.9.1/gems/watir-webdriver-0.6.1/lib/watir-webdriver/elements/select.rb:64:in `select'", "Test_34_Add_publisher.rb:136:in `test_03_search_pub'", "C:/Ruby192/lib/ruby/1.9.1/minitest/unit.rb:695:in `run'", "C:/Ruby192/lib/ruby/1.9.1/minitest/unit.rb:656:in `block (2 levels) in run_test_suites'", "C:/Ruby192/lib/ruby/1.9.1/minitest/unit.rb:650:in `each'", "C:/Ruby192/lib/ruby/1.9.1/minitest/unit.rb:650:in `block in run_test_suites'", "C:/Ruby192/lib/ruby/1.9.1/minitest/unit.rb:649:in `each'", "C:/Ruby192/lib/ruby/1.9.1/minitest/unit.rb:649:in `run_test_suites'", "C:/Ruby192/lib/ruby/1.9.1/minitest/unit.rb:609:in `run'", "C:/Ruby192/lib/ruby/1.9.1/minitest/unit.rb:508:in `block in autorun'"]
.
Finished in 145.864042 seconds.

3 tests, 0 assertions, 0 failures, 0 errors, 0 skips

Test run options: --seed 1226
Loaded suite Test_36_Project_search
Started
.Successful Login to Usampadmin
Pass
.
Finished in 99.190674 seconds.

2 tests, 0 assertions, 0 failures, 0 errors, 0 skips

Test run options: --seed 55951
Loaded suite Test_37_Add_publisher_group
Started
.Started InternetExplorerDriver server (32-bit)
2.39.0.0
Listening on port 5555
Successful Login to Usampadmin
TEST AUTO PUB_1650
Pass
.Started InternetExplorerDriver server (32-bit)
2.39.0.0
Listening on port 5556
Successful Login to Usampadmin
TEST_PUB_GRP_2135
TEST_PUB_GRP_2135
Pass
TEST TEMP GRP NAME:21:35
TEST TEMP GRP NAME:21:35
Pass
.
Finished in 95.487430 seconds.

3 tests, 0 assertions, 0 failures, 0 errors, 0 skips

Test run options: --seed 2142
Loaded suite Test_38_Add_employee
Started
.Started InternetExplorerDriver server (32-bit)
2.39.0.0
Listening on port 5555
Successful Login to Usampadmin
Pass
.Started InternetExplorerDriver server (32-bit)
2.39.0.0
Listening on port 5555
Successful Login to Usampadmin
auto_test_emp.des2014-04-01072344@mailop.com
Pass
Pass
.
Finished in 92.346705 seconds.

3 tests, 0 assertions, 0 failures, 0 errors, 0 skips

Test run options: --seed 2682
Loaded suite Test_39_Add_client
Started
.Started InternetExplorerDriver server (32-bit)
2.39.0.0
Listening on port 5555
Successful Login to Usampadmin
Pass
.Started InternetExplorerDriver server (32-bit)
2.39.0.0
Listening on port 5555
Successful Login to Usampadmin
Pass
Pass
.
Finished in 119.660079 seconds.

3 tests, 0 assertions, 0 failures, 0 errors, 0 skips

Test run options: --seed 779
Loaded suite Test_40_Simulate_completes
Started
.26201
121155
Started InternetExplorerDriver server (32-bit)
2.39.0.0
Listening on port 5555
Successful Login to Usampadmin
{:title=>"Welcome Back!"}
["C:/Ruby192/lib/ruby/gems/1.9.1/gems/watir-webdriver-0.6.1/lib/watir-webdriver/window.rb:122:in `locate'", "C:/Ruby192/lib/ruby/gems/1.9.1/gems/watir-webdriver-0.6.1/lib/watir-webdriver/window.rb:106:in `handle'", "C:/Ruby192/lib/ruby/gems/1.9.1/gems/watir-webdriver-0.6.1/lib/watir-webdriver/window.rb:99:in `use'", "Test_40_Simulate_completes.rb:72:in `test_02_simulate_success'", "C:/Ruby192/lib/ruby/1.9.1/minitest/unit.rb:695:in `run'", "C:/Ruby192/lib/ruby/1.9.1/minitest/unit.rb:656:in `block (2 levels) in run_test_suites'", "C:/Ruby192/lib/ruby/1.9.1/minitest/unit.rb:650:in `each'", "C:/Ruby192/lib/ruby/1.9.1/minitest/unit.rb:650:in `block in run_test_suites'", "C:/Ruby192/lib/ruby/1.9.1/minitest/unit.rb:649:in `each'", "C:/Ruby192/lib/ruby/1.9.1/minitest/unit.rb:649:in `run_test_suites'", "C:/Ruby192/lib/ruby/1.9.1/minitest/unit.rb:609:in `run'", "C:/Ruby192/lib/ruby/1.9.1/minitest/unit.rb:508:in `block in autorun'"]
.26201
121155
Started InternetExplorerDriver server (32-bit)
2.39.0.0
Listening on port 5556
Successful Login to Usampadmin
Fail
.26201
121155
Started InternetExplorerDriver server (32-bit)
2.39.0.0
Listening on port 5555
Successful Login to Usampadmin
Fail
.
Finished in 265.680377 seconds.

4 tests, 0 assertions, 0 failures, 0 errors, 0 skips

Test run options: --seed 10164
Loaded suite Test_41_Member_search
Started
.Started InternetExplorerDriver server (32-bit)
2.39.0.0
Listening on port 5555
Successful Login to Usampadmin
Fail
Pass
.
Finished in 78.190002 seconds.

2 tests, 0 assertions, 0 failures, 0 errors, 0 skips

Test run options: --seed 40840
Loaded suite Test_42_QG_notifications
Started
.Started InternetExplorerDriver server (32-bit)
2.39.0.0
Listening on port 5555
Successful Login to Usampadmin
26201
121155
QG COPIED
121572
"Test PUB (30 Sept)" not found in select list
["C:/Ruby192/lib/ruby/gems/1.9.1/gems/watir-webdriver-0.6.1/lib/watir-webdriver/elements/select.rb:216:in `no_value_found'", "C:/Ruby192/lib/ruby/gems/1.9.1/gems/watir-webdriver-0.6.1/lib/watir-webdriver/elements/select.rb:142:in `select_by_string'", "C:/Ruby192/lib/ruby/gems/1.9.1/gems/watir-webdriver-0.6.1/lib/watir-webdriver/elements/select.rb:129:in `select_by'", "C:/Ruby192/lib/ruby/gems/1.9.1/gems/watir-webdriver-0.6.1/lib/watir-webdriver/elements/select.rb:64:in `select'", "Test_42_QG_notifications.rb:104:in `test_02_make_QG_copy'", "C:/Ruby192/lib/ruby/1.9.1/minitest/unit.rb:695:in `run'", "C:/Ruby192/lib/ruby/1.9.1/minitest/unit.rb:656:in `block (2 levels) in run_test_suites'", "C:/Ruby192/lib/ruby/1.9.1/minitest/unit.rb:650:in `each'", "C:/Ruby192/lib/ruby/1.9.1/minitest/unit.rb:650:in `block in run_test_suites'", "C:/Ruby192/lib/ruby/1.9.1/minitest/unit.rb:649:in `each'", "C:/Ruby192/lib/ruby/1.9.1/minitest/unit.rb:649:in `run_test_suites'", "C:/Ruby192/lib/ruby/1.9.1/minitest/unit.rb:609:in `run'", "C:/Ruby192/lib/ruby/1.9.1/minitest/unit.rb:508:in `block in autorun'"]
EStarted InternetExplorerDriver server (32-bit)
2.39.0.0
Listening on port 5555
Successful Login to Usampadmin
26201
121572
Modal dialog present
["C:/Ruby192/lib/ruby/gems/1.9.1/gems/selenium-webdriver-2.31.0/lib/selenium/webdriver/remote/response.rb:52:in `assert_ok'", "C:/Ruby192/lib/ruby/gems/1.9.1/gems/selenium-webdriver-2.31.0/lib/selenium/webdriver/remote/response.rb:15:in `initialize'", "C:/Ruby192/lib/ruby/gems/1.9.1/gems/selenium-webdriver-2.31.0/lib/selenium/webdriver/remote/http/common.rb:59:in `new'", "C:/Ruby192/lib/ruby/gems/1.9.1/gems/selenium-webdriver-2.31.0/lib/selenium/webdriver/remote/http/common.rb:59:in `create_response'", "C:/Ruby192/lib/ruby/gems/1.9.1/gems/selenium-webdriver-2.31.0/lib/selenium/webdriver/remote/http/default.rb:66:in `request'", "C:/Ruby192/lib/ruby/gems/1.9.1/gems/selenium-webdriver-2.31.0/lib/selenium/webdriver/remote/http/common.rb:40:in `call'", "C:/Ruby192/lib/ruby/gems/1.9.1/gems/selenium-webdriver-2.31.0/lib/selenium/webdriver/remote/bridge.rb:616:in `raw_execute'", "C:/Ruby192/lib/ruby/gems/1.9.1/gems/selenium-webdriver-2.31.0/lib/selenium/webdriver/remote/bridge.rb:594:in `execute'", "C:/Ruby192/lib/ruby/gems/1.9.1/gems/selenium-webdriver-2.31.0/lib/selenium/webdriver/remote/bridge.rb:184:in `switchToDefaultContent'", "C:/Ruby192/lib/ruby/gems/1.9.1/gems/selenium-webdriver-2.31.0/lib/selenium/webdriver/common/target_locator.rb:68:in `default_content'", "C:/Ruby192/lib/ruby/gems/1.9.1/gems/watir-webdriver-0.6.1/lib/watir-webdriver/browser.rb:180:in `assert_exists'", "C:/Ruby192/lib/ruby/gems/1.9.1/gems/watir-webdriver-0.6.1/lib/watir-webdriver/elements/element.rb:383:in `locate'", "C:/Ruby192/lib/ruby/gems/1.9.1/gems/watir-webdriver-0.6.1/lib/watir-webdriver/elements/element.rb:362:in `assert_exists'", "C:/Ruby192/lib/ruby/gems/1.9.1/gems/watir-webdriver-0.6.1/lib/watir-webdriver/elements/element.rb:95:in `click'", "Test_42_QG_notifications.rb:152:in `test_03_set_QG_notifications_no_redirection_activity'", "C:/Ruby192/lib/ruby/1.9.1/minitest/unit.rb:695:in `run'", "C:/Ruby192/lib/ruby/1.9.1/minitest/unit.rb:656:in `block (2 levels) in run_test_suites'", "C:/Ruby192/lib/ruby/1.9.1/minitest/unit.rb:650:in `each'", "C:/Ruby192/lib/ruby/1.9.1/minitest/unit.rb:650:in `block in run_test_suites'", "C:/Ruby192/lib/ruby/1.9.1/minitest/unit.rb:649:in `each'", "C:/Ruby192/lib/ruby/1.9.1/minitest/unit.rb:649:in `run_test_suites'", "C:/Ruby192/lib/ruby/1.9.1/minitest/unit.rb:609:in `run'", "C:/Ruby192/lib/ruby/1.9.1/minitest/unit.rb:508:in `block in autorun'"]
E26201
121572
Started InternetExplorerDriver server (32-bit)
2.39.0.0
Listening on port 5556
Successful Login to Usampadmin
unable to locate element, using {:text=>"GO", :tag_name=>"a"}
["C:/Ruby192/lib/ruby/gems/1.9.1/gems/watir-webdriver-0.6.1/lib/watir-webdriver/elements/element.rb:365:in `assert_exists'", "C:/Ruby192/lib/ruby/gems/1.9.1/gems/watir-webdriver-0.6.1/lib/watir-webdriver/elements/element.rb:95:in `click'", "Test_42_QG_notifications.rb:208:in `test_04_achieve_no_clicks_with_no_redirection'", "C:/Ruby192/lib/ruby/1.9.1/minitest/unit.rb:695:in `run'", "C:/Ruby192/lib/ruby/1.9.1/minitest/unit.rb:656:in `block (2 levels) in run_test_suites'", "C:/Ruby192/lib/ruby/1.9.1/minitest/unit.rb:650:in `each'", "C:/Ruby192/lib/ruby/1.9.1/minitest/unit.rb:650:in `block in run_test_suites'", "C:/Ruby192/lib/ruby/1.9.1/minitest/unit.rb:649:in `each'", "C:/Ruby192/lib/ruby/1.9.1/minitest/unit.rb:649:in `run_test_suites'", "C:/Ruby192/lib/ruby/1.9.1/minitest/unit.rb:609:in `run'", "C:/Ruby192/lib/ruby/1.9.1/minitest/unit.rb:508:in `block in autorun'"]
E
Finished in 256.305076 seconds.

  1) Error:
test_02_make_QG_copy(Test_42_QG_notifications):
TypeError: can't convert nil into String
    Test_42_QG_notifications.rb:117:in `+'
    Test_42_QG_notifications.rb:117:in `rescue in test_02_make_QG_copy'
    Test_42_QG_notifications.rb:39:in `test_02_make_QG_copy'

  2) Error:
test_03_set_QG_notifications_no_redirection_activity(Test_42_QG_notifications):
TypeError: can't convert nil into String
    Test_42_QG_notifications.rb:178:in `+'
    Test_42_QG_notifications.rb:178:in `rescue in test_03_set_QG_notifications_no_redirection_activity'
    Test_42_QG_notifications.rb:125:in `test_03_set_QG_notifications_no_redirection_activity'

  3) Error:
test_04_achieve_no_clicks_with_no_redirection(Test_42_QG_notifications):
TypeError: can't convert nil into String
    Test_42_QG_notifications.rb:256:in `+'
    Test_42_QG_notifications.rb:256:in `rescue in test_04_achieve_no_clicks_with_no_redirection'
    Test_42_QG_notifications.rb:186:in `test_04_achieve_no_clicks_with_no_redirection'

4 tests, 0 assertions, 0 failures, 3 errors, 0 skips

Test run options: --seed 35050
Loaded suite Test_43_Add_tools
Started
.Started InternetExplorerDriver server (32-bit)
2.39.0.0
Listening on port 5555
Successful Login to Usampadmin
Pass
.Started InternetExplorerDriver server (32-bit)
2.39.0.0
Listening on port 5555
Successful Login to Usampadmin
Pass
.
Finished in 92.409207 seconds.

3 tests, 0 assertions, 0 failures, 0 errors, 0 skips

Test run options: --seed 25448
Loaded suite Test_44_Pub_client_association
Started
.Started InternetExplorerDriver server (32-bit)
2.39.0.0
Listening on port 5555
Successful Login to Usampadmin
Publisher not added
"TEST CLIENT COMPANY (RRH)" not found in select list
["C:/Ruby192/lib/ruby/gems/1.9.1/gems/watir-webdriver-0.6.1/lib/watir-webdriver/elements/select.rb:216:in `no_value_found'", "C:/Ruby192/lib/ruby/gems/1.9.1/gems/watir-webdriver-0.6.1/lib/watir-webdriver/elements/select.rb:142:in `select_by_string'", "C:/Ruby192/lib/ruby/gems/1.9.1/gems/watir-webdriver-0.6.1/lib/watir-webdriver/elements/select.rb:129:in `select_by'", "C:/Ruby192/lib/ruby/gems/1.9.1/gems/watir-webdriver-0.6.1/lib/watir-webdriver/elements/select.rb:64:in `select'", "Test_44_Pub_client_association.rb:68:in `test_02_make_pub_level_setting'", "C:/Ruby192/lib/ruby/1.9.1/minitest/unit.rb:695:in `run'", "C:/Ruby192/lib/ruby/1.9.1/minitest/unit.rb:656:in `block (2 levels) in run_test_suites'", "C:/Ruby192/lib/ruby/1.9.1/minitest/unit.rb:650:in `each'", "C:/Ruby192/lib/ruby/1.9.1/minitest/unit.rb:650:in `block in run_test_suites'", "C:/Ruby192/lib/ruby/1.9.1/minitest/unit.rb:649:in `each'", "C:/Ruby192/lib/ruby/1.9.1/minitest/unit.rb:649:in `run_test_suites'", "C:/Ruby192/lib/ruby/1.9.1/minitest/unit.rb:609:in `run'", "C:/Ruby192/lib/ruby/1.9.1/minitest/unit.rb:508:in `block in autorun'"]
EStarted InternetExplorerDriver server (32-bit)
2.39.0.0
Listening on port 5555
Successful Login to Usampadmin
Fail
.Started InternetExplorerDriver server (32-bit)
2.39.0.0
Listening on port 5556
Successful Login to Usampadmin
Pass
.Started InternetExplorerDriver server (32-bit)
2.39.0.0
Listening on port 5555
Successful Login to Usampadmin
Pass
.
Finished in 153.145526 seconds.

  1) Error:
test_02_make_pub_level_setting(Test_44_Pub_client_association):
TypeError: can't convert nil into String
    Test_44_Pub_client_association.rb:107:in `+'
    Test_44_Pub_client_association.rb:107:in `rescue in test_02_make_pub_level_setting'
    Test_44_Pub_client_association.rb:38:in `test_02_make_pub_level_setting'

5 tests, 0 assertions, 0 failures, 1 errors, 0 skips

Test run options: --seed 33448
Loaded suite Test_45_Email_link_pub
Started
.Started InternetExplorerDriver server (32-bit)
2.39.0.0
Listening on port 5555
Successful Login to Usampadmin
26201
121155
Pass
.121155
MAIL PASSED
.
Finished in 109.284747 seconds.

3 tests, 0 assertions, 0 failures, 0 errors, 0 skips

Test run options: --seed 40832
Loaded suite Test_46_Donot_include_member_last_hour
Started
.Started InternetExplorerDriver server (32-bit)
2.39.0.0
Listening on port 5555
Successful Login to Usampadmin
26201
121155
MjYyMDEK
MTIxMTU1
Started InternetExplorerDriver server (32-bit)
2.39.0.0
Listening on port 5556
Successful Login to Usampadmin
p.usampadmin.com/add_quota_group.php?project_id=MjYyMDEK
&quota_group_id=MTIxMTU1
Pass
.test string
121155
**** Waiting for surveys to load ****
Pass
.Started InternetExplorerDriver server (32-bit)
2.39.0.0
Listening on port 5556
Successful Login to Usampadmin
26201
121155
Started InternetExplorerDriver server (32-bit)
2.39.0.0
Listening on port 5557
Successful Login to Usampadmin
Updated message shown
Pass
.Successful Login to ipoll site
121155
**** Waiting for surveys to load ****
Pass
.
Finished in 319.682104 seconds.

5 tests, 0 assertions, 0 failures, 0 errors, 0 skips

Test run options: --seed 60777
Loaded suite Test_47_QG_Publisher_redirect
Started
.Started InternetExplorerDriver server (32-bit)
2.39.0.0
Listening on port 5555
Successful Login to Usampadmin
Pass
26201
121155
.121155
Started InternetExplorerDriver server (32-bit)
2.39.0.0
Listening on port 5556
Pass
Started InternetExplorerDriver server (32-bit)
2.39.0.0
Listening on port 5555
Pass
Started InternetExplorerDriver server (32-bit)
2.39.0.0
Listening on port 5556
Pass
.Started InternetExplorerDriver server (32-bit)
2.39.0.0
Listening on port 5555
Successful Login to Usampadmin
26201
121155
Modal dialog present
["C:/Ruby192/lib/ruby/gems/1.9.1/gems/selenium-webdriver-2.31.0/lib/selenium/webdriver/remote/response.rb:52:in `assert_ok'", "C:/Ruby192/lib/ruby/gems/1.9.1/gems/selenium-webdriver-2.31.0/lib/selenium/webdriver/remote/response.rb:15:in `initialize'", "C:/Ruby192/lib/ruby/gems/1.9.1/gems/selenium-webdriver-2.31.0/lib/selenium/webdriver/remote/http/common.rb:59:in `new'", "C:/Ruby192/lib/ruby/gems/1.9.1/gems/selenium-webdriver-2.31.0/lib/selenium/webdriver/remote/http/common.rb:59:in `create_response'", "C:/Ruby192/lib/ruby/gems/1.9.1/gems/selenium-webdriver-2.31.0/lib/selenium/webdriver/remote/http/default.rb:66:in `request'", "C:/Ruby192/lib/ruby/gems/1.9.1/gems/selenium-webdriver-2.31.0/lib/selenium/webdriver/remote/http/common.rb:40:in `call'", "C:/Ruby192/lib/ruby/gems/1.9.1/gems/selenium-webdriver-2.31.0/lib/selenium/webdriver/remote/bridge.rb:616:in `raw_execute'", "C:/Ruby192/lib/ruby/gems/1.9.1/gems/selenium-webdriver-2.31.0/lib/selenium/webdriver/remote/bridge.rb:594:in `execute'", "C:/Ruby192/lib/ruby/gems/1.9.1/gems/selenium-webdriver-2.31.0/lib/selenium/webdriver/remote/bridge.rb:184:in `switchToDefaultContent'", "C:/Ruby192/lib/ruby/gems/1.9.1/gems/selenium-webdriver-2.31.0/lib/selenium/webdriver/common/target_locator.rb:68:in `default_content'", "C:/Ruby192/lib/ruby/gems/1.9.1/gems/watir-webdriver-0.6.1/lib/watir-webdriver/browser.rb:180:in `assert_exists'", "C:/Ruby192/lib/ruby/gems/1.9.1/gems/watir-webdriver-0.6.1/lib/watir-webdriver/elements/element.rb:383:in `locate'", "C:/Ruby192/lib/ruby/gems/1.9.1/gems/watir-webdriver-0.6.1/lib/watir-webdriver/elements/element.rb:362:in `assert_exists'", "C:/Ruby192/lib/ruby/gems/1.9.1/gems/watir-webdriver-0.6.1/lib/watir-webdriver/elements/element.rb:95:in `click'", "Test_47_QG_Publisher_redirect.rb:235:in `test_04_check_pub_redirect'", "C:/Ruby192/lib/ruby/1.9.1/minitest/unit.rb:695:in `run'", "C:/Ruby192/lib/ruby/1.9.1/minitest/unit.rb:656:in `block (2 levels) in run_test_suites'", "C:/Ruby192/lib/ruby/1.9.1/minitest/unit.rb:650:in `each'", "C:/Ruby192/lib/ruby/1.9.1/minitest/unit.rb:650:in `block in run_test_suites'", "C:/Ruby192/lib/ruby/1.9.1/minitest/unit.rb:649:in `each'", "C:/Ruby192/lib/ruby/1.9.1/minitest/unit.rb:649:in `run_test_suites'", "C:/Ruby192/lib/ruby/1.9.1/minitest/unit.rb:609:in `run'", "C:/Ruby192/lib/ruby/1.9.1/minitest/unit.rb:508:in `block in autorun'"]
.Started InternetExplorerDriver server (32-bit)
2.39.0.0
Listening on port 5555
Successful Login to Usampadmin
26201
121155
Pass
.
Finished in 251.039283 seconds.

5 tests, 0 assertions, 0 failures, 0 errors, 0 skips

Test run options: --seed 30839
Loaded suite Test_49_Supplier_add_show_hide
Started
.Started InternetExplorerDriver server (32-bit)
2.39.0.0
Listening on port 5555
Successful Login to Usampadmin
Test_Auto_Glob_Supp_2014-04-01075624
Pass
.Sorry! System Failed to login to Network site
browser was closed
["C:/Ruby192/lib/ruby/gems/1.9.1/gems/watir-webdriver-0.6.1/lib/watir-webdriver/browser.rb:178:in `assert_exists'", "C:/Ruby192/lib/ruby/gems/1.9.1/gems/watir-webdriver-0.6.1/lib/watir-webdriver/elements/element.rb:383:in `locate'", "C:/Ruby192/lib/ruby/gems/1.9.1/gems/watir-webdriver-0.6.1/lib/watir-webdriver/elements/element.rb:362:in `assert_exists'", "C:/Ruby192/lib/ruby/gems/1.9.1/gems/watir-webdriver-0.6.1/lib/watir-webdriver/elements/select.rb:37:in `options'", "Test_49_Supplier_add_show_hide.rb:112:in `test_03_supplier_reflection'", "C:/Ruby192/lib/ruby/1.9.1/minitest/unit.rb:695:in `run'", "C:/Ruby192/lib/ruby/1.9.1/minitest/unit.rb:656:in `block (2 levels) in run_test_suites'", "C:/Ruby192/lib/ruby/1.9.1/minitest/unit.rb:650:in `each'", "C:/Ruby192/lib/ruby/1.9.1/minitest/unit.rb:650:in `block in run_test_suites'", "C:/Ruby192/lib/ruby/1.9.1/minitest/unit.rb:649:in `each'", "C:/Ruby192/lib/ruby/1.9.1/minitest/unit.rb:649:in `run_test_suites'", "C:/Ruby192/lib/ruby/1.9.1/minitest/unit.rb:609:in `run'", "C:/Ruby192/lib/ruby/1.9.1/minitest/unit.rb:508:in `block in autorun'"]
.Started InternetExplorerDriver server (32-bit)
2.39.0.0
Listening on port 5555
Successful Login to Usampadmin
Logged it to Network site
unable to locate element, using {:id=>"supplierList", :tag_name=>"select"}
["C:/Ruby192/lib/ruby/gems/1.9.1/gems/watir-webdriver-0.6.1/lib/watir-webdriver/elements/element.rb:365:in `assert_exists'", "C:/Ruby192/lib/ruby/gems/1.9.1/gems/watir-webdriver-0.6.1/lib/watir-webdriver/elements/select.rb:37:in `options'", "Test_49_Supplier_add_show_hide.rb:174:in `test_04_show_hide'", "C:/Ruby192/lib/ruby/1.9.1/minitest/unit.rb:695:in `run'", "C:/Ruby192/lib/ruby/1.9.1/minitest/unit.rb:656:in `block (2 levels) in run_test_suites'", "C:/Ruby192/lib/ruby/1.9.1/minitest/unit.rb:650:in `each'", "C:/Ruby192/lib/ruby/1.9.1/minitest/unit.rb:650:in `block in run_test_suites'", "C:/Ruby192/lib/ruby/1.9.1/minitest/unit.rb:649:in `each'", "C:/Ruby192/lib/ruby/1.9.1/minitest/unit.rb:649:in `run_test_suites'", "C:/Ruby192/lib/ruby/1.9.1/minitest/unit.rb:609:in `run'", "C:/Ruby192/lib/ruby/1.9.1/minitest/unit.rb:508:in `block in autorun'"]
.
Finished in 165.880308 seconds.

4 tests, 0 assertions, 0 failures, 0 errors, 0 skips

Test run options: --seed 13200
Loaded suite Test_50_Add_prescreener
Started
.Started InternetExplorerDriver server (32-bit)
2.39.0.0
Listening on port 5555
Successful Login to Usampadmin
26201
121155
Pass
Pass
.26201
121155
Started InternetExplorerDriver server (32-bit)
2.39.0.0
Listening on port 5555
Successful Login to Usampadmin
Fail
Pass
.26201
121155
Started InternetExplorerDriver server (32-bit)
2.39.0.0
Listening on port 5555
Successful Login to Usampadmin
Pass
Fail
.
Finished in 329.526170 seconds.

4 tests, 0 assertions, 0 failures, 0 errors, 0 skips

Test run options: --seed 47293
Loaded suite Test_51_Setup_live_closed_QG
Started
.Started InternetExplorerDriver server (32-bit)
2.39.0.0
Listening on port 5555
Successful Login to Usampadmin
26201
121155
Pass
Logged it to Network site
Pass
.Started InternetExplorerDriver server (32-bit)
2.39.0.0
Listening on port 5555
Successful Login to Usampadmin
26201
121155
Pass
Logged it to Network site
Pass
.Started InternetExplorerDriver server (32-bit)
2.39.0.0
Listening on port 5555
Successful Login to Usampadmin
26201
121155
Pass
Logged it to Network site
Pass
.Started InternetExplorerDriver server (32-bit)
2.39.0.0
Listening on port 5555
Successful Login to Usampadmin
26201
121155
.
Finished in 281.415255 seconds.

5 tests, 0 assertions, 0 failures, 0 errors, 0 skips

Test run options: --seed 11106
Loaded suite Test_53_List_projects
Started
.Started InternetExplorerDriver server (32-bit)
2.39.0.0
Listening on port 5555
Successful Login to Usampadmin
Fail
.Started InternetExplorerDriver server (32-bit)
2.39.0.0
Listening on port 5556
Successful Login to Usampadmin
Pass
.Started InternetExplorerDriver server (32-bit)
2.39.0.0
Listening on port 5555
Successful Login to Usampadmin
Pass
.
Finished in 163.536483 seconds.

4 tests, 0 assertions, 0 failures, 0 errors, 0 skips

Test run options: --seed 11830
Loaded suite Test_54_EX_ST_Links
Started
.26201
121155
Started InternetExplorerDriver server (32-bit)
2.39.0.0
Listening on port 5555
Successful Login to Usampadmin
auto_test.des2014-04-01081442@mailinator.com
email id
confirm email
password
confirm password
test string
**** Waiting for surveys to load ****
PASS
.121155
test string
**** Waiting for surveys to load ****
FAILED
.121155
test string
**** Waiting for surveys to load ****
PASS
.121155
Started InternetExplorerDriver server (32-bit)
2.39.0.0
Listening on port 5555
Successful Login to Usampadmin
test string
**** Waiting for surveys to load ****
PASS
.121155
test string
**** Waiting for surveys to load ****
FAIL
.121155
test string
**** Waiting for surveys to load ****
PASS
.Started InternetExplorerDriver server (32-bit)
2.39.0.0
Listening on port 5555
Successful Login to Usampadmin
.
Finished in 854.902356 seconds.

8 tests, 0 assertions, 0 failures, 0 errors, 0 skips

Test run options: --seed 59497
Loaded suite Test_55_Member_ID_report
Started
.Logged it to Network site
Timeout::Error
["C:/Ruby192/lib/ruby/1.9.1/net/protocol.rb:140:in `rescue in rbuf_fill'", "C:/Ruby192/lib/ruby/1.9.1/net/protocol.rb:134:in `rbuf_fill'", "C:/Ruby192/lib/ruby/1.9.1/net/protocol.rb:116:in `readuntil'", "C:/Ruby192/lib/ruby/1.9.1/net/protocol.rb:126:in `readline'", "C:/Ruby192/lib/ruby/1.9.1/net/http.rb:2219:in `read_status_line'", "C:/Ruby192/lib/ruby/1.9.1/net/http.rb:2208:in `read_new'", "C:/Ruby192/lib/ruby/1.9.1/net/http.rb:1191:in `transport_request'", "C:/Ruby192/lib/ruby/1.9.1/net/http.rb:1177:in `request'", "C:/Ruby192/lib/ruby/1.9.1/net/http.rb:1170:in `block in request'", "C:/Ruby192/lib/ruby/1.9.1/net/http.rb:627:in `start'", "C:/Ruby192/lib/ruby/1.9.1/net/http.rb:1168:in `request'", "C:/Ruby192/lib/ruby/gems/1.9.1/gems/selenium-webdriver-2.31.0/lib/selenium/webdriver/remote/http/default.rb:83:in `response_for'", "C:/Ruby192/lib/ruby/gems/1.9.1/gems/selenium-webdriver-2.31.0/lib/selenium/webdriver/remote/http/default.rb:39:in `request'", "C:/Ruby192/lib/ruby/gems/1.9.1/gems/selenium-webdriver-2.31.0/lib/selenium/webdriver/remote/http/common.rb:40:in `call'", "C:/Ruby192/lib/ruby/gems/1.9.1/gems/selenium-webdriver-2.31.0/lib/selenium/webdriver/remote/bridge.rb:616:in `raw_execute'", "C:/Ruby192/lib/ruby/gems/1.9.1/gems/selenium-webdriver-2.31.0/lib/selenium/webdriver/remote/bridge.rb:594:in `execute'", "C:/Ruby192/lib/ruby/gems/1.9.1/gems/selenium-webdriver-2.31.0/lib/selenium/webdriver/remote/bridge.rb:359:in `clickElement'", "C:/Ruby192/lib/ruby/gems/1.9.1/gems/selenium-webdriver-2.31.0/lib/selenium/webdriver/common/element.rb:54:in `click'", "C:/Ruby192/lib/ruby/gems/1.9.1/gems/watir-webdriver-0.6.1/lib/watir-webdriver/elements/element.rb:108:in `click'", "Test_55_Member_ID_report.rb:63:in `test_02_mem_id_rep_network'", "C:/Ruby192/lib/ruby/1.9.1/minitest/unit.rb:695:in `run'", "C:/Ruby192/lib/ruby/1.9.1/minitest/unit.rb:656:in `block (2 levels) in run_test_suites'", "C:/Ruby192/lib/ruby/1.9.1/minitest/unit.rb:650:in `each'", "C:/Ruby192/lib/ruby/1.9.1/minitest/unit.rb:650:in `block in run_test_suites'", "C:/Ruby192/lib/ruby/1.9.1/minitest/unit.rb:649:in `each'", "C:/Ruby192/lib/ruby/1.9.1/minitest/unit.rb:649:in `run_test_suites'", "C:/Ruby192/lib/ruby/1.9.1/minitest/unit.rb:609:in `run'", "C:/Ruby192/lib/ruby/1.9.1/minitest/unit.rb:508:in `block in autorun'"]
.
Finished in 120.019466 seconds.

2 tests, 0 assertions, 0 failures, 0 errors, 0 skips

Test run options: --seed 64088
Loaded suite Test_57_Success_fail_oq_rewards
Started
.Started InternetExplorerDriver server (32-bit)
2.39.0.0
Listening on port 5555
Successful Login to Usampadmin
26201
121155
PASS
PASS
PASS
.121155
Successful Login to ipoll site
## Waiting for surveys to load ##
linkMTIxMTU1
Started InternetExplorerDriver server (32-bit)
2.39.0.0
Listening on port 5555
Successful Login to Usampadmin
Modal dialog present
["C:/Ruby192/lib/ruby/gems/1.9.1/gems/selenium-webdriver-2.31.0/lib/selenium/webdriver/remote/response.rb:52:in `assert_ok'", "C:/Ruby192/lib/ruby/gems/1.9.1/gems/selenium-webdriver-2.31.0/lib/selenium/webdriver/remote/response.rb:15:in `initialize'", "C:/Ruby192/lib/ruby/gems/1.9.1/gems/selenium-webdriver-2.31.0/lib/selenium/webdriver/remote/http/common.rb:59:in `new'", "C:/Ruby192/lib/ruby/gems/1.9.1/gems/selenium-webdriver-2.31.0/lib/selenium/webdriver/remote/http/common.rb:59:in `create_response'", "C:/Ruby192/lib/ruby/gems/1.9.1/gems/selenium-webdriver-2.31.0/lib/selenium/webdriver/remote/http/default.rb:66:in `request'", "C:/Ruby192/lib/ruby/gems/1.9.1/gems/selenium-webdriver-2.31.0/lib/selenium/webdriver/remote/http/common.rb:40:in `call'", "C:/Ruby192/lib/ruby/gems/1.9.1/gems/selenium-webdriver-2.31.0/lib/selenium/webdriver/remote/bridge.rb:616:in `raw_execute'", "C:/Ruby192/lib/ruby/gems/1.9.1/gems/selenium-webdriver-2.31.0/lib/selenium/webdriver/remote/bridge.rb:594:in `execute'", "C:/Ruby192/lib/ruby/gems/1.9.1/gems/selenium-webdriver-2.31.0/lib/selenium/webdriver/remote/bridge.rb:164:in `getPageSource'", "C:/Ruby192/lib/ruby/gems/1.9.1/gems/selenium-webdriver-2.31.0/lib/selenium/webdriver/common/driver.rb:140:in `page_source'", "C:/Ruby192/lib/ruby/gems/1.9.1/gems/watir-webdriver-0.6.1/lib/watir-webdriver/browser.rb:102:in `html'", "Test_57_Success_fail_oq_rewards.rb:178:in `test_03_success_reward'", "C:/Ruby192/lib/ruby/1.9.1/minitest/unit.rb:695:in `run'", "C:/Ruby192/lib/ruby/1.9.1/minitest/unit.rb:656:in `block (2 levels) in run_test_suites'", "C:/Ruby192/lib/ruby/1.9.1/minitest/unit.rb:650:in `each'", "C:/Ruby192/lib/ruby/1.9.1/minitest/unit.rb:650:in `block in run_test_suites'", "C:/Ruby192/lib/ruby/1.9.1/minitest/unit.rb:649:in `each'", "C:/Ruby192/lib/ruby/1.9.1/minitest/unit.rb:649:in `run_test_suites'", "C:/Ruby192/lib/ruby/1.9.1/minitest/unit.rb:609:in `run'", "C:/Ruby192/lib/ruby/1.9.1/minitest/unit.rb:508:in `block in autorun'"]
.121155
Successful Login to ipoll site
## Waiting for surveys to load ##
linkMTIxMTU1
unable to locate element, using {:id=>"linkMTIxMTU1", :tag_name=>"a"}
["C:/Ruby192/lib/ruby/gems/1.9.1/gems/watir-webdriver-0.6.1/lib/watir-webdriver/elements/element.rb:365:in `assert_exists'", "C:/Ruby192/lib/ruby/gems/1.9.1/gems/watir-webdriver-0.6.1/lib/watir-webdriver/elements/element.rb:95:in `click'", "Test_57_Success_fail_oq_rewards.rb:268:in `test_04_fail_reward'", "C:/Ruby192/lib/ruby/1.9.1/minitest/unit.rb:695:in `run'", "C:/Ruby192/lib/ruby/1.9.1/minitest/unit.rb:656:in `block (2 levels) in run_test_suites'", "C:/Ruby192/lib/ruby/1.9.1/minitest/unit.rb:650:in `each'", "C:/Ruby192/lib/ruby/1.9.1/minitest/unit.rb:650:in `block in run_test_suites'", "C:/Ruby192/lib/ruby/1.9.1/minitest/unit.rb:649:in `each'", "C:/Ruby192/lib/ruby/1.9.1/minitest/unit.rb:649:in `run_test_suites'", "C:/Ruby192/lib/ruby/1.9.1/minitest/unit.rb:609:in `run'", "C:/Ruby192/lib/ruby/1.9.1/minitest/unit.rb:508:in `block in autorun'"]
.121155
Successful Login to ipoll site
## Waiting for surveys to load ##
linkMTIxMTU1
{:url=>"https://www.p.ipoll.com/dashboard.php"}
["C:/Ruby192/lib/ruby/gems/1.9.1/gems/watir-webdriver-0.6.1/lib/watir-webdriver/window.rb:122:in `locate'", "C:/Ruby192/lib/ruby/gems/1.9.1/gems/watir-webdriver-0.6.1/lib/watir-webdriver/window.rb:106:in `handle'", "C:/Ruby192/lib/ruby/gems/1.9.1/gems/watir-webdriver-0.6.1/lib/watir-webdriver/window.rb:99:in `use'", "Test_57_Success_fail_oq_rewards.rb:354:in `test_05_oq_reward'", "C:/Ruby192/lib/ruby/1.9.1/minitest/unit.rb:695:in `run'", "C:/Ruby192/lib/ruby/1.9.1/minitest/unit.rb:656:in `block (2 levels) in run_test_suites'", "C:/Ruby192/lib/ruby/1.9.1/minitest/unit.rb:650:in `each'", "C:/Ruby192/lib/ruby/1.9.1/minitest/unit.rb:650:in `block in run_test_suites'", "C:/Ruby192/lib/ruby/1.9.1/minitest/unit.rb:649:in `each'", "C:/Ruby192/lib/ruby/1.9.1/minitest/unit.rb:649:in `run_test_suites'", "C:/Ruby192/lib/ruby/1.9.1/minitest/unit.rb:609:in `run'", "C:/Ruby192/lib/ruby/1.9.1/minitest/unit.rb:508:in `block in autorun'"]
.
Finished in 402.497255 seconds.

5 tests, 0 assertions, 0 failures, 0 errors, 0 skips

Test run options: --seed 40725
Loaded suite Test_58_Confirmit_code_url
Started
.Started InternetExplorerDriver server (32-bit)
2.39.0.0
Listening on port 5555
Successful Login to Usampadmin
26201
121570
PASS
FAIL
.121570
Successful Login to ipoll site
## Waiting for surveys to load ##
linkMTIxNTcw
unable to locate element, using {:id=>"linkMTIxNTcw", :tag_name=>"a"}
["C:/Ruby192/lib/ruby/gems/1.9.1/gems/watir-webdriver-0.6.1/lib/watir-webdriver/elements/element.rb:365:in `assert_exists'", "C:/Ruby192/lib/ruby/gems/1.9.1/gems/watir-webdriver-0.6.1/lib/watir-webdriver/elements/element.rb:95:in `click'", "Test_58_Confirmit_code_url.rb:138:in `test_03_confirmit_code_survey_complete'", "C:/Ruby192/lib/ruby/1.9.1/minitest/unit.rb:695:in `run'", "C:/Ruby192/lib/ruby/1.9.1/minitest/unit.rb:656:in `block (2 levels) in run_test_suites'", "C:/Ruby192/lib/ruby/1.9.1/minitest/unit.rb:650:in `each'", "C:/Ruby192/lib/ruby/1.9.1/minitest/unit.rb:650:in `block in run_test_suites'", "C:/Ruby192/lib/ruby/1.9.1/minitest/unit.rb:649:in `each'", "C:/Ruby192/lib/ruby/1.9.1/minitest/unit.rb:649:in `run_test_suites'", "C:/Ruby192/lib/ruby/1.9.1/minitest/unit.rb:609:in `run'", "C:/Ruby192/lib/ruby/1.9.1/minitest/unit.rb:508:in `block in autorun'"]
.26201
121570
Successful Login to ipoll site
## Waiting for surveys to load ##
linkMTIxNTcw
{:title=>"Welcome Back! Survey is closed"}
["C:/Ruby192/lib/ruby/gems/1.9.1/gems/watir-webdriver-0.6.1/lib/watir-webdriver/window.rb:122:in `locate'", "C:/Ruby192/lib/ruby/gems/1.9.1/gems/watir-webdriver-0.6.1/lib/watir-webdriver/window.rb:106:in `handle'", "C:/Ruby192/lib/ruby/gems/1.9.1/gems/watir-webdriver-0.6.1/lib/watir-webdriver/window.rb:99:in `use'", "Test_58_Confirmit_code_url.rb:213:in `test_04_conf_code_qg_auto_close'", "C:/Ruby192/lib/ruby/1.9.1/minitest/unit.rb:695:in `run'", "C:/Ruby192/lib/ruby/1.9.1/minitest/unit.rb:656:in `block (2 levels) in run_test_suites'", "C:/Ruby192/lib/ruby/1.9.1/minitest/unit.rb:650:in `each'", "C:/Ruby192/lib/ruby/1.9.1/minitest/unit.rb:650:in `block in run_test_suites'", "C:/Ruby192/lib/ruby/1.9.1/minitest/unit.rb:649:in `each'", "C:/Ruby192/lib/ruby/1.9.1/minitest/unit.rb:649:in `run_test_suites'", "C:/Ruby192/lib/ruby/1.9.1/minitest/unit.rb:609:in `run'", "C:/Ruby192/lib/ruby/1.9.1/minitest/unit.rb:508:in `block in autorun'"]
.Started InternetExplorerDriver server (32-bit)
2.39.0.0
Listening on port 5555
Successful Login to Usampadmin
26201
121570
PASS
FAIL
Element is no longer valid
["C:/Ruby192/lib/ruby/gems/1.9.1/gems/selenium-webdriver-2.31.0/lib/selenium/webdriver/remote/response.rb:52:in `assert_ok'", "C:/Ruby192/lib/ruby/gems/1.9.1/gems/selenium-webdriver-2.31.0/lib/selenium/webdriver/remote/response.rb:15:in `initialize'", "C:/Ruby192/lib/ruby/gems/1.9.1/gems/selenium-webdriver-2.31.0/lib/selenium/webdriver/remote/http/common.rb:59:in `new'", "C:/Ruby192/lib/ruby/gems/1.9.1/gems/selenium-webdriver-2.31.0/lib/selenium/webdriver/remote/http/common.rb:59:in `create_response'", "C:/Ruby192/lib/ruby/gems/1.9.1/gems/selenium-webdriver-2.31.0/lib/selenium/webdriver/remote/http/default.rb:66:in `request'", "C:/Ruby192/lib/ruby/gems/1.9.1/gems/selenium-webdriver-2.31.0/lib/selenium/webdriver/remote/http/common.rb:40:in `call'", "C:/Ruby192/lib/ruby/gems/1.9.1/gems/selenium-webdriver-2.31.0/lib/selenium/webdriver/remote/bridge.rb:616:in `raw_execute'", "C:/Ruby192/lib/ruby/gems/1.9.1/gems/selenium-webdriver-2.31.0/lib/selenium/webdriver/remote/bridge.rb:594:in `execute'", "C:/Ruby192/lib/ruby/gems/1.9.1/gems/selenium-webdriver-2.31.0/lib/selenium/webdriver/remote/bridge.rb:493:in `getElementTagName'", "C:/Ruby192/lib/ruby/gems/1.9.1/gems/selenium-webdriver-2.31.0/lib/selenium/webdriver/common/element.rb:68:in `tag_name'", "C:/Ruby192/lib/ruby/gems/1.9.1/gems/watir-webdriver-0.6.1/lib/watir-webdriver/locators/element_locator.rb:379:in `validate_element'", "C:/Ruby192/lib/ruby/gems/1.9.1/gems/watir-webdriver-0.6.1/lib/watir-webdriver/locators/element_locator.rb:37:in `locate'", "C:/Ruby192/lib/ruby/gems/1.9.1/gems/watir-webdriver-0.6.1/lib/watir-webdriver/elements/element.rb:384:in `locate'", "C:/Ruby192/lib/ruby/gems/1.9.1/gems/watir-webdriver-0.6.1/lib/watir-webdriver/elements/element.rb:362:in `assert_exists'", "C:/Ruby192/lib/ruby/gems/1.9.1/gems/watir-webdriver-0.6.1/lib/watir-webdriver/elements/element.rb:95:in `click'", "Test_58_Confirmit_code_url.rb:326:in `test_05_confirmit_url_qg_set'", "C:/Ruby192/lib/ruby/1.9.1/minitest/unit.rb:695:in `run'", "C:/Ruby192/lib/ruby/1.9.1/minitest/unit.rb:656:in `block (2 levels) in run_test_suites'", "C:/Ruby192/lib/ruby/1.9.1/minitest/unit.rb:650:in `each'", "C:/Ruby192/lib/ruby/1.9.1/minitest/unit.rb:650:in `block in run_test_suites'", "C:/Ruby192/lib/ruby/1.9.1/minitest/unit.rb:649:in `each'", "C:/Ruby192/lib/ruby/1.9.1/minitest/unit.rb:649:in `run_test_suites'", "C:/Ruby192/lib/ruby/1.9.1/minitest/unit.rb:609:in `run'", "C:/Ruby192/lib/ruby/1.9.1/minitest/unit.rb:508:in `block in autorun'"]
.121570
Successful Login to ipoll site
## Waiting for surveys to load ##
linkMTIxNTcw
http://203.199.26.75/usamp/CONF_URL_1.php?TOKEN=2a01cfb958946e98174899a62923f84e
PASS
80
2a01cfb958946e98174899a62923f84e
.26201
121570
Successful Login to ipoll site
## Waiting for surveys to load ##
linkMTIxNTcw
unable to locate element, using {:id=>"linkMTIxNTcw", :tag_name=>"a"}
["C:/Ruby192/lib/ruby/gems/1.9.1/gems/watir-webdriver-0.6.1/lib/watir-webdriver/elements/element.rb:365:in `assert_exists'", "C:/Ruby192/lib/ruby/gems/1.9.1/gems/watir-webdriver-0.6.1/lib/watir-webdriver/elements/element.rb:95:in `click'", "Test_58_Confirmit_code_url.rb:432:in `test_07_conf_url_qg_auto_close'", "C:/Ruby192/lib/ruby/1.9.1/minitest/unit.rb:695:in `run'", "C:/Ruby192/lib/ruby/1.9.1/minitest/unit.rb:656:in `block (2 levels) in run_test_suites'", "C:/Ruby192/lib/ruby/1.9.1/minitest/unit.rb:650:in `each'", "C:/Ruby192/lib/ruby/1.9.1/minitest/unit.rb:650:in `block in run_test_suites'", "C:/Ruby192/lib/ruby/1.9.1/minitest/unit.rb:649:in `each'", "C:/Ruby192/lib/ruby/1.9.1/minitest/unit.rb:649:in `run_test_suites'", "C:/Ruby192/lib/ruby/1.9.1/minitest/unit.rb:609:in `run'", "C:/Ruby192/lib/ruby/1.9.1/minitest/unit.rb:508:in `block in autorun'"]
.26201
121570
Started InternetExplorerDriver server (32-bit)
2.39.0.0
Listening on port 5555
Successful Login to Usampadmin
.
Finished in 565.877482 seconds.

8 tests, 0 assertions, 0 failures, 0 errors, 0 skips

Test run options: --seed 34559
Loaded suite Test_59_Confirmit_code_url_recontact
Started
.Started InternetExplorerDriver server (32-bit)
2.39.0.0
Listening on port 5555
Successful Login to Usampadmin
test
26201
121570


MjYyMDEK
MTIxNTcw
p.usampadmin.com/add_quota_group.php?project_id=MjYyMDEK
&quota_group_id=MTIxNTcw
QG COPIED
121573
.Started InternetExplorerDriver server (32-bit)
2.39.0.0
Listening on port 5555
Successful Login to Usampadmin
26201
121573
PASS
be6b521766686784a1b0136#p/186a0
Modal dialog present
["C:/Ruby192/lib/ruby/gems/1.9.1/gems/selenium-webdriver-2.31.0/lib/selenium/webdriver/remote/response.rb:52:in `assert_ok'", "C:/Ruby192/lib/ruby/gems/1.9.1/gems/selenium-webdriver-2.31.0/lib/selenium/webdriver/remote/response.rb:15:in `initialize'", "C:/Ruby192/lib/ruby/gems/1.9.1/gems/selenium-webdriver-2.31.0/lib/selenium/webdriver/remote/http/common.rb:59:in `new'", "C:/Ruby192/lib/ruby/gems/1.9.1/gems/selenium-webdriver-2.31.0/lib/selenium/webdriver/remote/http/common.rb:59:in `create_response'", "C:/Ruby192/lib/ruby/gems/1.9.1/gems/selenium-webdriver-2.31.0/lib/selenium/webdriver/remote/http/default.rb:66:in `request'", "C:/Ruby192/lib/ruby/gems/1.9.1/gems/selenium-webdriver-2.31.0/lib/selenium/webdriver/remote/http/common.rb:40:in `call'", "C:/Ruby192/lib/ruby/gems/1.9.1/gems/selenium-webdriver-2.31.0/lib/selenium/webdriver/remote/bridge.rb:616:in `raw_execute'", "C:/Ruby192/lib/ruby/gems/1.9.1/gems/selenium-webdriver-2.31.0/lib/selenium/webdriver/remote/bridge.rb:594:in `execute'", "C:/Ruby192/lib/ruby/gems/1.9.1/gems/selenium-webdriver-2.31.0/lib/selenium/webdriver/remote/bridge.rb:184:in `switchToDefaultContent'", "C:/Ruby192/lib/ruby/gems/1.9.1/gems/selenium-webdriver-2.31.0/lib/selenium/webdriver/common/target_locator.rb:68:in `default_content'", "C:/Ruby192/lib/ruby/gems/1.9.1/gems/watir-webdriver-0.6.1/lib/watir-webdriver/browser.rb:180:in `assert_exists'", "C:/Ruby192/lib/ruby/gems/1.9.1/gems/watir-webdriver-0.6.1/lib/watir-webdriver/elements/element.rb:383:in `locate'", "C:/Ruby192/lib/ruby/gems/1.9.1/gems/watir-webdriver-0.6.1/lib/watir-webdriver/elements/element.rb:362:in `assert_exists'", "C:/Ruby192/lib/ruby/gems/1.9.1/gems/watir-webdriver-0.6.1/lib/watir-webdriver/elements/checkbox.rb:35:in `set?'", "Test_59_Confirmit_code_url_recontact.rb:189:in `test_03_confirmit_code__recon_qg_set'", "C:/Ruby192/lib/ruby/1.9.1/minitest/unit.rb:695:in `run'", "C:/Ruby192/lib/ruby/1.9.1/minitest/unit.rb:656:in `block (2 levels) in run_test_suites'", "C:/Ruby192/lib/ruby/1.9.1/minitest/unit.rb:650:in `each'", "C:/Ruby192/lib/ruby/1.9.1/minitest/unit.rb:650:in `block in run_test_suites'", "C:/Ruby192/lib/ruby/1.9.1/minitest/unit.rb:649:in `each'", "C:/Ruby192/lib/ruby/1.9.1/minitest/unit.rb:649:in `run_test_suites'", "C:/Ruby192/lib/ruby/1.9.1/minitest/unit.rb:609:in `run'", "C:/Ruby192/lib/ruby/1.9.1/minitest/unit.rb:508:in `block in autorun'"]
.121573
Successful Login to ipoll site
## Waiting for surveys to load ##
FAIL
.121573
Successful Login to ipoll site
## Waiting for surveys to load ##
linkMTIxNTcz
{:title=>"Survey"}
["C:/Ruby192/lib/ruby/gems/1.9.1/gems/watir-webdriver-0.6.1/lib/watir-webdriver/window.rb:122:in `locate'", "C:/Ruby192/lib/ruby/gems/1.9.1/gems/watir-webdriver-0.6.1/lib/watir-webdriver/window.rb:106:in `handle'", "C:/Ruby192/lib/ruby/gems/1.9.1/gems/watir-webdriver-0.6.1/lib/watir-webdriver/window.rb:99:in `use'", "Test_59_Confirmit_code_url_recontact.rb:302:in `test_05_confirmit_code_survey_complete'", "C:/Ruby192/lib/ruby/1.9.1/minitest/unit.rb:695:in `run'", "C:/Ruby192/lib/ruby/1.9.1/minitest/unit.rb:656:in `block (2 levels) in run_test_suites'", "C:/Ruby192/lib/ruby/1.9.1/minitest/unit.rb:650:in `each'", "C:/Ruby192/lib/ruby/1.9.1/minitest/unit.rb:650:in `block in run_test_suites'", "C:/Ruby192/lib/ruby/1.9.1/minitest/unit.rb:649:in `each'", "C:/Ruby192/lib/ruby/1.9.1/minitest/unit.rb:649:in `run_test_suites'", "C:/Ruby192/lib/ruby/1.9.1/minitest/unit.rb:609:in `run'", "C:/Ruby192/lib/ruby/1.9.1/minitest/unit.rb:508:in `block in autorun'"]
.Started InternetExplorerDriver server (32-bit)
2.39.0.0
Listening on port 5555
Successful Login to Usampadmin
26201
121573
PASS
2a01cfb958946e98174899a62923f84e
PASS
PASS
.121573
Successful Login to ipoll site
## Waiting for surveys to load ##
PASS
.121573
Successful Login to ipoll site
## Waiting for surveys to load ##
linkMTIxNTcz
unable to locate element, using {:id=>"linkMTIxNTcz", :tag_name=>"a"}
["C:/Ruby192/lib/ruby/gems/1.9.1/gems/watir-webdriver-0.6.1/lib/watir-webdriver/elements/element.rb:365:in `assert_exists'", "C:/Ruby192/lib/ruby/gems/1.9.1/gems/watir-webdriver-0.6.1/lib/watir-webdriver/elements/element.rb:95:in `click'", "Test_59_Confirmit_code_url_recontact.rb:502:in `test_08_confirmit_url_survey_complete'", "C:/Ruby192/lib/ruby/1.9.1/minitest/unit.rb:695:in `run'", "C:/Ruby192/lib/ruby/1.9.1/minitest/unit.rb:656:in `block (2 levels) in run_test_suites'", "C:/Ruby192/lib/ruby/1.9.1/minitest/unit.rb:650:in `each'", "C:/Ruby192/lib/ruby/1.9.1/minitest/unit.rb:650:in `block in run_test_suites'", "C:/Ruby192/lib/ruby/1.9.1/minitest/unit.rb:649:in `each'", "C:/Ruby192/lib/ruby/1.9.1/minitest/unit.rb:649:in `run_test_suites'", "C:/Ruby192/lib/ruby/1.9.1/minitest/unit.rb:609:in `run'", "C:/Ruby192/lib/ruby/1.9.1/minitest/unit.rb:508:in `block in autorun'"]
.Started InternetExplorerDriver server (32-bit)
2.39.0.0
Listening on port 5555
Successful Login to Usampadmin
26201
121573
Modal dialog present
["C:/Ruby192/lib/ruby/gems/1.9.1/gems/selenium-webdriver-2.31.0/lib/selenium/webdriver/remote/response.rb:52:in `assert_ok'", "C:/Ruby192/lib/ruby/gems/1.9.1/gems/selenium-webdriver-2.31.0/lib/selenium/webdriver/remote/response.rb:15:in `initialize'", "C:/Ruby192/lib/ruby/gems/1.9.1/gems/selenium-webdriver-2.31.0/lib/selenium/webdriver/remote/http/common.rb:59:in `new'", "C:/Ruby192/lib/ruby/gems/1.9.1/gems/selenium-webdriver-2.31.0/lib/selenium/webdriver/remote/http/common.rb:59:in `create_response'", "C:/Ruby192/lib/ruby/gems/1.9.1/gems/selenium-webdriver-2.31.0/lib/selenium/webdriver/remote/http/default.rb:66:in `request'", "C:/Ruby192/lib/ruby/gems/1.9.1/gems/selenium-webdriver-2.31.0/lib/selenium/webdriver/remote/http/common.rb:40:in `call'", "C:/Ruby192/lib/ruby/gems/1.9.1/gems/selenium-webdriver-2.31.0/lib/selenium/webdriver/remote/bridge.rb:616:in `raw_execute'", "C:/Ruby192/lib/ruby/gems/1.9.1/gems/selenium-webdriver-2.31.0/lib/selenium/webdriver/remote/bridge.rb:594:in `execute'", "C:/Ruby192/lib/ruby/gems/1.9.1/gems/selenium-webdriver-2.31.0/lib/selenium/webdriver/remote/bridge.rb:184:in `switchToDefaultContent'", "C:/Ruby192/lib/ruby/gems/1.9.1/gems/selenium-webdriver-2.31.0/lib/selenium/webdriver/common/target_locator.rb:68:in `default_content'", "C:/Ruby192/lib/ruby/gems/1.9.1/gems/watir-webdriver-0.6.1/lib/watir-webdriver/browser.rb:180:in `assert_exists'", "C:/Ruby192/lib/ruby/gems/1.9.1/gems/watir-webdriver-0.6.1/lib/watir-webdriver/elements/element.rb:383:in `locate'", "C:/Ruby192/lib/ruby/gems/1.9.1/gems/watir-webdriver-0.6.1/lib/watir-webdriver/elements/element.rb:362:in `assert_exists'", "C:/Ruby192/lib/ruby/gems/1.9.1/gems/watir-webdriver-0.6.1/lib/watir-webdriver/elements/element.rb:95:in `click'", "Test_59_Confirmit_code_url_recontact.rb:566:in `test_09_close_qg'", "C:/Ruby192/lib/ruby/1.9.1/minitest/unit.rb:695:in `run'", "C:/Ruby192/lib/ruby/1.9.1/minitest/unit.rb:656:in `block (2 levels) in run_test_suites'", "C:/Ruby192/lib/ruby/1.9.1/minitest/unit.rb:650:in `each'", "C:/Ruby192/lib/ruby/1.9.1/minitest/unit.rb:650:in `block in run_test_suites'", "C:/Ruby192/lib/ruby/1.9.1/minitest/unit.rb:649:in `each'", "C:/Ruby192/lib/ruby/1.9.1/minitest/unit.rb:649:in `run_test_suites'", "C:/Ruby192/lib/ruby/1.9.1/minitest/unit.rb:609:in `run'", "C:/Ruby192/lib/ruby/1.9.1/minitest/unit.rb:508:in `block in autorun'"]
.
Finished in 716.601056 seconds.

9 tests, 0 assertions, 0 failures, 0 errors, 0 skips

Test run options: --seed 12797
Loaded suite Test_60_Survey_complete_invalid_token
Started
.26201
121155
Started InternetExplorerDriver server (32-bit)
2.39.0.0
Listening on port 5555
Successful Login to Usampadmin
{:title=>"Welcome Back!"}
["C:/Ruby192/lib/ruby/gems/1.9.1/gems/watir-webdriver-0.6.1/lib/watir-webdriver/window.rb:122:in `locate'", "C:/Ruby192/lib/ruby/gems/1.9.1/gems/watir-webdriver-0.6.1/lib/watir-webdriver/window.rb:106:in `handle'", "C:/Ruby192/lib/ruby/gems/1.9.1/gems/watir-webdriver-0.6.1/lib/watir-webdriver/window.rb:99:in `use'", "Test_60_Survey_complete_invalid_token.rb:71:in `test_02_survey_complete'", "C:/Ruby192/lib/ruby/1.9.1/minitest/unit.rb:695:in `run'", "C:/Ruby192/lib/ruby/1.9.1/minitest/unit.rb:656:in `block (2 levels) in run_test_suites'", "C:/Ruby192/lib/ruby/1.9.1/minitest/unit.rb:650:in `each'", "C:/Ruby192/lib/ruby/1.9.1/minitest/unit.rb:650:in `block in run_test_suites'", "C:/Ruby192/lib/ruby/1.9.1/minitest/unit.rb:649:in `each'", "C:/Ruby192/lib/ruby/1.9.1/minitest/unit.rb:649:in `run_test_suites'", "C:/Ruby192/lib/ruby/1.9.1/minitest/unit.rb:609:in `run'", "C:/Ruby192/lib/ruby/1.9.1/minitest/unit.rb:508:in `block in autorun'"]
.26201
121155
Started InternetExplorerDriver server (32-bit)
2.39.0.0
Listening on port 5555
Successful Login to Usampadmin
.
Finished in 138.941946 seconds.

3 tests, 0 assertions, 0 failures, 0 errors, 0 skips

Test run options: --seed 7479
Loaded suite Test_61_Rewards_at_site_level
Started
.Started InternetExplorerDriver server (32-bit)
2.39.0.0
Listening on port 5555
Successful Login to Usampadmin
26201
121155
PASS
PASS
.121155
Successful Login to ipoll site
## Waiting for surveys to load ##
linkMTIxMTU1
Started InternetExplorerDriver server (32-bit)
2.39.0.0
Listening on port 5555
Successful Login to Usampadmin
***
<TD>Earned</TD>
PASS
{:url=>"https://www.p.ipoll.com/dashboard.php"}
["C:/Ruby192/lib/ruby/gems/1.9.1/gems/watir-webdriver-0.6.1/lib/watir-webdriver/window.rb:122:in `locate'", "C:/Ruby192/lib/ruby/gems/1.9.1/gems/watir-webdriver-0.6.1/lib/watir-webdriver/window.rb:106:in `handle'", "C:/Ruby192/lib/ruby/gems/1.9.1/gems/watir-webdriver-0.6.1/lib/watir-webdriver/window.rb:99:in `use'", "Test_61_Rewards_at_site_level.rb:196:in `block in test_03_success_reward'", "C:/Ruby192/lib/ruby/gems/1.9.1/gems/selenium-webdriver-2.31.0/lib/selenium/webdriver/common/target_locator.rb:37:in `window'", "C:/Ruby192/lib/ruby/gems/1.9.1/gems/watir-webdriver-0.6.1/lib/watir-webdriver/window.rb:99:in `use'", "Test_61_Rewards_at_site_level.rb:145:in `test_03_success_reward'", "C:/Ruby192/lib/ruby/1.9.1/minitest/unit.rb:695:in `run'", "C:/Ruby192/lib/ruby/1.9.1/minitest/unit.rb:656:in `block (2 levels) in run_test_suites'", "C:/Ruby192/lib/ruby/1.9.1/minitest/unit.rb:650:in `each'", "C:/Ruby192/lib/ruby/1.9.1/minitest/unit.rb:650:in `block in run_test_suites'", "C:/Ruby192/lib/ruby/1.9.1/minitest/unit.rb:649:in `each'", "C:/Ruby192/lib/ruby/1.9.1/minitest/unit.rb:649:in `run_test_suites'", "C:/Ruby192/lib/ruby/1.9.1/minitest/unit.rb:609:in `run'", "C:/Ruby192/lib/ruby/1.9.1/minitest/unit.rb:508:in `block in autorun'"]
.121155
Successful Login to ipoll site
## Waiting for surveys to load ##
linkMTIxMTU1
unable to locate element, using {:id=>"linkMTIxMTU1", :tag_name=>"a"}
["C:/Ruby192/lib/ruby/gems/1.9.1/gems/watir-webdriver-0.6.1/lib/watir-webdriver/elements/element.rb:365:in `assert_exists'", "C:/Ruby192/lib/ruby/gems/1.9.1/gems/watir-webdriver-0.6.1/lib/watir-webdriver/elements/element.rb:95:in `click'", "Test_61_Rewards_at_site_level.rb:263:in `test_04_fail_reward'", "C:/Ruby192/lib/ruby/1.9.1/minitest/unit.rb:695:in `run'", "C:/Ruby192/lib/ruby/1.9.1/minitest/unit.rb:656:in `block (2 levels) in run_test_suites'", "C:/Ruby192/lib/ruby/1.9.1/minitest/unit.rb:650:in `each'", "C:/Ruby192/lib/ruby/1.9.1/minitest/unit.rb:650:in `block in run_test_suites'", "C:/Ruby192/lib/ruby/1.9.1/minitest/unit.rb:649:in `each'", "C:/Ruby192/lib/ruby/1.9.1/minitest/unit.rb:649:in `run_test_suites'", "C:/Ruby192/lib/ruby/1.9.1/minitest/unit.rb:609:in `run'", "C:/Ruby192/lib/ruby/1.9.1/minitest/unit.rb:508:in `block in autorun'"]
.121155
Successful Login to ipoll site
## Waiting for surveys to load ##
linkMTIxMTU1
{:url=>"https://www.p.ipoll.com/dashboard.php"}
["C:/Ruby192/lib/ruby/gems/1.9.1/gems/watir-webdriver-0.6.1/lib/watir-webdriver/window.rb:122:in `locate'", "C:/Ruby192/lib/ruby/gems/1.9.1/gems/watir-webdriver-0.6.1/lib/watir-webdriver/window.rb:106:in `handle'", "C:/Ruby192/lib/ruby/gems/1.9.1/gems/watir-webdriver-0.6.1/lib/watir-webdriver/window.rb:99:in `use'", "Test_61_Rewards_at_site_level.rb:350:in `block in test_05_oq_reward'", "C:/Ruby192/lib/ruby/gems/1.9.1/gems/selenium-webdriver-2.31.0/lib/selenium/webdriver/common/target_locator.rb:37:in `window'", "C:/Ruby192/lib/ruby/gems/1.9.1/gems/watir-webdriver-0.6.1/lib/watir-webdriver/window.rb:99:in `use'", "Test_61_Rewards_at_site_level.rb:342:in `test_05_oq_reward'", "C:/Ruby192/lib/ruby/1.9.1/minitest/unit.rb:695:in `run'", "C:/Ruby192/lib/ruby/1.9.1/minitest/unit.rb:656:in `block (2 levels) in run_test_suites'", "C:/Ruby192/lib/ruby/1.9.1/minitest/unit.rb:650:in `each'", "C:/Ruby192/lib/ruby/1.9.1/minitest/unit.rb:650:in `block in run_test_suites'", "C:/Ruby192/lib/ruby/1.9.1/minitest/unit.rb:649:in `each'", "C:/Ruby192/lib/ruby/1.9.1/minitest/unit.rb:649:in `run_test_suites'", "C:/Ruby192/lib/ruby/1.9.1/minitest/unit.rb:609:in `run'", "C:/Ruby192/lib/ruby/1.9.1/minitest/unit.rb:508:in `block in autorun'"]
.Started InternetExplorerDriver server (32-bit)
2.39.0.0
Listening on port 5555
Successful Login to Usampadmin
.
Finished in 421.232229 seconds.

6 tests, 0 assertions, 0 failures, 0 errors, 0 skips

Test run options: --seed 48426
Loaded suite Test_62_Reward_config_foriegn_lang
Started
.Started InternetExplorerDriver server (32-bit)
2.39.0.0
Listening on port 5555
Successful Login to Usampadmin
2090
passed
Donacion espanola
passed
.Sorry! System Failed to login to ipoll site
desc_pl_passed
don_pl_passed
.
Finished in 159.411351 seconds.

3 tests, 0 assertions, 0 failures, 0 errors, 0 skips

Test run options: --seed 53978
Loaded suite Test_63_Broadcasts
Started
.Successful Login to Usampadmin
26201
121155
PASS
.Successful Login to Usampadmin
26201
121155
PASS
PASS
143063
Waiting for system to send email..
.Successful Login to Usampadmin
26201
121155
PASS
PASS
143064
.143063
121155
http://p.ipoll.com/al.php?e=usamp_bcast1@rediffmail.com&memid=10606227&QGID=MTIxMTU1
=&broadcast_id=MTQzMDYzCg==
unable to locate element, using {:value=>"START SURVEY", :tag_name=>"button"}
["C:/Ruby192/lib/ruby/gems/1.9.1/gems/watir-webdriver-0.6.1/lib/watir-webdriver/elements/element.rb:365:in `assert_exists'", "C:/Ruby192/lib/ruby/gems/1.9.1/gems/watir-webdriver-0.6.1/lib/watir-webdriver/elements/element.rb:95:in `click'", "Test_63_Broadcasts.rb:304:in `test_05_complete_survey'", "C:/Ruby192/lib/ruby/1.9.1/minitest/unit.rb:695:in `run'", "C:/Ruby192/lib/ruby/1.9.1/minitest/unit.rb:656:in `block (2 levels) in run_test_suites'", "C:/Ruby192/lib/ruby/1.9.1/minitest/unit.rb:650:in `each'", "C:/Ruby192/lib/ruby/1.9.1/minitest/unit.rb:650:in `block in run_test_suites'", "C:/Ruby192/lib/ruby/1.9.1/minitest/unit.rb:649:in `each'", "C:/Ruby192/lib/ruby/1.9.1/minitest/unit.rb:649:in `run_test_suites'", "C:/Ruby192/lib/ruby/1.9.1/minitest/unit.rb:609:in `run'", "C:/Ruby192/lib/ruby/1.9.1/minitest/unit.rb:508:in `block in autorun'"]
.Successful Login to Usampadmin
26201
121155
PASS
.Successful Login to Usampadmin
26201
121155
09
29
20
**
9
45
expected Hash or (:how, 'what'), got [:name, "rdTime", "am"]
["C:/Ruby192/lib/ruby/gems/1.9.1/gems/watir-webdriver-0.6.1/lib/watir-webdriver/container.rb:26:in `extract_selector'", "C:/Ruby192/lib/ruby/gems/1.9.1/gems/watir-webdriver-0.6.1/lib/watir-webdriver/elements/radio.rb:27:in `radio'", "Test_63_Broadcasts.rb:513:in `test_07_schedule_bcast'", "C:/Ruby192/lib/ruby/1.9.1/minitest/unit.rb:695:in `run'", "C:/Ruby192/lib/ruby/1.9.1/minitest/unit.rb:656:in `block (2 levels) in run_test_suites'", "C:/Ruby192/lib/ruby/1.9.1/minitest/unit.rb:650:in `each'", "C:/Ruby192/lib/ruby/1.9.1/minitest/unit.rb:650:in `block in run_test_suites'", "C:/Ruby192/lib/ruby/1.9.1/minitest/unit.rb:649:in `each'", "C:/Ruby192/lib/ruby/1.9.1/minitest/unit.rb:649:in `run_test_suites'", "C:/Ruby192/lib/ruby/1.9.1/minitest/unit.rb:609:in `run'", "C:/Ruby192/lib/ruby/1.9.1/minitest/unit.rb:508:in `block in autorun'"]
.Successful Login to Usampadmin
26201
121155
143063
143064
Waiting for system to send broadcast...
Waiting for system to send broadcast...
Bcast:121155 (Complete)
PASS
Rem:121155 (Complete)
PASS
.FAIL:TAKING TOO LONG
FAIL:TAKING TOO LONG
unable to locate element, using {:text=>"Signout", :tag_name=>"a"}
["C:/Ruby192/lib/ruby/gems/1.9.1/gems/watir-webdriver-0.6.1/lib/watir-webdriver/elements/element.rb:365:in `assert_exists'", "C:/Ruby192/lib/ruby/gems/1.9.1/gems/watir-webdriver-0.6.1/lib/watir-webdriver/elements/element.rb:95:in `click'", "Test_63_Broadcasts.rb:701:in `test_09_check_email_delivery'", "C:/Ruby192/lib/ruby/1.9.1/minitest/unit.rb:695:in `run'", "C:/Ruby192/lib/ruby/1.9.1/minitest/unit.rb:656:in `block (2 levels) in run_test_suites'", "C:/Ruby192/lib/ruby/1.9.1/minitest/unit.rb:650:in `each'", "C:/Ruby192/lib/ruby/1.9.1/minitest/unit.rb:650:in `block in run_test_suites'", "C:/Ruby192/lib/ruby/1.9.1/minitest/unit.rb:649:in `each'", "C:/Ruby192/lib/ruby/1.9.1/minitest/unit.rb:649:in `run_test_suites'", "C:/Ruby192/lib/ruby/1.9.1/minitest/unit.rb:609:in `run'", "C:/Ruby192/lib/ruby/1.9.1/minitest/unit.rb:508:in `block in autorun'"]
.Successful Login to Usampadmin
26201
121155
.
Finished in 1423.132734 seconds.

10 tests, 0 assertions, 0 failures, 0 errors, 0 skips

Test run options: --seed 8304
Loaded suite Test_64_Email_clicks_allowed
Started
.Started InternetExplorerDriver server (32-bit)
2.39.0.0
Listening on port 5555
Successful Login to Usampadmin
26201
121570
PASS
.Started InternetExplorerDriver server (32-bit)
2.39.0.0
Listening on port 5556
Successful Login to Usampadmin
26201
121570
PASS
.Started InternetExplorerDriver server (32-bit)
2.39.0.0
Listening on port 5555
Successful Login to Usampadmin
26201
121570
PASS
PASS
143066
Waiting for system to send email..
.143066
121570
http://p.ipoll.com/al.php?e=usamp_bcast1@rediffmail.com&memid=10606227&QGID=MTIxNTcw
=&broadcast_id=MTQzMDY2Cg==
unable to locate element, using {:value=>"START SURVEY", :tag_name=>"button"}
["C:/Ruby192/lib/ruby/gems/1.9.1/gems/watir-webdriver-0.6.1/lib/watir-webdriver/elements/element.rb:365:in `assert_exists'", "C:/Ruby192/lib/ruby/gems/1.9.1/gems/watir-webdriver-0.6.1/lib/watir-webdriver/elements/element.rb:95:in `click'", "Test_64_Email_clicks_allowed.rb:276:in `test_05_check_survey_clicks'", "C:/Ruby192/lib/ruby/1.9.1/minitest/unit.rb:695:in `run'", "C:/Ruby192/lib/ruby/1.9.1/minitest/unit.rb:656:in `block (2 levels) in run_test_suites'", "C:/Ruby192/lib/ruby/1.9.1/minitest/unit.rb:650:in `each'", "C:/Ruby192/lib/ruby/1.9.1/minitest/unit.rb:650:in `block in run_test_suites'", "C:/Ruby192/lib/ruby/1.9.1/minitest/unit.rb:649:in `each'", "C:/Ruby192/lib/ruby/1.9.1/minitest/unit.rb:649:in `run_test_suites'", "C:/Ruby192/lib/ruby/1.9.1/minitest/unit.rb:609:in `run'", "C:/Ruby192/lib/ruby/1.9.1/minitest/unit.rb:508:in `block in autorun'"]
.Started InternetExplorerDriver server (32-bit)
2.39.0.0
Listening on port 5555
Successful Login to Usampadmin
26201
121570
PASS
.143066
121570
http://p.ipoll.com/al.php?e=usamp_bcast1@rediffmail.com&memid=10606227&QGID=MTIxNTcw
=&broadcast_id=MTQzMDY2Cg==
unable to locate element, using {:value=>"START SURVEY", :tag_name=>"button"}
["C:/Ruby192/lib/ruby/gems/1.9.1/gems/watir-webdriver-0.6.1/lib/watir-webdriver/elements/element.rb:365:in `assert_exists'", "C:/Ruby192/lib/ruby/gems/1.9.1/gems/watir-webdriver-0.6.1/lib/watir-webdriver/elements/element.rb:95:in `click'", "Test_64_Email_clicks_allowed.rb:413:in `test_07_check_survey_clicks_after_reverting'", "C:/Ruby192/lib/ruby/1.9.1/minitest/unit.rb:695:in `run'", "C:/Ruby192/lib/ruby/1.9.1/minitest/unit.rb:656:in `block (2 levels) in run_test_suites'", "C:/Ruby192/lib/ruby/1.9.1/minitest/unit.rb:650:in `each'", "C:/Ruby192/lib/ruby/1.9.1/minitest/unit.rb:650:in `block in run_test_suites'", "C:/Ruby192/lib/ruby/1.9.1/minitest/unit.rb:649:in `each'", "C:/Ruby192/lib/ruby/1.9.1/minitest/unit.rb:649:in `run_test_suites'", "C:/Ruby192/lib/ruby/1.9.1/minitest/unit.rb:609:in `run'", "C:/Ruby192/lib/ruby/1.9.1/minitest/unit.rb:508:in `block in autorun'"]
.Started InternetExplorerDriver server (32-bit)
2.39.0.0
Listening on port 5555
Successful Login to Usampadmin
26201
121570
.
Finished in 662.025421 seconds.

8 tests, 0 assertions, 0 failures, 0 errors, 0 skips

Test run options: --seed 14314
Loaded suite Test_65_Project_QG_Create
Started
.Started InternetExplorerDriver server (32-bit)
2.39.0.0
Listening on port 5555
Successful Login to Usampadmin
26420
.QG CREATION PASS
121575
..
Finished in 547.349143 seconds.

4 tests, 0 assertions, 0 failures, 0 errors, 0 skips

Test run options: --seed 15334
Loaded suite Test_66_Config_setting_cases
Started
.Started InternetExplorerDriver server (32-bit)
2.39.0.0
Listening on port 5555
Successful Login to Usampadmin
PASS
26420
121575
.Sorry! System Failed to login to ipoll site
121575
linkMTIxNTc1
unable to locate element, using {:id=>"linkMTIxNTc1", :tag_name=>"a"}
["C:/Ruby192/lib/ruby/gems/1.9.1/gems/watir-webdriver-0.6.1/lib/watir-webdriver/elements/element.rb:365:in `assert_exists'", "C:/Ruby192/lib/ruby/gems/1.9.1/gems/watir-webdriver-0.6.1/lib/watir-webdriver/elements/element.rb:95:in `click'", "Test_66_Config_setting_cases.rb:115:in `test_03_survey_complete'", "C:/Ruby192/lib/ruby/1.9.1/minitest/unit.rb:695:in `run'", "C:/Ruby192/lib/ruby/1.9.1/minitest/unit.rb:656:in `block (2 levels) in run_test_suites'", "C:/Ruby192/lib/ruby/1.9.1/minitest/unit.rb:650:in `each'", "C:/Ruby192/lib/ruby/1.9.1/minitest/unit.rb:650:in `block in run_test_suites'", "C:/Ruby192/lib/ruby/1.9.1/minitest/unit.rb:649:in `each'", "C:/Ruby192/lib/ruby/1.9.1/minitest/unit.rb:649:in `run_test_suites'", "C:/Ruby192/lib/ruby/1.9.1/minitest/unit.rb:609:in `run'", "C:/Ruby192/lib/ruby/1.9.1/minitest/unit.rb:508:in `block in autorun'"]
.Started InternetExplorerDriver server (32-bit)
2.39.0.0
Listening on port 5555
Successful Login to Usampadmin
26420
121575
Fail
.Started InternetExplorerDriver server (32-bit)
2.39.0.0
Listening on port 5555
Successful Login to Usampadmin
Fail
.
Finished in 208.648637 seconds.

5 tests, 0 assertions, 0 failures, 0 errors, 0 skips

Test run options: --seed 50438
Loaded suite Test_67_No_of_QG_clicks_allowed
Started
.Started InternetExplorerDriver server (32-bit)
2.39.0.0
Listening on port 5555
Successful Login to Usampadmin
26420
121575
PASS
.Successful Login to ipoll site
121575
linkMTIxNTc1
unable to locate element, using {:id=>"linkMTIxNTc1", :tag_name=>"a"}
["C:/Ruby192/lib/ruby/gems/1.9.1/gems/watir-webdriver-0.6.1/lib/watir-webdriver/elements/element.rb:365:in `assert_exists'", "C:/Ruby192/lib/ruby/gems/1.9.1/gems/watir-webdriver-0.6.1/lib/watir-webdriver/elements/element.rb:95:in `click'", "Test_67_No_of_QG_clicks_allowed.rb:111:in `test_03_check_clicks'", "C:/Ruby192/lib/ruby/1.9.1/minitest/unit.rb:695:in `run'", "C:/Ruby192/lib/ruby/1.9.1/minitest/unit.rb:656:in `block (2 levels) in run_test_suites'", "C:/Ruby192/lib/ruby/1.9.1/minitest/unit.rb:650:in `each'", "C:/Ruby192/lib/ruby/1.9.1/minitest/unit.rb:650:in `block in run_test_suites'", "C:/Ruby192/lib/ruby/1.9.1/minitest/unit.rb:649:in `each'", "C:/Ruby192/lib/ruby/1.9.1/minitest/unit.rb:649:in `run_test_suites'", "C:/Ruby192/lib/ruby/1.9.1/minitest/unit.rb:609:in `run'", "C:/Ruby192/lib/ruby/1.9.1/minitest/unit.rb:508:in `block in autorun'"]
.Started InternetExplorerDriver server (32-bit)
2.39.0.0
Listening on port 5555
Successful Login to Usampadmin
26420
121575
PASS
.Successful Login to ipoll site
121575
FAIL
linkMTIxNTc1
unable to locate element, using {:id=>"linkMTIxNTc1", :tag_name=>"a"}
["C:/Ruby192/lib/ruby/gems/1.9.1/gems/watir-webdriver-0.6.1/lib/watir-webdriver/elements/element.rb:365:in `assert_exists'", "C:/Ruby192/lib/ruby/gems/1.9.1/gems/watir-webdriver-0.6.1/lib/watir-webdriver/elements/element.rb:95:in `click'", "Test_67_No_of_QG_clicks_allowed.rb:270:in `test_05_check_QG_after_settings_change'", "C:/Ruby192/lib/ruby/1.9.1/minitest/unit.rb:695:in `run'", "C:/Ruby192/lib/ruby/1.9.1/minitest/unit.rb:656:in `block (2 levels) in run_test_suites'", "C:/Ruby192/lib/ruby/1.9.1/minitest/unit.rb:650:in `each'", "C:/Ruby192/lib/ruby/1.9.1/minitest/unit.rb:650:in `block in run_test_suites'", "C:/Ruby192/lib/ruby/1.9.1/minitest/unit.rb:649:in `each'", "C:/Ruby192/lib/ruby/1.9.1/minitest/unit.rb:649:in `run_test_suites'", "C:/Ruby192/lib/ruby/1.9.1/minitest/unit.rb:609:in `run'", "C:/Ruby192/lib/ruby/1.9.1/minitest/unit.rb:508:in `block in autorun'"]
.Successful Login to ipoll site
121575
PASS
.Started InternetExplorerDriver server (32-bit)
2.39.0.0
Listening on port 5555
Successful Login to Usampadmin
26420
121575
PASS
.
Finished in 471.955623 seconds.

7 tests, 0 assertions, 0 failures, 0 errors, 0 skips

Test run options: --seed 6989
Loaded suite Test_68_QG_cpi_cases
Started
.Started InternetExplorerDriver server (32-bit)
2.39.0.0
Listening on port 5555
Successful Login to Usampadmin
26420
121575
QG COPIED
121576
.Started InternetExplorerDriver server (32-bit)
2.39.0.0
Listening on port 5555
Successful Login to Usampadmin
3.00
2.00
5.00
PASS
.264
test string
auto_test.des2014-04-01101424@mailinator.com
**** Waiting for surveys to load ****
.Started InternetExplorerDriver server (32-bit)
2.39.0.0
Listening on port 5555
Successful Login to Usampadmin
26420
121575
121576
.auto_test.des2014-04-01101424@mailinator.com
Successful Login to ipoll site
Logged in to iPoll for case 3
121575
linkMTIxNTc1
PASS for case 3
80
9be5c62a3b984372ab34a82#p/186a0
.Started InternetExplorerDriver server (32-bit)
2.39.0.0
Listening on port 5555
Successful Login to Usampadmin
26420
121575
Fail
.auto_test.des2014-04-01101424@mailinator.com
Successful Login to ipoll site
121576
linkMTIxNTc2
unable to locate element, using {:id=>"linkMTIxNTc2", :tag_name=>"a"}
["C:/Ruby192/lib/ruby/gems/1.9.1/gems/watir-webdriver-0.6.1/lib/watir-webdriver/elements/element.rb:365:in `assert_exists'", "C:/Ruby192/lib/ruby/gems/1.9.1/gems/watir-webdriver-0.6.1/lib/watir-webdriver/elements/element.rb:95:in `click'", "Test_68_QG_cpi_cases.rb:475:in `test_08_second_survey'", "C:/Ruby192/lib/ruby/1.9.1/minitest/unit.rb:695:in `run'", "C:/Ruby192/lib/ruby/1.9.1/minitest/unit.rb:656:in `block (2 levels) in run_test_suites'", "C:/Ruby192/lib/ruby/1.9.1/minitest/unit.rb:650:in `each'", "C:/Ruby192/lib/ruby/1.9.1/minitest/unit.rb:650:in `block in run_test_suites'", "C:/Ruby192/lib/ruby/1.9.1/minitest/unit.rb:649:in `each'", "C:/Ruby192/lib/ruby/1.9.1/minitest/unit.rb:649:in `run_test_suites'", "C:/Ruby192/lib/ruby/1.9.1/minitest/unit.rb:609:in `run'", "C:/Ruby192/lib/ruby/1.9.1/minitest/unit.rb:508:in `block in autorun'"]
.Started InternetExplorerDriver server (32-bit)
2.39.0.0
Listening on port 5555
Successful Login to Usampadmin
26420
121576
.
Finished in 752.544521 seconds.

9 tests, 0 assertions, 0 failures, 0 errors, 0 skips

Test run options: --seed 25834
Loaded suite Test_69_QG_notif_email
Started
.26201
121572
FAIL:TAKING TOO LONG
unable to locate element, using {:text=>"Signout", :tag_name=>"a"}
["C:/Ruby192/lib/ruby/gems/1.9.1/gems/watir-webdriver-0.6.1/lib/watir-webdriver/elements/element.rb:365:in `assert_exists'", "C:/Ruby192/lib/ruby/gems/1.9.1/gems/watir-webdriver-0.6.1/lib/watir-webdriver/elements/element.rb:95:in `click'", "Test_69_QG_notif_email.rb:90:in `test_02_check_notif_email_delivery'", "C:/Ruby192/lib/ruby/1.9.1/minitest/unit.rb:695:in `run'", "C:/Ruby192/lib/ruby/1.9.1/minitest/unit.rb:656:in `block (2 levels) in run_test_suites'", "C:/Ruby192/lib/ruby/1.9.1/minitest/unit.rb:650:in `each'", "C:/Ruby192/lib/ruby/1.9.1/minitest/unit.rb:650:in `block in run_test_suites'", "C:/Ruby192/lib/ruby/1.9.1/minitest/unit.rb:649:in `each'", "C:/Ruby192/lib/ruby/1.9.1/minitest/unit.rb:649:in `run_test_suites'", "C:/Ruby192/lib/ruby/1.9.1/minitest/unit.rb:609:in `run'", "C:/Ruby192/lib/ruby/1.9.1/minitest/unit.rb:508:in `block in autorun'"]
.Started InternetExplorerDriver server (32-bit)
2.39.0.0
Listening on port 5555
Successful Login to Usampadmin
26201
121572
Pass
.
Finished in 224.383616 seconds.

3 tests, 0 assertions, 0 failures, 0 errors, 0 skips

Test run options: --seed 29367
Loaded suite Test_71_Routing_qns_QG
Started
.Started InternetExplorerDriver server (32-bit)
2.39.0.0
Listening on port 5555
Successful Login to Usampadmin
26420
121575
PASS
.Successful Login to ipoll site
121575
linkMTIxNTc1
Timeout::Error
["C:/Ruby192/lib/ruby/1.9.1/net/protocol.rb:140:in `rescue in rbuf_fill'", "C:/Ruby192/lib/ruby/1.9.1/net/protocol.rb:134:in `rbuf_fill'", "C:/Ruby192/lib/ruby/1.9.1/net/protocol.rb:116:in `readuntil'", "C:/Ruby192/lib/ruby/1.9.1/net/protocol.rb:126:in `readline'", "C:/Ruby192/lib/ruby/1.9.1/net/http.rb:2219:in `read_status_line'", "C:/Ruby192/lib/ruby/1.9.1/net/http.rb:2208:in `read_new'", "C:/Ruby192/lib/ruby/1.9.1/net/http.rb:1191:in `transport_request'", "C:/Ruby192/lib/ruby/1.9.1/net/http.rb:1177:in `request'", "C:/Ruby192/lib/ruby/1.9.1/net/http.rb:1170:in `block in request'", "C:/Ruby192/lib/ruby/1.9.1/net/http.rb:627:in `start'", "C:/Ruby192/lib/ruby/1.9.1/net/http.rb:1168:in `request'", "C:/Ruby192/lib/ruby/gems/1.9.1/gems/selenium-webdriver-2.31.0/lib/selenium/webdriver/remote/http/default.rb:83:in `response_for'", "C:/Ruby192/lib/ruby/gems/1.9.1/gems/selenium-webdriver-2.31.0/lib/selenium/webdriver/remote/http/default.rb:39:in `request'", "C:/Ruby192/lib/ruby/gems/1.9.1/gems/selenium-webdriver-2.31.0/lib/selenium/webdriver/remote/http/common.rb:40:in `call'", "C:/Ruby192/lib/ruby/gems/1.9.1/gems/selenium-webdriver-2.31.0/lib/selenium/webdriver/remote/bridge.rb:616:in `raw_execute'", "C:/Ruby192/lib/ruby/gems/1.9.1/gems/selenium-webdriver-2.31.0/lib/selenium/webdriver/remote/bridge.rb:594:in `execute'", "C:/Ruby192/lib/ruby/gems/1.9.1/gems/selenium-webdriver-2.31.0/lib/selenium/webdriver/remote/bridge.rb:505:in `getElementText'", "C:/Ruby192/lib/ruby/gems/1.9.1/gems/selenium-webdriver-2.31.0/lib/selenium/webdriver/common/element.rb:108:in `text'", "C:/Ruby192/lib/ruby/gems/1.9.1/gems/watir-webdriver-0.6.1/lib/watir-webdriver/browser.rb:97:in `text'", "Test_71_Routing_qns_QG.rb:121:in `test_03_survey_on_dashboard_existing_member'", "C:/Ruby192/lib/ruby/1.9.1/minitest/unit.rb:695:in `run'", "C:/Ruby192/lib/ruby/1.9.1/minitest/unit.rb:656:in `block (2 levels) in run_test_suites'", "C:/Ruby192/lib/ruby/1.9.1/minitest/unit.rb:650:in `each'", "C:/Ruby192/lib/ruby/1.9.1/minitest/unit.rb:650:in `block in run_test_suites'", "C:/Ruby192/lib/ruby/1.9.1/minitest/unit.rb:649:in `each'", "C:/Ruby192/lib/ruby/1.9.1/minitest/unit.rb:649:in `run_test_suites'", "C:/Ruby192/lib/ruby/1.9.1/minitest/unit.rb:609:in `run'", "C:/Ruby192/lib/ruby/1.9.1/minitest/unit.rb:508:in `block in autorun'"]
.264
test string
**** Waiting for surveys to load ****
Reg:Pass
http://www.p.ipoll.com/profile.php?PrId=MTY5
&PrLId=Mg==
unable to locate element, using {:index=>1, :tag_name=>"input", :type=>"radio"}
["C:/Ruby192/lib/ruby/gems/1.9.1/gems/watir-webdriver-0.6.1/lib/watir-webdriver/elements/element.rb:365:in `assert_exists'", "C:/Ruby192/lib/ruby/gems/1.9.1/gems/watir-webdriver-0.6.1/lib/watir-webdriver/elements/radio.rb:9:in `set'", "Test_71_Routing_qns_QG.rb:252:in `test_04_survey_on_dashboard_new_member'", "C:/Ruby192/lib/ruby/1.9.1/minitest/unit.rb:695:in `run'", "C:/Ruby192/lib/ruby/1.9.1/minitest/unit.rb:656:in `block (2 levels) in run_test_suites'", "C:/Ruby192/lib/ruby/1.9.1/minitest/unit.rb:650:in `each'", "C:/Ruby192/lib/ruby/1.9.1/minitest/unit.rb:650:in `block in run_test_suites'", "C:/Ruby192/lib/ruby/1.9.1/minitest/unit.rb:649:in `each'", "C:/Ruby192/lib/ruby/1.9.1/minitest/unit.rb:649:in `run_test_suites'", "C:/Ruby192/lib/ruby/1.9.1/minitest/unit.rb:609:in `run'", "C:/Ruby192/lib/ruby/1.9.1/minitest/unit.rb:508:in `block in autorun'"]
.Started InternetExplorerDriver server (32-bit)
2.39.0.0
Listening on port 5555
Successful Login to Usampadmin
26420
121575
Modal dialog present
["C:/Ruby192/lib/ruby/gems/1.9.1/gems/selenium-webdriver-2.31.0/lib/selenium/webdriver/remote/response.rb:52:in `assert_ok'", "C:/Ruby192/lib/ruby/gems/1.9.1/gems/selenium-webdriver-2.31.0/lib/selenium/webdriver/remote/response.rb:15:in `initialize'", "C:/Ruby192/lib/ruby/gems/1.9.1/gems/selenium-webdriver-2.31.0/lib/selenium/webdriver/remote/http/common.rb:59:in `new'", "C:/Ruby192/lib/ruby/gems/1.9.1/gems/selenium-webdriver-2.31.0/lib/selenium/webdriver/remote/http/common.rb:59:in `create_response'", "C:/Ruby192/lib/ruby/gems/1.9.1/gems/selenium-webdriver-2.31.0/lib/selenium/webdriver/remote/http/default.rb:66:in `request'", "C:/Ruby192/lib/ruby/gems/1.9.1/gems/selenium-webdriver-2.31.0/lib/selenium/webdriver/remote/http/common.rb:40:in `call'", "C:/Ruby192/lib/ruby/gems/1.9.1/gems/selenium-webdriver-2.31.0/lib/selenium/webdriver/remote/bridge.rb:616:in `raw_execute'", "C:/Ruby192/lib/ruby/gems/1.9.1/gems/selenium-webdriver-2.31.0/lib/selenium/webdriver/remote/bridge.rb:594:in `execute'", "C:/Ruby192/lib/ruby/gems/1.9.1/gems/selenium-webdriver-2.31.0/lib/selenium/webdriver/remote/bridge.rb:184:in `switchToDefaultContent'", "C:/Ruby192/lib/ruby/gems/1.9.1/gems/selenium-webdriver-2.31.0/lib/selenium/webdriver/common/target_locator.rb:68:in `default_content'", "C:/Ruby192/lib/ruby/gems/1.9.1/gems/watir-webdriver-0.6.1/lib/watir-webdriver/browser.rb:180:in `assert_exists'", "C:/Ruby192/lib/ruby/gems/1.9.1/gems/watir-webdriver-0.6.1/lib/watir-webdriver/elements/button.rb:52:in `locate'", "C:/Ruby192/lib/ruby/gems/1.9.1/gems/watir-webdriver-0.6.1/lib/watir-webdriver/elements/element.rb:362:in `assert_exists'", "C:/Ruby192/lib/ruby/gems/1.9.1/gems/watir-webdriver-0.6.1/lib/watir-webdriver/elements/element.rb:95:in `click'", "Test_71_Routing_qns_QG.rb:335:in `test_05_remove_routing_qn'", "C:/Ruby192/lib/ruby/1.9.1/minitest/unit.rb:695:in `run'", "C:/Ruby192/lib/ruby/1.9.1/minitest/unit.rb:656:in `block (2 levels) in run_test_suites'", "C:/Ruby192/lib/ruby/1.9.1/minitest/unit.rb:650:in `each'", "C:/Ruby192/lib/ruby/1.9.1/minitest/unit.rb:650:in `block in run_test_suites'", "C:/Ruby192/lib/ruby/1.9.1/minitest/unit.rb:649:in `each'", "C:/Ruby192/lib/ruby/1.9.1/minitest/unit.rb:649:in `run_test_suites'", "C:/Ruby192/lib/ruby/1.9.1/minitest/unit.rb:609:in `run'", "C:/Ruby192/lib/ruby/1.9.1/minitest/unit.rb:508:in `block in autorun'"]
.
Finished in 314.949593 seconds.

5 tests, 0 assertions, 0 failures, 0 errors, 0 skips

Test run options: --seed 50784
Loaded suite Test_72_Member_registration_UK
Started
.test string
auto_test.des2014-04-011033@mailop.com
**** Waiting for surveys to load ****
.Started InternetExplorerDriver server (32-bit)
2.39.0.0
Listening on port 5555
Successful Login to Usampadmin
auto_test.des2014-04-011033@mailop.com
M24652804
.Element is not currently visible and so may not be interacted with
["[remote server] file:///C:/DOCUME~1/ADMINI~1/LOCALS~1/Temp/2/webdriver-rb-profilecopy20140401-8560-c53lrp/extensions/fxdriver@googlecode.com/components/command_processor.js:7567:in `unknown'", "[remote server] file:///C:/DOCUME~1/ADMINI~1/LOCALS~1/Temp/2/webdriver-rb-profilecopy20140401-8560-c53lrp/extensions/fxdriver@googlecode.com/components/command_processor.js:10256:in `unknown'", "[remote server] file:///C:/DOCUME~1/ADMINI~1/LOCALS~1/Temp/2/webdriver-rb-profilecopy20140401-8560-c53lrp/extensions/fxdriver@googlecode.com/components/command_processor.js:10275:in `unknown'", "[remote server] file:///C:/DOCUME~1/ADMINI~1/LOCALS~1/Temp/2/webdriver-rb-profilecopy20140401-8560-c53lrp/extensions/fxdriver@googlecode.com/components/command_processor.js:10280:in `unknown'", "[remote server] file:///C:/DOCUME~1/ADMINI~1/LOCALS~1/Temp/2/webdriver-rb-profilecopy20140401-8560-c53lrp/extensions/fxdriver@googlecode.com/components/command_processor.js:10220:in `unknown'", "C:/Ruby192/lib/ruby/gems/1.9.1/gems/selenium-webdriver-2.31.0/lib/selenium/webdriver/remote/response.rb:52:in `assert_ok'", "C:/Ruby192/lib/ruby/gems/1.9.1/gems/selenium-webdriver-2.31.0/lib/selenium/webdriver/remote/response.rb:15:in `initialize'", "C:/Ruby192/lib/ruby/gems/1.9.1/gems/selenium-webdriver-2.31.0/lib/selenium/webdriver/remote/http/common.rb:59:in `new'", "C:/Ruby192/lib/ruby/gems/1.9.1/gems/selenium-webdriver-2.31.0/lib/selenium/webdriver/remote/http/common.rb:59:in `create_response'", "C:/Ruby192/lib/ruby/gems/1.9.1/gems/selenium-webdriver-2.31.0/lib/selenium/webdriver/remote/http/default.rb:66:in `request'", "C:/Ruby192/lib/ruby/gems/1.9.1/gems/selenium-webdriver-2.31.0/lib/selenium/webdriver/remote/http/common.rb:40:in `call'", "C:/Ruby192/lib/ruby/gems/1.9.1/gems/selenium-webdriver-2.31.0/lib/selenium/webdriver/remote/bridge.rb:616:in `raw_execute'", "C:/Ruby192/lib/ruby/gems/1.9.1/gems/selenium-webdriver-2.31.0/lib/selenium/webdriver/remote/bridge.rb:594:in `execute'", "C:/Ruby192/lib/ruby/gems/1.9.1/gems/selenium-webdriver-2.31.0/lib/selenium/webdriver/remote/bridge.rb:359:in `clickElement'", "C:/Ruby192/lib/ruby/gems/1.9.1/gems/selenium-webdriver-2.31.0/lib/selenium/webdriver/common/element.rb:54:in `click'", "C:/Ruby192/lib/ruby/gems/1.9.1/gems/watir-webdriver-0.6.1/lib/watir-webdriver/elements/select.rb:153:in `select_by_string'", "C:/Ruby192/lib/ruby/gems/1.9.1/gems/watir-webdriver-0.6.1/lib/watir-webdriver/elements/select.rb:129:in `select_by'", "C:/Ruby192/lib/ruby/gems/1.9.1/gems/watir-webdriver-0.6.1/lib/watir-webdriver/elements/select.rb:64:in `select'", "Test_72_Member_registration_UK.rb:207:in `test_04_member_signup_Focusline'", "C:/Ruby192/lib/ruby/1.9.1/minitest/unit.rb:695:in `run'", "C:/Ruby192/lib/ruby/1.9.1/minitest/unit.rb:656:in `block (2 levels) in run_test_suites'", "C:/Ruby192/lib/ruby/1.9.1/minitest/unit.rb:650:in `each'", "C:/Ruby192/lib/ruby/1.9.1/minitest/unit.rb:650:in `block in run_test_suites'", "C:/Ruby192/lib/ruby/1.9.1/minitest/unit.rb:649:in `each'", "C:/Ruby192/lib/ruby/1.9.1/minitest/unit.rb:649:in `run_test_suites'", "C:/Ruby192/lib/ruby/1.9.1/minitest/unit.rb:609:in `run'", "C:/Ruby192/lib/ruby/1.9.1/minitest/unit.rb:508:in `block in autorun'"]
.Started InternetExplorerDriver server (32-bit)
2.39.0.0
Listening on port 5555
Successful Login to Usampadmin
auto_test22.des2014-02-240427@mailop.com
M24618205
.auto_test.des2014-04-011033@mailop.com
.auto_test22.des2014-02-240427@mailop.com
.
Finished in 414.500291 seconds.

7 tests, 0 assertions, 0 failures, 0 errors, 0 skips

Test run options: --seed 53978
Loaded suite Test_73_Member_registration_Canada
Started
.test string
auto_test.des2014-04-011040@mailop.com
**** Waiting for surveys to load ****
.Started InternetExplorerDriver server (32-bit)
2.39.0.0
Listening on port 5555
Successful Login to Usampadmin
auto_test.des2014-04-011040@mailop.com
M24652805
."Saskatchewan" not found in select list
["C:/Ruby192/lib/ruby/gems/1.9.1/gems/watir-webdriver-0.6.1/lib/watir-webdriver/elements/select.rb:216:in `no_value_found'", "C:/Ruby192/lib/ruby/gems/1.9.1/gems/watir-webdriver-0.6.1/lib/watir-webdriver/elements/select.rb:150:in `rescue in select_by_string'", "C:/Ruby192/lib/ruby/gems/1.9.1/gems/watir-webdriver-0.6.1/lib/watir-webdriver/elements/select.rb:147:in `select_by_string'", "C:/Ruby192/lib/ruby/gems/1.9.1/gems/watir-webdriver-0.6.1/lib/watir-webdriver/elements/select.rb:129:in `select_by'", "C:/Ruby192/lib/ruby/gems/1.9.1/gems/watir-webdriver-0.6.1/lib/watir-webdriver/elements/select.rb:64:in `select'", "Test_73_Member_registration_Canada.rb:203:in `test_04_member_signup_Focusline'", "C:/Ruby192/lib/ruby/1.9.1/minitest/unit.rb:695:in `run'", "C:/Ruby192/lib/ruby/1.9.1/minitest/unit.rb:656:in `block (2 levels) in run_test_suites'", "C:/Ruby192/lib/ruby/1.9.1/minitest/unit.rb:650:in `each'", "C:/Ruby192/lib/ruby/1.9.1/minitest/unit.rb:650:in `block in run_test_suites'", "C:/Ruby192/lib/ruby/1.9.1/minitest/unit.rb:649:in `each'", "C:/Ruby192/lib/ruby/1.9.1/minitest/unit.rb:649:in `run_test_suites'", "C:/Ruby192/lib/ruby/1.9.1/minitest/unit.rb:609:in `run'", "C:/Ruby192/lib/ruby/1.9.1/minitest/unit.rb:508:in `block in autorun'"]
.Started InternetExplorerDriver server (32-bit)
2.39.0.0
Listening on port 5555
Successful Login to Usampadmin
auto_test22.des2014-02-240427@mailop.com
M24618205
.auto_test.des2014-04-011040@mailop.com
.auto_test22.des2014-02-240427@mailop.com
.
Finished in 419.156720 seconds.

7 tests, 0 assertions, 0 failures, 0 errors, 0 skips

Test run options: --seed 1300
Loaded suite Test_75_reward_based_on_publisher_cpi
Started
.Started InternetExplorerDriver server (32-bit)
2.39.0.0
Listening on port 5555
Successful Login to Usampadmin
26421
121577
.ESuccessful Login to ipoll site
Timeout::Error
["C:/Ruby192/lib/ruby/1.9.1/net/protocol.rb:140:in `rescue in rbuf_fill'", "C:/Ruby192/lib/ruby/1.9.1/net/protocol.rb:134:in `rbuf_fill'", "C:/Ruby192/lib/ruby/1.9.1/net/protocol.rb:116:in `readuntil'", "C:/Ruby192/lib/ruby/1.9.1/net/protocol.rb:126:in `readline'", "C:/Ruby192/lib/ruby/1.9.1/net/http.rb:2219:in `read_status_line'", "C:/Ruby192/lib/ruby/1.9.1/net/http.rb:2208:in `read_new'", "C:/Ruby192/lib/ruby/1.9.1/net/http.rb:1191:in `transport_request'", "C:/Ruby192/lib/ruby/1.9.1/net/http.rb:1177:in `request'", "C:/Ruby192/lib/ruby/1.9.1/net/http.rb:1170:in `block in request'", "C:/Ruby192/lib/ruby/1.9.1/net/http.rb:627:in `start'", "C:/Ruby192/lib/ruby/1.9.1/net/http.rb:1168:in `request'", "C:/Ruby192/lib/ruby/gems/1.9.1/gems/selenium-webdriver-2.31.0/lib/selenium/webdriver/remote/http/default.rb:83:in `response_for'", "C:/Ruby192/lib/ruby/gems/1.9.1/gems/selenium-webdriver-2.31.0/lib/selenium/webdriver/remote/http/default.rb:39:in `request'", "C:/Ruby192/lib/ruby/gems/1.9.1/gems/selenium-webdriver-2.31.0/lib/selenium/webdriver/remote/http/common.rb:40:in `call'", "C:/Ruby192/lib/ruby/gems/1.9.1/gems/selenium-webdriver-2.31.0/lib/selenium/webdriver/remote/bridge.rb:616:in `raw_execute'", "C:/Ruby192/lib/ruby/gems/1.9.1/gems/selenium-webdriver-2.31.0/lib/selenium/webdriver/remote/bridge.rb:594:in `execute'", "C:/Ruby192/lib/ruby/gems/1.9.1/gems/selenium-webdriver-2.31.0/lib/selenium/webdriver/remote/bridge.rb:505:in `getElementText'", "C:/Ruby192/lib/ruby/gems/1.9.1/gems/selenium-webdriver-2.31.0/lib/selenium/webdriver/common/element.rb:108:in `text'", "C:/Ruby192/lib/ruby/gems/1.9.1/gems/watir-webdriver-0.6.1/lib/watir-webdriver/browser.rb:97:in `text'", "Test_75_reward_based_on_publisher_cpi.rb:331:in `test_04_dashboard_version_2_reward_value_on_dashboard'", "C:/Ruby192/lib/ruby/1.9.1/minitest/unit.rb:695:in `run'", "C:/Ruby192/lib/ruby/1.9.1/minitest/unit.rb:656:in `block (2 levels) in run_test_suites'", "C:/Ruby192/lib/ruby/1.9.1/minitest/unit.rb:650:in `each'", "C:/Ruby192/lib/ruby/1.9.1/minitest/unit.rb:650:in `block in run_test_suites'", "C:/Ruby192/lib/ruby/1.9.1/minitest/unit.rb:649:in `each'", "C:/Ruby192/lib/ruby/1.9.1/minitest/unit.rb:649:in `run_test_suites'", "C:/Ruby192/lib/ruby/1.9.1/minitest/unit.rb:609:in `run'", "C:/Ruby192/lib/ruby/1.9.1/minitest/unit.rb:508:in `block in autorun'"]
.Started InternetExplorerDriver server (32-bit)
2.39.0.0
Listening on port 5555
Successful Login to Usampadmin
fifth
fifth
fifth
fifth
sixth
sixth
sixth
sixth
sixth
.
Finished in 483.862330 seconds.

  1) Error:
test_03_dashboard_version_1_reward_value_on_dashboard(Test_75_reward_based_on_publisher_cpi):
Selenium::WebDriver::Error::ElementNotVisibleError: Element is not currently visible and so may not be interacted with
    [remote server] file:///C:/DOCUME~1/ADMINI~1/LOCALS~1/Temp/2/webdriver-rb-profilecopy20140401-6196-18hq1a6/extensions/fxdriver@googlecode.com/components/command_processor.js:7567:in `unknown'
    [remote server] file:///C:/DOCUME~1/ADMINI~1/LOCALS~1/Temp/2/webdriver-rb-profilecopy20140401-6196-18hq1a6/extensions/fxdriver@googlecode.com/components/command_processor.js:10256:in `unknown'
    [remote server] file:///C:/DOCUME~1/ADMINI~1/LOCALS~1/Temp/2/webdriver-rb-profilecopy20140401-6196-18hq1a6/extensions/fxdriver@googlecode.com/components/command_processor.js:10275:in `unknown'
    [remote server] file:///C:/DOCUME~1/ADMINI~1/LOCALS~1/Temp/2/webdriver-rb-profilecopy20140401-6196-18hq1a6/extensions/fxdriver@googlecode.com/components/command_processor.js:10280:in `unknown'
    [remote server] file:///C:/DOCUME~1/ADMINI~1/LOCALS~1/Temp/2/webdriver-rb-profilecopy20140401-6196-18hq1a6/extensions/fxdriver@googlecode.com/components/command_processor.js:10220:in `unknown'
    C:/Ruby192/lib/ruby/gems/1.9.1/gems/selenium-webdriver-2.31.0/lib/selenium/webdriver/remote/response.rb:52:in `assert_ok'
    C:/Ruby192/lib/ruby/gems/1.9.1/gems/selenium-webdriver-2.31.0/lib/selenium/webdriver/remote/response.rb:15:in `initialize'
    C:/Ruby192/lib/ruby/gems/1.9.1/gems/selenium-webdriver-2.31.0/lib/selenium/webdriver/remote/http/common.rb:59:in `new'
    C:/Ruby192/lib/ruby/gems/1.9.1/gems/selenium-webdriver-2.31.0/lib/selenium/webdriver/remote/http/common.rb:59:in `create_response'
    C:/Ruby192/lib/ruby/gems/1.9.1/gems/selenium-webdriver-2.31.0/lib/selenium/webdriver/remote/http/default.rb:66:in `request'
    C:/Ruby192/lib/ruby/gems/1.9.1/gems/selenium-webdriver-2.31.0/lib/selenium/webdriver/remote/http/common.rb:40:in `call'
    C:/Ruby192/lib/ruby/gems/1.9.1/gems/selenium-webdriver-2.31.0/lib/selenium/webdriver/remote/bridge.rb:616:in `raw_execute'
    C:/Ruby192/lib/ruby/gems/1.9.1/gems/selenium-webdriver-2.31.0/lib/selenium/webdriver/remote/bridge.rb:594:in `execute'
    C:/Ruby192/lib/ruby/gems/1.9.1/gems/selenium-webdriver-2.31.0/lib/selenium/webdriver/remote/bridge.rb:413:in `clearElement'
    C:/Ruby192/lib/ruby/gems/1.9.1/gems/selenium-webdriver-2.31.0/lib/selenium/webdriver/common/element.rb:141:in `clear'
    C:/Ruby192/lib/ruby/gems/1.9.1/gems/watir-webdriver-0.6.1/lib/watir-webdriver/user_editable.rb:11:in `set'
    D:/IMPROVED_CODE_AAMIR/Usamp_lib.rb:164:in `Focusline_login'
    Test_75_reward_based_on_publisher_cpi.rb:197:in `test_03_dashboard_version_1_reward_value_on_dashboard'

5 tests, 0 assertions, 0 failures, 1 errors, 0 skips

Test run options: --seed 60472
Loaded suite Test_XX_Project_QG_status_change
Started
.26201
121155
Started InternetExplorerDriver server (32-bit)
2.39.0.0
Listening on port 5555
Successful Login to Usampadmin
PASS
PASS
PASS
PASS
.26201
121155
Started InternetExplorerDriver server (32-bit)
2.39.0.0
Listening on port 5556
Successful Login to Usampadmin
PASS
PASS
PASS
PASS
.
Finished in 327.012556 seconds.

3 tests, 0 assertions, 0 failures, 0 errors, 0 skips

Test run options: --seed 53013
Loaded suite Test_XX_Profiles_rewards_inactivate
Started
.2279
2217
Started InternetExplorerDriver server (32-bit)
2.39.0.0
Listening on port 5555
Successful Login to Usampadmin
FAIL
FAIL
.2090
2091
Started InternetExplorerDriver server (32-bit)
2.39.0.0
Listening on port 5555
Successful Login to Usampadmin
PASS
PASS
.
Finished in 102.410182 seconds.

3 tests, 0 assertions, 0 failures, 0 errors, 0 skips

Test run options: --seed 6686
Started InternetExplorerDriver server (32-bit)
2.39.0.0
Listening on port 5555
D:/IMPROVED_CODE_AAMIR/Output Repository/Non4S_Test_Report.html
***
<TD class=td3><FONT color=green>TEST PASSED</FONT></TD></TR>
***
1
***
***
<TD class=td3><FONT color=green>TEST PASSED</FONT></TD></TR>
***
2
***
***
<TD class=td3><FONT color=green>TEST PASSED</FONT></TD></TR>
***
3
***
***
<TD class=td3><FONT color=green>TEST PASSED</FONT></TD></TR>
***
4
***
***
<TD class=td3><FONT color=green>TEST PASSED</FONT></TD></TR>
***
5
***
***
<TD class=td3><FONT color=green>TEST PASSED</FONT></TD></TR>
***
6
***
***
<TD class=td3><FONT color=green>TEST PASSED</FONT></TD></TR>
***
7
***
***
<TD class=td3><FONT color=green>TEST PASSED</FONT></TD></TR>
***
8
***
***
<TD class=td3><FONT color=red>TEST FAILED</FONT></TD></TR>
***
1
***
***
<TD class=td3><FONT color=red>TEST FAILED</FONT></TD></TR>
***
2
***
***
<TD class=td3><FONT color=red>TEST FAILED</FONT></TD></TR>
***
3
***
***
<TD class=td3><FONT color=green>TEST PASSED</FONT></TD></TR>
***
9
***
***
<TD class=td3><FONT color=green>TEST PASSED</FONT></TD></TR>
***
10
***
***
<TD class=td3><FONT color=green>TEST PASSED</FONT></TD></TR>
***
11
***
***
<TD class=td3><FONT color=green>TEST PASSED</FONT></TD></TR>
***
12
***
***
<TD class=td3><FONT color=green>TEST PASSED</FONT></TD></TR>
***
13
***
***
<TD class=td3><FONT color=green>TEST PASSED</FONT></TD></TR>
***
14
***
***
<TD class=td3><FONT color=green>TEST PASSED</FONT></TD></TR>
***
15
***
***
<TD class=td3><FONT color=green>TEST PASSED</FONT></TD></TR>
***
16
***
***
<TD class=td3><FONT color=green>TEST PASSED</FONT></TD></TR>
***
17
***
***
<TD class=td3><FONT color=green>TEST PASSED</FONT></TD></TR>
***
18
***
***
<TD class=td3><FONT color=green>TEST PASSED</FONT></TD></TR>
***
19
***
***
<TD class=td3><FONT color=green>TEST PASSED</FONT></TD></TR>
***
20
***
***
<TD class=td3><FONT color=green>TEST PASSED</FONT></TD></TR>
***
21
***
***
<TD class=td3><FONT color=green>TEST PASSED</FONT></TD></TR>
***
22
***
***
<TD class=td3><FONT color=green>TEST PASSED</FONT></TD></TR>
***
23
***
***
<TD class=td3><FONT color=green>TEST PASSED</FONT></TD></TR>
***
24
***
***
<TD class=td3><FONT color=green>TEST PASSED</FONT></TD></TR>
***
25
***
***
<TD class=td3><FONT color=green>TEST PASSED</FONT></TD></TR>
***
26
***
***
<TD class=td3><FONT color=green>TEST PASSED</FONT></TD></TR>
***
27
***
***
<TD class=td3><FONT color=green>TEST PASSED</FONT></TD></TR>
***
28
***
***
<TD class=td3><FONT color=green>TEST PASSED</FONT></TD></TR>
***
29
***
***
<TD class=td3><FONT color=green>TEST PASSED</FONT></TD></TR>
***
30
***
***
<TD class=td3><FONT color=green>TEST PASSED</FONT></TD></TR>
***
31
***
***
<TD class=td3><FONT color=green>TEST PASSED</FONT></TD></TR>
***
32
***
***
<TD class=td3><FONT color=red>TEST FAILED</FONT></TD></TR>
***
4
***
***
<TD class=td3><FONT color=green>TEST PASSED</FONT></TD></TR>
***
33
***
***
<TD class=td3><FONT color=green>TEST PASSED</FONT></TD></TR>
***
34
***
***
<TD class=td3><FONT color=green>TEST PASSED</FONT></TD></TR>
***
35
***
***
<TD class=td3><FONT color=green>TEST PASSED</FONT></TD></TR>
***
36
***
***
<TD class=td3><FONT color=green>TEST PASSED</FONT></TD></TR>
***
37
***
***
<TD class=td3><FONT color=green>TEST PASSED</FONT></TD></TR>
***
38
***
***
<TD class=td3><FONT color=green>TEST PASSED</FONT></TD></TR>
***
39
***
***
<TD class=td3><FONT color=green>TEST PASSED</FONT></TD></TR>
***
40
***
***
<TD class=td3><FONT color=green>TEST PASSED</FONT></TD></TR>
***
41
***
***
<TD class=td3><FONT color=green>TEST PASSED</FONT></TD></TR>
***
42
***
***
<TD class=td3><FONT color=green>TEST PASSED</FONT></TD></TR>
***
43
***
***
<TD class=td3><FONT color=green>TEST PASSED</FONT></TD></TR>
***
44
***
***
<TD class=td3><FONT color=green>TEST PASSED</FONT></TD></TR>
***
45
***
***
<TD class=td3><FONT color=green>TEST PASSED</FONT></TD></TR>
***
46
***
***
<TD class=td3><FONT color=green>TEST PASSED</FONT></TD></TR>
***
47
***
***
<TD class=td3><FONT color=green>TEST PASSED</FONT></TD></TR>
***
48
***
***
<TD class=td3><FONT color=green>TEST PASSED</FONT></TD></TR>
***
49
***
***
<TD class=td3><FONT color=green>TEST PASSED</FONT></TD></TR>
***
50
***
***
<TD class=td3><FONT color=green>TEST PASSED</FONT></TD></TR>
***
51
***
***
<TD class=td3><FONT color=green>TEST PASSED</FONT></TD></TR>
***
52
***
***
<TD class=td3><FONT color=red>TEST FAILED</FONT></TD></TR>
***
5
***
***
<TD class=td3><FONT color=green>TEST PASSED</FONT></TD></TR>
***
53
***
***
<TD class=td3><FONT color=green>TEST PASSED</FONT></TD></TR>
***
54
***
***
<TD class=td3><FONT color=green>TEST PASSED</FONT></TD></TR>
***
55
***
***
<TD class=td3><FONT color=green>TEST PASSED</FONT></TD></TR>
***
56
***
***
<TD class=td3><FONT color=green>TEST PASSED</FONT></TD></TR>
***
57
***
***
<TD class=td3><FONT color=green>TEST PASSED</FONT></TD></TR>
***
58
***
***
<TD class=td3><FONT color=green>TEST PASSED</FONT></TD></TR>
***
59
***
***
<TD class=td3><FONT color=green>TEST PASSED</FONT></TD></TR>
***
60
***
***
<TD class=td3><FONT color=green>TEST PASSED</FONT></TD></TR>
***
61
***
***
<TD class=td3><FONT color=green>TEST PASSED</FONT></TD></TR>
***
62
***
***
<TD class=td3><FONT color=green>TEST PASSED</FONT></TD></TR>
***
63
***
***
<TD class=td3><FONT color=red>TEST FAILED</FONT></TD></TR>
***
6
***
***
<TD class=td3><FONT color=red>TEST FAILED</FONT></TD></TR>
***
7
***
***
<TD class=td3><FONT color=red>TEST FAILED</FONT></TD></TR>
***
8
***
***
<TD class=td3><FONT color=green>TEST PASSED</FONT></TD></TR>
***
64
***
***
<TD class=td3><FONT color=green>TEST PASSED</FONT></TD></TR>
***
65
***
***
<TD class=td3><FONT color=green>TEST PASSED</FONT></TD></TR>
***
66
***
***
<TD class=td3><FONT color=red>TEST FAILED</FONT></TD></TR>
***
9
***
***
<TD class=td3><FONT color=green>TEST PASSED</FONT></TD></TR>
***
67
***
***
<TD class=td3><FONT color=green>TEST PASSED</FONT></TD></TR>
***
68
***
***
<TD class=td3><FONT color=green>TEST PASSED</FONT></TD></TR>
***
69
***
***
<TD class=td3><FONT color=green>TEST PASSED</FONT></TD></TR>
***
70
***
***
<TD class=td3><FONT color=green>TEST PASSED</FONT></TD></TR>
***
71
***
***
<TD class=td3><FONT color=green>TEST PASSED</FONT></TD></TR>
***
72
***
***
<TD class=td3><FONT color=green>TEST PASSED</FONT></TD></TR>
***
73
***
***
<TD class=td3><FONT color=green>TEST PASSED</FONT></TD></TR>
***
74
***
***
<TD class=td3><FONT color=green>TEST PASSED</FONT></TD></TR>
***
75
***
***
<TD class=td3><FONT color=green>TEST PASSED</FONT></TD></TR>
***
76
***
***
<TD class=td3><FONT color=green>TEST PASSED</FONT></TD></TR>
***
77
***
***
<TD class=td3><FONT color=green>TEST PASSED</FONT></TD></TR>
***
78
***
***
<TD class=td3><FONT color=green>TEST PASSED</FONT></TD></TR>
***
79
***
***
<TD class=td3><FONT color=green>TEST PASSED</FONT></TD></TR>
***
80
***
***
<TD class=td3><FONT color=green>TEST PASSED</FONT></TD></TR>
***
81
***
***
<TD class=td3><FONT color=green>TEST PASSED</FONT></TD></TR>
***
82
***
***
<TD class=td3><FONT color=red>TEST FAILED</FONT></TD></TR>
***
10
***
***
<TD class=td3><FONT color=green>TEST PASSED</FONT></TD></TR>
***
83
***
***
<TD class=td3><FONT color=green>TEST PASSED</FONT></TD></TR>
***
84
***
***
<TD class=td3><FONT color=red>TEST FAILED</FONT></TD></TR>
***
11
***
***
<TD class=td3><FONT color=green>TEST PASSED</FONT></TD></TR>
***
85
***
***
<TD class=td3><FONT color=green>TEST PASSED</FONT></TD></TR>
***
86
***
***
<TD class=td3><FONT color=green>TEST PASSED</FONT></TD></TR>
***
87
***
***
<TD class=td3><FONT color=green>TEST PASSED</FONT></TD></TR>
***
88
***
***
<TD class=td3><FONT color=green>TEST PASSED</FONT></TD></TR>
***
89
***
***
<TD class=td3><FONT color=green>TEST PASSED</FONT></TD></TR>
***
90
***
***
<TD class=td3><FONT color=red>TEST FAILED</FONT></TD></TR>
***
12
***
***
<TD class=td3><FONT color=green>TEST PASSED</FONT></TD></TR>
***
91
***
***
<TD class=td3><FONT color=green>TEST PASSED</FONT></TD></TR>
***
92
***
***
<TD class=td3><FONT color=green>TEST PASSED</FONT></TD></TR>
***
93
***
***
<TD class=td3><FONT color=red>TEST FAILED</FONT></TD></TR>
***
13
***
***
<TD class=td3><FONT color=green>TEST PASSED</FONT></TD></TR>
***
94
***
***
<TD class=td3><FONT color=green>TEST PASSED</FONT></TD></TR>
***
95
***
***
<TD class=td3><FONT color=red>TEST FAILED</FONT></TD></TR>
***
14
***
***
<TD class=td3><FONT color=green>TEST PASSED</FONT></TD></TR>
***
96
***
***
<TD class=td3><FONT color=green>TEST PASSED</FONT></TD></TR>
***
97
***
***
<TD class=td3><FONT color=green>TEST PASSED</FONT></TD></TR>
***
98
***
***
<TD class=td3><FONT color=green>TEST PASSED</FONT></TD></TR>
***
99
***
***
<TD class=td3><FONT color=green>TEST PASSED</FONT></TD></TR>
***
100
***
***
<TD class=td3><FONT color=red>TEST FAILED</FONT></TD></TR>
***
15
***
***
<TD class=td3><FONT color=green>TEST PASSED</FONT></TD></TR>
***
101
***
***
<TD class=td3><FONT color=red>TEST FAILED</FONT></TD></TR>
***
16
***
***
<TD class=td3><FONT color=green>TEST PASSED</FONT></TD></TR>
***
102
***
***
<TD class=td3><FONT color=green>TEST PASSED</FONT></TD></TR>
***
103
***
***
<TD class=td3><FONT color=red>TEST FAILED</FONT></TD></TR>
***
17
***
***
<TD class=td3><FONT color=green>TEST PASSED</FONT></TD></TR>
***
104
***
***
<TD class=td3><FONT color=green>TEST PASSED</FONT></TD></TR>
***
105
***
***
<TD class=td3><FONT color=green>TEST PASSED</FONT></TD></TR>
***
106
***
***
<TD class=td3><FONT color=green>TEST PASSED</FONT></TD></TR>
***
107
***
***
<TD class=td3><FONT color=green>TEST PASSED</FONT></TD></TR>
***
108
***
***
<TD class=td3><FONT color=green>TEST PASSED</FONT></TD></TR>
***
109
***
***
<TD class=td3><FONT color=green>TEST PASSED</FONT></TD></TR>
***
110
***
***
<TD class=td3><FONT color=green>TEST PASSED</FONT></TD></TR>
***
111
***
***
<TD class=td3><FONT color=green>TEST PASSED</FONT></TD></TR>
***
112
***
***
<TD class=td3><FONT color=green>TEST PASSED</FONT></TD></TR>
***
113
***
***
<TD class=td3><FONT color=green>TEST PASSED</FONT></TD></TR>
***
114
***
***
<TD class=td3><FONT color=green>TEST PASSED</FONT></TD></TR>
***
115
***
***
<TD class=td3><FONT color=green>TEST PASSED</FONT></TD></TR>
***
116
***
***
<TD class=td3><FONT color=green>TEST PASSED</FONT></TD></TR>
***
117
***
***
<TD class=td3><FONT color=green>TEST PASSED</FONT></TD></TR>
***
118
***
***
<TD class=td3><FONT color=green>TEST PASSED</FONT></TD></TR>
***
119
***
***
<TD class=td3><FONT color=green>TEST PASSED</FONT></TD></TR>
***
120
***
***
<TD class=td3><FONT color=green>TEST PASSED</FONT></TD></TR>
***
121
***
***
<TD class=td3><FONT color=red>TEST FAILED(Mail sending taking too long)</FONT></TD></TR>
***
***
<TD class=td3><FONT color=red>TEST FAILED(Mail sending taking too long)</FONT></TD></TR>
***
***
<TD class=td3><FONT color=green>TEST PASSED</FONT></TD></TR>
***
122
***
***
<TD class=td3><FONT color=green>TEST PASSED</FONT></TD></TR>
***
123
***
***
<TD class=td3><FONT color=green>TEST PASSED</FONT></TD></TR>
***
124
***
***
<TD class=td3><FONT color=green>TEST PASSED</FONT></TD></TR>
***
125
***
***
<TD class=td3><FONT color=green>TEST PASSED</FONT></TD></TR>
***
126
***
***
<TD class=td3><FONT color=green>TEST PASSED</FONT></TD></TR>
***
127
***
***
<TD class=td3><FONT color=green>TEST PASSED</FONT></TD></TR>
***
128
***
***
<TD class=td3><FONT color=green>TEST PASSED</FONT></TD></TR>
***
129
***
***
<TD class=td3><FONT color=green>TEST PASSED</FONT></TD></TR>
***
130
***
***
<TD class=td3><FONT color=red>TEST FAILED</FONT></TD></TR>
***
18
***
***
<TD class=td3><FONT color=red>TEST FAILED</FONT></TD></TR>
***
19
***
***
<TD class=td3><FONT color=green>TEST PASSED</FONT></TD></TR>
***
131
***
***
<TD class=td3><FONT color=green>TEST PASSED</FONT></TD></TR>
***
132
***
***
<TD class=td3><FONT color=red>TEST FAILED</FONT></TD></TR>
***
20
***
***
<TD class=td3><FONT color=green>TEST PASSED</FONT></TD></TR>
***
133
***
***
<TD class=td3><FONT color=green>TEST PASSED</FONT></TD></TR>
***
134
***
***
<TD class=td3><FONT color=green>TEST PASSED</FONT></TD></TR>
***
135
***
***
<TD class=td3><FONT color=green>TEST PASSED</FONT></TD></TR>
***
136
***
***
<TD class=td3><FONT color=green>TEST PASSED</FONT></TD></TR>
***
137
***
***
<TD class=td3><FONT color=red>TEST FAILED</FONT></TD></TR>
***
21
***
***
<TD class=td3><FONT color=red>TEST FAILED(Mail taking too long)</FONT></TD></TR>
***
***
<TD class=td3><FONT color=green>TEST PASSED</FONT></TD></TR>
***
138
***
***
<TD class=td3><FONT color=green>TEST PASSED</FONT></TD></TR>
***
139
***
***
<TD class=td3><FONT color=green>TEST PASSED</FONT></TD></TR>
***
140
***
***
<TD class=td3><FONT color=green>TEST PASSED</FONT></TD></TR>
***
141
***
***
<TD class=td3><FONT color=green>TEST PASSED</FONT></TD></TR>
***
142
***
***
<TD class=td3><FONT color=green>TEST PASSED</FONT></TD></TR>
***
143
***
***
<TD class=td3><FONT color=red>TEST FAILED</FONT></TD></TR>
***
22
***
***
<TD class=td3><FONT color=red>TEST FAILED</FONT></TD></TR>
***
23
***
***
<TD class=td3><FONT color=green>TEST PASSED</FONT></TD></TR>
***
144
***
***
<TD class=td3><FONT color=green>TEST PASSED</FONT></TD></TR>
***
145
***
***
<TD class=td3><FONT color=green>TEST PASSED</FONT></TD></TR>
***
146
***
***
<TD class=td3><FONT color=red>TEST FAILED</FONT></TD></TR>
***
24
***
***
<TD class=td3><FONT color=red>TEST FAILED</FONT></TD></TR>
***
25
***
***
<TD class=td3><FONT color=green>TEST PASSED</FONT></TD></TR>
***
147
***
***
<TD class=td3><FONT color=green>TEST PASSED</FONT></TD></TR>
***
148
***
***
<TD class=td3><FONT color=green>TEST PASSED</FONT></TD></TR>
***
149
***
***
<TD class=td3><FONT color=green>TEST PASSED</FONT></TD></TR>
***
150
***
***
<TD class=td3><FONT color=green>TEST PASSED</FONT></TD></TR>
***
151
***
***
<TD class=td3><FONT color=green>TEST PASSED</FONT></TD></TR>
***
152
***
***
<TD class=td3><FONT color=green>TEST PASSED</FONT></TD></TR>
***
153
***
***
<TD class=td3><FONT color=green>TEST PASSED</FONT></TD></TR>
***
154
***
***
<TD class=td3><FONT color=red>TEST FAILED</FONT></TD></TR>
***
26
***
***
<TD class=td3><FONT color=red>TEST FAILED</FONT></TD></TR>
***
27
***
***
<TD class=td3><FONT color=green>TEST PASSED</FONT></TD></TR>
***
155
***
***
<TD class=td3><FONT color=green>TEST PASSED</FONT></TD></TR></TR></TBODY></TABLE></CENTER></CENTER></BODY></HTML>
***
156
***
***
<TD class=td3><FONT color=black>NOT COMPLETED SUCCESSFULY!{Please check the log for details}</FONT></TD></TR>
***
1
***
***
<TD class=td3><FONT color=black>NOT COMPLETED SUCCESSFULY!{Please check the log for details}</FONT></TD></TR>
***
2
***
***
<TD class=td3><FONT color=black>NOT COMPLETED SUCCESSFULY!{Please check the log for details}</FONT></TD></TR>
***
3
***
***
<TD class=td3><FONT color=black>NOT COMPLETED SUCCESSFULY!{Please check the log for details}</FONT></TD></TR>
***
4
***
***
<TD class=td3><FONT color=black>NOT COMPLETED SUCCESSFULY!{Please check the log for details}</FONT></TD></TR>
***
5
***
***
<TD class=td3><FONT color=black>NOT COMPLETED SUCCESSFULY!{Please check the log for details}</FONT></TD></TR>
***
6
***
***
<TD class=td3><FONT color=black>NOT COMPLETED SUCCESSFULY!{Please check the log for details}</FONT></TD></TR>
***
7
***
***
<TD class=td3><FONT color=black>NOT COMPLETED SUCCESSFULY!{Please check the log for details}</FONT></TD></TR>
***
8
***
***
<TD class=td3><FONT color=black>NOT COMPLETED SUCCESSFULY!{Please check the log for details}</FONT></TD></TR>
***
9
***
***
<TD class=td3><FONT color=black>NOT COMPLETED SUCCESSFULY!{Please check the log for details}</FONT></TD></TR>
***
10
***
***
<TD class=td3><FONT color=black>NOT COMPLETED SUCCESSFULY!{Please check the log for details}</FONT></TD></TR>
***
11
***
***
<TD class=td3><FONT color=black>NOT COMPLETED SUCCESSFULY!{Please check the log for details}</FONT></TD></TR>
***
12
***
***
<TD class=td3><FONT color=black>NOT COMPLETED SUCCESSFULY!{Please check the log for details}</FONT></TD></TR>
***
13
***
***
<TD class=td3><FONT color=black>NOT COMPLETED SUCCESSFULY!{Please check the log for details}</FONT></TD></TR>
***
14
***
***
<TD class=td3><FONT color=black>NOT COMPLETED SUCCESSFULY!{Please check the log for details}</FONT></TD></TR>
***
15
***
***
<TD class=td3><FONT color=black>NOT COMPLETED SUCCESSFULY!{Please check the log for details}</FONT></TD></TR>
***
16
***
***
<TD class=td3><FONT color=black>NOT COMPLETED SUCCESSFULY!{Please check the log for details}</FONT></TD></TR>
***
17
***
***
<TD class=td3><FONT color=black>NOT COMPLETED SUCCESSFULY!{Please check the log for details}</FONT></TD></TR>
***
18
***
***
<TD class=td3><FONT color=black>NOT COMPLETED SUCCESSFULY!{Please check the log for details}</FONT></TD></TR>
***
19
***
***
<TD class=td3><FONT color=black>NOT COMPLETED SUCCESSFULY!{Please check the log for details}</FONT></TD></TR>
***
20
***
***
<TD class=td3><FONT color=black>NOT COMPLETED SUCCESSFULY!{Please check the log for details}</FONT></TD></TR>
***
21
***
***
<TD class=td3><FONT color=black>NOT COMPLETED SUCCESSFULY!{Please check the log for details}</FONT></TD></TR>
***
22
***
***
<TD class=td3><FONT color=black>NOT COMPLETED SUCCESSFULY!{Please check the log for details}</FONT></TD></TR>
***
23
***
***
<TD class=td3><FONT color=black>NOT COMPLETED SUCCESSFULY!{Please check the log for details}</FONT></TD></TR>
***
24
***
***
<TD class=td3><FONT color=black>NOT COMPLETED SUCCESSFULY!{Please check the log for details}</FONT></TD></TR>
***
25
***
***
<TD class=td3><FONT color=black>NOT COMPLETED SUCCESSFULY!{Please check the log for details}</FONT></TD></TR>
***
26
***
***
<TD class=td3><FONT color=black>NOT COMPLETED SUCCESSFULY!{Please check the log for details}</FONT></TD></TR>
***
27
***
***
<TD class=td3><FONT color=black>NOT COMPLETED SUCCESSFULY!{Please check the log for details}</FONT></TD></TR>
***
28
***
***
<TD class=td3><FONT color=black>NOT COMPLETED SUCCESSFULY!{Please check the log for details}</FONT></TD></TR>
***
29
***
***
<TD class=td3><FONT color=black>NOT COMPLETED SUCCESSFULY!{Please check the log for details}</FONT></TD></TR>
***
30
***
***
<TD class=td3><FONT color=black>NOT COMPLETED SUCCESSFULY!{Please check the log for details}</FONT></TD></TR>
***
31
***
***
<TD class=td3><FONT color=black>NOT COMPLETED SUCCESSFULY!{Please check the log for details}</FONT></TD></TR>
***
32
***
***
<TD class=td3><FONT color=black>NOT COMPLETED SUCCESSFULY!{Please check the log for details}</FONT></TD></TR>
***
33
***
***
<TD class=td3><FONT color=black>NOT COMPLETED SUCCESSFULY!{Please check the log for details}</FONT></TD></TR>
***
34
***
***
<TD class=td3><FONT color=black>NOT COMPLETED SUCCESSFULY!{Please check the log for details}</FONT></TD></TR>
***
35
***
***
<TD class=td3><FONT color=black>NOT COMPLETED SUCCESSFULY!{Please check the log for details}</FONT></TD></TR>
***
36
***
***
<TD class=td3><FONT color=black>NOT COMPLETED SUCCESSFULY!{Please check the log for details}</FONT></TD></TR>
***
37
***
***
<TD class=td3><FONT color=black>NOT COMPLETED SUCCESSFULY!{Please check the log for details}</FONT></TD></TR>
***
38
***
***
<TD class=td3><FONT color=black>NOT COMPLETED SUCCESSFULY!{Please check the log for details}</FONT></TD></TR>
***
39
***
***
<TD class=td3><FONT color=black>NOT COMPLETED SUCCESSFULY!{Please check the log for details}</FONT></TD></TR>
***
40
***
***
<TD class=td3><FONT color=black>NOT COMPLETED SUCCESSFULY!{Please check the log for details}</FONT></TD></TR>
***
41
***
***
<TD class=td3><FONT color=black>NOT COMPLETED SUCCESSFULY!{Please check the log for details}</FONT></TD></TR>
***
42
***
***
<TD class=td3><FONT color=black>NOT COMPLETED SUCCESSFULY!{Please check the log for details}</FONT></TD></TR>
***
43
***
***
<TD class=td3><FONT color=black>NOT COMPLETED SUCCESSFULY!{Please check the log for details}</FONT></TD></TR>
***
44
***
***
<TD class=td3><FONT color=black>NOT COMPLETED SUCCESSFULY!{Please check the log for details}</FONT></TD></TR>
***
45
***
***
<TD class=td3><FONT color=black>NOT COMPLETED SUCCESSFULY!{Please check the log for details}</FONT></TD></TR>
***
46
***
***
<TD class=td3><FONT color=black>NOT COMPLETED SUCCESSFULY!{Please check the log for details}</FONT></TD></TR>
***
47
***
***
<TD class=td3><FONT color=black>NOT COMPLETED SUCCESSFULY!{Please check the log for details}</FONT></TD></TR>
***
48
***
***
<TD class=td3><FONT color=black>NOT COMPLETED SUCCESSFULY!{Please check the log for details}</FONT></TD></TR>
***
49
***
***
<TD class=td3><FONT color=black>NOT COMPLETED SUCCESSFULY!{Please check the log for details}</FONT></TD></TR>
***
50
***
***
<TD class=td3><FONT color=black>NOT COMPLETED SUCCESSFULY!{Please check the log for details}</FONT></TD></TR>
***
51
***
***
<TD class=td3><FONT color=black>NOT COMPLETED SUCCESSFULY!{Please check the log for details}</FONT></TD></TR>
***
52
***
***
<TD class=td3><FONT color=black>NOT COMPLETED SUCCESSFULY!{Please check the log for details}</FONT></TD></TR>
***
53
***
156
27
53
Loaded suite IM_Suite
Started

Finished in 0.000000 seconds.

0 tests, 0 assertions, 0 failures, 0 errors, 0 skips

Test run options: --seed 17905
